# Ion number density
# The last    3 ion types are fixed
# Average over 405977 steps
# z (au)        total        A            Im1          Im2          Im3          N            C            Me           C1           C2           P
0.297445870 0.049345658 0.000000000 0.000000000 0.000000000 0.000000000 0.000000000 0.000000000 0.000000000 0.000000000 0.000000000 0.049345658
0.892337611 0.000000000 0.000000000 0.000000000 0.000000000 0.000000000 0.000000000 0.000000000 0.000000000 0.000000000 0.000000000 0.000000000
1.487229352 0.000000000 0.000000000 0.000000000 0.000000000 0.000000000 0.000000000 0.000000000 0.000000000 0.000000000 0.000000000 0.000000000
2.082121093 0.000000000 0.000000000 0.000000000 0.000000000 0.000000000 0.000000000 0.000000000 0.000000000 0.000000000 0.000000000 0.000000000
2.677012834 0.000000000 0.000000000 0.000000000 0.000000000 0.000000000 0.000000000 0.000000000 0.000000000 0.000000000 0.000000000 0.000000000
3.271904575 0.000000000 0.000000000 0.000000000 0.000000000 0.000000000 0.000000000 0.000000000 0.000000000 0.000000000 0.000000000 0.000000000
3.866796316 0.001727098 0.000000000 0.000000000 0.000000000 0.000000000 0.000000000 0.000000000 0.000000000 0.001727098 0.000000000 0.000000000
4.461688056 0.009623141 0.000000000 0.000000000 0.000000000 0.000000000 0.000000738 0.000000000 0.000000000 0.009622403 0.000000000 0.000000000
5.056579797 0.008670788 0.000000000 0.000000000 0.000002893 0.000000000 0.000031581 0.000000030 0.000000795 0.008635490 0.000000000 0.000000000
5.651471538 0.009710945 0.000000000 0.000000000 0.000033553 0.000000274 0.000232436 0.000032959 0.000036050 0.009375675 0.000000000 0.000000000
6.246363279 0.010356368 0.000001504 0.000000853 0.000095991 0.000020344 0.000458784 0.000370647 0.000279297 0.009128947 0.000000000 0.000000000
6.841255020 0.013192938 0.000057764 0.000019483 0.000116145 0.000136905 0.000374160 0.000410757 0.000481493 0.011596230 0.000000000 0.000000000
7.436146761 0.010659532 0.000161593 0.000055658 0.000095743 0.000223849 0.000247498 0.000375431 0.000370813 0.009128947 0.000000000 0.000000000
8.031038502 0.010328429 0.000061336 0.000086847 0.000054192 0.000188481 0.000182746 0.000322654 0.000303226 0.009128947 0.000000000 0.000000000
8.625930242 0.009040808 0.000021928 0.000107604 0.000026893 0.000114024 0.000158744 0.000259476 0.000210105 0.008142034 0.000000000 0.000000000
9.220821983 0.011631128 0.000024172 0.000107877 0.000016359 0.000070046 0.000189380 0.000188174 0.000179075 0.010856045 0.000000000 0.000000000
9.815713724 0.007853782 0.000028086 0.000064596 0.000010085 0.000053699 0.000198365 0.000149121 0.000194709 0.007155120 0.000000000 0.000000000
10.410605465 0.008531681 0.000032158 0.000027029 0.000005397 0.000080157 0.000140203 0.000132295 0.000219137 0.007895305 0.000000000 0.000000000
11.005497206 0.008545642 0.000034116 0.000034853 0.000004132 0.000118122 0.000102985 0.000138136 0.000217993 0.007895305 0.000000000 0.000000000
11.600388947 0.007552323 0.000032867 0.000063191 0.000006300 0.000102130 0.000105100 0.000166255 0.000168089 0.006908392 0.000000000 0.000000000
12.195280688 0.010957248 0.000049127 0.000083142 0.000013043 0.000052407 0.000132377 0.000151335 0.000113229 0.010362588 0.000000000 0.000000000
12.790172429 0.010495838 0.000118747 0.000100486 0.000027866 0.000022840 0.000154936 0.000095786 0.000106045 0.009869132 0.000000000 0.000000000
13.385064169 0.009869322 0.000241578 0.000098383 0.000045520 0.000014270 0.000164100 0.000074370 0.000102154 0.009128947 0.000000000 0.000000000
13.979955910 0.009460620 0.000299524 0.000081071 0.000065364 0.000019403 0.000169598 0.000087135 0.000103035 0.008635490 0.000000000 0.000000000
14.574847651 0.007296360 0.000277275 0.000090161 0.000120723 0.000046805 0.000153187 0.000120041 0.000073233 0.006414936 0.000000000 0.000000000
15.169739392 0.007896217 0.000188822 0.000148920 0.000199725 0.000095130 0.000144151 0.000156100 0.000054977 0.006908392 0.000000000 0.000000000
15.764631133 0.010478046 0.000071551 0.000245954 0.000210457 0.000132753 0.000172315 0.000187263 0.000082078 0.009375675 0.000000000 0.000000000
16.359522874 0.009478726 0.000019489 0.000202162 0.000172402 0.000131201 0.000210719 0.000199098 0.000154893 0.008388762 0.000000000 0.000000000
16.954414615 0.008573051 0.000015632 0.000199948 0.000163080 0.000106528 0.000222459 0.000232389 0.000231167 0.007401849 0.000000000 0.000000000
17.549306355 0.006658055 0.000087894 0.000179794 0.000152126 0.000100524 0.000198621 0.000227165 0.000283908 0.005428022 0.000000000 0.000000000
18.144198096 0.009979516 0.000217736 0.000168600 0.000198410 0.000089188 0.000179774 0.000190553 0.000299765 0.008635490 0.000000000 0.000000000
18.739089837 0.007900235 0.000222791 0.000216101 0.000322691 0.000079614 0.000169843 0.000153872 0.000320388 0.006414936 0.000000000 0.000000000
19.333981578 0.009622133 0.000139553 0.000138597 0.000393461 0.000065199 0.000187047 0.000191172 0.000365071 0.008142034 0.000000000 0.000000000
19.928873319 0.006401542 0.000112217 0.000063427 0.000304208 0.000053666 0.000211686 0.000327324 0.000394449 0.004934566 0.000000000 0.000000000
20.523765060 0.009064734 0.000105201 0.000038240 0.000190273 0.000065983 0.000249743 0.000398789 0.000367929 0.007648577 0.000000000 0.000000000
21.118656801 0.008497914 0.000132373 0.000031145 0.000146418 0.000084216 0.000275775 0.000316129 0.000356738 0.007155120 0.000000000 0.000000000
21.713548541 0.006296704 0.000221677 0.000026290 0.000125303 0.000129878 0.000240700 0.000282932 0.000335360 0.004934566 0.000000000 0.000000000
22.308440282 0.007895402 0.000274977 0.000050307 0.000117039 0.000245998 0.000205625 0.000321584 0.000264935 0.006414936 0.000000000 0.000000000
22.903332023 0.006751576 0.000234699 0.000147090 0.000124999 0.000307900 0.000233815 0.000330101 0.000191677 0.005181294 0.000000000 0.000000000
23.498223764 0.009792629 0.000237623 0.000264655 0.000133284 0.000293551 0.000313182 0.000247818 0.000160483 0.008142034 0.000000000 0.000000000
24.093115505 0.005197566 0.000223360 0.000275328 0.000110892 0.000195649 0.000350743 0.000185893 0.000154775 0.003700924 0.000000000 0.000000000
24.688007246 0.009611467 0.000134326 0.000199106 0.000085967 0.000142291 0.000332515 0.000161338 0.000167161 0.008388762 0.000000000 0.000000000
25.282898987 0.008792338 0.000070873 0.000176677 0.000065734 0.000127366 0.000328553 0.000204871 0.000169688 0.007648577 0.000000000 0.000000000
25.877790727 0.007337941 0.000075490 0.000187358 0.000052541 0.000121466 0.000311259 0.000266133 0.000155486 0.006168207 0.000000000 0.000000000
26.472682468 0.008383031 0.000127719 0.000164831 0.000068042 0.000126342 0.000263241 0.000306394 0.000171341 0.007155120 0.000000000 0.000000000
27.067574209 0.008740309 0.000162829 0.000178057 0.000150199 0.000130861 0.000233928 0.000261040 0.000221548 0.007401849 0.000000000 0.000000000
27.662465950 0.006792212 0.000142523 0.000243171 0.000177192 0.000121480 0.000216108 0.000214397 0.000249318 0.005428022 0.000000000 0.000000000
28.257357691 0.005988336 0.000127013 0.000205964 0.000147245 0.000159445 0.000213096 0.000191821 0.000255915 0.004687838 0.000000000 0.000000000
28.852249432 0.008545341 0.000142899 0.000165084 0.000151996 0.000239704 0.000203435 0.000211824 0.000275279 0.007155120 0.000000000 0.000000000
29.447141173 0.007143395 0.000156745 0.000139159 0.000185002 0.000275322 0.000202728 0.000222138 0.000287550 0.005674751 0.000000000 0.000000000
30.042032913 0.005808377 0.000216024 0.000136030 0.000224349 0.000250332 0.000229974 0.000266637 0.000290650 0.004194381 0.000000000 0.000000000
30.636924654 0.007087674 0.000205580 0.000165858 0.000236518 0.000199965 0.000264689 0.000289786 0.000297256 0.005428022 0.000000000 0.000000000
31.231816395 0.008308888 0.000191615 0.000171262 0.000202152 0.000176505 0.000308183 0.000289586 0.000307921 0.006661664 0.000000000 0.000000000
31.826708136 0.006156126 0.000201579 0.000163013 0.000181648 0.000197450 0.000367403 0.000302975 0.000300949 0.004441109 0.000000000 0.000000000
32.421599877 0.007454267 0.000219764 0.000181927 0.000166099 0.000193468 0.000401833 0.000308155 0.000308270 0.005674751 0.000000000 0.000000000
33.016491618 0.006992324 0.000246931 0.000201624 0.000158173 0.000204781 0.000366371 0.000335689 0.000297460 0.005181294 0.000000000 0.000000000
33.611383359 0.008019555 0.000236471 0.000175247 0.000161352 0.000274170 0.000315080 0.000400257 0.000288771 0.006168207 0.000000000 0.000000000
34.206275099 0.005025367 0.000215554 0.000152857 0.000181054 0.000295417 0.000295585 0.000404371 0.000273063 0.003207468 0.000000000 0.000000000
34.801166840 0.007143131 0.000221864 0.000137987 0.000200589 0.000229178 0.000315605 0.000336717 0.000273170 0.005428022 0.000000000 0.000000000
35.396058581 0.008234049 0.000228659 0.000148713 0.000196082 0.000157192 0.000303508 0.000261203 0.000277028 0.006661664 0.000000000 0.000000000
35.990950322 0.006668095 0.000188245 0.000144608 0.000183422 0.000128138 0.000289370 0.000229730 0.000323289 0.005181294 0.000000000 0.000000000
36.585842063 0.006173815 0.000118138 0.000127972 0.000153391 0.000128040 0.000315604 0.000228907 0.000413927 0.004687838 0.000000000 0.000000000
37.180733804 0.008563653 0.000075357 0.000152102 0.000134938 0.000153449 0.000356512 0.000311529 0.000471374 0.006908392 0.000000000 0.000000000
37.775625545 0.008059082 0.000073001 0.000236153 0.000124188 0.000188322 0.000377283 0.000454047 0.000437881 0.006168207 0.000000000 0.000000000
38.370517286 0.008818943 0.000084590 0.000298197 0.000129623 0.000194835 0.000359526 0.000472532 0.000371249 0.006908392 0.000000000 0.000000000
38.965409026 0.007302718 0.000142408 0.000274970 0.000149738 0.000176557 0.000351136 0.000420199 0.000359687 0.005428022 0.000000000 0.000000000
39.560300767 0.004536792 0.000155314 0.000231265 0.000167042 0.000150750 0.000360119 0.000383282 0.000375011 0.002714011 0.000000000 0.000000000
40.155192508 0.008471540 0.000172435 0.000209471 0.000184337 0.000147109 0.000353446 0.000376004 0.000367075 0.006661664 0.000000000 0.000000000
40.750084249 0.005763163 0.000250778 0.000180589 0.000187334 0.000129651 0.000350428 0.000372654 0.000344076 0.003947653 0.000000000 0.000000000
41.344975990 0.008883790 0.000286917 0.000146845 0.000175281 0.000125514 0.000323697 0.000329459 0.000340956 0.007155120 0.000000000 0.000000000
41.939867731 0.006312656 0.000263694 0.000111687 0.000181504 0.000121741 0.000305495 0.000280313 0.000360385 0.004687838 0.000000000 0.000000000
42.534759472 0.008238485 0.000215354 0.000091148 0.000192165 0.000099511 0.000314988 0.000276511 0.000387144 0.006661664 0.000000000 0.000000000
43.129651212 0.004976454 0.000138747 0.000076918 0.000176217 0.000081172 0.000338807 0.000331127 0.000379270 0.003454196 0.000000000 0.000000000
43.724542953 0.007199551 0.000094708 0.000069733 0.000132474 0.000074856 0.000369910 0.000416508 0.000366610 0.005674751 0.000000000 0.000000000
44.319434694 0.005569316 0.000087397 0.000074071 0.000105439 0.000089459 0.000409785 0.000457827 0.000397685 0.003947653 0.000000000 0.000000000
44.914326435 0.005513472 0.000119958 0.000071184 0.000098172 0.000114612 0.000391516 0.000385288 0.000385090 0.003947653 0.000000000 0.000000000
45.509218176 0.007414173 0.000197761 0.000072099 0.000090370 0.000125820 0.000360293 0.000328767 0.000317583 0.005921479 0.000000000 0.000000000
46.104109917 0.007911504 0.000213238 0.000073767 0.000090634 0.000118379 0.000367217 0.000325421 0.000307912 0.006414936 0.000000000 0.000000000
46.699001658 0.008346366 0.000119640 0.000072095 0.000083954 0.000109970 0.000363084 0.000345577 0.000343653 0.006908392 0.000000000 0.000000000
47.293893398 0.005603734 0.000062318 0.000079080 0.000072562 0.000109305 0.000339546 0.000354768 0.000391775 0.004194381 0.000000000 0.000000000
47.888785139 0.006539276 0.000058670 0.000075995 0.000068028 0.000101855 0.000329548 0.000333490 0.000390397 0.005181294 0.000000000 0.000000000
48.483676880 0.008669888 0.000060985 0.000058812 0.000069836 0.000094373 0.000309366 0.000328495 0.000346171 0.007401849 0.000000000 0.000000000
49.078568621 0.006773934 0.000067022 0.000070996 0.000081125 0.000111511 0.000306630 0.000350604 0.000358026 0.005428022 0.000000000 0.000000000
49.673460362 0.007158491 0.000068954 0.000093510 0.000086803 0.000116994 0.000340087 0.000370979 0.000406414 0.005674751 0.000000000 0.000000000
50.268352103 0.005306329 0.000065395 0.000110014 0.000095943 0.000102371 0.000394095 0.000427839 0.000409748 0.003700924 0.000000000 0.000000000
50.863243844 0.009320668 0.000059170 0.000115230 0.000109019 0.000101911 0.000453858 0.000467457 0.000365445 0.007648577 0.000000000 0.000000000
51.458135584 0.006593229 0.000068445 0.000128715 0.000129663 0.000140990 0.000469367 0.000360326 0.000361158 0.004934566 0.000000000 0.000000000
52.053027325 0.007200919 0.000069265 0.000158212 0.000164134 0.000225357 0.000437284 0.000390066 0.000328578 0.005428022 0.000000000 0.000000000
52.647919066 0.008894270 0.000066644 0.000191822 0.000202881 0.000226367 0.000442609 0.000345189 0.000263637 0.007155120 0.000000000 0.000000000
53.242810807 0.006916140 0.000056570 0.000207123 0.000181739 0.000162222 0.000352529 0.000275194 0.000252742 0.005428022 0.000000000 0.000000000
53.837702548 0.007284922 0.000054746 0.000177169 0.000146871 0.000124425 0.000296993 0.000292382 0.000270858 0.005921479 0.000000000 0.000000000
54.432594289 0.011725486 0.000065822 0.000160041 0.000124816 0.000097517 0.000289274 0.000327520 0.000297906 0.010362588 0.000000000 0.000000000
55.027486030 0.010260561 0.000075488 0.000151917 0.000123491 0.000092562 0.000291807 0.000330903 0.000312175 0.008882219 0.000000000 0.000000000
55.622377770 0.007788501 0.000082006 0.000153512 0.000118163 0.000090993 0.000296615 0.000316243 0.000316032 0.006414936 0.000000000 0.000000000
56.217269511 0.009246851 0.000087435 0.000175473 0.000116997 0.000084697 0.000303941 0.000297148 0.000285854 0.007895305 0.000000000 0.000000000
56.812161252 0.011860887 0.000096165 0.000154750 0.000110711 0.000067608 0.000290439 0.000269450 0.000262447 0.010609317 0.000000000 0.000000000
57.407052993 0.009386563 0.000137549 0.000110775 0.000115168 0.000059946 0.000315007 0.000252462 0.000253623 0.008142034 0.000000000 0.000000000
58.001944734 0.009254210 0.000217181 0.000077888 0.000121016 0.000053866 0.000354646 0.000269162 0.000265146 0.007895305 0.000000000 0.000000000
58.596836475 0.006922182 0.000242481 0.000066188 0.000124336 0.000055501 0.000406179 0.000302676 0.000296799 0.005428022 0.000000000 0.000000000
59.191728216 0.010362595 0.000166740 0.000057847 0.000118355 0.000059912 0.000414717 0.000335086 0.000327719 0.008882219 0.000000000 0.000000000
59.786619956 0.007890409 0.000130635 0.000063716 0.000106675 0.000063819 0.000394024 0.000370414 0.000346190 0.006414936 0.000000000 0.000000000
60.381511697 0.006484239 0.000119620 0.000067400 0.000108279 0.000074391 0.000360738 0.000431162 0.000388082 0.004934566 0.000000000 0.000000000
60.976403438 0.009312264 0.000118498 0.000075466 0.000111045 0.000092617 0.000337959 0.000470919 0.000457183 0.007648577 0.000000000 0.000000000
61.571295179 0.007705248 0.000126588 0.000090056 0.000105363 0.000106353 0.000341447 0.000466714 0.000547248 0.005921479 0.000000000 0.000000000
62.166186920 0.009469153 0.000118956 0.000090342 0.000100112 0.000100027 0.000357886 0.000447925 0.000605328 0.007648577 0.000000000 0.000000000
62.761078661 0.008047683 0.000088426 0.000096373 0.000088354 0.000090071 0.000384164 0.000481069 0.000651018 0.006168207 0.000000000 0.000000000
63.355970402 0.011181196 0.000079833 0.000086842 0.000077411 0.000086920 0.000424688 0.000496895 0.000552932 0.009375675 0.000000000 0.000000000
63.950862143 0.009008285 0.000069309 0.000076482 0.000063404 0.000094385 0.000445518 0.000413919 0.000443419 0.007401849 0.000000000 0.000000000
64.545753883 0.005640346 0.000066922 0.000075387 0.000050589 0.000082587 0.000389411 0.000402988 0.000378082 0.004194381 0.000000000 0.000000000
65.140645624 0.007548463 0.000058507 0.000071953 0.000042408 0.000075064 0.000388673 0.000392631 0.000351020 0.006168207 0.000000000 0.000000000
65.735537365 0.008748511 0.000054731 0.000057626 0.000037675 0.000075872 0.000403329 0.000379398 0.000338031 0.007401849 0.000000000 0.000000000
66.330429106 0.007024144 0.000058628 0.000056224 0.000037052 0.000077006 0.000413882 0.000369355 0.000337246 0.005674751 0.000000000 0.000000000
66.925320847 0.008523001 0.000056873 0.000062041 0.000041327 0.000076307 0.000424436 0.000362030 0.000344865 0.007155120 0.000000000 0.000000000
67.520212588 0.009064178 0.000056947 0.000072282 0.000046512 0.000076513 0.000431664 0.000378287 0.000353396 0.007648577 0.000000000 0.000000000
68.115104329 0.010632486 0.000060320 0.000073784 0.000044502 0.000082149 0.000442631 0.000397099 0.000403054 0.009128947 0.000000000 0.000000000
68.709996069 0.007419002 0.000085099 0.000077378 0.000047798 0.000086642 0.000461458 0.000423142 0.000562732 0.005674751 0.000000000 0.000000000
69.304887810 0.008116618 0.000090438 0.000068343 0.000057905 0.000089121 0.000483459 0.000486244 0.000426173 0.006414936 0.000000000 0.000000000
69.899779551 0.008581371 0.000079305 0.000066418 0.000064082 0.000089392 0.000511553 0.000646983 0.000461974 0.006661664 0.000000000 0.000000000
70.494671292 0.007351932 0.000050514 0.000061609 0.000068967 0.000089036 0.000563033 0.000527683 0.000563068 0.005428022 0.000000000 0.000000000
71.089563033 0.008872039 0.000035628 0.000055363 0.000070551 0.000088246 0.000591145 0.000515614 0.000607099 0.006908392 0.000000000 0.000000000
71.684454774 0.010979789 0.000027081 0.000058379 0.000068792 0.000093021 0.000499407 0.000553982 0.000550179 0.009128947 0.000000000 0.000000000
72.279346515 0.005215084 0.000021830 0.000056612 0.000071528 0.000086699 0.000472541 0.000559664 0.000492014 0.003454196 0.000000000 0.000000000
72.874238255 0.008378092 0.000021421 0.000059156 0.000073428 0.000081460 0.000489635 0.000537207 0.000454121 0.006661664 0.000000000 0.000000000
73.469129996 0.007363297 0.000023015 0.000059402 0.000064139 0.000080090 0.000488272 0.000527353 0.000446274 0.005674751 0.000000000 0.000000000
74.064021737 0.009543226 0.000024108 0.000070208 0.000060257 0.000076147 0.000474757 0.000491426 0.000451018 0.007895305 0.000000000 0.000000000
74.658913478 0.007581209 0.000029717 0.000075626 0.000065256 0.000077811 0.000490253 0.000437919 0.000483149 0.005921479 0.000000000 0.000000000
75.253805219 0.010434771 0.000056357 0.000079916 0.000070078 0.000069267 0.000468499 0.000384373 0.000424061 0.008882219 0.000000000 0.000000000
75.848696960 0.008904996 0.000100473 0.000090736 0.000086444 0.000063048 0.000437737 0.000352660 0.000372049 0.007401849 0.000000000 0.000000000
76.443588701 0.008366117 0.000100631 0.000106044 0.000090235 0.000055893 0.000400786 0.000346749 0.000357388 0.006908392 0.000000000 0.000000000
77.038480441 0.006860056 0.000074380 0.000116326 0.000100035 0.000058323 0.000385749 0.000359798 0.000337422 0.005428022 0.000000000 0.000000000
77.633372182 0.009038926 0.000074505 0.000094920 0.000093883 0.000069326 0.000372110 0.000360350 0.000325255 0.007648577 0.000000000 0.000000000
78.228263923 0.006795224 0.000074486 0.000085532 0.000085572 0.000086407 0.000365225 0.000351175 0.000318806 0.005428022 0.000000000 0.000000000
78.823155664 0.011490487 0.000085710 0.000076320 0.000089114 0.000105055 0.000353388 0.000355222 0.000309819 0.010115860 0.000000000 0.000000000
79.418047405 0.007730621 0.000075049 0.000075005 0.000082874 0.000108995 0.000337915 0.000333498 0.000302349 0.006414936 0.000000000 0.000000000
80.012939146 0.008905013 0.000059575 0.000067357 0.000072100 0.000093386 0.000328983 0.000319222 0.000315813 0.007648577 0.000000000 0.000000000
80.607830887 0.008915129 0.000047784 0.000063067 0.000059623 0.000078418 0.000346023 0.000324209 0.000347428 0.007648577 0.000000000 0.000000000
81.202722627 0.010899823 0.000037678 0.000053717 0.000058593 0.000066935 0.000373226 0.000330659 0.000356612 0.009622403 0.000000000 0.000000000
81.797614368 0.007472490 0.000037354 0.000057711 0.000059427 0.000064853 0.000379447 0.000344354 0.000361137 0.006168207 0.000000000 0.000000000
82.392506109 0.008279119 0.000039706 0.000062648 0.000051691 0.000069135 0.000389573 0.000381635 0.000376338 0.006908392 0.000000000 0.000000000
82.987397850 0.008809025 0.000042388 0.000066795 0.000049386 0.000076890 0.000378399 0.000415392 0.000377927 0.007401849 0.000000000 0.000000000
83.582289591 0.009862489 0.000050728 0.000073470 0.000047604 0.000088612 0.000392263 0.000424053 0.000396997 0.008388762 0.000000000 0.000000000
84.177181332 0.009130198 0.000059341 0.000066779 0.000052072 0.000084464 0.000389970 0.000410513 0.000418481 0.007648577 0.000000000 0.000000000
84.772073073 0.010383175 0.000057245 0.000067184 0.000063985 0.000080335 0.000381912 0.000415537 0.000434758 0.008882219 0.000000000 0.000000000
85.366964813 0.009913091 0.000061668 0.000060194 0.000073909 0.000082841 0.000391452 0.000414703 0.000439562 0.008388762 0.000000000 0.000000000
85.961856554 0.005517642 0.000061263 0.000060392 0.000082755 0.000092950 0.000410064 0.000405032 0.000457532 0.003947653 0.000000000 0.000000000
86.556748295 0.001700837 0.000069956 0.000069736 0.000093299 0.000103648 0.000455758 0.000419006 0.000489433 0.000000000 0.000000000 0.000000000
87.151640036 0.001860562 0.000081157 0.000088858 0.000097388 0.000118522 0.000488888 0.000468047 0.000517702 0.000000000 0.000000000 0.000000000
87.746531777 0.002068213 0.000103956 0.000098816 0.000110036 0.000127523 0.000533564 0.000534566 0.000559751 0.000000000 0.000000000 0.000000000
88.341423518 0.002337488 0.000131159 0.000117869 0.000125719 0.000132042 0.000606418 0.000611026 0.000613254 0.000000000 0.000000000 0.000000000
88.936315259 0.002697008 0.000160619 0.000138139 0.000145142 0.000154277 0.000746519 0.000676797 0.000675516 0.000000000 0.000000000 0.000000000
89.531207000 0.003260146 0.000192177 0.000165510 0.000178962 0.000189848 0.000945328 0.000798234 0.000790087 0.000000000 0.000000000 0.000000000
90.126098740 0.004124021 0.000247241 0.000199585 0.000224724 0.000230854 0.001186584 0.001018003 0.001017030 0.000000000 0.000000000 0.000000000
90.720990481 0.004984317 0.000303718 0.000233828 0.000265419 0.000287114 0.001348565 0.001305672 0.001240000 0.000000000 0.000000000 0.000000000
91.315882222 0.005387155 0.000341209 0.000267149 0.000293146 0.000330383 0.001328769 0.001474900 0.001351601 0.000000000 0.000000000 0.000000000
91.910773963 0.005117394 0.000337499 0.000323113 0.000280241 0.000378106 0.001154605 0.001354008 0.001289822 0.000000000 0.000000000 0.000000000
92.505665704 0.004423917 0.000316237 0.000328904 0.000251248 0.000367820 0.000954449 0.001127424 0.001077834 0.000000000 0.000000000 0.000000000
93.100557445 0.003757589 0.000264624 0.000313561 0.000241902 0.000295386 0.000814404 0.000947686 0.000880026 0.000000000 0.000000000 0.000000000
93.695449186 0.003304012 0.000220947 0.000289293 0.000242916 0.000241905 0.000731103 0.000801728 0.000776119 0.000000000 0.000000000 0.000000000
94.290340926 0.003055162 0.000196582 0.000280557 0.000255736 0.000225681 0.000698457 0.000698720 0.000699430 0.000000000 0.000000000 0.000000000
94.885232667 0.003003046 0.000195956 0.000297403 0.000268640 0.000217230 0.000721948 0.000633269 0.000668600 0.000000000 0.000000000 0.000000000
95.480124408 0.003049774 0.000216825 0.000307441 0.000282260 0.000216658 0.000744572 0.000612342 0.000669677 0.000000000 0.000000000 0.000000000
96.075016149 0.003211544 0.000243857 0.000322674 0.000287668 0.000221181 0.000785759 0.000645074 0.000705332 0.000000000 0.000000000 0.000000000
96.669907890 0.003461751 0.000272792 0.000331331 0.000301546 0.000247105 0.000833755 0.000705585 0.000769637 0.000000000 0.000000000 0.000000000
97.264799631 0.003730237 0.000312194 0.000312721 0.000317136 0.000267879 0.000876086 0.000811687 0.000832533 0.000000000 0.000000000 0.000000000
97.859691372 0.003914002 0.000356322 0.000289947 0.000328518 0.000289874 0.000871471 0.000882921 0.000894950 0.000000000 0.000000000 0.000000000
98.454583112 0.004005987 0.000369327 0.000290881 0.000327437 0.000308765 0.000864125 0.000917797 0.000927655 0.000000000 0.000000000 0.000000000
99.049474853 0.003969002 0.000368747 0.000284236 0.000310177 0.000311835 0.000827477 0.000946270 0.000920259 0.000000000 0.000000000 0.000000000
99.644366594 0.003831920 0.000352262 0.000270104 0.000292754 0.000298296 0.000803811 0.000923426 0.000891269 0.000000000 0.000000000 0.000000000
100.239258335 0.003675764 0.000340353 0.000245129 0.000284456 0.000267044 0.000798283 0.000889153 0.000851347 0.000000000 0.000000000 0.000000000
100.834150076 0.003515093 0.000303942 0.000238840 0.000283508 0.000251221 0.000780662 0.000834520 0.000822400 0.000000000 0.000000000 0.000000000
101.429041817 0.003460046 0.000284917 0.000242842 0.000272291 0.000254166 0.000784255 0.000792436 0.000829139 0.000000000 0.000000000 0.000000000
102.023933558 0.003406441 0.000263669 0.000256484 0.000261402 0.000246655 0.000788668 0.000768153 0.000821408 0.000000000 0.000000000 0.000000000
102.618825298 0.003447595 0.000261996 0.000251991 0.000268709 0.000256989 0.000811672 0.000768551 0.000827689 0.000000000 0.000000000 0.000000000
103.213717039 0.003496370 0.000253631 0.000249153 0.000267489 0.000270749 0.000833074 0.000787244 0.000835031 0.000000000 0.000000000 0.000000000
103.808608780 0.003619840 0.000253495 0.000261957 0.000278501 0.000275616 0.000868156 0.000831744 0.000850369 0.000000000 0.000000000 0.000000000
104.403500521 0.003742162 0.000271054 0.000281979 0.000286979 0.000268001 0.000870033 0.000891027 0.000873090 0.000000000 0.000000000 0.000000000
104.998392262 0.003841389 0.000288051 0.000297257 0.000295663 0.000267939 0.000882646 0.000903186 0.000906648 0.000000000 0.000000000 0.000000000
105.593284003 0.003861999 0.000302243 0.000310544 0.000288677 0.000272464 0.000872290 0.000918667 0.000897114 0.000000000 0.000000000 0.000000000
106.188175744 0.003795174 0.000296963 0.000310614 0.000285980 0.000260768 0.000851928 0.000887592 0.000901329 0.000000000 0.000000000 0.000000000
106.783067484 0.003751816 0.000283977 0.000320598 0.000285645 0.000259894 0.000846510 0.000865791 0.000889400 0.000000000 0.000000000 0.000000000
107.377959225 0.003700843 0.000277857 0.000308951 0.000290730 0.000257782 0.000832474 0.000855489 0.000877559 0.000000000 0.000000000 0.000000000
107.972850966 0.003622457 0.000272706 0.000297718 0.000288050 0.000258542 0.000812584 0.000833097 0.000859760 0.000000000 0.000000000 0.000000000
108.567742707 0.003543456 0.000269415 0.000280534 0.000288580 0.000255371 0.000807478 0.000817068 0.000825010 0.000000000 0.000000000 0.000000000
109.162634448 0.003564838 0.000257613 0.000283154 0.000305186 0.000253090 0.000834088 0.000820088 0.000811619 0.000000000 0.000000000 0.000000000
109.757526189 0.003592658 0.000259791 0.000271679 0.000307466 0.000255675 0.000854723 0.000840980 0.000802343 0.000000000 0.000000000 0.000000000
110.352417930 0.003638107 0.000272189 0.000284009 0.000309430 0.000254706 0.000879641 0.000828626 0.000809505 0.000000000 0.000000000 0.000000000
110.947309670 0.003679442 0.000287488 0.000266457 0.000304053 0.000271984 0.000881243 0.000841869 0.000826348 0.000000000 0.000000000 0.000000000
111.542201411 0.003698578 0.000285535 0.000264736 0.000299975 0.000286417 0.000870244 0.000846298 0.000845374 0.000000000 0.000000000 0.000000000
112.137093152 0.003674682 0.000284299 0.000260847 0.000273087 0.000303736 0.000854452 0.000850100 0.000848162 0.000000000 0.000000000 0.000000000
112.731984893 0.003631305 0.000283023 0.000261799 0.000267077 0.000306797 0.000824438 0.000845321 0.000842850 0.000000000 0.000000000 0.000000000
113.326876634 0.003629320 0.000289224 0.000262018 0.000253262 0.000318914 0.000808366 0.000846931 0.000850605 0.000000000 0.000000000 0.000000000
113.921768375 0.003609463 0.000297175 0.000273678 0.000255513 0.000307940 0.000800135 0.000844266 0.000830756 0.000000000 0.000000000 0.000000000
114.516660116 0.003570967 0.000295264 0.000271342 0.000261764 0.000307047 0.000800314 0.000809773 0.000825464 0.000000000 0.000000000 0.000000000
115.111551857 0.003564327 0.000301847 0.000292488 0.000273360 0.000301596 0.000789950 0.000798350 0.000806736 0.000000000 0.000000000 0.000000000
115.706443597 0.003524233 0.000287127 0.000289878 0.000277498 0.000301085 0.000797282 0.000776008 0.000795355 0.000000000 0.000000000 0.000000000
116.301335338 0.003578174 0.000295679 0.000302829 0.000291318 0.000299819 0.000802224 0.000772368 0.000813936 0.000000000 0.000000000 0.000000000
116.896227079 0.003538768 0.000287269 0.000306865 0.000300715 0.000285374 0.000794684 0.000770064 0.000793797 0.000000000 0.000000000 0.000000000
117.491118820 0.003551796 0.000312026 0.000305823 0.000302781 0.000278486 0.000776904 0.000788821 0.000786957 0.000000000 0.000000000 0.000000000
118.086010561 0.003566257 0.000311064 0.000305900 0.000298947 0.000293494 0.000782036 0.000802131 0.000772685 0.000000000 0.000000000 0.000000000
118.680902302 0.003577780 0.000309489 0.000318956 0.000305568 0.000283850 0.000790553 0.000794920 0.000774445 0.000000000 0.000000000 0.000000000
119.275794043 0.003573192 0.000303151 0.000307093 0.000304603 0.000293738 0.000799548 0.000786656 0.000778403 0.000000000 0.000000000 0.000000000
119.870685783 0.003616387 0.000297031 0.000306249 0.000322789 0.000301257 0.000812449 0.000794843 0.000781768 0.000000000 0.000000000 0.000000000
120.465577524 0.003649325 0.000281586 0.000301763 0.000323475 0.000300142 0.000839441 0.000806456 0.000796461 0.000000000 0.000000000 0.000000000
121.060469265 0.003678200 0.000278220 0.000302219 0.000307805 0.000304942 0.000855478 0.000816927 0.000812607 0.000000000 0.000000000 0.000000000
121.655361006 0.003658909 0.000258958 0.000293800 0.000292216 0.000286872 0.000873249 0.000838795 0.000815019 0.000000000 0.000000000 0.000000000
122.250252747 0.003625194 0.000245845 0.000288278 0.000286848 0.000273162 0.000874193 0.000848782 0.000808085 0.000000000 0.000000000 0.000000000
122.845144488 0.003687692 0.000246213 0.000298902 0.000279319 0.000273986 0.000893400 0.000864568 0.000831303 0.000000000 0.000000000 0.000000000
123.440036229 0.003710317 0.000254916 0.000312249 0.000273533 0.000261661 0.000889689 0.000884515 0.000833755 0.000000000 0.000000000 0.000000000
124.034927969 0.003716647 0.000255396 0.000294836 0.000276374 0.000252477 0.000893887 0.000878864 0.000864814 0.000000000 0.000000000 0.000000000
124.629819710 0.003717126 0.000256310 0.000277452 0.000263521 0.000254706 0.000899050 0.000887372 0.000878714 0.000000000 0.000000000 0.000000000
125.224711451 0.003733474 0.000254579 0.000266248 0.000268112 0.000259264 0.000884911 0.000899087 0.000901273 0.000000000 0.000000000 0.000000000
125.819603192 0.003734931 0.000248984 0.000262867 0.000267466 0.000261285 0.000887505 0.000901269 0.000905556 0.000000000 0.000000000 0.000000000
126.414494933 0.003777664 0.000256989 0.000247815 0.000266468 0.000280021 0.000893649 0.000913240 0.000919484 0.000000000 0.000000000 0.000000000
127.009386674 0.003767411 0.000255373 0.000240536 0.000258333 0.000282463 0.000897359 0.000913589 0.000919759 0.000000000 0.000000000 0.000000000
127.604278415 0.003752212 0.000274583 0.000240234 0.000255132 0.000274362 0.000895988 0.000896788 0.000915124 0.000000000 0.000000000 0.000000000
128.199170155 0.003772144 0.000277488 0.000225857 0.000257008 0.000272456 0.000912447 0.000911864 0.000915023 0.000000000 0.000000000 0.000000000
128.794061896 0.003777255 0.000271343 0.000240896 0.000258141 0.000267971 0.000909419 0.000913825 0.000915661 0.000000000 0.000000000 0.000000000
129.388953637 0.003748640 0.000274643 0.000242151 0.000263669 0.000264939 0.000901717 0.000906847 0.000894674 0.000000000 0.000000000 0.000000000
129.983845378 0.003759366 0.000271275 0.000238520 0.000271908 0.000247662 0.000897300 0.000907600 0.000925101 0.000000000 0.000000000 0.000000000
130.578737119 0.003705502 0.000254986 0.000238736 0.000272996 0.000239017 0.000892983 0.000889668 0.000917116 0.000000000 0.000000000 0.000000000
131.173628860 0.003709628 0.000256079 0.000246531 0.000263702 0.000240682 0.000891183 0.000912362 0.000899089 0.000000000 0.000000000 0.000000000
131.768520601 0.003720193 0.000264393 0.000268074 0.000264246 0.000228612 0.000874103 0.000909058 0.000911707 0.000000000 0.000000000 0.000000000
132.363412341 0.003762932 0.000285193 0.000258595 0.000262633 0.000241485 0.000889583 0.000904196 0.000921249 0.000000000 0.000000000 0.000000000
132.958304082 0.003735834 0.000287743 0.000240741 0.000243822 0.000244357 0.000892091 0.000893204 0.000933874 0.000000000 0.000000000 0.000000000
133.553195823 0.003794015 0.000288085 0.000255799 0.000249363 0.000248957 0.000894851 0.000908435 0.000948526 0.000000000 0.000000000 0.000000000
134.148087564 0.003810790 0.000293223 0.000252873 0.000245506 0.000249925 0.000898629 0.000922032 0.000948601 0.000000000 0.000000000 0.000000000
134.742979305 0.003832099 0.000285077 0.000255523 0.000244823 0.000245236 0.000907869 0.000923948 0.000969623 0.000000000 0.000000000 0.000000000
135.337871046 0.003849011 0.000272876 0.000252634 0.000250423 0.000258158 0.000916904 0.000936291 0.000961724 0.000000000 0.000000000 0.000000000
135.932762787 0.003789963 0.000254713 0.000244102 0.000245627 0.000261226 0.000903127 0.000939267 0.000941902 0.000000000 0.000000000 0.000000000
136.527654528 0.003760107 0.000242539 0.000249282 0.000245601 0.000256212 0.000901092 0.000932133 0.000933248 0.000000000 0.000000000 0.000000000
137.122546268 0.003755341 0.000239892 0.000248464 0.000236451 0.000259130 0.000916709 0.000920805 0.000933889 0.000000000 0.000000000 0.000000000
137.717438009 0.003739573 0.000234611 0.000261363 0.000229803 0.000261835 0.000903866 0.000918358 0.000929738 0.000000000 0.000000000 0.000000000
138.312329750 0.003705520 0.000235879 0.000254852 0.000229363 0.000265713 0.000897545 0.000901950 0.000920219 0.000000000 0.000000000 0.000000000
138.907221491 0.003705177 0.000241238 0.000252273 0.000240790 0.000265801 0.000913059 0.000896252 0.000895763 0.000000000 0.000000000 0.000000000
139.502113232 0.003744271 0.000238747 0.000253877 0.000248050 0.000272924 0.000924227 0.000901521 0.000904925 0.000000000 0.000000000 0.000000000
140.097004973 0.003750346 0.000256036 0.000264046 0.000258822 0.000269859 0.000902159 0.000904755 0.000894669 0.000000000 0.000000000 0.000000000
140.691896714 0.003777762 0.000263277 0.000253109 0.000263236 0.000266388 0.000911447 0.000922033 0.000898273 0.000000000 0.000000000 0.000000000
141.286788454 0.003800916 0.000275869 0.000261420 0.000266253 0.000263134 0.000927279 0.000928479 0.000878482 0.000000000 0.000000000 0.000000000
141.881680195 0.003824660 0.000276229 0.000261624 0.000272103 0.000281648 0.000922322 0.000923377 0.000887357 0.000000000 0.000000000 0.000000000
142.476571936 0.003786014 0.000257873 0.000275537 0.000261136 0.000288723 0.000928348 0.000899317 0.000875078 0.000000000 0.000000000 0.000000000
143.071463677 0.003772394 0.000270455 0.000277855 0.000265940 0.000285765 0.000915617 0.000888124 0.000868638 0.000000000 0.000000000 0.000000000
143.666355418 0.003704974 0.000263439 0.000274606 0.000270465 0.000282526 0.000890286 0.000873276 0.000850375 0.000000000 0.000000000 0.000000000
144.261247159 0.003656923 0.000260324 0.000273623 0.000268587 0.000282050 0.000877616 0.000852251 0.000842474 0.000000000 0.000000000 0.000000000
144.856138900 0.003661066 0.000259648 0.000287933 0.000275080 0.000267482 0.000879383 0.000840826 0.000850715 0.000000000 0.000000000 0.000000000
145.451030640 0.003639309 0.000256607 0.000289944 0.000279294 0.000255228 0.000865145 0.000840467 0.000852624 0.000000000 0.000000000 0.000000000
146.045922381 0.003674052 0.000275643 0.000305461 0.000286057 0.000264654 0.000856321 0.000830530 0.000855385 0.000000000 0.000000000 0.000000000
146.640814122 0.003687246 0.000271688 0.000308300 0.000290221 0.000261340 0.000838946 0.000864697 0.000852054 0.000000000 0.000000000 0.000000000
147.235705863 0.003673602 0.000265188 0.000313150 0.000296032 0.000269581 0.000824347 0.000855403 0.000849902 0.000000000 0.000000000 0.000000000
147.830597604 0.003688931 0.000276629 0.000298579 0.000296139 0.000281967 0.000843380 0.000851958 0.000840279 0.000000000 0.000000000 0.000000000
148.425489345 0.003693921 0.000280529 0.000294956 0.000304435 0.000275748 0.000846957 0.000849106 0.000842190 0.000000000 0.000000000 0.000000000
149.020381086 0.003669018 0.000286793 0.000282003 0.000289262 0.000283936 0.000830964 0.000840554 0.000855506 0.000000000 0.000000000 0.000000000
149.615272826 0.003640047 0.000297068 0.000268155 0.000270731 0.000276563 0.000837917 0.000820759 0.000868854 0.000000000 0.000000000 0.000000000
150.210164567 0.003655799 0.000297562 0.000259603 0.000263787 0.000273308 0.000841411 0.000841971 0.000878157 0.000000000 0.000000000 0.000000000
150.805056308 0.003622184 0.000286101 0.000251745 0.000259586 0.000276354 0.000838229 0.000845127 0.000865042 0.000000000 0.000000000 0.000000000
151.399948049 0.003617603 0.000292812 0.000237015 0.000257972 0.000261628 0.000845340 0.000851959 0.000870877 0.000000000 0.000000000 0.000000000
151.994839790 0.003651766 0.000284678 0.000236404 0.000259095 0.000256947 0.000879692 0.000871028 0.000863922 0.000000000 0.000000000 0.000000000
152.589731531 0.003715283 0.000285271 0.000249515 0.000257654 0.000262216 0.000895307 0.000892920 0.000872400 0.000000000 0.000000000 0.000000000
153.184623272 0.003760809 0.000280717 0.000248985 0.000254743 0.000273759 0.000914476 0.000914646 0.000873483 0.000000000 0.000000000 0.000000000
153.779515012 0.003764074 0.000259552 0.000254287 0.000261606 0.000276611 0.000925518 0.000914637 0.000871862 0.000000000 0.000000000 0.000000000
154.374406753 0.003807931 0.000259293 0.000266745 0.000262334 0.000275946 0.000931349 0.000926291 0.000885975 0.000000000 0.000000000 0.000000000
154.969298494 0.003822009 0.000258527 0.000279927 0.000261943 0.000276827 0.000925597 0.000920696 0.000898492 0.000000000 0.000000000 0.000000000
155.564190235 0.003804060 0.000252855 0.000283502 0.000266510 0.000278603 0.000906006 0.000912593 0.000903992 0.000000000 0.000000000 0.000000000
156.159081976 0.003760666 0.000233560 0.000282198 0.000262883 0.000267490 0.000904372 0.000898608 0.000911555 0.000000000 0.000000000 0.000000000
156.753973717 0.003703347 0.000228171 0.000274913 0.000251106 0.000267881 0.000877625 0.000887396 0.000916253 0.000000000 0.000000000 0.000000000
157.348865458 0.003676673 0.000232454 0.000279029 0.000261057 0.000268397 0.000881872 0.000863951 0.000889914 0.000000000 0.000000000 0.000000000
157.943757198 0.003709164 0.000222746 0.000276711 0.000270938 0.000284518 0.000877860 0.000869641 0.000906751 0.000000000 0.000000000 0.000000000
158.538648939 0.003756246 0.000245614 0.000277529 0.000274839 0.000281226 0.000895586 0.000895084 0.000886368 0.000000000 0.000000000 0.000000000
159.133540680 0.003752724 0.000262613 0.000281986 0.000266813 0.000278566 0.000886280 0.000904522 0.000871943 0.000000000 0.000000000 0.000000000
159.728432421 0.003775072 0.000257218 0.000266979 0.000270222 0.000273450 0.000913311 0.000919382 0.000874510 0.000000000 0.000000000 0.000000000
160.323324162 0.003795653 0.000265622 0.000262090 0.000267448 0.000273093 0.000922585 0.000934676 0.000870139 0.000000000 0.000000000 0.000000000
160.918215903 0.003764068 0.000276345 0.000250237 0.000268920 0.000265743 0.000910586 0.000915017 0.000877220 0.000000000 0.000000000 0.000000000
161.513107644 0.003756894 0.000287480 0.000254091 0.000270097 0.000258855 0.000907090 0.000893922 0.000885360 0.000000000 0.000000000 0.000000000
162.107999385 0.003704691 0.000271090 0.000249984 0.000273454 0.000258179 0.000898928 0.000869626 0.000883430 0.000000000 0.000000000 0.000000000
162.702891125 0.003673101 0.000284780 0.000262452 0.000272727 0.000255434 0.000856477 0.000872662 0.000868570 0.000000000 0.000000000 0.000000000
163.297782866 0.003695559 0.000292471 0.000264679 0.000273173 0.000262644 0.000872321 0.000848185 0.000882086 0.000000000 0.000000000 0.000000000
163.892674607 0.003697617 0.000308124 0.000255089 0.000275395 0.000263176 0.000865525 0.000847514 0.000882795 0.000000000 0.000000000 0.000000000
164.487566348 0.003650841 0.000286375 0.000256802 0.000276846 0.000255698 0.000844207 0.000837739 0.000893175 0.000000000 0.000000000 0.000000000
165.082458089 0.003641842 0.000277932 0.000254323 0.000287258 0.000250619 0.000832571 0.000868254 0.000870885 0.000000000 0.000000000 0.000000000
165.677349830 0.003672559 0.000277711 0.000270853 0.000272703 0.000241680 0.000843863 0.000887950 0.000877799 0.000000000 0.000000000 0.000000000
166.272241571 0.003719819 0.000275290 0.000275016 0.000278961 0.000240322 0.000873303 0.000879744 0.000897183 0.000000000 0.000000000 0.000000000
166.867133311 0.003715123 0.000275487 0.000266437 0.000273857 0.000256700 0.000868899 0.000871462 0.000902282 0.000000000 0.000000000 0.000000000
167.462025052 0.003744306 0.000281699 0.000285793 0.000272430 0.000258383 0.000873299 0.000871079 0.000901624 0.000000000 0.000000000 0.000000000
168.056916793 0.003744528 0.000276708 0.000279706 0.000279171 0.000273365 0.000866458 0.000878334 0.000890785 0.000000000 0.000000000 0.000000000
168.651808534 0.003726830 0.000263286 0.000283558 0.000264980 0.000279063 0.000873917 0.000872626 0.000889402 0.000000000 0.000000000 0.000000000
169.246700275 0.003732853 0.000263369 0.000289546 0.000264463 0.000271475 0.000875992 0.000884953 0.000883054 0.000000000 0.000000000 0.000000000
169.841592016 0.003723750 0.000248280 0.000299295 0.000267403 0.000273745 0.000877263 0.000880354 0.000877409 0.000000000 0.000000000 0.000000000
170.436483757 0.003705676 0.000249557 0.000277162 0.000269089 0.000276332 0.000886318 0.000893153 0.000854065 0.000000000 0.000000000 0.000000000
171.031375497 0.003717114 0.000258894 0.000268155 0.000283978 0.000273855 0.000894786 0.000883796 0.000853651 0.000000000 0.000000000 0.000000000
171.626267238 0.003697536 0.000264796 0.000263743 0.000286657 0.000268343 0.000890388 0.000869577 0.000854033 0.000000000 0.000000000 0.000000000
172.221158979 0.003724413 0.000279732 0.000269161 0.000294341 0.000270847 0.000887142 0.000853922 0.000869268 0.000000000 0.000000000 0.000000000
172.816050720 0.003728918 0.000284891 0.000266489 0.000290398 0.000267475 0.000888765 0.000849249 0.000881650 0.000000000 0.000000000 0.000000000
173.410942461 0.003722886 0.000280735 0.000278339 0.000285661 0.000263783 0.000877650 0.000857394 0.000879324 0.000000000 0.000000000 0.000000000
174.005834202 0.003710309 0.000268368 0.000268586 0.000280024 0.000256336 0.000873731 0.000885633 0.000877631 0.000000000 0.000000000 0.000000000
174.600725943 0.003730798 0.000262620 0.000279767 0.000284473 0.000247311 0.000868697 0.000902592 0.000885339 0.000000000 0.000000000 0.000000000
175.195617683 0.003762634 0.000248799 0.000282071 0.000280832 0.000250585 0.000873803 0.000926796 0.000899747 0.000000000 0.000000000 0.000000000
175.790509424 0.003791817 0.000257152 0.000283543 0.000275949 0.000252270 0.000898777 0.000915870 0.000908257 0.000000000 0.000000000 0.000000000
176.385401165 0.003816073 0.000276959 0.000268882 0.000268321 0.000260505 0.000918175 0.000917789 0.000905443 0.000000000 0.000000000 0.000000000
176.980292906 0.003776318 0.000278351 0.000250812 0.000260162 0.000250720 0.000927981 0.000906215 0.000902077 0.000000000 0.000000000 0.000000000
177.575184647 0.003766680 0.000279048 0.000250378 0.000265132 0.000242615 0.000910190 0.000910769 0.000908547 0.000000000 0.000000000 0.000000000
178.170076388 0.003768901 0.000277574 0.000255950 0.000255884 0.000240777 0.000915681 0.000912623 0.000910413 0.000000000 0.000000000 0.000000000
178.764968129 0.003743312 0.000271054 0.000246711 0.000249220 0.000233402 0.000919339 0.000898229 0.000925358 0.000000000 0.000000000 0.000000000
179.359859869 0.003745110 0.000273255 0.000242253 0.000245662 0.000242491 0.000906531 0.000901800 0.000933117 0.000000000 0.000000000 0.000000000
179.954751610 0.003756853 0.000254875 0.000241025 0.000251630 0.000256681 0.000905135 0.000915501 0.000932007 0.000000000 0.000000000 0.000000000
180.549643351 0.003777139 0.000258248 0.000246815 0.000253563 0.000269021 0.000894542 0.000915897 0.000939055 0.000000000 0.000000000 0.000000000
181.144535092 0.003797456 0.000251700 0.000257455 0.000250268 0.000283199 0.000893955 0.000928986 0.000931892 0.000000000 0.000000000 0.000000000
181.739426833 0.003798976 0.000251259 0.000264001 0.000248767 0.000284918 0.000885486 0.000933200 0.000931345 0.000000000 0.000000000 0.000000000
182.334318574 0.003820683 0.000261921 0.000269525 0.000243478 0.000276737 0.000894921 0.000927646 0.000946456 0.000000000 0.000000000 0.000000000
182.929210315 0.003828071 0.000269273 0.000273754 0.000246816 0.000261922 0.000906058 0.000912688 0.000957558 0.000000000 0.000000000 0.000000000
183.524102055 0.003810665 0.000259138 0.000270997 0.000254325 0.000256336 0.000898343 0.000914253 0.000957272 0.000000000 0.000000000 0.000000000
184.118993796 0.003783899 0.000260051 0.000253314 0.000264702 0.000245899 0.000911707 0.000909970 0.000938256 0.000000000 0.000000000 0.000000000
184.713885537 0.003788905 0.000269039 0.000235979 0.000267898 0.000244519 0.000924295 0.000916060 0.000931115 0.000000000 0.000000000 0.000000000
185.308777278 0.003758284 0.000270178 0.000231631 0.000255834 0.000242330 0.000942340 0.000922809 0.000893162 0.000000000 0.000000000 0.000000000
185.903669019 0.003715493 0.000253654 0.000224933 0.000249112 0.000238993 0.000959810 0.000906409 0.000882582 0.000000000 0.000000000 0.000000000
186.498560760 0.003708877 0.000239178 0.000241322 0.000250129 0.000233711 0.000963177 0.000907882 0.000873478 0.000000000 0.000000000 0.000000000
187.093452501 0.003728665 0.000238519 0.000236587 0.000242968 0.000226326 0.000957503 0.000924168 0.000902593 0.000000000 0.000000000 0.000000000
187.688344242 0.003763326 0.000225032 0.000249243 0.000241509 0.000221905 0.000946293 0.000943197 0.000936147 0.000000000 0.000000000 0.000000000
188.283235982 0.003811473 0.000228499 0.000246724 0.000243831 0.000238762 0.000929704 0.000964215 0.000959737 0.000000000 0.000000000 0.000000000
188.878127723 0.003940543 0.000244477 0.000253506 0.000267667 0.000252975 0.000919307 0.001018050 0.000984562 0.000000000 0.000000000 0.000000000
189.473019464 0.004016230 0.000253866 0.000238246 0.000277024 0.000267777 0.000935949 0.001028371 0.001014996 0.000000000 0.000000000 0.000000000
190.067911205 0.004116890 0.000266838 0.000228213 0.000285306 0.000266691 0.000968599 0.001045982 0.001055260 0.000000000 0.000000000 0.000000000
190.662802946 0.004108646 0.000266808 0.000234575 0.000287872 0.000266375 0.000980635 0.001036458 0.001035922 0.000000000 0.000000000 0.000000000
191.257694687 0.004008994 0.000258218 0.000238387 0.000287147 0.000254620 0.000984285 0.000976208 0.001010130 0.000000000 0.000000000 0.000000000
191.852586428 0.003803478 0.000246346 0.000243613 0.000283705 0.000235537 0.000944996 0.000895394 0.000953887 0.000000000 0.000000000 0.000000000
192.447478168 0.003653810 0.000227501 0.000266626 0.000261803 0.000219187 0.000924610 0.000856533 0.000897550 0.000000000 0.000000000 0.000000000
193.042369909 0.003409554 0.000225278 0.000264465 0.000252592 0.000210886 0.000866933 0.000777116 0.000812283 0.000000000 0.000000000 0.000000000
193.637261650 0.003201270 0.000208433 0.000260877 0.000243186 0.000186227 0.000837200 0.000713571 0.000751776 0.000000000 0.000000000 0.000000000
194.232153391 0.003137006 0.000225644 0.000261521 0.000223896 0.000182486 0.000813825 0.000708435 0.000721200 0.000000000 0.000000000 0.000000000
194.827045132 0.003189066 0.000250290 0.000271903 0.000214454 0.000198424 0.000808378 0.000750346 0.000695272 0.000000000 0.000000000 0.000000000
195.421936873 0.003399078 0.000302651 0.000301090 0.000203937 0.000216129 0.000807935 0.000841844 0.000725492 0.000000000 0.000000000 0.000000000
196.016828614 0.003815838 0.000345478 0.000357993 0.000208055 0.000273121 0.000851844 0.000958171 0.000821176 0.000000000 0.000000000 0.000000000
196.611720354 0.004420052 0.000392975 0.000398231 0.000221381 0.000346597 0.000946167 0.001096822 0.001017878 0.000000000 0.000000000 0.000000000
197.206612095 0.005004574 0.000380357 0.000366634 0.000250767 0.000395423 0.001093373 0.001257187 0.001260832 0.000000000 0.000000000 0.000000000
197.801503836 0.005190475 0.000313909 0.000306088 0.000275099 0.000373756 0.001213195 0.001340066 0.001368362 0.000000000 0.000000000 0.000000000
198.396395577 0.004722876 0.000230772 0.000219875 0.000277227 0.000303171 0.001199332 0.001208969 0.001283529 0.000000000 0.000000000 0.000000000
198.991287318 0.003973879 0.000162831 0.000167643 0.000236240 0.000239340 0.001077459 0.001005729 0.001084635 0.000000000 0.000000000 0.000000000
199.586179059 0.003274550 0.000134250 0.000128375 0.000181305 0.000200039 0.000915968 0.000840424 0.000874190 0.000000000 0.000000000 0.000000000
200.181070800 0.002759035 0.000120704 0.000094167 0.000149358 0.000163490 0.000768118 0.000736344 0.000726854 0.000000000 0.000000000 0.000000000
200.775962540 0.002426776 0.000099522 0.000077770 0.000127363 0.000133513 0.000668603 0.000666039 0.000653965 0.000000000 0.000000000 0.000000000
201.370854281 0.002146168 0.000081238 0.000059696 0.000102638 0.000119750 0.000601839 0.000593108 0.000587900 0.000000000 0.000000000 0.000000000
201.965746022 0.001912474 0.000079674 0.000052641 0.000085817 0.000089118 0.000539314 0.000523092 0.000542818 0.000000000 0.000000000 0.000000000
202.560637763 0.001729326 0.000077308 0.000053400 0.000069053 0.000059794 0.000489363 0.000466108 0.000514301 0.000000000 0.000000000 0.000000000
203.155529504 0.006268641 0.000076944 0.000051999 0.000055275 0.000042336 0.000448063 0.000429403 0.000476783 0.000000000 0.004687838 0.000000000
203.750421245 0.009387510 0.000085174 0.000048716 0.000052540 0.000038224 0.000415337 0.000418713 0.000433502 0.000000000 0.007895305 0.000000000
204.345312986 0.010818001 0.000081090 0.000048192 0.000052772 0.000040243 0.000401688 0.000417819 0.000400522 0.000000000 0.009375675 0.000000000
204.940204726 0.009320510 0.000082205 0.000044169 0.000052587 0.000047815 0.000388065 0.000426828 0.000383537 0.000000000 0.007895305 0.000000000
205.535096467 0.009578374 0.000068595 0.000040688 0.000057738 0.000056059 0.000396777 0.000421554 0.000394929 0.000000000 0.008142034 0.000000000
206.129988208 0.008834758 0.000059274 0.000043032 0.000056313 0.000064124 0.000393551 0.000408788 0.000407828 0.000000000 0.007401849 0.000000000
206.724879949 0.007531096 0.000054151 0.000050945 0.000059262 0.000067699 0.000383097 0.000349723 0.000398012 0.000000000 0.006168207 0.000000000
207.319771690 0.007455838 0.000049636 0.000060083 0.000052482 0.000068884 0.000370576 0.000323769 0.000362200 0.000000000 0.006168207 0.000000000
207.914663431 0.011355931 0.000045246 0.000067130 0.000049529 0.000073966 0.000346499 0.000313151 0.000344551 0.000000000 0.010115860 0.000000000
208.509555172 0.009367214 0.000036989 0.000063516 0.000050653 0.000082188 0.000341553 0.000322064 0.000328216 0.000000000 0.008142034 0.000000000
209.104446912 0.008678290 0.000034689 0.000060144 0.000053722 0.000082061 0.000364849 0.000343590 0.000337387 0.000000000 0.007401849 0.000000000
209.699338653 0.008252893 0.000030217 0.000061190 0.000045706 0.000088583 0.000388178 0.000370850 0.000359777 0.000000000 0.006908392 0.000000000
210.294230394 0.011301368 0.000032951 0.000064594 0.000040436 0.000094436 0.000410609 0.000424743 0.000364466 0.000000000 0.009869132 0.000000000
210.889122135 0.006464477 0.000037324 0.000083053 0.000042474 0.000105108 0.000435870 0.000456915 0.000369165 0.000000000 0.004934566 0.000000000
211.484013876 0.009026829 0.000036836 0.000113595 0.000054471 0.000110710 0.000452703 0.000433859 0.000422807 0.000000000 0.007401849 0.000000000
212.078905617 0.006799361 0.000033424 0.000126299 0.000070176 0.000119167 0.000458832 0.000392176 0.000417992 0.000000000 0.005181294 0.000000000
212.673797358 0.008918744 0.000031686 0.000098715 0.000077537 0.000069547 0.000486566 0.000381308 0.000371537 0.000000000 0.007401849 0.000000000
213.268689099 0.008926670 0.000028846 0.000072189 0.000084582 0.000049756 0.000525105 0.000395771 0.000368572 0.000000000 0.007401849 0.000000000
213.863580839 0.010003383 0.000029514 0.000065678 0.000089696 0.000051247 0.000546463 0.000440537 0.000391486 0.000000000 0.008388762 0.000000000
214.458472580 0.009089812 0.000029655 0.000059666 0.000092132 0.000058090 0.000513014 0.000534114 0.000401293 0.000000000 0.007401849 0.000000000
215.053364321 0.008365146 0.000030326 0.000054441 0.000086538 0.000056878 0.000486843 0.000559303 0.000429152 0.000000000 0.006661664 0.000000000
215.648256062 0.008397401 0.000034185 0.000049074 0.000081985 0.000060607 0.000478833 0.000527984 0.000503070 0.000000000 0.006661664 0.000000000
216.243147803 0.007156723 0.000044482 0.000048969 0.000074608 0.000060410 0.000461840 0.000504521 0.000533869 0.000000000 0.005428022 0.000000000
216.838039544 0.005704651 0.000048842 0.000046116 0.000067710 0.000070378 0.000434609 0.000504483 0.000584861 0.000000000 0.003947653 0.000000000
217.432931285 0.011124978 0.000286737 0.000053175 0.000065282 0.000076232 0.000428307 0.000483854 0.000602445 0.000000000 0.009128947 0.000000000
218.027823025 0.009135850 0.000303756 0.000061027 0.000060476 0.000071588 0.000426743 0.000467452 0.000589688 0.000000000 0.007155120 0.000000000
218.622714766 0.006911972 0.000078542 0.000059129 0.000057445 0.000071427 0.000438447 0.000460774 0.000564914 0.000000000 0.005181294 0.000000000
219.217606507 0.008627174 0.000070808 0.000058047 0.000058510 0.000064339 0.000450424 0.000512371 0.000504284 0.000000000 0.006908392 0.000000000
219.812498248 0.007581951 0.000057449 0.000061674 0.000059819 0.000061473 0.000462021 0.000515347 0.000442688 0.000000000 0.005921479 0.000000000
220.407389989 0.007765860 0.000042375 0.000073047 0.000065445 0.000069547 0.000456872 0.000436787 0.000453581 0.000000000 0.006168207 0.000000000
221.002281730 0.010438161 0.000042798 0.000084281 0.000069840 0.000073430 0.000441573 0.000384383 0.000459637 0.000000000 0.008882219 0.000000000
221.597173471 0.009384970 0.000059632 0.000094771 0.000069816 0.000057391 0.000418082 0.000378226 0.000411747 0.000000000 0.007895305 0.000000000
222.192065211 0.008130036 0.000072495 0.000098285 0.000069662 0.000049978 0.000389845 0.000403849 0.000384257 0.000000000 0.006661664 0.000000000
222.786956952 0.007224949 0.000081842 0.000085096 0.000075963 0.000042014 0.000385978 0.000460223 0.000419084 0.000000000 0.005674751 0.000000000
223.381848693 0.009457071 0.000089119 0.000070809 0.000073017 0.000039177 0.000402768 0.000418649 0.000468228 0.000000000 0.007895305 0.000000000
223.976740434 0.007913734 0.000100566 0.000068514 0.000072402 0.000042040 0.000468601 0.000380476 0.000366199 0.000000000 0.006414936 0.000000000
224.571632175 0.005027530 0.000113027 0.000064968 0.000080548 0.000046470 0.000501501 0.000437205 0.000329615 0.000000000 0.003454196 0.000000000
225.166523916 0.009086340 0.000110335 0.000072225 0.000089997 0.000061930 0.000446764 0.000533344 0.000369896 0.000000000 0.007401849 0.000000000
225.761415657 0.010862800 0.000106037 0.000061909 0.000107661 0.000083464 0.000451619 0.000483314 0.000439851 0.000000000 0.009128947 0.000000000
226.356307397 0.008181895 0.000105073 0.000064488 0.000136529 0.000093702 0.000497009 0.000408925 0.000461232 0.000000000 0.006414936 0.000000000
226.951199138 0.009430964 0.000104935 0.000078303 0.000158028 0.000100859 0.000477192 0.000424684 0.000438386 0.000000000 0.007648577 0.000000000
227.546090879 0.007828801 0.000094292 0.000085991 0.000144828 0.000117424 0.000386392 0.000430328 0.000401338 0.000000000 0.006168207 0.000000000
228.140982620 0.008708987 0.000087442 0.000091334 0.000123630 0.000133372 0.000336250 0.000401645 0.000380193 0.000000000 0.007155120 0.000000000
228.735874361 0.007152636 0.000078222 0.000101992 0.000121612 0.000128608 0.000299319 0.000377715 0.000370418 0.000000000 0.005674751 0.000000000
229.330766102 0.007339677 0.000073118 0.000121095 0.000112029 0.000122116 0.000302427 0.000322113 0.000365299 0.000000000 0.005921479 0.000000000
229.925657843 0.010214310 0.000077555 0.000136012 0.000094704 0.000117991 0.000297468 0.000265773 0.000342587 0.000000000 0.008882219 0.000000000
230.520549583 0.006904220 0.000109124 0.000137520 0.000089868 0.000107987 0.000266327 0.000223099 0.000295545 0.000000000 0.005674751 0.000000000
231.115441324 0.008799002 0.000142828 0.000138850 0.000086842 0.000095767 0.000237909 0.000199740 0.000248490 0.000000000 0.007648577 0.000000000
231.710333065 0.010223621 0.000136691 0.000141517 0.000079839 0.000093366 0.000216199 0.000202003 0.000225058 0.000000000 0.009128947 0.000000000
232.305224806 0.011425546 0.000115615 0.000147178 0.000078643 0.000091826 0.000211322 0.000213601 0.000204773 0.000000000 0.010362588 0.000000000
232.900116547 0.008260718 0.000119603 0.000173040 0.000081491 0.000093786 0.000219221 0.000220370 0.000198086 0.000000000 0.007155120 0.000000000
233.495008288 0.007791621 0.000141139 0.000181883 0.000089186 0.000104242 0.000218828 0.000211243 0.000183436 0.000000000 0.006661664 0.000000000
234.089900029 0.010258635 0.000160034 0.000161487 0.000094100 0.000117352 0.000220710 0.000199331 0.000176674 0.000000000 0.009128947 0.000000000
234.684791769 0.010958701 0.000159381 0.000117245 0.000086650 0.000128426 0.000218419 0.000189197 0.000190250 0.000000000 0.009869132 0.000000000
235.279683510 0.007247886 0.000139573 0.000085609 0.000089701 0.000137663 0.000217683 0.000194851 0.000214599 0.000000000 0.006168207 0.000000000
235.874575251 0.006293045 0.000108871 0.000074064 0.000102603 0.000144070 0.000237868 0.000213065 0.000231210 0.000000000 0.005181294 0.000000000
236.469466992 0.008574077 0.000078513 0.000066232 0.000117709 0.000161768 0.000254725 0.000254238 0.000239045 0.000000000 0.007401849 0.000000000
237.064358733 0.006375603 0.000057295 0.000068452 0.000147040 0.000156306 0.000235006 0.000275167 0.000255044 0.000000000 0.005181294 0.000000000
237.659250474 0.007108689 0.000048544 0.000080578 0.000152082 0.000131023 0.000237716 0.000273824 0.000263443 0.000000000 0.005921479 0.000000000
238.254142215 0.007557155 0.000046851 0.000098981 0.000126870 0.000100098 0.000246435 0.000268368 0.000254616 0.000000000 0.006414936 0.000000000
238.849033956 0.005752351 0.000049302 0.000092593 0.000095901 0.000076242 0.000250132 0.000263084 0.000237260 0.000000000 0.004687838 0.000000000
239.443925696 0.006148510 0.000063771 0.000072502 0.000079059 0.000067739 0.000234394 0.000228811 0.000220940 0.000000000 0.005181294 0.000000000
240.038817437 0.005858720 0.000097460 0.000071018 0.000073911 0.000072865 0.000215472 0.000187667 0.000205760 0.000000000 0.004934566 0.000000000
240.633709178 0.009376890 0.000149889 0.000073279 0.000080370 0.000082552 0.000207330 0.000171021 0.000223688 0.000000000 0.008388762 0.000000000
241.228600919 0.005362264 0.000192391 0.000094137 0.000094628 0.000085109 0.000220524 0.000186873 0.000294220 0.000000000 0.004194381 0.000000000
241.823492660 0.006038430 0.000196366 0.000112991 0.000116199 0.000085725 0.000254001 0.000246269 0.000339043 0.000000000 0.004687838 0.000000000
242.418384401 0.007844623 0.000151592 0.000109398 0.000134697 0.000089821 0.000267229 0.000329835 0.000347116 0.000000000 0.006414936 0.000000000
243.013276142 0.008084905 0.000096027 0.000121326 0.000136357 0.000096841 0.000279537 0.000365058 0.000328097 0.000000000 0.006661664 0.000000000
243.608167882 0.007089171 0.000086635 0.000126379 0.000139060 0.000098060 0.000296091 0.000351114 0.000317080 0.000000000 0.005674751 0.000000000
244.203059623 0.005343909 0.000074818 0.000119742 0.000123829 0.000092253 0.000320650 0.000341504 0.000323460 0.000000000 0.003947653 0.000000000
244.797951364 0.005390285 0.000061281 0.000126835 0.000115511 0.000091443 0.000366953 0.000353764 0.000326845 0.000000000 0.003947653 0.000000000
245.392843105 0.007441187 0.000055137 0.000160093 0.000108665 0.000097722 0.000404307 0.000372930 0.000320854 0.000000000 0.005921479 0.000000000
245.987734846 0.004915693 0.000065202 0.000131717 0.000122488 0.000109679 0.000410971 0.000323638 0.000297800 0.000000000 0.003454196 0.000000000
246.582626587 0.007905229 0.000137012 0.000117929 0.000121486 0.000133683 0.000380643 0.000310276 0.000289263 0.000000000 0.006414936 0.000000000
247.177518328 0.006502663 0.000171553 0.000112103 0.000135668 0.000132456 0.000359929 0.000326424 0.000329964 0.000000000 0.004934566 0.000000000
247.772410068 0.009281260 0.000138401 0.000105824 0.000150089 0.000126370 0.000370659 0.000361069 0.000380271 0.000000000 0.007648577 0.000000000
248.367301809 0.005477628 0.000120312 0.000100556 0.000137891 0.000128392 0.000391502 0.000429470 0.000468580 0.000000000 0.003700924 0.000000000
248.962193550 0.008279853 0.000123066 0.000094657 0.000120986 0.000122853 0.000399888 0.000484727 0.000518741 0.000000000 0.006414936 0.000000000
249.557085291 0.004585276 0.000115137 0.000075049 0.000104522 0.000126098 0.000392296 0.000532021 0.000526142 0.000000000 0.002714011 0.000000000
250.151977032 0.007541714 0.000121742 0.000067631 0.000088815 0.000154516 0.000397435 0.000502637 0.000534186 0.000000000 0.005674751 0.000000000
250.746868773 0.008508490 0.000119189 0.000068700 0.000081800 0.000178835 0.000433318 0.000457995 0.000506989 0.000000000 0.006661664 0.000000000
251.341760514 0.008200414 0.000103821 0.000095817 0.000083649 0.000228518 0.000461052 0.000406164 0.000406458 0.000000000 0.006414936 0.000000000
251.936652254 0.008095672 0.000128444 0.000146208 0.000090346 0.000263846 0.000436359 0.000314575 0.000300958 0.000000000 0.006414936 0.000000000
252.531543995 0.006325067 0.000221917 0.000182239 0.000101908 0.000216434 0.000386109 0.000296264 0.000232357 0.000000000 0.004687838 0.000000000
253.126435736 0.006662343 0.000146767 0.000196731 0.000109740 0.000177918 0.000345827 0.000297641 0.000206424 0.000000000 0.005181294 0.000000000
253.721327477 0.008587602 0.000132546 0.000176166 0.000111339 0.000184230 0.000308311 0.000310708 0.000209183 0.000000000 0.007155120 0.000000000
254.316219218 0.006429791 0.000180054 0.000153530 0.000111639 0.000216801 0.000277859 0.000314817 0.000240523 0.000000000 0.004934566 0.000000000
254.911110959 0.005353216 0.000282358 0.000151757 0.000117200 0.000252577 0.000267698 0.000300298 0.000280403 0.000000000 0.003700924 0.000000000
255.506002700 0.007403963 0.000311203 0.000149735 0.000130183 0.000231896 0.000290807 0.000308146 0.000307241 0.000000000 0.005674751 0.000000000
256.100894440 0.007396234 0.000187223 0.000218023 0.000155832 0.000190361 0.000339282 0.000303901 0.000326861 0.000000000 0.005674751 0.000000000
256.695786181 0.007151597 0.000202266 0.000350302 0.000174702 0.000149839 0.000340516 0.000246684 0.000259265 0.000000000 0.005428022 0.000000000
257.290677922 0.006822115 0.000245060 0.000353766 0.000207295 0.000164540 0.000281219 0.000187978 0.000200963 0.000000000 0.005181294 0.000000000
257.885569663 0.007446362 0.000211714 0.000241000 0.000247970 0.000213439 0.000220682 0.000177376 0.000212703 0.000000000 0.005921479 0.000000000
258.480461404 0.007188294 0.000193916 0.000183350 0.000285148 0.000213786 0.000201716 0.000187990 0.000247638 0.000000000 0.005674751 0.000000000
259.075353145 0.005455391 0.000218297 0.000165566 0.000267696 0.000181757 0.000203699 0.000224113 0.000246610 0.000000000 0.003947653 0.000000000
259.670244886 0.007066087 0.000179571 0.000143114 0.000207108 0.000167291 0.000232603 0.000257541 0.000204108 0.000000000 0.005674751 0.000000000
260.265136627 0.008938214 0.000139663 0.000111423 0.000182752 0.000130188 0.000236642 0.000286484 0.000202485 0.000000000 0.007648577 0.000000000
260.860028367 0.005461082 0.000122723 0.000111108 0.000189744 0.000103283 0.000210552 0.000285983 0.000243308 0.000000000 0.004194381 0.000000000
261.454920108 0.007065321 0.000124386 0.000154530 0.000166249 0.000187549 0.000202141 0.000271928 0.000283787 0.000000000 0.005674751 0.000000000
262.049811849 0.008530786 0.000135374 0.000168295 0.000131076 0.000178749 0.000215055 0.000251706 0.000295411 0.000000000 0.007155120 0.000000000
262.644703590 0.008861717 0.000115795 0.000148228 0.000134805 0.000117950 0.000231862 0.000221761 0.000242740 0.000000000 0.007648577 0.000000000
263.239595331 0.007294007 0.000114561 0.000107121 0.000187594 0.000141703 0.000229219 0.000167060 0.000178542 0.000000000 0.006168207 0.000000000
263.834487072 0.008962164 0.000144554 0.000083300 0.000237413 0.000141123 0.000186941 0.000133894 0.000139633 0.000000000 0.007895305 0.000000000
264.429378813 0.008459672 0.000168936 0.000134026 0.000228095 0.000111070 0.000148452 0.000135487 0.000131757 0.000000000 0.007401849 0.000000000
265.024270553 0.005435973 0.000145527 0.000175442 0.000196228 0.000080657 0.000143238 0.000120170 0.000133603 0.000000000 0.004441109 0.000000000
265.619162294 0.009544831 0.000123460 0.000087015 0.000190323 0.000061760 0.000165773 0.000121835 0.000159174 0.000000000 0.008635490 0.000000000
266.214054035 0.005568143 0.000156422 0.000163189 0.000193221 0.000052833 0.000206766 0.000149033 0.000205570 0.000000000 0.004441109 0.000000000
266.808945776 0.007532303 0.000198214 0.000213075 0.000169124 0.000055506 0.000256811 0.000198700 0.000272665 0.000000000 0.006168207 0.000000000
267.403837517 0.006613273 0.000186805 0.000139752 0.000129029 0.000065115 0.000275331 0.000327861 0.000308085 0.000000000 0.005181294 0.000000000
267.998729258 0.008704389 0.000153793 0.000144708 0.000084023 0.000093623 0.000289095 0.000439752 0.000344276 0.000000000 0.007155120 0.000000000
268.593620999 0.009378588 0.000146388 0.000157323 0.000079038 0.000147731 0.000318505 0.000420817 0.000460210 0.000000000 0.007648577 0.000000000
269.188512739 0.006649087 0.000120900 0.000171089 0.000099989 0.000222752 0.000356964 0.000337878 0.000404949 0.000000000 0.004934566 0.000000000
269.783404480 0.009544320 0.000126481 0.000174383 0.000116537 0.000326811 0.000350919 0.000285767 0.000268117 0.000000000 0.007895305 0.000000000
270.378296221 0.008694068 0.000142855 0.000194232 0.000141251 0.000235243 0.000310786 0.000289623 0.000224957 0.000000000 0.007155120 0.000000000
270.973187962 0.009092536 0.000129757 0.000188751 0.000138261 0.000185732 0.000280218 0.000298376 0.000222863 0.000000000 0.007648577 0.000000000
271.568079703 0.006880696 0.000056307 0.000142014 0.000116101 0.000121085 0.000255747 0.000294888 0.000219804 0.000000000 0.005674751 0.000000000
272.162971444 0.008659806 0.000011710 0.000092252 0.000100823 0.000068270 0.000228278 0.000293816 0.000216079 0.000000000 0.007648577 0.000000000
272.757863185 0.008827515 0.000009361 0.000060562 0.000088626 0.000059537 0.000212996 0.000256074 0.000245055 0.000000000 0.007895305 0.000000000
273.352754925 0.010313622 0.000017551 0.000047020 0.000090535 0.000050936 0.000198759 0.000208905 0.000324241 0.000000000 0.009375675 0.000000000
273.947646666 0.008098181 0.000042703 0.000054808 0.000106881 0.000039755 0.000212227 0.000165005 0.000321681 0.000000000 0.007155120 0.000000000
274.542538407 0.007507681 0.000082403 0.000062280 0.000124700 0.000034717 0.000260600 0.000255787 0.000272258 0.000000000 0.006414936 0.000000000
275.137430148 0.010019874 0.000087378 0.000069264 0.000111582 0.000032163 0.000240295 0.000207178 0.000143068 0.000000000 0.009128947 0.000000000
275.732321889 0.009592304 0.000081478 0.000066769 0.000077833 0.000028499 0.000200039 0.000150198 0.000105270 0.000000000 0.008882219 0.000000000
276.327213630 0.010579731 0.000100549 0.000080572 0.000042993 0.000034771 0.000207734 0.000132052 0.000111928 0.000000000 0.009869132 0.000000000
276.922105371 0.010698269 0.000158605 0.000082839 0.000023509 0.000051500 0.000246090 0.000152739 0.000113855 0.000000000 0.009869132 0.000000000
277.516997111 0.008763841 0.000137320 0.000078147 0.000051205 0.000049742 0.000204258 0.000217379 0.000130485 0.000000000 0.007895305 0.000000000
278.111888852 0.008207648 0.000081072 0.000060729 0.000123829 0.000039222 0.000141307 0.000190145 0.000169495 0.000000000 0.007401849 0.000000000
278.706780593 0.008555405 0.000066726 0.000052836 0.000081958 0.000037733 0.000111514 0.000136876 0.000172457 0.000000000 0.007895305 0.000000000
279.301672334 0.007979134 0.000051375 0.000048626 0.000034916 0.000063805 0.000092993 0.000129460 0.000156109 0.000000000 0.007401849 0.000000000
279.896564075 0.011627351 0.000030895 0.000038963 0.000035257 0.000077101 0.000083694 0.000113791 0.000144877 0.000000000 0.011102773 0.000000000
280.491455816 0.008175531 0.000021296 0.000042231 0.000045672 0.000070776 0.000114856 0.000100658 0.000131465 0.000000000 0.007648577 0.000000000
281.086347557 0.010556068 0.000013697 0.000099235 0.000055738 0.000061389 0.000131491 0.000161021 0.000164366 0.000000000 0.009869132 0.000000000
281.681239297 0.010168438 0.000006761 0.000100753 0.000056410 0.000078376 0.000136449 0.000199029 0.000214986 0.000000000 0.009375675 0.000000000
282.276131038 0.011904630 0.000001182 0.000052724 0.000055918 0.000147867 0.000159956 0.000184077 0.000200133 0.000000000 0.011102773 0.000000000
282.871022779 0.009129398 0.000000000 0.000002238 0.000040935 0.000098986 0.000153282 0.000090980 0.000107486 0.000000000 0.008635490 0.000000000
283.465914520 0.009964595 0.000000000 0.000000000 0.000018764 0.000000440 0.000056699 0.000005504 0.000014055 0.000000000 0.009869132 0.000000000
284.060806261 0.008397464 0.000000000 0.000000000 0.000003010 0.000000000 0.000005513 0.000000000 0.000000178 0.000000000 0.008388762 0.000000000
284.655698002 0.010116188 0.000000000 0.000000000 0.000000169 0.000000000 0.000000158 0.000000000 0.000000000 0.000000000 0.010115860 0.000000000
285.250589743 0.000493457 0.000000000 0.000000000 0.000000000 0.000000000 0.000000000 0.000000000 0.000000000 0.000000000 0.000493457 0.000000000
285.845481484 0.000000000 0.000000000 0.000000000 0.000000000 0.000000000 0.000000000 0.000000000 0.000000000 0.000000000 0.000000000 0.000000000
286.440373224 0.000000000 0.000000000 0.000000000 0.000000000 0.000000000 0.000000000 0.000000000 0.000000000 0.000000000 0.000000000 0.000000000
287.035264965 0.000000000 0.000000000 0.000000000 0.000000000 0.000000000 0.000000000 0.000000000 0.000000000 0.000000000 0.000000000 0.000000000
287.630156706 0.000000000 0.000000000 0.000000000 0.000000000 0.000000000 0.000000000 0.000000000 0.000000000 0.000000000 0.000000000 0.000000000
288.225048447 0.000000000 0.000000000 0.000000000 0.000000000 0.000000000 0.000000000 0.000000000 0.000000000 0.000000000 0.000000000 0.000000000
288.819940188 0.049345658 0.000000000 0.000000000 0.000000000 0.000000000 0.000000000 0.000000000 0.000000000 0.000000000 0.000000000 0.049345658
289.414831929 0.000000000 0.000000000 0.000000000 0.000000000 0.000000000 0.000000000 0.000000000 0.000000000 0.000000000 0.000000000 0.000000000
290.009723670 0.000000000 0.000000000 0.000000000 0.000000000 0.000000000 0.000000000 0.000000000 0.000000000 0.000000000 0.000000000 0.000000000
290.604615410 0.000000000 0.000000000 0.000000000 0.000000000 0.000000000 0.000000000 0.000000000 0.000000000 0.000000000 0.000000000 0.000000000
291.199507151 0.000000000 0.000000000 0.000000000 0.000000000 0.000000000 0.000000000 0.000000000 0.000000000 0.000000000 0.000000000 0.000000000
291.794398892 0.000000000 0.000000000 0.000000000 0.000000000 0.000000000 0.000000000 0.000000000 0.000000000 0.000000000 0.000000000 0.000000000
292.389290633 0.000000000 0.000000000 0.000000000 0.000000000 0.000000000 0.000000000 0.000000000 0.000000000 0.000000000 0.000000000 0.000000000
292.984182374 0.000000000 0.000000000 0.000000000 0.000000000 0.000000000 0.000000000 0.000000000 0.000000000 0.000000000 0.000000000 0.000000000
293.579074115 0.000000000 0.000000000 0.000000000 0.000000000 0.000000000 0.000000000 0.000000000 0.000000000 0.000000000 0.000000000 0.000000000
294.173965856 0.000000000 0.000000000 0.000000000 0.000000000 0.000000000 0.000000000 0.000000000 0.000000000 0.000000000 0.000000000 0.000000000
294.768857596 0.000000000 0.000000000 0.000000000 0.000000000 0.000000000 0.000000000 0.000000000 0.000000000 0.000000000 0.000000000 0.000000000
295.363749337 0.000000000 0.000000000 0.000000000 0.000000000 0.000000000 0.000000000 0.000000000 0.000000000 0.000000000 0.000000000 0.000000000
295.958641078 0.000000000 0.000000000 0.000000000 0.000000000 0.000000000 0.000000000 0.000000000 0.000000000 0.000000000 0.000000000 0.000000000
296.553532819 0.000000000 0.000000000 0.000000000 0.000000000 0.000000000 0.000000000 0.000000000 0.000000000 0.000000000 0.000000000 0.000000000
297.148424560 0.000000000 0.000000000 0.000000000 0.000000000 0.000000000 0.000000000 0.000000000 0.000000000 0.000000000 0.000000000 0.000000000
