  0.20000000000000001             4736        3153        4784
  0.40000000000000002             4737        3154        4782
  0.60000000000000009             4735        3155        4783
  0.80000000000000004             4736        3146        4791
   1.0000000000000000             4734        3150        4789
   1.2000000000000002             4730        3158        4785
   1.4000000000000001             4731        3155        4787
   1.6000000000000001             4738        3149        4786
   1.8000000000000000             4737        3150        4786
   2.0000000000000000             4731        3158        4784
   2.2000000000000002             4736        3150        4787
   2.4000000000000004             4736        3152        4785
   2.6000000000000001             4735        3148        4790
   2.8000000000000003             4733        3156        4784
   3.0000000000000000             4733        3155        4785
   3.2000000000000002             4734        3156        4783
   3.4000000000000004             4733        3158        4782
   3.6000000000000001             4732        3158        4783
   3.8000000000000003             4733        3152        4788
   4.0000000000000000             4734        3157        4782
   4.2000000000000002             4735        3152        4786
   4.4000000000000004             4731        3159        4783
   4.6000000000000005             4730        3159        4784
   4.8000000000000007             4731        3160        4782
   5.0000000000000000             4730        3159        4784
   5.2000000000000002             4733        3156        4784
   5.4000000000000004             4729        3158        4786
   5.6000000000000005             4734        3148        4791
   5.8000000000000007             4733        3155        4785
   6.0000000000000000             4735        3153        4785
   6.2000000000000002             4735        3157        4781
   6.4000000000000004             4734        3157        4782
   6.6000000000000005             4732        3156        4785
   6.8000000000000007             4732        3158        4783
   7.0000000000000000             4737        3150        4786
   7.2000000000000002             4735        3153        4785
   7.4000000000000004             4734        3153        4786
   7.6000000000000005             4734        3150        4789
   7.8000000000000007             4737        3151        4785
   8.0000000000000000             4740        3149        4784
   8.2000000000000011             4736        3154        4783
   8.4000000000000004             4736        3153        4784
   8.5999999999999996             4733        3156        4784
   8.8000000000000007             4729        3158        4786
   9.0000000000000000             4732        3155        4786
   9.2000000000000011             4737        3150        4786
   9.4000000000000004             4729        3154        4790
   9.6000000000000014             4731        3156        4786
   9.8000000000000007             4732        3157        4784
   10.000000000000000             4731        3153        4789
   10.200000000000001             4731        3157        4785
   10.400000000000000             4731        3155        4787
   10.600000000000001             4735        3151        4787
   10.800000000000001             4732        3153        4788
   11.000000000000000             4734        3147        4792
   11.200000000000001             4733        3152        4788
   11.400000000000000             4739        3151        4783
   11.600000000000001             4737        3150        4786
   11.800000000000001             4732        3156        4785
   12.000000000000000             4732        3160        4781
   12.200000000000001             4733        3158        4782
   12.400000000000000             4733        3153        4787
   12.600000000000001             4735        3150        4788
   12.800000000000001             4736        3149        4788
   13.000000000000000             4736        3150        4787
   13.200000000000001             4735        3151        4787
   13.400000000000000             4734        3154        4785
   13.600000000000001             4730        3158        4785
   13.800000000000001             4735        3151        4787
   14.000000000000000             4734        3153        4786
   14.200000000000001             4734        3152        4787
   14.400000000000000             4735        3148        4790
   14.600000000000001             4742        3143        4788
   14.800000000000001             4739        3145        4789
   15.000000000000000             4731        3154        4788
   15.200000000000001             4737        3150        4786
   15.400000000000000             4740        3144        4789
   15.600000000000001             4739        3148        4786
   15.800000000000001             4739        3150        4784
   16.000000000000000             4739        3149        4785
   16.199999999999999             4732        3158        4783
   16.400000000000002             4730        3161        4782
   16.600000000000001             4734        3156        4783
   16.800000000000001             4737        3150        4786
   17.000000000000000             4729        3155        4789
   17.199999999999999             4734        3148        4791
   17.400000000000002             4733        3152        4788
   17.600000000000001             4737        3148        4788
   17.800000000000001             4737        3147        4789
   18.000000000000000             4735        3149        4789
   18.199999999999999             4737        3150        4786
   18.400000000000002             4738        3147        4788
   18.600000000000001             4736        3153        4784
   18.800000000000001             4737        3148        4788
   19.000000000000000             4744        3140        4789
   19.200000000000003             4745        3138        4790
   19.400000000000002             4745        3143        4785
   19.600000000000001             4741        3149        4783
   19.800000000000001             4743        3146        4784
   20.000000000000000             4735        3156        4782
   20.200000000000003             4735        3160        4778
   20.400000000000002             4739        3156        4778
   20.600000000000001             4738        3154        4781
   20.800000000000001             4737        3153        4783
   21.000000000000000             4737        3153        4783
   21.200000000000003             4738        3152        4783
   21.400000000000002             4739        3146        4788
   21.600000000000001             4738        3151        4784
   21.800000000000001             4739        3151        4783
   22.000000000000000             4739        3149        4785
   22.200000000000003             4745        3144        4784
   22.400000000000002             4739        3150        4784
   22.600000000000001             4738        3152        4783
   22.800000000000001             4737        3152        4784
   23.000000000000000             4742        3142        4789
   23.200000000000003             4742        3147        4784
   23.400000000000002             4738        3150        4785
   23.600000000000001             4733        3159        4781
   23.800000000000001             4744        3142        4787
   24.000000000000000             4742        3146        4785
   24.200000000000003             4740        3149        4784
   24.400000000000002             4743        3145        4785
   24.600000000000001             4742        3146        4785
   24.800000000000001             4737        3147        4789
   25.000000000000000             4743        3145        4785
   25.200000000000003             4739        3148        4786
   25.400000000000002             4741        3146        4786
   25.600000000000001             4738        3149        4786
   25.800000000000001             4737        3149        4787
   26.000000000000000             4739        3145        4789
   26.200000000000003             4737        3150        4786
   26.400000000000002             4739        3144        4790
   26.600000000000001             4735        3145        4793
   26.800000000000001             4735        3145        4793
   27.000000000000000             4739        3141        4793
   27.200000000000003             4736        3147        4790
   27.400000000000002             4733        3152        4788
   27.600000000000001             4731        3153        4789
   27.800000000000001             4735        3148        4790
   28.000000000000000             4738        3147        4788
   28.200000000000003             4738        3145        4790
   28.400000000000002             4735        3148        4790
   28.600000000000001             4735        3152        4786
   28.800000000000001             4736        3148        4789
   29.000000000000000             4736        3148        4789
   29.200000000000003             4739        3144        4790
   29.400000000000002             4737        3147        4789
   29.600000000000001             4738        3146        4789
   29.800000000000001             4736        3145        4792
   30.000000000000000             4734        3150        4789
   30.200000000000003             4738        3143        4792
   30.400000000000002             4735        3151        4787
   30.600000000000001             4733        3146        4794
   30.800000000000001             4732        3148        4793
   31.000000000000000             4731        3150        4792
   31.200000000000003             4730        3153        4790
   31.400000000000002             4734        3150        4789
   31.600000000000001             4740        3147        4786
   31.800000000000001             4738        3145        4790
   32.000000000000000             4738        3146        4789
   32.200000000000003             4738        3147        4788
   32.399999999999999             4736        3149        4788
   32.600000000000001             4734        3147        4792
   32.800000000000004             4735        3147        4791
   33.000000000000000             4731        3153        4789
   33.200000000000003             4733        3151        4789
   33.399999999999999             4735        3154        4784
   33.600000000000001             4733        3153        4787
   33.800000000000004             4732        3156        4785
   34.000000000000000             4733        3157        4783
   34.200000000000003             4735        3151        4787
   34.399999999999999             4739        3150        4784
   34.600000000000001             4736        3147        4790
   34.800000000000004             4738        3144        4791
   35.000000000000000             4740        3143        4790
   35.200000000000003             4735        3142        4796
   35.399999999999999             4731        3150        4792
   35.600000000000001             4730        3150        4793
   35.800000000000004             4736        3148        4789
   36.000000000000000             4738        3147        4788
   36.200000000000003             4742        3141        4790
   36.399999999999999             4738        3142        4793
   36.600000000000001             4738        3143        4792
   36.800000000000004             4739        3139        4795
   37.000000000000000             4736        3144        4793
   37.200000000000003             4736        3144        4793
   37.399999999999999             4733        3150        4790
   37.600000000000001             4733        3151        4789
   37.800000000000004             4735        3145        4793
   38.000000000000000             4730        3151        4792
   38.200000000000003             4731        3148        4794
   38.400000000000006             4731        3151        4791
   38.600000000000001             4734        3144        4795
   38.800000000000004             4732        3149        4792
   39.000000000000000             4732        3154        4787
   39.200000000000003             4733        3152        4788
   39.400000000000006             4735        3144        4794
   39.600000000000001             4730        3149        4794
   39.800000000000004             4735        3145        4793
   40.000000000000000             4734        3146        4793
   40.200000000000003             4739        3138        4796
   40.400000000000006             4740        3137        4796
   40.600000000000001             4737        3144        4792
   40.800000000000004             4736        3140        4797
   41.000000000000000             4736        3144        4793
   41.200000000000003             4737        3144        4792
   41.400000000000006             4739        3142        4792
   41.600000000000001             4737        3138        4798
   41.800000000000004             4737        3143        4793
   42.000000000000000             4735        3145        4793
   42.200000000000003             4735        3151        4787
   42.400000000000006             4735        3149        4789
   42.600000000000001             4736        3145        4792
   42.800000000000004             4740        3137        4796
   43.000000000000000             4738        3141        4794
   43.200000000000003             4738        3149        4786
   43.400000000000006             4739        3145        4789
   43.600000000000001             4741        3144        4788
   43.800000000000004             4742        3144        4787
   44.000000000000000             4744        3137        4792
   44.200000000000003             4737        3147        4789
   44.400000000000006             4737        3148        4788
   44.600000000000001             4737        3147        4789
   44.800000000000004             4738        3146        4789
   45.000000000000000             4742        3142        4789
   45.200000000000003             4741        3145        4787
   45.400000000000006             4738        3148        4787
   45.600000000000001             4733        3149        4791
   45.800000000000004             4730        3149        4794
   46.000000000000000             4736        3146        4791
   46.200000000000003             4739        3137        4797
   46.400000000000006             4742        3133        4798
   46.600000000000001             4741        3134        4798
   46.800000000000004             4739        3138        4796
   47.000000000000000             4746        3137        4790
   47.200000000000003             4741        3140        4792
   47.400000000000006             4739        3141        4793
   47.600000000000001             4739        3140        4794
   47.800000000000004             4744        3138        4791
   48.000000000000000             4740        3142        4791
   48.200000000000003             4738        3143        4792
   48.400000000000006             4733        3146        4794
   48.600000000000001             4735        3149        4789
   48.800000000000004             4737        3148        4788
   49.000000000000000             4742        3142        4789
   49.200000000000003             4736        3146        4791
   49.400000000000006             4734        3146        4793
   49.600000000000001             4737        3140        4796
   49.800000000000004             4741        3141        4791
   50.000000000000000             4738        3146        4789
   50.200000000000003             4744        3140        4789
   50.400000000000006             4743        3136        4794
   50.600000000000001             4741        3142        4790
   50.800000000000004             4741        3139        4793
   51.000000000000000             4739        3147        4787
   51.200000000000003             4740        3147        4786
   51.400000000000006             4743        3140        4790
   51.600000000000001             4743        3142        4788
   51.800000000000004             4739        3146        4788
   52.000000000000000             4741        3142        4790
   52.200000000000003             4734        3156        4783
   52.400000000000006             4738        3146        4789
   52.600000000000001             4737        3151        4785
   52.800000000000004             4739        3143        4791
   53.000000000000000             4737        3142        4794
   53.200000000000003             4739        3140        4794
   53.400000000000006             4739        3143        4791
   53.600000000000001             4738        3148        4787
   53.800000000000004             4740        3144        4789
   54.000000000000000             4738        3148        4787
   54.200000000000003             4734        3147        4792
   54.400000000000006             4738        3153        4782
   54.600000000000001             4738        3150        4785
   54.800000000000004             4744        3142        4787
   55.000000000000000             4740        3146        4787
   55.200000000000003             4742        3147        4784
   55.400000000000006             4736        3152        4785
   55.600000000000001             4734        3152        4787
   55.800000000000004             4739        3146        4788
   56.000000000000000             4738        3149        4786
   56.200000000000003             4733        3147        4793
   56.400000000000006             4735        3146        4792
   56.600000000000001             4729        3157        4787
   56.800000000000004             4732        3148        4793
   57.000000000000000             4732        3150        4791
   57.200000000000003             4732        3147        4794
   57.400000000000006             4734        3150        4789
   57.600000000000001             4731        3154        4788
   57.800000000000004             4731        3150        4792
   58.000000000000000             4733        3148        4792
   58.200000000000003             4732        3151        4790
   58.400000000000006             4735        3145        4793
   58.600000000000001             4735        3147        4791
   58.800000000000004             4733        3148        4792
   59.000000000000000             4734        3149        4790
   59.200000000000003             4731        3147        4795
   59.400000000000006             4728        3156        4789
   59.600000000000001             4733        3149        4791
   59.800000000000004             4730        3146        4797
   60.000000000000000             4734        3148        4791
   60.200000000000003             4731        3141        4801
   60.400000000000006             4729        3148        4796
   60.600000000000001             4729        3152        4792
   60.800000000000004             4732        3145        4796
   61.000000000000000             4732        3153        4788
   61.200000000000003             4735        3151        4787
   61.400000000000006             4733        3144        4796
   61.600000000000001             4734        3150        4789
   61.800000000000004             4733        3143        4797
   62.000000000000000             4732        3149        4792
   62.200000000000003             4739        3143        4791
   62.400000000000006             4744        3135        4794
   62.600000000000001             4742        3139        4792
   62.800000000000004             4737        3147        4789
   63.000000000000000             4734        3152        4787
   63.200000000000003             4735        3147        4791
   63.400000000000006             4740        3141        4792
   63.600000000000001             4733        3152        4788
   63.800000000000004             4731        3153        4789
   64.000000000000000             4732        3155        4786
   64.200000000000003             4728        3154        4791
   64.400000000000006             4734        3151        4788
   64.600000000000009             4733        3151        4789
   64.799999999999997             4731        3153        4789
   65.000000000000000             4732        3156        4785
   65.200000000000003             4731        3153        4789
   65.400000000000006             4732        3149        4792
   65.600000000000009             4735        3145        4793
   65.799999999999997             4733        3153        4787
   66.000000000000000             4732        3154        4787
   66.200000000000003             4737        3146        4790
   66.400000000000006             4733        3145        4795
   66.600000000000009             4731        3147        4795
   66.799999999999997             4734        3153        4786
   67.000000000000000             4733        3156        4784
   67.200000000000003             4736        3150        4787
   67.400000000000006             4734        3148        4791
   67.600000000000009             4737        3148        4788
   67.799999999999997             4736        3148        4789
   68.000000000000000             4735        3149        4789
   68.200000000000003             4731        3151        4791
   68.400000000000006             4731        3152        4790
   68.600000000000009             4725        3158        4790
   68.799999999999997             4731        3154        4788
   69.000000000000000             4728        3154        4791
   69.200000000000003             4728        3154        4791
   69.400000000000006             4734        3150        4789
   69.600000000000009             4732        3152        4789
   69.799999999999997             4736        3150        4787
   70.000000000000000             4733        3151        4789
   70.200000000000003             4732        3154        4787
   70.400000000000006             4731        3154        4788
   70.600000000000009             4727        3157        4789
   70.799999999999997             4727        3155        4791
   71.000000000000000             4732        3148        4793
   71.200000000000003             4729        3148        4796
   71.400000000000006             4726        3148        4799
   71.600000000000009             4730        3153        4790
   71.799999999999997             4731        3150        4792
   72.000000000000000             4734        3150        4789
   72.200000000000003             4731        3150        4792
   72.400000000000006             4733        3147        4793
   72.600000000000009             4730        3154        4789
   72.799999999999997             4731        3150        4792
   73.000000000000000             4730        3155        4788
   73.200000000000003             4732        3155        4786
   73.400000000000006             4731        3151        4791
   73.600000000000009             4728        3158        4787
   73.799999999999997             4728        3153        4792
   74.000000000000000             4731        3154        4788
   74.200000000000003             4731        3150        4792
   74.400000000000006             4735        3147        4791
   74.600000000000009             4731        3150        4792
   74.799999999999997             4730        3157        4786
   75.000000000000000             4732        3153        4788
   75.200000000000003             4732        3154        4787
   75.400000000000006             4729        3151        4793
   75.600000000000009             4732        3147        4794
   75.799999999999997             4730        3151        4792
   76.000000000000000             4731        3148        4794
   76.200000000000003             4730        3148        4795
   76.400000000000006             4733        3140        4800
   76.600000000000009             4731        3148        4794
   76.800000000000011             4732        3147        4794
   77.000000000000000             4730        3153        4790
   77.200000000000003             4730        3148        4795
   77.400000000000006             4728        3150        4795
   77.600000000000009             4734        3146        4793
   77.800000000000011             4734        3143        4796
   78.000000000000000             4730        3149        4794
   78.200000000000003             4729        3152        4792
   78.400000000000006             4729        3147        4797
   78.600000000000009             4730        3150        4793
   78.800000000000011             4731        3155        4787
   79.000000000000000             4731        3155        4787
   79.200000000000003             4731        3150        4792
   79.400000000000006             4734        3147        4792
   79.600000000000009             4730        3151        4792
   79.800000000000011             4733        3149        4791
   80.000000000000000             4732        3148        4793
   80.200000000000003             4732        3139        4802
   80.400000000000006             4732        3140        4801
   80.600000000000009             4732        3138        4803
   80.800000000000011             4732        3145        4796
   81.000000000000000             4733        3147        4793
   81.200000000000003             4731        3150        4792
   81.400000000000006             4734        3150        4789
   81.600000000000009             4731        3152        4790
   81.800000000000011             4733        3145        4795
   82.000000000000000             4733        3142        4798
   82.200000000000003             4732        3146        4795
   82.400000000000006             4732        3148        4793
   82.600000000000009             4733        3145        4795
   82.800000000000011             4733        3150        4790
   83.000000000000000             4733        3144        4796
   83.200000000000003             4734        3148        4791
   83.400000000000006             4735        3146        4792
   83.600000000000009             4735        3145        4793
   83.800000000000011             4732        3145        4796
   84.000000000000000             4732        3149        4792
   84.200000000000003             4731        3148        4794
   84.400000000000006             4731        3148        4794
   84.600000000000009             4732        3140        4801
   84.800000000000011             4731        3150        4792
   85.000000000000000             4729        3151        4793
   85.200000000000003             4730        3151        4792
   85.400000000000006             4730        3155        4788
   85.600000000000009             4736        3156        4781
   85.800000000000011             4732        3152        4789
   86.000000000000000             4733        3150        4790
   86.200000000000003             4734        3144        4795
   86.400000000000006             4734        3146        4793
   86.600000000000009             4731        3149        4793
   86.800000000000011             4726        3157        4790
   87.000000000000000             4725        3157        4791
   87.200000000000003             4727        3157        4789
   87.400000000000006             4728        3149        4796
   87.600000000000009             4728        3155        4790
   87.800000000000011             4735        3147        4791
   88.000000000000000             4733        3147        4793
   88.200000000000003             4734        3146        4793
   88.400000000000006             4731        3147        4795
   88.600000000000009             4730        3149        4794
   88.800000000000011             4735        3144        4794
   89.000000000000000             4735        3142        4796
   89.200000000000003             4734        3146        4793
   89.400000000000006             4729        3150        4794
   89.600000000000009             4729        3148        4796
   89.800000000000011             4730        3148        4795
   90.000000000000000             4730        3149        4794
   90.200000000000003             4727        3151        4795
   90.400000000000006             4728        3151        4794
   90.600000000000009             4730        3144        4799
   90.800000000000011             4730        3150        4793
   91.000000000000000             4728        3158        4787
   91.200000000000003             4728        3161        4784
   91.400000000000006             4730        3154        4789
   91.600000000000009             4727        3156        4790
   91.800000000000011             4727        3158        4788
   92.000000000000000             4728        3161        4784
   92.200000000000003             4728        3159        4786
   92.400000000000006             4729        3155        4789
   92.600000000000009             4727        3159        4787
   92.800000000000011             4725        3161        4787
   93.000000000000000             4726        3159        4788
   93.200000000000003             4732        3149        4792
   93.400000000000006             4732        3154        4787
   93.600000000000009             4731        3155        4787
   93.800000000000011             4734        3153        4786
   94.000000000000000             4733        3152        4788
   94.200000000000003             4736        3150        4787
   94.400000000000006             4732        3153        4788
   94.600000000000009             4734        3149        4790
   94.800000000000011             4735        3144        4794
   95.000000000000000             4730        3151        4792
   95.200000000000003             4731        3148        4794
   95.400000000000006             4732        3153        4788
   95.600000000000009             4733        3152        4788
   95.800000000000011             4734        3152        4787
   96.000000000000000             4728        3158        4787
   96.200000000000003             4730        3151        4792
   96.400000000000006             4731        3154        4788
   96.600000000000009             4729        3155        4789
   96.800000000000011             4733        3152        4788
   97.000000000000000             4730        3156        4787
   97.200000000000003             4732        3159        4782
   97.400000000000006             4730        3157        4786
   97.600000000000009             4730        3158        4785
   97.800000000000011             4732        3157        4784
   98.000000000000000             4730        3154        4789
   98.200000000000003             4733        3149        4791
   98.400000000000006             4732        3149        4792
   98.600000000000009             4730        3149        4794
   98.800000000000011             4731        3148        4794
   99.000000000000000             4731        3152        4790
   99.200000000000003             4729        3159        4785
   99.400000000000006             4735        3152        4786
   99.600000000000009             4731        3160        4782
   99.800000000000011             4732        3155        4786
   100.00000000000000             4729        3162        4782
   100.20000000000000             4726        3164        4783
   100.40000000000001             4726        3161        4786
   100.60000000000001             4727        3157        4789
   100.80000000000001             4728        3158        4787
   101.00000000000000             4730        3159        4784
   101.20000000000000             4732        3154        4787
   101.40000000000001             4730        3157        4786
   101.60000000000001             4729        3156        4788
   101.80000000000001             4726        3165        4782
   102.00000000000000             4732        3158        4783
   102.20000000000000             4731        3158        4784
   102.40000000000001             4728        3165        4780
   102.60000000000001             4728        3161        4784
   102.80000000000001             4727        3159        4787
   103.00000000000000             4730        3156        4787
   103.20000000000000             4730        3160        4783
   103.40000000000001             4729        3160        4784
   103.60000000000001             4732        3156        4785
   103.80000000000001             4729        3162        4782
   104.00000000000000             4730        3159        4784
   104.20000000000000             4726        3163        4784
   104.40000000000001             4732        3156        4785
   104.60000000000001             4734        3154        4785
   104.80000000000001             4733        3151        4789
   105.00000000000000             4737        3151        4785
   105.20000000000000             4734        3153        4786
   105.40000000000001             4736        3154        4783
   105.60000000000001             4734        3157        4782
   105.80000000000001             4734        3156        4783
   106.00000000000000             4731        3162        4780
   106.20000000000000             4729        3162        4782
   106.40000000000001             4730        3159        4784
   106.60000000000001             4731        3159        4783
   106.80000000000001             4732        3155        4786
   107.00000000000000             4728        3160        4785
   107.20000000000000             4732        3156        4785
   107.40000000000001             4735        3156        4782
   107.60000000000001             4733        3156        4784
   107.80000000000001             4731        3155        4787
   108.00000000000000             4729        3159        4785
   108.20000000000000             4730        3156        4787
   108.40000000000001             4725        3159        4789
   108.60000000000001             4729        3153        4791
   108.80000000000001             4729        3156        4788
   109.00000000000000             4728        3158        4787
   109.20000000000000             4727        3159        4787
   109.40000000000001             4730        3155        4788
   109.60000000000001             4731        3159        4783
   109.80000000000001             4731        3162        4780
   110.00000000000000             4729        3163        4781
   110.20000000000000             4733        3155        4785
   110.40000000000001             4732        3159        4782
   110.60000000000001             4730        3160        4783
   110.80000000000001             4729        3159        4785
   111.00000000000000             4730        3160        4783
   111.20000000000000             4728        3163        4782
   111.40000000000001             4726        3161        4786
   111.60000000000001             4726        3159        4788
   111.80000000000001             4726        3159        4788
   112.00000000000000             4729        3159        4785
   112.20000000000000             4730        3160        4783
   112.40000000000001             4730        3153        4790
   112.60000000000001             4730        3152        4791
   112.80000000000001             4731        3155        4787
   113.00000000000000             4727        3157        4789
   113.20000000000000             4725        3159        4789
   113.40000000000001             4725        3161        4787
   113.60000000000001             4724        3164        4785
   113.80000000000001             4728        3155        4790
   114.00000000000000             4732        3155        4786
   114.20000000000000             4729        3156        4788
   114.40000000000001             4730        3154        4789
   114.60000000000001             4730        3156        4787
   114.80000000000001             4734        3153        4786
   115.00000000000000             4730        3155        4788
   115.20000000000000             4732        3154        4787
   115.40000000000001             4732        3155        4786
   115.60000000000001             4733        3152        4788
   115.80000000000001             4731        3153        4789
   116.00000000000000             4733        3153        4787
   116.20000000000000             4735        3151        4787
   116.40000000000001             4732        3155        4786
   116.60000000000001             4732        3153        4788
   116.80000000000001             4732        3153        4788
   117.00000000000000             4735        3152        4786
   117.20000000000000             4736        3146        4791
   117.40000000000001             4734        3147        4792
   117.60000000000001             4733        3151        4789
   117.80000000000001             4732        3152        4789
   118.00000000000000             4736        3148        4789
   118.20000000000000             4733        3151        4789
   118.40000000000001             4733        3151        4789
   118.60000000000001             4733        3150        4790
   118.80000000000001             4729        3157        4787
   119.00000000000000             4732        3147        4794
   119.20000000000000             4730        3155        4788
   119.40000000000001             4726        3159        4788
   119.60000000000001             4730        3159        4784
   119.80000000000001             4732        3157        4784
   120.00000000000000             4733        3152        4788
   120.20000000000000             4729        3156        4788
   120.40000000000001             4727        3163        4783
   120.60000000000001             4729        3156        4788
   120.80000000000001             4726        3160        4787
   121.00000000000000             4729        3157        4787
   121.20000000000000             4727        3157        4789
   121.40000000000001             4732        3149        4792
   121.60000000000001             4734        3147        4792
   121.80000000000001             4731        3148        4794
   122.00000000000000             4731        3147        4795
   122.20000000000000             4732        3145        4796
   122.40000000000001             4732        3150        4791
   122.60000000000001             4729        3157        4787
   122.80000000000001             4729        3159        4785
   123.00000000000000             4729        3159        4785
   123.20000000000000             4733        3154        4786
   123.40000000000001             4729        3162        4782
   123.60000000000001             4732        3156        4785
   123.80000000000001             4730        3158        4785
   124.00000000000000             4731        3153        4789
   124.20000000000000             4732        3157        4784
   124.40000000000001             4735        3154        4784
   124.60000000000001             4737        3153        4783
   124.80000000000001             4734        3159        4780
   125.00000000000000             4738        3155        4780
   125.20000000000000             4736        3155        4782
   125.40000000000001             4736        3152        4785
   125.60000000000001             4735        3148        4790
   125.80000000000001             4734        3149        4790
   126.00000000000000             4735        3151        4787
   126.20000000000000             4739        3144        4790
   126.40000000000001             4737        3144        4792
   126.60000000000001             4735        3150        4788
   126.80000000000001             4732        3155        4786
   127.00000000000000             4735        3150        4788
   127.20000000000000             4730        3151        4792
   127.40000000000001             4732        3152        4789
   127.60000000000001             4732        3152        4789
   127.80000000000001             4733        3154        4786
   128.00000000000000             4733        3155        4785
   128.20000000000002             4738        3147        4788
   128.40000000000001             4737        3150        4786
   128.59999999999999             4735        3152        4786
   128.80000000000001             4733        3156        4784
   129.00000000000000             4732        3156        4785
   129.20000000000002             4733        3160        4780
   129.40000000000001             4732        3157        4784
   129.59999999999999             4734        3145        4794
   129.80000000000001             4733        3149        4791
   130.00000000000000             4735        3151        4787
   130.20000000000002             4729        3153        4791
   130.40000000000001             4731        3153        4789
   130.59999999999999             4731        3152        4790
   130.80000000000001             4731        3150        4792
   131.00000000000000             4733        3150        4790
   131.20000000000002             4733        3154        4786
   131.40000000000001             4731        3153        4789
   131.59999999999999             4729        3156        4788
   131.80000000000001             4729        3154        4790
   132.00000000000000             4733        3151        4789
   132.20000000000002             4729        3155        4789
   132.40000000000001             4728        3158        4787
   132.59999999999999             4731        3157        4785
   132.80000000000001             4728        3164        4781
   133.00000000000000             4734        3156        4783
   133.20000000000002             4733        3159        4781
   133.40000000000001             4732        3160        4781
   133.59999999999999             4733        3160        4780
   133.80000000000001             4732        3158        4783
   134.00000000000000             4729        3162        4782
   134.20000000000002             4733        3155        4785
   134.40000000000001             4732        3152        4789
   134.59999999999999             4730        3157        4786
   134.80000000000001             4734        3151        4788
   135.00000000000000             4730        3159        4784
   135.20000000000002             4729        3164        4780
   135.40000000000001             4727        3161        4785
   135.59999999999999             4725        3163        4785
   135.80000000000001             4735        3154        4784
   136.00000000000000             4731        3159        4783
   136.20000000000002             4732        3156        4785
   136.40000000000001             4733        3149        4791
   136.59999999999999             4733        3153        4787
   136.80000000000001             4732        3161        4780
   137.00000000000000             4729        3160        4784
   137.20000000000002             4731        3160        4782
   137.40000000000001             4734        3152        4787
   137.59999999999999             4731        3155        4787
   137.80000000000001             4732        3158        4783
   138.00000000000000             4733        3153        4787
   138.20000000000002             4735        3148        4790
   138.40000000000001             4738        3150        4785
   138.59999999999999             4741        3147        4785
   138.80000000000001             4736        3147        4790
   139.00000000000000             4738        3150        4785
   139.20000000000002             4737        3150        4786
   139.40000000000001             4737        3145        4791
   139.59999999999999             4731        3152        4790
   139.80000000000001             4731        3157        4785
   140.00000000000000             4733        3152        4788
   140.20000000000002             4730        3154        4789
   140.40000000000001             4730        3162        4781
   140.59999999999999             4731        3158        4784
   140.80000000000001             4731        3156        4786
   141.00000000000000             4729        3157        4787
   141.20000000000002             4732        3157        4784
   141.40000000000001             4730        3154        4789
   141.59999999999999             4731        3154        4788
   141.80000000000001             4730        3156        4787
   142.00000000000000             4731        3155        4787
   142.20000000000002             4731        3161        4781
   142.40000000000001             4732        3154        4787
   142.59999999999999             4735        3152        4786
   142.80000000000001             4736        3152        4785
   143.00000000000000             4732        3152        4789
   143.20000000000002             4730        3158        4785
   143.40000000000001             4731        3155        4787
   143.59999999999999             4730        3153        4790
   143.80000000000001             4734        3150        4789
   144.00000000000000             4734        3151        4788
   144.20000000000002             4733        3155        4785
   144.40000000000001             4736        3154        4783
   144.59999999999999             4735        3153        4785
   144.80000000000001             4735        3152        4786
   145.00000000000000             4734        3155        4784
   145.20000000000002             4735        3152        4786
   145.40000000000001             4736        3151        4786
   145.59999999999999             4736        3154        4783
   145.80000000000001             4732        3159        4782
   146.00000000000000             4731        3161        4781
   146.20000000000002             4731        3155        4787
   146.40000000000001             4733        3156        4784
   146.59999999999999             4735        3153        4785
   146.80000000000001             4733        3154        4786
   147.00000000000000             4737        3152        4784
   147.20000000000002             4737        3152        4784
   147.40000000000001             4738        3151        4784
   147.59999999999999             4738        3148        4787
   147.80000000000001             4738        3151        4784
   148.00000000000000             4740        3148        4785
   148.20000000000002             4741        3151        4781
   148.40000000000001             4739        3151        4783
   148.59999999999999             4743        3142        4788
   148.80000000000001             4742        3142        4789
   149.00000000000000             4740        3145        4788
   149.20000000000002             4739        3148        4786
   149.40000000000001             4738        3147        4788
   149.59999999999999             4739        3143        4791
   149.80000000000001             4735        3149        4789
   150.00000000000000             4736        3151        4786
   150.20000000000002             4735        3150        4788
   150.40000000000001             4734        3155        4784
   150.59999999999999             4733        3157        4783
   150.80000000000001             4732        3152        4789
   151.00000000000000             4730        3155        4788
   151.20000000000002             4732        3154        4787
   151.40000000000001             4734        3154        4785
   151.59999999999999             4740        3148        4785
   151.80000000000001             4740        3153        4780
   152.00000000000000             4740        3153        4780
   152.20000000000002             4739        3153        4781
   152.40000000000001             4735        3158        4780
   152.59999999999999             4733        3158        4782
   152.80000000000001             4730        3159        4784
   153.00000000000000             4736        3154        4783
   153.20000000000002             4731        3157        4785
   153.40000000000001             4732        3155        4786
   153.60000000000002             4729        3153        4791
   153.80000000000001             4732        3151        4790
   154.00000000000000             4726        3161        4786
   154.20000000000002             4733        3149        4791
   154.40000000000001             4735        3150        4788
   154.60000000000002             4734        3154        4785
   154.80000000000001             4738        3149        4786
   155.00000000000000             4732        3155        4786
   155.20000000000002             4731        3152        4790
   155.40000000000001             4735        3146        4792
   155.60000000000002             4737        3144        4792
   155.80000000000001             4734        3149        4790
   156.00000000000000             4734        3146        4793
   156.20000000000002             4734        3147        4792
   156.40000000000001             4734        3148        4791
   156.60000000000002             4731        3152        4790
   156.80000000000001             4733        3151        4789
   157.00000000000000             4729        3152        4792
   157.20000000000002             4726        3157        4790
   157.40000000000001             4725        3158        4790
   157.60000000000002             4732        3154        4787
   157.80000000000001             4734        3151        4788
   158.00000000000000             4732        3151        4790
   158.20000000000002             4732        3151        4790
   158.40000000000001             4733        3150        4790
   158.60000000000002             4733        3149        4791
   158.80000000000001             4734        3146        4793
   159.00000000000000             4738        3145        4790
   159.20000000000002             4735        3152        4786
   159.40000000000001             4733        3152        4788
   159.60000000000002             4737        3150        4786
   159.80000000000001             4737        3154        4782
   160.00000000000000             4739        3151        4783
   160.20000000000002             4740        3146        4787
   160.40000000000001             4739        3150        4784
   160.60000000000002             4740        3142        4791
   160.80000000000001             4737        3148        4788
   161.00000000000000             4736        3152        4785
   161.20000000000002             4740        3146        4787
   161.40000000000001             4733        3160        4780
   161.60000000000002             4735        3158        4780
   161.80000000000001             4737        3158        4778
   162.00000000000000             4737        3155        4781
   162.20000000000002             4739        3150        4784
   162.40000000000001             4739        3145        4789
   162.60000000000002             4734        3155        4784
   162.80000000000001             4732        3150        4791
   163.00000000000000             4734        3148        4791
   163.20000000000002             4736        3145        4792
   163.40000000000001             4737        3143        4793
   163.60000000000002             4739        3139        4795
   163.80000000000001             4741        3141        4791
   164.00000000000000             4739        3141        4793
   164.20000000000002             4737        3143        4793
   164.40000000000001             4739        3143        4791
   164.60000000000002             4735        3141        4797
   164.80000000000001             4737        3143        4793
   165.00000000000000             4736        3143        4794
   165.20000000000002             4739        3141        4793
   165.40000000000001             4742        3138        4793
   165.60000000000002             4743        3137        4793
   165.80000000000001             4740        3142        4791
   166.00000000000000             4739        3143        4791
   166.20000000000002             4740        3142        4791
   166.40000000000001             4738        3146        4789
   166.60000000000002             4736        3148        4789
   166.80000000000001             4736        3150        4787
   167.00000000000000             4736        3149        4788
   167.20000000000002             4737        3144        4792
   167.40000000000001             4734        3148        4791
   167.60000000000002             4736        3144        4793
   167.80000000000001             4734        3153        4786
   168.00000000000000             4733        3151        4789
   168.20000000000002             4735        3148        4790
   168.40000000000001             4735        3150        4788
   168.60000000000002             4737        3148        4788
   168.80000000000001             4734        3155        4784
   169.00000000000000             4736        3149        4788
   169.20000000000002             4735        3149        4789
   169.40000000000001             4743        3141        4789
   169.60000000000002             4745        3136        4792
   169.80000000000001             4744        3135        4794
   170.00000000000000             4742        3136        4795
   170.20000000000002             4743        3137        4793
   170.40000000000001             4741        3142        4790
   170.60000000000002             4742        3143        4788
   170.80000000000001             4741        3143        4789
   171.00000000000000             4738        3143        4792
   171.20000000000002             4736        3145        4792
   171.40000000000001             4736        3144        4793
   171.60000000000002             4737        3146        4790
   171.80000000000001             4740        3137        4796
   172.00000000000000             4735        3140        4798
   172.20000000000002             4736        3145        4792
   172.40000000000001             4733        3155        4785
   172.60000000000002             4738        3148        4787
   172.80000000000001             4739        3143        4791
   173.00000000000000             4737        3147        4789
   173.20000000000002             4741        3138        4794
   173.40000000000001             4738        3137        4798
   173.60000000000002             4738        3144        4791
   173.80000000000001             4742        3141        4790
   174.00000000000000             4743        3140        4790
   174.20000000000002             4737        3147        4789
   174.40000000000001             4735        3145        4793
   174.60000000000002             4737        3142        4794
   174.80000000000001             4735        3144        4794
   175.00000000000000             4737        3146        4790
   175.20000000000002             4739        3141        4793
   175.40000000000001             4740        3142        4791
   175.60000000000002             4739        3146        4788
   175.80000000000001             4736        3146        4791
   176.00000000000000             4738        3150        4785
   176.20000000000002             4739        3147        4787
   176.40000000000001             4740        3146        4787
   176.60000000000002             4739        3145        4789
   176.80000000000001             4742        3142        4789
   177.00000000000000             4741        3139        4793
   177.20000000000002             4739        3144        4790
   177.40000000000001             4741        3141        4791
   177.60000000000002             4740        3142        4791
   177.80000000000001             4741        3139        4793
   178.00000000000000             4744        3135        4794
   178.20000000000002             4743        3137        4793
   178.40000000000001             4738        3141        4794
   178.60000000000002             4743        3139        4791
   178.80000000000001             4738        3146        4789
   179.00000000000000             4740        3146        4787
   179.20000000000002             4741        3143        4789
   179.40000000000001             4741        3145        4787
   179.60000000000002             4741        3140        4792
   179.80000000000001             4743        3141        4789
   180.00000000000000             4743        3134        4796
   180.20000000000002             4745        3138        4790
   180.40000000000001             4741        3142        4790
   180.60000000000002             4743        3141        4789
   180.80000000000001             4743        3141        4789
   181.00000000000000             4744        3136        4793
   181.20000000000002             4747        3132        4794
   181.40000000000001             4741        3141        4791
   181.60000000000002             4737        3143        4793
   181.80000000000001             4733        3146        4794
   182.00000000000000             4731        3150        4792
   182.20000000000002             4740        3141        4792
   182.40000000000001             4736        3147        4790
   182.60000000000002             4738        3142        4793
   182.80000000000001             4740        3138        4795
   183.00000000000000             4740        3141        4792
   183.20000000000002             4738        3143        4792
   183.40000000000001             4738        3146        4789
   183.60000000000002             4740        3144        4789
   183.80000000000001             4743        3142        4788
   184.00000000000000             4745        3141        4787
   184.20000000000002             4743        3139        4791
   184.40000000000001             4744        3137        4792
   184.60000000000002             4743        3141        4789
   184.80000000000001             4749        3132        4792
   185.00000000000000             4749        3138        4786
   185.20000000000002             4751        3135        4787
   185.40000000000001             4747        3144        4782
   185.60000000000002             4745        3141        4787
   185.80000000000001             4747        3141        4785
   186.00000000000000             4751        3131        4791
   186.20000000000002             4747        3139        4787
   186.40000000000001             4746        3145        4782
   186.60000000000002             4746        3139        4788
   186.80000000000001             4744        3143        4786
   187.00000000000000             4750        3138        4785
   187.20000000000002             4748        3135        4790
   187.40000000000001             4747        3139        4787
   187.60000000000002             4742        3146        4785
   187.80000000000001             4748        3137        4788
   188.00000000000000             4745        3145        4783
   188.20000000000002             4746        3141        4786
   188.40000000000001             4748        3141        4784
   188.60000000000002             4747        3139        4787
   188.80000000000001             4743        3138        4792
   189.00000000000000             4742        3136        4795
   189.20000000000002             4737        3144        4792
   189.40000000000001             4742        3144        4787
   189.60000000000002             4743        3140        4790
   189.80000000000001             4742        3143        4788
   190.00000000000000             4741        3144        4788
   190.20000000000002             4743        3141        4789
   190.40000000000001             4741        3142        4790
   190.60000000000002             4743        3141        4789
   190.80000000000001             4745        3144        4784
   191.00000000000000             4743        3139        4791
   191.20000000000002             4742        3144        4787
   191.40000000000001             4739        3146        4788
   191.60000000000002             4741        3139        4793
   191.80000000000001             4742        3139        4792
   192.00000000000000             4738        3140        4795
   192.20000000000002             4738        3142        4793
   192.40000000000001             4739        3143        4791
   192.60000000000002             4738        3144        4791
   192.80000000000001             4740        3145        4788
   193.00000000000000             4741        3144        4788
   193.20000000000002             4742        3141        4790
   193.40000000000001             4740        3145        4788
   193.60000000000002             4738        3151        4784
   193.80000000000001             4741        3147        4785
   194.00000000000000             4740        3143        4790
   194.20000000000002             4742        3138        4793
   194.40000000000001             4739        3147        4787
   194.60000000000002             4740        3143        4790
   194.80000000000001             4739        3149        4785
   195.00000000000000             4740        3147        4786
   195.20000000000002             4737        3148        4788
   195.40000000000001             4733        3155        4785
   195.60000000000002             4732        3152        4789
   195.80000000000001             4733        3151        4789
   196.00000000000000             4733        3151        4789
   196.20000000000002             4736        3149        4788
   196.40000000000001             4739        3143        4791
   196.60000000000002             4740        3146        4787
   196.80000000000001             4741        3146        4786
   197.00000000000000             4736        3153        4784
   197.20000000000002             4735        3153        4785
   197.40000000000001             4731        3157        4785
   197.60000000000002             4735        3156        4782
   197.80000000000001             4735        3156        4782
   198.00000000000000             4735        3153        4785
   198.20000000000002             4735        3162        4776
   198.40000000000001             4740        3152        4781
   198.60000000000002             4733        3159        4781
   198.80000000000001             4733        3155        4785
   199.00000000000000             4734        3158        4781
   199.20000000000002             4738        3154        4781
   199.40000000000001             4736        3161        4776
   199.60000000000002             4738        3153        4782
   199.80000000000001             4735        3158        4780
   200.00000000000000             4738        3148        4787
