# Ion number density
# The last    3 ion types are fixed
# Average over 473981 steps
# z (au)        total        A            Im1          Im2          Im3          N            C            Me           C1           C2           P
0.295745853 0.049629309 0.000000000 0.000000000 0.000000000 0.000000000 0.000000000 0.000000000 0.000000000 0.000000000 0.000000000 0.049629309
0.887237560 0.000000000 0.000000000 0.000000000 0.000000000 0.000000000 0.000000000 0.000000000 0.000000000 0.000000000 0.000000000 0.000000000
1.478729267 0.000000000 0.000000000 0.000000000 0.000000000 0.000000000 0.000000000 0.000000000 0.000000000 0.000000000 0.000000000 0.000000000
2.070220974 0.000000000 0.000000000 0.000000000 0.000000000 0.000000000 0.000000000 0.000000000 0.000000000 0.000000000 0.000000000 0.000000000
2.661712681 0.000000000 0.000000000 0.000000000 0.000000000 0.000000000 0.000000000 0.000000000 0.000000000 0.000000000 0.000000000 0.000000000
3.253204387 0.000000000 0.000000000 0.000000000 0.000000000 0.000000000 0.000000000 0.000000000 0.000000000 0.000000000 0.000000000 0.000000000
3.844696094 0.000992586 0.000000000 0.000000000 0.000000000 0.000000000 0.000000000 0.000000000 0.000000000 0.000992586 0.000000000 0.000000000
4.436187801 0.010423668 0.000000000 0.000000000 0.000000288 0.000000000 0.000001224 0.000000000 0.000000000 0.010422155 0.000000000 0.000000000
5.027679508 0.007733558 0.000000000 0.000000000 0.000006744 0.000000000 0.000033247 0.000000000 0.000001024 0.007692543 0.000000000 0.000000000
5.619171215 0.010507196 0.000000000 0.000000060 0.000042085 0.000000000 0.000230504 0.000015549 0.000044989 0.010174008 0.000000000 0.000000000
6.210662922 0.010026643 0.000000322 0.000000801 0.000089683 0.000001920 0.000489062 0.000264141 0.000247438 0.008933276 0.000000000 0.000000000
6.802154628 0.012073192 0.000034508 0.000008867 0.000090824 0.000015347 0.000451566 0.000477884 0.000323896 0.010670301 0.000000000 0.000000000
7.393646335 0.010800902 0.000150005 0.000028029 0.000058117 0.000028918 0.000263681 0.000463001 0.000379581 0.009429569 0.000000000 0.000000000
7.985138042 0.010718608 0.000083272 0.000040297 0.000036307 0.000024113 0.000174072 0.000303013 0.000379818 0.009677715 0.000000000 0.000000000
8.576629749 0.008679509 0.000021786 0.000042227 0.000019207 0.000018104 0.000131761 0.000210824 0.000294911 0.007940689 0.000000000 0.000000000
9.168121456 0.011347712 0.000023383 0.000038757 0.000013844 0.000013024 0.000131289 0.000215842 0.000241272 0.010670301 0.000000000 0.000000000
9.759613162 0.008657417 0.000027901 0.000036513 0.000011483 0.000010578 0.000144260 0.000227205 0.000258787 0.007940689 0.000000000 0.000000000
10.351104869 0.008148870 0.000045462 0.000039066 0.000013108 0.000008896 0.000151197 0.000187904 0.000258839 0.007444396 0.000000000 0.000000000
10.942596576 0.008693172 0.000090718 0.000041741 0.000032837 0.000019505 0.000176527 0.000150925 0.000240230 0.007940689 0.000000000 0.000000000
11.534088283 0.008056025 0.000187377 0.000039659 0.000054290 0.000032091 0.000186033 0.000161068 0.000199256 0.007196250 0.000000000 0.000000000
12.125579990 0.011353115 0.000275748 0.000034306 0.000040705 0.000053942 0.000180202 0.000176948 0.000169110 0.010422155 0.000000000 0.000000000
12.717071697 0.010112654 0.000226956 0.000042700 0.000036414 0.000065281 0.000186584 0.000186843 0.000186454 0.009181422 0.000000000 0.000000000
13.308563403 0.010343655 0.000152606 0.000053184 0.000041680 0.000059102 0.000203576 0.000202382 0.000201556 0.009429569 0.000000000 0.000000000
13.900055110 0.010142266 0.000142006 0.000060871 0.000049948 0.000054973 0.000229472 0.000217362 0.000206212 0.009181422 0.000000000 0.000000000
14.491546817 0.007698752 0.000142734 0.000054958 0.000059095 0.000062020 0.000255470 0.000217200 0.000207318 0.006699957 0.000000000 0.000000000
15.083038524 0.008230897 0.000117929 0.000051864 0.000075879 0.000066948 0.000270330 0.000233944 0.000217755 0.007196250 0.000000000 0.000000000
15.674530231 0.010270344 0.000068130 0.000068753 0.000089092 0.000086752 0.000272101 0.000279352 0.000224740 0.009181422 0.000000000 0.000000000
16.266021937 0.009059896 0.000034195 0.000103288 0.000121559 0.000092357 0.000262445 0.000285720 0.000219641 0.007940689 0.000000000 0.000000000
16.857513644 0.007821904 0.000035096 0.000119555 0.000148851 0.000091550 0.000256075 0.000248796 0.000222024 0.006699957 0.000000000 0.000000000
17.449005351 0.008081163 0.000047574 0.000123737 0.000146511 0.000109991 0.000245775 0.000226550 0.000232922 0.006948103 0.000000000 0.000000000
18.040497058 0.008912103 0.000083976 0.000168691 0.000134996 0.000128423 0.000224115 0.000226680 0.000252680 0.007692543 0.000000000 0.000000000
18.631988765 0.008323333 0.000104486 0.000211985 0.000131737 0.000181276 0.000227780 0.000222115 0.000295851 0.006948103 0.000000000 0.000000000
19.223480471 0.009489063 0.000089382 0.000197703 0.000155441 0.000253079 0.000251534 0.000248111 0.000353123 0.007940689 0.000000000 0.000000000
19.814972178 0.007080230 0.000082736 0.000148960 0.000178317 0.000256046 0.000281311 0.000296140 0.000377496 0.005459224 0.000000000 0.000000000
20.406463885 0.008310271 0.000091234 0.000135075 0.000154512 0.000195655 0.000325883 0.000366567 0.000341389 0.006699957 0.000000000 0.000000000
20.997955592 0.008353699 0.000145257 0.000190221 0.000114891 0.000149594 0.000376463 0.000375182 0.000302135 0.006699957 0.000000000 0.000000000
21.589447299 0.007825391 0.000192868 0.000201926 0.000106791 0.000117749 0.000385249 0.000342211 0.000274933 0.006203664 0.000000000 0.000000000
22.180939006 0.007233719 0.000165752 0.000189642 0.000119267 0.000096688 0.000379070 0.000346534 0.000229396 0.005707371 0.000000000 0.000000000
22.772430712 0.005683757 0.000126153 0.000181449 0.000125813 0.000101127 0.000373505 0.000334186 0.000223034 0.004218491 0.000000000 0.000000000
23.363922419 0.011054127 0.000096145 0.000151981 0.000132812 0.000118271 0.000337034 0.000284569 0.000255601 0.009677715 0.000000000 0.000000000
23.955414126 0.004999125 0.000099588 0.000116948 0.000130317 0.000133877 0.000280086 0.000273930 0.000242181 0.003722198 0.000000000 0.000000000
24.546905833 0.007997144 0.000113555 0.000093233 0.000123939 0.000173854 0.000267319 0.000297957 0.000227331 0.006699957 0.000000000 0.000000000
25.138397540 0.009557300 0.000116527 0.000091129 0.000150495 0.000206796 0.000274292 0.000300865 0.000228361 0.008188836 0.000000000 0.000000000
25.729889246 0.008127931 0.000175324 0.000085575 0.000158105 0.000232885 0.000274349 0.000259185 0.000242552 0.006699957 0.000000000 0.000000000
26.321380953 0.009011439 0.000208345 0.000071035 0.000124220 0.000219759 0.000247347 0.000208909 0.000239281 0.007692543 0.000000000 0.000000000
26.912872660 0.008125377 0.000188271 0.000076896 0.000103200 0.000175305 0.000217020 0.000182841 0.000233740 0.006948103 0.000000000 0.000000000
27.504364367 0.006100148 0.000190466 0.000090383 0.000101765 0.000149230 0.000195193 0.000172664 0.000237516 0.004962931 0.000000000 0.000000000
28.095856074 0.006484302 0.000241858 0.000130081 0.000107816 0.000162648 0.000188301 0.000183366 0.000259155 0.005211077 0.000000000 0.000000000
28.687347780 0.008831307 0.000205713 0.000163456 0.000118539 0.000186510 0.000191914 0.000225471 0.000295308 0.007444396 0.000000000 0.000000000
29.278839487 0.007178243 0.000150366 0.000154819 0.000134377 0.000198255 0.000211979 0.000296083 0.000324992 0.005707371 0.000000000 0.000000000
29.870331194 0.006240817 0.000146486 0.000148529 0.000151743 0.000187129 0.000246591 0.000332024 0.000313531 0.004714784 0.000000000 0.000000000
30.461822901 0.006265338 0.000162156 0.000184729 0.000172724 0.000172860 0.000277280 0.000298100 0.000282704 0.004714784 0.000000000 0.000000000
31.053314608 0.007603651 0.000181408 0.000250779 0.000190906 0.000177814 0.000332760 0.000256764 0.000257701 0.005955517 0.000000000 0.000000000
31.644806315 0.007987087 0.000196662 0.000295679 0.000189371 0.000206997 0.000361095 0.000258175 0.000275445 0.006203664 0.000000000 0.000000000
32.236298021 0.006652956 0.000235679 0.000296469 0.000186916 0.000233398 0.000378407 0.000290665 0.000316639 0.004714784 0.000000000 0.000000000
32.827789728 0.007431048 0.000240336 0.000256633 0.000181333 0.000241685 0.000350896 0.000342568 0.000358374 0.005459224 0.000000000 0.000000000
33.419281435 0.007937688 0.000230377 0.000250104 0.000196080 0.000224002 0.000303792 0.000383643 0.000394173 0.005955517 0.000000000 0.000000000
34.010773142 0.006111269 0.000203423 0.000231079 0.000219717 0.000179089 0.000288387 0.000398521 0.000372562 0.004218491 0.000000000 0.000000000
34.602264849 0.006171570 0.000138293 0.000202057 0.000213627 0.000149728 0.000312790 0.000369121 0.000319316 0.004466638 0.000000000 0.000000000
35.193756555 0.006756804 0.000121121 0.000176752 0.000206709 0.000129204 0.000324090 0.000309977 0.000277873 0.005211077 0.000000000 0.000000000
35.785248262 0.009167490 0.000123605 0.000155224 0.000204312 0.000116726 0.000323686 0.000269270 0.000282125 0.007692543 0.000000000 0.000000000
36.376739969 0.005527261 0.000139011 0.000149286 0.000207025 0.000110158 0.000351140 0.000266529 0.000333765 0.003970345 0.000000000 0.000000000
36.968231676 0.006485352 0.000161914 0.000149080 0.000215201 0.000102443 0.000414215 0.000329310 0.000398404 0.004714784 0.000000000 0.000000000
37.559723383 0.009899583 0.000191440 0.000145505 0.000212418 0.000095760 0.000474909 0.000433842 0.000405020 0.007940689 0.000000000 0.000000000
38.151215090 0.009456496 0.000210496 0.000125763 0.000186856 0.000116480 0.000445820 0.000519830 0.000406856 0.007444396 0.000000000 0.000000000
38.742706796 0.007213993 0.000220292 0.000116589 0.000161265 0.000161974 0.000392148 0.000508271 0.000442377 0.005211077 0.000000000 0.000000000
39.334198503 0.005513293 0.000201057 0.000115416 0.000157428 0.000227310 0.000386903 0.000475899 0.000475230 0.003474052 0.000000000 0.000000000
39.925690210 0.007411237 0.000168915 0.000111533 0.000168584 0.000193206 0.000395113 0.000467953 0.000446712 0.005459224 0.000000000 0.000000000
40.517181917 0.006464514 0.000128396 0.000122482 0.000170405 0.000157443 0.000347581 0.000400821 0.000422602 0.004714784 0.000000000 0.000000000
41.108673624 0.008564560 0.000129672 0.000138616 0.000151268 0.000151061 0.000315336 0.000324926 0.000405577 0.006948103 0.000000000 0.000000000
41.700165330 0.006292491 0.000165514 0.000161548 0.000132475 0.000149258 0.000307524 0.000286411 0.000374977 0.004714784 0.000000000 0.000000000
42.291657037 0.006756640 0.000184258 0.000163028 0.000130990 0.000145252 0.000320284 0.000268844 0.000332908 0.005211077 0.000000000 0.000000000
42.883148744 0.006978491 0.000183544 0.000162192 0.000137153 0.000146089 0.000330795 0.000274213 0.000285281 0.005459224 0.000000000 0.000000000
43.474640451 0.005746848 0.000190658 0.000191378 0.000135617 0.000140549 0.000324309 0.000287991 0.000257855 0.004218491 0.000000000 0.000000000
44.066132158 0.006453597 0.000165179 0.000198864 0.000124181 0.000130151 0.000324981 0.000278738 0.000268572 0.004962931 0.000000000 0.000000000
44.657623864 0.005685073 0.000179143 0.000156845 0.000117390 0.000115178 0.000327385 0.000282180 0.000288460 0.004218491 0.000000000 0.000000000
45.249115571 0.006484315 0.000222900 0.000109656 0.000127504 0.000107947 0.000336482 0.000297718 0.000319178 0.004962931 0.000000000 0.000000000
45.840607278 0.008295670 0.000180683 0.000105035 0.000132857 0.000114634 0.000356026 0.000351215 0.000355264 0.006699957 0.000000000 0.000000000
46.432098985 0.007327160 0.000093656 0.000112357 0.000127519 0.000116252 0.000364680 0.000406180 0.000399144 0.005707371 0.000000000 0.000000000
47.023590692 0.007205180 0.000054692 0.000103450 0.000116923 0.000103479 0.000352776 0.000381566 0.000384925 0.005707371 0.000000000 0.000000000
47.615082399 0.005131736 0.000055499 0.000093105 0.000105112 0.000097241 0.000351191 0.000373740 0.000333650 0.003722198 0.000000000 0.000000000
48.206574105 0.009324925 0.000053745 0.000093716 0.000092258 0.000107094 0.000352879 0.000382596 0.000301947 0.007940689 0.000000000 0.000000000
48.798065812 0.006610640 0.000049875 0.000086734 0.000086307 0.000099756 0.000392396 0.000395368 0.000289125 0.005211077 0.000000000 0.000000000
49.389557519 0.007098474 0.000048009 0.000084070 0.000082012 0.000093547 0.000425334 0.000361619 0.000296514 0.005707371 0.000000000 0.000000000
49.981049226 0.006419631 0.000047903 0.000094625 0.000084316 0.000098360 0.000445931 0.000367297 0.000318269 0.004962931 0.000000000 0.000000000
50.572540933 0.006307470 0.000058967 0.000102183 0.000088349 0.000135673 0.000467058 0.000398420 0.000342037 0.004714784 0.000000000 0.000000000
51.164032639 0.009350693 0.000082835 0.000104502 0.000097175 0.000167238 0.000413091 0.000399123 0.000394187 0.007692543 0.000000000 0.000000000
51.755524346 0.006486167 0.000252471 0.000088302 0.000103310 0.000155636 0.000354424 0.000398460 0.000418782 0.004714784 0.000000000 0.000000000
52.347016053 0.008312499 0.000122460 0.000101877 0.000102262 0.000131238 0.000350617 0.000397231 0.000406856 0.006699957 0.000000000 0.000000000
52.938507760 0.007544308 0.000088900 0.000119731 0.000100542 0.000110373 0.000365787 0.000405822 0.000397635 0.005955517 0.000000000 0.000000000
53.529999467 0.007916690 0.000073388 0.000101985 0.000088268 0.000085037 0.000356823 0.000386146 0.000373231 0.006451810 0.000000000 0.000000000
54.121491174 0.007100778 0.000116616 0.000072926 0.000077887 0.000077364 0.000358120 0.000337543 0.000352951 0.005707371 0.000000000 0.000000000
54.712982880 0.011795410 0.000170809 0.000076884 0.000072872 0.000077465 0.000343154 0.000309834 0.000322238 0.010422155 0.000000000 0.000000000
55.304474587 0.011235277 0.000166351 0.000078262 0.000068111 0.000088559 0.000313322 0.000290493 0.000304318 0.009925862 0.000000000 0.000000000
55.895966294 0.007226058 0.000154415 0.000079866 0.000071287 0.000092352 0.000292774 0.000285243 0.000294606 0.005955517 0.000000000 0.000000000
56.487458001 0.010404650 0.000132605 0.000083302 0.000070703 0.000096933 0.000296430 0.000269105 0.000274151 0.009181422 0.000000000 0.000000000
57.078949708 0.011403724 0.000111267 0.000090713 0.000072843 0.000082650 0.000326279 0.000266545 0.000279419 0.010174008 0.000000000 0.000000000
57.670441414 0.008266947 0.000107654 0.000095877 0.000080931 0.000076800 0.000366995 0.000285895 0.000304693 0.006948103 0.000000000 0.000000000
58.261933121 0.008632992 0.000110900 0.000091144 0.000093383 0.000070224 0.000396321 0.000332240 0.000342530 0.007196250 0.000000000 0.000000000
58.853424828 0.009266754 0.000132624 0.000078250 0.000108128 0.000065821 0.000427505 0.000385101 0.000376781 0.007692543 0.000000000 0.000000000
59.444916535 0.008663148 0.000154482 0.000075208 0.000123379 0.000063467 0.000448603 0.000439872 0.000410036 0.006948103 0.000000000 0.000000000
60.036408242 0.007498866 0.000154006 0.000084984 0.000120691 0.000059942 0.000438100 0.000497015 0.000436757 0.005707371 0.000000000 0.000000000
60.627899948 0.007769507 0.000130418 0.000098814 0.000099746 0.000053016 0.000462821 0.000515695 0.000453480 0.005955517 0.000000000 0.000000000
61.219391655 0.009579133 0.000112027 0.000101746 0.000092692 0.000054066 0.000512462 0.000523685 0.000489913 0.007692543 0.000000000 0.000000000
61.810883362 0.007876332 0.000102683 0.000098288 0.000085739 0.000063964 0.000483227 0.000551450 0.000535464 0.005955517 0.000000000 0.000000000
62.402375069 0.009573692 0.000084431 0.000089837 0.000081807 0.000072257 0.000463891 0.000514783 0.000574141 0.007692543 0.000000000 0.000000000
62.993866776 0.008232939 0.000070734 0.000083093 0.000083486 0.000070818 0.000437201 0.000483793 0.000552004 0.006451810 0.000000000 0.000000000
63.585358483 0.011077241 0.000053664 0.000079711 0.000088569 0.000068976 0.000418469 0.000466083 0.000472201 0.009429569 0.000000000 0.000000000
64.176850189 0.006959616 0.000052489 0.000073427 0.000079037 0.000071881 0.000401966 0.000408954 0.000412637 0.005459224 0.000000000 0.000000000
64.768341896 0.005885719 0.000057260 0.000065764 0.000074451 0.000072844 0.000404063 0.000362040 0.000382661 0.004466638 0.000000000 0.000000000
65.359833603 0.008634488 0.000078610 0.000063582 0.000073836 0.000077269 0.000419635 0.000357635 0.000367671 0.007196250 0.000000000 0.000000000
65.951325310 0.009616166 0.000098356 0.000062201 0.000071808 0.000070082 0.000417536 0.000344648 0.000362699 0.008188836 0.000000000 0.000000000
66.542817017 0.006943323 0.000101519 0.000058134 0.000076943 0.000062862 0.000441415 0.000378232 0.000364994 0.005459224 0.000000000 0.000000000
67.134308723 0.008250695 0.000097795 0.000053517 0.000078304 0.000056915 0.000467885 0.000424772 0.000371551 0.006699957 0.000000000 0.000000000
67.725800430 0.010037624 0.000096383 0.000053633 0.000070400 0.000055170 0.000480401 0.000441412 0.000403243 0.008436983 0.000000000 0.000000000
68.317292137 0.009153077 0.000103831 0.000048738 0.000062399 0.000051380 0.000506731 0.000464694 0.000470909 0.007444396 0.000000000 0.000000000
68.908783844 0.007781618 0.000106747 0.000046665 0.000048625 0.000048503 0.000534155 0.000528861 0.000512546 0.005955517 0.000000000 0.000000000
69.500275551 0.008022018 0.000088559 0.000045522 0.000045492 0.000045993 0.000541143 0.000577494 0.000474151 0.006203664 0.000000000 0.000000000
70.091767258 0.008553336 0.000074395 0.000049179 0.000049919 0.000049416 0.000554696 0.000599805 0.000475969 0.006699957 0.000000000 0.000000000
70.683258964 0.007325743 0.000058235 0.000063632 0.000058495 0.000062360 0.000553765 0.000554318 0.000515713 0.005459224 0.000000000 0.000000000
71.274750671 0.010532329 0.000044775 0.000079194 0.000060175 0.000071310 0.000529727 0.000507624 0.000554395 0.008685129 0.000000000 0.000000000
71.866242378 0.009027637 0.000064660 0.000083184 0.000061831 0.000065395 0.000504337 0.000505755 0.000546225 0.007196250 0.000000000 0.000000000
72.457734085 0.005573549 0.000126617 0.000079158 0.000066177 0.000065068 0.000495362 0.000505480 0.000513488 0.003722198 0.000000000 0.000000000
73.049225792 0.008567149 0.000187184 0.000073341 0.000073243 0.000063942 0.000499909 0.000493293 0.000476280 0.006699957 0.000000000 0.000000000
73.640717498 0.007322301 0.000202379 0.000070430 0.000076891 0.000063678 0.000469528 0.000523992 0.000456180 0.005459224 0.000000000 0.000000000
74.232209205 0.010505816 0.000161895 0.000076466 0.000078525 0.000066252 0.000437197 0.000517029 0.000483323 0.008685129 0.000000000 0.000000000
74.823700912 0.008145552 0.000099071 0.000079995 0.000073465 0.000080221 0.000435224 0.000425066 0.000500699 0.006451810 0.000000000 0.000000000
75.415192619 0.009296421 0.000085053 0.000085231 0.000063195 0.000097697 0.000448475 0.000377308 0.000446921 0.007692543 0.000000000 0.000000000
76.006684326 0.009994561 0.000087822 0.000073573 0.000060316 0.000084663 0.000458089 0.000388039 0.000405077 0.008436983 0.000000000 0.000000000
76.598176032 0.008182010 0.000068610 0.000057562 0.000062076 0.000074414 0.000430014 0.000414295 0.000375083 0.006699957 0.000000000 0.000000000
77.189667739 0.007141586 0.000067519 0.000052636 0.000056911 0.000068912 0.000412096 0.000416710 0.000359431 0.005707371 0.000000000 0.000000000
77.781159446 0.008124667 0.000080511 0.000049071 0.000052271 0.000057075 0.000404372 0.000410473 0.000370937 0.006699957 0.000000000 0.000000000
78.372651153 0.008430798 0.000098546 0.000052745 0.000052251 0.000056126 0.000415560 0.000411431 0.000396035 0.006948103 0.000000000 0.000000000
78.964142860 0.010951489 0.000128753 0.000050942 0.000048985 0.000053981 0.000422533 0.000400758 0.000415970 0.009429569 0.000000000 0.000000000
79.555634567 0.008687919 0.000123747 0.000049881 0.000049420 0.000059255 0.000400933 0.000395609 0.000412823 0.007196250 0.000000000 0.000000000
80.147126273 0.008035280 0.000244100 0.000048648 0.000053644 0.000052540 0.000384603 0.000385760 0.000414174 0.006451810 0.000000000 0.000000000
80.738617980 0.009969507 0.000213674 0.000049472 0.000052079 0.000050224 0.000390528 0.000376675 0.000399873 0.008436983 0.000000000 0.000000000
81.330109687 0.010120553 0.000123652 0.000049025 0.000047645 0.000049810 0.000435459 0.000356724 0.000373109 0.008685129 0.000000000 0.000000000
81.921601394 0.007634614 0.000113738 0.000041768 0.000046092 0.000052522 0.000447788 0.000365226 0.000363816 0.006203664 0.000000000 0.000000000
82.513093101 0.009871829 0.000102567 0.000040876 0.000046034 0.000049182 0.000428247 0.000407977 0.000359964 0.008436983 0.000000000 0.000000000
83.104584807 0.007402605 0.000098989 0.000046749 0.000046438 0.000053212 0.000414106 0.000436918 0.000350674 0.005955517 0.000000000 0.000000000
83.696076514 0.010357656 0.000100882 0.000051886 0.000049979 0.000054543 0.000400528 0.000415456 0.000351107 0.008933276 0.000000000 0.000000000
84.287568221 0.009103652 0.000110463 0.000052888 0.000050885 0.000054651 0.000405267 0.000378180 0.000358775 0.007692543 0.000000000 0.000000000
84.879059928 0.011376442 0.000123996 0.000051000 0.000053900 0.000055478 0.000425989 0.000373299 0.000366918 0.009925862 0.000000000 0.000000000
85.470551635 0.008744784 0.000137850 0.000051154 0.000062795 0.000054933 0.000441765 0.000398843 0.000401194 0.007196250 0.000000000 0.000000000
86.062043341 0.004174937 0.000165440 0.000053116 0.000070348 0.000057353 0.000462549 0.000452507 0.000432158 0.002481465 0.000000000 0.000000000
86.653535048 0.001852547 0.000218896 0.000060408 0.000084091 0.000064862 0.000482328 0.000476085 0.000465877 0.000000000 0.000000000 0.000000000
87.245026755 0.002021053 0.000251207 0.000074922 0.000094738 0.000076109 0.000508576 0.000512614 0.000502888 0.000000000 0.000000000 0.000000000
87.836518462 0.002225259 0.000249047 0.000091785 0.000108191 0.000091782 0.000553345 0.000565597 0.000565511 0.000000000 0.000000000 0.000000000
88.428010169 0.002484778 0.000252558 0.000104115 0.000117450 0.000104267 0.000640569 0.000609415 0.000656403 0.000000000 0.000000000 0.000000000
89.019501876 0.002934268 0.000261452 0.000111708 0.000142262 0.000124204 0.000810207 0.000712756 0.000771680 0.000000000 0.000000000 0.000000000
89.610993582 0.003589790 0.000285299 0.000122078 0.000176252 0.000146871 0.001064583 0.000882383 0.000912322 0.000000000 0.000000000 0.000000000
90.202485289 0.004334660 0.000309700 0.000140171 0.000214029 0.000187491 0.001240504 0.001141146 0.001101620 0.000000000 0.000000000 0.000000000
90.793976996 0.005020575 0.000376675 0.000164189 0.000240691 0.000245754 0.001298021 0.001396319 0.001298925 0.000000000 0.000000000 0.000000000
91.385468703 0.005217521 0.000410056 0.000207779 0.000250137 0.000302993 0.001156773 0.001457443 0.001432340 0.000000000 0.000000000 0.000000000
91.976960410 0.004793706 0.000376057 0.000257898 0.000241076 0.000334729 0.000950306 0.001281672 0.001351967 0.000000000 0.000000000 0.000000000
92.568452116 0.004143015 0.000296571 0.000300945 0.000227254 0.000313981 0.000790568 0.001055883 0.001157812 0.000000000 0.000000000 0.000000000
93.159943823 0.003612068 0.000215272 0.000320014 0.000227409 0.000272623 0.000707916 0.000894217 0.000974616 0.000000000 0.000000000 0.000000000
93.751435530 0.003277560 0.000174093 0.000295892 0.000229442 0.000238516 0.000710304 0.000763539 0.000865774 0.000000000 0.000000000 0.000000000
94.342927237 0.003109741 0.000157531 0.000292984 0.000242057 0.000219898 0.000722606 0.000678632 0.000796033 0.000000000 0.000000000 0.000000000
94.934418944 0.003137197 0.000161717 0.000301353 0.000258317 0.000206762 0.000787630 0.000662615 0.000758806 0.000000000 0.000000000 0.000000000
95.525910651 0.003230700 0.000179070 0.000313556 0.000273450 0.000214160 0.000829040 0.000687808 0.000733614 0.000000000 0.000000000 0.000000000
96.117402357 0.003406690 0.000205479 0.000307220 0.000273517 0.000234340 0.000882401 0.000761297 0.000742436 0.000000000 0.000000000 0.000000000
96.708894064 0.003649989 0.000238385 0.000298858 0.000292083 0.000266243 0.000929056 0.000826034 0.000799330 0.000000000 0.000000000 0.000000000
97.300385771 0.003833296 0.000270797 0.000283733 0.000301439 0.000281357 0.000960577 0.000891712 0.000843682 0.000000000 0.000000000 0.000000000
97.891877478 0.003970466 0.000294521 0.000280311 0.000297837 0.000286128 0.000971426 0.000951729 0.000888514 0.000000000 0.000000000 0.000000000
98.483369185 0.004046355 0.000334880 0.000283957 0.000294292 0.000277493 0.000950204 0.000990385 0.000915145 0.000000000 0.000000000 0.000000000
99.074860891 0.004021592 0.000337096 0.000296292 0.000294560 0.000277498 0.000913149 0.000985690 0.000917306 0.000000000 0.000000000 0.000000000
99.666352598 0.003902555 0.000333657 0.000289555 0.000290461 0.000275379 0.000868474 0.000947989 0.000897039 0.000000000 0.000000000 0.000000000
100.257844305 0.003735870 0.000312579 0.000282167 0.000284996 0.000275346 0.000833736 0.000890622 0.000856423 0.000000000 0.000000000 0.000000000
100.849336012 0.003541029 0.000286213 0.000262152 0.000271786 0.000261374 0.000799893 0.000832291 0.000827320 0.000000000 0.000000000 0.000000000
101.440827719 0.003406076 0.000275417 0.000250340 0.000267575 0.000259658 0.000775186 0.000779814 0.000798086 0.000000000 0.000000000 0.000000000
102.032319425 0.003343363 0.000265782 0.000254338 0.000266696 0.000260932 0.000753582 0.000743553 0.000798480 0.000000000 0.000000000 0.000000000
102.623811132 0.003323714 0.000266783 0.000258596 0.000272780 0.000264820 0.000744726 0.000728873 0.000787137 0.000000000 0.000000000 0.000000000
103.215302839 0.003362454 0.000287326 0.000266487 0.000270170 0.000281041 0.000742307 0.000733211 0.000781912 0.000000000 0.000000000 0.000000000
103.806794546 0.003458784 0.000306784 0.000281311 0.000277827 0.000297279 0.000741892 0.000750351 0.000803340 0.000000000 0.000000000 0.000000000
104.398286253 0.003545569 0.000329150 0.000282984 0.000287220 0.000314250 0.000744179 0.000768339 0.000819448 0.000000000 0.000000000 0.000000000
104.989777960 0.003618722 0.000348678 0.000293678 0.000292198 0.000326758 0.000756480 0.000773206 0.000827726 0.000000000 0.000000000 0.000000000
105.581269666 0.003676702 0.000360575 0.000307713 0.000292963 0.000319802 0.000768232 0.000784629 0.000842789 0.000000000 0.000000000 0.000000000
106.172761373 0.003670242 0.000341693 0.000312106 0.000296764 0.000311358 0.000764393 0.000807158 0.000836771 0.000000000 0.000000000 0.000000000
106.764253080 0.003588652 0.000319812 0.000302577 0.000293180 0.000303228 0.000764535 0.000801672 0.000803648 0.000000000 0.000000000 0.000000000
107.355744787 0.003540719 0.000309860 0.000306892 0.000295491 0.000301497 0.000761797 0.000788671 0.000776511 0.000000000 0.000000000 0.000000000
107.947236494 0.003495999 0.000297257 0.000301669 0.000300743 0.000299113 0.000771555 0.000770716 0.000754944 0.000000000 0.000000000 0.000000000
108.538728200 0.003447305 0.000280482 0.000295549 0.000301446 0.000294844 0.000772440 0.000746787 0.000755757 0.000000000 0.000000000 0.000000000
109.130219907 0.003432105 0.000265299 0.000291229 0.000308299 0.000294803 0.000757332 0.000764015 0.000751127 0.000000000 0.000000000 0.000000000
109.721711614 0.003440899 0.000274278 0.000302788 0.000311749 0.000291424 0.000752768 0.000757155 0.000750738 0.000000000 0.000000000 0.000000000
110.313203321 0.003469985 0.000285635 0.000290209 0.000306153 0.000301623 0.000771535 0.000759720 0.000755110 0.000000000 0.000000000 0.000000000
110.904695028 0.003506637 0.000297857 0.000283786 0.000311183 0.000297077 0.000783186 0.000758420 0.000775129 0.000000000 0.000000000 0.000000000
111.496186735 0.003554493 0.000302713 0.000297655 0.000308618 0.000285831 0.000789634 0.000776453 0.000793589 0.000000000 0.000000000 0.000000000
112.087678441 0.003608378 0.000314131 0.000304428 0.000306068 0.000294550 0.000798863 0.000788932 0.000801406 0.000000000 0.000000000 0.000000000
112.679170148 0.003638172 0.000321531 0.000307716 0.000310718 0.000300739 0.000790225 0.000808704 0.000798537 0.000000000 0.000000000 0.000000000
113.270661855 0.003659047 0.000313091 0.000319092 0.000308492 0.000308620 0.000796098 0.000818163 0.000795490 0.000000000 0.000000000 0.000000000
113.862153562 0.003597786 0.000301170 0.000331823 0.000297304 0.000296982 0.000799184 0.000798181 0.000773140 0.000000000 0.000000000 0.000000000
114.453645269 0.003529714 0.000297812 0.000314591 0.000296447 0.000297800 0.000791052 0.000783304 0.000748706 0.000000000 0.000000000 0.000000000
115.045136975 0.003487410 0.000296286 0.000296776 0.000293496 0.000300922 0.000781747 0.000775900 0.000742282 0.000000000 0.000000000 0.000000000
115.636628682 0.003456506 0.000285996 0.000295386 0.000289556 0.000305407 0.000779351 0.000758112 0.000742698 0.000000000 0.000000000 0.000000000
116.228120389 0.003451604 0.000286271 0.000304697 0.000293934 0.000305001 0.000764126 0.000756770 0.000740805 0.000000000 0.000000000 0.000000000
116.819612096 0.003458398 0.000290151 0.000305999 0.000308964 0.000306756 0.000757173 0.000741874 0.000747480 0.000000000 0.000000000 0.000000000
117.411103803 0.003465913 0.000292722 0.000305299 0.000309852 0.000310442 0.000764055 0.000725699 0.000757844 0.000000000 0.000000000 0.000000000
118.002595509 0.003485668 0.000294353 0.000305559 0.000304601 0.000303904 0.000774988 0.000741747 0.000760516 0.000000000 0.000000000 0.000000000
118.594087216 0.003523270 0.000289344 0.000315294 0.000308618 0.000310567 0.000762634 0.000762689 0.000774125 0.000000000 0.000000000 0.000000000
119.185578923 0.003558902 0.000300651 0.000308433 0.000314789 0.000300771 0.000766178 0.000777714 0.000790365 0.000000000 0.000000000 0.000000000
119.777070630 0.003601519 0.000310690 0.000304981 0.000312923 0.000309513 0.000774649 0.000798470 0.000790293 0.000000000 0.000000000 0.000000000
120.368562337 0.003609085 0.000308634 0.000313604 0.000307774 0.000298882 0.000773880 0.000794781 0.000811530 0.000000000 0.000000000 0.000000000
120.960054044 0.003565552 0.000298016 0.000300748 0.000305738 0.000289457 0.000769301 0.000794520 0.000807772 0.000000000 0.000000000 0.000000000
121.551545750 0.003592109 0.000312037 0.000302779 0.000308582 0.000288864 0.000780811 0.000800595 0.000798440 0.000000000 0.000000000 0.000000000
122.143037457 0.003536621 0.000314617 0.000293911 0.000298872 0.000283424 0.000774904 0.000793665 0.000777228 0.000000000 0.000000000 0.000000000
122.734529164 0.003538157 0.000312138 0.000274351 0.000308779 0.000284864 0.000793013 0.000787345 0.000777667 0.000000000 0.000000000 0.000000000
123.326020871 0.003539430 0.000303330 0.000281091 0.000291893 0.000273836 0.000807223 0.000780757 0.000801300 0.000000000 0.000000000 0.000000000
123.917512578 0.003520767 0.000293937 0.000279875 0.000295992 0.000263974 0.000807791 0.000782594 0.000796602 0.000000000 0.000000000 0.000000000
124.509004284 0.003557909 0.000287003 0.000290726 0.000291994 0.000264500 0.000823165 0.000803393 0.000797128 0.000000000 0.000000000 0.000000000
125.100495991 0.003629454 0.000300509 0.000291462 0.000288634 0.000267182 0.000841142 0.000828335 0.000812191 0.000000000 0.000000000 0.000000000
125.691987698 0.003636975 0.000301122 0.000280158 0.000280119 0.000267210 0.000842687 0.000837576 0.000828102 0.000000000 0.000000000 0.000000000
126.283479405 0.003647000 0.000280663 0.000280468 0.000268514 0.000275305 0.000850086 0.000851835 0.000840129 0.000000000 0.000000000 0.000000000
126.874971112 0.003683889 0.000282636 0.000279139 0.000276574 0.000291006 0.000847944 0.000848183 0.000858407 0.000000000 0.000000000 0.000000000
127.466462819 0.003647384 0.000265723 0.000280339 0.000268849 0.000290219 0.000837540 0.000845865 0.000858849 0.000000000 0.000000000 0.000000000
128.057954525 0.003648929 0.000260532 0.000273277 0.000269085 0.000294889 0.000831937 0.000857925 0.000861283 0.000000000 0.000000000 0.000000000
128.649446232 0.003679430 0.000260604 0.000281502 0.000275247 0.000292219 0.000847964 0.000868029 0.000853866 0.000000000 0.000000000 0.000000000
129.240937939 0.003666314 0.000249422 0.000284752 0.000278083 0.000291835 0.000850974 0.000865248 0.000846000 0.000000000 0.000000000 0.000000000
129.832429646 0.003694577 0.000251337 0.000279140 0.000279422 0.000299519 0.000874207 0.000864420 0.000846532 0.000000000 0.000000000 0.000000000
130.423921353 0.003699569 0.000256756 0.000284368 0.000282852 0.000305606 0.000871627 0.000851994 0.000846366 0.000000000 0.000000000 0.000000000
131.015413059 0.003704657 0.000268235 0.000280245 0.000282163 0.000304123 0.000870736 0.000846136 0.000853020 0.000000000 0.000000000 0.000000000
131.606904766 0.003684850 0.000273849 0.000276645 0.000278127 0.000305868 0.000862466 0.000850247 0.000837648 0.000000000 0.000000000 0.000000000
132.198396473 0.003656400 0.000268947 0.000273394 0.000268644 0.000293914 0.000868190 0.000855941 0.000827371 0.000000000 0.000000000 0.000000000
132.789888180 0.003667298 0.000260127 0.000272842 0.000272084 0.000284493 0.000895060 0.000854415 0.000828277 0.000000000 0.000000000 0.000000000
133.381379887 0.003699348 0.000260799 0.000285652 0.000268469 0.000282352 0.000901590 0.000867271 0.000833215 0.000000000 0.000000000 0.000000000
133.972871593 0.003699513 0.000256345 0.000272968 0.000279138 0.000280509 0.000905130 0.000864945 0.000840477 0.000000000 0.000000000 0.000000000
134.564363300 0.003706973 0.000259694 0.000270814 0.000286070 0.000268229 0.000897218 0.000877461 0.000847487 0.000000000 0.000000000 0.000000000
135.155855007 0.003721588 0.000264274 0.000282677 0.000277604 0.000264780 0.000883849 0.000897308 0.000851097 0.000000000 0.000000000 0.000000000
135.747346714 0.003682705 0.000274759 0.000285797 0.000268111 0.000250248 0.000862526 0.000874234 0.000867029 0.000000000 0.000000000 0.000000000
136.338838421 0.003705631 0.000284715 0.000278197 0.000261664 0.000247767 0.000868513 0.000877514 0.000887262 0.000000000 0.000000000 0.000000000
136.930330128 0.003710556 0.000294897 0.000274631 0.000265308 0.000243465 0.000869191 0.000867817 0.000895245 0.000000000 0.000000000 0.000000000
137.521821834 0.003712949 0.000291276 0.000266766 0.000265201 0.000256841 0.000863125 0.000873293 0.000896448 0.000000000 0.000000000 0.000000000
138.113313541 0.003685593 0.000271862 0.000253035 0.000270185 0.000264911 0.000864402 0.000876170 0.000885028 0.000000000 0.000000000 0.000000000
138.704805248 0.003732603 0.000265342 0.000265044 0.000272577 0.000267194 0.000867244 0.000898628 0.000896574 0.000000000 0.000000000 0.000000000
139.296296955 0.003733299 0.000269922 0.000268953 0.000267571 0.000266768 0.000869216 0.000903584 0.000887284 0.000000000 0.000000000 0.000000000
139.887788662 0.003706592 0.000260130 0.000264481 0.000269845 0.000272120 0.000876734 0.000883696 0.000879585 0.000000000 0.000000000 0.000000000
140.479280368 0.003730745 0.000273839 0.000270975 0.000261067 0.000281471 0.000882585 0.000868057 0.000892750 0.000000000 0.000000000 0.000000000
141.070772075 0.003713314 0.000269504 0.000277318 0.000264205 0.000282390 0.000883485 0.000852899 0.000883514 0.000000000 0.000000000 0.000000000
141.662263782 0.003706687 0.000275756 0.000273383 0.000259230 0.000280311 0.000863316 0.000868816 0.000885875 0.000000000 0.000000000 0.000000000
142.253755489 0.003687049 0.000275343 0.000261861 0.000257194 0.000274772 0.000864041 0.000881865 0.000871974 0.000000000 0.000000000 0.000000000
142.845247196 0.003678688 0.000265354 0.000264021 0.000258191 0.000272882 0.000874178 0.000874253 0.000869808 0.000000000 0.000000000 0.000000000
143.436738902 0.003668251 0.000272082 0.000252764 0.000258091 0.000266956 0.000865822 0.000864588 0.000887949 0.000000000 0.000000000 0.000000000
144.028230609 0.003655743 0.000276757 0.000249392 0.000259196 0.000272197 0.000849604 0.000863382 0.000885218 0.000000000 0.000000000 0.000000000
144.619722316 0.003678182 0.000268851 0.000256372 0.000269714 0.000264596 0.000866625 0.000864557 0.000887467 0.000000000 0.000000000 0.000000000
145.211214023 0.003700088 0.000268040 0.000257029 0.000265688 0.000266382 0.000884008 0.000868310 0.000890631 0.000000000 0.000000000 0.000000000
145.802705730 0.003707709 0.000262694 0.000264669 0.000262389 0.000258862 0.000892125 0.000882153 0.000884817 0.000000000 0.000000000 0.000000000
146.394197437 0.003730398 0.000257911 0.000266498 0.000263698 0.000270870 0.000894189 0.000886089 0.000891144 0.000000000 0.000000000 0.000000000
146.985689143 0.003731050 0.000249327 0.000275979 0.000267764 0.000270001 0.000895263 0.000899473 0.000873243 0.000000000 0.000000000 0.000000000
147.577180850 0.003757328 0.000263286 0.000272783 0.000272419 0.000259580 0.000898557 0.000908928 0.000881775 0.000000000 0.000000000 0.000000000
148.168672557 0.003777353 0.000281827 0.000276550 0.000267925 0.000265207 0.000894002 0.000904338 0.000887505 0.000000000 0.000000000 0.000000000
148.760164264 0.003771124 0.000266266 0.000268390 0.000274717 0.000256732 0.000908340 0.000907360 0.000889319 0.000000000 0.000000000 0.000000000
149.351655971 0.003765415 0.000266618 0.000268713 0.000281218 0.000250991 0.000897672 0.000903109 0.000897094 0.000000000 0.000000000 0.000000000
149.943147677 0.003748985 0.000258563 0.000277968 0.000279570 0.000256791 0.000894111 0.000889694 0.000892289 0.000000000 0.000000000 0.000000000
150.534639384 0.003716538 0.000259427 0.000269692 0.000275656 0.000260274 0.000872933 0.000888650 0.000889907 0.000000000 0.000000000 0.000000000
151.126131091 0.003721847 0.000270947 0.000269372 0.000270810 0.000263589 0.000877597 0.000888527 0.000881004 0.000000000 0.000000000 0.000000000
151.717622798 0.003725319 0.000270697 0.000264553 0.000271677 0.000256882 0.000887407 0.000890155 0.000883947 0.000000000 0.000000000 0.000000000
152.309114505 0.003705939 0.000264497 0.000254314 0.000274901 0.000255672 0.000899338 0.000878798 0.000878419 0.000000000 0.000000000 0.000000000
152.900606212 0.003739601 0.000262174 0.000260336 0.000270601 0.000256278 0.000919955 0.000881529 0.000888728 0.000000000 0.000000000 0.000000000
153.492097918 0.003733295 0.000255703 0.000259159 0.000269218 0.000259195 0.000909957 0.000877015 0.000903048 0.000000000 0.000000000 0.000000000
154.083589625 0.003747076 0.000257511 0.000256966 0.000262228 0.000258796 0.000900387 0.000909090 0.000902097 0.000000000 0.000000000 0.000000000
154.675081332 0.003780651 0.000251082 0.000254129 0.000265239 0.000256379 0.000912914 0.000916243 0.000924665 0.000000000 0.000000000 0.000000000
155.266573039 0.003776446 0.000247572 0.000254802 0.000249198 0.000256853 0.000918425 0.000920480 0.000929114 0.000000000 0.000000000 0.000000000
155.858064746 0.003781159 0.000249368 0.000261707 0.000244323 0.000256339 0.000916911 0.000916354 0.000936157 0.000000000 0.000000000 0.000000000
156.449556452 0.003815494 0.000243051 0.000250618 0.000244515 0.000250842 0.000940595 0.000940273 0.000945599 0.000000000 0.000000000 0.000000000
157.041048159 0.003833918 0.000248260 0.000243993 0.000237581 0.000249137 0.000947181 0.000955656 0.000952110 0.000000000 0.000000000 0.000000000
157.632539866 0.003821893 0.000257706 0.000230038 0.000236809 0.000242211 0.000937280 0.000954888 0.000962961 0.000000000 0.000000000 0.000000000
158.224031573 0.003819182 0.000240791 0.000229421 0.000235454 0.000243793 0.000940897 0.000973926 0.000954901 0.000000000 0.000000000 0.000000000
158.815523280 0.003841191 0.000237657 0.000229041 0.000235001 0.000243478 0.000949811 0.000980300 0.000965902 0.000000000 0.000000000 0.000000000
159.407014986 0.003846406 0.000242427 0.000227045 0.000225121 0.000249661 0.000947205 0.000977892 0.000977055 0.000000000 0.000000000 0.000000000
159.998506693 0.003821968 0.000252798 0.000225678 0.000220417 0.000243779 0.000947660 0.000960347 0.000971288 0.000000000 0.000000000 0.000000000
160.589998400 0.003828298 0.000261066 0.000222912 0.000218734 0.000249766 0.000947807 0.000945073 0.000982940 0.000000000 0.000000000 0.000000000
161.181490107 0.003813797 0.000266217 0.000228541 0.000220058 0.000264286 0.000932396 0.000947372 0.000954925 0.000000000 0.000000000 0.000000000
161.772981814 0.003801741 0.000258527 0.000235026 0.000218599 0.000255684 0.000935945 0.000949239 0.000948720 0.000000000 0.000000000 0.000000000
162.364473521 0.003798929 0.000253363 0.000256124 0.000221735 0.000259545 0.000942849 0.000936942 0.000928372 0.000000000 0.000000000 0.000000000
162.955965227 0.003766169 0.000235743 0.000256104 0.000226868 0.000257343 0.000948404 0.000921589 0.000920119 0.000000000 0.000000000 0.000000000
163.547456934 0.003762089 0.000231781 0.000248047 0.000232430 0.000256954 0.000953580 0.000923398 0.000915899 0.000000000 0.000000000 0.000000000
164.138948641 0.003769223 0.000229413 0.000257106 0.000245941 0.000257805 0.000946910 0.000919047 0.000913002 0.000000000 0.000000000 0.000000000
164.730440348 0.003780026 0.000237079 0.000258256 0.000251430 0.000254528 0.000948950 0.000914808 0.000914977 0.000000000 0.000000000 0.000000000
165.321932055 0.003796526 0.000230488 0.000258104 0.000252957 0.000257765 0.000948071 0.000940139 0.000909002 0.000000000 0.000000000 0.000000000
165.913423761 0.003772739 0.000231069 0.000261872 0.000255377 0.000252274 0.000920978 0.000935536 0.000915634 0.000000000 0.000000000 0.000000000
166.504915468 0.003749245 0.000239342 0.000262808 0.000257471 0.000254291 0.000906072 0.000918190 0.000911070 0.000000000 0.000000000 0.000000000
167.096407175 0.003799251 0.000247815 0.000264217 0.000274349 0.000262326 0.000894191 0.000928513 0.000927841 0.000000000 0.000000000 0.000000000
167.687898882 0.003805557 0.000254739 0.000267553 0.000269761 0.000271738 0.000897437 0.000906418 0.000937909 0.000000000 0.000000000 0.000000000
168.279390589 0.003818531 0.000263856 0.000264995 0.000267245 0.000274364 0.000913036 0.000908803 0.000926233 0.000000000 0.000000000 0.000000000
168.870882296 0.003813937 0.000264811 0.000258996 0.000265971 0.000269858 0.000917772 0.000912389 0.000924141 0.000000000 0.000000000 0.000000000
169.462374002 0.003806796 0.000269890 0.000255274 0.000253593 0.000252750 0.000928863 0.000925615 0.000920811 0.000000000 0.000000000 0.000000000
170.053865709 0.003747369 0.000263189 0.000241844 0.000239667 0.000241107 0.000928828 0.000915741 0.000916993 0.000000000 0.000000000 0.000000000
170.645357416 0.003746010 0.000264229 0.000238339 0.000239593 0.000239329 0.000923566 0.000927814 0.000913139 0.000000000 0.000000000 0.000000000
171.236849123 0.003738366 0.000258837 0.000233411 0.000240334 0.000239068 0.000935828 0.000917615 0.000913273 0.000000000 0.000000000 0.000000000
171.828340830 0.003752255 0.000241310 0.000229231 0.000234921 0.000240607 0.000949144 0.000927122 0.000929921 0.000000000 0.000000000 0.000000000
172.419832536 0.003777133 0.000243072 0.000226261 0.000221804 0.000257389 0.000953656 0.000938533 0.000936417 0.000000000 0.000000000 0.000000000
173.011324243 0.003835668 0.000242380 0.000246241 0.000226201 0.000251538 0.000962473 0.000964630 0.000942205 0.000000000 0.000000000 0.000000000
173.602815950 0.003839609 0.000251698 0.000249054 0.000226877 0.000243623 0.000957304 0.000958638 0.000952415 0.000000000 0.000000000 0.000000000
174.194307657 0.003862215 0.000252805 0.000255904 0.000239166 0.000245648 0.000943847 0.000962196 0.000962649 0.000000000 0.000000000 0.000000000
174.785799364 0.003840566 0.000245447 0.000264079 0.000238858 0.000234453 0.000935638 0.000958786 0.000963305 0.000000000 0.000000000 0.000000000
175.377291070 0.003855308 0.000243445 0.000258884 0.000248727 0.000240024 0.000946343 0.000949450 0.000968435 0.000000000 0.000000000 0.000000000
175.968782777 0.003816282 0.000237225 0.000261729 0.000259147 0.000235692 0.000926048 0.000938759 0.000957683 0.000000000 0.000000000 0.000000000
176.560274484 0.003801512 0.000236736 0.000255563 0.000254311 0.000248101 0.000924819 0.000932361 0.000949621 0.000000000 0.000000000 0.000000000
177.151766191 0.003787171 0.000249571 0.000244761 0.000254021 0.000251399 0.000916792 0.000932843 0.000937784 0.000000000 0.000000000 0.000000000
177.743257898 0.003768275 0.000245272 0.000246045 0.000265743 0.000245341 0.000919634 0.000916020 0.000930220 0.000000000 0.000000000 0.000000000
178.334749605 0.003769315 0.000245655 0.000244136 0.000263415 0.000247150 0.000910718 0.000925033 0.000933208 0.000000000 0.000000000 0.000000000
178.926241311 0.003777058 0.000253316 0.000240596 0.000262757 0.000242841 0.000926212 0.000918664 0.000932670 0.000000000 0.000000000 0.000000000
179.517733018 0.003822883 0.000267212 0.000251149 0.000263620 0.000235835 0.000927320 0.000939047 0.000938700 0.000000000 0.000000000 0.000000000
180.109224725 0.003830157 0.000265116 0.000242709 0.000262358 0.000234562 0.000940091 0.000933493 0.000951827 0.000000000 0.000000000 0.000000000
180.700716432 0.003886213 0.000276837 0.000254719 0.000265560 0.000238324 0.000941166 0.000951822 0.000957786 0.000000000 0.000000000 0.000000000
181.292208139 0.003909217 0.000266499 0.000248364 0.000259631 0.000237493 0.000947991 0.000980529 0.000968709 0.000000000 0.000000000 0.000000000
181.883699845 0.003894683 0.000272097 0.000239120 0.000266947 0.000226243 0.000940610 0.000983848 0.000965818 0.000000000 0.000000000 0.000000000
182.475191552 0.003876201 0.000269420 0.000234625 0.000258606 0.000230650 0.000953780 0.000962667 0.000966453 0.000000000 0.000000000 0.000000000
183.066683259 0.003851410 0.000244903 0.000237288 0.000252984 0.000220656 0.000966136 0.000960527 0.000968914 0.000000000 0.000000000 0.000000000
183.658174966 0.003794174 0.000238811 0.000226727 0.000255435 0.000219776 0.000958427 0.000939398 0.000955601 0.000000000 0.000000000 0.000000000
184.249666673 0.003765344 0.000239036 0.000235235 0.000250890 0.000217935 0.000967500 0.000924090 0.000930658 0.000000000 0.000000000 0.000000000
184.841158380 0.003692452 0.000229320 0.000241840 0.000247499 0.000219722 0.000949304 0.000903233 0.000901534 0.000000000 0.000000000 0.000000000
185.432650086 0.003668627 0.000220611 0.000244146 0.000250883 0.000228778 0.000940291 0.000886676 0.000897242 0.000000000 0.000000000 0.000000000
186.024141793 0.003685952 0.000218827 0.000244486 0.000254683 0.000230818 0.000927215 0.000910616 0.000899307 0.000000000 0.000000000 0.000000000
186.615633500 0.003761479 0.000234108 0.000253502 0.000263943 0.000236350 0.000903569 0.000939571 0.000930435 0.000000000 0.000000000 0.000000000
187.207125207 0.003884322 0.000249169 0.000273676 0.000269826 0.000244722 0.000914101 0.000969535 0.000963294 0.000000000 0.000000000 0.000000000
187.798616914 0.003978836 0.000259637 0.000268527 0.000281129 0.000250936 0.000903595 0.001008936 0.001006076 0.000000000 0.000000000 0.000000000
188.390108620 0.004080971 0.000260246 0.000258999 0.000292118 0.000251549 0.000933502 0.001035792 0.001048765 0.000000000 0.000000000 0.000000000
188.981600327 0.004134886 0.000265707 0.000243768 0.000293917 0.000243985 0.000967135 0.001044977 0.001075397 0.000000000 0.000000000 0.000000000
189.573092034 0.004083304 0.000269036 0.000242497 0.000298803 0.000228488 0.000974252 0.001021422 0.001048806 0.000000000 0.000000000 0.000000000
190.164583741 0.003912883 0.000258920 0.000238312 0.000295362 0.000215427 0.000956700 0.000946627 0.001001534 0.000000000 0.000000000 0.000000000
190.756075448 0.003698556 0.000243907 0.000227722 0.000277273 0.000211003 0.000932427 0.000872955 0.000933269 0.000000000 0.000000000 0.000000000
191.347567154 0.003491496 0.000235300 0.000227797 0.000261103 0.000192977 0.000922248 0.000800770 0.000851301 0.000000000 0.000000000 0.000000000
191.939058861 0.003314749 0.000229305 0.000226149 0.000229329 0.000186029 0.000933985 0.000746340 0.000763612 0.000000000 0.000000000 0.000000000
192.530550568 0.003238614 0.000227808 0.000214631 0.000207483 0.000176580 0.000942990 0.000750791 0.000718331 0.000000000 0.000000000 0.000000000
193.122042275 0.003281131 0.000226175 0.000219317 0.000191204 0.000182152 0.000967899 0.000805104 0.000689279 0.000000000 0.000000000 0.000000000
193.713533982 0.003515659 0.000237105 0.000251095 0.000179675 0.000206823 0.001028327 0.000922238 0.000690396 0.000000000 0.000000000 0.000000000
194.305025689 0.003930408 0.000240167 0.000293551 0.000182320 0.000254697 0.001119943 0.001081993 0.000757735 0.000000000 0.000000000 0.000000000
194.896517395 0.004556568 0.000218620 0.000363821 0.000192680 0.000339675 0.001250157 0.001268201 0.000923414 0.000000000 0.000000000 0.000000000
195.488009102 0.005229108 0.000182497 0.000380142 0.000221809 0.000405645 0.001378095 0.001462192 0.001198726 0.000000000 0.000000000 0.000000000
196.079500809 0.005473855 0.000155887 0.000320321 0.000256071 0.000401723 0.001405609 0.001518077 0.001416167 0.000000000 0.000000000 0.000000000
196.670992516 0.005078886 0.000138979 0.000247122 0.000265664 0.000344634 0.001297180 0.001337924 0.001447382 0.000000000 0.000000000 0.000000000
197.262484223 0.004292961 0.000125226 0.000188254 0.000231753 0.000268614 0.001114283 0.001079129 0.001285702 0.000000000 0.000000000 0.000000000
197.853975929 0.003466469 0.000094527 0.000146875 0.000202302 0.000215309 0.000912049 0.000893754 0.001001654 0.000000000 0.000000000 0.000000000
198.445467636 0.002891378 0.000076599 0.000127335 0.000165915 0.000188804 0.000751466 0.000771145 0.000810114 0.000000000 0.000000000 0.000000000
199.036959343 0.002474558 0.000063421 0.000119995 0.000132865 0.000172418 0.000600107 0.000677840 0.000707912 0.000000000 0.000000000 0.000000000
199.628451050 0.002214543 0.000054700 0.000120449 0.000122332 0.000152293 0.000526196 0.000601553 0.000637020 0.000000000 0.000000000 0.000000000
200.219942757 0.002037831 0.000053993 0.000124875 0.000122411 0.000130080 0.000487766 0.000531483 0.000587224 0.000000000 0.000000000 0.000000000
200.811434463 0.001846675 0.000050975 0.000122264 0.000121785 0.000113583 0.000460229 0.000443234 0.000534605 0.000000000 0.000000000 0.000000000
201.402926170 0.005652038 0.000047285 0.000111043 0.000124242 0.000106901 0.000440968 0.000376275 0.000474979 0.000000000 0.003970345 0.000000000
201.994417877 0.009239465 0.000040810 0.000097216 0.000117676 0.000102661 0.000402865 0.000365218 0.000420476 0.000000000 0.007692543 0.000000000
202.585909584 0.010896406 0.000038896 0.000092094 0.000111629 0.000109287 0.000354496 0.000377476 0.000382959 0.000000000 0.009429569 0.000000000
203.177401291 0.008880090 0.000037693 0.000093040 0.000108545 0.000110139 0.000330394 0.000392208 0.000363675 0.000000000 0.007444396 0.000000000
203.768892998 0.010092836 0.000035684 0.000114176 0.000104731 0.000118891 0.000311008 0.000378955 0.000344261 0.000000000 0.008685129 0.000000000
204.360384704 0.008583763 0.000035799 0.000123942 0.000099693 0.000122486 0.000304576 0.000342018 0.000358999 0.000000000 0.007196250 0.000000000
204.951876411 0.008025373 0.000030656 0.000116061 0.000090440 0.000110155 0.000298359 0.000301182 0.000378563 0.000000000 0.006699957 0.000000000
205.543368118 0.007759311 0.000032862 0.000121026 0.000088700 0.000097401 0.000298320 0.000283750 0.000385442 0.000000000 0.006451810 0.000000000
206.134859825 0.010958021 0.000036125 0.000124703 0.000082297 0.000101447 0.000300614 0.000285670 0.000349449 0.000000000 0.009677715 0.000000000
206.726351532 0.008709480 0.000039186 0.000115900 0.000085955 0.000104633 0.000290861 0.000303985 0.000324563 0.000000000 0.007444396 0.000000000
207.317843238 0.008974820 0.000053374 0.000102220 0.000093416 0.000102207 0.000304416 0.000314807 0.000311837 0.000000000 0.007692543 0.000000000
207.909334945 0.008036208 0.000054775 0.000083735 0.000100370 0.000113031 0.000313485 0.000334520 0.000336335 0.000000000 0.006699957 0.000000000
208.500826652 0.010849870 0.000055598 0.000085300 0.000115107 0.000136201 0.000324252 0.000342511 0.000361333 0.000000000 0.009429569 0.000000000
209.092318359 0.007883859 0.000061052 0.000099838 0.000125322 0.000147191 0.000316458 0.000336088 0.000346100 0.000000000 0.006451810 0.000000000
209.683810066 0.008575616 0.000064902 0.000103389 0.000138285 0.000121271 0.000309051 0.000319395 0.000323075 0.000000000 0.007196250 0.000000000
210.275301773 0.006050350 0.000066526 0.000102534 0.000143307 0.000114421 0.000308705 0.000303591 0.000296481 0.000000000 0.004714784 0.000000000
210.866793479 0.009277028 0.000068994 0.000106232 0.000140097 0.000118364 0.000317544 0.000289761 0.000295346 0.000000000 0.007940689 0.000000000
211.458285186 0.008825309 0.000069164 0.000108233 0.000131318 0.000122137 0.000358392 0.000289069 0.000302601 0.000000000 0.007444396 0.000000000
212.049776893 0.009681356 0.000061938 0.000115005 0.000121531 0.000121835 0.000420239 0.000309422 0.000342549 0.000000000 0.008188836 0.000000000
212.641268600 0.008079572 0.000063750 0.000114876 0.000102558 0.000121414 0.000450904 0.000386174 0.000388087 0.000000000 0.006451810 0.000000000
213.232760307 0.009417308 0.000061385 0.000122596 0.000096456 0.000110199 0.000436952 0.000455967 0.000441212 0.000000000 0.007692543 0.000000000
213.824252013 0.008200110 0.000049454 0.000146661 0.000092089 0.000112926 0.000419318 0.000438829 0.000489022 0.000000000 0.006451810 0.000000000
214.415743720 0.008271200 0.000046534 0.000154108 0.000100145 0.000120625 0.000438615 0.000500142 0.000459222 0.000000000 0.006451810 0.000000000
215.007235427 0.005084741 0.000047450 0.000154539 0.000109522 0.000115947 0.000474238 0.000545037 0.000412101 0.000000000 0.003225905 0.000000000
215.598727134 0.010330027 0.000050950 0.000146398 0.000127410 0.000121227 0.000468830 0.000527970 0.000450259 0.000000000 0.008436983 0.000000000
216.190218841 0.009595692 0.000049641 0.000141216 0.000125461 0.000127648 0.000455297 0.000465355 0.000538532 0.000000000 0.007692543 0.000000000
216.781710547 0.007384695 0.000046492 0.000119892 0.000116830 0.000122551 0.000448435 0.000450572 0.000620699 0.000000000 0.005459224 0.000000000
217.373202254 0.008501405 0.000055088 0.000103962 0.000111124 0.000102952 0.000435128 0.000466975 0.000526218 0.000000000 0.006699957 0.000000000
217.964693961 0.007965404 0.000061291 0.000091594 0.000104288 0.000082132 0.000446713 0.000530619 0.000445103 0.000000000 0.006203664 0.000000000
218.556185668 0.007834638 0.000066970 0.000086220 0.000093904 0.000068521 0.000463209 0.000439378 0.000412773 0.000000000 0.006203664 0.000000000
219.147677375 0.009462074 0.000069789 0.000079847 0.000090512 0.000063937 0.000451399 0.000384357 0.000381544 0.000000000 0.007940689 0.000000000
219.739169082 0.009151914 0.000062535 0.000079329 0.000093532 0.000061615 0.000418543 0.000379940 0.000363878 0.000000000 0.007692543 0.000000000
220.330660788 0.008898119 0.000057938 0.000090222 0.000093064 0.000066522 0.000398514 0.000386565 0.000360898 0.000000000 0.007444396 0.000000000
220.922152495 0.006181511 0.000055084 0.000083763 0.000098418 0.000076116 0.000409872 0.000379474 0.000364000 0.000000000 0.004714784 0.000000000
221.513644202 0.010405145 0.000058506 0.000067339 0.000097586 0.000084293 0.000423463 0.000365185 0.000375498 0.000000000 0.008933276 0.000000000
222.105135909 0.007665141 0.000054359 0.000059079 0.000089976 0.000087018 0.000428406 0.000374750 0.000367890 0.000000000 0.006203664 0.000000000
222.696627616 0.006201869 0.000061055 0.000060921 0.000095294 0.000088965 0.000406438 0.000410899 0.000363513 0.000000000 0.004714784 0.000000000
223.288119322 0.007266326 0.000069017 0.000072498 0.000104407 0.000106668 0.000367446 0.000454469 0.000384450 0.000000000 0.005707371 0.000000000
223.879611029 0.011558917 0.000079419 0.000077685 0.000117769 0.000113478 0.000348821 0.000461549 0.000434335 0.000000000 0.009925862 0.000000000
224.471102736 0.007544644 0.000091150 0.000085008 0.000117769 0.000092945 0.000329746 0.000397042 0.000475467 0.000000000 0.005955517 0.000000000
225.062594443 0.009493067 0.000094188 0.000103990 0.000112776 0.000106684 0.000317533 0.000358929 0.000458278 0.000000000 0.007940689 0.000000000
225.654086150 0.006293670 0.000100445 0.000139039 0.000118592 0.000138393 0.000312618 0.000349373 0.000420425 0.000000000 0.004714784 0.000000000
226.245577857 0.010953970 0.000102734 0.000165022 0.000125181 0.000148162 0.000298825 0.000323535 0.000360943 0.000000000 0.009429569 0.000000000
226.837069563 0.006712932 0.000114197 0.000179789 0.000123173 0.000164452 0.000287114 0.000304836 0.000328294 0.000000000 0.005211077 0.000000000
227.428561270 0.007644486 0.000118585 0.000159909 0.000118462 0.000154879 0.000288158 0.000286288 0.000314542 0.000000000 0.006203664 0.000000000
228.020052977 0.009095085 0.000123881 0.000135658 0.000120535 0.000155825 0.000291811 0.000253644 0.000321189 0.000000000 0.007692543 0.000000000
228.611544684 0.007334190 0.000129242 0.000124549 0.000116631 0.000155551 0.000291900 0.000244814 0.000315985 0.000000000 0.005955517 0.000000000
229.203036391 0.009783100 0.000143268 0.000115444 0.000119059 0.000141320 0.000287533 0.000257702 0.000281790 0.000000000 0.008436983 0.000000000
229.794528097 0.007996934 0.000144788 0.000115187 0.000110902 0.000125171 0.000286832 0.000270336 0.000243760 0.000000000 0.006699957 0.000000000
230.386019804 0.011674066 0.000137752 0.000113069 0.000106360 0.000116222 0.000276901 0.000284053 0.000217554 0.000000000 0.010422155 0.000000000
230.977511511 0.009692747 0.000117490 0.000123005 0.000106068 0.000114485 0.000267060 0.000306871 0.000220785 0.000000000 0.008436983 0.000000000
231.569003218 0.006677320 0.000078913 0.000126671 0.000104009 0.000115058 0.000261960 0.000298974 0.000232511 0.000000000 0.005459224 0.000000000
232.160494925 0.011398657 0.000052461 0.000135157 0.000104536 0.000112227 0.000289720 0.000277125 0.000253423 0.000000000 0.010174008 0.000000000
232.751986631 0.011403931 0.000045023 0.000131310 0.000108227 0.000112563 0.000313336 0.000255240 0.000264224 0.000000000 0.010174008 0.000000000
233.343478338 0.008206072 0.000047187 0.000115561 0.000111687 0.000122760 0.000327003 0.000256667 0.000277104 0.000000000 0.006948103 0.000000000
233.934970045 0.006535464 0.000065813 0.000120641 0.000109245 0.000126963 0.000327312 0.000281408 0.000293004 0.000000000 0.005211077 0.000000000
234.526461752 0.008600567 0.000087435 0.000127725 0.000116317 0.000142213 0.000306951 0.000305432 0.000318244 0.000000000 0.007196250 0.000000000
235.117953459 0.006617675 0.000089791 0.000127516 0.000120707 0.000152253 0.000297560 0.000311061 0.000307709 0.000000000 0.005211077 0.000000000
235.709445166 0.006610820 0.000069809 0.000118654 0.000131707 0.000132946 0.000307889 0.000319842 0.000318895 0.000000000 0.005211077 0.000000000
236.300936872 0.009104688 0.000065040 0.000098192 0.000131162 0.000104788 0.000314131 0.000367814 0.000331018 0.000000000 0.007692543 0.000000000
236.892428579 0.005817228 0.000061456 0.000098846 0.000138498 0.000088298 0.000303014 0.000348664 0.000311814 0.000000000 0.004466638 0.000000000
237.483920286 0.006017604 0.000071197 0.000121246 0.000138232 0.000090457 0.000284670 0.000295773 0.000301245 0.000000000 0.004714784 0.000000000
238.075411993 0.007480519 0.000083573 0.000149662 0.000128743 0.000092851 0.000265066 0.000264585 0.000292374 0.000000000 0.006203664 0.000000000
238.666903700 0.005958532 0.000099752 0.000154339 0.000118198 0.000106548 0.000241297 0.000241919 0.000281695 0.000000000 0.004714784 0.000000000
239.258395406 0.009657619 0.000101753 0.000140649 0.000121228 0.000112318 0.000243652 0.000226324 0.000274712 0.000000000 0.008436983 0.000000000
239.849887113 0.004723059 0.000098032 0.000129754 0.000127784 0.000110331 0.000259446 0.000234009 0.000289651 0.000000000 0.003474052 0.000000000
240.441378820 0.008218335 0.000096341 0.000112015 0.000133367 0.000117538 0.000267051 0.000256946 0.000286973 0.000000000 0.006948103 0.000000000
241.032870527 0.006268015 0.000097151 0.000108325 0.000146179 0.000123359 0.000266187 0.000282758 0.000281126 0.000000000 0.004962931 0.000000000
241.624362234 0.008032455 0.000105576 0.000107341 0.000147590 0.000125800 0.000266267 0.000307139 0.000272787 0.000000000 0.006699957 0.000000000
242.215853940 0.006056845 0.000107048 0.000096185 0.000141558 0.000123400 0.000287283 0.000314698 0.000271888 0.000000000 0.004714784 0.000000000
242.807345647 0.005122808 0.000111212 0.000098637 0.000147762 0.000129046 0.000313017 0.000319103 0.000281831 0.000000000 0.003722198 0.000000000
243.398837354 0.007140067 0.000114502 0.000105070 0.000151716 0.000150561 0.000325771 0.000289063 0.000296013 0.000000000 0.005707371 0.000000000
243.990329061 0.004939598 0.000125618 0.000126698 0.000145579 0.000173689 0.000327948 0.000271439 0.000294577 0.000000000 0.003474052 0.000000000
244.581820768 0.007713707 0.000129135 0.000140560 0.000132006 0.000188748 0.000339803 0.000272657 0.000307135 0.000000000 0.006203664 0.000000000
245.173312475 0.006472961 0.000129663 0.000161464 0.000119758 0.000190364 0.000325301 0.000277982 0.000305497 0.000000000 0.004962931 0.000000000
245.764804181 0.007262181 0.000143500 0.000164042 0.000122732 0.000195352 0.000312147 0.000322481 0.000294558 0.000000000 0.005707371 0.000000000
246.356295888 0.008080207 0.000156213 0.000157180 0.000134076 0.000225379 0.000316974 0.000353135 0.000285439 0.000000000 0.006451810 0.000000000
246.947787595 0.005947818 0.000168552 0.000161186 0.000143638 0.000260508 0.000333344 0.000373552 0.000288546 0.000000000 0.004218491 0.000000000
247.539279302 0.006732400 0.000175895 0.000167841 0.000144023 0.000254381 0.000336088 0.000379133 0.000312109 0.000000000 0.004962931 0.000000000
248.130771009 0.006484208 0.000164064 0.000179633 0.000146565 0.000222248 0.000328038 0.000364447 0.000364429 0.000000000 0.004714784 0.000000000
248.722262715 0.006742781 0.000143417 0.000206853 0.000159601 0.000173969 0.000329460 0.000355112 0.000411436 0.000000000 0.004962931 0.000000000
249.313754422 0.008729224 0.000156797 0.000213558 0.000176505 0.000132615 0.000369675 0.000338055 0.000393915 0.000000000 0.006948103 0.000000000
249.905246129 0.009895797 0.000174956 0.000204902 0.000186264 0.000114801 0.000368214 0.000312369 0.000345455 0.000000000 0.008188836 0.000000000
250.496737836 0.006812369 0.000167894 0.000197598 0.000201095 0.000110924 0.000325876 0.000286488 0.000311416 0.000000000 0.005211077 0.000000000
251.088229543 0.005269151 0.000168331 0.000201029 0.000207453 0.000107991 0.000299059 0.000279202 0.000283888 0.000000000 0.003722198 0.000000000
251.679721250 0.009237363 0.000180126 0.000206070 0.000205016 0.000105924 0.000295967 0.000291663 0.000260054 0.000000000 0.007692543 0.000000000
252.271212956 0.006803491 0.000198783 0.000199401 0.000214659 0.000115978 0.000302008 0.000302469 0.000259115 0.000000000 0.005211077 0.000000000
252.862704663 0.005135319 0.000225109 0.000186028 0.000215929 0.000138119 0.000299104 0.000308495 0.000288484 0.000000000 0.003474052 0.000000000
253.454196370 0.006716488 0.000238195 0.000176812 0.000213324 0.000158608 0.000282568 0.000357499 0.000326550 0.000000000 0.004962931 0.000000000
254.045688077 0.008004380 0.000221932 0.000183739 0.000201382 0.000186407 0.000280333 0.000368034 0.000358889 0.000000000 0.006203664 0.000000000
254.637179784 0.007219864 0.000202334 0.000187218 0.000205526 0.000174795 0.000263418 0.000355169 0.000372180 0.000000000 0.005459224 0.000000000
255.228671490 0.005904993 0.000216316 0.000193021 0.000201917 0.000182042 0.000256932 0.000270994 0.000365281 0.000000000 0.004218491 0.000000000
255.820163197 0.008007701 0.000250132 0.000184514 0.000191836 0.000193096 0.000233783 0.000208238 0.000294291 0.000000000 0.006451810 0.000000000
256.411654904 0.007489053 0.000284947 0.000180100 0.000200903 0.000203398 0.000217455 0.000186540 0.000260192 0.000000000 0.005955517 0.000000000
257.003146611 0.006464660 0.000293267 0.000170993 0.000203892 0.000208248 0.000205786 0.000183099 0.000236445 0.000000000 0.004962931 0.000000000
257.594638318 0.006402644 0.000275042 0.000160287 0.000196827 0.000200026 0.000185670 0.000198266 0.000223595 0.000000000 0.004962931 0.000000000
258.186130024 0.007839480 0.000239120 0.000154017 0.000192980 0.000203287 0.000173842 0.000212548 0.000211877 0.000000000 0.006451810 0.000000000
258.777621731 0.007270968 0.000209170 0.000145161 0.000179007 0.000198663 0.000169734 0.000208119 0.000205598 0.000000000 0.005955517 0.000000000
259.369113438 0.006242323 0.000190733 0.000154246 0.000166023 0.000183827 0.000177454 0.000203990 0.000203119 0.000000000 0.004962931 0.000000000
259.960605145 0.006422338 0.000164733 0.000146349 0.000149887 0.000162406 0.000182943 0.000199916 0.000205027 0.000000000 0.005211077 0.000000000
260.552096852 0.008125809 0.000134962 0.000145845 0.000144010 0.000135089 0.000204051 0.000202526 0.000211222 0.000000000 0.006948103 0.000000000
261.143588559 0.008860175 0.000119891 0.000171883 0.000142526 0.000101453 0.000218640 0.000189284 0.000223955 0.000000000 0.007692543 0.000000000
261.735080265 0.007862207 0.000115987 0.000176948 0.000147415 0.000094489 0.000218879 0.000180240 0.000228293 0.000000000 0.006699957 0.000000000
262.326571972 0.009090730 0.000127977 0.000170285 0.000148702 0.000084374 0.000208403 0.000183223 0.000227076 0.000000000 0.007940689 0.000000000
262.918063679 0.007845654 0.000120956 0.000157684 0.000142170 0.000079434 0.000204133 0.000206470 0.000234852 0.000000000 0.006699957 0.000000000
263.509555386 0.006661141 0.000112113 0.000155741 0.000142683 0.000087244 0.000219364 0.000234626 0.000250146 0.000000000 0.005459224 0.000000000
264.101047093 0.009718153 0.000101273 0.000159133 0.000137542 0.000118757 0.000241501 0.000260580 0.000262383 0.000000000 0.008436983 0.000000000
264.692538799 0.006631844 0.000092983 0.000158993 0.000138449 0.000205383 0.000280943 0.000270328 0.000273689 0.000000000 0.005211077 0.000000000
265.284030506 0.006273799 0.000085155 0.000159464 0.000144267 0.000246746 0.000317407 0.000315162 0.000290815 0.000000000 0.004714784 0.000000000
265.875522213 0.007876705 0.000080534 0.000174447 0.000159282 0.000218492 0.000345164 0.000372526 0.000322595 0.000000000 0.006203664 0.000000000
266.467013920 0.007929341 0.000095062 0.000169267 0.000202289 0.000172540 0.000356722 0.000408016 0.000321780 0.000000000 0.006203664 0.000000000
267.058505627 0.009113099 0.000106568 0.000143774 0.000201538 0.000133592 0.000360948 0.000395460 0.000326824 0.000000000 0.007444396 0.000000000
267.649997334 0.007764097 0.000107517 0.000116314 0.000164996 0.000096704 0.000371290 0.000363530 0.000340083 0.000000000 0.006203664 0.000000000
268.241489040 0.008394596 0.000127694 0.000091268 0.000125299 0.000078513 0.000362311 0.000339518 0.000321890 0.000000000 0.006948103 0.000000000
268.832980747 0.009316226 0.000174776 0.000087264 0.000096255 0.000076283 0.000349882 0.000296191 0.000294884 0.000000000 0.007940689 0.000000000
269.424472454 0.008258463 0.000182183 0.000092164 0.000084374 0.000071237 0.000317035 0.000275318 0.000288048 0.000000000 0.006948103 0.000000000
270.015964161 0.008660321 0.000131834 0.000077618 0.000081472 0.000067295 0.000284477 0.000274988 0.000298243 0.000000000 0.007444396 0.000000000
270.607455868 0.008313155 0.000089821 0.000071843 0.000070478 0.000066273 0.000248022 0.000277224 0.000293244 0.000000000 0.007196250 0.000000000
271.198947574 0.007755200 0.000081725 0.000062540 0.000057088 0.000071863 0.000227691 0.000269383 0.000284953 0.000000000 0.006699957 0.000000000
271.790439281 0.011697220 0.000070553 0.000054469 0.000052595 0.000075007 0.000213887 0.000257958 0.000302449 0.000000000 0.010670301 0.000000000
272.381930988 0.006431367 0.000064356 0.000056886 0.000053436 0.000087302 0.000204665 0.000239199 0.000266301 0.000000000 0.005459224 0.000000000
272.973422695 0.007129648 0.000063625 0.000068876 0.000055906 0.000113453 0.000196884 0.000223549 0.000203693 0.000000000 0.006203664 0.000000000
273.564914402 0.011858040 0.000065137 0.000090192 0.000067725 0.000140236 0.000190904 0.000218307 0.000167093 0.000000000 0.010918448 0.000000000
274.156406108 0.009372219 0.000061459 0.000161282 0.000084729 0.000128503 0.000188584 0.000167803 0.000142877 0.000000000 0.008436983 0.000000000
274.747897815 0.009796720 0.000053228 0.000155931 0.000096325 0.000110446 0.000204218 0.000124070 0.000119227 0.000000000 0.008933276 0.000000000
275.339389522 0.010948384 0.000047277 0.000123648 0.000080155 0.000088491 0.000197372 0.000114923 0.000122509 0.000000000 0.010174008 0.000000000
275.930881229 0.009407741 0.000039151 0.000095034 0.000087899 0.000078469 0.000158043 0.000124577 0.000139440 0.000000000 0.008685129 0.000000000
276.522372936 0.007666420 0.000033580 0.000068280 0.000132650 0.000064497 0.000141809 0.000137171 0.000140329 0.000000000 0.006948103 0.000000000
277.113864643 0.007389700 0.000028713 0.000051796 0.000124625 0.000056235 0.000152361 0.000145309 0.000130704 0.000000000 0.006699957 0.000000000
277.705356349 0.010054486 0.000020367 0.000050046 0.000085185 0.000055425 0.000155554 0.000134013 0.000124329 0.000000000 0.009429569 0.000000000
278.296848056 0.011033916 0.000020083 0.000051173 0.000071592 0.000062401 0.000143518 0.000146126 0.000116869 0.000000000 0.010422155 0.000000000
278.888339763 0.008116575 0.000018345 0.000077175 0.000068400 0.000071009 0.000136006 0.000173185 0.000128058 0.000000000 0.007444396 0.000000000
279.479831470 0.011247207 0.000014705 0.000144181 0.000063131 0.000084719 0.000144831 0.000206246 0.000167239 0.000000000 0.010422155 0.000000000
280.071323177 0.009881677 0.000006142 0.000115350 0.000059286 0.000132103 0.000177613 0.000228792 0.000229115 0.000000000 0.008933276 0.000000000
280.662814883 0.012221545 0.000001757 0.000047691 0.000055948 0.000198603 0.000210552 0.000249320 0.000291081 0.000000000 0.011166595 0.000000000
281.254306590 0.009617914 0.000000065 0.000011227 0.000051651 0.000046640 0.000198833 0.000164037 0.000212183 0.000000000 0.008933276 0.000000000
281.845798297 0.008890980 0.000000000 0.000000378 0.000028125 0.000002362 0.000102356 0.000020427 0.000052203 0.000000000 0.008685129 0.000000000
282.437290004 0.011448191 0.000000000 0.000000000 0.000007938 0.000000000 0.000020621 0.000000626 0.000004265 0.000000000 0.011414741 0.000000000
283.028781711 0.007447192 0.000000000 0.000000000 0.000000740 0.000000000 0.000001942 0.000000015 0.000000098 0.000000000 0.007444396 0.000000000
283.620273418 0.000000157 0.000000000 0.000000000 0.000000026 0.000000000 0.000000131 0.000000000 0.000000000 0.000000000 0.000000000 0.000000000
284.211765124 0.000000000 0.000000000 0.000000000 0.000000000 0.000000000 0.000000000 0.000000000 0.000000000 0.000000000 0.000000000 0.000000000
284.803256831 0.000000000 0.000000000 0.000000000 0.000000000 0.000000000 0.000000000 0.000000000 0.000000000 0.000000000 0.000000000 0.000000000
285.394748538 0.000000000 0.000000000 0.000000000 0.000000000 0.000000000 0.000000000 0.000000000 0.000000000 0.000000000 0.000000000 0.000000000
285.986240245 0.000000000 0.000000000 0.000000000 0.000000000 0.000000000 0.000000000 0.000000000 0.000000000 0.000000000 0.000000000 0.000000000
286.577731952 0.000000000 0.000000000 0.000000000 0.000000000 0.000000000 0.000000000 0.000000000 0.000000000 0.000000000 0.000000000 0.000000000
287.169223658 0.049629309 0.000000000 0.000000000 0.000000000 0.000000000 0.000000000 0.000000000 0.000000000 0.000000000 0.000000000 0.049629309
287.760715365 0.000000000 0.000000000 0.000000000 0.000000000 0.000000000 0.000000000 0.000000000 0.000000000 0.000000000 0.000000000 0.000000000
288.352207072 0.000000000 0.000000000 0.000000000 0.000000000 0.000000000 0.000000000 0.000000000 0.000000000 0.000000000 0.000000000 0.000000000
288.943698779 0.000000000 0.000000000 0.000000000 0.000000000 0.000000000 0.000000000 0.000000000 0.000000000 0.000000000 0.000000000 0.000000000
289.535190486 0.000000000 0.000000000 0.000000000 0.000000000 0.000000000 0.000000000 0.000000000 0.000000000 0.000000000 0.000000000 0.000000000
290.126682192 0.000000000 0.000000000 0.000000000 0.000000000 0.000000000 0.000000000 0.000000000 0.000000000 0.000000000 0.000000000 0.000000000
290.718173899 0.000000000 0.000000000 0.000000000 0.000000000 0.000000000 0.000000000 0.000000000 0.000000000 0.000000000 0.000000000 0.000000000
291.309665606 0.000000000 0.000000000 0.000000000 0.000000000 0.000000000 0.000000000 0.000000000 0.000000000 0.000000000 0.000000000 0.000000000
291.901157313 0.000000000 0.000000000 0.000000000 0.000000000 0.000000000 0.000000000 0.000000000 0.000000000 0.000000000 0.000000000 0.000000000
292.492649020 0.000000000 0.000000000 0.000000000 0.000000000 0.000000000 0.000000000 0.000000000 0.000000000 0.000000000 0.000000000 0.000000000
293.084140727 0.000000000 0.000000000 0.000000000 0.000000000 0.000000000 0.000000000 0.000000000 0.000000000 0.000000000 0.000000000 0.000000000
293.675632433 0.000000000 0.000000000 0.000000000 0.000000000 0.000000000 0.000000000 0.000000000 0.000000000 0.000000000 0.000000000 0.000000000
294.267124140 0.000000000 0.000000000 0.000000000 0.000000000 0.000000000 0.000000000 0.000000000 0.000000000 0.000000000 0.000000000 0.000000000
294.858615847 0.000000000 0.000000000 0.000000000 0.000000000 0.000000000 0.000000000 0.000000000 0.000000000 0.000000000 0.000000000 0.000000000
295.450107554 0.000000000 0.000000000 0.000000000 0.000000000 0.000000000 0.000000000 0.000000000 0.000000000 0.000000000 0.000000000 0.000000000
