# Ion number density
# The last    3 ion types are fixed
# Average over 592065 steps
# z (au)        total        A            Im1          Im2          Im3          N            C            Me           C1           C2           P
0.299713564 0.048972299 0.000000000 0.000000000 0.000000000 0.000000000 0.000000000 0.000000000 0.000000000 0.000000000 0.000000000 0.048972299
0.899140693 0.000000000 0.000000000 0.000000000 0.000000000 0.000000000 0.000000000 0.000000000 0.000000000 0.000000000 0.000000000 0.000000000
1.498567822 0.000000000 0.000000000 0.000000000 0.000000000 0.000000000 0.000000000 0.000000000 0.000000000 0.000000000 0.000000000 0.000000000
2.097994951 0.000000000 0.000000000 0.000000000 0.000000000 0.000000000 0.000000000 0.000000000 0.000000000 0.000000000 0.000000000 0.000000000
2.697422080 0.000000000 0.000000000 0.000000000 0.000000000 0.000000000 0.000000000 0.000000000 0.000000000 0.000000000 0.000000000 0.000000000
3.296849209 0.000000000 0.000000000 0.000000000 0.000000000 0.000000000 0.000000000 0.000000000 0.000000000 0.000000000 0.000000000 0.000000000
3.896276338 0.001958892 0.000000000 0.000000000 0.000000000 0.000000000 0.000000000 0.000000000 0.000000000 0.001958892 0.000000000 0.000000000
4.495703467 0.010284342 0.000000000 0.000000000 0.000000160 0.000000000 0.000000000 0.000000000 0.000000000 0.010284183 0.000000000 0.000000000
5.095130596 0.007840332 0.000000000 0.000000000 0.000004764 0.000000000 0.000000000 0.000000000 0.000000000 0.007835568 0.000000000 0.000000000
5.694557725 0.009577979 0.000000000 0.000000000 0.000028381 0.000000000 0.000000000 0.000000000 0.000000000 0.009549598 0.000000000 0.000000000
6.293984854 0.008876788 0.000000092 0.000000127 0.000057978 0.000003577 0.000000000 0.000000000 0.000000000 0.008815014 0.000000000 0.000000000
6.893411983 0.012721370 0.000045306 0.000002780 0.000065768 0.000119580 0.000000000 0.000000000 0.000000000 0.012487936 0.000000000 0.000000000
7.492839112 0.009111953 0.000298691 0.000028466 0.000073198 0.000141445 0.000000000 0.000000000 0.000000000 0.008570152 0.000000000 0.000000000
8.092266241 0.009171076 0.000151834 0.000062345 0.000094585 0.000047298 0.000000000 0.000000000 0.000000000 0.008815014 0.000000000 0.000000000
8.691693370 0.008360100 0.000048345 0.000053087 0.000113431 0.000064562 0.000000245 0.000000000 0.000000000 0.008080429 0.000000000 0.000000000
9.291120499 0.011609717 0.000104371 0.000044839 0.000117858 0.000078303 0.000000716 0.000000000 0.000000000 0.011263629 0.000000000 0.000000000
9.890547628 0.007674721 0.000140635 0.000053519 0.000109756 0.000021725 0.000003240 0.000000000 0.000000000 0.007345845 0.000000000 0.000000000
10.489974757 0.007434038 0.000123699 0.000095253 0.000098894 0.000009054 0.000005679 0.000000453 0.000000022 0.007100983 0.000000000 0.000000000
11.089401886 0.008442026 0.000125258 0.000143591 0.000076985 0.000008339 0.000005485 0.000001739 0.000000199 0.008080429 0.000000000 0.000000000
11.688829015 0.009137025 0.000139410 0.000093285 0.000065610 0.000013996 0.000004643 0.000004296 0.000000772 0.008815014 0.000000000 0.000000000
12.288256144 0.009741770 0.000149789 0.000172179 0.000073351 0.000027727 0.000003811 0.000006189 0.000003987 0.009304737 0.000000000 0.000000000
12.887683273 0.009575772 0.000106277 0.000230235 0.000082681 0.000054207 0.000002558 0.000005335 0.000034603 0.009059875 0.000000000 0.000000000
13.487110402 0.010744028 0.000032063 0.000158534 0.000080379 0.000123477 0.000002556 0.000004924 0.000057912 0.010284183 0.000000000 0.000000000
14.086537531 0.007504833 0.000003066 0.000126720 0.000062555 0.000163280 0.000003745 0.000006683 0.000037802 0.007100983 0.000000000 0.000000000
14.685964660 0.007451257 0.000017180 0.000084790 0.000047681 0.000110346 0.000008959 0.000032639 0.000048677 0.007100983 0.000000000 0.000000000
15.285391789 0.007988250 0.000077545 0.000057842 0.000048963 0.000089929 0.000022802 0.000056784 0.000043679 0.007590706 0.000000000 0.000000000
15.884818918 0.009771927 0.000081864 0.000060692 0.000064020 0.000135500 0.000062446 0.000033474 0.000029194 0.009304737 0.000000000 0.000000000
16.484246047 0.007753026 0.000091260 0.000091293 0.000134969 0.000144561 0.000119703 0.000043220 0.000027037 0.007100983 0.000000000 0.000000000
17.083673176 0.008225380 0.000118172 0.000113092 0.000201736 0.000164166 0.000145885 0.000093273 0.000043211 0.007345845 0.000000000 0.000000000
17.683100305 0.007588206 0.000153127 0.000114021 0.000072912 0.000238376 0.000138778 0.000185356 0.000074376 0.006611260 0.000000000 0.000000000
18.282527434 0.009716679 0.000196063 0.000182742 0.000077362 0.000253187 0.000132625 0.000205719 0.000098827 0.008570152 0.000000000 0.000000000
18.881954563 0.007035899 0.000134858 0.000235666 0.000114923 0.000244537 0.000118286 0.000127460 0.000183493 0.005876676 0.000000000 0.000000000
19.481381692 0.008269023 0.000073901 0.000098163 0.000139413 0.000191366 0.000101759 0.000080434 0.000238142 0.007345845 0.000000000 0.000000000
20.080808821 0.007166556 0.000140658 0.000044420 0.000138112 0.000156801 0.000082148 0.000074515 0.000163504 0.006366399 0.000000000 0.000000000
20.680235950 0.008231562 0.000244378 0.000070862 0.000152240 0.000147680 0.000069244 0.000090524 0.000110790 0.007345845 0.000000000 0.000000000
21.279663079 0.007241989 0.000264744 0.000116450 0.000257452 0.000185847 0.000066971 0.000118720 0.000110269 0.006121537 0.000000000 0.000000000
21.879090208 0.006146321 0.000248339 0.000157262 0.000287740 0.000250139 0.000061050 0.000136818 0.000107745 0.004897230 0.000000000 0.000000000
22.478517337 0.007104614 0.000112357 0.000151704 0.000238381 0.000261141 0.000054393 0.000101317 0.000063784 0.006121537 0.000000000 0.000000000
23.077944465 0.006424444 0.000078860 0.000131151 0.000238535 0.000191029 0.000065826 0.000060353 0.000026875 0.005631814 0.000000000 0.000000000
23.677371594 0.008165091 0.000129370 0.000211821 0.000222602 0.000117203 0.000096234 0.000028488 0.000013530 0.007345845 0.000000000 0.000000000
24.276798723 0.007187842 0.000151142 0.000280637 0.000205768 0.000073240 0.000088684 0.000014487 0.000007483 0.006366399 0.000000000 0.000000000
24.876225852 0.008292938 0.000186943 0.000374816 0.000209869 0.000079032 0.000083019 0.000008766 0.000004649 0.007345845 0.000000000 0.000000000
25.475652981 0.008271390 0.000342177 0.000411516 0.000210463 0.000101783 0.000088647 0.000012783 0.000003037 0.007100983 0.000000000 0.000000000
26.075080110 0.006904585 0.000480528 0.000362749 0.000206703 0.000104337 0.000071179 0.000041061 0.000006213 0.005631814 0.000000000 0.000000000
26.674507239 0.010256065 0.000351492 0.000346129 0.000224686 0.000117440 0.000046183 0.000085439 0.000024820 0.009059875 0.000000000 0.000000000
27.273934368 0.006508249 0.000267177 0.000287656 0.000155981 0.000207843 0.000036524 0.000074387 0.000091726 0.005386953 0.000000000 0.000000000
27.873361497 0.006118546 0.000210015 0.000115378 0.000111762 0.000265132 0.000047097 0.000056590 0.000170481 0.005142091 0.000000000 0.000000000
28.472788626 0.006752576 0.000116613 0.000043544 0.000125177 0.000240147 0.000067368 0.000090257 0.000192794 0.005876676 0.000000000 0.000000000
29.072215755 0.007058511 0.000114685 0.000042253 0.000133428 0.000223426 0.000081749 0.000157560 0.000183871 0.006121537 0.000000000 0.000000000
29.671642884 0.006724305 0.000164185 0.000042016 0.000153015 0.000232050 0.000132307 0.000177977 0.000190942 0.005631814 0.000000000 0.000000000
30.271070013 0.006254090 0.000112248 0.000048543 0.000218310 0.000189080 0.000174680 0.000213776 0.000155362 0.005142091 0.000000000 0.000000000
30.870497142 0.006882091 0.000152553 0.000127376 0.000319015 0.000142426 0.000177762 0.000215301 0.000115845 0.005631814 0.000000000 0.000000000
31.469924271 0.007380301 0.000253022 0.000246388 0.000387635 0.000135283 0.000187448 0.000165181 0.000128668 0.005876676 0.000000000 0.000000000
32.069351400 0.006342705 0.000257778 0.000368111 0.000407233 0.000191651 0.000229486 0.000113675 0.000122402 0.004652368 0.000000000 0.000000000
32.668778529 0.007586659 0.000161674 0.000433374 0.000462476 0.000222682 0.000227395 0.000118037 0.000084345 0.005876676 0.000000000 0.000000000
33.268205658 0.007851795 0.000102269 0.000493958 0.000416040 0.000294944 0.000192192 0.000135430 0.000095426 0.006121537 0.000000000 0.000000000
33.867632787 0.006434412 0.000156278 0.000487442 0.000366176 0.000413337 0.000153943 0.000110648 0.000094220 0.004652368 0.000000000 0.000000000
34.467059916 0.004710835 0.000261728 0.000432482 0.000309069 0.000224298 0.000123401 0.000118087 0.000058570 0.003183199 0.000000000 0.000000000
35.066487045 0.006208962 0.000327155 0.000340266 0.000196211 0.000165057 0.000101603 0.000127387 0.000054053 0.004897230 0.000000000 0.000000000
35.665914174 0.009388310 0.000344430 0.000232478 0.000129525 0.000287402 0.000099150 0.000125358 0.000089539 0.008080429 0.000000000 0.000000000
36.265341303 0.005287765 0.000260206 0.000171761 0.000155126 0.000406579 0.000108223 0.000113595 0.000154492 0.003917784 0.000000000 0.000000000
36.864768432 0.006381936 0.000108734 0.000160144 0.000229633 0.000298502 0.000109966 0.000100785 0.000232081 0.005142091 0.000000000 0.000000000
37.464195561 0.009237249 0.000077860 0.000106401 0.000269502 0.000164199 0.000121527 0.000126340 0.000290991 0.008080429 0.000000000 0.000000000
38.063622690 0.008419942 0.000185151 0.000089677 0.000200843 0.000163104 0.000147706 0.000202399 0.000330079 0.007100983 0.000000000 0.000000000
38.663049819 0.006447549 0.000313459 0.000156898 0.000144598 0.000164008 0.000217388 0.000269802 0.000284167 0.004897230 0.000000000 0.000000000
39.262476948 0.006089725 0.000349514 0.000237352 0.000139872 0.000161957 0.000284252 0.000235701 0.000273570 0.004407507 0.000000000 0.000000000
39.861904077 0.006900911 0.000410570 0.000264214 0.000130371 0.000166843 0.000268944 0.000251774 0.000266105 0.005142091 0.000000000 0.000000000
40.461331206 0.006073906 0.000288895 0.000220924 0.000178401 0.000154876 0.000248459 0.000332619 0.000242225 0.004407507 0.000000000 0.000000000
41.060758335 0.008594521 0.000170814 0.000071771 0.000217705 0.000187478 0.000210104 0.000404838 0.000230828 0.007100983 0.000000000 0.000000000
41.660185464 0.006350593 0.000163967 0.000043131 0.000213759 0.000236394 0.000195623 0.000308031 0.000292459 0.004897230 0.000000000 0.000000000
42.259612593 0.006515649 0.000216603 0.000063556 0.000202262 0.000170479 0.000215559 0.000208011 0.000297088 0.005142091 0.000000000 0.000000000
42.859039722 0.006911642 0.000249697 0.000093592 0.000211758 0.000129431 0.000234921 0.000170862 0.000189567 0.005631814 0.000000000 0.000000000
43.458466851 0.005272225 0.000146745 0.000132634 0.000194248 0.000223477 0.000169467 0.000136437 0.000106571 0.004162645 0.000000000 0.000000000
44.057893980 0.006012714 0.000100797 0.000234199 0.000153849 0.000366982 0.000107572 0.000100423 0.000051665 0.004897230 0.000000000 0.000000000
44.657321109 0.005309996 0.000232567 0.000272733 0.000100726 0.000365067 0.000085951 0.000061230 0.000029076 0.004162645 0.000000000 0.000000000
45.256748238 0.005982144 0.000328450 0.000209018 0.000098688 0.000309397 0.000077666 0.000033801 0.000027894 0.004897230 0.000000000 0.000000000
45.856175366 0.007909092 0.000193661 0.000154161 0.000196005 0.000364404 0.000077782 0.000024291 0.000042666 0.006856122 0.000000000 0.000000000
46.455602495 0.006928121 0.000130455 0.000116282 0.000304732 0.000353726 0.000061167 0.000022952 0.000062131 0.005876676 0.000000000 0.000000000
47.055029624 0.005900367 0.000095148 0.000105378 0.000204788 0.000187629 0.000043547 0.000026830 0.000094956 0.005142091 0.000000000 0.000000000
47.654456753 0.004776668 0.000082305 0.000158379 0.000108509 0.000085393 0.000035893 0.000033774 0.000109770 0.004162645 0.000000000 0.000000000
48.253883882 0.008527204 0.000087119 0.000270343 0.000069953 0.000067961 0.000036493 0.000046593 0.000113173 0.007835568 0.000000000 0.000000000
48.853311011 0.006377504 0.000130933 0.000252268 0.000056116 0.000061588 0.000044193 0.000088406 0.000112186 0.005631814 0.000000000 0.000000000
49.452738140 0.006175882 0.000132145 0.000246308 0.000056882 0.000057504 0.000055183 0.000119348 0.000121558 0.005386953 0.000000000 0.000000000
50.052165269 0.005156884 0.000099308 0.000381251 0.000072607 0.000083962 0.000083719 0.000136961 0.000136430 0.004162645 0.000000000 0.000000000
50.651592398 0.006513521 0.000098584 0.000314182 0.000109373 0.000138682 0.000133337 0.000187051 0.000145360 0.005386953 0.000000000 0.000000000
51.251019527 0.008480819 0.000165552 0.000136334 0.000168021 0.000197042 0.000185412 0.000191942 0.000090670 0.007345845 0.000000000 0.000000000
51.850446656 0.006430645 0.000535055 0.000096814 0.000260841 0.000294096 0.000174132 0.000113592 0.000058886 0.004897230 0.000000000 0.000000000
52.449873785 0.008761683 0.000259240 0.000109308 0.000294821 0.000468385 0.000123350 0.000093841 0.000066893 0.007345845 0.000000000 0.000000000
53.049300914 0.007507219 0.000210142 0.000130466 0.000252167 0.000289087 0.000131590 0.000066448 0.000060921 0.006366399 0.000000000 0.000000000
53.648728043 0.005641954 0.000151331 0.000150378 0.000238969 0.000228553 0.000128332 0.000053148 0.000038875 0.004652368 0.000000000 0.000000000
54.248155172 0.010549844 0.000163243 0.000166052 0.000258632 0.000224355 0.000109182 0.000055466 0.000023317 0.009549598 0.000000000 0.000000000
54.847582301 0.009882538 0.000200224 0.000254350 0.000271263 0.000176525 0.000092460 0.000052757 0.000019946 0.008815014 0.000000000 0.000000000
55.447009430 0.008937208 0.000144079 0.000358040 0.000243345 0.000170859 0.000101986 0.000059425 0.000023906 0.007835568 0.000000000 0.000000000
56.046436559 0.008620452 0.000127515 0.000321675 0.000188191 0.000143418 0.000125917 0.000083440 0.000039589 0.007590706 0.000000000 0.000000000
56.645863688 0.010076078 0.000137801 0.000273922 0.000161900 0.000119236 0.000134656 0.000115195 0.000073492 0.009059875 0.000000000 0.000000000
57.245290817 0.010267519 0.000120019 0.000195597 0.000124368 0.000128852 0.000117849 0.000128148 0.000147950 0.009304737 0.000000000 0.000000000
57.844717946 0.009477334 0.000142746 0.000110918 0.000102860 0.000105538 0.000098651 0.000138256 0.000208211 0.008570152 0.000000000 0.000000000
58.444145075 0.005806808 0.000181807 0.000049253 0.000104443 0.000125227 0.000090027 0.000159938 0.000198883 0.004897230 0.000000000 0.000000000
59.043572204 0.009897465 0.000241027 0.000040505 0.000132527 0.000190700 0.000104851 0.000173546 0.000199295 0.008815014 0.000000000 0.000000000
59.642999333 0.007894724 0.000264156 0.000066372 0.000141348 0.000291353 0.000124350 0.000144398 0.000251489 0.006611260 0.000000000 0.000000000
60.242426462 0.007345834 0.000185604 0.000131736 0.000089531 0.000304324 0.000122081 0.000143891 0.000247130 0.006121537 0.000000000 0.000000000
60.841853591 0.007037460 0.000158941 0.000197271 0.000080352 0.000216723 0.000153438 0.000185353 0.000168704 0.005876676 0.000000000 0.000000000
61.441280720 0.008340880 0.000211766 0.000210702 0.000121159 0.000160377 0.000236170 0.000194297 0.000105424 0.007100983 0.000000000 0.000000000
62.040707849 0.007827334 0.000254085 0.000113364 0.000162057 0.000172924 0.000243741 0.000172731 0.000097172 0.006611260 0.000000000 0.000000000
62.640134978 0.007380010 0.000302362 0.000083941 0.000246335 0.000188828 0.000201190 0.000120547 0.000115271 0.006121537 0.000000000 0.000000000
63.239562107 0.010602187 0.000461306 0.000183031 0.000369675 0.000140117 0.000141569 0.000138531 0.000108082 0.009059875 0.000000000 0.000000000
63.838989236 0.009620043 0.000140429 0.000312414 0.000384747 0.000080530 0.000121000 0.000168235 0.000087397 0.008325291 0.000000000 0.000000000
64.438416365 0.005043201 0.000136342 0.000303072 0.000292241 0.000057785 0.000120636 0.000139998 0.000075343 0.003917784 0.000000000 0.000000000
65.037843494 0.005824222 0.000121155 0.000232613 0.000239074 0.000048692 0.000098366 0.000112121 0.000074971 0.004897230 0.000000000 0.000000000
65.637270623 0.010351855 0.000056724 0.000198437 0.000201665 0.000052017 0.000078846 0.000116300 0.000098269 0.009549598 0.000000000 0.000000000
66.236697752 0.006217072 0.000023918 0.000200250 0.000176001 0.000068419 0.000085361 0.000114288 0.000161882 0.005386953 0.000000000 0.000000000
66.836124881 0.007015563 0.000025809 0.000169083 0.000182855 0.000128496 0.000104166 0.000074121 0.000209495 0.006121537 0.000000000 0.000000000
67.435552010 0.008618778 0.000066213 0.000174461 0.000188114 0.000211198 0.000130776 0.000062761 0.000194549 0.007590706 0.000000000 0.000000000
68.034979139 0.010752736 0.000151524 0.000208838 0.000157208 0.000265372 0.000149608 0.000111976 0.000158611 0.009549598 0.000000000 0.000000000
68.634406267 0.007099279 0.000184894 0.000152387 0.000121604 0.000262154 0.000152140 0.000202385 0.000147038 0.005876676 0.000000000 0.000000000
69.233833396 0.007560630 0.000195542 0.000103081 0.000086973 0.000239880 0.000178464 0.000251299 0.000138991 0.006366399 0.000000000 0.000000000
69.833260525 0.007616845 0.000292329 0.000073747 0.000080832 0.000185379 0.000225283 0.000245985 0.000146889 0.006366399 0.000000000 0.000000000
70.432687654 0.006550090 0.000262159 0.000042051 0.000106242 0.000120714 0.000230921 0.000177601 0.000223450 0.005386953 0.000000000 0.000000000
71.032114783 0.007989009 0.000240832 0.000031891 0.000112331 0.000087659 0.000206001 0.000149174 0.000304998 0.006856122 0.000000000 0.000000000
71.631541912 0.010745021 0.000254423 0.000052348 0.000118889 0.000094641 0.000201302 0.000194545 0.000279275 0.009549598 0.000000000 0.000000000
72.230969041 0.005065982 0.000155741 0.000092158 0.000111195 0.000121897 0.000240231 0.000228234 0.000198742 0.003917784 0.000000000 0.000000000
72.830396170 0.006633961 0.000166133 0.000155234 0.000090911 0.000146477 0.000272067 0.000262256 0.000153929 0.005386953 0.000000000 0.000000000
73.429823299 0.007888441 0.000135905 0.000251918 0.000080164 0.000157613 0.000270084 0.000258973 0.000122523 0.006611260 0.000000000 0.000000000
74.029250428 0.008352258 0.000066596 0.000307341 0.000098825 0.000151828 0.000259389 0.000239705 0.000127590 0.007100983 0.000000000 0.000000000
74.628677557 0.008035843 0.000068250 0.000236576 0.000160353 0.000093984 0.000239996 0.000218490 0.000162073 0.006856122 0.000000000 0.000000000
75.228104686 0.009483315 0.000100652 0.000206853 0.000239913 0.000046126 0.000190273 0.000162338 0.000211870 0.008325291 0.000000000 0.000000000
75.827531815 0.008833515 0.000118733 0.000204346 0.000299098 0.000051782 0.000150034 0.000164046 0.000254770 0.007590706 0.000000000 0.000000000
76.426958944 0.008321562 0.000117835 0.000149710 0.000263000 0.000085156 0.000135487 0.000193913 0.000275476 0.007100983 0.000000000 0.000000000
77.026386073 0.006239240 0.000062383 0.000111603 0.000182643 0.000130571 0.000141588 0.000224302 0.000244059 0.005142091 0.000000000 0.000000000
77.625813202 0.008883827 0.000034894 0.000090512 0.000143448 0.000175265 0.000163867 0.000225998 0.000214276 0.007835568 0.000000000 0.000000000
78.225240331 0.006509109 0.000076790 0.000073073 0.000105640 0.000198642 0.000208232 0.000222555 0.000237223 0.005386953 0.000000000 0.000000000
78.824667460 0.011491982 0.000137503 0.000046981 0.000074272 0.000192060 0.000236824 0.000225126 0.000295033 0.010284183 0.000000000 0.000000000
79.424094589 0.007307708 0.000147072 0.000040193 0.000063673 0.000194154 0.000223179 0.000237495 0.000280404 0.006121537 0.000000000 0.000000000
80.023521718 0.009151302 0.000142960 0.000054049 0.000064542 0.000167294 0.000212179 0.000227522 0.000202327 0.008080429 0.000000000 0.000000000
80.622948847 0.008545560 0.000346525 0.000070397 0.000097722 0.000120928 0.000213188 0.000222878 0.000128078 0.007345845 0.000000000 0.000000000
81.222375976 0.010266777 0.000162240 0.000083852 0.000153705 0.000070684 0.000205348 0.000196830 0.000089383 0.009304737 0.000000000 0.000000000
81.821803105 0.007759126 0.000143001 0.000118092 0.000207074 0.000047575 0.000177033 0.000137534 0.000072696 0.006856122 0.000000000 0.000000000
82.421230234 0.007230668 0.000131100 0.000166403 0.000194424 0.000058423 0.000146387 0.000092681 0.000074852 0.006366399 0.000000000 0.000000000
83.020657363 0.008270116 0.000205799 0.000218011 0.000145254 0.000080708 0.000112074 0.000071867 0.000090558 0.007345845 0.000000000 0.000000000
83.620084492 0.009971715 0.000256319 0.000215682 0.000095348 0.000089984 0.000097036 0.000068463 0.000089008 0.009059875 0.000000000 0.000000000
84.219511621 0.008084842 0.000193833 0.000152527 0.000076568 0.000091096 0.000099369 0.000059340 0.000066265 0.007345845 0.000000000 0.000000000
84.818938750 0.009940559 0.000130044 0.000093703 0.000101929 0.000104057 0.000105328 0.000052691 0.000048071 0.009304737 0.000000000 0.000000000
85.418365879 0.008561887 0.000123697 0.000105491 0.000159719 0.000115871 0.000109486 0.000059974 0.000052081 0.007835568 0.000000000 0.000000000
86.017793008 0.004153939 0.000151042 0.000188280 0.000208094 0.000172852 0.000101769 0.000081129 0.000067575 0.003183199 0.000000000 0.000000000
86.617220137 0.001285719 0.000166623 0.000307838 0.000243956 0.000272497 0.000084212 0.000112857 0.000097737 0.000000000 0.000000000 0.000000000
87.216647266 0.001589442 0.000220756 0.000385475 0.000261864 0.000379135 0.000090261 0.000124909 0.000127041 0.000000000 0.000000000 0.000000000
87.816074395 0.001838867 0.000337781 0.000337355 0.000290547 0.000458653 0.000116090 0.000132707 0.000165733 0.000000000 0.000000000 0.000000000
88.415501524 0.001954511 0.000381569 0.000281530 0.000338229 0.000452082 0.000143877 0.000146967 0.000210257 0.000000000 0.000000000 0.000000000
89.014928653 0.001996032 0.000326388 0.000260717 0.000372736 0.000477484 0.000170783 0.000162199 0.000225726 0.000000000 0.000000000 0.000000000
89.614355782 0.001980511 0.000288446 0.000237739 0.000404024 0.000478139 0.000182879 0.000179965 0.000209318 0.000000000 0.000000000 0.000000000
90.213782911 0.002304572 0.000340155 0.000315836 0.000440881 0.000516879 0.000244220 0.000246386 0.000200216 0.000000000 0.000000000 0.000000000
90.813210040 0.003270125 0.000510276 0.000634969 0.000531514 0.000682752 0.000351914 0.000340702 0.000217998 0.000000000 0.000000000 0.000000000
91.412637168 0.003746636 0.000735683 0.000728238 0.000579985 0.000778029 0.000355850 0.000339594 0.000229257 0.000000000 0.000000000 0.000000000
92.012064297 0.003450251 0.000817068 0.000670582 0.000523403 0.000666481 0.000285654 0.000272453 0.000214610 0.000000000 0.000000000 0.000000000
92.611491426 0.002948509 0.000713979 0.000623840 0.000443702 0.000498819 0.000230819 0.000229964 0.000207387 0.000000000 0.000000000 0.000000000
93.210918555 0.002487944 0.000645291 0.000496052 0.000377562 0.000359879 0.000181243 0.000210489 0.000217429 0.000000000 0.000000000 0.000000000
93.810345684 0.002185569 0.000538500 0.000459601 0.000377577 0.000312515 0.000139066 0.000158922 0.000199388 0.000000000 0.000000000 0.000000000
94.409772813 0.002082910 0.000472409 0.000479760 0.000391915 0.000329003 0.000103926 0.000124916 0.000180981 0.000000000 0.000000000 0.000000000
95.009199942 0.002214094 0.000476806 0.000533800 0.000424308 0.000398457 0.000093996 0.000109746 0.000176981 0.000000000 0.000000000 0.000000000
95.608627071 0.002524631 0.000544769 0.000545232 0.000467054 0.000518401 0.000114342 0.000106983 0.000227849 0.000000000 0.000000000 0.000000000
96.208054200 0.002666389 0.000547125 0.000518773 0.000458105 0.000600610 0.000162751 0.000114218 0.000264808 0.000000000 0.000000000 0.000000000
96.807481329 0.002657827 0.000457167 0.000475288 0.000490552 0.000589739 0.000218701 0.000149266 0.000277115 0.000000000 0.000000000 0.000000000
97.406908458 0.002667362 0.000341021 0.000409422 0.000549938 0.000556263 0.000263653 0.000246327 0.000300739 0.000000000 0.000000000 0.000000000
98.006335587 0.002688996 0.000288695 0.000351049 0.000546028 0.000500111 0.000302735 0.000378824 0.000321554 0.000000000 0.000000000 0.000000000
98.605762716 0.002758267 0.000323556 0.000313191 0.000502189 0.000469517 0.000343387 0.000462880 0.000343546 0.000000000 0.000000000 0.000000000
99.205189845 0.002815247 0.000381152 0.000308349 0.000460645 0.000451259 0.000381454 0.000479642 0.000352746 0.000000000 0.000000000 0.000000000
99.804616974 0.003002205 0.000452818 0.000404282 0.000467537 0.000488455 0.000416879 0.000443902 0.000328332 0.000000000 0.000000000 0.000000000
100.404044103 0.003090045 0.000465993 0.000521468 0.000484029 0.000511106 0.000424685 0.000382223 0.000300542 0.000000000 0.000000000 0.000000000
101.003471232 0.002950939 0.000420932 0.000570651 0.000485349 0.000490403 0.000400510 0.000317137 0.000265957 0.000000000 0.000000000 0.000000000
101.602898361 0.002847328 0.000452353 0.000569956 0.000511637 0.000436896 0.000352072 0.000295081 0.000229333 0.000000000 0.000000000 0.000000000
102.202325490 0.002911762 0.000597357 0.000590277 0.000545690 0.000388899 0.000319800 0.000259183 0.000210558 0.000000000 0.000000000 0.000000000
102.801752619 0.002906151 0.000706315 0.000585341 0.000596666 0.000320859 0.000276927 0.000219694 0.000200348 0.000000000 0.000000000 0.000000000
103.401179748 0.002701291 0.000669854 0.000547977 0.000607420 0.000275194 0.000216390 0.000193337 0.000191120 0.000000000 0.000000000 0.000000000
104.000606877 0.002495925 0.000515027 0.000520677 0.000603077 0.000299808 0.000166414 0.000191149 0.000199774 0.000000000 0.000000000 0.000000000
104.600034006 0.002438932 0.000405870 0.000518038 0.000580417 0.000398025 0.000130108 0.000186563 0.000219911 0.000000000 0.000000000 0.000000000
105.199461135 0.002464170 0.000368575 0.000516530 0.000564748 0.000482867 0.000128102 0.000168070 0.000235276 0.000000000 0.000000000 0.000000000
105.798888264 0.002487142 0.000379140 0.000503414 0.000581175 0.000495044 0.000137624 0.000153487 0.000237257 0.000000000 0.000000000 0.000000000
106.398315393 0.002491215 0.000387035 0.000478662 0.000560345 0.000492115 0.000164982 0.000166347 0.000241728 0.000000000 0.000000000 0.000000000
106.997742522 0.002599511 0.000448088 0.000475534 0.000535144 0.000506059 0.000203764 0.000193528 0.000237394 0.000000000 0.000000000 0.000000000
107.597169651 0.002773807 0.000551132 0.000477174 0.000513497 0.000539741 0.000232706 0.000220167 0.000239389 0.000000000 0.000000000 0.000000000
108.196596780 0.002882888 0.000662030 0.000498093 0.000491327 0.000532353 0.000225336 0.000238289 0.000235461 0.000000000 0.000000000 0.000000000
108.796023909 0.002803188 0.000663997 0.000491927 0.000455375 0.000519458 0.000198085 0.000248387 0.000225958 0.000000000 0.000000000 0.000000000
109.395451038 0.002664760 0.000565059 0.000491321 0.000424477 0.000526398 0.000191752 0.000248330 0.000217424 0.000000000 0.000000000 0.000000000
109.994878167 0.002517928 0.000475147 0.000450108 0.000391264 0.000537634 0.000210930 0.000237587 0.000215258 0.000000000 0.000000000 0.000000000
110.594305296 0.002441518 0.000433490 0.000442658 0.000371250 0.000550192 0.000221207 0.000213894 0.000208827 0.000000000 0.000000000 0.000000000
111.193732425 0.002452301 0.000440340 0.000475328 0.000348925 0.000585875 0.000214094 0.000184854 0.000202886 0.000000000 0.000000000 0.000000000
111.793159554 0.002400418 0.000452620 0.000490781 0.000326640 0.000579149 0.000205208 0.000156152 0.000189868 0.000000000 0.000000000 0.000000000
112.392586683 0.002339637 0.000477961 0.000477256 0.000331726 0.000541029 0.000186482 0.000149485 0.000175698 0.000000000 0.000000000 0.000000000
112.992013812 0.002354642 0.000521169 0.000449381 0.000369239 0.000543747 0.000160604 0.000162163 0.000148338 0.000000000 0.000000000 0.000000000
113.591440940 0.002475516 0.000541259 0.000447265 0.000447951 0.000603507 0.000138954 0.000164857 0.000131723 0.000000000 0.000000000 0.000000000
114.190868069 0.002606454 0.000521527 0.000464998 0.000491616 0.000704978 0.000144561 0.000141454 0.000137321 0.000000000 0.000000000 0.000000000
114.790295198 0.002760670 0.000518369 0.000468909 0.000534424 0.000749793 0.000181796 0.000142613 0.000164766 0.000000000 0.000000000 0.000000000
115.389722327 0.002810616 0.000516802 0.000502023 0.000561675 0.000650234 0.000221883 0.000172966 0.000185031 0.000000000 0.000000000 0.000000000
115.989149456 0.002794088 0.000492240 0.000532283 0.000593685 0.000532931 0.000251565 0.000202229 0.000189155 0.000000000 0.000000000 0.000000000
116.588576585 0.002670642 0.000428889 0.000523334 0.000569902 0.000482633 0.000246896 0.000227712 0.000191277 0.000000000 0.000000000 0.000000000
117.188003714 0.002575547 0.000416388 0.000507870 0.000498514 0.000485645 0.000226793 0.000256812 0.000183525 0.000000000 0.000000000 0.000000000
117.787430843 0.002520036 0.000464259 0.000518280 0.000435344 0.000478767 0.000208105 0.000225847 0.000189435 0.000000000 0.000000000 0.000000000
118.386857972 0.002465224 0.000524083 0.000507024 0.000424791 0.000439847 0.000193166 0.000190065 0.000186247 0.000000000 0.000000000 0.000000000
118.986285101 0.002432993 0.000512562 0.000500818 0.000470943 0.000416869 0.000181462 0.000171217 0.000179123 0.000000000 0.000000000 0.000000000
119.585712230 0.002466620 0.000469460 0.000542199 0.000557800 0.000417939 0.000152197 0.000155358 0.000171669 0.000000000 0.000000000 0.000000000
120.185139359 0.002511932 0.000488635 0.000578747 0.000592163 0.000422371 0.000132151 0.000148520 0.000149345 0.000000000 0.000000000 0.000000000
120.784566488 0.002556687 0.000535896 0.000610343 0.000556408 0.000445693 0.000132106 0.000138499 0.000137743 0.000000000 0.000000000 0.000000000
121.383993617 0.002605860 0.000555414 0.000637383 0.000525357 0.000478382 0.000153034 0.000121629 0.000134660 0.000000000 0.000000000 0.000000000
121.983420746 0.002688114 0.000603796 0.000619714 0.000545481 0.000493348 0.000157050 0.000125684 0.000143040 0.000000000 0.000000000 0.000000000
122.582847875 0.002728120 0.000613489 0.000574177 0.000573456 0.000539080 0.000130180 0.000138524 0.000159214 0.000000000 0.000000000 0.000000000
123.182275004 0.002675136 0.000575371 0.000527192 0.000554589 0.000589064 0.000103109 0.000164314 0.000161499 0.000000000 0.000000000 0.000000000
123.781702133 0.002651867 0.000559295 0.000537051 0.000548337 0.000585019 0.000097956 0.000176561 0.000147647 0.000000000 0.000000000 0.000000000
124.381129262 0.002557260 0.000573246 0.000517589 0.000550440 0.000534178 0.000095370 0.000147754 0.000138684 0.000000000 0.000000000 0.000000000
124.980556391 0.002409830 0.000576932 0.000450545 0.000519031 0.000496678 0.000095583 0.000120613 0.000150448 0.000000000 0.000000000 0.000000000
125.579983520 0.002324767 0.000552221 0.000392525 0.000498205 0.000493806 0.000097930 0.000112180 0.000177899 0.000000000 0.000000000 0.000000000
126.179410649 0.002298914 0.000510922 0.000375148 0.000497036 0.000502327 0.000108361 0.000097828 0.000207291 0.000000000 0.000000000 0.000000000
126.778837778 0.002293355 0.000462669 0.000419906 0.000513825 0.000486747 0.000120803 0.000098462 0.000190944 0.000000000 0.000000000 0.000000000
127.378264907 0.002325844 0.000438559 0.000479489 0.000540753 0.000431595 0.000140536 0.000131161 0.000163752 0.000000000 0.000000000 0.000000000
127.977692036 0.002434596 0.000483515 0.000514412 0.000533378 0.000435234 0.000147168 0.000159701 0.000161189 0.000000000 0.000000000 0.000000000
128.577119165 0.002599372 0.000561775 0.000522152 0.000502470 0.000470229 0.000160608 0.000198560 0.000183579 0.000000000 0.000000000 0.000000000
129.176546294 0.002713030 0.000583761 0.000519261 0.000478903 0.000530875 0.000173501 0.000212149 0.000214579 0.000000000 0.000000000 0.000000000
129.775973423 0.002850608 0.000570388 0.000575290 0.000461001 0.000574003 0.000208525 0.000215460 0.000245940 0.000000000 0.000000000 0.000000000
130.375400552 0.002932478 0.000560006 0.000602187 0.000458180 0.000571264 0.000247251 0.000224896 0.000268693 0.000000000 0.000000000 0.000000000
130.974827681 0.002947657 0.000570359 0.000586301 0.000452774 0.000496004 0.000285898 0.000273582 0.000282739 0.000000000 0.000000000 0.000000000
131.574254810 0.002868727 0.000534260 0.000510344 0.000456747 0.000428310 0.000306623 0.000332431 0.000300013 0.000000000 0.000000000 0.000000000
132.173681939 0.002748360 0.000425919 0.000463983 0.000459323 0.000430999 0.000310212 0.000358545 0.000299379 0.000000000 0.000000000 0.000000000
132.773109068 0.002655239 0.000314274 0.000479336 0.000486660 0.000467354 0.000296486 0.000325270 0.000285859 0.000000000 0.000000000 0.000000000
133.372536197 0.002655962 0.000319838 0.000476956 0.000539916 0.000479101 0.000286009 0.000277201 0.000276943 0.000000000 0.000000000 0.000000000
133.971963326 0.002688595 0.000377153 0.000437503 0.000602457 0.000454521 0.000287255 0.000248399 0.000281307 0.000000000 0.000000000 0.000000000
134.571390455 0.002633190 0.000442759 0.000372524 0.000617223 0.000445665 0.000270920 0.000238636 0.000245464 0.000000000 0.000000000 0.000000000
135.170817584 0.002554642 0.000490955 0.000348885 0.000552967 0.000452520 0.000257119 0.000243777 0.000208418 0.000000000 0.000000000 0.000000000
135.770244713 0.002514101 0.000500945 0.000368125 0.000494616 0.000453072 0.000252967 0.000241136 0.000203240 0.000000000 0.000000000 0.000000000
136.369671841 0.002614687 0.000496422 0.000417131 0.000469806 0.000480976 0.000277715 0.000221342 0.000251295 0.000000000 0.000000000 0.000000000
136.969098970 0.002842689 0.000517496 0.000504053 0.000495006 0.000514664 0.000284461 0.000227720 0.000299288 0.000000000 0.000000000 0.000000000
137.568526099 0.003008927 0.000536860 0.000569220 0.000522210 0.000487046 0.000272428 0.000288774 0.000332390 0.000000000 0.000000000 0.000000000
138.167953228 0.003026215 0.000516851 0.000574575 0.000509655 0.000457581 0.000269740 0.000362226 0.000335587 0.000000000 0.000000000 0.000000000
138.767380357 0.002931349 0.000504595 0.000562567 0.000491089 0.000440568 0.000282005 0.000357611 0.000292914 0.000000000 0.000000000 0.000000000
139.366807486 0.002765910 0.000470185 0.000564281 0.000472717 0.000416236 0.000299365 0.000308582 0.000234545 0.000000000 0.000000000 0.000000000
139.966234615 0.002651048 0.000467158 0.000565926 0.000456435 0.000410411 0.000300684 0.000253662 0.000196772 0.000000000 0.000000000 0.000000000
140.565661744 0.002692748 0.000513908 0.000569131 0.000478100 0.000434455 0.000291947 0.000223475 0.000181731 0.000000000 0.000000000 0.000000000
141.165088873 0.002753419 0.000538391 0.000604963 0.000511484 0.000445732 0.000263177 0.000207010 0.000182662 0.000000000 0.000000000 0.000000000
141.764516002 0.002695419 0.000523773 0.000553696 0.000541468 0.000456910 0.000217078 0.000216357 0.000186137 0.000000000 0.000000000 0.000000000
142.363943131 0.002636656 0.000494856 0.000472820 0.000593617 0.000498200 0.000185117 0.000211887 0.000180159 0.000000000 0.000000000 0.000000000
142.963370260 0.002566813 0.000457117 0.000461420 0.000600134 0.000500981 0.000172944 0.000181310 0.000192908 0.000000000 0.000000000 0.000000000
143.562797389 0.002466042 0.000439557 0.000446427 0.000564071 0.000458318 0.000175824 0.000158448 0.000223398 0.000000000 0.000000000 0.000000000
144.162224518 0.002429399 0.000440155 0.000403164 0.000549129 0.000445402 0.000178965 0.000156817 0.000255768 0.000000000 0.000000000 0.000000000
144.761651647 0.002576350 0.000488107 0.000400501 0.000565875 0.000491962 0.000186295 0.000168414 0.000275196 0.000000000 0.000000000 0.000000000
145.361078776 0.002809681 0.000550044 0.000471795 0.000581541 0.000539079 0.000197817 0.000211858 0.000257549 0.000000000 0.000000000 0.000000000
145.960505905 0.002881760 0.000543905 0.000508823 0.000564879 0.000576363 0.000209578 0.000251746 0.000226467 0.000000000 0.000000000 0.000000000
146.559933034 0.002820344 0.000504209 0.000486409 0.000519700 0.000618567 0.000225971 0.000270497 0.000194991 0.000000000 0.000000000 0.000000000
147.159360163 0.002672885 0.000470336 0.000450571 0.000466071 0.000604557 0.000265740 0.000249255 0.000166355 0.000000000 0.000000000 0.000000000
147.758787292 0.002602050 0.000502211 0.000483130 0.000417347 0.000525493 0.000283463 0.000231088 0.000159316 0.000000000 0.000000000 0.000000000
148.358214421 0.002643907 0.000556601 0.000557915 0.000392375 0.000449924 0.000267704 0.000236907 0.000182482 0.000000000 0.000000000 0.000000000
148.957641550 0.002709138 0.000564508 0.000597345 0.000376604 0.000421291 0.000250324 0.000253709 0.000245356 0.000000000 0.000000000 0.000000000
149.557068679 0.002745412 0.000544950 0.000571428 0.000383669 0.000433367 0.000229797 0.000266750 0.000315454 0.000000000 0.000000000 0.000000000
150.156495808 0.002725914 0.000508266 0.000512223 0.000399103 0.000465999 0.000219423 0.000267666 0.000353235 0.000000000 0.000000000 0.000000000
150.755922937 0.002678089 0.000468078 0.000482326 0.000420398 0.000504056 0.000219529 0.000258216 0.000325484 0.000000000 0.000000000 0.000000000
151.355350066 0.002591455 0.000417757 0.000462838 0.000465129 0.000494791 0.000229699 0.000247480 0.000273761 0.000000000 0.000000000 0.000000000
151.954777195 0.002631475 0.000441851 0.000446368 0.000503469 0.000528541 0.000230137 0.000246166 0.000234944 0.000000000 0.000000000 0.000000000
152.554204324 0.002719213 0.000478008 0.000424657 0.000544636 0.000571007 0.000241429 0.000253811 0.000205667 0.000000000 0.000000000 0.000000000
153.153631453 0.002871640 0.000567073 0.000452777 0.000587735 0.000580478 0.000249882 0.000243940 0.000189755 0.000000000 0.000000000 0.000000000
153.753058582 0.002905157 0.000559852 0.000506001 0.000604631 0.000548772 0.000274531 0.000228707 0.000182664 0.000000000 0.000000000 0.000000000
154.352485711 0.002777498 0.000487676 0.000493126 0.000593014 0.000491042 0.000285931 0.000221708 0.000205002 0.000000000 0.000000000 0.000000000
154.951912840 0.002668636 0.000403662 0.000476205 0.000601942 0.000474764 0.000271928 0.000200563 0.000239572 0.000000000 0.000000000 0.000000000
155.551339969 0.002612289 0.000374783 0.000473266 0.000615917 0.000460450 0.000233079 0.000203850 0.000250943 0.000000000 0.000000000 0.000000000
156.150767098 0.002621152 0.000394140 0.000512805 0.000587757 0.000438257 0.000214840 0.000225859 0.000247496 0.000000000 0.000000000 0.000000000
156.750194227 0.002603871 0.000446743 0.000535859 0.000549174 0.000399231 0.000203803 0.000242459 0.000226601 0.000000000 0.000000000 0.000000000
157.349621356 0.002636697 0.000523147 0.000571294 0.000509189 0.000371555 0.000207235 0.000242414 0.000211864 0.000000000 0.000000000 0.000000000
157.949048485 0.002703511 0.000592510 0.000589579 0.000461095 0.000372353 0.000214029 0.000243543 0.000230403 0.000000000 0.000000000 0.000000000
158.548475614 0.002712985 0.000645928 0.000553907 0.000431534 0.000391764 0.000207198 0.000224774 0.000257880 0.000000000 0.000000000 0.000000000
159.147902742 0.002722065 0.000653280 0.000522780 0.000414519 0.000437322 0.000210882 0.000211524 0.000271758 0.000000000 0.000000000 0.000000000
159.747329871 0.002655921 0.000600894 0.000478356 0.000394552 0.000471067 0.000221196 0.000222386 0.000267471 0.000000000 0.000000000 0.000000000
160.346757000 0.002620568 0.000496553 0.000459753 0.000387286 0.000513684 0.000255524 0.000250868 0.000256899 0.000000000 0.000000000 0.000000000
160.946184129 0.002638144 0.000422660 0.000446709 0.000367578 0.000568064 0.000301054 0.000281531 0.000250548 0.000000000 0.000000000 0.000000000
161.545611258 0.002683623 0.000396704 0.000454873 0.000362154 0.000610267 0.000328586 0.000295717 0.000235322 0.000000000 0.000000000 0.000000000
162.145038387 0.002658012 0.000399004 0.000453792 0.000370823 0.000589938 0.000338730 0.000281788 0.000223937 0.000000000 0.000000000 0.000000000
162.744465516 0.002673870 0.000432461 0.000439946 0.000407453 0.000588887 0.000328947 0.000263945 0.000212231 0.000000000 0.000000000 0.000000000
163.343892645 0.002784471 0.000476110 0.000459932 0.000441875 0.000616388 0.000304384 0.000277334 0.000208448 0.000000000 0.000000000 0.000000000
163.943319774 0.002804791 0.000507211 0.000471132 0.000492177 0.000592955 0.000265451 0.000269126 0.000206738 0.000000000 0.000000000 0.000000000
164.542746903 0.002764912 0.000497322 0.000488782 0.000513718 0.000562356 0.000238168 0.000248720 0.000215846 0.000000000 0.000000000 0.000000000
165.142174032 0.002675970 0.000430671 0.000507365 0.000503242 0.000531579 0.000216849 0.000233537 0.000252729 0.000000000 0.000000000 0.000000000
165.741601161 0.002669161 0.000403872 0.000542230 0.000476582 0.000512199 0.000195180 0.000240115 0.000298984 0.000000000 0.000000000 0.000000000
166.341028290 0.002680330 0.000395648 0.000560016 0.000443678 0.000513098 0.000192144 0.000255444 0.000320302 0.000000000 0.000000000 0.000000000
166.940455419 0.002608335 0.000355922 0.000511401 0.000403878 0.000557033 0.000214410 0.000264665 0.000301026 0.000000000 0.000000000 0.000000000
167.539882548 0.002530752 0.000352534 0.000442295 0.000373064 0.000590835 0.000251620 0.000262527 0.000257876 0.000000000 0.000000000 0.000000000
168.139309677 0.002542067 0.000414350 0.000361633 0.000410176 0.000580572 0.000272895 0.000254462 0.000247978 0.000000000 0.000000000 0.000000000
168.738736806 0.002550510 0.000491078 0.000299212 0.000442441 0.000553477 0.000259060 0.000238687 0.000266555 0.000000000 0.000000000 0.000000000
169.338163935 0.002624176 0.000538695 0.000301791 0.000460233 0.000537660 0.000266003 0.000249066 0.000270728 0.000000000 0.000000000 0.000000000
169.937591064 0.002676369 0.000548957 0.000331810 0.000434355 0.000511167 0.000273494 0.000278317 0.000298269 0.000000000 0.000000000 0.000000000
170.537018193 0.002748346 0.000561745 0.000387685 0.000391343 0.000464691 0.000290381 0.000295022 0.000357480 0.000000000 0.000000000 0.000000000
171.136445322 0.002856992 0.000600184 0.000458083 0.000364207 0.000442991 0.000300190 0.000295594 0.000395743 0.000000000 0.000000000 0.000000000
171.735872451 0.002880482 0.000614185 0.000506305 0.000362393 0.000420861 0.000294601 0.000300495 0.000381642 0.000000000 0.000000000 0.000000000
172.335299580 0.002793639 0.000606739 0.000504235 0.000383200 0.000399314 0.000276150 0.000293723 0.000330277 0.000000000 0.000000000 0.000000000
172.934726709 0.002761079 0.000595699 0.000517775 0.000397938 0.000398720 0.000248236 0.000308564 0.000294147 0.000000000 0.000000000 0.000000000
173.534153838 0.002701247 0.000495681 0.000561543 0.000408579 0.000405928 0.000237203 0.000307391 0.000284921 0.000000000 0.000000000 0.000000000
174.133580967 0.002612431 0.000419371 0.000549413 0.000402923 0.000413305 0.000240578 0.000305692 0.000281149 0.000000000 0.000000000 0.000000000
174.733008096 0.002654608 0.000393608 0.000497327 0.000438080 0.000434907 0.000275975 0.000321216 0.000293494 0.000000000 0.000000000 0.000000000
175.332435225 0.002805205 0.000392246 0.000472959 0.000527717 0.000473957 0.000325442 0.000313768 0.000299116 0.000000000 0.000000000 0.000000000
175.931862354 0.002930558 0.000374311 0.000486379 0.000595032 0.000533181 0.000341160 0.000310867 0.000289627 0.000000000 0.000000000 0.000000000
176.531289483 0.002990953 0.000383743 0.000493281 0.000588332 0.000601741 0.000336397 0.000318872 0.000268587 0.000000000 0.000000000 0.000000000
177.130716612 0.002973208 0.000409268 0.000497091 0.000606314 0.000616919 0.000312448 0.000284209 0.000246959 0.000000000 0.000000000 0.000000000
177.730143741 0.002912636 0.000431908 0.000525347 0.000623942 0.000564850 0.000302841 0.000238240 0.000225509 0.000000000 0.000000000 0.000000000
178.329570870 0.002818702 0.000440195 0.000549007 0.000618377 0.000514682 0.000295036 0.000200022 0.000201382 0.000000000 0.000000000 0.000000000
178.928997999 0.002659612 0.000441347 0.000518386 0.000556056 0.000456797 0.000298596 0.000205010 0.000183420 0.000000000 0.000000000 0.000000000
179.528425128 0.002561884 0.000464859 0.000478889 0.000478708 0.000428541 0.000279121 0.000232199 0.000199566 0.000000000 0.000000000 0.000000000
180.127852257 0.002647918 0.000493972 0.000511802 0.000461574 0.000413820 0.000263809 0.000270190 0.000232752 0.000000000 0.000000000 0.000000000
180.727279386 0.002739955 0.000541133 0.000527131 0.000467174 0.000385392 0.000275197 0.000286641 0.000257288 0.000000000 0.000000000 0.000000000
181.326706515 0.002726529 0.000558425 0.000508383 0.000466098 0.000361921 0.000284883 0.000272975 0.000273844 0.000000000 0.000000000 0.000000000
181.926133643 0.002697424 0.000575853 0.000469145 0.000465978 0.000382039 0.000278759 0.000258835 0.000266816 0.000000000 0.000000000 0.000000000
182.525560772 0.002731416 0.000582013 0.000462915 0.000482591 0.000431533 0.000266853 0.000261525 0.000243983 0.000000000 0.000000000 0.000000000
183.124987901 0.002728417 0.000535121 0.000457401 0.000500759 0.000489623 0.000250424 0.000275768 0.000219322 0.000000000 0.000000000 0.000000000
183.724415030 0.002738272 0.000504650 0.000457161 0.000506271 0.000563787 0.000231714 0.000275471 0.000199218 0.000000000 0.000000000 0.000000000
184.323842159 0.002704692 0.000470447 0.000467454 0.000496349 0.000618260 0.000202286 0.000248329 0.000201567 0.000000000 0.000000000 0.000000000
184.923269288 0.002736936 0.000476239 0.000506121 0.000512663 0.000617128 0.000179127 0.000220770 0.000224890 0.000000000 0.000000000 0.000000000
185.522696417 0.002705711 0.000472311 0.000510410 0.000548820 0.000559743 0.000166520 0.000197070 0.000250836 0.000000000 0.000000000 0.000000000
186.122123546 0.002611487 0.000522882 0.000482039 0.000575489 0.000457553 0.000155673 0.000162259 0.000255592 0.000000000 0.000000000 0.000000000
186.721550675 0.002512469 0.000538554 0.000436195 0.000570090 0.000406724 0.000179685 0.000140528 0.000240693 0.000000000 0.000000000 0.000000000
187.320977804 0.002513244 0.000502123 0.000453922 0.000562942 0.000407383 0.000219950 0.000130856 0.000236068 0.000000000 0.000000000 0.000000000
187.920404933 0.002657035 0.000442221 0.000543154 0.000554523 0.000466340 0.000258366 0.000162154 0.000230276 0.000000000 0.000000000 0.000000000
188.519832062 0.002773040 0.000378055 0.000601297 0.000539634 0.000501155 0.000285796 0.000231824 0.000235280 0.000000000 0.000000000 0.000000000
189.119259191 0.002835633 0.000354137 0.000574458 0.000504723 0.000513236 0.000332229 0.000325481 0.000231370 0.000000000 0.000000000 0.000000000
189.718686320 0.002881306 0.000380056 0.000530234 0.000479157 0.000514089 0.000378757 0.000379331 0.000219684 0.000000000 0.000000000 0.000000000
190.318113449 0.002878186 0.000429340 0.000485113 0.000446906 0.000498862 0.000402063 0.000379484 0.000236418 0.000000000 0.000000000 0.000000000
190.917540578 0.002854048 0.000483964 0.000454332 0.000428404 0.000464908 0.000364400 0.000381952 0.000276088 0.000000000 0.000000000 0.000000000
191.516967707 0.002841422 0.000551204 0.000443854 0.000448257 0.000431225 0.000297999 0.000365440 0.000303442 0.000000000 0.000000000 0.000000000
192.116394836 0.002905877 0.000628172 0.000439683 0.000486199 0.000456947 0.000246726 0.000336650 0.000311499 0.000000000 0.000000000 0.000000000
192.715821965 0.002756677 0.000610408 0.000420877 0.000475914 0.000468513 0.000204391 0.000280527 0.000296046 0.000000000 0.000000000 0.000000000
193.315249094 0.002600001 0.000554313 0.000428133 0.000431855 0.000467848 0.000199748 0.000233569 0.000284534 0.000000000 0.000000000 0.000000000
193.914676223 0.002640373 0.000528448 0.000521785 0.000375054 0.000493670 0.000219142 0.000208578 0.000293696 0.000000000 0.000000000 0.000000000
194.514103352 0.002707667 0.000514936 0.000598157 0.000359804 0.000478011 0.000246205 0.000201963 0.000308591 0.000000000 0.000000000 0.000000000
195.113530481 0.002687297 0.000511519 0.000549894 0.000382313 0.000469805 0.000273878 0.000223268 0.000276622 0.000000000 0.000000000 0.000000000
195.712957610 0.002609333 0.000478978 0.000443102 0.000440628 0.000486394 0.000265782 0.000259637 0.000234813 0.000000000 0.000000000 0.000000000
196.312384739 0.002521744 0.000448296 0.000386045 0.000504199 0.000486108 0.000239198 0.000245270 0.000212628 0.000000000 0.000000000 0.000000000
196.911811868 0.002518747 0.000404311 0.000408014 0.000571283 0.000487203 0.000223225 0.000214702 0.000210009 0.000000000 0.000000000 0.000000000
197.511238997 0.002696273 0.000386923 0.000484664 0.000677940 0.000506435 0.000217811 0.000190362 0.000232137 0.000000000 0.000000000 0.000000000
198.110666126 0.002980764 0.000418214 0.000548830 0.000790800 0.000518546 0.000220723 0.000215511 0.000268140 0.000000000 0.000000000 0.000000000
198.710093255 0.003117777 0.000452479 0.000515427 0.000846941 0.000498333 0.000245807 0.000265619 0.000293171 0.000000000 0.000000000 0.000000000
199.309520384 0.003053489 0.000485228 0.000428781 0.000808821 0.000461947 0.000280957 0.000302272 0.000285483 0.000000000 0.000000000 0.000000000
199.908947513 0.002880303 0.000519337 0.000419024 0.000702284 0.000415177 0.000294426 0.000288546 0.000241509 0.000000000 0.000000000 0.000000000
200.508374642 0.002828652 0.000551262 0.000533921 0.000607951 0.000349931 0.000281380 0.000267182 0.000237025 0.000000000 0.000000000 0.000000000
201.107801771 0.002854456 0.000512689 0.000707178 0.000560090 0.000277217 0.000258703 0.000264738 0.000273841 0.000000000 0.000000000 0.000000000
201.707228900 0.002648616 0.000432591 0.000723708 0.000552821 0.000208996 0.000222100 0.000231838 0.000276563 0.000000000 0.000000000 0.000000000
202.306656029 0.002346043 0.000432573 0.000649449 0.000515759 0.000167688 0.000165033 0.000178070 0.000237470 0.000000000 0.000000000 0.000000000
202.906083158 0.002175992 0.000499529 0.000586538 0.000469488 0.000135629 0.000138533 0.000149114 0.000197161 0.000000000 0.000000000 0.000000000
203.505510287 0.002078627 0.000564732 0.000504379 0.000416405 0.000130273 0.000125154 0.000153986 0.000183698 0.000000000 0.000000000 0.000000000
204.104937416 0.002101969 0.000618072 0.000424980 0.000395735 0.000171399 0.000130535 0.000180836 0.000180411 0.000000000 0.000000000 0.000000000
204.704364544 0.002433861 0.000748316 0.000428511 0.000435591 0.000296494 0.000146619 0.000199275 0.000179055 0.000000000 0.000000000 0.000000000
205.303791673 0.003040906 0.000864042 0.000560156 0.000482984 0.000542292 0.000181846 0.000215277 0.000194310 0.000000000 0.000000000 0.000000000
205.903218802 0.003560629 0.000846370 0.000669214 0.000518461 0.000800004 0.000235131 0.000245432 0.000246016 0.000000000 0.000000000 0.000000000
206.502645931 0.003700653 0.000727409 0.000613251 0.000544422 0.000926715 0.000312744 0.000280752 0.000295359 0.000000000 0.000000000 0.000000000
207.102073060 0.003539049 0.000543920 0.000560328 0.000541499 0.000870625 0.000403695 0.000311320 0.000307662 0.000000000 0.000000000 0.000000000
207.701500189 0.003127977 0.000343087 0.000432535 0.000515681 0.000688237 0.000460593 0.000345308 0.000342534 0.000000000 0.000000000 0.000000000
208.300927318 0.002659745 0.000172653 0.000324967 0.000440219 0.000565431 0.000428367 0.000393273 0.000334835 0.000000000 0.000000000 0.000000000
208.900354447 0.002139519 0.000100521 0.000255392 0.000340812 0.000494018 0.000322438 0.000340076 0.000286264 0.000000000 0.000000000 0.000000000
209.499781576 0.001901330 0.000101487 0.000285754 0.000231739 0.000488293 0.000238888 0.000318659 0.000236510 0.000000000 0.000000000 0.000000000
210.099208705 0.001782228 0.000087536 0.000337836 0.000167788 0.000430809 0.000201755 0.000315442 0.000241063 0.000000000 0.000000000 0.000000000
210.698635834 0.001561879 0.000075737 0.000281053 0.000138779 0.000329520 0.000200688 0.000256409 0.000279693 0.000000000 0.000000000 0.000000000
211.298062963 0.001319015 0.000089086 0.000204857 0.000110689 0.000273298 0.000180688 0.000183897 0.000276498 0.000000000 0.000000000 0.000000000
211.897490092 0.001102549 0.000103634 0.000159207 0.000080117 0.000226206 0.000145516 0.000154739 0.000233130 0.000000000 0.000000000 0.000000000
212.496917221 0.007803562 0.000113383 0.000127018 0.000070776 0.000179211 0.000137311 0.000111686 0.000208055 0.000000000 0.006856122 0.000000000
213.096344350 0.009633759 0.000152895 0.000111855 0.000076252 0.000137945 0.000139451 0.000092186 0.000108162 0.000000000 0.008815014 0.000000000
213.695771479 0.007957662 0.000228127 0.000110016 0.000085897 0.000129692 0.000130224 0.000087442 0.000085279 0.000000000 0.007100983 0.000000000
214.295198608 0.010964561 0.000259116 0.000093601 0.000085376 0.000144619 0.000116351 0.000105148 0.000121028 0.000000000 0.010039321 0.000000000
214.894625737 0.007652300 0.000264325 0.000052089 0.000084968 0.000168211 0.000133010 0.000148221 0.000190215 0.000000000 0.006611260 0.000000000
215.494052866 0.009517955 0.000209984 0.000023826 0.000078560 0.000174316 0.000188753 0.000274494 0.000242732 0.000000000 0.008325291 0.000000000
216.093479995 0.006906129 0.000100553 0.000020443 0.000070162 0.000141031 0.000217813 0.000263962 0.000215490 0.000000000 0.005876676 0.000000000
216.692907124 0.008095535 0.000066214 0.000017994 0.000073401 0.000132128 0.000178574 0.000135777 0.000145603 0.000000000 0.007345845 0.000000000
217.292334253 0.009770642 0.000094067 0.000024470 0.000070445 0.000144655 0.000149258 0.000090013 0.000137859 0.000000000 0.009059875 0.000000000
217.891761382 0.007613525 0.000117037 0.000043534 0.000065777 0.000145275 0.000109118 0.000105265 0.000171397 0.000000000 0.006856122 0.000000000
218.491188511 0.008541942 0.000090252 0.000081264 0.000077439 0.000456809 0.000116034 0.000169365 0.000204934 0.000000000 0.007345845 0.000000000
219.090615640 0.009959133 0.000081243 0.000154851 0.000095807 0.000306358 0.000144521 0.000180095 0.000181242 0.000000000 0.008815014 0.000000000
219.690042769 0.008740786 0.000091142 0.000174295 0.000100416 0.000372036 0.000131565 0.000127803 0.000152823 0.000000000 0.007590706 0.000000000
220.289469898 0.007518497 0.000102902 0.000137871 0.000111502 0.000386717 0.000106639 0.000144669 0.000161798 0.000000000 0.006366399 0.000000000
220.888897027 0.007805361 0.000097406 0.000346269 0.000146563 0.000190038 0.000114266 0.000158007 0.000141552 0.000000000 0.006611260 0.000000000
221.488324156 0.007176737 0.000065133 0.000277439 0.000165159 0.000111755 0.000147210 0.000173818 0.000114684 0.000000000 0.006121537 0.000000000
222.087751285 0.009389409 0.000051875 0.000327366 0.000165672 0.000067201 0.000195958 0.000153702 0.000102345 0.000000000 0.008325291 0.000000000
222.687178414 0.008756467 0.000085934 0.000403130 0.000168762 0.000051204 0.000223923 0.000125779 0.000107030 0.000000000 0.007590706 0.000000000
223.286605543 0.008440300 0.000167363 0.000220941 0.000155204 0.000048285 0.000203083 0.000139886 0.000159693 0.000000000 0.007345845 0.000000000
223.886032672 0.008092083 0.000136969 0.000126411 0.000183606 0.000056785 0.000162923 0.000139090 0.000185315 0.000000000 0.007100983 0.000000000
224.485459801 0.007818004 0.000106979 0.000157764 0.000220981 0.000074618 0.000125969 0.000138487 0.000137083 0.000000000 0.006856122 0.000000000
225.084886930 0.007143923 0.000113234 0.000170183 0.000250380 0.000105084 0.000122353 0.000146056 0.000115095 0.000000000 0.006121537 0.000000000
225.684314059 0.005413175 0.000144279 0.000181057 0.000336000 0.000169972 0.000118101 0.000174521 0.000126600 0.000000000 0.004162645 0.000000000
226.283741188 0.007960607 0.000271849 0.000167828 0.000282728 0.000187398 0.000111189 0.000183958 0.000144395 0.000000000 0.006611260 0.000000000
226.883168317 0.010646779 0.000646737 0.000127368 0.000276802 0.000154897 0.000107547 0.000144238 0.000129315 0.000000000 0.009059875 0.000000000
227.482595445 0.006362950 0.000282594 0.000094370 0.000410289 0.000125108 0.000110517 0.000101736 0.000096245 0.000000000 0.005142091 0.000000000
228.082022574 0.007637610 0.000213869 0.000086105 0.000327465 0.000119274 0.000134587 0.000069457 0.000075591 0.000000000 0.006611260 0.000000000
228.681449703 0.007162999 0.000131691 0.000124108 0.000176660 0.000111306 0.000131219 0.000051682 0.000069935 0.000000000 0.006366399 0.000000000
229.280876832 0.006640013 0.000109152 0.000172579 0.000152822 0.000103421 0.000090125 0.000052278 0.000082960 0.000000000 0.005876676 0.000000000
229.880303961 0.008185741 0.000128838 0.000225840 0.000165696 0.000095955 0.000059294 0.000062082 0.000102192 0.000000000 0.007345845 0.000000000
230.479731090 0.009674364 0.000126340 0.000240755 0.000160717 0.000120295 0.000051200 0.000061859 0.000098184 0.000000000 0.008815014 0.000000000
231.079158219 0.007771669 0.000175419 0.000214301 0.000144316 0.000173196 0.000065355 0.000072687 0.000070272 0.000000000 0.006856122 0.000000000
231.678585348 0.005728198 0.000336464 0.000203189 0.000115031 0.000149590 0.000087643 0.000104090 0.000079825 0.000000000 0.004652368 0.000000000
232.278012477 0.009356610 0.000149715 0.000194384 0.000105866 0.000122593 0.000099227 0.000130099 0.000229436 0.000000000 0.008325291 0.000000000
232.877439606 0.008590381 0.000164600 0.000179795 0.000124583 0.000136260 0.000096635 0.000110936 0.000186866 0.000000000 0.007590706 0.000000000
233.476866735 0.005393402 0.000196969 0.000166003 0.000175038 0.000158095 0.000091574 0.000093718 0.000104497 0.000000000 0.004407507 0.000000000
234.076293864 0.006495207 0.000180808 0.000130477 0.000216012 0.000180122 0.000096052 0.000192526 0.000112259 0.000000000 0.005386953 0.000000000
234.675720993 0.010343663 0.000130225 0.000095349 0.000205234 0.000167843 0.000101591 0.000225282 0.000113400 0.000000000 0.009304737 0.000000000
235.275148122 0.007338943 0.000090718 0.000090965 0.000200076 0.000142679 0.000177939 0.000167622 0.000102545 0.000000000 0.006366399 0.000000000
235.874575251 0.008708950 0.000074850 0.000111212 0.000194312 0.000166682 0.000339927 0.000141510 0.000089750 0.000000000 0.007590706 0.000000000
236.474002380 0.006915072 0.000099708 0.000125079 0.000245157 0.000182891 0.000200072 0.000102176 0.000083313 0.000000000 0.005876676 0.000000000
237.073429509 0.009158096 0.000136152 0.000138236 0.000293588 0.000204328 0.000106091 0.000100533 0.000098739 0.000000000 0.008080429 0.000000000
237.672856638 0.006974594 0.000153044 0.000144222 0.000267518 0.000221056 0.000076631 0.000117858 0.000117589 0.000000000 0.005876676 0.000000000
238.272283767 0.007124566 0.000140993 0.000169945 0.000228702 0.000194322 0.000056850 0.000098186 0.000114030 0.000000000 0.006121537 0.000000000
238.871710896 0.007952621 0.000115998 0.000197585 0.000193231 0.000140062 0.000048740 0.000068085 0.000087937 0.000000000 0.007100983 0.000000000
239.471138025 0.007684601 0.000181595 0.000186549 0.000180156 0.000124902 0.000045664 0.000042705 0.000066906 0.000000000 0.006856122 0.000000000
240.070565154 0.009015109 0.000342611 0.000192478 0.000159127 0.000113959 0.000039223 0.000031015 0.000056266 0.000000000 0.008080429 0.000000000
240.669992283 0.007765250 0.000326943 0.000246910 0.000137488 0.000088469 0.000035351 0.000023633 0.000050334 0.000000000 0.006856122 0.000000000
241.269419412 0.011091917 0.000192078 0.000326024 0.000119391 0.000066142 0.000042726 0.000021531 0.000039844 0.000000000 0.010284183 0.000000000
241.868846541 0.009347120 0.000117231 0.000358595 0.000093630 0.000083815 0.000058777 0.000029259 0.000035660 0.000000000 0.008570152 0.000000000
242.468273670 0.006190260 0.000132409 0.000312824 0.000073542 0.000135720 0.000070049 0.000042216 0.000036547 0.000000000 0.005386953 0.000000000
243.067700799 0.010835099 0.000179530 0.000211973 0.000059725 0.000188811 0.000065904 0.000048477 0.000041356 0.000000000 0.010039321 0.000000000
243.667127928 0.011718799 0.000168512 0.000115787 0.000055350 0.000203410 0.000050948 0.000060759 0.000045266 0.000000000 0.011018767 0.000000000
244.266555057 0.007021885 0.000123940 0.000072480 0.000061807 0.000230616 0.000050404 0.000079988 0.000036252 0.000000000 0.006366399 0.000000000
244.865982186 0.005608926 0.000100166 0.000066606 0.000084078 0.000286950 0.000062050 0.000077128 0.000034718 0.000000000 0.004897230 0.000000000
245.465409315 0.007869868 0.000084045 0.000067431 0.000128731 0.000286662 0.000087751 0.000070424 0.000043839 0.000000000 0.007100983 0.000000000
246.064836444 0.006671325 0.000089786 0.000054202 0.000189245 0.000200604 0.000120804 0.000073257 0.000066751 0.000000000 0.005876676 0.000000000
246.664263573 0.005720661 0.000291962 0.000052126 0.000247369 0.000138449 0.000141402 0.000083163 0.000113821 0.000000000 0.004652368 0.000000000
247.263690702 0.008939765 0.000041632 0.000057449 0.000261975 0.000123674 0.000114536 0.000124857 0.000135213 0.000000000 0.008080429 0.000000000
247.863117831 0.004079344 0.000025341 0.000044127 0.000177041 0.000089122 0.000077376 0.000136827 0.000101448 0.000000000 0.003428061 0.000000000
248.462544960 0.005658261 0.000039293 0.000094082 0.000116658 0.000052746 0.000052459 0.000093218 0.000067714 0.000000000 0.005142091 0.000000000
249.061972089 0.006954309 0.000125964 0.000162232 0.000100883 0.000036022 0.000049811 0.000054725 0.000058274 0.000000000 0.006366399 0.000000000
249.661399218 0.005766924 0.000206767 0.000091125 0.000104494 0.000042021 0.000053728 0.000046578 0.000080119 0.000000000 0.005142091 0.000000000
250.260826346 0.007980452 0.000171520 0.000073375 0.000097684 0.000081378 0.000050828 0.000060103 0.000099719 0.000000000 0.007345845 0.000000000
250.860253475 0.004588160 0.000149201 0.000104724 0.000081328 0.000128061 0.000039938 0.000070220 0.000096905 0.000000000 0.003917784 0.000000000
251.459680604 0.007613336 0.000116284 0.000189166 0.000092134 0.000177001 0.000026857 0.000055795 0.000099977 0.000000000 0.006856122 0.000000000
252.059107733 0.006227330 0.000137725 0.000227743 0.000141600 0.000209818 0.000014230 0.000028236 0.000081025 0.000000000 0.005386953 0.000000000
252.658534862 0.007651622 0.000187620 0.000172022 0.000154004 0.000202301 0.000009888 0.000025230 0.000044435 0.000000000 0.006856122 0.000000000
253.257961991 0.004474009 0.000184522 0.000124006 0.000152390 0.000266413 0.000009434 0.000031857 0.000032464 0.000000000 0.003672922 0.000000000
253.857389120 0.005038831 0.000220157 0.000078414 0.000164819 0.000342143 0.000012556 0.000034903 0.000023193 0.000000000 0.004162645 0.000000000
254.456816249 0.006502530 0.000227835 0.000079301 0.000201358 0.000285329 0.000024620 0.000034713 0.000017561 0.000000000 0.005631814 0.000000000
255.056243378 0.004167183 0.000159562 0.000166014 0.000253946 0.000273416 0.000040389 0.000020475 0.000070181 0.000000000 0.003183199 0.000000000
255.655670507 0.008201011 0.000145695 0.000201186 0.000304565 0.000259751 0.000054207 0.000016113 0.000118511 0.000000000 0.007100983 0.000000000
256.255097636 0.005501677 0.000170734 0.000227039 0.000271458 0.000248155 0.000073124 0.000033543 0.000070118 0.000000000 0.004407507 0.000000000
256.854524765 0.008637077 0.000259209 0.000359668 0.000206877 0.000219946 0.000074614 0.000100973 0.000069946 0.000000000 0.007345845 0.000000000
257.453951894 0.005442032 0.000315227 0.000492694 0.000172547 0.000197075 0.000066325 0.000164995 0.000115384 0.000000000 0.003917784 0.000000000
258.053379023 0.007838763 0.000328938 0.000441003 0.000183822 0.000204392 0.000057823 0.000143721 0.000112664 0.000000000 0.006366399 0.000000000
258.652806152 0.004503323 0.000314269 0.000317796 0.000188805 0.000248892 0.000073585 0.000106130 0.000070646 0.000000000 0.003183199 0.000000000
259.252233281 0.006741654 0.000261344 0.000191981 0.000205015 0.000230859 0.000113438 0.000067603 0.000039598 0.000000000 0.005631814 0.000000000
259.851660410 0.007625018 0.000223576 0.000134372 0.000245626 0.000166213 0.000152011 0.000062865 0.000029096 0.000000000 0.006611260 0.000000000
260.451087539 0.007048776 0.000139162 0.000137677 0.000246403 0.000189950 0.000143420 0.000044295 0.000026332 0.000000000 0.006121537 0.000000000
261.050514668 0.007998069 0.000092161 0.000160707 0.000226744 0.000251338 0.000111417 0.000029591 0.000025127 0.000000000 0.007100983 0.000000000
261.649941797 0.005094382 0.000113948 0.000183313 0.000225869 0.000252545 0.000091836 0.000035604 0.000028622 0.000000000 0.004162645 0.000000000
262.249368926 0.006698833 0.000184767 0.000225076 0.000277342 0.000230794 0.000073106 0.000052082 0.000023851 0.000000000 0.005631814 0.000000000
262.848796055 0.007852923 0.000290742 0.000247340 0.000324257 0.000239542 0.000043464 0.000072579 0.000023739 0.000000000 0.006611260 0.000000000
263.448223184 0.006761070 0.000386795 0.000238921 0.000324871 0.000272702 0.000026642 0.000088144 0.000036042 0.000000000 0.005386953 0.000000000
264.047650313 0.004606063 0.000424952 0.000174367 0.000311655 0.000343073 0.000026353 0.000077067 0.000065396 0.000000000 0.003183199 0.000000000
264.647077442 0.007418732 0.000426281 0.000206471 0.000278770 0.000454309 0.000034299 0.000053492 0.000088434 0.000000000 0.005876676 0.000000000
265.246504571 0.006866602 0.000277554 0.000347747 0.000257431 0.000412732 0.000041797 0.000042377 0.000100012 0.000000000 0.005386953 0.000000000
265.845931700 0.007050198 0.000235306 0.000479638 0.000232818 0.000306151 0.000043341 0.000041633 0.000079495 0.000000000 0.005631814 0.000000000
266.445358829 0.005825910 0.000221791 0.000409416 0.000209913 0.000207799 0.000036373 0.000037236 0.000051014 0.000000000 0.004652368 0.000000000
267.044785958 0.007207807 0.000158225 0.000239913 0.000177128 0.000173682 0.000036129 0.000028693 0.000027638 0.000000000 0.006366399 0.000000000
267.644213087 0.006129764 0.000137558 0.000168619 0.000161278 0.000188113 0.000052239 0.000017181 0.000017824 0.000000000 0.005386953 0.000000000
268.243640216 0.005320765 0.000201275 0.000207093 0.000185177 0.000190477 0.000102851 0.000011046 0.000015339 0.000000000 0.004407507 0.000000000
268.843067345 0.006778485 0.000344068 0.000245694 0.000210420 0.000174147 0.000128299 0.000031511 0.000012531 0.000000000 0.005631814 0.000000000
269.442494474 0.008771188 0.000389078 0.000206560 0.000216385 0.000168562 0.000092840 0.000090232 0.000016824 0.000000000 0.007590706 0.000000000
270.041921603 0.005332907 0.000351229 0.000189853 0.000235588 0.000153591 0.000069988 0.000137038 0.000032976 0.000000000 0.004162645 0.000000000
270.641348732 0.006783479 0.000311754 0.000158835 0.000248554 0.000148077 0.000075812 0.000131866 0.000076766 0.000000000 0.005631814 0.000000000
271.240775861 0.008347609 0.000297681 0.000166678 0.000253657 0.000154523 0.000095177 0.000125105 0.000153804 0.000000000 0.007100983 0.000000000
271.840202990 0.008895122 0.000243049 0.000200443 0.000274874 0.000190080 0.000096043 0.000117314 0.000182613 0.000000000 0.007590706 0.000000000
272.439630119 0.007536360 0.000202300 0.000174797 0.000323926 0.000177920 0.000074729 0.000068954 0.000147336 0.000000000 0.006366399 0.000000000
273.039057247 0.008619152 0.000139402 0.000228430 0.000298053 0.000140201 0.000068569 0.000044669 0.000109120 0.000000000 0.007590706 0.000000000
273.638484376 0.008886064 0.000065940 0.000155733 0.000233721 0.000119028 0.000075848 0.000067335 0.000088031 0.000000000 0.008080429 0.000000000
274.237911505 0.004378707 0.000041337 0.000141386 0.000174475 0.000087173 0.000069871 0.000076041 0.000115502 0.000000000 0.003672922 0.000000000
274.837338634 0.010335412 0.000068167 0.000170672 0.000114021 0.000068685 0.000083598 0.000108864 0.000171807 0.000000000 0.009549598 0.000000000
275.436765763 0.004664556 0.000176627 0.000163221 0.000095844 0.000106648 0.000120029 0.000157055 0.000172209 0.000000000 0.003672922 0.000000000
276.036192892 0.007434233 0.000283532 0.000152223 0.000098482 0.000174172 0.000157069 0.000202306 0.000244912 0.000000000 0.006121537 0.000000000
276.635620021 0.007290378 0.000250132 0.000174580 0.000176602 0.000190088 0.000187104 0.000298725 0.000381333 0.000000000 0.005631814 0.000000000
277.235047150 0.009165569 0.000195969 0.000252778 0.000312006 0.000181799 0.000206363 0.000352989 0.000317820 0.000000000 0.007345845 0.000000000
277.834474279 0.008227379 0.000103338 0.000219885 0.000303802 0.000181681 0.000246912 0.000325823 0.000234678 0.000000000 0.006611260 0.000000000
278.433901408 0.006466635 0.000071023 0.000154500 0.000275946 0.000215744 0.000260057 0.000177361 0.000169911 0.000000000 0.005142091 0.000000000
279.033328537 0.009459169 0.000134433 0.000216406 0.000330130 0.000303742 0.000220223 0.000082485 0.000091320 0.000000000 0.008080429 0.000000000
279.632755666 0.008472346 0.000329775 0.000279751 0.000358223 0.000157030 0.000142436 0.000062705 0.000041443 0.000000000 0.007100983 0.000000000
280.232182795 0.008700439 0.000284692 0.000295698 0.000191874 0.000112309 0.000109286 0.000080675 0.000035199 0.000000000 0.007590706 0.000000000
280.831609924 0.007925833 0.000151785 0.000231868 0.000087705 0.000086244 0.000115470 0.000084500 0.000067277 0.000000000 0.007100983 0.000000000
281.431037053 0.007753408 0.000226452 0.000139029 0.000057562 0.000103786 0.000150816 0.000097264 0.000122380 0.000000000 0.006856122 0.000000000
282.030464182 0.009081308 0.000258645 0.000095513 0.000057403 0.000147383 0.000144526 0.000142760 0.000154649 0.000000000 0.008080429 0.000000000
282.629891311 0.009814092 0.000176685 0.000153914 0.000094131 0.000153342 0.000088748 0.000159641 0.000172617 0.000000000 0.008815014 0.000000000
283.229318440 0.007799697 0.000099619 0.000235057 0.000092340 0.000189487 0.000048153 0.000115219 0.000163700 0.000000000 0.006856122 0.000000000
283.828745569 0.007183238 0.000107110 0.000180403 0.000052675 0.000196622 0.000049315 0.000103491 0.000127223 0.000000000 0.006366399 0.000000000
284.428172698 0.011545212 0.000123182 0.000122530 0.000094148 0.000141570 0.000073814 0.000114916 0.000101147 0.000000000 0.010773906 0.000000000
285.027599827 0.009113570 0.000094431 0.000076863 0.000090109 0.000228456 0.000096437 0.000131263 0.000070720 0.000000000 0.008325291 0.000000000
285.627026956 0.009549465 0.000108888 0.000062726 0.000064540 0.000227622 0.000118600 0.000103750 0.000048326 0.000000000 0.008815014 0.000000000
286.226454085 0.011017777 0.000170628 0.000093477 0.000082842 0.000155317 0.000125641 0.000065283 0.000040407 0.000000000 0.010284183 0.000000000
286.825881214 0.008993723 0.000136964 0.000135869 0.000101609 0.000117336 0.000104322 0.000036927 0.000035406 0.000000000 0.008325291 0.000000000
287.425308343 0.007856826 0.000092771 0.000116709 0.000122998 0.000062733 0.000071521 0.000016851 0.000027399 0.000000000 0.007345845 0.000000000
288.024735472 0.006747830 0.000033262 0.000092280 0.000113256 0.000048742 0.000065666 0.000012001 0.000016225 0.000000000 0.006366399 0.000000000
288.624162601 0.010671246 0.000015441 0.000099777 0.000075330 0.000090028 0.000065535 0.000027688 0.000013265 0.000000000 0.010284183 0.000000000
289.223589730 0.010247209 0.000014634 0.000092456 0.000051101 0.000149327 0.000063594 0.000059107 0.000022532 0.000000000 0.009794460 0.000000000
289.823016859 0.008735819 0.000034778 0.000120655 0.000046034 0.000234252 0.000062490 0.000101786 0.000055396 0.000000000 0.008080429 0.000000000
290.422443988 0.010611950 0.000109262 0.000195274 0.000076914 0.000398611 0.000064031 0.000113218 0.000105043 0.000000000 0.009549598 0.000000000
291.021871117 0.010546467 0.000171855 0.000303049 0.000151647 0.000316793 0.000061040 0.000097350 0.000139995 0.000000000 0.009304737 0.000000000
291.621298246 0.011012004 0.000080272 0.000081752 0.000199436 0.000144834 0.000054589 0.000061783 0.000105153 0.000000000 0.010284183 0.000000000
292.220725375 0.010058025 0.000000158 0.000003204 0.000160069 0.000020587 0.000036447 0.000012460 0.000030641 0.000000000 0.009794460 0.000000000
292.820152504 0.009623152 0.000000000 0.000000033 0.000056545 0.000000259 0.000014616 0.000000247 0.000001854 0.000000000 0.009549598 0.000000000
293.419579633 0.008820626 0.000000000 0.000000000 0.000004064 0.000000000 0.000001518 0.000000000 0.000000030 0.000000000 0.008815014 0.000000000
294.019006762 0.007345900 0.000000000 0.000000000 0.000000031 0.000000000 0.000000024 0.000000000 0.000000000 0.000000000 0.007345845 0.000000000
294.618433891 0.000000000 0.000000000 0.000000000 0.000000000 0.000000000 0.000000000 0.000000000 0.000000000 0.000000000 0.000000000 0.000000000
295.217861019 0.000000000 0.000000000 0.000000000 0.000000000 0.000000000 0.000000000 0.000000000 0.000000000 0.000000000 0.000000000 0.000000000
295.817288148 0.000000000 0.000000000 0.000000000 0.000000000 0.000000000 0.000000000 0.000000000 0.000000000 0.000000000 0.000000000 0.000000000
296.416715277 0.000000000 0.000000000 0.000000000 0.000000000 0.000000000 0.000000000 0.000000000 0.000000000 0.000000000 0.000000000 0.000000000
297.016142406 0.000000000 0.000000000 0.000000000 0.000000000 0.000000000 0.000000000 0.000000000 0.000000000 0.000000000 0.000000000 0.000000000
297.615569535 0.048972299 0.000000000 0.000000000 0.000000000 0.000000000 0.000000000 0.000000000 0.000000000 0.000000000 0.000000000 0.048972299
298.214996664 0.000000000 0.000000000 0.000000000 0.000000000 0.000000000 0.000000000 0.000000000 0.000000000 0.000000000 0.000000000 0.000000000
298.814423793 0.000000000 0.000000000 0.000000000 0.000000000 0.000000000 0.000000000 0.000000000 0.000000000 0.000000000 0.000000000 0.000000000
299.413850922 0.000000000 0.000000000 0.000000000 0.000000000 0.000000000 0.000000000 0.000000000 0.000000000 0.000000000 0.000000000 0.000000000
