# Ion number density
# The last    3 ion types are fixed
# Average over 2081200 steps
# z (au)        total        A            Im1          Im2          Im3          N            C            Me           C1           C2           P
0.444203471 0.033042656 0.000000000 0.000000000 0.000000000 0.000000000 0.000000000 0.000000000 0.000000000 0.000000000 0.000000000 0.033042656
1.332610412 0.000000000 0.000000000 0.000000000 0.000000000 0.000000000 0.000000000 0.000000000 0.000000000 0.000000000 0.000000000 0.000000000
2.221017354 0.000000000 0.000000000 0.000000000 0.000000000 0.000000000 0.000000000 0.000000000 0.000000000 0.000000000 0.000000000 0.000000000
3.109424296 0.000000000 0.000000000 0.000000000 0.000000000 0.000000000 0.000000000 0.000000000 0.000000000 0.000000000 0.000000000 0.000000000
3.997831237 0.003805885 0.000000000 0.000000000 0.000000009 0.000000000 0.000005971 0.000000000 0.000000000 0.003799905 0.000000000 0.000000000
4.886238179 0.009330427 0.000000108 0.000000000 0.000003597 0.000000000 0.000180744 0.000058408 0.000000840 0.009086730 0.000000000 0.000000000
5.774645120 0.010457063 0.000165154 0.000000508 0.000080416 0.000013725 0.000364087 0.000315836 0.000265393 0.009251944 0.000000000 0.000000000
6.663052062 0.012306205 0.000075865 0.000059313 0.000126943 0.000175032 0.000363381 0.000303654 0.000463154 0.010738863 0.000000000 0.000000000
7.551459004 0.010640184 0.000284140 0.000123128 0.000067740 0.000078922 0.000190309 0.000284599 0.000194189 0.009417157 0.000000000 0.000000000
8.439865945 0.009017813 0.000086679 0.000045985 0.000046212 0.000063734 0.000139764 0.000246557 0.000128219 0.008260664 0.000000000 0.000000000
9.328272887 0.011004975 0.000069644 0.000046780 0.000030142 0.000061893 0.000125376 0.000142332 0.000120371 0.010408437 0.000000000 0.000000000
10.216679828 0.008052460 0.000057217 0.000055411 0.000024123 0.000061437 0.000155276 0.000129464 0.000300147 0.007269384 0.000000000 0.000000000
11.105086770 0.008354641 0.000084702 0.000058101 0.000027576 0.000050141 0.000193458 0.000208610 0.000297457 0.007434598 0.000000000 0.000000000
11.993493711 0.010327350 0.000168757 0.000062857 0.000033969 0.000034178 0.000218186 0.000239492 0.000152755 0.009417157 0.000000000 0.000000000
12.881900653 0.010641788 0.000174767 0.000058425 0.000038642 0.000027226 0.000195787 0.000213982 0.000185375 0.009747583 0.000000000 0.000000000
13.770307595 0.009558389 0.000177277 0.000057543 0.000047053 0.000034396 0.000210694 0.000171440 0.000268895 0.008591090 0.000000000 0.000000000
14.658714536 0.007926206 0.000178330 0.000069385 0.000066628 0.000053996 0.000242789 0.000236394 0.000304940 0.006773744 0.000000000 0.000000000
15.547121478 0.010081024 0.000081097 0.000061949 0.000085949 0.000058049 0.000244328 0.000330326 0.000297809 0.008921517 0.000000000 0.000000000
16.435528419 0.007786140 0.000093456 0.000059129 0.000079510 0.000069347 0.000264099 0.000314698 0.000297371 0.006608531 0.000000000 0.000000000
17.323935361 0.008879089 0.000118970 0.000092366 0.000066980 0.000088782 0.000306725 0.000276026 0.000329431 0.007599811 0.000000000 0.000000000
18.212342303 0.009307026 0.000128844 0.000133161 0.000083021 0.000103160 0.000384416 0.000356764 0.000352637 0.007765024 0.000000000 0.000000000
19.100749244 0.009034565 0.000143050 0.000085635 0.000106800 0.000133523 0.000448897 0.000441429 0.000405846 0.007269384 0.000000000 0.000000000
19.989156186 0.007924799 0.000161759 0.000034091 0.000134973 0.000145333 0.000451521 0.000473615 0.000410616 0.006112891 0.000000000 0.000000000
20.877563127 0.008647478 0.000179740 0.000047803 0.000153180 0.000143039 0.000445992 0.000485353 0.000418627 0.006773744 0.000000000 0.000000000
21.765970069 0.007184545 0.000262485 0.000082576 0.000192620 0.000141610 0.000393560 0.000322413 0.000337243 0.005452038 0.000000000 0.000000000
22.654377011 0.006484876 0.000201096 0.000204020 0.000182642 0.000117328 0.000307561 0.000230357 0.000285473 0.004956398 0.000000000 0.000000000
23.542783952 0.009245769 0.000099840 0.000209182 0.000119350 0.000094546 0.000274713 0.000291194 0.000226706 0.007930237 0.000000000 0.000000000
24.431190894 0.007457824 0.000126345 0.000221448 0.000108584 0.000103936 0.000304993 0.000296627 0.000183000 0.006112891 0.000000000 0.000000000
25.319597835 0.008966553 0.000201449 0.000214033 0.000147908 0.000106113 0.000341407 0.000267425 0.000253620 0.007434598 0.000000000 0.000000000
26.208004777 0.008541084 0.000240194 0.000138834 0.000140898 0.000092931 0.000304777 0.000330967 0.000353526 0.006938958 0.000000000 0.000000000
27.096411719 0.007910927 0.000248712 0.000081510 0.000115350 0.000097194 0.000246664 0.000286620 0.000391560 0.006443318 0.000000000 0.000000000
27.984818660 0.006329779 0.000259544 0.000068446 0.000104371 0.000090974 0.000239131 0.000263397 0.000347518 0.004956398 0.000000000 0.000000000
28.873225602 0.007981260 0.000249775 0.000099671 0.000120389 0.000084245 0.000335243 0.000311358 0.000337261 0.006443318 0.000000000 0.000000000
29.761632543 0.007452079 0.000226258 0.000133000 0.000153069 0.000078865 0.000489938 0.000415799 0.000337899 0.005617251 0.000000000 0.000000000
30.650039485 0.007332934 0.000155184 0.000129887 0.000188062 0.000169977 0.000567574 0.000490046 0.000345380 0.005286825 0.000000000 0.000000000
31.538446426 0.007916425 0.000134134 0.000146689 0.000175581 0.000223178 0.000571126 0.000560636 0.000487829 0.005617251 0.000000000 0.000000000
32.426853368 0.007356474 0.000101947 0.000214288 0.000145707 0.000196243 0.000578640 0.000556887 0.000606365 0.004956398 0.000000000 0.000000000
33.315260310 0.008195828 0.000250852 0.000192730 0.000125029 0.000161943 0.000532949 0.000523881 0.000625979 0.005782465 0.000000000 0.000000000
34.203667251 0.006460563 0.000221536 0.000156920 0.000114256 0.000182761 0.000436638 0.000540278 0.000512630 0.004295545 0.000000000 0.000000000
35.092074193 0.007829247 0.000126130 0.000144532 0.000102576 0.000146600 0.000419945 0.000520683 0.000421104 0.005947678 0.000000000 0.000000000
35.980481134 0.007578779 0.000107222 0.000118524 0.000114787 0.000099907 0.000477911 0.000449603 0.000428360 0.005782465 0.000000000 0.000000000
36.868888076 0.006457239 0.000108590 0.000113664 0.000136255 0.000093421 0.000604858 0.000451246 0.000488447 0.004460759 0.000000000 0.000000000
37.757295018 0.009453099 0.000127336 0.000123118 0.000125026 0.000102798 0.000611903 0.000570201 0.000523332 0.007269384 0.000000000 0.000000000
38.645701959 0.008654751 0.000290944 0.000129618 0.000106250 0.000106513 0.000448364 0.000545245 0.000584500 0.006443318 0.000000000 0.000000000
39.534108901 0.005399017 0.000367338 0.000110196 0.000102878 0.000084785 0.000374107 0.000475748 0.000579699 0.003304266 0.000000000 0.000000000
40.422515842 0.007695572 0.000288446 0.000080042 0.000106746 0.000090826 0.000364422 0.000515827 0.000632011 0.005617251 0.000000000 0.000000000
41.310922784 0.008349526 0.000235862 0.000065121 0.000084347 0.000127384 0.000424615 0.000551921 0.000582172 0.006278105 0.000000000 0.000000000
42.199329726 0.007750496 0.000198144 0.000053370 0.000060547 0.000134058 0.000520996 0.000494937 0.000505979 0.005782465 0.000000000 0.000000000
43.087736667 0.005940982 0.000134093 0.000045325 0.000057809 0.000089324 0.000594328 0.000510802 0.000544183 0.003965119 0.000000000 0.000000000
43.976143609 0.007021823 0.000228194 0.000045347 0.000064713 0.000066627 0.000586495 0.000545070 0.000528977 0.004956398 0.000000000 0.000000000
44.864550550 0.005900225 0.000107403 0.000055842 0.000066785 0.000068631 0.000520888 0.000476133 0.000474211 0.004130332 0.000000000 0.000000000
45.752957492 0.008244447 0.000130006 0.000072120 0.000083750 0.000074236 0.000431043 0.000502005 0.000507969 0.006443318 0.000000000 0.000000000
46.641364434 0.008110217 0.000122720 0.000129456 0.000071754 0.000082340 0.000414827 0.000462937 0.000548079 0.006278105 0.000000000 0.000000000
47.529771375 0.005700813 0.000137282 0.000175695 0.000046961 0.000083182 0.000450725 0.000365254 0.000476596 0.003965119 0.000000000 0.000000000
48.418178317 0.009048923 0.000151124 0.000076595 0.000047496 0.000086187 0.000494810 0.000485052 0.000438275 0.007269384 0.000000000 0.000000000
49.306585258 0.007300623 0.000082158 0.000021451 0.000078314 0.000077206 0.000532833 0.000598541 0.000458083 0.005452038 0.000000000 0.000000000
50.194992200 0.006662850 0.000055278 0.000021239 0.000100619 0.000055961 0.000651095 0.000667961 0.000815152 0.004295545 0.000000000 0.000000000
51.083399141 0.009506514 0.000077363 0.000029601 0.000070215 0.000058908 0.000726634 0.000782370 0.000657253 0.007104171 0.000000000 0.000000000
51.971806083 0.007635405 0.000085661 0.000038695 0.000057813 0.000091022 0.000648879 0.000734837 0.000526459 0.005452038 0.000000000 0.000000000
52.860213025 0.008598377 0.000130299 0.000057146 0.000066177 0.000074651 0.000792785 0.000539035 0.000494966 0.006443318 0.000000000 0.000000000
53.748619966 0.007455672 0.000129243 0.000078424 0.000072341 0.000056969 0.000519405 0.000476833 0.000505205 0.005617251 0.000000000 0.000000000
54.637026908 0.011351409 0.000057190 0.000079199 0.000066779 0.000054472 0.000454737 0.000419277 0.000472171 0.009747583 0.000000000 0.000000000
55.525433849 0.008847871 0.000067050 0.000073197 0.000061814 0.000057242 0.000442525 0.000435655 0.000441002 0.007269384 0.000000000 0.000000000
56.413840791 0.010480888 0.000083098 0.000078217 0.000061033 0.000063947 0.000434712 0.000439064 0.000399302 0.008921517 0.000000000 0.000000000
57.302247733 0.010515330 0.000259558 0.000076407 0.000063097 0.000068143 0.000455520 0.000410851 0.000425451 0.008756304 0.000000000 0.000000000
58.190654674 0.009426680 0.000148150 0.000051890 0.000058684 0.000082450 0.000515978 0.000449919 0.000519798 0.007599811 0.000000000 0.000000000
59.079061616 0.009675069 0.000122211 0.000040080 0.000052463 0.000065063 0.000617627 0.000571481 0.000606333 0.007599811 0.000000000 0.000000000
59.967468557 0.008224764 0.000079628 0.000041254 0.000046200 0.000043522 0.000629929 0.000681995 0.000589345 0.006112891 0.000000000 0.000000000
60.855875499 0.008893769 0.000106424 0.000045051 0.000039850 0.000040908 0.000694803 0.000753638 0.000604564 0.006608531 0.000000000 0.000000000
61.744282441 0.008715114 0.000104348 0.000050286 0.000038719 0.000043264 0.000758852 0.000779430 0.000662110 0.006278105 0.000000000 0.000000000
62.632689382 0.009183536 0.000082543 0.000053941 0.000039573 0.000044904 0.000727521 0.000722713 0.000738598 0.006773744 0.000000000 0.000000000
63.521096324 0.011112264 0.000062475 0.000055216 0.000041643 0.000044206 0.000596760 0.000688154 0.000702293 0.008921517 0.000000000 0.000000000
64.409503265 0.006716805 0.000051873 0.000051626 0.000046241 0.000044834 0.000512162 0.000460122 0.000593548 0.004956398 0.000000000 0.000000000
65.297910207 0.008599356 0.000076734 0.000043079 0.000054249 0.000048897 0.000478150 0.000415134 0.000544156 0.006938958 0.000000000 0.000000000
66.186317149 0.007569881 0.000093298 0.000040051 0.000056789 0.000040568 0.000451835 0.000449340 0.000490323 0.005947678 0.000000000 0.000000000
67.074724090 0.009240698 0.000105373 0.000037458 0.000052360 0.000030448 0.000522841 0.000570878 0.000486742 0.007434598 0.000000000 0.000000000
67.963131032 0.010570365 0.000103423 0.000038348 0.000047690 0.000030100 0.000644271 0.000568176 0.000547267 0.008591090 0.000000000 0.000000000
68.851537973 0.007764512 0.000099674 0.000043873 0.000044804 0.000032935 0.000708998 0.000629305 0.000587672 0.005617251 0.000000000 0.000000000
69.739944915 0.008832062 0.000133917 0.000051951 0.000043867 0.000032286 0.000649085 0.000717200 0.000595226 0.006608531 0.000000000 0.000000000
70.628351856 0.007969380 0.000184625 0.000054309 0.000203850 0.000033350 0.000639874 0.000666205 0.000735128 0.005452038 0.000000000 0.000000000
71.516758798 0.011533266 0.000185403 0.000039127 0.000037967 0.000031902 0.000615508 0.000617722 0.000753693 0.009251944 0.000000000 0.000000000
72.405165740 0.005758674 0.000134677 0.000025780 0.000034849 0.000031331 0.000565297 0.000650147 0.000681901 0.003634692 0.000000000 0.000000000
73.293572681 0.008835014 0.000094015 0.000025277 0.000030001 0.000030412 0.000593529 0.000672340 0.000615695 0.006773744 0.000000000 0.000000000
74.181979623 0.009347282 0.000065190 0.000191022 0.000026048 0.000026570 0.000619364 0.000703401 0.000611515 0.007104171 0.000000000 0.000000000
75.070386564 0.010008187 0.000066868 0.000026598 0.000026329 0.000033598 0.000626028 0.000580390 0.000718139 0.007930237 0.000000000 0.000000000
75.958793506 0.009391069 0.000059647 0.000022319 0.000024271 0.000033396 0.000609194 0.000557056 0.000650589 0.007434598 0.000000000 0.000000000
76.847200448 0.007843078 0.000062049 0.000017108 0.000021386 0.000024668 0.000619527 0.000583127 0.000567537 0.005947678 0.000000000 0.000000000
77.735607389 0.008787303 0.000065774 0.000014418 0.000017462 0.000113956 0.000644241 0.000629863 0.000527845 0.006773744 0.000000000 0.000000000
78.624014331 0.010100483 0.000077386 0.000013696 0.000014461 0.000096280 0.000633779 0.000616021 0.000553409 0.008095451 0.000000000 0.000000000
79.512421272 0.009887512 0.000063620 0.000013671 0.000013874 0.000020810 0.000588918 0.000556962 0.000534207 0.008095451 0.000000000 0.000000000
80.400828214 0.008628494 0.000054004 0.000012408 0.000012990 0.000015171 0.000574774 0.000521299 0.000498889 0.006938958 0.000000000 0.000000000
81.289235156 0.009819776 0.000056941 0.000011870 0.000013313 0.000011955 0.000605067 0.000518176 0.000507004 0.008095451 0.000000000 0.000000000
82.177642097 0.008419514 0.000045277 0.000014381 0.000013787 0.000012618 0.000613739 0.000564790 0.000546390 0.006608531 0.000000000 0.000000000
83.066049039 0.009364364 0.000042705 0.000016385 0.000014617 0.000014738 0.000617496 0.000635755 0.000588071 0.007434598 0.000000000 0.000000000
83.954455980 0.010540621 0.000037159 0.000015400 0.000015956 0.000018237 0.000647289 0.000617596 0.000597895 0.008591090 0.000000000 0.000000000
84.842862922 0.010916331 0.000032534 0.000015402 0.000017117 0.000018141 0.000693554 0.000605256 0.000612809 0.008921517 0.000000000 0.000000000
85.731269864 0.008022579 0.000033207 0.000017434 0.000019444 0.000019141 0.000770788 0.000715841 0.000664261 0.005782465 0.000000000 0.000000000
86.619676805 0.002520312 0.000054950 0.000019576 0.000022221 0.000019878 0.000830264 0.000824477 0.000748946 0.000000000 0.000000000 0.000000000
87.508083747 0.002859255 0.000067614 0.000022053 0.000025555 0.000022517 0.000935289 0.000912317 0.000873909 0.000000000 0.000000000 0.000000000
88.396490688 0.003389610 0.000065046 0.000024103 0.000032375 0.000032480 0.001118828 0.001036538 0.001080240 0.000000000 0.000000000 0.000000000
89.284897630 0.004335000 0.000092717 0.000028548 0.000045368 0.000047669 0.001511594 0.001289441 0.001319662 0.000000000 0.000000000 0.000000000
90.173304572 0.005761371 0.000134567 0.000040943 0.000066937 0.000061958 0.001951146 0.001761876 0.001743944 0.000000000 0.000000000 0.000000000
91.061711513 0.006729083 0.000180405 0.000058194 0.000075568 0.000084669 0.001957800 0.002217433 0.002155015 0.000000000 0.000000000 0.000000000
91.950118455 0.006041396 0.000195053 0.000078054 0.000069731 0.000096408 0.001526021 0.002003905 0.002072224 0.000000000 0.000000000 0.000000000
92.838525396 0.004830702 0.000142310 0.000088792 0.000062493 0.000081447 0.001239712 0.001592205 0.001623744 0.000000000 0.000000000 0.000000000
93.726932338 0.004180929 0.000089174 0.000087730 0.000061804 0.000065187 0.001194491 0.001316299 0.001366244 0.000000000 0.000000000 0.000000000
94.615339279 0.004072287 0.000074590 0.000093082 0.000068037 0.000063244 0.001289806 0.001182247 0.001301279 0.000000000 0.000000000 0.000000000
95.503746221 0.004342053 0.000080349 0.000097133 0.000080586 0.000069506 0.001454736 0.001215240 0.001344504 0.000000000 0.000000000 0.000000000
96.392153163 0.004839308 0.000098304 0.000103160 0.000093045 0.000082251 0.001593195 0.001404905 0.001464446 0.000000000 0.000000000 0.000000000
97.280560104 0.005287718 0.000122469 0.000100796 0.000101410 0.000096073 0.001643430 0.001614372 0.001609167 0.000000000 0.000000000 0.000000000
98.168967046 0.005397749 0.000141383 0.000097725 0.000105815 0.000104778 0.001581553 0.001711310 0.001655185 0.000000000 0.000000000 0.000000000
99.057373987 0.005172998 0.000141199 0.000100235 0.000105738 0.000107403 0.001464908 0.001647426 0.001606088 0.000000000 0.000000000 0.000000000
99.945780929 0.004871470 0.000118086 0.000098596 0.000104364 0.000101469 0.001398659 0.001527634 0.001522662 0.000000000 0.000000000 0.000000000
100.834187871 0.004682862 0.000097212 0.000094747 0.000103278 0.000094694 0.001399664 0.001428930 0.001464339 0.000000000 0.000000000 0.000000000
101.722594812 0.004643046 0.000087688 0.000094102 0.000099796 0.000090240 0.001440540 0.001382597 0.001448081 0.000000000 0.000000000 0.000000000
102.611001754 0.004733750 0.000090734 0.000100144 0.000099448 0.000094053 0.001487187 0.001409241 0.001452943 0.000000000 0.000000000 0.000000000
103.499408695 0.004885409 0.000100364 0.000099233 0.000102084 0.000101489 0.001536931 0.001475868 0.001469441 0.000000000 0.000000000 0.000000000
104.387815637 0.004988606 0.000110437 0.000101137 0.000105932 0.000106401 0.001539209 0.001523919 0.001501571 0.000000000 0.000000000 0.000000000
105.276222579 0.005008573 0.000114494 0.000107381 0.000109023 0.000110517 0.001515049 0.001543607 0.001508503 0.000000000 0.000000000 0.000000000
106.164629520 0.004953303 0.000113901 0.000110591 0.000110677 0.000112200 0.001482582 0.001522861 0.001500491 0.000000000 0.000000000 0.000000000
107.053036462 0.004893178 0.000108360 0.000111636 0.000111021 0.000110659 0.001471324 0.001489901 0.001490277 0.000000000 0.000000000 0.000000000
107.941443403 0.004836059 0.000099033 0.000111942 0.000106053 0.000107618 0.001464844 0.001465962 0.001480607 0.000000000 0.000000000 0.000000000
108.829850345 0.004817763 0.000092742 0.000111276 0.000102646 0.000107378 0.001470276 0.001463317 0.001470129 0.000000000 0.000000000 0.000000000
109.718257287 0.004815710 0.000093560 0.000109128 0.000105416 0.000107878 0.001478955 0.001461302 0.001459470 0.000000000 0.000000000 0.000000000
110.606664228 0.004866679 0.000100151 0.000107531 0.000108038 0.000109800 0.001498669 0.001470007 0.001472484 0.000000000 0.000000000 0.000000000
111.495071170 0.004908005 0.000101890 0.000108402 0.000107914 0.000109344 0.001505630 0.001489036 0.001485789 0.000000000 0.000000000 0.000000000
112.383478111 0.004924095 0.000107490 0.000105641 0.000109129 0.000106957 0.001502764 0.001506513 0.001485601 0.000000000 0.000000000 0.000000000
113.271885053 0.004903590 0.000110160 0.000105343 0.000109927 0.000107562 0.001491170 0.001499761 0.001479667 0.000000000 0.000000000 0.000000000
114.160291994 0.004878150 0.000110249 0.000109002 0.000110360 0.000105967 0.001481825 0.001481609 0.001479138 0.000000000 0.000000000 0.000000000
115.048698936 0.004862663 0.000109831 0.000109770 0.000110934 0.000102031 0.001477923 0.001478752 0.001473421 0.000000000 0.000000000 0.000000000
115.937105878 0.004860152 0.000107364 0.000111148 0.000110646 0.000103374 0.001476790 0.001472334 0.001478496 0.000000000 0.000000000 0.000000000
116.825512819 0.004850093 0.000107515 0.000109725 0.000109937 0.000105143 0.001470877 0.001473313 0.001473584 0.000000000 0.000000000 0.000000000
117.713919761 0.004870941 0.000105760 0.000109642 0.000111173 0.000107602 0.001481509 0.001479154 0.001476100 0.000000000 0.000000000 0.000000000
118.602326702 0.004897393 0.000104812 0.000110952 0.000111495 0.000109036 0.001490190 0.001482555 0.001488355 0.000000000 0.000000000 0.000000000
119.490733644 0.004890145 0.000103902 0.000109806 0.000109680 0.000112270 0.001480243 0.001486742 0.001487503 0.000000000 0.000000000 0.000000000
120.379140586 0.004865390 0.000105761 0.000105262 0.000110215 0.000112619 0.001481416 0.001476341 0.001473777 0.000000000 0.000000000 0.000000000
121.267547527 0.004853825 0.000110742 0.000103947 0.000108679 0.000111751 0.001472341 0.001471281 0.001475083 0.000000000 0.000000000 0.000000000
122.155954469 0.004838599 0.000112504 0.000104145 0.000107419 0.000108414 0.001471591 0.001471523 0.001463003 0.000000000 0.000000000 0.000000000
123.044361410 0.004842490 0.000111575 0.000108589 0.000109865 0.000110089 0.001469642 0.001470227 0.001462504 0.000000000 0.000000000 0.000000000
123.932768352 0.004839389 0.000112510 0.000113153 0.000109968 0.000113405 0.001461749 0.001462463 0.001466141 0.000000000 0.000000000 0.000000000
124.821175294 0.004852656 0.000110821 0.000115859 0.000109911 0.000114865 0.001467058 0.001464593 0.001469550 0.000000000 0.000000000 0.000000000
125.709582235 0.004854527 0.000114559 0.000115701 0.000110035 0.000121342 0.001466285 0.001464751 0.001461855 0.000000000 0.000000000 0.000000000
126.597989177 0.004837698 0.000118400 0.000117380 0.000110288 0.000122375 0.001449364 0.001466356 0.001453536 0.000000000 0.000000000 0.000000000
127.486396118 0.004811309 0.000117059 0.000118733 0.000113611 0.000119404 0.001442744 0.001450452 0.001449306 0.000000000 0.000000000 0.000000000
128.374803060 0.004793249 0.000118257 0.000117293 0.000116824 0.000116100 0.001444728 0.001435726 0.001444320 0.000000000 0.000000000 0.000000000
129.263210002 0.004788141 0.000121150 0.000116845 0.000119458 0.000119177 0.001439471 0.001430269 0.001441771 0.000000000 0.000000000 0.000000000
130.151616943 0.004797025 0.000124582 0.000118316 0.000118579 0.000123442 0.001435664 0.001432523 0.001443919 0.000000000 0.000000000 0.000000000
131.040023885 0.004798711 0.000125433 0.000118340 0.000117840 0.000120814 0.001430746 0.001437552 0.001447986 0.000000000 0.000000000 0.000000000
131.928430826 0.004818577 0.000122702 0.000120177 0.000120411 0.000119459 0.001441668 0.001449125 0.001445035 0.000000000 0.000000000 0.000000000
132.816837768 0.004810349 0.000121476 0.000122773 0.000120719 0.000118265 0.001443449 0.001446602 0.001437066 0.000000000 0.000000000 0.000000000
133.705244709 0.004801977 0.000117677 0.000124937 0.000119999 0.000119287 0.001443375 0.001439321 0.001437381 0.000000000 0.000000000 0.000000000
134.593651651 0.004798533 0.000121863 0.000126234 0.000120324 0.000120085 0.001439101 0.001433828 0.001437098 0.000000000 0.000000000 0.000000000
135.482058593 0.004786122 0.000122619 0.000125636 0.000122374 0.000120031 0.001428071 0.001434294 0.001433098 0.000000000 0.000000000 0.000000000
136.370465534 0.004794323 0.000124526 0.000123578 0.000122641 0.000121141 0.001434328 0.001431029 0.001437080 0.000000000 0.000000000 0.000000000
137.258872476 0.004796458 0.000122266 0.000121769 0.000122392 0.000121652 0.001439559 0.001433887 0.001434934 0.000000000 0.000000000 0.000000000
138.147279417 0.004801387 0.000121051 0.000120602 0.000123600 0.000122177 0.001439322 0.001437871 0.001436764 0.000000000 0.000000000 0.000000000
139.035686359 0.004825442 0.000121062 0.000118443 0.000125515 0.000122824 0.001442467 0.001450197 0.001444935 0.000000000 0.000000000 0.000000000
139.924093301 0.004804882 0.000119521 0.000119509 0.000123043 0.000125019 0.001434181 0.001441974 0.001441635 0.000000000 0.000000000 0.000000000
140.812500242 0.004796924 0.000118662 0.000121465 0.000120767 0.000121274 0.001439771 0.001431959 0.001443027 0.000000000 0.000000000 0.000000000
141.700907184 0.004796543 0.000119879 0.000120298 0.000119585 0.000117142 0.001440077 0.001433103 0.001446459 0.000000000 0.000000000 0.000000000
142.589314125 0.004806261 0.000120145 0.000118868 0.000119498 0.000113872 0.001439688 0.001445826 0.001448366 0.000000000 0.000000000 0.000000000
143.477721067 0.004813928 0.000124479 0.000114793 0.000118407 0.000112979 0.001437880 0.001452506 0.001452885 0.000000000 0.000000000 0.000000000
144.366128009 0.004833210 0.000124037 0.000110995 0.000116352 0.000112166 0.001449041 0.001454201 0.001466418 0.000000000 0.000000000 0.000000000
145.254534950 0.004839344 0.000123564 0.000113576 0.000115361 0.000109652 0.001452110 0.001462866 0.001462216 0.000000000 0.000000000 0.000000000
146.142941892 0.004841227 0.000122409 0.000114294 0.000115693 0.000107419 0.001454074 0.001462575 0.001464763 0.000000000 0.000000000 0.000000000
147.031348833 0.004830813 0.000122510 0.000113979 0.000114682 0.000108246 0.001457858 0.001456698 0.001456842 0.000000000 0.000000000 0.000000000
147.919755775 0.004818075 0.000115533 0.000112543 0.000115689 0.000109326 0.001453775 0.001448914 0.001462295 0.000000000 0.000000000 0.000000000
148.808162717 0.004836995 0.000112864 0.000112786 0.000115221 0.000108562 0.001454916 0.001454603 0.001478043 0.000000000 0.000000000 0.000000000
149.696569658 0.004852719 0.000112693 0.000112760 0.000112003 0.000109076 0.001463918 0.001465731 0.001476540 0.000000000 0.000000000 0.000000000
150.584976600 0.004856419 0.000109385 0.000109684 0.000109635 0.000107236 0.001468704 0.001481884 0.001469890 0.000000000 0.000000000 0.000000000
151.473383541 0.004885492 0.000107542 0.000110668 0.000109231 0.000107609 0.001484141 0.001487175 0.001479126 0.000000000 0.000000000 0.000000000
152.361790483 0.004899523 0.000104691 0.000110521 0.000107367 0.000108543 0.001490434 0.001491767 0.001486199 0.000000000 0.000000000 0.000000000
153.250197424 0.004903871 0.000105469 0.000109890 0.000101539 0.000110918 0.001495040 0.001490838 0.001490176 0.000000000 0.000000000 0.000000000
154.138604366 0.004896086 0.000103234 0.000105126 0.000100469 0.000110919 0.001498417 0.001489538 0.001488383 0.000000000 0.000000000 0.000000000
155.027011308 0.004865415 0.000099926 0.000098573 0.000099774 0.000109984 0.001487778 0.001482769 0.001486612 0.000000000 0.000000000 0.000000000
155.915418249 0.004875383 0.000097549 0.000096264 0.000098573 0.000105594 0.001492837 0.001496916 0.001487650 0.000000000 0.000000000 0.000000000
156.803825191 0.004899786 0.000099719 0.000099550 0.000100283 0.000104821 0.001496288 0.001495601 0.001503525 0.000000000 0.000000000 0.000000000
157.692232132 0.004918276 0.000099765 0.000098052 0.000100553 0.000100814 0.001504366 0.001499820 0.001514906 0.000000000 0.000000000 0.000000000
158.580639074 0.004917463 0.000101752 0.000097798 0.000098555 0.000096907 0.001498460 0.001511961 0.001512029 0.000000000 0.000000000 0.000000000
159.469046016 0.004926959 0.000102883 0.000095709 0.000098822 0.000097032 0.001507841 0.001517385 0.001507287 0.000000000 0.000000000 0.000000000
160.357452957 0.004936165 0.000104096 0.000097547 0.000097708 0.000095255 0.001512966 0.001513365 0.001515228 0.000000000 0.000000000 0.000000000
161.245859899 0.004933876 0.000103965 0.000100239 0.000098755 0.000097708 0.001508716 0.001510656 0.001513837 0.000000000 0.000000000 0.000000000
162.134266840 0.004930719 0.000102351 0.000099576 0.000098660 0.000097531 0.001514001 0.001515020 0.001503580 0.000000000 0.000000000 0.000000000
163.022673782 0.004908730 0.000098586 0.000098726 0.000102689 0.000098782 0.001506136 0.001506467 0.001497343 0.000000000 0.000000000 0.000000000
163.911080724 0.004905310 0.000094030 0.000098766 0.000103233 0.000100167 0.001509647 0.001501149 0.001498317 0.000000000 0.000000000 0.000000000
164.799487665 0.004897137 0.000093110 0.000101196 0.000101647 0.000102182 0.001503345 0.001499181 0.001496475 0.000000000 0.000000000 0.000000000
165.687894607 0.004904326 0.000095446 0.000103267 0.000101025 0.000101485 0.001502211 0.001494566 0.001506325 0.000000000 0.000000000 0.000000000
166.576301548 0.004923979 0.000098958 0.000104857 0.000098817 0.000098071 0.001504485 0.001504176 0.001514615 0.000000000 0.000000000 0.000000000
167.464708490 0.004930814 0.000095562 0.000102842 0.000097907 0.000098032 0.001510189 0.001511892 0.001514390 0.000000000 0.000000000 0.000000000
168.353115432 0.004941648 0.000098231 0.000102013 0.000099290 0.000101392 0.001513385 0.001516849 0.001510487 0.000000000 0.000000000 0.000000000
169.241522373 0.004945055 0.000102504 0.000100794 0.000099884 0.000103895 0.001512974 0.001518151 0.001506852 0.000000000 0.000000000 0.000000000
170.129929315 0.004917692 0.000098766 0.000098244 0.000099779 0.000104079 0.001513900 0.001508810 0.001494115 0.000000000 0.000000000 0.000000000
171.018336256 0.004892173 0.000097303 0.000095822 0.000101106 0.000103938 0.001505818 0.001499749 0.001488437 0.000000000 0.000000000 0.000000000
171.906743198 0.004893169 0.000101144 0.000099958 0.000101316 0.000101869 0.001499603 0.001496870 0.001492409 0.000000000 0.000000000 0.000000000
172.795150139 0.004892108 0.000103216 0.000102300 0.000105078 0.000101491 0.001496433 0.001486289 0.001497300 0.000000000 0.000000000 0.000000000
173.683557081 0.004896943 0.000102993 0.000103793 0.000104530 0.000105786 0.001492626 0.001494415 0.001492799 0.000000000 0.000000000 0.000000000
174.571964023 0.004896220 0.000105478 0.000107827 0.000106147 0.000105614 0.001491314 0.001489171 0.001490669 0.000000000 0.000000000 0.000000000
175.460370964 0.004898858 0.000107853 0.000110037 0.000105844 0.000108716 0.001487055 0.001491809 0.001487545 0.000000000 0.000000000 0.000000000
176.348777906 0.004883477 0.000106144 0.000111106 0.000107462 0.000108056 0.001481172 0.001484071 0.001485466 0.000000000 0.000000000 0.000000000
177.237184847 0.004865819 0.000106550 0.000110079 0.000109659 0.000108375 0.001480573 0.001476759 0.001473825 0.000000000 0.000000000 0.000000000
178.125591789 0.004866447 0.000107197 0.000106910 0.000111609 0.000107990 0.001483128 0.001478558 0.001471055 0.000000000 0.000000000 0.000000000
179.013998731 0.004866717 0.000107584 0.000108707 0.000111919 0.000108591 0.001489280 0.001473959 0.001466676 0.000000000 0.000000000 0.000000000
179.902405672 0.004863955 0.000103329 0.000108990 0.000110535 0.000111143 0.001483267 0.001475131 0.001471560 0.000000000 0.000000000 0.000000000
180.790812614 0.004876945 0.000100961 0.000109979 0.000108462 0.000109462 0.001483173 0.001484621 0.001480288 0.000000000 0.000000000 0.000000000
181.679219555 0.004884288 0.000104893 0.000111358 0.000104446 0.000107565 0.001483441 0.001485789 0.001486798 0.000000000 0.000000000 0.000000000
182.567626497 0.004897602 0.000112558 0.000110963 0.000106003 0.000108002 0.001483566 0.001485815 0.001490697 0.000000000 0.000000000 0.000000000
183.456033439 0.004876653 0.000115821 0.000109290 0.000106993 0.000109431 0.001466865 0.001478721 0.001489531 0.000000000 0.000000000 0.000000000
184.344440380 0.004851356 0.000114034 0.000106785 0.000106302 0.000108293 0.001466058 0.001471308 0.001478576 0.000000000 0.000000000 0.000000000
185.232847322 0.004850180 0.000112491 0.000106334 0.000107698 0.000107944 0.001471148 0.001465422 0.001479145 0.000000000 0.000000000 0.000000000
186.121254263 0.004869658 0.000110740 0.000104884 0.000108954 0.000105893 0.001481792 0.001480764 0.001476632 0.000000000 0.000000000 0.000000000
187.009661205 0.004879788 0.000106365 0.000104801 0.000105260 0.000100567 0.001489979 0.001492646 0.001480169 0.000000000 0.000000000 0.000000000
187.898068147 0.004882039 0.000104385 0.000105467 0.000107183 0.000102012 0.001492887 0.001490242 0.001479863 0.000000000 0.000000000 0.000000000
188.786475088 0.004909102 0.000103408 0.000103486 0.000107495 0.000103138 0.001497152 0.001493723 0.001500700 0.000000000 0.000000000 0.000000000
189.674882030 0.004892637 0.000100958 0.000100414 0.000104262 0.000105007 0.001488076 0.001489854 0.001504067 0.000000000 0.000000000 0.000000000
190.563288971 0.004898326 0.000104279 0.000101201 0.000102931 0.000104780 0.001480251 0.001495326 0.001509557 0.000000000 0.000000000 0.000000000
191.451695913 0.004892901 0.000105734 0.000100829 0.000100654 0.000102794 0.001480561 0.001501274 0.001501054 0.000000000 0.000000000 0.000000000
192.340102854 0.004890445 0.000104835 0.000098833 0.000101071 0.000102321 0.001495625 0.001496194 0.001491567 0.000000000 0.000000000 0.000000000
193.228509796 0.004910151 0.000103759 0.000100466 0.000102799 0.000106053 0.001502226 0.001502785 0.001492062 0.000000000 0.000000000 0.000000000
194.116916738 0.004888419 0.000103536 0.000102668 0.000104540 0.000104498 0.001489441 0.001493894 0.001489842 0.000000000 0.000000000 0.000000000
195.005323679 0.004854356 0.000105096 0.000102215 0.000109731 0.000103790 0.001479371 0.001473311 0.001480842 0.000000000 0.000000000 0.000000000
195.893730621 0.004857380 0.000114650 0.000106674 0.000109923 0.000105403 0.001470501 0.001470015 0.001480212 0.000000000 0.000000000 0.000000000
196.782137562 0.004853131 0.000119995 0.000112459 0.000111447 0.000108968 0.001464602 0.001462890 0.001472769 0.000000000 0.000000000 0.000000000
197.670544504 0.004839919 0.000118374 0.000116110 0.000112523 0.000110665 0.001454079 0.001458144 0.001470023 0.000000000 0.000000000 0.000000000
198.558951446 0.004831121 0.000115125 0.000116552 0.000112170 0.000110996 0.001456280 0.001458337 0.001461663 0.000000000 0.000000000 0.000000000
199.447358387 0.004831475 0.000114085 0.000121026 0.000115282 0.000113305 0.001455436 0.001458822 0.001453519 0.000000000 0.000000000 0.000000000
200.335765329 0.004851184 0.000114746 0.000118894 0.000117202 0.000115676 0.001465605 0.001464482 0.001454580 0.000000000 0.000000000 0.000000000
201.224172270 0.004854487 0.000114068 0.000118045 0.000116965 0.000118003 0.001470036 0.001458027 0.001459341 0.000000000 0.000000000 0.000000000
202.112579212 0.004843080 0.000109693 0.000114696 0.000113407 0.000117225 0.001466615 0.001462694 0.001458751 0.000000000 0.000000000 0.000000000
203.000986154 0.004829886 0.000109020 0.000111233 0.000111964 0.000120029 0.001462092 0.001461896 0.001453654 0.000000000 0.000000000 0.000000000
203.889393095 0.004839737 0.000111739 0.000111252 0.000112686 0.000118480 0.001464544 0.001459515 0.001461521 0.000000000 0.000000000 0.000000000
204.777800037 0.004843848 0.000113069 0.000112367 0.000110503 0.000118933 0.001462150 0.001464120 0.001462705 0.000000000 0.000000000 0.000000000
205.666206978 0.004847887 0.000110260 0.000114264 0.000107820 0.000115416 0.001470476 0.001469404 0.001460247 0.000000000 0.000000000 0.000000000
206.554613920 0.004850210 0.000106802 0.000112941 0.000110733 0.000118210 0.001472346 0.001465478 0.001463700 0.000000000 0.000000000 0.000000000
207.443020862 0.004853592 0.000107278 0.000111738 0.000111173 0.000115473 0.001474705 0.001466046 0.001467179 0.000000000 0.000000000 0.000000000
208.331427803 0.004842546 0.000108297 0.000112072 0.000111925 0.000112976 0.001472414 0.001461060 0.001463802 0.000000000 0.000000000 0.000000000
209.219834745 0.004844579 0.000114032 0.000115497 0.000110450 0.000110419 0.001460211 0.001469180 0.001464790 0.000000000 0.000000000 0.000000000
210.108241686 0.004838395 0.000113311 0.000112779 0.000112834 0.000110444 0.001459960 0.001465569 0.001463497 0.000000000 0.000000000 0.000000000
210.996648628 0.004860438 0.000114371 0.000114136 0.000114496 0.000110495 0.001464364 0.001467660 0.001474916 0.000000000 0.000000000 0.000000000
211.885055569 0.004873412 0.000117220 0.000112493 0.000114500 0.000109793 0.001469542 0.001478303 0.001471561 0.000000000 0.000000000 0.000000000
212.773462511 0.004862212 0.000116198 0.000111221 0.000113896 0.000109941 0.001467950 0.001476643 0.001466364 0.000000000 0.000000000 0.000000000
213.661869453 0.004842983 0.000115571 0.000109997 0.000111559 0.000108921 0.001467168 0.001464852 0.001464915 0.000000000 0.000000000 0.000000000
214.550276394 0.004825418 0.000115887 0.000111194 0.000114629 0.000111604 0.001457293 0.001452857 0.001461953 0.000000000 0.000000000 0.000000000
215.438683336 0.004816202 0.000113803 0.000113444 0.000115211 0.000113691 0.001456987 0.001447448 0.001455620 0.000000000 0.000000000 0.000000000
216.327090277 0.004822494 0.000116018 0.000118690 0.000113571 0.000113112 0.001452943 0.001448703 0.001459456 0.000000000 0.000000000 0.000000000
217.215497219 0.004832178 0.000117427 0.000117538 0.000115732 0.000117270 0.001451673 0.001451206 0.001461331 0.000000000 0.000000000 0.000000000
218.103904161 0.004843026 0.000115995 0.000115480 0.000114651 0.000115495 0.001454499 0.001462719 0.001464188 0.000000000 0.000000000 0.000000000
218.992311102 0.004845055 0.000115328 0.000113548 0.000115654 0.000117689 0.001451801 0.001468302 0.001462735 0.000000000 0.000000000 0.000000000
219.880718044 0.004853078 0.000113442 0.000112174 0.000115733 0.000116659 0.001460515 0.001468554 0.001466002 0.000000000 0.000000000 0.000000000
220.769124985 0.004853475 0.000113908 0.000112426 0.000117103 0.000115340 0.001463987 0.001462825 0.001467886 0.000000000 0.000000000 0.000000000
221.657531927 0.004834777 0.000112420 0.000112285 0.000113249 0.000112902 0.001466908 0.001460114 0.001456899 0.000000000 0.000000000 0.000000000
222.545938869 0.004835604 0.000113578 0.000114100 0.000112784 0.000110792 0.001471862 0.001464056 0.001448431 0.000000000 0.000000000 0.000000000
223.434345810 0.004844859 0.000116086 0.000118073 0.000114498 0.000112051 0.001474176 0.001461806 0.001448169 0.000000000 0.000000000 0.000000000
224.322752752 0.004841677 0.000115034 0.000119443 0.000116803 0.000111870 0.001471913 0.001455176 0.001451438 0.000000000 0.000000000 0.000000000
225.211159693 0.004845606 0.000112556 0.000119147 0.000118888 0.000111445 0.001465539 0.001461446 0.001456584 0.000000000 0.000000000 0.000000000
226.099566635 0.004856721 0.000109745 0.000118073 0.000116586 0.000114484 0.001464449 0.001470282 0.001463102 0.000000000 0.000000000 0.000000000
226.987973577 0.004861955 0.000106808 0.000119524 0.000116763 0.000115467 0.001470388 0.001463435 0.001469570 0.000000000 0.000000000 0.000000000
227.876380518 0.004855568 0.000103123 0.000117236 0.000116013 0.000116808 0.001471529 0.001462430 0.001468429 0.000000000 0.000000000 0.000000000
228.764787460 0.004870362 0.000103032 0.000117265 0.000113477 0.000116012 0.001480090 0.001474194 0.001466292 0.000000000 0.000000000 0.000000000
229.653194401 0.004880943 0.000102865 0.000112768 0.000113017 0.000112913 0.001486637 0.001479891 0.001472851 0.000000000 0.000000000 0.000000000
230.541601343 0.004881562 0.000102696 0.000109291 0.000109336 0.000110078 0.001489015 0.001491211 0.001469936 0.000000000 0.000000000 0.000000000
231.430008285 0.004891991 0.000104686 0.000106045 0.000107742 0.000107726 0.001497810 0.001493529 0.001474452 0.000000000 0.000000000 0.000000000
232.318415226 0.004892691 0.000107645 0.000103173 0.000106238 0.000107549 0.001491758 0.001487795 0.001488532 0.000000000 0.000000000 0.000000000
233.206822168 0.004880366 0.000109385 0.000101721 0.000103029 0.000106135 0.001484608 0.001480777 0.001494711 0.000000000 0.000000000 0.000000000
234.095229109 0.004888597 0.000105037 0.000100335 0.000100093 0.000103345 0.001489428 0.001494577 0.001495784 0.000000000 0.000000000 0.000000000
234.983636051 0.004888069 0.000103519 0.000097815 0.000099702 0.000099664 0.001492984 0.001493694 0.001500690 0.000000000 0.000000000 0.000000000
235.872042992 0.004915168 0.000102183 0.000103854 0.000098632 0.000095442 0.001501283 0.001504946 0.001508828 0.000000000 0.000000000 0.000000000
236.760449934 0.004937825 0.000102007 0.000102237 0.000100154 0.000096127 0.001505098 0.001519788 0.001512415 0.000000000 0.000000000 0.000000000
237.648856876 0.004939266 0.000104819 0.000096875 0.000098907 0.000096374 0.001511608 0.001514760 0.001515924 0.000000000 0.000000000 0.000000000
238.537263817 0.004930117 0.000101136 0.000092198 0.000097988 0.000099024 0.001515505 0.001510188 0.001514078 0.000000000 0.000000000 0.000000000
239.425670759 0.004923153 0.000095450 0.000090866 0.000099443 0.000096328 0.001514239 0.001509633 0.001517194 0.000000000 0.000000000 0.000000000
240.314077700 0.004908569 0.000092776 0.000089214 0.000100674 0.000093844 0.001509821 0.001504168 0.001518071 0.000000000 0.000000000 0.000000000
241.202484642 0.004938313 0.000094146 0.000093667 0.000100520 0.000091988 0.001518975 0.001518720 0.001520296 0.000000000 0.000000000 0.000000000
242.090891584 0.004950194 0.000092699 0.000099832 0.000099871 0.000091126 0.001518251 0.001526535 0.001521881 0.000000000 0.000000000 0.000000000
242.979298525 0.004959947 0.000093760 0.000103360 0.000097700 0.000091672 0.001525475 0.001531504 0.001516477 0.000000000 0.000000000 0.000000000
243.867705467 0.004961529 0.000093938 0.000099818 0.000097694 0.000092424 0.001526932 0.001528252 0.001522471 0.000000000 0.000000000 0.000000000
244.756112408 0.004959525 0.000095715 0.000095377 0.000095476 0.000093947 0.001525676 0.001528440 0.001524894 0.000000000 0.000000000 0.000000000
245.644519350 0.004954112 0.000095266 0.000094471 0.000094555 0.000096999 0.001521462 0.001522357 0.001529002 0.000000000 0.000000000 0.000000000
246.532926292 0.004936472 0.000099267 0.000094784 0.000093938 0.000096880 0.001506710 0.001519435 0.001525459 0.000000000 0.000000000 0.000000000
247.421333233 0.004907186 0.000099307 0.000093166 0.000095170 0.000096648 0.001498515 0.001506917 0.001517462 0.000000000 0.000000000 0.000000000
248.309740175 0.004893511 0.000102203 0.000092583 0.000095576 0.000098452 0.001497450 0.001499614 0.001507633 0.000000000 0.000000000 0.000000000
249.198147116 0.004884615 0.000107414 0.000094670 0.000096330 0.000100128 0.001489899 0.001491216 0.001504960 0.000000000 0.000000000 0.000000000
250.086554058 0.004891433 0.000111126 0.000095203 0.000097974 0.000102443 0.001488225 0.001494367 0.001502095 0.000000000 0.000000000 0.000000000
250.974961000 0.004893253 0.000112369 0.000099735 0.000100566 0.000102353 0.001490499 0.001493662 0.001494070 0.000000000 0.000000000 0.000000000
251.863367941 0.004906962 0.000110892 0.000103389 0.000099679 0.000103647 0.001495127 0.001492664 0.001501563 0.000000000 0.000000000 0.000000000
252.751774883 0.004908184 0.000108611 0.000104999 0.000100367 0.000106085 0.001490255 0.001494855 0.001503012 0.000000000 0.000000000 0.000000000
253.640181824 0.004885950 0.000106027 0.000104705 0.000102050 0.000106875 0.001476503 0.001493767 0.001496023 0.000000000 0.000000000 0.000000000
254.528588766 0.004875697 0.000107263 0.000109020 0.000103886 0.000107310 0.001472614 0.001488786 0.001486819 0.000000000 0.000000000 0.000000000
255.416995707 0.004850047 0.000104141 0.000112369 0.000104536 0.000109432 0.001475804 0.001469189 0.001474578 0.000000000 0.000000000 0.000000000
256.305402649 0.004858216 0.000106973 0.000114502 0.000108190 0.000108524 0.001482767 0.001469426 0.001467835 0.000000000 0.000000000 0.000000000
257.193809591 0.004867124 0.000111309 0.000112231 0.000109992 0.000108764 0.001473370 0.001474760 0.001476698 0.000000000 0.000000000 0.000000000
258.082216532 0.004864615 0.000110982 0.000111306 0.000113673 0.000111866 0.001468413 0.001470975 0.001477402 0.000000000 0.000000000 0.000000000
258.970623474 0.004846951 0.000113447 0.000110601 0.000115687 0.000112286 0.001462442 0.001462202 0.001470286 0.000000000 0.000000000 0.000000000
259.859030415 0.004854716 0.000115599 0.000112433 0.000115358 0.000112092 0.001459947 0.001469729 0.001469559 0.000000000 0.000000000 0.000000000
260.747437357 0.004841934 0.000116607 0.000111083 0.000113810 0.000114088 0.001459384 0.001461270 0.001465692 0.000000000 0.000000000 0.000000000
261.635844299 0.004822738 0.000120901 0.000110727 0.000115463 0.000112969 0.001455856 0.001452308 0.001454515 0.000000000 0.000000000 0.000000000
262.524251240 0.004826777 0.000119084 0.000113642 0.000114170 0.000114166 0.001455692 0.001458932 0.001451092 0.000000000 0.000000000 0.000000000
263.412658182 0.004821119 0.000118555 0.000115671 0.000117713 0.000117512 0.001450024 0.001455985 0.001445659 0.000000000 0.000000000 0.000000000
264.301065123 0.004818395 0.000117370 0.000117415 0.000119575 0.000119817 0.001446701 0.001447192 0.001450325 0.000000000 0.000000000 0.000000000
265.189472065 0.004809889 0.000119102 0.000119198 0.000120496 0.000120767 0.001440657 0.001435356 0.001454313 0.000000000 0.000000000 0.000000000
266.077879007 0.004811576 0.000125820 0.000121195 0.000125838 0.000120909 0.001434607 0.001439009 0.001444198 0.000000000 0.000000000 0.000000000
266.966285948 0.004794180 0.000126160 0.000120722 0.000129552 0.000123678 0.001425762 0.001434443 0.001433863 0.000000000 0.000000000 0.000000000
267.854692890 0.004772606 0.000127208 0.000125769 0.000132677 0.000126131 0.001417973 0.001426353 0.001416495 0.000000000 0.000000000 0.000000000
268.743099831 0.004759010 0.000124946 0.000132370 0.000129732 0.000129194 0.001418614 0.001411052 0.001413102 0.000000000 0.000000000 0.000000000
269.631506773 0.004760767 0.000127804 0.000134188 0.000132129 0.000132019 0.001420234 0.001412414 0.001401980 0.000000000 0.000000000 0.000000000
270.519913715 0.004752622 0.000131258 0.000134662 0.000134245 0.000137178 0.001414985 0.001404150 0.001396144 0.000000000 0.000000000 0.000000000
271.408320656 0.004743866 0.000133335 0.000139953 0.000135862 0.000140375 0.001404129 0.001404178 0.001386035 0.000000000 0.000000000 0.000000000
272.296727598 0.004738742 0.000137111 0.000143858 0.000135192 0.000140623 0.001404340 0.001391214 0.001386403 0.000000000 0.000000000 0.000000000
273.185134539 0.004722651 0.000135941 0.000145793 0.000137935 0.000140875 0.001396308 0.001385209 0.001380591 0.000000000 0.000000000 0.000000000
274.073541481 0.004704307 0.000137680 0.000147817 0.000140826 0.000142692 0.001384551 0.001375453 0.001375288 0.000000000 0.000000000 0.000000000
274.961948422 0.004717946 0.000137701 0.000147273 0.000146005 0.000143250 0.001386719 0.001382647 0.001374351 0.000000000 0.000000000 0.000000000
275.850355364 0.004688599 0.000133260 0.000145975 0.000144762 0.000142881 0.001373900 0.001377533 0.001370289 0.000000000 0.000000000 0.000000000
276.738762306 0.004693227 0.000136790 0.000145513 0.000143940 0.000145116 0.001374961 0.001377548 0.001369360 0.000000000 0.000000000 0.000000000
277.627169247 0.004681021 0.000140257 0.000143415 0.000143468 0.000149955 0.001371819 0.001364189 0.001367917 0.000000000 0.000000000 0.000000000
278.515576189 0.004680065 0.000145257 0.000144287 0.000144531 0.000150491 0.001375767 0.001360495 0.001359236 0.000000000 0.000000000 0.000000000
279.403983130 0.004680598 0.000145845 0.000143909 0.000144186 0.000151225 0.001378213 0.001358627 0.001358592 0.000000000 0.000000000 0.000000000
280.292390072 0.004681064 0.000141919 0.000140991 0.000145674 0.000155096 0.001371071 0.001371125 0.001355189 0.000000000 0.000000000 0.000000000
281.180797014 0.004693033 0.000143316 0.000143204 0.000145805 0.000149061 0.001377915 0.001374649 0.001359082 0.000000000 0.000000000 0.000000000
282.069203955 0.004696652 0.000144427 0.000146953 0.000143615 0.000144669 0.001379613 0.001375623 0.001361753 0.000000000 0.000000000 0.000000000
282.957610897 0.004686736 0.000138374 0.000149388 0.000142096 0.000142782 0.001381337 0.001369789 0.001362969 0.000000000 0.000000000 0.000000000
283.846017838 0.004692570 0.000135575 0.000147825 0.000143121 0.000142655 0.001385585 0.001369772 0.001368037 0.000000000 0.000000000 0.000000000
284.734424780 0.004698507 0.000135291 0.000148180 0.000143183 0.000145583 0.001380613 0.001370327 0.001375331 0.000000000 0.000000000 0.000000000
285.622831722 0.004705833 0.000137130 0.000148149 0.000141196 0.000147738 0.001377200 0.001380585 0.001373836 0.000000000 0.000000000 0.000000000
286.511238663 0.004699365 0.000135663 0.000144040 0.000141557 0.000146689 0.001367621 0.001383980 0.001379815 0.000000000 0.000000000 0.000000000
287.399645605 0.004705605 0.000135699 0.000141832 0.000139371 0.000141142 0.001380382 0.001379634 0.001387545 0.000000000 0.000000000 0.000000000
288.288052546 0.004724285 0.000135773 0.000138393 0.000139252 0.000138748 0.001389852 0.001388219 0.001394049 0.000000000 0.000000000 0.000000000
289.176459488 0.004716808 0.000143526 0.000137255 0.000137381 0.000136920 0.001376884 0.001393084 0.001391757 0.000000000 0.000000000 0.000000000
290.064866430 0.004709764 0.000149421 0.000135547 0.000137809 0.000136329 0.001377441 0.001389838 0.001383379 0.000000000 0.000000000 0.000000000
290.953273371 0.004709965 0.000151298 0.000132971 0.000140054 0.000138811 0.001387430 0.001383117 0.001376283 0.000000000 0.000000000 0.000000000
291.841680313 0.004699147 0.000152157 0.000131551 0.000140754 0.000137016 0.001392519 0.001368743 0.001376407 0.000000000 0.000000000 0.000000000
292.730087254 0.004692330 0.000145176 0.000134168 0.000139188 0.000136715 0.001379087 0.001377471 0.001380524 0.000000000 0.000000000 0.000000000
293.618494196 0.004695981 0.000141497 0.000134011 0.000141962 0.000138665 0.001369013 0.001380335 0.001390498 0.000000000 0.000000000 0.000000000
294.506901137 0.004718327 0.000141047 0.000140329 0.000145264 0.000137973 0.001378098 0.001384471 0.001391146 0.000000000 0.000000000 0.000000000
295.395308079 0.004720869 0.000140684 0.000143312 0.000147787 0.000135750 0.001372220 0.001387356 0.001393760 0.000000000 0.000000000 0.000000000
296.283715021 0.004710971 0.000138947 0.000146214 0.000145503 0.000136141 0.001368706 0.001384911 0.001390548 0.000000000 0.000000000 0.000000000
297.172121962 0.004706395 0.000138733 0.000145522 0.000142236 0.000138049 0.001377248 0.001374707 0.001389900 0.000000000 0.000000000 0.000000000
298.060528904 0.004706352 0.000138444 0.000142951 0.000139032 0.000141283 0.001378854 0.001377117 0.001388671 0.000000000 0.000000000 0.000000000
298.948935845 0.004705668 0.000137622 0.000138051 0.000137295 0.000141727 0.001380280 0.001390816 0.001379877 0.000000000 0.000000000 0.000000000
299.837342787 0.004695770 0.000140500 0.000139148 0.000138894 0.000142115 0.001381239 0.001379196 0.001374678 0.000000000 0.000000000 0.000000000
300.725749729 0.004687456 0.000146422 0.000141985 0.000138153 0.000138029 0.001378763 0.001368083 0.001376021 0.000000000 0.000000000 0.000000000
301.614156670 0.004699032 0.000154141 0.000137310 0.000141197 0.000139251 0.001375468 0.001370830 0.001380835 0.000000000 0.000000000 0.000000000
302.502563612 0.004703301 0.000152196 0.000138541 0.000140487 0.000138792 0.001377001 0.001374794 0.001381490 0.000000000 0.000000000 0.000000000
303.390970553 0.004716054 0.000147091 0.000139178 0.000139290 0.000137991 0.001378208 0.001387735 0.001386560 0.000000000 0.000000000 0.000000000
304.279377495 0.004716260 0.000143192 0.000141654 0.000139569 0.000137118 0.001377113 0.001392911 0.001384703 0.000000000 0.000000000 0.000000000
305.167784437 0.004709341 0.000137863 0.000139816 0.000142026 0.000138039 0.001381762 0.001385399 0.001384437 0.000000000 0.000000000 0.000000000
306.056191378 0.004706220 0.000135360 0.000141104 0.000140228 0.000140299 0.001384437 0.001380206 0.001384586 0.000000000 0.000000000 0.000000000
306.944598320 0.004691943 0.000132458 0.000140567 0.000139285 0.000140858 0.001386381 0.001373520 0.001378874 0.000000000 0.000000000 0.000000000
307.833005261 0.004710835 0.000136964 0.000138980 0.000141743 0.000143124 0.001382963 0.001385791 0.001381270 0.000000000 0.000000000 0.000000000
308.721412203 0.004736784 0.000135435 0.000142524 0.000143102 0.000141265 0.001387837 0.001398190 0.001388430 0.000000000 0.000000000 0.000000000
309.609819145 0.004734562 0.000134588 0.000142864 0.000144194 0.000140766 0.001394915 0.001393193 0.001384041 0.000000000 0.000000000 0.000000000
310.498226086 0.004717347 0.000136432 0.000145718 0.000142380 0.000142688 0.001389259 0.001388044 0.001372827 0.000000000 0.000000000 0.000000000
311.386633028 0.004702309 0.000140609 0.000146989 0.000141405 0.000143999 0.001378990 0.001378152 0.001372164 0.000000000 0.000000000 0.000000000
312.275039969 0.004690098 0.000142304 0.000150931 0.000141305 0.000146111 0.001383658 0.001358248 0.001367541 0.000000000 0.000000000 0.000000000
313.163446911 0.004687948 0.000141318 0.000146246 0.000139610 0.000145878 0.001384191 0.001364831 0.001365875 0.000000000 0.000000000 0.000000000
314.051853852 0.004685753 0.000141063 0.000142348 0.000137662 0.000145813 0.001380864 0.001373298 0.001364703 0.000000000 0.000000000 0.000000000
314.940260794 0.004700314 0.000137283 0.000138593 0.000136973 0.000145954 0.001384479 0.001384483 0.001372548 0.000000000 0.000000000 0.000000000
315.828667736 0.004719444 0.000138210 0.000138523 0.000136639 0.000146047 0.001380041 0.001392104 0.001387877 0.000000000 0.000000000 0.000000000
316.717074677 0.004728706 0.000139912 0.000135583 0.000137388 0.000143651 0.001382713 0.001392052 0.001397406 0.000000000 0.000000000 0.000000000
317.605481619 0.004727544 0.000139094 0.000135850 0.000135675 0.000140779 0.001387541 0.001388791 0.001399814 0.000000000 0.000000000 0.000000000
318.493888560 0.004707418 0.000136182 0.000133324 0.000134397 0.000138714 0.001384673 0.001386603 0.001393525 0.000000000 0.000000000 0.000000000
319.382295502 0.004722275 0.000137802 0.000133430 0.000134877 0.000137796 0.001393870 0.001390492 0.001394008 0.000000000 0.000000000 0.000000000
320.270702444 0.004712079 0.000139022 0.000128304 0.000134923 0.000134744 0.001391709 0.001389147 0.001394229 0.000000000 0.000000000 0.000000000
321.159109385 0.004714348 0.000138679 0.000130930 0.000137341 0.000130880 0.001390010 0.001392833 0.001393675 0.000000000 0.000000000 0.000000000
322.047516327 0.004728187 0.000140543 0.000135243 0.000137518 0.000130012 0.001390594 0.001401257 0.001393020 0.000000000 0.000000000 0.000000000
322.935923268 0.004761045 0.000143224 0.000137171 0.000136216 0.000131893 0.001403308 0.001404984 0.001404249 0.000000000 0.000000000 0.000000000
323.824330210 0.004778214 0.000137315 0.000137357 0.000136491 0.000130783 0.001412265 0.001412828 0.001411175 0.000000000 0.000000000 0.000000000
324.712737152 0.004757946 0.000134938 0.000139166 0.000135166 0.000129431 0.001410827 0.001407743 0.001400673 0.000000000 0.000000000 0.000000000
325.601144093 0.004741526 0.000128855 0.000137833 0.000134260 0.000128628 0.001411678 0.001398817 0.001401456 0.000000000 0.000000000 0.000000000
326.489551035 0.004729510 0.000123993 0.000137724 0.000136782 0.000134402 0.001402141 0.001395336 0.001399132 0.000000000 0.000000000 0.000000000
327.377957976 0.004721512 0.000124105 0.000134826 0.000135176 0.000137008 0.001393596 0.001395030 0.001401771 0.000000000 0.000000000 0.000000000
328.266364918 0.004736470 0.000126262 0.000132208 0.000130994 0.000137790 0.001394288 0.001402259 0.001412668 0.000000000 0.000000000 0.000000000
329.154771860 0.004769199 0.000129576 0.000129310 0.000130029 0.000136099 0.001400744 0.001420710 0.001422731 0.000000000 0.000000000 0.000000000
330.043178801 0.004781076 0.000136645 0.000127394 0.000127401 0.000132392 0.001409201 0.001424122 0.001423921 0.000000000 0.000000000 0.000000000
330.931585743 0.004805649 0.000141951 0.000127021 0.000130115 0.000131255 0.001422953 0.001427296 0.001425060 0.000000000 0.000000000 0.000000000
331.819992684 0.004774461 0.000140492 0.000130860 0.000130025 0.000135507 0.001426813 0.001412979 0.001397785 0.000000000 0.000000000 0.000000000
332.708399626 0.004705698 0.000134738 0.000129643 0.000128895 0.000136850 0.001417596 0.001387794 0.001370183 0.000000000 0.000000000 0.000000000
333.596806567 0.004665927 0.000131013 0.000132265 0.000127578 0.000135137 0.001397876 0.001371746 0.001370313 0.000000000 0.000000000 0.000000000
334.485213509 0.004652586 0.000131345 0.000134390 0.000128836 0.000134699 0.001376019 0.001365204 0.001382091 0.000000000 0.000000000 0.000000000
335.373620451 0.004701365 0.000134642 0.000135479 0.000131565 0.000132663 0.001359094 0.001388251 0.001419672 0.000000000 0.000000000 0.000000000
336.262027392 0.004788480 0.000142354 0.000138888 0.000132526 0.000134595 0.001359278 0.001427209 0.001453629 0.000000000 0.000000000 0.000000000
337.150434334 0.004853883 0.000149280 0.000133961 0.000134533 0.000132543 0.001383878 0.001452248 0.001467440 0.000000000 0.000000000 0.000000000
338.038841275 0.004887573 0.000149543 0.000133124 0.000135114 0.000126452 0.001420275 0.001462422 0.001460646 0.000000000 0.000000000 0.000000000
338.927248217 0.004821133 0.000141537 0.000132232 0.000130720 0.000123970 0.001446115 0.001426040 0.001420519 0.000000000 0.000000000 0.000000000
339.815655159 0.004673346 0.000131256 0.000129681 0.000129200 0.000118360 0.001444243 0.001353181 0.001367425 0.000000000 0.000000000 0.000000000
340.704062100 0.004536611 0.000121326 0.000125762 0.000130205 0.000112361 0.001408268 0.001302313 0.001336377 0.000000000 0.000000000 0.000000000
341.592469042 0.004505154 0.000122321 0.000126051 0.000137326 0.000113664 0.001358674 0.001319274 0.001327844 0.000000000 0.000000000 0.000000000
342.480875983 0.004628285 0.000136186 0.000118591 0.000143448 0.000121827 0.001328656 0.001400727 0.001378849 0.000000000 0.000000000 0.000000000
343.369282925 0.004900691 0.000155641 0.000118870 0.000146907 0.000128181 0.001361356 0.001511853 0.001477882 0.000000000 0.000000000 0.000000000
344.257689867 0.005182772 0.000160394 0.000121780 0.000149998 0.000134323 0.001434329 0.001596254 0.001585693 0.000000000 0.000000000 0.000000000
345.146096808 0.005234282 0.000146698 0.000124752 0.000153606 0.000130525 0.001501912 0.001573846 0.001602941 0.000000000 0.000000000 0.000000000
346.034503750 0.004910797 0.000121078 0.000135912 0.000154381 0.000119190 0.001496962 0.001410754 0.001472519 0.000000000 0.000000000 0.000000000
346.922910691 0.004433950 0.000105033 0.000138347 0.000149830 0.000103881 0.001437141 0.001212736 0.001286982 0.000000000 0.000000000 0.000000000
347.811317633 0.004068475 0.000093025 0.000132735 0.000133261 0.000093073 0.001365618 0.001118163 0.001132600 0.000000000 0.000000000 0.000000000
348.699724575 0.004041801 0.000094105 0.000135593 0.000121923 0.000095585 0.001331863 0.001213213 0.001049518 0.000000000 0.000000000 0.000000000
349.588131516 0.004505945 0.000098650 0.000171528 0.000116133 0.000129456 0.001419025 0.001456126 0.001115027 0.000000000 0.000000000 0.000000000
350.476538458 0.005581476 0.000093371 0.000214238 0.000125991 0.000197569 0.001667651 0.001804340 0.001478317 0.000000000 0.000000000 0.000000000
351.364945399 0.006607576 0.000075504 0.000189169 0.000154206 0.000229551 0.001929724 0.002070238 0.001959185 0.000000000 0.000000000 0.000000000
352.253352341 0.006041494 0.000057183 0.000137729 0.000161646 0.000188866 0.001831057 0.001762822 0.001902191 0.000000000 0.000000000 0.000000000
353.141759282 0.004557140 0.000043917 0.000107191 0.000128798 0.000136788 0.001454243 0.001296750 0.001389453 0.000000000 0.000000000 0.000000000
354.030166224 0.003509628 0.000034057 0.000094316 0.000091215 0.000110791 0.001105907 0.001060980 0.001012363 0.000000000 0.000000000 0.000000000
354.918573166 0.002912848 0.000026798 0.000079775 0.000074507 0.000092155 0.000862987 0.000918069 0.000858557 0.000000000 0.000000000 0.000000000
355.806980107 0.002530055 0.000022509 0.000066874 0.000067232 0.000074154 0.000730855 0.000776786 0.000791645 0.000000000 0.000000000 0.000000000
356.695387049 0.005814801 0.000020053 0.000063607 0.000066466 0.000061484 0.000624814 0.000598098 0.000745587 0.000000000 0.003634692 0.000000000
357.583793990 0.010314963 0.000019947 0.000057857 0.000059119 0.000059880 0.000531813 0.000532130 0.000628341 0.000000000 0.008425877 0.000000000
358.472200932 0.010026548 0.000019963 0.000053536 0.000052637 0.000062676 0.000471384 0.000533705 0.000571984 0.000000000 0.008260664 0.000000000
359.360607874 0.008649864 0.000022491 0.000047638 0.000053924 0.000060894 0.000449421 0.000520547 0.000555990 0.000000000 0.006938958 0.000000000
360.249014815 0.008953870 0.000028353 0.000039326 0.000051269 0.000050063 0.000449540 0.000481795 0.000584139 0.000000000 0.007269384 0.000000000
361.137421757 0.009377295 0.000022051 0.000036147 0.000050652 0.000045895 0.000466391 0.000449213 0.000541922 0.000000000 0.007765024 0.000000000
362.025828698 0.010189253 0.000016773 0.000039999 0.000051449 0.000045595 0.000491740 0.000455371 0.000497234 0.000000000 0.008591090 0.000000000
362.914235640 0.008331119 0.000035030 0.000045286 0.000051590 0.000049399 0.000498255 0.000513487 0.000529542 0.000000000 0.006608531 0.000000000
363.802642582 0.011030795 0.000097899 0.000043890 0.000050618 0.000050169 0.000494317 0.000582932 0.000624240 0.000000000 0.009086730 0.000000000
364.691049523 0.007945462 0.000060108 0.000047649 0.000057570 0.000049568 0.000464120 0.000550575 0.000602981 0.000000000 0.006112891 0.000000000
365.579456465 0.007765950 0.000014910 0.000058582 0.000072252 0.000050495 0.000452684 0.000502114 0.000502022 0.000000000 0.006112891 0.000000000
366.467863406 0.009584991 0.000015465 0.000068697 0.000072156 0.000074249 0.000498407 0.000465473 0.000460306 0.000000000 0.007930237 0.000000000
367.356270348 0.009446839 0.000022393 0.000070861 0.000066192 0.000090955 0.000624964 0.000469419 0.000502245 0.000000000 0.007599811 0.000000000
368.244677290 0.009279263 0.000025695 0.000076573 0.000061413 0.000370159 0.000633524 0.000591568 0.000581373 0.000000000 0.006938958 0.000000000
369.133084231 0.008489428 0.000019997 0.000079892 0.000203499 0.000059656 0.000577069 0.000601917 0.000669293 0.000000000 0.006278105 0.000000000
370.021491173 0.007482227 0.000014507 0.000087209 0.000087954 0.000064701 0.000620504 0.000681140 0.000639388 0.000000000 0.005286825 0.000000000
370.909898114 0.009911482 0.000014359 0.000243100 0.000087947 0.000066188 0.000635831 0.000748663 0.000680796 0.000000000 0.007434598 0.000000000
371.798305056 0.008912568 0.000018642 0.000062259 0.000079514 0.000076812 0.000604931 0.000686309 0.000775571 0.000000000 0.006608531 0.000000000
372.686711998 0.008133836 0.000020141 0.000058570 0.000073908 0.000080096 0.000592195 0.000650308 0.000710940 0.000000000 0.005947678 0.000000000
373.575118939 0.008631538 0.000023450 0.000210784 0.000065637 0.000065148 0.000615219 0.000651024 0.000556958 0.000000000 0.006443318 0.000000000
374.463525881 0.009820245 0.000026177 0.000091716 0.000059616 0.000058038 0.000617964 0.000512652 0.000523845 0.000000000 0.007930237 0.000000000
375.351932822 0.009597078 0.000022947 0.000076362 0.000061216 0.000060226 0.000569985 0.000506947 0.000534371 0.000000000 0.007765024 0.000000000
376.240339764 0.007023191 0.000020985 0.000065106 0.000062190 0.000060717 0.000542089 0.000520395 0.000464883 0.000000000 0.005286825 0.000000000
377.128746705 0.010009543 0.000021291 0.000068641 0.000072758 0.000067611 0.000558109 0.000494516 0.000465952 0.000000000 0.008260664 0.000000000
378.017153647 0.006264660 0.000021575 0.000074886 0.000221546 0.000075075 0.000598316 0.000487273 0.000490444 0.000000000 0.004295545 0.000000000
378.905560589 0.009974083 0.000020126 0.000071671 0.000109101 0.000114197 0.000666761 0.000556104 0.000505886 0.000000000 0.007930237 0.000000000
379.793967530 0.009163421 0.000023833 0.000077129 0.000146706 0.000098861 0.000567143 0.000729756 0.000581035 0.000000000 0.006938958 0.000000000
380.682374472 0.009007975 0.000028031 0.000091391 0.000119759 0.000117479 0.000569086 0.000653525 0.000654960 0.000000000 0.006773744 0.000000000
381.570781413 0.009800206 0.000030296 0.000128408 0.000121266 0.000116391 0.000558348 0.000622580 0.000788319 0.000000000 0.007434598 0.000000000
382.459188355 0.007867069 0.000033104 0.000137404 0.000110258 0.000108792 0.000562122 0.000569718 0.000563206 0.000000000 0.005782465 0.000000000
383.347595297 0.009952321 0.000039316 0.000169649 0.000106359 0.000103369 0.000565250 0.000522630 0.000515512 0.000000000 0.007930237 0.000000000
384.236002238 0.007457101 0.000043683 0.000151837 0.000104285 0.000092455 0.000535620 0.000482419 0.000429552 0.000000000 0.005617251 0.000000000
385.124409180 0.009717532 0.000043806 0.000102346 0.000100888 0.000080124 0.000507668 0.000431182 0.000356067 0.000000000 0.008095451 0.000000000
386.012816121 0.011503348 0.000035069 0.000102563 0.000090976 0.000091167 0.000494634 0.000419444 0.000356698 0.000000000 0.009912797 0.000000000
386.901223063 0.008108960 0.000028843 0.000102556 0.000082274 0.000115729 0.000487613 0.000438012 0.000410614 0.000000000 0.006443318 0.000000000
387.789630005 0.012112642 0.000023623 0.000095831 0.000080333 0.000142850 0.000507325 0.000424294 0.000429950 0.000000000 0.010408437 0.000000000
388.678036946 0.008902461 0.000020987 0.000072981 0.000082919 0.000116872 0.000544328 0.000508579 0.000451625 0.000000000 0.007104171 0.000000000
389.566443888 0.007565482 0.000027585 0.000059644 0.000081346 0.000069883 0.000539562 0.000592787 0.000577423 0.000000000 0.005617251 0.000000000
390.454850829 0.008405594 0.000079160 0.000060327 0.000069129 0.000072062 0.000519710 0.000542305 0.000619583 0.000000000 0.006443318 0.000000000
391.343257771 0.008727667 0.000180488 0.000055704 0.000059317 0.000059996 0.000527399 0.000573643 0.000662590 0.000000000 0.006608531 0.000000000
392.231664713 0.006341827 0.000062323 0.000049558 0.000061347 0.000058522 0.000530562 0.000607836 0.000676133 0.000000000 0.004295545 0.000000000
393.120071654 0.007610251 0.000053972 0.000045642 0.000077436 0.000073806 0.000476906 0.000559831 0.000705407 0.000000000 0.005617251 0.000000000
394.008478596 0.007408002 0.000043849 0.000047733 0.000073548 0.000096292 0.000419492 0.000537758 0.000572079 0.000000000 0.005617251 0.000000000
394.896885537 0.008145322 0.000038952 0.000060477 0.000088376 0.000122971 0.000474134 0.000542150 0.000540156 0.000000000 0.006278105 0.000000000
395.785292479 0.007897196 0.000032481 0.000084965 0.000113049 0.000106106 0.000545719 0.000533511 0.000533688 0.000000000 0.005947678 0.000000000
396.673699420 0.007607341 0.000031981 0.000154237 0.000113824 0.000091806 0.000583380 0.000513839 0.000501023 0.000000000 0.005617251 0.000000000
397.562106362 0.007082966 0.000036403 0.000148416 0.000110140 0.000088124 0.000590018 0.000560891 0.000427362 0.000000000 0.005121612 0.000000000
398.450513304 0.006604986 0.000051793 0.000097311 0.000126256 0.000090378 0.000570392 0.000588692 0.000454192 0.000000000 0.004625972 0.000000000
399.338920245 0.005781055 0.000059989 0.000120835 0.000173596 0.000095612 0.000569195 0.000512378 0.000614756 0.000000000 0.003634692 0.000000000
400.227327187 0.008748698 0.000068846 0.000168416 0.000188351 0.000115567 0.000537247 0.000469014 0.000592727 0.000000000 0.006608531 0.000000000
401.115734128 0.007937480 0.000084841 0.000150726 0.000182011 0.000139570 0.000465590 0.000497383 0.000469682 0.000000000 0.005947678 0.000000000
402.004141070 0.006530264 0.000108711 0.000169712 0.000163743 0.000241362 0.000439259 0.000534439 0.000412279 0.000000000 0.004460759 0.000000000
402.892548012 0.006876164 0.000113312 0.000255280 0.000150388 0.000254303 0.000431160 0.000470935 0.000409600 0.000000000 0.004791185 0.000000000
403.780954953 0.006658269 0.000102158 0.000239118 0.000160435 0.000227013 0.000433696 0.000397994 0.000471884 0.000000000 0.004625972 0.000000000
404.669361895 0.008889998 0.000096897 0.000177542 0.000211866 0.000182376 0.000443489 0.000388334 0.000450536 0.000000000 0.006938958 0.000000000
405.557768836 0.008809687 0.000107979 0.000185467 0.000233430 0.000172308 0.000420448 0.000375264 0.000375833 0.000000000 0.006938958 0.000000000
406.446175778 0.006892337 0.000138649 0.000208104 0.000201817 0.000236296 0.000402502 0.000321654 0.000261702 0.000000000 0.005121612 0.000000000
407.334582720 0.007527893 0.000161398 0.000170862 0.000169534 0.000258591 0.000397011 0.000341951 0.000246081 0.000000000 0.005782465 0.000000000
408.222989661 0.006031673 0.000213003 0.000165181 0.000164622 0.000233190 0.000432515 0.000377840 0.000314990 0.000000000 0.004130332 0.000000000
409.111396603 0.007525181 0.000260438 0.000192659 0.000202346 0.000209884 0.000442366 0.000470494 0.000460170 0.000000000 0.005286825 0.000000000
409.999803544 0.008048661 0.000142176 0.000252148 0.000190263 0.000176708 0.000456211 0.000523055 0.000525635 0.000000000 0.005782465 0.000000000
410.888210486 0.007397271 0.000068395 0.000288704 0.000202779 0.000170668 0.000456376 0.000449387 0.000474136 0.000000000 0.005286825 0.000000000
411.776617428 0.007742900 0.000089412 0.000234817 0.000221146 0.000189350 0.000407208 0.000392862 0.000425642 0.000000000 0.005782465 0.000000000
412.665024369 0.006361770 0.000128107 0.000230881 0.000191022 0.000178936 0.000375549 0.000372778 0.000423739 0.000000000 0.004460759 0.000000000
413.553431311 0.008581645 0.000092830 0.000161884 0.000162033 0.000254644 0.000381545 0.000353532 0.000401433 0.000000000 0.006773744 0.000000000
414.441838252 0.007586386 0.000068744 0.000098367 0.000159381 0.000279311 0.000349681 0.000367402 0.000315822 0.000000000 0.005947678 0.000000000
415.330245194 0.006522530 0.000055572 0.000128098 0.000189933 0.000196107 0.000323913 0.000392838 0.000279671 0.000000000 0.004956398 0.000000000
416.218652135 0.009300251 0.000077956 0.000136998 0.000213184 0.000138729 0.000329850 0.000350841 0.000287669 0.000000000 0.007765024 0.000000000
417.107059077 0.008242728 0.000141495 0.000168121 0.000158432 0.000086522 0.000324749 0.000266385 0.000323279 0.000000000 0.006773744 0.000000000
417.995466019 0.009359109 0.000178124 0.000151958 0.000132804 0.000134389 0.000277235 0.000251153 0.000303208 0.000000000 0.007930237 0.000000000
418.883872960 0.007734235 0.000186848 0.000149889 0.000141603 0.000175587 0.000250373 0.000267111 0.000284718 0.000000000 0.006278105 0.000000000
419.772279902 0.006427596 0.000094132 0.000233570 0.000167701 0.000085615 0.000275263 0.000251456 0.000363461 0.000000000 0.004956398 0.000000000
420.660686843 0.007792824 0.000119358 0.000192196 0.000242316 0.000070870 0.000299501 0.000341929 0.000413763 0.000000000 0.006112891 0.000000000
421.549093785 0.008230036 0.000205645 0.000172414 0.000282837 0.000101624 0.000303678 0.000462517 0.000423215 0.000000000 0.006278105 0.000000000
422.437500727 0.009016076 0.000115667 0.000243356 0.000218359 0.000119305 0.000341413 0.000429951 0.000443854 0.000000000 0.007104171 0.000000000
423.325907668 0.008332688 0.000085941 0.000161644 0.000179406 0.000148020 0.000389635 0.000376334 0.000383178 0.000000000 0.006608531 0.000000000
424.214314610 0.009130458 0.000099300 0.000128184 0.000155150 0.000165757 0.000401243 0.000298245 0.000282769 0.000000000 0.007599811 0.000000000
425.102721551 0.007631407 0.000122982 0.000109575 0.000158493 0.000258058 0.000317345 0.000275333 0.000276729 0.000000000 0.006112891 0.000000000
425.991128493 0.009609271 0.000145651 0.000088688 0.000307092 0.000167538 0.000225011 0.000273417 0.000306423 0.000000000 0.008095451 0.000000000
426.879535435 0.009668822 0.000099611 0.000091535 0.000121682 0.000097577 0.000179327 0.000230774 0.000257225 0.000000000 0.008591090 0.000000000
427.767942376 0.007937093 0.000061050 0.000110904 0.000147225 0.000089812 0.000163147 0.000212284 0.000213713 0.000000000 0.006938958 0.000000000
428.656349318 0.009367151 0.000057404 0.000250843 0.000125655 0.000081881 0.000181505 0.000226409 0.000182790 0.000000000 0.008260664 0.000000000
429.544756259 0.010598268 0.000050151 0.000292275 0.000088233 0.000134612 0.000217452 0.000131874 0.000101301 0.000000000 0.009582370 0.000000000
430.433163201 0.010579100 0.000035001 0.000253234 0.000112014 0.000149091 0.000209844 0.000122886 0.000114661 0.000000000 0.009582370 0.000000000
431.321570143 0.008894675 0.000032007 0.000223825 0.000145625 0.000088668 0.000138648 0.000159091 0.000176575 0.000000000 0.007930237 0.000000000
432.209977084 0.008130522 0.000025579 0.000098589 0.000132421 0.000086715 0.000121228 0.000111275 0.000120118 0.000000000 0.007434598 0.000000000
433.098384026 0.010125361 0.000024787 0.000081496 0.000098397 0.000099259 0.000115888 0.000056106 0.000067058 0.000000000 0.009582370 0.000000000
433.986790967 0.008456958 0.000061841 0.000089648 0.000063632 0.000136970 0.000208997 0.000074674 0.000056172 0.000000000 0.007765024 0.000000000
434.875197909 0.010945427 0.000189057 0.000141643 0.000090600 0.000485355 0.000133360 0.000220980 0.000102061 0.000000000 0.009582370 0.000000000
435.763604850 0.011965424 0.000138394 0.000241240 0.000104053 0.000339944 0.000185131 0.000314846 0.000233381 0.000000000 0.010408437 0.000000000
436.652011792 0.010432489 0.000002066 0.000053497 0.000112358 0.000195421 0.000236373 0.000198225 0.000382605 0.000000000 0.009251944 0.000000000
437.540418734 0.010244944 0.000000000 0.000000002 0.000181838 0.000000060 0.000461643 0.000341776 0.000338108 0.000000000 0.008921517 0.000000000
438.428825675 0.007982589 0.000000000 0.000000000 0.000007204 0.000000000 0.000038959 0.000154331 0.000182285 0.000000000 0.007599811 0.000000000
439.317232617 0.000000019 0.000000000 0.000000000 0.000000000 0.000000000 0.000000000 0.000000000 0.000000019 0.000000000 0.000000000 0.000000000
440.205639558 0.000000000 0.000000000 0.000000000 0.000000000 0.000000000 0.000000000 0.000000000 0.000000000 0.000000000 0.000000000 0.000000000
441.094046500 0.000000000 0.000000000 0.000000000 0.000000000 0.000000000 0.000000000 0.000000000 0.000000000 0.000000000 0.000000000 0.000000000
441.982453442 0.033042656 0.000000000 0.000000000 0.000000000 0.000000000 0.000000000 0.000000000 0.000000000 0.000000000 0.000000000 0.033042656
442.870860383 0.000000000 0.000000000 0.000000000 0.000000000 0.000000000 0.000000000 0.000000000 0.000000000 0.000000000 0.000000000 0.000000000
443.759267325 0.000000000 0.000000000 0.000000000 0.000000000 0.000000000 0.000000000 0.000000000 0.000000000 0.000000000 0.000000000 0.000000000
