  0.33468473672950838                            NaN
   1.0040542101885253                            NaN
   1.6734236836475418                            NaN
   2.3427931571065588                            NaN
   3.0121626305655753                            NaN
   3.6815321040245919                            NaN
   4.3509015774836097                            NaN
   5.0202710509426263                            NaN
   5.6896405244016428                            NaN
   6.3590099978606593                            NaN
   7.0283794713196759                            NaN
   7.6977489447786933                            NaN
   8.3671184182377107                            NaN
   9.0364878916967264                            NaN
   9.7058573651557438                            NaN
   10.375226838614759                            NaN
   11.044596312073777                            NaN
   11.713965785532794                            NaN
   12.383335258991810                            NaN
   13.052704732450827                            NaN
   13.722074205909843                            NaN
   14.391443679368860                            NaN
   15.060813152827878                            NaN
   15.730182626286894                            NaN
   16.399552099745911                            NaN
   17.068921573204925                            NaN
   17.738291046663942                            NaN
   18.407660520122960                            NaN
   19.077029993581977                            NaN
   19.746399467040995                            NaN
   20.415768940500008                            NaN
   21.085138413959026                            NaN
   21.754507887418043                            NaN
   22.423877360877061                            NaN
   23.093246834336078                            NaN
   23.762616307795092                            NaN
   24.431985781254109                            NaN
   25.101355254713127                            NaN
   25.770724728172144                            NaN
   26.440094201631162                            NaN
   27.109463675090176                            NaN
   27.778833148549193                            NaN
   28.448202622008210                            NaN
   29.117572095467228                            NaN
   29.786941568926245                            NaN
   30.456311042385263                            NaN
   31.125680515844277                            NaN
   31.795049989303294                            NaN
   32.464419462762315                            NaN
   33.133788936221329                            NaN
   33.803158409680343                            NaN
   34.472527883139364                            NaN
   35.141897356598378                            NaN
   35.811266830057399                            NaN
   36.480636303516413                            NaN
   37.150005776975426                            NaN
   37.819375250434447                            NaN
   38.488744723893461                            NaN
   39.158114197352482                            NaN
   39.827483670811496                            NaN
   40.496853144270510                            NaN
   41.166222617729531                            NaN
   41.835592091188545                            NaN
   42.504961564647566                            NaN
   43.174331038106580                            NaN
   43.843700511565594                            NaN
   44.513069985024615                            NaN
   45.182439458483628                            NaN
   45.851808931942649                            NaN
   46.521178405401663                            NaN
   47.190547878860677                            NaN
   47.859917352319698                            NaN
   48.529286825778712                            NaN
   49.198656299237733                            NaN
   49.868025772696747                            NaN
   50.537395246155761                            NaN
   51.206764719614782                            NaN
   51.876134193073796                            NaN
   52.545503666532817                            NaN
   53.214873139991830                            NaN
   53.884242613450844                            NaN
   54.553612086909865                            NaN
   55.222981560368879                            NaN
   55.892351033827900                            NaN
   56.561720507286914                            NaN
   57.231089980745935                            NaN
   57.900459454204949                            NaN
   58.569828927663963                            NaN
   59.239198401122984                            NaN
   59.908567874581998                            NaN
   60.577937348041019                            NaN
   61.247306821500032                            NaN
   61.916676294959046                            NaN
   62.586045768418067                            NaN
   63.255415241877081                            NaN
   63.924784715336102                            NaN
   64.594154188795130                            NaN
   65.263523662254144                            NaN
   65.932893135713158                            NaN
   66.602262609172172                            NaN
   67.271632082631186                            NaN
