   0.0000000000000000                            NaN
  0.66936947345901676                            NaN
   1.3387389469180335                            NaN
   2.0081084203770505                            NaN
   2.6774778938360670                            NaN
   3.3468473672950836                            NaN
   4.0162168407541010                            NaN
   4.6855863142131176                            NaN
   5.3549557876721341                            NaN
   6.0243252611311506                            NaN
   6.6936947345901672                            NaN
   7.3630642080491846                            NaN
   8.0324336815082020                            NaN
   8.7018031549672177                            NaN
   9.3711726284262351                            NaN
   10.040542101885251                            NaN
   10.709911575344268                            NaN
   11.379281048803286                            NaN
   12.048650522262301                            NaN
   12.718019995721319                            NaN
   13.387389469180334                            NaN
   14.056758942639352                            NaN
   14.726128416098369                            NaN
   15.395497889557385                            NaN
   16.064867363016404                            NaN
   16.734236836475418                            NaN
   17.403606309934435                            NaN
   18.072975783393453                            NaN
   18.742345256852470                            NaN
   19.411714730311488                            NaN
   20.081084203770502                            NaN
   20.750453677229519                            NaN
   21.419823150688536                            NaN
   22.089192624147554                            NaN
   22.758562097606571                            NaN
   23.427931571065585                            NaN
   24.097301044524603                            NaN
   24.766670517983620                            NaN
   25.436039991442637                            NaN
   26.105409464901655                            NaN
   26.774778938360669                            NaN
   27.444148411819686                            NaN
   28.113517885278704                            NaN
   28.782887358737721                            NaN
   29.452256832196738                            NaN
   30.121626305655756                            NaN
   30.790995779114770                            NaN
   31.460365252573787                            NaN
   32.129734726032808                            NaN
   32.799104199491822                            NaN
   33.468473672950836                            NaN
   34.137843146409857                            NaN
   34.807212619868871                            NaN
   35.476582093327892                            NaN
   36.145951566786906                            NaN
   36.815321040245919                            NaN
   37.484690513704940                            NaN
   38.154059987163954                            NaN
   38.823429460622975                            NaN
   39.492798934081989                            NaN
   40.162168407541003                            NaN
   40.831537881000024                            NaN
   41.500907354459038                            NaN
   42.170276827918059                            NaN
   42.839646301377073                            NaN
   43.509015774836087                            NaN
   44.178385248295108                            NaN
   44.847754721754121                            NaN
   45.517124195213142                            NaN
   46.186493668672156                            NaN
   46.855863142131170                            NaN
   47.525232615590191                            NaN
   48.194602089049205                            NaN
   48.863971562508226                            NaN
   49.533341035967240                            NaN
   50.202710509426254                            NaN
   50.872079982885275                            NaN
   51.541449456344289                            NaN
   52.210818929803310                            NaN
   52.880188403262324                            NaN
   53.549557876721337                            NaN
   54.218927350180358                            NaN
   54.888296823639372                            NaN
   55.557666297098393                            NaN
   56.227035770557407                            NaN
   56.896405244016428                            NaN
   57.565774717475442                            NaN
   58.235144190934456                            NaN
   58.904513664393477                            NaN
   59.573883137852491                            NaN
   60.243252611311512                            NaN
   60.912622084770526                            NaN
   61.581991558229539                            NaN
   62.251361031688560                            NaN
   62.920730505147574                            NaN
   63.590099978606595                            NaN
   64.259469452065616                            NaN
   64.928838925524630                            NaN
   65.598208398983644                            NaN
   66.267577872442658                            NaN
   66.936947345901672                            NaN
