# Ion number density
# The last    3 ion types are fixed
# Average over 571165 steps
# z (au)        total        A            Im1          Im2          Im3          N            C            Me           C1           C2           P
0.299713564 0.048972299 0.000000000 0.000000000 0.000000000 0.000000000 0.000000000 0.000000000 0.000000000 0.000000000 0.000000000 0.048972299
0.899140693 0.000000000 0.000000000 0.000000000 0.000000000 0.000000000 0.000000000 0.000000000 0.000000000 0.000000000 0.000000000 0.000000000
1.498567822 0.000000000 0.000000000 0.000000000 0.000000000 0.000000000 0.000000000 0.000000000 0.000000000 0.000000000 0.000000000 0.000000000
2.097994951 0.000000000 0.000000000 0.000000000 0.000000000 0.000000000 0.000000000 0.000000000 0.000000000 0.000000000 0.000000000 0.000000000
2.697422080 0.000000000 0.000000000 0.000000000 0.000000000 0.000000000 0.000000000 0.000000000 0.000000000 0.000000000 0.000000000 0.000000000
3.296849209 0.000000000 0.000000000 0.000000000 0.000000000 0.000000000 0.000000000 0.000000000 0.000000000 0.000000000 0.000000000 0.000000000
3.896276338 0.001958892 0.000000000 0.000000000 0.000000000 0.000000000 0.000000000 0.000000000 0.000000000 0.001958892 0.000000000 0.000000000
4.495703467 0.010284186 0.000000000 0.000000000 0.000000003 0.000000000 0.000000000 0.000000000 0.000000000 0.010284183 0.000000000 0.000000000
5.095130596 0.007837143 0.000000000 0.000000000 0.000001524 0.000000000 0.000000051 0.000000000 0.000000000 0.007835568 0.000000000 0.000000000
5.694557725 0.009564270 0.000000000 0.000000000 0.000014285 0.000000013 0.000000257 0.000000050 0.000000066 0.009549598 0.000000000 0.000000000
6.293984854 0.008859863 0.000000132 0.000000000 0.000039260 0.000004844 0.000000291 0.000000183 0.000000139 0.008815014 0.000000000 0.000000000
6.893411983 0.012709746 0.000040757 0.000003188 0.000052164 0.000124819 0.000000359 0.000000277 0.000000246 0.012487936 0.000000000 0.000000000
7.492839112 0.009109990 0.000310930 0.000040378 0.000067974 0.000119508 0.000000481 0.000000312 0.000000255 0.008570152 0.000000000 0.000000000
8.092266241 0.009170882 0.000146858 0.000084076 0.000088634 0.000035175 0.000000510 0.000000464 0.000000150 0.008815014 0.000000000 0.000000000
8.691693370 0.008405424 0.000057843 0.000062666 0.000125683 0.000077252 0.000000958 0.000000443 0.000000149 0.008080429 0.000000000 0.000000000
9.291120499 0.011664777 0.000115417 0.000037233 0.000142245 0.000102787 0.000002876 0.000000329 0.000000260 0.011263629 0.000000000 0.000000000
9.890547628 0.007704779 0.000142361 0.000039324 0.000143623 0.000024543 0.000008177 0.000000506 0.000000400 0.007345845 0.000000000 0.000000000
10.489974757 0.007456082 0.000143862 0.000074360 0.000117447 0.000006636 0.000011286 0.000000880 0.000000627 0.007100983 0.000000000 0.000000000
11.089401886 0.008472303 0.000170531 0.000121509 0.000078135 0.000007767 0.000010240 0.000003096 0.000000595 0.008080429 0.000000000 0.000000000
11.688829015 0.009152602 0.000142612 0.000097981 0.000060834 0.000017520 0.000008045 0.000009718 0.000000878 0.008815014 0.000000000 0.000000000
12.288256144 0.009712283 0.000106857 0.000183346 0.000064888 0.000031892 0.000006176 0.000012962 0.000001426 0.009304737 0.000000000 0.000000000
12.887683273 0.009493077 0.000066605 0.000217677 0.000078887 0.000048080 0.000005133 0.000011726 0.000005093 0.009059875 0.000000000 0.000000000
13.487110402 0.010697714 0.000019418 0.000179667 0.000085983 0.000096255 0.000006131 0.000009787 0.000016290 0.010284183 0.000000000 0.000000000
14.086537531 0.007530824 0.000002131 0.000162861 0.000081095 0.000133415 0.000009794 0.000006576 0.000033968 0.007100983 0.000000000 0.000000000
14.685964660 0.007475284 0.000011250 0.000098192 0.000067566 0.000096247 0.000016210 0.000009798 0.000075039 0.007100983 0.000000000 0.000000000
15.285391789 0.007981142 0.000061937 0.000054302 0.000064997 0.000064679 0.000028478 0.000022991 0.000093052 0.007590706 0.000000000 0.000000000
15.884818918 0.009761887 0.000094433 0.000048960 0.000070552 0.000083004 0.000047036 0.000038463 0.000074702 0.009304737 0.000000000 0.000000000
16.484246047 0.007764910 0.000116479 0.000069966 0.000140033 0.000144819 0.000079787 0.000059261 0.000053582 0.007100983 0.000000000 0.000000000
17.083673176 0.008309619 0.000140943 0.000107041 0.000195863 0.000245182 0.000119328 0.000114079 0.000041339 0.007345845 0.000000000 0.000000000
17.683100305 0.007674467 0.000157831 0.000134946 0.000084725 0.000324404 0.000123959 0.000187466 0.000049876 0.006611260 0.000000000 0.000000000
18.282527434 0.009614236 0.000170314 0.000168263 0.000080120 0.000230841 0.000116854 0.000195700 0.000081992 0.008570152 0.000000000 0.000000000
18.881954563 0.006884714 0.000148914 0.000168064 0.000106824 0.000173072 0.000140047 0.000124718 0.000146398 0.005876676 0.000000000 0.000000000
19.481381692 0.008248413 0.000109408 0.000097822 0.000114324 0.000162478 0.000142526 0.000092462 0.000183547 0.007345845 0.000000000 0.000000000
20.080808821 0.007155216 0.000149325 0.000050042 0.000100746 0.000145942 0.000104951 0.000079133 0.000158676 0.006366399 0.000000000 0.000000000
20.680235950 0.008196002 0.000227844 0.000084378 0.000118283 0.000123062 0.000071794 0.000092705 0.000132090 0.007345845 0.000000000 0.000000000
21.279663079 0.007136103 0.000222288 0.000103000 0.000258320 0.000158155 0.000057269 0.000097340 0.000118193 0.006121537 0.000000000 0.000000000
21.879090208 0.006041683 0.000190683 0.000151871 0.000341630 0.000220611 0.000050160 0.000094622 0.000094878 0.004897230 0.000000000 0.000000000
22.478517337 0.007175243 0.000100642 0.000244261 0.000268514 0.000264762 0.000044088 0.000077281 0.000054157 0.006121537 0.000000000 0.000000000
23.077944465 0.006468993 0.000087915 0.000170683 0.000221704 0.000242377 0.000044313 0.000052179 0.000018008 0.005631814 0.000000000 0.000000000
23.677371594 0.008135554 0.000133365 0.000174474 0.000239040 0.000151716 0.000057786 0.000027197 0.000006132 0.007345845 0.000000000 0.000000000
24.276798723 0.007192156 0.000149990 0.000269415 0.000232293 0.000093146 0.000062332 0.000013976 0.000004605 0.006366399 0.000000000 0.000000000
24.876225852 0.008380278 0.000211715 0.000399780 0.000214050 0.000120555 0.000072681 0.000009363 0.000006289 0.007345845 0.000000000 0.000000000
25.475652981 0.008246205 0.000317202 0.000380938 0.000201763 0.000123800 0.000101734 0.000011880 0.000007904 0.007100983 0.000000000 0.000000000
26.075080110 0.006747565 0.000381162 0.000315971 0.000181943 0.000087985 0.000093180 0.000046173 0.000009336 0.005631814 0.000000000 0.000000000
26.674507239 0.010169632 0.000319387 0.000351183 0.000136361 0.000113980 0.000048450 0.000114242 0.000026155 0.009059875 0.000000000 0.000000000
27.273934368 0.006453492 0.000280786 0.000275845 0.000079619 0.000203423 0.000027556 0.000083339 0.000115971 0.005386953 0.000000000 0.000000000
27.873361497 0.006150493 0.000261209 0.000118554 0.000075790 0.000258515 0.000046934 0.000025498 0.000221902 0.005142091 0.000000000 0.000000000
28.472788626 0.006886345 0.000204042 0.000053204 0.000094631 0.000263940 0.000104528 0.000061741 0.000227584 0.005876676 0.000000000 0.000000000
29.072215755 0.007146690 0.000141672 0.000037337 0.000110603 0.000256069 0.000115778 0.000186712 0.000176982 0.006121537 0.000000000 0.000000000
29.671642884 0.006738264 0.000149244 0.000030809 0.000145129 0.000239919 0.000163561 0.000226502 0.000151285 0.005631814 0.000000000 0.000000000
30.271070013 0.006347584 0.000117221 0.000037064 0.000202675 0.000208285 0.000219188 0.000279056 0.000142003 0.005142091 0.000000000 0.000000000
30.870497142 0.006951929 0.000135128 0.000074394 0.000289788 0.000186105 0.000248662 0.000272661 0.000113376 0.005631814 0.000000000 0.000000000
31.469924271 0.007369437 0.000233355 0.000180346 0.000373850 0.000164716 0.000231959 0.000176455 0.000132081 0.005876676 0.000000000 0.000000000
32.069351400 0.006306917 0.000219250 0.000327506 0.000409239 0.000192499 0.000208472 0.000121673 0.000175910 0.004652368 0.000000000 0.000000000
32.668778529 0.007618590 0.000117982 0.000457196 0.000506317 0.000189692 0.000199797 0.000131061 0.000139870 0.005876676 0.000000000 0.000000000
33.268205658 0.007917051 0.000072141 0.000532938 0.000489575 0.000233068 0.000171794 0.000161788 0.000134212 0.006121537 0.000000000 0.000000000
33.867632787 0.006515249 0.000148368 0.000542119 0.000392128 0.000365916 0.000137889 0.000132638 0.000143822 0.004652368 0.000000000 0.000000000
34.467059916 0.004777316 0.000255045 0.000466407 0.000315481 0.000243634 0.000112494 0.000104960 0.000096095 0.003183199 0.000000000 0.000000000
35.066487045 0.006231416 0.000341809 0.000318000 0.000240306 0.000142426 0.000110683 0.000102859 0.000078102 0.004897230 0.000000000 0.000000000
35.665914174 0.009408071 0.000347369 0.000241301 0.000197156 0.000232902 0.000115266 0.000111717 0.000081931 0.008080429 0.000000000 0.000000000
36.265341303 0.005338017 0.000255905 0.000221103 0.000226057 0.000367637 0.000123618 0.000117260 0.000108653 0.003917784 0.000000000 0.000000000
36.864768432 0.006541709 0.000128797 0.000208844 0.000273242 0.000301638 0.000167967 0.000132570 0.000186559 0.005142091 0.000000000 0.000000000
37.464195561 0.009335636 0.000114246 0.000116889 0.000249020 0.000160324 0.000182111 0.000186245 0.000246373 0.008080429 0.000000000 0.000000000
38.063622690 0.008342688 0.000215477 0.000087035 0.000167947 0.000151871 0.000155534 0.000171692 0.000292149 0.007100983 0.000000000 0.000000000
38.663049819 0.006339871 0.000330390 0.000162058 0.000128640 0.000175668 0.000194789 0.000184219 0.000266877 0.004897230 0.000000000 0.000000000
39.262476948 0.006040259 0.000433117 0.000257707 0.000101533 0.000178770 0.000249275 0.000174180 0.000238171 0.004407507 0.000000000 0.000000000
39.861904077 0.006789932 0.000421631 0.000277635 0.000082294 0.000196740 0.000215139 0.000226892 0.000227510 0.005142091 0.000000000 0.000000000
40.461331206 0.005902842 0.000271793 0.000187747 0.000134445 0.000163005 0.000180993 0.000341190 0.000216162 0.004407507 0.000000000 0.000000000
41.060758335 0.008558222 0.000180270 0.000046164 0.000237522 0.000180176 0.000172111 0.000386575 0.000254422 0.007100983 0.000000000 0.000000000
41.660185464 0.006446079 0.000160255 0.000027789 0.000300628 0.000245393 0.000175300 0.000306460 0.000333025 0.004897230 0.000000000 0.000000000
42.259612593 0.006600784 0.000202535 0.000041353 0.000275313 0.000180106 0.000198014 0.000230961 0.000330410 0.005142091 0.000000000 0.000000000
42.859039722 0.006936988 0.000254161 0.000076967 0.000229382 0.000106294 0.000211821 0.000187936 0.000238614 0.005631814 0.000000000 0.000000000
43.458466851 0.005334059 0.000163127 0.000121109 0.000191518 0.000229874 0.000173388 0.000153819 0.000138579 0.004162645 0.000000000 0.000000000
44.057893980 0.006014765 0.000130474 0.000205550 0.000132664 0.000357369 0.000137745 0.000102309 0.000051422 0.004897230 0.000000000 0.000000000
44.657321109 0.005287618 0.000240523 0.000282001 0.000076261 0.000330015 0.000112613 0.000049155 0.000034405 0.004162645 0.000000000 0.000000000
45.256748238 0.005997778 0.000301111 0.000276590 0.000069952 0.000292145 0.000092602 0.000022774 0.000045375 0.004897230 0.000000000 0.000000000
45.856175366 0.007822492 0.000139801 0.000205697 0.000130437 0.000348267 0.000079669 0.000020660 0.000041840 0.006856122 0.000000000 0.000000000
46.455602495 0.006755655 0.000055803 0.000098126 0.000227676 0.000341905 0.000063804 0.000034192 0.000057474 0.005876676 0.000000000 0.000000000
47.055029624 0.005840157 0.000039991 0.000092198 0.000209549 0.000187281 0.000043288 0.000040030 0.000085729 0.005142091 0.000000000 0.000000000
47.654456753 0.004835863 0.000046585 0.000135199 0.000159858 0.000092201 0.000038476 0.000066917 0.000133983 0.004162645 0.000000000 0.000000000
48.253883882 0.008554796 0.000072805 0.000193807 0.000102409 0.000103303 0.000041847 0.000059619 0.000145439 0.007835568 0.000000000 0.000000000
48.853311011 0.006489028 0.000140436 0.000266861 0.000075625 0.000122084 0.000054002 0.000088466 0.000109739 0.005631814 0.000000000 0.000000000
49.452738140 0.006389729 0.000171973 0.000312294 0.000079515 0.000118469 0.000081205 0.000140332 0.000098990 0.005386953 0.000000000 0.000000000
50.052165269 0.005308397 0.000162067 0.000379937 0.000114627 0.000100322 0.000106598 0.000163718 0.000118483 0.004162645 0.000000000 0.000000000
50.651592398 0.006587463 0.000154476 0.000308535 0.000171778 0.000099593 0.000130928 0.000196788 0.000138412 0.005386953 0.000000000 0.000000000
51.251019527 0.008482868 0.000180853 0.000126044 0.000240062 0.000141082 0.000168958 0.000171736 0.000108289 0.007345845 0.000000000 0.000000000
51.850446656 0.006351292 0.000523408 0.000055027 0.000320647 0.000272798 0.000162154 0.000082476 0.000037552 0.004897230 0.000000000 0.000000000
52.449873785 0.008491888 0.000227253 0.000068820 0.000283990 0.000381613 0.000111008 0.000058312 0.000015048 0.007345845 0.000000000 0.000000000
53.049300914 0.007258574 0.000205818 0.000088588 0.000151958 0.000287121 0.000107648 0.000035878 0.000015164 0.006366399 0.000000000 0.000000000
53.648728043 0.005505837 0.000180717 0.000105546 0.000104179 0.000276891 0.000117827 0.000041146 0.000027161 0.004652368 0.000000000 0.000000000
54.248155172 0.010435832 0.000162591 0.000158274 0.000120162 0.000243612 0.000110376 0.000054378 0.000036841 0.009549598 0.000000000 0.000000000
54.847582301 0.009773485 0.000135859 0.000262754 0.000165180 0.000228074 0.000089073 0.000047501 0.000030030 0.008815014 0.000000000 0.000000000
55.447009430 0.008859176 0.000129267 0.000294845 0.000190676 0.000261466 0.000075217 0.000044788 0.000027349 0.007835568 0.000000000 0.000000000
56.046436559 0.008680918 0.000170799 0.000283911 0.000230145 0.000212862 0.000083476 0.000067717 0.000041301 0.007590706 0.000000000 0.000000000
56.645863688 0.010201307 0.000191825 0.000310789 0.000236078 0.000148546 0.000082661 0.000101626 0.000069907 0.009059875 0.000000000 0.000000000
57.245290817 0.010340141 0.000096291 0.000276593 0.000182073 0.000160896 0.000069068 0.000115347 0.000135134 0.009304737 0.000000000 0.000000000
57.844717946 0.009510262 0.000112497 0.000187964 0.000127118 0.000121080 0.000066401 0.000101723 0.000223326 0.008570152 0.000000000 0.000000000
58.444145075 0.005785791 0.000169015 0.000104110 0.000116194 0.000091129 0.000068887 0.000135599 0.000203628 0.004897230 0.000000000 0.000000000
59.043572204 0.009735953 0.000171182 0.000059794 0.000137763 0.000176264 0.000081024 0.000164454 0.000130458 0.008815014 0.000000000 0.000000000
59.642999333 0.007757848 0.000214039 0.000078456 0.000128076 0.000328232 0.000099316 0.000117598 0.000180872 0.006611260 0.000000000 0.000000000
60.242426462 0.007311838 0.000263190 0.000145138 0.000086063 0.000306937 0.000112233 0.000080938 0.000195800 0.006121537 0.000000000 0.000000000
60.841853591 0.007024826 0.000240359 0.000205805 0.000105717 0.000182040 0.000139928 0.000135104 0.000139198 0.005876676 0.000000000 0.000000000
61.441280720 0.008338785 0.000285278 0.000226149 0.000148378 0.000105851 0.000215686 0.000129146 0.000127314 0.007100983 0.000000000 0.000000000
62.040707849 0.007888575 0.000351946 0.000106828 0.000172137 0.000099198 0.000215130 0.000165002 0.000167074 0.006611260 0.000000000 0.000000000
62.640134978 0.007480066 0.000362499 0.000041168 0.000235523 0.000154552 0.000182715 0.000194646 0.000187426 0.006121537 0.000000000 0.000000000
63.239562107 0.010543188 0.000355158 0.000079990 0.000364636 0.000153030 0.000168313 0.000191153 0.000171032 0.009059875 0.000000000 0.000000000
63.838989236 0.009586071 0.000094359 0.000207768 0.000398235 0.000083828 0.000169115 0.000190299 0.000117174 0.008325291 0.000000000 0.000000000
64.438416365 0.005172238 0.000097455 0.000343617 0.000326512 0.000042978 0.000187194 0.000162441 0.000094257 0.003917784 0.000000000 0.000000000
65.037843494 0.006048749 0.000115196 0.000293938 0.000269018 0.000031873 0.000158816 0.000151029 0.000131650 0.004897230 0.000000000 0.000000000
65.637270623 0.010528632 0.000046253 0.000239321 0.000201242 0.000030974 0.000129034 0.000187567 0.000144640 0.009549598 0.000000000 0.000000000
66.236697752 0.006373758 0.000008457 0.000219627 0.000163445 0.000032876 0.000131555 0.000231689 0.000199157 0.005386953 0.000000000 0.000000000
66.836124881 0.007162355 0.000011612 0.000169047 0.000166819 0.000063397 0.000144595 0.000223671 0.000261677 0.006121537 0.000000000 0.000000000
67.435552010 0.008741499 0.000050828 0.000169661 0.000183577 0.000133930 0.000160745 0.000171171 0.000280883 0.007590706 0.000000000 0.000000000
68.034979139 0.010935642 0.000126686 0.000245655 0.000168718 0.000240087 0.000185658 0.000170144 0.000249095 0.009549598 0.000000000 0.000000000
68.634406267 0.007293834 0.000122009 0.000201647 0.000123461 0.000310047 0.000219898 0.000213347 0.000226748 0.005876676 0.000000000 0.000000000
69.233833396 0.007656024 0.000146394 0.000086902 0.000090776 0.000320821 0.000212122 0.000226436 0.000206174 0.006366399 0.000000000 0.000000000
69.833260525 0.007763551 0.000370164 0.000040795 0.000087403 0.000297581 0.000232849 0.000184422 0.000183936 0.006366399 0.000000000 0.000000000
70.432687654 0.006592975 0.000261717 0.000027525 0.000090346 0.000168573 0.000263927 0.000160378 0.000233555 0.005386953 0.000000000 0.000000000
71.032114783 0.007986875 0.000255926 0.000032810 0.000097413 0.000079615 0.000232787 0.000213147 0.000219055 0.006856122 0.000000000 0.000000000
71.631541912 0.010732028 0.000269949 0.000068129 0.000112189 0.000080864 0.000222100 0.000273357 0.000155842 0.009549598 0.000000000 0.000000000
72.230969041 0.005051458 0.000130544 0.000154231 0.000111540 0.000106998 0.000246888 0.000238110 0.000145363 0.003917784 0.000000000 0.000000000
72.830396170 0.006557864 0.000130869 0.000193934 0.000082717 0.000136444 0.000261840 0.000207077 0.000158031 0.005386953 0.000000000 0.000000000
73.429823299 0.007818496 0.000139877 0.000268585 0.000069437 0.000158080 0.000255882 0.000191403 0.000123972 0.006611260 0.000000000 0.000000000
74.029250428 0.008220971 0.000094251 0.000303158 0.000098396 0.000141812 0.000220778 0.000160143 0.000101450 0.007100983 0.000000000 0.000000000
74.628677557 0.007900941 0.000078522 0.000251589 0.000166312 0.000087253 0.000178517 0.000148274 0.000134351 0.006856122 0.000000000 0.000000000
75.228104686 0.009354041 0.000117315 0.000147554 0.000230045 0.000062533 0.000141657 0.000125005 0.000204640 0.008325291 0.000000000 0.000000000
75.827531815 0.008763476 0.000156694 0.000132941 0.000295563 0.000092081 0.000102381 0.000128580 0.000264530 0.007590706 0.000000000 0.000000000
76.426958944 0.008336688 0.000148329 0.000127071 0.000294526 0.000162707 0.000082434 0.000167800 0.000252836 0.007100983 0.000000000 0.000000000
77.026386073 0.006244073 0.000065987 0.000110556 0.000223358 0.000204955 0.000095176 0.000200688 0.000201260 0.005142091 0.000000000 0.000000000
77.625813202 0.008842150 0.000019401 0.000108835 0.000165768 0.000194277 0.000131942 0.000209366 0.000176993 0.007835568 0.000000000 0.000000000
78.225240331 0.006386680 0.000029669 0.000084501 0.000119796 0.000158985 0.000174705 0.000229285 0.000202787 0.005386953 0.000000000 0.000000000
78.824667460 0.011322545 0.000079757 0.000057482 0.000080025 0.000120162 0.000212931 0.000243829 0.000244178 0.010284183 0.000000000 0.000000000
79.424094589 0.007184825 0.000133985 0.000052080 0.000063636 0.000115286 0.000235315 0.000233246 0.000229740 0.006121537 0.000000000 0.000000000
80.023521718 0.009134189 0.000207251 0.000057010 0.000058305 0.000113592 0.000244500 0.000185899 0.000187201 0.008080429 0.000000000 0.000000000
80.622948847 0.008485055 0.000386259 0.000063521 0.000072414 0.000111285 0.000232282 0.000152198 0.000121250 0.007345845 0.000000000 0.000000000
81.222375976 0.010228356 0.000147717 0.000092564 0.000113270 0.000128303 0.000211722 0.000158040 0.000072004 0.009304737 0.000000000 0.000000000
81.821803105 0.007763499 0.000117890 0.000116416 0.000157575 0.000136231 0.000172390 0.000146023 0.000060854 0.006856122 0.000000000 0.000000000
82.421230234 0.007196293 0.000076019 0.000132859 0.000165878 0.000126056 0.000134684 0.000126858 0.000067542 0.006366399 0.000000000 0.000000000
83.020657363 0.008124053 0.000054638 0.000160238 0.000153767 0.000131358 0.000109190 0.000095972 0.000073045 0.007345845 0.000000000 0.000000000
83.620084492 0.009881738 0.000122237 0.000193323 0.000130027 0.000138599 0.000095818 0.000063909 0.000077950 0.009059875 0.000000000 0.000000000
84.219511621 0.008171968 0.000177857 0.000177718 0.000119635 0.000123323 0.000093216 0.000049813 0.000084562 0.007345845 0.000000000 0.000000000
84.818938750 0.010070312 0.000150297 0.000154841 0.000135084 0.000128459 0.000084112 0.000048101 0.000064683 0.009304737 0.000000000 0.000000000
85.418365879 0.008637500 0.000146558 0.000162608 0.000155588 0.000159468 0.000067827 0.000054222 0.000055660 0.007835568 0.000000000 0.000000000
86.017793008 0.004065021 0.000111528 0.000199948 0.000181646 0.000205359 0.000053395 0.000065250 0.000064695 0.003183199 0.000000000 0.000000000
86.617220137 0.001067643 0.000096487 0.000243648 0.000247646 0.000261476 0.000051777 0.000069398 0.000097211 0.000000000 0.000000000 0.000000000
87.216647266 0.001341355 0.000129277 0.000331776 0.000288771 0.000312521 0.000066862 0.000071464 0.000140683 0.000000000 0.000000000 0.000000000
87.816074395 0.001529008 0.000178790 0.000319433 0.000294114 0.000378480 0.000091919 0.000095027 0.000171244 0.000000000 0.000000000 0.000000000
88.415501524 0.001730052 0.000255755 0.000294542 0.000327499 0.000397102 0.000117521 0.000145395 0.000192238 0.000000000 0.000000000 0.000000000
89.014928653 0.001968912 0.000315451 0.000308519 0.000356039 0.000395875 0.000169340 0.000202097 0.000221590 0.000000000 0.000000000 0.000000000
89.614355782 0.002116649 0.000331643 0.000301854 0.000377849 0.000411296 0.000231521 0.000231405 0.000231081 0.000000000 0.000000000 0.000000000
90.213782911 0.002558151 0.000446603 0.000353387 0.000463962 0.000444551 0.000282151 0.000295345 0.000272152 0.000000000 0.000000000 0.000000000
90.813210040 0.003364212 0.000634038 0.000586447 0.000594962 0.000619086 0.000303510 0.000326154 0.000300014 0.000000000 0.000000000 0.000000000
91.412637168 0.003765300 0.000737318 0.000712522 0.000604859 0.000793921 0.000313904 0.000305256 0.000297519 0.000000000 0.000000000 0.000000000
92.012064297 0.003561214 0.000774902 0.000670170 0.000480834 0.000785125 0.000314997 0.000262425 0.000272761 0.000000000 0.000000000 0.000000000
92.611491426 0.003091255 0.000761013 0.000599913 0.000366274 0.000590037 0.000296449 0.000263078 0.000214491 0.000000000 0.000000000 0.000000000
93.210918555 0.002598435 0.000668666 0.000519787 0.000319945 0.000414110 0.000249485 0.000268412 0.000158031 0.000000000 0.000000000 0.000000000
93.810345684 0.002208807 0.000551450 0.000419283 0.000322294 0.000317572 0.000195992 0.000257851 0.000144364 0.000000000 0.000000000 0.000000000
94.409772813 0.002061293 0.000487543 0.000379490 0.000363909 0.000292153 0.000172794 0.000207029 0.000158375 0.000000000 0.000000000 0.000000000
95.009199942 0.002209057 0.000499090 0.000424370 0.000415153 0.000341810 0.000188540 0.000157060 0.000183033 0.000000000 0.000000000 0.000000000
95.608627071 0.002417262 0.000452403 0.000509710 0.000437797 0.000441755 0.000202845 0.000139212 0.000233540 0.000000000 0.000000000 0.000000000
96.208054200 0.002614668 0.000405774 0.000597825 0.000439987 0.000555119 0.000178233 0.000145051 0.000292678 0.000000000 0.000000000 0.000000000
96.807481329 0.002684479 0.000401046 0.000553498 0.000435880 0.000652964 0.000147672 0.000168165 0.000325254 0.000000000 0.000000000 0.000000000
97.406908458 0.002652068 0.000394518 0.000426745 0.000466156 0.000693603 0.000142866 0.000197518 0.000330661 0.000000000 0.000000000 0.000000000
98.006335587 0.002672987 0.000366049 0.000402856 0.000521023 0.000613162 0.000169398 0.000263679 0.000336821 0.000000000 0.000000000 0.000000000
98.605762716 0.002861844 0.000421450 0.000460184 0.000600348 0.000506095 0.000211369 0.000325302 0.000337095 0.000000000 0.000000000 0.000000000
99.205189845 0.003020655 0.000511978 0.000486422 0.000635346 0.000426858 0.000268182 0.000373269 0.000318600 0.000000000 0.000000000 0.000000000
99.804616974 0.003042901 0.000524899 0.000462780 0.000626353 0.000415190 0.000333192 0.000378054 0.000302433 0.000000000 0.000000000 0.000000000
100.404044103 0.003015190 0.000461535 0.000490397 0.000587952 0.000434034 0.000398045 0.000361168 0.000282058 0.000000000 0.000000000 0.000000000
101.003471232 0.002833733 0.000361883 0.000474699 0.000549698 0.000430311 0.000442704 0.000336593 0.000237843 0.000000000 0.000000000 0.000000000
101.602898361 0.002739355 0.000324007 0.000448828 0.000525635 0.000460284 0.000439985 0.000341089 0.000199527 0.000000000 0.000000000 0.000000000
102.202325490 0.002744659 0.000408380 0.000436393 0.000524085 0.000454511 0.000397747 0.000325681 0.000197861 0.000000000 0.000000000 0.000000000
102.801752619 0.002677882 0.000504385 0.000433980 0.000529667 0.000391772 0.000351739 0.000266493 0.000199845 0.000000000 0.000000000 0.000000000
103.401179748 0.002716395 0.000631817 0.000481758 0.000539407 0.000333880 0.000293643 0.000229281 0.000206609 0.000000000 0.000000000 0.000000000
104.000606877 0.002806915 0.000718466 0.000555650 0.000547372 0.000339362 0.000220274 0.000201512 0.000224278 0.000000000 0.000000000 0.000000000
104.600034006 0.002846433 0.000698114 0.000616288 0.000564881 0.000387749 0.000158555 0.000189379 0.000231466 0.000000000 0.000000000 0.000000000
105.199461135 0.002839783 0.000658489 0.000594298 0.000564925 0.000468093 0.000127954 0.000178493 0.000247529 0.000000000 0.000000000 0.000000000
105.798888264 0.002723614 0.000535048 0.000597153 0.000539528 0.000508497 0.000113181 0.000165896 0.000264313 0.000000000 0.000000000 0.000000000
106.398315393 0.002643348 0.000439645 0.000616359 0.000502525 0.000515651 0.000116020 0.000163397 0.000289751 0.000000000 0.000000000 0.000000000
106.997742522 0.002573803 0.000445996 0.000575445 0.000469408 0.000497722 0.000135093 0.000185740 0.000264399 0.000000000 0.000000000 0.000000000
107.597169651 0.002502097 0.000474686 0.000502694 0.000464500 0.000476420 0.000165503 0.000210449 0.000207846 0.000000000 0.000000000 0.000000000
108.196596780 0.002502684 0.000464056 0.000479578 0.000483408 0.000488212 0.000209230 0.000217108 0.000161093 0.000000000 0.000000000 0.000000000
108.796023909 0.002460155 0.000418298 0.000429526 0.000526605 0.000468147 0.000239129 0.000231144 0.000147305 0.000000000 0.000000000 0.000000000
109.395451038 0.002422282 0.000414353 0.000384269 0.000561182 0.000443057 0.000249560 0.000217360 0.000152500 0.000000000 0.000000000 0.000000000
109.994878167 0.002451083 0.000426060 0.000395808 0.000551408 0.000473535 0.000240877 0.000195478 0.000167917 0.000000000 0.000000000 0.000000000
110.594305296 0.002539642 0.000455306 0.000424438 0.000498842 0.000571991 0.000231114 0.000185815 0.000172138 0.000000000 0.000000000 0.000000000
111.193732425 0.002579840 0.000484745 0.000444542 0.000458846 0.000657162 0.000193321 0.000168127 0.000173098 0.000000000 0.000000000 0.000000000
111.793159554 0.002602465 0.000495901 0.000497428 0.000449810 0.000686273 0.000161806 0.000141911 0.000169334 0.000000000 0.000000000 0.000000000
112.392586683 0.002688219 0.000518336 0.000566384 0.000442374 0.000696920 0.000150819 0.000141800 0.000171587 0.000000000 0.000000000 0.000000000
112.992013812 0.002717095 0.000519689 0.000563402 0.000449323 0.000677212 0.000167521 0.000168580 0.000171369 0.000000000 0.000000000 0.000000000
113.591440940 0.002703827 0.000549144 0.000529257 0.000467581 0.000640924 0.000184352 0.000172653 0.000159917 0.000000000 0.000000000 0.000000000
114.190868069 0.002582232 0.000564788 0.000453051 0.000469541 0.000587589 0.000198049 0.000170432 0.000138782 0.000000000 0.000000000 0.000000000
114.790295198 0.002555935 0.000590957 0.000437194 0.000457821 0.000545723 0.000231068 0.000173237 0.000119936 0.000000000 0.000000000 0.000000000
115.389722327 0.002572143 0.000569712 0.000484444 0.000460177 0.000474298 0.000257213 0.000205755 0.000120545 0.000000000 0.000000000 0.000000000
115.989149456 0.002598944 0.000503418 0.000558632 0.000487998 0.000406272 0.000264322 0.000230202 0.000148099 0.000000000 0.000000000 0.000000000
116.588576585 0.002573830 0.000419760 0.000634121 0.000519764 0.000359300 0.000260709 0.000217386 0.000162791 0.000000000 0.000000000 0.000000000
117.188003714 0.002579613 0.000351016 0.000648232 0.000570132 0.000376848 0.000256186 0.000202285 0.000174916 0.000000000 0.000000000 0.000000000
117.787430843 0.002656120 0.000344302 0.000621464 0.000616103 0.000419003 0.000244929 0.000209535 0.000200785 0.000000000 0.000000000 0.000000000
118.386857972 0.002677654 0.000418688 0.000553099 0.000642174 0.000391136 0.000213863 0.000245351 0.000213343 0.000000000 0.000000000 0.000000000
118.986285101 0.002720381 0.000534044 0.000531239 0.000650127 0.000376715 0.000192344 0.000240370 0.000195542 0.000000000 0.000000000 0.000000000
119.585712230 0.002697160 0.000601381 0.000540560 0.000618967 0.000388769 0.000149902 0.000208072 0.000189509 0.000000000 0.000000000 0.000000000
120.185139359 0.002600050 0.000585199 0.000524788 0.000581472 0.000417690 0.000112676 0.000171909 0.000206314 0.000000000 0.000000000 0.000000000
120.784566488 0.002528757 0.000589488 0.000491910 0.000548431 0.000457605 0.000095698 0.000134330 0.000211295 0.000000000 0.000000000 0.000000000
121.383993617 0.002556449 0.000614638 0.000493001 0.000536588 0.000520237 0.000105958 0.000095421 0.000190605 0.000000000 0.000000000 0.000000000
121.983420746 0.002640799 0.000627951 0.000532329 0.000557039 0.000595894 0.000120872 0.000070195 0.000136519 0.000000000 0.000000000 0.000000000
122.582847875 0.002619417 0.000561848 0.000546541 0.000547580 0.000671899 0.000110133 0.000069196 0.000112221 0.000000000 0.000000000 0.000000000
123.182275004 0.002434472 0.000461620 0.000491187 0.000501939 0.000680932 0.000095403 0.000097639 0.000105751 0.000000000 0.000000000 0.000000000
123.781702133 0.002250711 0.000429058 0.000414653 0.000429939 0.000630357 0.000094447 0.000135454 0.000116803 0.000000000 0.000000000 0.000000000
124.381129262 0.002208120 0.000468200 0.000388127 0.000356915 0.000609530 0.000107781 0.000155272 0.000122296 0.000000000 0.000000000 0.000000000
124.980556391 0.002269830 0.000581831 0.000363445 0.000347631 0.000584964 0.000118406 0.000148840 0.000124713 0.000000000 0.000000000 0.000000000
125.579983520 0.002336261 0.000662209 0.000352216 0.000372533 0.000549958 0.000133633 0.000126539 0.000139174 0.000000000 0.000000000 0.000000000
126.179410649 0.002400069 0.000661769 0.000402321 0.000417429 0.000495270 0.000134703 0.000113113 0.000175463 0.000000000 0.000000000 0.000000000
126.778837778 0.002480482 0.000570414 0.000508884 0.000474251 0.000507094 0.000131552 0.000107538 0.000180751 0.000000000 0.000000000 0.000000000
127.378264907 0.002483790 0.000431403 0.000609299 0.000507550 0.000518638 0.000123391 0.000119039 0.000174470 0.000000000 0.000000000 0.000000000
127.977692036 0.002581303 0.000418594 0.000690072 0.000506743 0.000527233 0.000130305 0.000137736 0.000170620 0.000000000 0.000000000 0.000000000
128.577119165 0.002658668 0.000470667 0.000667765 0.000487433 0.000528244 0.000140992 0.000175999 0.000187569 0.000000000 0.000000000 0.000000000
129.176546294 0.002705527 0.000479597 0.000603863 0.000472392 0.000540131 0.000160185 0.000224551 0.000224809 0.000000000 0.000000000 0.000000000
129.775973423 0.002696988 0.000407755 0.000557323 0.000455946 0.000567327 0.000199377 0.000253041 0.000256220 0.000000000 0.000000000 0.000000000
130.375400552 0.002713999 0.000356768 0.000528031 0.000447966 0.000578585 0.000256937 0.000271848 0.000273865 0.000000000 0.000000000 0.000000000
130.974827681 0.002815099 0.000423106 0.000520594 0.000452545 0.000531137 0.000325362 0.000289600 0.000272755 0.000000000 0.000000000 0.000000000
131.574254810 0.002948112 0.000549571 0.000523706 0.000462727 0.000470674 0.000360195 0.000311689 0.000269549 0.000000000 0.000000000 0.000000000
132.173681939 0.002913881 0.000556185 0.000510015 0.000459389 0.000440470 0.000353128 0.000324066 0.000270628 0.000000000 0.000000000 0.000000000
132.773109068 0.002753701 0.000468049 0.000434989 0.000450860 0.000460914 0.000312409 0.000336189 0.000290291 0.000000000 0.000000000 0.000000000
133.372536197 0.002579521 0.000365866 0.000369179 0.000454755 0.000477683 0.000270123 0.000329462 0.000312453 0.000000000 0.000000000 0.000000000
133.971963326 0.002539137 0.000353752 0.000329260 0.000482119 0.000460729 0.000254155 0.000320181 0.000338942 0.000000000 0.000000000 0.000000000
134.571390455 0.002643846 0.000424654 0.000333493 0.000526530 0.000429348 0.000269022 0.000316623 0.000344175 0.000000000 0.000000000 0.000000000
135.170817584 0.002809487 0.000561137 0.000361070 0.000573497 0.000392338 0.000290909 0.000302320 0.000328216 0.000000000 0.000000000 0.000000000
135.770244713 0.002939134 0.000672788 0.000403690 0.000607257 0.000371113 0.000302087 0.000278138 0.000304062 0.000000000 0.000000000 0.000000000
136.369671841 0.002881118 0.000699946 0.000427439 0.000574401 0.000361890 0.000284389 0.000243797 0.000289256 0.000000000 0.000000000 0.000000000
136.969098970 0.002788576 0.000641545 0.000467736 0.000525950 0.000373162 0.000251691 0.000214220 0.000314272 0.000000000 0.000000000 0.000000000
137.568526099 0.002749831 0.000550727 0.000532388 0.000511513 0.000395245 0.000215773 0.000204486 0.000339698 0.000000000 0.000000000 0.000000000
138.167953228 0.002769599 0.000477540 0.000604652 0.000528909 0.000394663 0.000207201 0.000214472 0.000342162 0.000000000 0.000000000 0.000000000
138.767380357 0.002813135 0.000490187 0.000605905 0.000542694 0.000391241 0.000219570 0.000262068 0.000301470 0.000000000 0.000000000 0.000000000
139.366807486 0.002851405 0.000490151 0.000620073 0.000539529 0.000379658 0.000252139 0.000321876 0.000247978 0.000000000 0.000000000 0.000000000
139.966234615 0.002870280 0.000483558 0.000643529 0.000539355 0.000375714 0.000284788 0.000333945 0.000209392 0.000000000 0.000000000 0.000000000
140.565661744 0.002919966 0.000453472 0.000663791 0.000550162 0.000413371 0.000300942 0.000339936 0.000198293 0.000000000 0.000000000 0.000000000
141.165088873 0.002913505 0.000403796 0.000601469 0.000609098 0.000465645 0.000301594 0.000323598 0.000208307 0.000000000 0.000000000 0.000000000
141.764516002 0.002862748 0.000379653 0.000528851 0.000655058 0.000509530 0.000286760 0.000286289 0.000216607 0.000000000 0.000000000 0.000000000
142.363943131 0.002793140 0.000384809 0.000492675 0.000658159 0.000548166 0.000267975 0.000221551 0.000219804 0.000000000 0.000000000 0.000000000
142.963370260 0.002759713 0.000483350 0.000477922 0.000625285 0.000559629 0.000237949 0.000167891 0.000207687 0.000000000 0.000000000 0.000000000
143.562797389 0.002640832 0.000550278 0.000455046 0.000551710 0.000542460 0.000203345 0.000128900 0.000209093 0.000000000 0.000000000 0.000000000
144.162224518 0.002559818 0.000580334 0.000450062 0.000465639 0.000526661 0.000186994 0.000126943 0.000223185 0.000000000 0.000000000 0.000000000
144.761651647 0.002518242 0.000559011 0.000453044 0.000447952 0.000501356 0.000183209 0.000156292 0.000217378 0.000000000 0.000000000 0.000000000
145.361078776 0.002493738 0.000505287 0.000452167 0.000483519 0.000481057 0.000204434 0.000177165 0.000190108 0.000000000 0.000000000 0.000000000
145.960505905 0.002619772 0.000504551 0.000462289 0.000519240 0.000516588 0.000229944 0.000207624 0.000179537 0.000000000 0.000000000 0.000000000
146.559933034 0.002717130 0.000533777 0.000463199 0.000492067 0.000538302 0.000260282 0.000251425 0.000178077 0.000000000 0.000000000 0.000000000
147.159360163 0.002727771 0.000557181 0.000468655 0.000426680 0.000538704 0.000273550 0.000283170 0.000179831 0.000000000 0.000000000 0.000000000
147.758787292 0.002710738 0.000583210 0.000450612 0.000392126 0.000518005 0.000270253 0.000303096 0.000193437 0.000000000 0.000000000 0.000000000
148.358214421 0.002771448 0.000549205 0.000492579 0.000394435 0.000525696 0.000288057 0.000287940 0.000233536 0.000000000 0.000000000 0.000000000
148.957641550 0.002806089 0.000461271 0.000503512 0.000439768 0.000520598 0.000296584 0.000289935 0.000294420 0.000000000 0.000000000 0.000000000
149.557068679 0.002775655 0.000400436 0.000493188 0.000477442 0.000506386 0.000278808 0.000282803 0.000336592 0.000000000 0.000000000 0.000000000
150.156495808 0.002736637 0.000427154 0.000472756 0.000460434 0.000508194 0.000252845 0.000274830 0.000340424 0.000000000 0.000000000 0.000000000
150.755922937 0.002651970 0.000417262 0.000449019 0.000412292 0.000541227 0.000237818 0.000275392 0.000318961 0.000000000 0.000000000 0.000000000
151.355350066 0.002539861 0.000371400 0.000455041 0.000393110 0.000562535 0.000222246 0.000263508 0.000272019 0.000000000 0.000000000 0.000000000
151.954777195 0.002539480 0.000358327 0.000462824 0.000444746 0.000573709 0.000213242 0.000244773 0.000241858 0.000000000 0.000000000 0.000000000
152.554204324 0.002717057 0.000426493 0.000469082 0.000554114 0.000586366 0.000221944 0.000246444 0.000212614 0.000000000 0.000000000 0.000000000
153.153631453 0.002869082 0.000485919 0.000454342 0.000670502 0.000586588 0.000220465 0.000244220 0.000207044 0.000000000 0.000000000 0.000000000
153.753058582 0.002856627 0.000523425 0.000467494 0.000728040 0.000512548 0.000205646 0.000215513 0.000203960 0.000000000 0.000000000 0.000000000
154.352485711 0.002722325 0.000546913 0.000507100 0.000676326 0.000412731 0.000204227 0.000181539 0.000193489 0.000000000 0.000000000 0.000000000
154.951912840 0.002581127 0.000522219 0.000547475 0.000601449 0.000361971 0.000211733 0.000153009 0.000183272 0.000000000 0.000000000 0.000000000
155.551339969 0.002509902 0.000527298 0.000516296 0.000530086 0.000378247 0.000226414 0.000152627 0.000178933 0.000000000 0.000000000 0.000000000
156.150767098 0.002574172 0.000574792 0.000517620 0.000519828 0.000390643 0.000240697 0.000151807 0.000178786 0.000000000 0.000000000 0.000000000
156.750194227 0.002676075 0.000642399 0.000566652 0.000516999 0.000388739 0.000215486 0.000156938 0.000188861 0.000000000 0.000000000 0.000000000
157.349621356 0.002725123 0.000621592 0.000637010 0.000507253 0.000387290 0.000187857 0.000191014 0.000193107 0.000000000 0.000000000 0.000000000
157.949048485 0.002664147 0.000561230 0.000618890 0.000490442 0.000377516 0.000173779 0.000243737 0.000198554 0.000000000 0.000000000 0.000000000
158.548475614 0.002611323 0.000540932 0.000565662 0.000491428 0.000369458 0.000175197 0.000263288 0.000205358 0.000000000 0.000000000 0.000000000
159.147902742 0.002529097 0.000530970 0.000473292 0.000463681 0.000406174 0.000186894 0.000246351 0.000221736 0.000000000 0.000000000 0.000000000
159.747329871 0.002549723 0.000526967 0.000432155 0.000447627 0.000446825 0.000208671 0.000230859 0.000256620 0.000000000 0.000000000 0.000000000
160.346757000 0.002694826 0.000512369 0.000503743 0.000447150 0.000504393 0.000222760 0.000221104 0.000283306 0.000000000 0.000000000 0.000000000
160.946184129 0.002787122 0.000492378 0.000521716 0.000463670 0.000591146 0.000234152 0.000230694 0.000253366 0.000000000 0.000000000 0.000000000
161.545611258 0.002678308 0.000397468 0.000501407 0.000449527 0.000625991 0.000249558 0.000231293 0.000223064 0.000000000 0.000000000 0.000000000
162.145038387 0.002529960 0.000320369 0.000462401 0.000424929 0.000653657 0.000256638 0.000206856 0.000205110 0.000000000 0.000000000 0.000000000
162.744465516 0.002504295 0.000338597 0.000483457 0.000397074 0.000660109 0.000241359 0.000195509 0.000188191 0.000000000 0.000000000 0.000000000
163.343892645 0.002584104 0.000424818 0.000546112 0.000390721 0.000582370 0.000235199 0.000202922 0.000201962 0.000000000 0.000000000 0.000000000
163.943319774 0.002763700 0.000511802 0.000557024 0.000442490 0.000530648 0.000247384 0.000227520 0.000246832 0.000000000 0.000000000 0.000000000
164.542746903 0.002920014 0.000548105 0.000542167 0.000470724 0.000500296 0.000275719 0.000263921 0.000319083 0.000000000 0.000000000 0.000000000
165.142174032 0.002839789 0.000496143 0.000457864 0.000480554 0.000460712 0.000292608 0.000302641 0.000349268 0.000000000 0.000000000 0.000000000
165.741601161 0.002678659 0.000458587 0.000349802 0.000444647 0.000465946 0.000293960 0.000346827 0.000318889 0.000000000 0.000000000 0.000000000
166.341028290 0.002652346 0.000458909 0.000315037 0.000381325 0.000530456 0.000296002 0.000399304 0.000271311 0.000000000 0.000000000 0.000000000
166.940455419 0.002709724 0.000470070 0.000354853 0.000328530 0.000624265 0.000302303 0.000371005 0.000258699 0.000000000 0.000000000 0.000000000
167.539882548 0.002704750 0.000451090 0.000417369 0.000299544 0.000660387 0.000300924 0.000285778 0.000289658 0.000000000 0.000000000 0.000000000
168.139309677 0.002581954 0.000446856 0.000423071 0.000272500 0.000595568 0.000268104 0.000242428 0.000333428 0.000000000 0.000000000 0.000000000
168.738736806 0.002488611 0.000481117 0.000418982 0.000272966 0.000515995 0.000230248 0.000227146 0.000342157 0.000000000 0.000000000 0.000000000
169.338163935 0.002434597 0.000511427 0.000373890 0.000332316 0.000449454 0.000219241 0.000224306 0.000323963 0.000000000 0.000000000 0.000000000
169.937591064 0.002509829 0.000503729 0.000341564 0.000402483 0.000476206 0.000235452 0.000248475 0.000301920 0.000000000 0.000000000 0.000000000
170.537018193 0.002619811 0.000476382 0.000348194 0.000460219 0.000510354 0.000253800 0.000282839 0.000288023 0.000000000 0.000000000 0.000000000
171.136445322 0.002763327 0.000473068 0.000412406 0.000492670 0.000540596 0.000254697 0.000295531 0.000294360 0.000000000 0.000000000 0.000000000
171.735872451 0.002936904 0.000513175 0.000490341 0.000517191 0.000580447 0.000239651 0.000271429 0.000324670 0.000000000 0.000000000 0.000000000
172.335299580 0.003064037 0.000555867 0.000588413 0.000529840 0.000543613 0.000242270 0.000261199 0.000342834 0.000000000 0.000000000 0.000000000
172.934726709 0.003051628 0.000571025 0.000596161 0.000544579 0.000475706 0.000243874 0.000290939 0.000329343 0.000000000 0.000000000 0.000000000
173.534153838 0.002852135 0.000515464 0.000534463 0.000517379 0.000423762 0.000237519 0.000327104 0.000296445 0.000000000 0.000000000 0.000000000
174.133580967 0.002589523 0.000419782 0.000496690 0.000444472 0.000372117 0.000256176 0.000313563 0.000286723 0.000000000 0.000000000 0.000000000
174.733008096 0.002537114 0.000414912 0.000501052 0.000394437 0.000375217 0.000285351 0.000263485 0.000302660 0.000000000 0.000000000 0.000000000
175.332435225 0.002629682 0.000483565 0.000513890 0.000405433 0.000415224 0.000290684 0.000226174 0.000294713 0.000000000 0.000000000 0.000000000
175.931862354 0.002743455 0.000553057 0.000526974 0.000440876 0.000487568 0.000251543 0.000234896 0.000248542 0.000000000 0.000000000 0.000000000
176.531289483 0.002763639 0.000520381 0.000566547 0.000476008 0.000540488 0.000212892 0.000250086 0.000197237 0.000000000 0.000000000 0.000000000
177.130716612 0.002710328 0.000453159 0.000560349 0.000534375 0.000534234 0.000218236 0.000260223 0.000149750 0.000000000 0.000000000 0.000000000
177.730143741 0.002582212 0.000440613 0.000501056 0.000550774 0.000491662 0.000252382 0.000224903 0.000120823 0.000000000 0.000000000 0.000000000
178.329570870 0.002607570 0.000516581 0.000461067 0.000543202 0.000486020 0.000286679 0.000175454 0.000138566 0.000000000 0.000000000 0.000000000
178.928997999 0.002766390 0.000569815 0.000497133 0.000551347 0.000494586 0.000297417 0.000163622 0.000192471 0.000000000 0.000000000 0.000000000
179.528425128 0.002748907 0.000489897 0.000542245 0.000555708 0.000466366 0.000283565 0.000196628 0.000214499 0.000000000 0.000000000 0.000000000
180.127852257 0.002638029 0.000371984 0.000562397 0.000545333 0.000444144 0.000249546 0.000235049 0.000229576 0.000000000 0.000000000 0.000000000
180.727279386 0.002576678 0.000373305 0.000535256 0.000525691 0.000420436 0.000224486 0.000268968 0.000228535 0.000000000 0.000000000 0.000000000
181.326706515 0.002573075 0.000434294 0.000461556 0.000552799 0.000429833 0.000193129 0.000252354 0.000249109 0.000000000 0.000000000 0.000000000
181.926133643 0.002602017 0.000468099 0.000402017 0.000546593 0.000466314 0.000193273 0.000240581 0.000285140 0.000000000 0.000000000 0.000000000
182.525560772 0.002706172 0.000506104 0.000425586 0.000510010 0.000530416 0.000218685 0.000233018 0.000282352 0.000000000 0.000000000 0.000000000
183.124987901 0.002748896 0.000522317 0.000473148 0.000485228 0.000584616 0.000247719 0.000216339 0.000219529 0.000000000 0.000000000 0.000000000
183.724415030 0.002700322 0.000506153 0.000469480 0.000479948 0.000604342 0.000263537 0.000222708 0.000154154 0.000000000 0.000000000 0.000000000
184.323842159 0.002761413 0.000539734 0.000438449 0.000516497 0.000615032 0.000268420 0.000260570 0.000122711 0.000000000 0.000000000 0.000000000
184.923269288 0.002867704 0.000597588 0.000455807 0.000565764 0.000563354 0.000267172 0.000280378 0.000137640 0.000000000 0.000000000 0.000000000
185.522696417 0.002877002 0.000604099 0.000518339 0.000583346 0.000468629 0.000267288 0.000240966 0.000194336 0.000000000 0.000000000 0.000000000
186.122123546 0.002808729 0.000573663 0.000565132 0.000554050 0.000410041 0.000271077 0.000192494 0.000242273 0.000000000 0.000000000 0.000000000
186.721550675 0.002655142 0.000479803 0.000607105 0.000499975 0.000375123 0.000277518 0.000159963 0.000255656 0.000000000 0.000000000 0.000000000
187.320977804 0.002456337 0.000415683 0.000580397 0.000446790 0.000360531 0.000253399 0.000171165 0.000228370 0.000000000 0.000000000 0.000000000
187.920404933 0.002372322 0.000436824 0.000495063 0.000398521 0.000418184 0.000219510 0.000213306 0.000190913 0.000000000 0.000000000 0.000000000
188.519832062 0.002536887 0.000490630 0.000468793 0.000395273 0.000512312 0.000215724 0.000270275 0.000183879 0.000000000 0.000000000 0.000000000
189.119259191 0.002671887 0.000472722 0.000453691 0.000411948 0.000570174 0.000247063 0.000292290 0.000223999 0.000000000 0.000000000 0.000000000
189.718686320 0.002770839 0.000401838 0.000431482 0.000447028 0.000576271 0.000306997 0.000322760 0.000284463 0.000000000 0.000000000 0.000000000
190.318113449 0.002911569 0.000316187 0.000405422 0.000481649 0.000593398 0.000385951 0.000369001 0.000359962 0.000000000 0.000000000 0.000000000
190.917540578 0.003012019 0.000246125 0.000449446 0.000490683 0.000609284 0.000422918 0.000385486 0.000408078 0.000000000 0.000000000 0.000000000
191.516967707 0.003002112 0.000270589 0.000500272 0.000470084 0.000574141 0.000386053 0.000374727 0.000426245 0.000000000 0.000000000 0.000000000
192.116394836 0.002952577 0.000405115 0.000517389 0.000469290 0.000503435 0.000301347 0.000338714 0.000417286 0.000000000 0.000000000 0.000000000
192.715821965 0.003027126 0.000618309 0.000536634 0.000452873 0.000461117 0.000248378 0.000304665 0.000405150 0.000000000 0.000000000 0.000000000
193.315249094 0.002899603 0.000674304 0.000439290 0.000401046 0.000478462 0.000245725 0.000288537 0.000372239 0.000000000 0.000000000 0.000000000
193.914676223 0.002665880 0.000568204 0.000330968 0.000367578 0.000473167 0.000275476 0.000324976 0.000325510 0.000000000 0.000000000 0.000000000
194.514103352 0.002582051 0.000528252 0.000331203 0.000358134 0.000420297 0.000316494 0.000343241 0.000284429 0.000000000 0.000000000 0.000000000
195.113530481 0.002596937 0.000510921 0.000432676 0.000353019 0.000397796 0.000355465 0.000320590 0.000226470 0.000000000 0.000000000 0.000000000
195.712957610 0.002681668 0.000485796 0.000529710 0.000407115 0.000397993 0.000365122 0.000310131 0.000185801 0.000000000 0.000000000 0.000000000
196.312384739 0.002793205 0.000490880 0.000557417 0.000542608 0.000374023 0.000338450 0.000308122 0.000181706 0.000000000 0.000000000 0.000000000
196.911811868 0.002933905 0.000531610 0.000525675 0.000706184 0.000395010 0.000279471 0.000297033 0.000198921 0.000000000 0.000000000 0.000000000
197.511238997 0.003064262 0.000574342 0.000511757 0.000789297 0.000450554 0.000236981 0.000273012 0.000228319 0.000000000 0.000000000 0.000000000
198.110666126 0.003124661 0.000551163 0.000508962 0.000874505 0.000437700 0.000229942 0.000249778 0.000272610 0.000000000 0.000000000 0.000000000
198.710093255 0.003050741 0.000521714 0.000483100 0.000996212 0.000301750 0.000234968 0.000230048 0.000282948 0.000000000 0.000000000 0.000000000
199.309520384 0.002923524 0.000528319 0.000478444 0.001017722 0.000224744 0.000243368 0.000198199 0.000232729 0.000000000 0.000000000 0.000000000
199.908947513 0.002730289 0.000517376 0.000492167 0.000937381 0.000225234 0.000228205 0.000145279 0.000184647 0.000000000 0.000000000 0.000000000
200.508374642 0.002633474 0.000482360 0.000635649 0.000780692 0.000274042 0.000177864 0.000119212 0.000163656 0.000000000 0.000000000 0.000000000
201.107801771 0.002602710 0.000380398 0.000800355 0.000673289 0.000322890 0.000142563 0.000125898 0.000157318 0.000000000 0.000000000 0.000000000
201.707228900 0.002522236 0.000333204 0.000825179 0.000580308 0.000331074 0.000146607 0.000170851 0.000135012 0.000000000 0.000000000 0.000000000
202.306656029 0.002425372 0.000350352 0.000670793 0.000520895 0.000357354 0.000185990 0.000200272 0.000139715 0.000000000 0.000000000 0.000000000
202.906083158 0.002310489 0.000375011 0.000533846 0.000463548 0.000370960 0.000219013 0.000180742 0.000167368 0.000000000 0.000000000 0.000000000
203.505510287 0.002242214 0.000429812 0.000503491 0.000422664 0.000311797 0.000228241 0.000149708 0.000196501 0.000000000 0.000000000 0.000000000
204.104937416 0.002298522 0.000551067 0.000511083 0.000370548 0.000302048 0.000187868 0.000158088 0.000217819 0.000000000 0.000000000 0.000000000
204.704364544 0.002630609 0.000770632 0.000516126 0.000337157 0.000406807 0.000162899 0.000213582 0.000223407 0.000000000 0.000000000 0.000000000
205.303791673 0.003153197 0.000953424 0.000527779 0.000326440 0.000667574 0.000168980 0.000259692 0.000249309 0.000000000 0.000000000 0.000000000
205.903218802 0.003553869 0.000973551 0.000552197 0.000340304 0.000922240 0.000192951 0.000259700 0.000312926 0.000000000 0.000000000 0.000000000
206.502645931 0.003582865 0.000784194 0.000581322 0.000343620 0.000982187 0.000250786 0.000294177 0.000346579 0.000000000 0.000000000 0.000000000
207.102073060 0.003053645 0.000413602 0.000532144 0.000327468 0.000779907 0.000339225 0.000332237 0.000329062 0.000000000 0.000000000 0.000000000
207.701500189 0.002721552 0.000260815 0.000359028 0.000304004 0.000590183 0.000448534 0.000357849 0.000401140 0.000000000 0.000000000 0.000000000
208.300927318 0.002591104 0.000242465 0.000261394 0.000288005 0.000462240 0.000466512 0.000463792 0.000406695 0.000000000 0.000000000 0.000000000
208.900354447 0.002298343 0.000212304 0.000250038 0.000261963 0.000450244 0.000350688 0.000450246 0.000322860 0.000000000 0.000000000 0.000000000
209.499781576 0.002086017 0.000235638 0.000293823 0.000248674 0.000478071 0.000265019 0.000353994 0.000210796 0.000000000 0.000000000 0.000000000
210.099208705 0.001966734 0.000242625 0.000366832 0.000212159 0.000420626 0.000230516 0.000260410 0.000233566 0.000000000 0.000000000 0.000000000
210.698635834 0.001707498 0.000227668 0.000284793 0.000173099 0.000312608 0.000194534 0.000164697 0.000350100 0.000000000 0.000000000 0.000000000
211.298062963 0.001309861 0.000180226 0.000139625 0.000146169 0.000242337 0.000135938 0.000127448 0.000338117 0.000000000 0.000000000 0.000000000
211.897490092 0.001049115 0.000128445 0.000059121 0.000124715 0.000221576 0.000123710 0.000152154 0.000239395 0.000000000 0.000000000 0.000000000
212.496917221 0.007781636 0.000115240 0.000029937 0.000098665 0.000193275 0.000152965 0.000199106 0.000136326 0.000000000 0.006856122 0.000000000
213.096344350 0.009642753 0.000129543 0.000031377 0.000079240 0.000160710 0.000189117 0.000155312 0.000082441 0.000000000 0.008815014 0.000000000
213.695771479 0.007915838 0.000184725 0.000052361 0.000076822 0.000123867 0.000185987 0.000104715 0.000086378 0.000000000 0.007100983 0.000000000
214.295198608 0.010930961 0.000237068 0.000072307 0.000078467 0.000119976 0.000132846 0.000116836 0.000134140 0.000000000 0.010039321 0.000000000
214.894625737 0.007638191 0.000268892 0.000063835 0.000072614 0.000146262 0.000112210 0.000154373 0.000208746 0.000000000 0.006611260 0.000000000
215.494052866 0.009570095 0.000221351 0.000030101 0.000067850 0.000173374 0.000194214 0.000288882 0.000269033 0.000000000 0.008325291 0.000000000
216.093479995 0.006985677 0.000095033 0.000017243 0.000073389 0.000131065 0.000245809 0.000278087 0.000268376 0.000000000 0.005876676 0.000000000
216.692907124 0.008091213 0.000022633 0.000016784 0.000089491 0.000087836 0.000229884 0.000127339 0.000171401 0.000000000 0.007345845 0.000000000
217.292334253 0.009716972 0.000029815 0.000034716 0.000108525 0.000103390 0.000174186 0.000071734 0.000134730 0.000000000 0.009059875 0.000000000
217.891761382 0.007635502 0.000105214 0.000085174 0.000112451 0.000150184 0.000102772 0.000073469 0.000150115 0.000000000 0.006856122 0.000000000
218.491188511 0.008705931 0.000193707 0.000136037 0.000109266 0.000494089 0.000095544 0.000165624 0.000165820 0.000000000 0.007345845 0.000000000
219.090615640 0.010071934 0.000122335 0.000195950 0.000103489 0.000345559 0.000149367 0.000198789 0.000141432 0.000000000 0.008815014 0.000000000
219.690042769 0.008695829 0.000049615 0.000208473 0.000106937 0.000331617 0.000152361 0.000157386 0.000098734 0.000000000 0.007590706 0.000000000
220.289469898 0.007489950 0.000076389 0.000194156 0.000115113 0.000382109 0.000125263 0.000134858 0.000095662 0.000000000 0.006366399 0.000000000
220.888897027 0.007787650 0.000108125 0.000382769 0.000127887 0.000180882 0.000120462 0.000147890 0.000108375 0.000000000 0.006611260 0.000000000
221.488324156 0.007076944 0.000071222 0.000238535 0.000140813 0.000078353 0.000143849 0.000175827 0.000106809 0.000000000 0.006121537 0.000000000
222.087751285 0.009272110 0.000063143 0.000222709 0.000154221 0.000040599 0.000198602 0.000162805 0.000104742 0.000000000 0.008325291 0.000000000
222.687178414 0.008767762 0.000108685 0.000359237 0.000172116 0.000022789 0.000245960 0.000147683 0.000120584 0.000000000 0.007590706 0.000000000
223.286605543 0.008535916 0.000173992 0.000293122 0.000174767 0.000019430 0.000206381 0.000164674 0.000157705 0.000000000 0.007345845 0.000000000
223.886032672 0.008057416 0.000120498 0.000191341 0.000182944 0.000020169 0.000125447 0.000141517 0.000174518 0.000000000 0.007100983 0.000000000
224.485459801 0.007718099 0.000094639 0.000182640 0.000222797 0.000037456 0.000078888 0.000109671 0.000135885 0.000000000 0.006856122 0.000000000
225.084886930 0.007061617 0.000124547 0.000155046 0.000273600 0.000104601 0.000079850 0.000084830 0.000117606 0.000000000 0.006121537 0.000000000
225.684314059 0.005387414 0.000164215 0.000141443 0.000344793 0.000207711 0.000109506 0.000111586 0.000145515 0.000000000 0.004162645 0.000000000
226.283741188 0.007913484 0.000254233 0.000114464 0.000282930 0.000205545 0.000123569 0.000142811 0.000178671 0.000000000 0.006611260 0.000000000
226.883168317 0.010474853 0.000617624 0.000064736 0.000240828 0.000110708 0.000107710 0.000119089 0.000154282 0.000000000 0.009059875 0.000000000
227.482595445 0.006163736 0.000257799 0.000047779 0.000365877 0.000075917 0.000082731 0.000078415 0.000113126 0.000000000 0.005142091 0.000000000
228.082022574 0.007467009 0.000179261 0.000058459 0.000323100 0.000086304 0.000070623 0.000067225 0.000070777 0.000000000 0.006611260 0.000000000
228.681449703 0.007086858 0.000117496 0.000137406 0.000191077 0.000085880 0.000062126 0.000073298 0.000053177 0.000000000 0.006366399 0.000000000
229.280876832 0.006642899 0.000122778 0.000211322 0.000175932 0.000066952 0.000051892 0.000082719 0.000054628 0.000000000 0.005876676 0.000000000
229.880303961 0.008131072 0.000190288 0.000209802 0.000148801 0.000057949 0.000044914 0.000071166 0.000062307 0.000000000 0.007345845 0.000000000
230.479731090 0.009618140 0.000204984 0.000199916 0.000125893 0.000104821 0.000052216 0.000042405 0.000072891 0.000000000 0.008815014 0.000000000
231.079158219 0.007794617 0.000246745 0.000200664 0.000104930 0.000203035 0.000072834 0.000038155 0.000072132 0.000000000 0.006856122 0.000000000
231.678585348 0.005738394 0.000387525 0.000194457 0.000095872 0.000154739 0.000090144 0.000075792 0.000087497 0.000000000 0.004652368 0.000000000
232.278012477 0.009330535 0.000183877 0.000154108 0.000110360 0.000140928 0.000081123 0.000116322 0.000218526 0.000000000 0.008325291 0.000000000
232.877439606 0.008612781 0.000206113 0.000125420 0.000153779 0.000179281 0.000073757 0.000102099 0.000181625 0.000000000 0.007590706 0.000000000
233.476866735 0.005391612 0.000221325 0.000108750 0.000208798 0.000193002 0.000089610 0.000076667 0.000085954 0.000000000 0.004407507 0.000000000
234.076293864 0.006429892 0.000123374 0.000076447 0.000247672 0.000218595 0.000117025 0.000172211 0.000087616 0.000000000 0.005386953 0.000000000
234.675720993 0.010292494 0.000053078 0.000079003 0.000204667 0.000226492 0.000101218 0.000197691 0.000125609 0.000000000 0.009304737 0.000000000
235.275148122 0.007339732 0.000035762 0.000133072 0.000148647 0.000182018 0.000155523 0.000171871 0.000146439 0.000000000 0.006366399 0.000000000
235.874575251 0.008722505 0.000053018 0.000183543 0.000128785 0.000152372 0.000300311 0.000190509 0.000123261 0.000000000 0.007590706 0.000000000
236.474002380 0.006925790 0.000112684 0.000242163 0.000163092 0.000148549 0.000166535 0.000125445 0.000090647 0.000000000 0.005876676 0.000000000
237.073429509 0.009136544 0.000165382 0.000264221 0.000211003 0.000177207 0.000084586 0.000083112 0.000070603 0.000000000 0.008080429 0.000000000
237.672856638 0.006915329 0.000127972 0.000232575 0.000207019 0.000222570 0.000081534 0.000081857 0.000085125 0.000000000 0.005876676 0.000000000
238.272283767 0.007090659 0.000104284 0.000197379 0.000178844 0.000204681 0.000088331 0.000090594 0.000105009 0.000000000 0.006121537 0.000000000
238.871710896 0.007977443 0.000139395 0.000171628 0.000138399 0.000155103 0.000091680 0.000090691 0.000089563 0.000000000 0.007100983 0.000000000
239.471138025 0.007667954 0.000166975 0.000130390 0.000116194 0.000165628 0.000090716 0.000074155 0.000067774 0.000000000 0.006856122 0.000000000
240.070565154 0.008906136 0.000207824 0.000126914 0.000125433 0.000196971 0.000083960 0.000045449 0.000039156 0.000000000 0.008080429 0.000000000
240.669992283 0.007751267 0.000248273 0.000200470 0.000122319 0.000210389 0.000067582 0.000027526 0.000018586 0.000000000 0.006856122 0.000000000
241.269419412 0.011144638 0.000190655 0.000256058 0.000124395 0.000189409 0.000054001 0.000030373 0.000015564 0.000000000 0.010284183 0.000000000
241.868846541 0.009347717 0.000131626 0.000241204 0.000122291 0.000173250 0.000047935 0.000035883 0.000025375 0.000000000 0.008570152 0.000000000
242.468273670 0.006189867 0.000174551 0.000214955 0.000116472 0.000178185 0.000041624 0.000036730 0.000040397 0.000000000 0.005386953 0.000000000
243.067700799 0.010878689 0.000280759 0.000177313 0.000086018 0.000179006 0.000034680 0.000035804 0.000045788 0.000000000 0.010039321 0.000000000
243.667127928 0.011809444 0.000269134 0.000152184 0.000069652 0.000157594 0.000041286 0.000048550 0.000052276 0.000000000 0.011018767 0.000000000
244.266555057 0.007093060 0.000142647 0.000129886 0.000078601 0.000147364 0.000061949 0.000082288 0.000083925 0.000000000 0.006366399 0.000000000
244.865982186 0.005614102 0.000053202 0.000118417 0.000105291 0.000161562 0.000086284 0.000099023 0.000093093 0.000000000 0.004897230 0.000000000
245.465409315 0.007765758 0.000014507 0.000090158 0.000151747 0.000145298 0.000115739 0.000077623 0.000069703 0.000000000 0.007100983 0.000000000
246.064836444 0.006532184 0.000027073 0.000059973 0.000197159 0.000113733 0.000133207 0.000066521 0.000057842 0.000000000 0.005876676 0.000000000
246.664263573 0.005592891 0.000235959 0.000058859 0.000233442 0.000114960 0.000145906 0.000083263 0.000068136 0.000000000 0.004652368 0.000000000
247.263690702 0.008866492 0.000031501 0.000065107 0.000242399 0.000110433 0.000117742 0.000119839 0.000099041 0.000000000 0.008080429 0.000000000
247.863117831 0.004101029 0.000048793 0.000063331 0.000190144 0.000080409 0.000076713 0.000123155 0.000090423 0.000000000 0.003428061 0.000000000
248.462544960 0.005781273 0.000087091 0.000110075 0.000132838 0.000055742 0.000057107 0.000101793 0.000094535 0.000000000 0.005142091 0.000000000
249.061972089 0.007126136 0.000193081 0.000169726 0.000097709 0.000043630 0.000053914 0.000090688 0.000110990 0.000000000 0.006366399 0.000000000
249.661399218 0.005925968 0.000228607 0.000112289 0.000091137 0.000056046 0.000062386 0.000102020 0.000131394 0.000000000 0.005142091 0.000000000
250.260826346 0.008133640 0.000180376 0.000090336 0.000094424 0.000092483 0.000076046 0.000112429 0.000141701 0.000000000 0.007345845 0.000000000
250.860253475 0.004705075 0.000132428 0.000128075 0.000076823 0.000150151 0.000079570 0.000100504 0.000119741 0.000000000 0.003917784 0.000000000
251.459680604 0.007768711 0.000104999 0.000224801 0.000112236 0.000213432 0.000065307 0.000078496 0.000113318 0.000000000 0.006856122 0.000000000
252.059107733 0.006341611 0.000143062 0.000207640 0.000198837 0.000211655 0.000047119 0.000055792 0.000090552 0.000000000 0.005386953 0.000000000
252.658534862 0.007697681 0.000191637 0.000145882 0.000210871 0.000139961 0.000041866 0.000059325 0.000052018 0.000000000 0.006856122 0.000000000
253.257961991 0.004438958 0.000153736 0.000106794 0.000216075 0.000155481 0.000038627 0.000057461 0.000037860 0.000000000 0.003672922 0.000000000
253.857389120 0.004984335 0.000179576 0.000075962 0.000218784 0.000239461 0.000042207 0.000038823 0.000026876 0.000000000 0.004162645 0.000000000
254.456816249 0.006566770 0.000244836 0.000100535 0.000237528 0.000264374 0.000053157 0.000019770 0.000014756 0.000000000 0.005631814 0.000000000
255.056243378 0.004324076 0.000211888 0.000170579 0.000314231 0.000306362 0.000068277 0.000017556 0.000051983 0.000000000 0.003183199 0.000000000
255.655670507 0.008399192 0.000187605 0.000226990 0.000363220 0.000283397 0.000073586 0.000041014 0.000122398 0.000000000 0.007100983 0.000000000
256.255097636 0.005630631 0.000249380 0.000247873 0.000298697 0.000198273 0.000074769 0.000063805 0.000090328 0.000000000 0.004407507 0.000000000
256.854524765 0.008625718 0.000316428 0.000323528 0.000187598 0.000158909 0.000073925 0.000119539 0.000099948 0.000000000 0.007345845 0.000000000
257.453951894 0.005391625 0.000291906 0.000482314 0.000145982 0.000163649 0.000069999 0.000156321 0.000163669 0.000000000 0.003917784 0.000000000
258.053379023 0.007742626 0.000226979 0.000465239 0.000168900 0.000199151 0.000065760 0.000114627 0.000135571 0.000000000 0.006366399 0.000000000
258.652806152 0.004485693 0.000230669 0.000307532 0.000202072 0.000290551 0.000079318 0.000123167 0.000069184 0.000000000 0.003183199 0.000000000
259.252233281 0.006875652 0.000273308 0.000171573 0.000207318 0.000324487 0.000113692 0.000088548 0.000064911 0.000000000 0.005631814 0.000000000
259.851660410 0.007682677 0.000241614 0.000101415 0.000207289 0.000266072 0.000141781 0.000046857 0.000066390 0.000000000 0.006611260 0.000000000
260.451087539 0.007091600 0.000143853 0.000110187 0.000232829 0.000277363 0.000119758 0.000050033 0.000036038 0.000000000 0.006121537 0.000000000
261.050514668 0.007995852 0.000093569 0.000141223 0.000203168 0.000292012 0.000095557 0.000054379 0.000014960 0.000000000 0.007100983 0.000000000
261.649941797 0.005008273 0.000107465 0.000168989 0.000169288 0.000247746 0.000088490 0.000056079 0.000007570 0.000000000 0.004162645 0.000000000
262.249368926 0.006581935 0.000177062 0.000228672 0.000188417 0.000218164 0.000076266 0.000054778 0.000006763 0.000000000 0.005631814 0.000000000
262.848796055 0.007765875 0.000284514 0.000248259 0.000243233 0.000248208 0.000052766 0.000064701 0.000012933 0.000000000 0.006611260 0.000000000
263.448223184 0.006794841 0.000445852 0.000233631 0.000297585 0.000289698 0.000042159 0.000068948 0.000030014 0.000000000 0.005386953 0.000000000
264.047650313 0.004848680 0.000530878 0.000295162 0.000337276 0.000339787 0.000056677 0.000058343 0.000047358 0.000000000 0.003183199 0.000000000
264.647077442 0.007541636 0.000381020 0.000317687 0.000327627 0.000449656 0.000077424 0.000044579 0.000066966 0.000000000 0.005876676 0.000000000
265.246504571 0.006858563 0.000215913 0.000343365 0.000300190 0.000395631 0.000082404 0.000061740 0.000072366 0.000000000 0.005386953 0.000000000
265.845931700 0.007018050 0.000225436 0.000451364 0.000261338 0.000229241 0.000057475 0.000089795 0.000071586 0.000000000 0.005631814 0.000000000
266.445358829 0.005916044 0.000243200 0.000464955 0.000204122 0.000178711 0.000030221 0.000068803 0.000073661 0.000000000 0.004652368 0.000000000
267.044785958 0.007345389 0.000142122 0.000328041 0.000206851 0.000168677 0.000025995 0.000033152 0.000074152 0.000000000 0.006366399 0.000000000
267.644213087 0.006276223 0.000099826 0.000215456 0.000268757 0.000174042 0.000057086 0.000011941 0.000062159 0.000000000 0.005386953 0.000000000
268.243640216 0.005379350 0.000146657 0.000187356 0.000265938 0.000186711 0.000121734 0.000018773 0.000044674 0.000000000 0.004407507 0.000000000
268.843067345 0.006738670 0.000235656 0.000164734 0.000217507 0.000201664 0.000142428 0.000095463 0.000049404 0.000000000 0.005631814 0.000000000
269.442494474 0.008834688 0.000320926 0.000124956 0.000176729 0.000208317 0.000129815 0.000195885 0.000087353 0.000000000 0.007590706 0.000000000
270.041921603 0.005384643 0.000401740 0.000130868 0.000155944 0.000146980 0.000099605 0.000174835 0.000112025 0.000000000 0.004162645 0.000000000
270.641348732 0.006678515 0.000395096 0.000130446 0.000176675 0.000086075 0.000074742 0.000082420 0.000101248 0.000000000 0.005631814 0.000000000
271.240775861 0.008262303 0.000365900 0.000181136 0.000237081 0.000101127 0.000086996 0.000074753 0.000114326 0.000000000 0.007100983 0.000000000
271.840202990 0.008917253 0.000282325 0.000245766 0.000305220 0.000163558 0.000087104 0.000103624 0.000138949 0.000000000 0.007590706 0.000000000
272.439630119 0.007602765 0.000193427 0.000196628 0.000379349 0.000191455 0.000069391 0.000078362 0.000127754 0.000000000 0.006366399 0.000000000
273.039057247 0.008609609 0.000145023 0.000206398 0.000332804 0.000150992 0.000051552 0.000054292 0.000077842 0.000000000 0.007590706 0.000000000
273.638484376 0.008819065 0.000111189 0.000144548 0.000225110 0.000125342 0.000037233 0.000045603 0.000049610 0.000000000 0.008080429 0.000000000
274.237911505 0.004374441 0.000107879 0.000172537 0.000166384 0.000099327 0.000036984 0.000035339 0.000083068 0.000000000 0.003672922 0.000000000
274.837338634 0.010298255 0.000140337 0.000162437 0.000123692 0.000088673 0.000043080 0.000031148 0.000159289 0.000000000 0.009549598 0.000000000
275.436765763 0.004489793 0.000225414 0.000151276 0.000091644 0.000119839 0.000056410 0.000048580 0.000123709 0.000000000 0.003672922 0.000000000
276.036192892 0.007210124 0.000296904 0.000159966 0.000096636 0.000204489 0.000082048 0.000105896 0.000142646 0.000000000 0.006121537 0.000000000
276.635620021 0.007122871 0.000212743 0.000204695 0.000184635 0.000285848 0.000104052 0.000222312 0.000276771 0.000000000 0.005631814 0.000000000
277.235047150 0.008977336 0.000095461 0.000274690 0.000319485 0.000280136 0.000133694 0.000291892 0.000236132 0.000000000 0.007345845 0.000000000
277.834474279 0.008024444 0.000046525 0.000194994 0.000309050 0.000193183 0.000177924 0.000283639 0.000207871 0.000000000 0.006611260 0.000000000
278.433901408 0.006364875 0.000034411 0.000153211 0.000260523 0.000170474 0.000225451 0.000172725 0.000205991 0.000000000 0.005142091 0.000000000
279.033328537 0.009417998 0.000092158 0.000195619 0.000309561 0.000284294 0.000226885 0.000079612 0.000149439 0.000000000 0.008080429 0.000000000
279.632755666 0.008458309 0.000306901 0.000236773 0.000297367 0.000153142 0.000160720 0.000074616 0.000127808 0.000000000 0.007100983 0.000000000
280.232182795 0.008734468 0.000301133 0.000240218 0.000128554 0.000109192 0.000110889 0.000123795 0.000129980 0.000000000 0.007590706 0.000000000
280.831609924 0.008042467 0.000159940 0.000187359 0.000056335 0.000077997 0.000127293 0.000194492 0.000138067 0.000000000 0.007100983 0.000000000
281.431037053 0.007906122 0.000209049 0.000143771 0.000036320 0.000077628 0.000183823 0.000254338 0.000145072 0.000000000 0.006856122 0.000000000
282.030464182 0.009073961 0.000248084 0.000127387 0.000030467 0.000108794 0.000185050 0.000192547 0.000101204 0.000000000 0.008080429 0.000000000
282.629891311 0.009689782 0.000208147 0.000189948 0.000039223 0.000140186 0.000121468 0.000113092 0.000062705 0.000000000 0.008815014 0.000000000
283.229318440 0.007752075 0.000174348 0.000218293 0.000039434 0.000190766 0.000118929 0.000080327 0.000073857 0.000000000 0.006856122 0.000000000
283.828745569 0.007147424 0.000140914 0.000134823 0.000043782 0.000203219 0.000119048 0.000057009 0.000082230 0.000000000 0.006366399 0.000000000
284.428172698 0.011493542 0.000079798 0.000137883 0.000142935 0.000155863 0.000090459 0.000051477 0.000061219 0.000000000 0.010773906 0.000000000
285.027599827 0.008977762 0.000062311 0.000116339 0.000141628 0.000173393 0.000068135 0.000051243 0.000039423 0.000000000 0.008325291 0.000000000
285.627026956 0.009419587 0.000105874 0.000038533 0.000081967 0.000255481 0.000050887 0.000042037 0.000029795 0.000000000 0.008815014 0.000000000
286.226454085 0.010962864 0.000169842 0.000043107 0.000086867 0.000284722 0.000039292 0.000030791 0.000024060 0.000000000 0.010284183 0.000000000
286.825881214 0.008934295 0.000120055 0.000075576 0.000092098 0.000249646 0.000032492 0.000020569 0.000018569 0.000000000 0.008325291 0.000000000
287.425308343 0.007764490 0.000054027 0.000094803 0.000074969 0.000134777 0.000029875 0.000012225 0.000017968 0.000000000 0.007345845 0.000000000
288.024735472 0.006607233 0.000014533 0.000044324 0.000058614 0.000055235 0.000031885 0.000012921 0.000023322 0.000000000 0.006366399 0.000000000
288.624162601 0.010560832 0.000004815 0.000066488 0.000054507 0.000050286 0.000038074 0.000020360 0.000042120 0.000000000 0.010284183 0.000000000
289.223589730 0.010245952 0.000008729 0.000151855 0.000072752 0.000077869 0.000043865 0.000038313 0.000058110 0.000000000 0.009794460 0.000000000
289.823016859 0.008776485 0.000032152 0.000216745 0.000103629 0.000137678 0.000048739 0.000080607 0.000076506 0.000000000 0.008080429 0.000000000
290.422443988 0.010622276 0.000128938 0.000232876 0.000132165 0.000266622 0.000068237 0.000133066 0.000110772 0.000000000 0.009549598 0.000000000
291.021871117 0.010701050 0.000214365 0.000273205 0.000190080 0.000277862 0.000109126 0.000171638 0.000160037 0.000000000 0.009304737 0.000000000
291.621298246 0.011334980 0.000099247 0.000084820 0.000212288 0.000184621 0.000161073 0.000164519 0.000144230 0.000000000 0.010284183 0.000000000
292.220725375 0.010205086 0.000000110 0.000006348 0.000153132 0.000028462 0.000128737 0.000044774 0.000049063 0.000000000 0.009794460 0.000000000
292.820152504 0.009630827 0.000000000 0.000000101 0.000040777 0.000000382 0.000033623 0.000002069 0.000004276 0.000000000 0.009549598 0.000000000
293.419579633 0.008822526 0.000000000 0.000000000 0.000004789 0.000000003 0.000002661 0.000000000 0.000000059 0.000000000 0.008815014 0.000000000
294.019006762 0.007346113 0.000000000 0.000000000 0.000000210 0.000000000 0.000000058 0.000000000 0.000000000 0.000000000 0.007345845 0.000000000
294.618433891 0.000000008 0.000000000 0.000000000 0.000000008 0.000000000 0.000000000 0.000000000 0.000000000 0.000000000 0.000000000 0.000000000
295.217861019 0.000000000 0.000000000 0.000000000 0.000000000 0.000000000 0.000000000 0.000000000 0.000000000 0.000000000 0.000000000 0.000000000
295.817288148 0.000000000 0.000000000 0.000000000 0.000000000 0.000000000 0.000000000 0.000000000 0.000000000 0.000000000 0.000000000 0.000000000
296.416715277 0.000000000 0.000000000 0.000000000 0.000000000 0.000000000 0.000000000 0.000000000 0.000000000 0.000000000 0.000000000 0.000000000
297.016142406 0.000000000 0.000000000 0.000000000 0.000000000 0.000000000 0.000000000 0.000000000 0.000000000 0.000000000 0.000000000 0.000000000
297.615569535 0.048972299 0.000000000 0.000000000 0.000000000 0.000000000 0.000000000 0.000000000 0.000000000 0.000000000 0.000000000 0.048972299
298.214996664 0.000000000 0.000000000 0.000000000 0.000000000 0.000000000 0.000000000 0.000000000 0.000000000 0.000000000 0.000000000 0.000000000
298.814423793 0.000000000 0.000000000 0.000000000 0.000000000 0.000000000 0.000000000 0.000000000 0.000000000 0.000000000 0.000000000 0.000000000
299.413850922 0.000000000 0.000000000 0.000000000 0.000000000 0.000000000 0.000000000 0.000000000 0.000000000 0.000000000 0.000000000 0.000000000
