  0.20000000000000001             4830        2826        4834
  0.40000000000000002             4830        2830        4830
  0.60000000000000009             4832        2828        4830
  0.80000000000000004             4827        2832        4831
   1.0000000000000000             4828        2830        4832
   1.2000000000000002             4828        2830        4832
   1.4000000000000001             4832        2828        4830
   1.6000000000000001             4826        2835        4829
   1.8000000000000000             4826        2833        4831
   2.0000000000000000             4827        2835        4828
   2.2000000000000002             4825        2836        4829
   2.4000000000000004             4828        2837        4825
   2.6000000000000001             4830        2838        4822
   2.8000000000000003             4830        2838        4822
   3.0000000000000000             4831        2838        4821
   3.2000000000000002             4829        2839        4822
   3.4000000000000004             4832        2835        4823
   3.6000000000000001             4826        2837        4827
   3.8000000000000003             4829        2828        4833
   4.0000000000000000             4832        2833        4825
   4.2000000000000002             4829        2834        4827
   4.4000000000000004             4825        2836        4829
   4.6000000000000005             4826        2835        4829
   4.8000000000000007             4827        2834        4829
   5.0000000000000000             4824        2837        4829
   5.2000000000000002             4824        2841        4825
   5.4000000000000004             4825        2840        4825
   5.6000000000000005             4825        2834        4831
   5.8000000000000007             4823        2838        4829
   6.0000000000000000             4828        2832        4830
   6.2000000000000002             4828        2836        4826
   6.4000000000000004             4826        2836        4828
   6.6000000000000005             4828        2834        4828
   6.8000000000000007             4828        2836        4826
   7.0000000000000000             4833        2825        4832
   7.2000000000000002             4829        2831        4830
   7.4000000000000004             4832        2830        4828
   7.6000000000000005             4834        2827        4829
   7.8000000000000007             4834        2826        4830
   8.0000000000000000             4833        2824        4833
   8.2000000000000011             4837        2824        4829
   8.4000000000000004             4831        2833        4826
   8.5999999999999996             4835        2825        4830
   8.8000000000000007             4831        2831        4828
   9.0000000000000000             4831        2833        4826
   9.2000000000000011             4834        2829        4827
   9.4000000000000004             4831        2830        4829
   9.6000000000000014             4831        2831        4828
   9.8000000000000007             4836        2828        4826
   10.000000000000000             4842        2828        4820
   10.200000000000001             4838        2833        4819
   10.400000000000000             4839        2825        4826
   10.600000000000001             4838        2831        4821
   10.800000000000001             4834        2831        4825
   11.000000000000000             4839        2830        4821
   11.200000000000001             4840        2830        4820
   11.400000000000000             4840        2834        4816
   11.600000000000001             4839        2840        4811
   11.800000000000001             4836        2841        4813
   12.000000000000000             4833        2844        4813
   12.200000000000001             4836        2834        4820
   12.400000000000000             4841        2820        4829
   12.600000000000001             4841        2821        4828
   12.800000000000001             4834        2831        4825
   13.000000000000000             4832        2838        4820
   13.200000000000001             4834        2834        4822
   13.400000000000000             4835        2824        4831
   13.600000000000001             4840        2822        4828
   13.800000000000001             4838        2826        4826
   14.000000000000000             4838        2829        4823
   14.200000000000001             4840        2827        4823
   14.400000000000000             4839        2829        4822
   14.600000000000001             4837        2831        4822
   14.800000000000001             4834        2827        4829
   15.000000000000000             4833        2831        4826
   15.200000000000001             4834        2827        4829
   15.400000000000000             4837        2829        4824
   15.600000000000001             4832        2832        4826
   15.800000000000001             4835        2830        4825
   16.000000000000000             4830        2837        4823
   16.199999999999999             4832        2832        4826
   16.400000000000002             4833        2832        4825
   16.600000000000001             4837        2831        4822
   16.800000000000001             4844        2818        4828
   17.000000000000000             4845        2818        4827
   17.199999999999999             4844        2815        4831
   17.400000000000002             4846        2815        4829
   17.600000000000001             4838        2828        4824
   17.800000000000001             4836        2829        4825
   18.000000000000000             4835        2832        4823
   18.199999999999999             4832        2839        4819
   18.400000000000002             4835        2834        4821
   18.600000000000001             4836        2832        4822
   18.800000000000001             4831        2834        4825
   19.000000000000000             4833        2830        4827
   19.200000000000003             4837        2830        4823
   19.400000000000002             4837        2828        4825
   19.600000000000001             4839        2828        4823
   19.800000000000001             4842        2826        4822
   20.000000000000000             4842        2825        4823
   20.200000000000003             4839        2829        4822
   20.400000000000002             4840        2824        4826
   20.600000000000001             4844        2818        4828
   20.800000000000001             4842        2822        4826
   21.000000000000000             4842        2823        4825
   21.200000000000003             4847        2813        4830
   21.400000000000002             4844        2818        4828
   21.600000000000001             4837        2822        4831
   21.800000000000001             4836        2828        4826
   22.000000000000000             4840        2819        4831
   22.200000000000003             4838        2822        4830
   22.400000000000002             4839        2819        4832
   22.600000000000001             4839        2818        4833
   22.800000000000001             4842        2813        4835
   23.000000000000000             4844        2813        4833
   23.200000000000003             4843        2815        4832
   23.400000000000002             4841        2817        4832
   23.600000000000001             4845        2817        4828
   23.800000000000001             4843        2822        4825
   24.000000000000000             4839        2822        4829
   24.200000000000003             4840        2825        4825
   24.400000000000002             4840        2823        4827
   24.600000000000001             4843        2819        4828
   24.800000000000001             4846        2817        4827
   25.000000000000000             4839        2822        4829
   25.200000000000003             4844        2819        4827
   25.400000000000002             4845        2824        4821
   25.600000000000001             4845        2824        4821
   25.800000000000001             4846        2819        4825
   26.000000000000000             4849        2815        4826
   26.200000000000003             4851        2814        4825
   26.400000000000002             4853        2807        4830
   26.600000000000001             4853        2807        4830
   26.800000000000001             4848        2810        4832
   27.000000000000000             4843        2815        4832
   27.200000000000003             4846        2814        4830
   27.400000000000002             4846        2811        4833
   27.600000000000001             4845        2815        4830
   27.800000000000001             4849        2811        4830
   28.000000000000000             4848        2817        4825
   28.200000000000003             4849        2813        4828
   28.400000000000002             4853        2808        4829
   28.600000000000001             4852        2805        4833
   28.800000000000001             4847        2810        4833
   29.000000000000000             4849        2808        4833
   29.200000000000003             4849        2803        4838
   29.400000000000002             4852        2807        4831
   29.600000000000001             4850        2808        4832
   29.800000000000001             4851        2805        4834
   30.000000000000000             4849        2805        4836
   30.200000000000003             4848        2802        4840
   30.400000000000002             4847        2807        4836
   30.600000000000001             4848        2809        4833
   30.800000000000001             4848        2809        4833
   31.000000000000000             4845        2808        4837
   31.200000000000003             4844        2809        4837
   31.400000000000002             4844        2813        4833
   31.600000000000001             4844        2812        4834
   31.800000000000001             4842        2811        4837
   32.000000000000000             4843        2809        4838
   32.200000000000003             4840        2811        4839
   32.399999999999999             4838        2814        4838
   32.600000000000001             4835        2819        4836
   32.800000000000004             4835        2825        4830
   33.000000000000000             4834        2822        4834
   33.200000000000003             4830        2825        4835
   33.399999999999999             4835        2816        4839
   33.600000000000001             4838        2815        4837
   33.800000000000004             4836        2815        4839
   34.000000000000000             4834        2817        4839
   34.200000000000003             4838        2809        4843
   34.399999999999999             4836        2815        4839
   34.600000000000001             4838        2813        4839
   34.800000000000004             4838        2814        4838
   35.000000000000000             4838        2810        4842
   35.200000000000003             4846        2800        4844
   35.399999999999999             4841        2808        4841
   35.600000000000001             4844        2804        4842
   35.800000000000004             4845        2806        4839
   36.000000000000000             4845        2810        4835
   36.200000000000003             4842        2809        4839
   36.399999999999999             4843        2814        4833
   36.600000000000001             4841        2814        4835
   36.800000000000004             4840        2817        4833
   37.000000000000000             4840        2821        4829
   37.200000000000003             4839        2820        4831
   37.399999999999999             4839        2819        4832
   37.600000000000001             4843        2815        4832
   37.800000000000004             4843        2817        4830
   38.000000000000000             4842        2816        4832
   38.200000000000003             4843        2817        4830
   38.400000000000006             4851        2806        4833
   38.600000000000001             4852        2807        4831
   38.800000000000004             4850        2808        4832
   39.000000000000000             4847        2811        4832
   39.200000000000003             4845        2809        4836
   39.400000000000006             4843        2811        4836
   39.600000000000001             4840        2817        4833
   39.800000000000004             4845        2811        4834
   40.000000000000000             4839        2823        4828
   40.200000000000003             4836        2829        4825
   40.400000000000006             4843        2812        4835
   40.600000000000001             4848        2811        4831
   40.800000000000004             4845        2820        4825
   41.000000000000000             4841        2819        4830
   41.200000000000003             4841        2823        4826
   41.400000000000006             4837        2821        4832
   41.600000000000001             4828        2832        4830
   41.800000000000004             4839        2818        4833
   42.000000000000000             4837        2818        4835
   42.200000000000003             4832        2828        4830
   42.400000000000006             4835        2828        4827
   42.600000000000001             4838        2826        4826
   42.800000000000004             4838        2825        4827
   43.000000000000000             4837        2830        4823
   43.200000000000003             4842        2827        4821
   43.400000000000006             4843        2826        4821
   43.600000000000001             4841        2828        4821
   43.800000000000004             4835        2830        4825
   44.000000000000000             4836        2828        4826
   44.200000000000003             4840        2824        4826
   44.400000000000006             4837        2831        4822
   44.600000000000001             4841        2825        4824
   44.800000000000004             4842        2822        4826
   45.000000000000000             4841        2821        4828
   45.200000000000003             4837        2824        4829
   45.400000000000006             4839        2821        4830
   45.600000000000001             4837        2821        4832
   45.800000000000004             4835        2825        4830
   46.000000000000000             4837        2823        4830
   46.200000000000003             4837        2820        4833
   46.400000000000006             4835        2825        4830
   46.600000000000001             4837        2819        4834
   46.800000000000004             4837        2820        4833
   47.000000000000000             4835        2816        4839
   47.200000000000003             4834        2822        4834
   47.400000000000006             4828        2834        4828
   47.600000000000001             4828        2832        4830
   47.800000000000004             4827        2832        4831
   48.000000000000000             4829        2829        4832
   48.200000000000003             4830        2827        4833
   48.400000000000006             4830        2827        4833
   48.600000000000001             4832        2825        4833
   48.800000000000004             4829        2828        4833
   49.000000000000000             4827        2835        4828
   49.200000000000003             4830        2827        4833
   49.400000000000006             4830        2825        4835
   49.600000000000001             4828        2827        4835
   49.800000000000004             4830        2823        4837
   50.000000000000000             4835        2819        4836
   50.200000000000003             4832        2821        4837
   50.400000000000006             4829        2823        4838
   50.600000000000001             4831        2821        4838
   50.800000000000004             4831        2815        4844
   51.000000000000000             4831        2817        4842
   51.200000000000003             4835        2817        4838
   51.400000000000006             4829        2821        4840
   51.600000000000001             4823        2830        4837
   51.800000000000004             4826        2826        4838
   52.000000000000000             4823        2833        4834
   52.200000000000003             4825        2831        4834
   52.400000000000006             4831        2827        4832
   52.600000000000001             4832        2828        4830
   52.800000000000004             4830        2826        4834
   53.000000000000000             4830        2825        4835
   53.200000000000003             4834        2822        4834
   53.400000000000006             4834        2823        4833
   53.600000000000001             4837        2822        4831
   53.800000000000004             4835        2830        4825
   54.000000000000000             4830        2829        4831
   54.200000000000003             4832        2829        4829
   54.400000000000006             4829        2828        4833
   54.600000000000001             4828        2831        4831
   54.800000000000004             4827        2836        4827
   55.000000000000000             4823        2838        4829
   55.200000000000003             4827        2831        4832
   55.400000000000006             4828        2832        4830
   55.600000000000001             4829        2831        4830
   55.800000000000004             4826        2835        4829
   56.000000000000000             4829        2831        4830
   56.200000000000003             4825        2837        4828
   56.400000000000006             4833        2830        4827
   56.600000000000001             4833        2822        4835
   56.800000000000004             4828        2830        4832
   57.000000000000000             4827        2831        4832
   57.200000000000003             4833        2829        4828
   57.400000000000006             4833        2826        4831
   57.600000000000001             4834        2825        4831
   57.800000000000004             4832        2830        4828
   58.000000000000000             4831        2830        4829
   58.200000000000003             4831        2825        4834
   58.400000000000006             4828        2831        4831
   58.600000000000001             4829        2829        4832
   58.800000000000004             4831        2824        4835
   59.000000000000000             4838        2814        4838
   59.200000000000003             4833        2823        4834
   59.400000000000006             4835        2825        4830
   59.600000000000001             4836        2821        4833
   59.800000000000004             4839        2819        4832
   60.000000000000000             4837        2816        4837
   60.200000000000003             4840        2809        4841
   60.400000000000006             4836        2818        4836
   60.600000000000001             4830        2822        4838
   60.800000000000004             4833        2819        4838
   61.000000000000000             4840        2811        4839
   61.200000000000003             4842        2809        4839
   61.400000000000006             4839        2817        4834
   61.600000000000001             4835        2825        4830
   61.800000000000004             4839        2818        4833
   62.000000000000000             4834        2820        4836
   62.200000000000003             4840        2816        4834
   62.400000000000006             4837        2822        4831
   62.600000000000001             4843        2814        4833
   62.800000000000004             4840        2822        4828
   63.000000000000000             4836        2823        4831
   63.200000000000003             4837        2823        4830
   63.400000000000006             4839        2829        4822
   63.600000000000001             4836        2828        4826
   63.800000000000004             4839        2821        4830
   64.000000000000000             4840        2826        4824
   64.200000000000003             4843        2819        4828
   64.400000000000006             4843        2822        4825
   64.600000000000009             4837        2831        4822
   64.799999999999997             4833        2833        4824
   65.000000000000000             4833        2829        4828
   65.200000000000003             4835        2827        4828
   65.400000000000006             4836        2827        4827
   65.600000000000009             4835        2833        4822
   65.799999999999997             4839        2833        4818
   66.000000000000000             4838        2832        4820
   66.200000000000003             4844        2820        4826
   66.400000000000006             4841        2827        4822
   66.600000000000009             4838        2825        4827
   66.799999999999997             4839        2820        4831
   67.000000000000000             4838        2827        4825
   67.200000000000003             4836        2828        4826
   67.400000000000006             4837        2827        4826
   67.600000000000009             4839        2822        4829
   67.799999999999997             4838        2822        4830
   68.000000000000000             4832        2827        4831
   68.200000000000003             4829        2829        4832
   68.400000000000006             4826        2825        4839
   68.600000000000009             4829        2825        4836
   68.799999999999997             4833        2824        4833
   69.000000000000000             4830        2824        4836
   69.200000000000003             4831        2824        4835
   69.400000000000006             4829        2826        4835
   69.600000000000009             4834        2823        4833
   69.799999999999997             4835        2819        4836
   70.000000000000000             4832        2819        4839
   70.200000000000003             4831        2820        4839
   70.400000000000006             4831        2825        4834
   70.600000000000009             4836        2826        4828
   70.799999999999997             4838        2817        4835
   71.000000000000000             4837        2823        4830
   71.200000000000003             4837        2820        4833
   71.400000000000006             4836        2824        4830
   71.600000000000009             4836        2821        4833
   71.799999999999997             4836        2823        4831
   72.000000000000000             4843        2815        4832
   72.200000000000003             4833        2826        4831
   72.400000000000006             4831        2831        4828
   72.600000000000009             4832        2829        4829
   72.799999999999997             4835        2823        4832
   73.000000000000000             4836        2826        4828
   73.200000000000003             4833        2827        4830
   73.400000000000006             4844        2813        4833
   73.600000000000009             4839        2820        4831
   73.799999999999997             4834        2828        4828
   74.000000000000000             4831        2832        4827
   74.200000000000003             4836        2822        4832
   74.400000000000006             4836        2828        4826
   74.600000000000009             4836        2831        4823
   74.799999999999997             4835        2835        4820
   75.000000000000000             4835        2832        4823
   75.200000000000003             4835        2828        4827
   75.400000000000006             4838        2826        4826
   75.600000000000009             4838        2826        4826
   75.799999999999997             4831        2835        4824
   76.000000000000000             4832        2833        4825
   76.200000000000003             4835        2825        4830
   76.400000000000006             4839        2822        4829
   76.600000000000009             4834        2826        4830
   76.800000000000011             4838        2825        4827
   77.000000000000000             4835        2824        4831
   77.200000000000003             4828        2832        4830
   77.400000000000006             4834        2822        4834
   77.600000000000009             4836        2821        4833
   77.800000000000011             4831        2830        4829
   78.000000000000000             4833        2834        4823
   78.200000000000003             4833        2830        4827
   78.400000000000006             4835        2827        4828
   78.600000000000009             4838        2824        4828
   78.800000000000011             4837        2819        4834
   79.000000000000000             4836        2824        4830
   79.200000000000003             4834        2826        4830
   79.400000000000006             4828        2835        4827
   79.600000000000009             4829        2835        4826
   79.800000000000011             4833        2833        4824
   80.000000000000000             4834        2835        4821
   80.200000000000003             4833        2834        4823
   80.400000000000006             4830        2838        4822
   80.600000000000009             4833        2839        4818
   80.800000000000011             4836        2835        4819
   81.000000000000000             4834        2831        4825
   81.200000000000003             4832        2835        4823
   81.400000000000006             4834        2833        4823
   81.600000000000009             4832        2835        4823
   81.800000000000011             4836        2828        4826
   82.000000000000000             4834        2834        4822
   82.200000000000003             4830        2842        4818
   82.400000000000006             4838        2828        4824
   82.600000000000009             4843        2825        4822
   82.800000000000011             4836        2831        4823
   83.000000000000000             4836        2829        4825
   83.200000000000003             4838        2825        4827
   83.400000000000006             4834        2829        4827
   83.600000000000009             4835        2827        4828
   83.800000000000011             4836        2827        4827
   84.000000000000000             4836        2829        4825
   84.200000000000003             4837        2829        4824
   84.400000000000006             4835        2831        4824
   84.600000000000009             4835        2829        4826
   84.800000000000011             4834        2835        4821
   85.000000000000000             4834        2832        4824
   85.200000000000003             4836        2834        4820
   85.400000000000006             4841        2831        4818
   85.600000000000009             4834        2832        4824
   85.800000000000011             4834        2834        4822
   86.000000000000000             4835        2829        4826
   86.200000000000003             4837        2830        4823
   86.400000000000006             4833        2838        4819
   86.600000000000009             4836        2835        4819
   86.800000000000011             4832        2830        4828
   87.000000000000000             4834        2831        4825
   87.200000000000003             4830        2840        4820
   87.400000000000006             4833        2838        4819
   87.600000000000009             4829        2839        4822
   87.800000000000011             4828        2845        4817
   88.000000000000000             4828        2843        4819
   88.200000000000003             4829        2843        4818
   88.400000000000006             4829        2836        4825
   88.600000000000009             4831        2827        4832
   88.800000000000011             4830        2830        4830
   89.000000000000000             4828        2836        4826
   89.200000000000003             4829        2833        4828
   89.400000000000006             4830        2829        4831
   89.600000000000009             4825        2830        4835
   89.800000000000011             4829        2833        4828
   90.000000000000000             4831        2833        4826
   90.200000000000003             4831        2833        4826
   90.400000000000006             4831        2835        4824
   90.600000000000009             4827        2842        4821
   90.800000000000011             4830        2839        4821
   91.000000000000000             4827        2837        4826
   91.200000000000003             4832        2833        4825
   91.400000000000006             4832        2830        4828
   91.600000000000009             4832        2835        4823
   91.800000000000011             4830        2835        4825
   92.000000000000000             4822        2845        4823
   92.200000000000003             4828        2839        4823
   92.400000000000006             4827        2838        4825
   92.600000000000009             4828        2842        4820
   92.800000000000011             4827        2838        4825
   93.000000000000000             4825        2840        4825
   93.200000000000003             4824        2846        4820
   93.400000000000006             4826        2842        4822
   93.600000000000009             4821        2847        4822
   93.800000000000011             4820        2843        4827
   94.000000000000000             4819        2846        4825
   94.200000000000003             4819        2848        4823
   94.400000000000006             4819        2846        4825
   94.600000000000009             4821        2842        4827
   94.800000000000011             4820        2849        4821
   95.000000000000000             4822        2845        4823
   95.200000000000003             4821        2842        4827
   95.400000000000006             4823        2838        4829
   95.600000000000009             4824        2837        4829
   95.800000000000011             4821        2842        4827
   96.000000000000000             4819        2844        4827
   96.200000000000003             4821        2841        4828
   96.400000000000006             4822        2840        4828
   96.600000000000009             4824        2844        4822
   96.800000000000011             4826        2841        4823
   97.000000000000000             4825        2836        4829
   97.200000000000003             4825        2832        4833
   97.400000000000006             4824        2839        4827
   97.600000000000009             4823        2840        4827
   97.800000000000011             4825        2841        4824
   98.000000000000000             4824        2841        4825
   98.200000000000003             4822        2839        4829
   98.400000000000006             4821        2834        4835
   98.600000000000009             4823        2834        4833
   98.800000000000011             4823        2831        4836
   99.000000000000000             4818        2833        4839
   99.200000000000003             4823        2833        4834
   99.400000000000006             4827        2831        4832
   99.600000000000009             4827        2835        4828
   99.800000000000011             4827        2840        4823
   100.00000000000000             4827        2838        4825
   100.20000000000000             4830        2833        4827
   100.40000000000001             4825        2833        4832
   100.60000000000001             4825        2835        4830
   100.80000000000001             4828        2830        4832
   101.00000000000000             4824        2836        4830
   101.20000000000000             4829        2830        4831
   101.40000000000001             4837        2819        4834
   101.60000000000001             4834        2823        4833
   101.80000000000001             4832        2824        4834
   102.00000000000000             4831        2824        4835
   102.20000000000000             4834        2820        4836
   102.40000000000001             4832        2823        4835
   102.60000000000001             4833        2826        4831
   102.80000000000001             4831        2826        4833
   103.00000000000000             4834        2820        4836
   103.20000000000000             4833        2822        4835
   103.40000000000001             4832        2826        4832
   103.60000000000001             4833        2821        4836
   103.80000000000001             4829        2826        4835
   104.00000000000000             4827        2824        4839
   104.20000000000000             4827        2831        4832
   104.40000000000001             4829        2826        4835
   104.60000000000001             4829        2828        4833
   104.80000000000001             4829        2828        4833
   105.00000000000000             4831        2825        4834
   105.20000000000000             4833        2824        4833
   105.40000000000001             4831        2824        4835
   105.60000000000001             4829        2830        4831
   105.80000000000001             4830        2828        4832
   106.00000000000000             4830        2828        4832
   106.20000000000000             4827        2833        4830
   106.40000000000001             4831        2829        4830
   106.60000000000001             4833        2832        4825
   106.80000000000001             4833        2830        4827
   107.00000000000000             4838        2823        4829
   107.20000000000000             4833        2831        4826
   107.40000000000001             4832        2830        4828
   107.60000000000001             4827        2830        4833
   107.80000000000001             4830        2829        4831
   108.00000000000000             4829        2827        4834
   108.20000000000000             4829        2829        4832
   108.40000000000001             4827        2831        4832
   108.60000000000001             4827        2828        4835
   108.80000000000001             4824        2832        4834
   109.00000000000000             4826        2831        4833
   109.20000000000000             4831        2830        4829
   109.40000000000001             4832        2831        4827
   109.60000000000001             4831        2828        4831
   109.80000000000001             4823        2841        4826
   110.00000000000000             4827        2833        4830
   110.20000000000000             4835        2826        4829
   110.40000000000001             4834        2827        4829
   110.60000000000001             4832        2828        4830
   110.80000000000001             4831        2831        4828
   111.00000000000000             4829        2829        4832
   111.20000000000000             4834        2824        4832
   111.40000000000001             4829        2833        4828
   111.60000000000001             4823        2840        4827
   111.80000000000001             4825        2836        4829
   112.00000000000000             4825        2837        4828
   112.20000000000000             4828        2831        4831
   112.40000000000001             4820        2837        4833
   112.60000000000001             4828        2837        4825
   112.80000000000001             4829        2831        4830
   113.00000000000000             4829        2832        4829
   113.20000000000000             4829        2831        4830
   113.40000000000001             4830        2827        4833
   113.60000000000001             4830        2824        4836
   113.80000000000001             4830        2824        4836
   114.00000000000000             4833        2820        4837
   114.20000000000000             4835        2822        4833
   114.40000000000001             4838        2818        4834
   114.60000000000001             4836        2824        4830
   114.80000000000001             4832        2829        4829
   115.00000000000000             4836        2821        4833
   115.20000000000000             4833        2824        4833
   115.40000000000001             4834        2822        4834
   115.60000000000001             4833        2826        4831
   115.80000000000001             4830        2829        4831
   116.00000000000000             4834        2829        4827
   116.20000000000000             4833        2827        4830
   116.40000000000001             4835        2827        4828
   116.60000000000001             4833        2823        4834
   116.80000000000001             4835        2820        4835
   117.00000000000000             4834        2821        4835
   117.20000000000000             4835        2814        4841
   117.40000000000001             4835        2811        4844
   117.60000000000001             4838        2811        4841
   117.80000000000001             4841        2806        4843
   118.00000000000000             4837        2817        4836
   118.20000000000000             4838        2818        4834
   118.40000000000001             4843        2815        4832
   118.60000000000001             4843        2816        4831
   118.80000000000001             4836        2822        4832
   119.00000000000000             4835        2824        4831
   119.20000000000000             4834        2825        4831
   119.40000000000001             4834        2828        4828
   119.60000000000001             4836        2823        4831
   119.80000000000001             4837        2823        4830
   120.00000000000000             4836        2824        4830
   120.20000000000000             4836        2820        4834
   120.40000000000001             4837        2824        4829
   120.60000000000001             4838        2821        4831
   120.80000000000001             4839        2822        4829
   121.00000000000000             4840        2817        4833
   121.20000000000000             4841        2820        4829
   121.40000000000001             4843        2821        4826
   121.60000000000001             4839        2825        4826
   121.80000000000001             4838        2826        4826
   122.00000000000000             4839        2823        4828
   122.20000000000000             4842        2818        4830
   122.40000000000001             4838        2825        4827
   122.60000000000001             4840        2820        4830
   122.80000000000001             4833        2826        4831
   123.00000000000000             4836        2817        4837
   123.20000000000000             4838        2817        4835
   123.40000000000001             4840        2818        4832
   123.60000000000001             4837        2819        4834
   123.80000000000001             4836        2825        4829
   124.00000000000000             4831        2830        4829
   124.20000000000000             4831        2831        4828
   124.40000000000001             4830        2832        4828
   124.60000000000001             4829        2829        4832
   124.80000000000001             4828        2831        4831
   125.00000000000000             4828        2837        4825
   125.20000000000000             4830        2832        4828
   125.40000000000001             4831        2833        4826
   125.60000000000001             4829        2831        4830
   125.80000000000001             4834        2828        4828
   126.00000000000000             4834        2826        4830
   126.20000000000000             4832        2833        4825
   126.40000000000001             4833        2830        4827
   126.60000000000001             4832        2830        4828
   126.80000000000001             4834        2828        4828
   127.00000000000000             4834        2823        4833
   127.20000000000000             4835        2823        4832
   127.40000000000001             4834        2827        4829
   127.60000000000001             4840        2821        4829
   127.80000000000001             4836        2826        4828
   128.00000000000000             4836        2820        4834
   128.20000000000002             4838        2824        4828
   128.40000000000001             4843        2820        4827
   128.59999999999999             4839        2823        4828
   128.80000000000001             4837        2829        4824
   129.00000000000000             4838        2824        4828
   129.20000000000002             4847        2814        4829
   129.40000000000001             4845        2818        4827
   129.59999999999999             4847        2819        4824
   129.80000000000001             4841        2826        4823
   130.00000000000000             4841        2827        4822
   130.20000000000002             4842        2829        4819
   130.40000000000001             4846        2824        4820
   130.59999999999999             4839        2826        4825
   130.80000000000001             4834        2827        4829
   131.00000000000000             4837        2825        4828
   131.20000000000002             4836        2825        4829
   131.40000000000001             4838        2827        4825
   131.59999999999999             4836        2826        4828
   131.80000000000001             4835        2824        4831
   132.00000000000000             4835        2825        4830
   132.20000000000002             4838        2823        4829
   132.40000000000001             4837        2825        4828
   132.59999999999999             4836        2826        4828
   132.80000000000001             4837        2825        4828
   133.00000000000000             4836        2825        4829
   133.20000000000002             4839        2817        4834
   133.40000000000001             4838        2820        4832
   133.59999999999999             4840        2820        4830
   133.80000000000001             4840        2819        4831
   134.00000000000000             4834        2824        4832
   134.20000000000002             4835        2822        4833
   134.40000000000001             4837        2820        4833
   134.59999999999999             4831        2826        4833
   134.80000000000001             4829        2830        4831
   135.00000000000000             4826        2831        4833
   135.20000000000002             4829        2828        4833
   135.40000000000001             4831        2827        4832
   135.59999999999999             4834        2822        4834
   135.80000000000001             4836        2823        4831
   136.00000000000000             4834        2830        4826
   136.20000000000002             4830        2832        4828
   136.40000000000001             4834        2828        4828
   136.59999999999999             4828        2833        4829
   136.80000000000001             4828        2832        4830
   137.00000000000000             4831        2828        4831
   137.20000000000002             4832        2827        4831
   137.40000000000001             4833        2825        4832
   137.59999999999999             4832        2827        4831
   137.80000000000001             4835        2825        4830
   138.00000000000000             4834        2823        4833
   138.20000000000002             4833        2824        4833
   138.40000000000001             4832        2827        4831
   138.59999999999999             4830        2826        4834
   138.80000000000001             4824        2828        4838
   139.00000000000000             4825        2828        4837
   139.20000000000002             4829        2825        4836
   139.40000000000001             4830        2826        4834
   139.59999999999999             4829        2826        4835
   139.80000000000001             4831        2824        4835
   140.00000000000000             4830        2827        4833
   140.20000000000002             4831        2824        4835
   140.40000000000001             4833        2821        4836
   140.59999999999999             4835        2816        4839
   140.80000000000001             4828        2825        4837
   141.00000000000000             4829        2829        4832
   141.20000000000002             4830        2827        4833
   141.40000000000001             4829        2829        4832
   141.59999999999999             4826        2832        4832
   141.80000000000001             4830        2822        4838
   142.00000000000000             4825        2828        4837
   142.20000000000002             4829        2827        4834
   142.40000000000001             4830        2825        4835
   142.59999999999999             4832        2824        4834
   142.80000000000001             4829        2830        4831
   143.00000000000000             4827        2831        4832
   143.20000000000002             4831        2826        4833
   143.40000000000001             4826        2831        4833
   143.59999999999999             4829        2827        4834
   143.80000000000001             4826        2831        4833
   144.00000000000000             4824        2830        4836
   144.20000000000002             4824        2837        4829
   144.40000000000001             4829        2829        4832
   144.59999999999999             4834        2823        4833
   144.80000000000001             4829        2829        4832
   145.00000000000000             4826        2833        4831
   145.20000000000002             4823        2833        4834
   145.40000000000001             4827        2828        4835
   145.59999999999999             4824        2835        4831
   145.80000000000001             4823        2833        4834
   146.00000000000000             4833        2827        4830
   146.20000000000002             4829        2831        4830
   146.40000000000001             4823        2837        4830
   146.59999999999999             4825        2836        4829
   146.80000000000001             4828        2830        4832
   147.00000000000000             4828        2832        4830
   147.20000000000002             4826        2836        4828
   147.40000000000001             4827        2835        4828
   147.59999999999999             4828        2832        4830
   147.80000000000001             4830        2830        4830
   148.00000000000000             4831        2830        4829
   148.20000000000002             4831        2826        4833
   148.40000000000001             4830        2827        4833
   148.59999999999999             4829        2832        4829
   148.80000000000001             4828        2832        4830
   149.00000000000000             4830        2829        4831
   149.20000000000002             4829        2827        4834
   149.40000000000001             4828        2828        4834
   149.59999999999999             4834        2825        4831
   149.80000000000001             4829        2828        4833
   150.00000000000000             4832        2823        4835
   150.20000000000002             4829        2832        4829
   150.40000000000001             4829        2833        4828
   150.59999999999999             4824        2832        4834
   150.80000000000001             4824        2833        4833
   151.00000000000000             4825        2828        4837
   151.20000000000002             4821        2833        4836
   151.40000000000001             4821        2836        4833
   151.59999999999999             4818        2835        4837
   151.80000000000001             4823        2829        4838
   152.00000000000000             4822        2831        4837
   152.20000000000002             4817        2832        4841
   152.40000000000001             4817        2831        4842
   152.59999999999999             4818        2832        4840
   152.80000000000001             4820        2836        4834
   153.00000000000000             4823        2835        4832
   153.20000000000002             4823        2834        4833
   153.40000000000001             4823        2838        4829
   153.60000000000002             4821        2835        4834
   153.80000000000001             4814        2843        4833
   154.00000000000000             4813        2838        4839
   154.20000000000002             4818        2828        4844
   154.40000000000001             4818        2830        4842
   154.60000000000002             4819        2829        4842
   154.80000000000001             4821        2831        4838
   155.00000000000000             4820        2826        4844
   155.20000000000002             4825        2831        4834
   155.40000000000001             4822        2829        4839
   155.60000000000002             4824        2827        4839
   155.80000000000001             4825        2826        4839
   156.00000000000000             4822        2829        4839
   156.20000000000002             4823        2832        4835
   156.40000000000001             4822        2835        4833
   156.60000000000002             4816        2840        4834
   156.80000000000001             4823        2831        4836
   157.00000000000000             4823        2828        4839
   157.20000000000002             4828        2825        4837
   157.40000000000001             4828        2823        4839
   157.60000000000002             4825        2823        4842
   157.80000000000001             4823        2829        4838
   158.00000000000000             4824        2826        4840
   158.20000000000002             4820        2832        4838
   158.40000000000001             4823        2831        4836
   158.60000000000002             4825        2827        4838
   158.80000000000001             4824        2826        4840
   159.00000000000000             4824        2823        4843
   159.20000000000002             4825        2827        4838
   159.40000000000001             4825        2824        4841
   159.60000000000002             4825        2830        4835
   159.80000000000001             4825        2829        4836
   160.00000000000000             4827        2830        4833
   160.20000000000002             4827        2834        4829
   160.40000000000001             4830        2824        4836
   160.60000000000002             4829        2827        4834
   160.80000000000001             4825        2831        4834
   161.00000000000000             4826        2826        4838
   161.20000000000002             4830        2818        4842
   161.40000000000001             4828        2823        4839
   161.60000000000002             4828        2826        4836
   161.80000000000001             4823        2829        4838
   162.00000000000000             4828        2827        4835
   162.20000000000002             4828        2820        4842
   162.40000000000001             4824        2827        4839
   162.60000000000002             4821        2830        4839
   162.80000000000001             4825        2825        4840
   163.00000000000000             4826        2826        4838
   163.20000000000002             4824        2827        4839
   163.40000000000001             4821        2833        4836
   163.60000000000002             4823        2831        4836
   163.80000000000001             4820        2835        4835
   164.00000000000000             4820        2831        4839
   164.20000000000002             4818        2831        4841
   164.40000000000001             4820        2828        4842
   164.60000000000002             4822        2823        4845
   164.80000000000001             4823        2828        4839
   165.00000000000000             4822        2827        4841
   165.20000000000002             4820        2828        4842
   165.40000000000001             4818        2834        4838
   165.60000000000002             4822        2828        4840
   165.80000000000001             4820        2835        4835
   166.00000000000000             4823        2828        4839
   166.20000000000002             4825        2824        4841
   166.40000000000001             4823        2828        4839
   166.60000000000002             4819        2831        4840
   166.80000000000001             4819        2833        4838
   167.00000000000000             4821        2831        4838
   167.20000000000002             4817        2837        4836
   167.40000000000001             4820        2830        4840
   167.60000000000002             4817        2834        4839
   167.80000000000001             4819        2834        4837
   168.00000000000000             4820        2829        4841
   168.20000000000002             4822        2824        4844
   168.40000000000001             4825        2823        4842
   168.60000000000002             4829        2823        4838
   168.80000000000001             4833        2819        4838
   169.00000000000000             4828        2823        4839
   169.20000000000002             4825        2830        4835
   169.40000000000001             4821        2831        4838
   169.60000000000002             4824        2828        4838
   169.80000000000001             4822        2826        4842
   170.00000000000000             4817        2834        4839
   170.20000000000002             4817        2833        4840
   170.40000000000001             4815        2839        4836
   170.60000000000002             4820        2833        4837
   170.80000000000001             4821        2829        4840
   171.00000000000000             4819        2828        4843
   171.20000000000002             4814        2842        4834
   171.40000000000001             4814        2839        4837
   171.60000000000002             4814        2840        4836
   171.80000000000001             4818        2835        4837
   172.00000000000000             4818        2834        4838
   172.20000000000002             4818        2834        4838
   172.40000000000001             4824        2827        4839
   172.60000000000002             4824        2827        4839
   172.80000000000001             4818        2832        4840
   173.00000000000000             4819        2828        4843
   173.20000000000002             4824        2826        4840
   173.40000000000001             4825        2825        4840
   173.60000000000002             4821        2827        4842
   173.80000000000001             4818        2828        4844
   174.00000000000000             4818        2833        4839
   174.20000000000002             4821        2828        4841
   174.40000000000001             4823        2824        4843
   174.60000000000002             4823        2827        4840
   174.80000000000001             4824        2829        4837
   175.00000000000000             4827        2828        4835
   175.20000000000002             4825        2830        4835
   175.40000000000001             4824        2828        4838
   175.60000000000002             4824        2827        4839
   175.80000000000001             4825        2825        4840
   176.00000000000000             4825        2826        4839
   176.20000000000002             4822        2828        4840
   176.40000000000001             4825        2830        4835
   176.60000000000002             4819        2832        4839
   176.80000000000001             4821        2828        4841
   177.00000000000000             4818        2836        4836
   177.20000000000002             4821        2834        4835
   177.40000000000001             4823        2829        4838
   177.60000000000002             4826        2826        4838
   177.80000000000001             4830        2823        4837
   178.00000000000000             4828        2822        4840
   178.20000000000002             4828        2824        4838
   178.40000000000001             4828        2822        4840
   178.60000000000002             4824        2830        4836
   178.80000000000001             4822        2832        4836
   179.00000000000000             4823        2829        4838
   179.20000000000002             4825        2824        4841
   179.40000000000001             4826        2824        4840
   179.60000000000002             4818        2833        4839
   179.80000000000001             4822        2833        4835
   180.00000000000000             4819        2834        4837
   180.20000000000002             4823        2834        4833
   180.40000000000001             4821        2833        4836
   180.60000000000002             4823        2834        4833
   180.80000000000001             4819        2836        4835
   181.00000000000000             4823        2832        4835
   181.20000000000002             4821        2836        4833
   181.40000000000001             4824        2837        4829
   181.60000000000002             4827        2835        4828
   181.80000000000001             4829        2831        4830
   182.00000000000000             4829        2830        4831
   182.20000000000002             4829        2828        4833
   182.40000000000001             4826        2830        4834
   182.60000000000002             4827        2830        4833
   182.80000000000001             4828        2830        4832
   183.00000000000000             4825        2834        4831
   183.20000000000002             4823        2839        4828
   183.40000000000001             4822        2838        4830
   183.60000000000002             4826        2839        4825
   183.80000000000001             4821        2837        4832
   184.00000000000000             4820        2836        4834
   184.20000000000002             4817        2837        4836
   184.40000000000001             4812        2842        4836
   184.60000000000002             4816        2843        4831
   184.80000000000001             4818        2841        4831
   185.00000000000000             4822        2837        4831
   185.20000000000002             4821        2838        4831
   185.40000000000001             4827        2834        4829
   185.60000000000002             4825        2832        4833
   185.80000000000001             4823        2832        4835
   186.00000000000000             4823        2829        4838
   186.20000000000002             4821        2829        4840
   186.40000000000001             4823        2828        4839
   186.60000000000002             4825        2832        4833
   186.80000000000001             4826        2828        4836
   187.00000000000000             4822        2831        4837
   187.20000000000002             4824        2831        4835
   187.40000000000001             4823        2834        4833
   187.60000000000002             4825        2837        4828
   187.80000000000001             4824        2836        4830
   188.00000000000000             4823        2836        4831
   188.20000000000002             4821        2838        4831
   188.40000000000001             4826        2834        4830
   188.60000000000002             4819        2839        4832
   188.80000000000001             4823        2841        4826
   189.00000000000000             4822        2840        4828
   189.20000000000002             4820        2843        4827
   189.40000000000001             4825        2834        4831
   189.60000000000002             4826        2831        4833
   189.80000000000001             4826        2831        4833
   190.00000000000000             4823        2836        4831
   190.20000000000002             4824        2835        4831
   190.40000000000001             4819        2841        4830
   190.60000000000002             4816        2836        4838
   190.80000000000001             4819        2831        4840
   191.00000000000000             4821        2831        4838
   191.20000000000002             4827        2824        4839
   191.40000000000001             4823        2828        4839
   191.60000000000002             4826        2824        4840
   191.80000000000001             4826        2826        4838
   192.00000000000000             4826        2824        4840
   192.20000000000002             4823        2831        4836
   192.40000000000001             4822        2835        4833
   192.60000000000002             4824        2831        4835
   192.80000000000001             4822        2833        4835
   193.00000000000000             4823        2831        4836
   193.20000000000002             4826        2828        4836
   193.40000000000001             4825        2830        4835
   193.60000000000002             4822        2830        4838
   193.80000000000001             4824        2828        4838
   194.00000000000000             4826        2826        4838
   194.20000000000002             4823        2826        4841
   194.40000000000001             4822        2829        4839
   194.60000000000002             4829        2819        4842
   194.80000000000001             4830        2819        4841
   195.00000000000000             4829        2823        4838
   195.20000000000002             4831        2822        4837
   195.40000000000001             4835        2821        4834
   195.60000000000002             4839        2820        4831
   195.80000000000001             4836        2824        4830
   196.00000000000000             4840        2821        4829
   196.20000000000002             4832        2830        4828
   196.40000000000001             4831        2830        4829
   196.60000000000002             4830        2831        4829
   196.80000000000001             4835        2824        4831
   197.00000000000000             4832        2826        4832
   197.20000000000002             4834        2817        4839
   197.40000000000001             4833        2824        4833
   197.60000000000002             4837        2820        4833
   197.80000000000001             4835        2824        4831
   198.00000000000000             4834        2823        4833
   198.20000000000002             4832        2828        4830
   198.40000000000001             4837        2815        4838
   198.60000000000002             4835        2824        4831
   198.80000000000001             4834        2827        4829
   199.00000000000000             4832        2827        4831
   199.20000000000002             4830        2831        4829
   199.40000000000001             4828        2833        4829
   199.60000000000002             4825        2834        4831
   199.80000000000001             4829        2828        4833
   200.00000000000000             4832        2824        4834
