# Ion number density
# The last    3 ion types are fixed
# Average over 646198 steps
# z (au)        total        A            Im1          Im2          Im3          N            C            Me           C1           C2           P
0.322762837 0.045475069 0.000000000 0.000000000 0.000000000 0.000000000 0.000000000 0.000000000 0.000000000 0.000000000 0.000000000 0.045475069
0.968288512 0.000000000 0.000000000 0.000000000 0.000000000 0.000000000 0.000000000 0.000000000 0.000000000 0.000000000 0.000000000 0.000000000
1.613814187 0.000000000 0.000000000 0.000000000 0.000000000 0.000000000 0.000000000 0.000000000 0.000000000 0.000000000 0.000000000 0.000000000
2.259339862 0.000000000 0.000000000 0.000000000 0.000000000 0.000000000 0.000000000 0.000000000 0.000000000 0.000000000 0.000000000 0.000000000
2.904865537 0.000000000 0.000000000 0.000000000 0.000000000 0.000000000 0.000000000 0.000000000 0.000000000 0.000000000 0.000000000 0.000000000
3.550391212 0.000000000 0.000000000 0.000000000 0.000000000 0.000000000 0.000000000 0.000000000 0.000000000 0.000000000 0.000000000 0.000000000
4.195916887 0.006366532 0.000000000 0.000000000 0.000000004 0.000000000 0.000000018 0.000000000 0.000000000 0.006366510 0.000000000 0.000000000
4.841442561 0.009552805 0.000000000 0.000000000 0.000000354 0.000000000 0.000002246 0.000000000 0.000000440 0.009549765 0.000000000 0.000000000
5.486968236 0.008477599 0.000000000 0.000000000 0.000004390 0.000000039 0.000032269 0.000001698 0.000026316 0.008412888 0.000000000 0.000000000
6.132493911 0.009874091 0.000001285 0.000000151 0.000014328 0.000007546 0.000099213 0.000050064 0.000151738 0.009549765 0.000000000 0.000000000
6.778019586 0.011592991 0.000084783 0.000007802 0.000026789 0.000060011 0.000128960 0.000177837 0.000192790 0.010914017 0.000000000 0.000000000
7.423545261 0.010695419 0.000254565 0.000032680 0.000039729 0.000119749 0.000126586 0.000216598 0.000128371 0.009777140 0.000000000 0.000000000
8.069070936 0.009606881 0.000186263 0.000042767 0.000059919 0.000124036 0.000105413 0.000135048 0.000085797 0.008867638 0.000000000 0.000000000
8.714596611 0.008780742 0.000122507 0.000034496 0.000079123 0.000112056 0.000082018 0.000068273 0.000096757 0.008185512 0.000000000 0.000000000
9.360122286 0.011940489 0.000097242 0.000030020 0.000078404 0.000104517 0.000070873 0.000072164 0.000118503 0.011368767 0.000000000 0.000000000
10.005647960 0.007164240 0.000069306 0.000034910 0.000082479 0.000088769 0.000088599 0.000095419 0.000110875 0.006593885 0.000000000 0.000000000
10.651173635 0.008102344 0.000088667 0.000041372 0.000080677 0.000076628 0.000114872 0.000111455 0.000085287 0.007503386 0.000000000 0.000000000
11.296699310 0.008472309 0.000216271 0.000061131 0.000070048 0.000071513 0.000127453 0.000116645 0.000078485 0.007730762 0.000000000 0.000000000
11.942224985 0.011236339 0.000272181 0.000116643 0.000085368 0.000073374 0.000099191 0.000066672 0.000063644 0.010459266 0.000000000 0.000000000
12.587750660 0.009811416 0.000198108 0.000196431 0.000108114 0.000067275 0.000057129 0.000046805 0.000042540 0.009095014 0.000000000 0.000000000
13.233276335 0.009510053 0.000104550 0.000228998 0.000111250 0.000059990 0.000059945 0.000040216 0.000037464 0.008867638 0.000000000 0.000000000
13.878802010 0.009723972 0.000071717 0.000234279 0.000104669 0.000071737 0.000046830 0.000047670 0.000052056 0.009095014 0.000000000 0.000000000
14.524327684 0.006991323 0.000073779 0.000158082 0.000129424 0.000093961 0.000044483 0.000037748 0.000087335 0.006366510 0.000000000 0.000000000
15.169853359 0.007536152 0.000072873 0.000101876 0.000200679 0.000102553 0.000061029 0.000040536 0.000135345 0.006821260 0.000000000 0.000000000
15.815379034 0.009601743 0.000074225 0.000125851 0.000326973 0.000100127 0.000109328 0.000079590 0.000145386 0.008640263 0.000000000 0.000000000
16.460904709 0.009584401 0.000081073 0.000167604 0.000378740 0.000103700 0.000178402 0.000147224 0.000114769 0.008412888 0.000000000 0.000000000
17.106430384 0.009175683 0.000133293 0.000223763 0.000405417 0.000145633 0.000213347 0.000215095 0.000108374 0.007730762 0.000000000 0.000000000
17.751956059 0.007992880 0.000251028 0.000252098 0.000335706 0.000204989 0.000184577 0.000272289 0.000125683 0.006366510 0.000000000 0.000000000
18.397481734 0.009291766 0.000290426 0.000238419 0.000224603 0.000209262 0.000169528 0.000240037 0.000188730 0.007730762 0.000000000 0.000000000
19.043007409 0.008138617 0.000277679 0.000231532 0.000189503 0.000154951 0.000188028 0.000175182 0.000327856 0.006593885 0.000000000 0.000000000
19.688533083 0.008293171 0.000238709 0.000175291 0.000194121 0.000086720 0.000208016 0.000185827 0.000383228 0.006821260 0.000000000 0.000000000
20.334058758 0.008462017 0.000263880 0.000191602 0.000165563 0.000098350 0.000224449 0.000205614 0.000263924 0.007048636 0.000000000 0.000000000
20.979584433 0.008392625 0.000200919 0.000193552 0.000129242 0.000163407 0.000195712 0.000261416 0.000199742 0.007048636 0.000000000 0.000000000
21.625110108 0.006562763 0.000161569 0.000142503 0.000095980 0.000258724 0.000173615 0.000314464 0.000186275 0.005229633 0.000000000 0.000000000
22.270635783 0.007579348 0.000190648 0.000153142 0.000070712 0.000192691 0.000215272 0.000244994 0.000145378 0.006366510 0.000000000 0.000000000
22.916161458 0.005960858 0.000249333 0.000154382 0.000073859 0.000159672 0.000213116 0.000162867 0.000172748 0.004774882 0.000000000 0.000000000
23.561687133 0.008990623 0.000279061 0.000192656 0.000099717 0.000160954 0.000199794 0.000128218 0.000199461 0.007730762 0.000000000 0.000000000
24.207212807 0.007182601 0.000213223 0.000210499 0.000136717 0.000252675 0.000262480 0.000189450 0.000233174 0.005684384 0.000000000 0.000000000
24.852738482 0.009107483 0.000161450 0.000194796 0.000139562 0.000295244 0.000217740 0.000269128 0.000326176 0.007503386 0.000000000 0.000000000
25.498264157 0.008025068 0.000116367 0.000198312 0.000113748 0.000229678 0.000126415 0.000178013 0.000241275 0.006821260 0.000000000 0.000000000
26.143789832 0.007492833 0.000093619 0.000226037 0.000104041 0.000199064 0.000137347 0.000169038 0.000197178 0.006366510 0.000000000 0.000000000
26.789315507 0.009650721 0.000129513 0.000249702 0.000134143 0.000225460 0.000157017 0.000165526 0.000176472 0.008412888 0.000000000 0.000000000
27.434841182 0.006122319 0.000174307 0.000272248 0.000177831 0.000246673 0.000163902 0.000159859 0.000152616 0.004774882 0.000000000 0.000000000
28.080366857 0.006759907 0.000161557 0.000187489 0.000211012 0.000278284 0.000168933 0.000147151 0.000148473 0.005457008 0.000000000 0.000000000
28.725892531 0.008589827 0.000156389 0.000144889 0.000230690 0.000299801 0.000180337 0.000149118 0.000152593 0.007276011 0.000000000 0.000000000
29.371418206 0.007042697 0.000189333 0.000111228 0.000251157 0.000306274 0.000177668 0.000177945 0.000144707 0.005684384 0.000000000 0.000000000
30.016943881 0.005430726 0.000178311 0.000079542 0.000239104 0.000312518 0.000169781 0.000210175 0.000148538 0.004092756 0.000000000 0.000000000
30.662469556 0.007141983 0.000205868 0.000109492 0.000227543 0.000324273 0.000194029 0.000221985 0.000174408 0.005684384 0.000000000 0.000000000
31.307995231 0.008065423 0.000287334 0.000213275 0.000211038 0.000320358 0.000254255 0.000221654 0.000191001 0.006366510 0.000000000 0.000000000
31.953520906 0.006388780 0.000359261 0.000315598 0.000213078 0.000195108 0.000360345 0.000218316 0.000179568 0.004547507 0.000000000 0.000000000
32.599046581 0.007877303 0.000397519 0.000322804 0.000235861 0.000121866 0.000393978 0.000298686 0.000194830 0.005911759 0.000000000 0.000000000
33.244572256 0.007981742 0.000283471 0.000308446 0.000270408 0.000195849 0.000290218 0.000359652 0.000361939 0.005911759 0.000000000 0.000000000
33.890097930 0.006402016 0.000206212 0.000292563 0.000282338 0.000207755 0.000218644 0.000242859 0.000404139 0.004547507 0.000000000 0.000000000
34.535623605 0.005461420 0.000202098 0.000256448 0.000313061 0.000214889 0.000170637 0.000183191 0.000255715 0.003865381 0.000000000 0.000000000
35.181149280 0.006661263 0.000167764 0.000238298 0.000303048 0.000246258 0.000131091 0.000196910 0.000148261 0.005229633 0.000000000 0.000000000
35.826674955 0.008846792 0.000142810 0.000247481 0.000264596 0.000235762 0.000121129 0.000207040 0.000124587 0.007503386 0.000000000 0.000000000
36.472200630 0.004902857 0.000135441 0.000223139 0.000246635 0.000187684 0.000156155 0.000174397 0.000141402 0.003638006 0.000000000 0.000000000
37.117726305 0.008150889 0.000189281 0.000204330 0.000263848 0.000158666 0.000246302 0.000114986 0.000152216 0.006821260 0.000000000 0.000000000
37.763251980 0.007740075 0.000253935 0.000205590 0.000326504 0.000176995 0.000348764 0.000136884 0.000152269 0.006139134 0.000000000 0.000000000
38.408777654 0.008042052 0.000191895 0.000238202 0.000324078 0.000173669 0.000346326 0.000219261 0.000182112 0.006366510 0.000000000 0.000000000
39.054303329 0.007176186 0.000213609 0.000281648 0.000221751 0.000176825 0.000294598 0.000306713 0.000224034 0.005457008 0.000000000 0.000000000
39.699829004 0.005204615 0.000234268 0.000257866 0.000192850 0.000241985 0.000309743 0.000328798 0.000228475 0.003410630 0.000000000 0.000000000
40.345354679 0.007560557 0.000224761 0.000220561 0.000157682 0.000329841 0.000345429 0.000351847 0.000246052 0.005684384 0.000000000 0.000000000
40.990880354 0.007980475 0.000235221 0.000247983 0.000119202 0.000288955 0.000322813 0.000337086 0.000290080 0.006139134 0.000000000 0.000000000
41.636406029 0.007418419 0.000223982 0.000236723 0.000123670 0.000227234 0.000286831 0.000325686 0.000309908 0.005684384 0.000000000 0.000000000
42.281931704 0.006889928 0.000195237 0.000185008 0.000161534 0.000221100 0.000253139 0.000310793 0.000333485 0.005229633 0.000000000 0.000000000
42.927457378 0.006715637 0.000153556 0.000139553 0.000187063 0.000165505 0.000234352 0.000275903 0.000330071 0.005229633 0.000000000 0.000000000
43.572983053 0.005964124 0.000101906 0.000124881 0.000187542 0.000143681 0.000241493 0.000282285 0.000334827 0.004547507 0.000000000 0.000000000
44.218508728 0.006016224 0.000105362 0.000147545 0.000175357 0.000157901 0.000245250 0.000286270 0.000351032 0.004547507 0.000000000 0.000000000
44.864034403 0.005632621 0.000134555 0.000208629 0.000150070 0.000151280 0.000261903 0.000257554 0.000375875 0.004092756 0.000000000 0.000000000
45.509560078 0.007298713 0.000150947 0.000245275 0.000126980 0.000134997 0.000283057 0.000288256 0.000384817 0.005684384 0.000000000 0.000000000
46.155085753 0.007958028 0.000116700 0.000193565 0.000108213 0.000164871 0.000334432 0.000352194 0.000321545 0.006366510 0.000000000 0.000000000
46.800611428 0.008031044 0.000105841 0.000099066 0.000099101 0.000140120 0.000408285 0.000328293 0.000256453 0.006593885 0.000000000 0.000000000
47.446137103 0.004785982 0.000239855 0.000042837 0.000100886 0.000081899 0.000431358 0.000279373 0.000199144 0.003410630 0.000000000 0.000000000
48.091662777 0.009487688 0.000267688 0.000044427 0.000099126 0.000077039 0.000369822 0.000270798 0.000173275 0.008185512 0.000000000 0.000000000
48.737188452 0.006243609 0.000153991 0.000079438 0.000102545 0.000103309 0.000305395 0.000311270 0.000185404 0.005002258 0.000000000 0.000000000
49.382714127 0.006837481 0.000070043 0.000112349 0.000141534 0.000126238 0.000312988 0.000372954 0.000244368 0.005457008 0.000000000 0.000000000
50.028239802 0.005852228 0.000059548 0.000127070 0.000168638 0.000142239 0.000366193 0.000343173 0.000325235 0.004320132 0.000000000 0.000000000
50.673765477 0.007992834 0.000067910 0.000167856 0.000217478 0.000169503 0.000390520 0.000391929 0.000448502 0.006139134 0.000000000 0.000000000
51.319291152 0.008354021 0.000123788 0.000205643 0.000217303 0.000208998 0.000367208 0.000378672 0.000485898 0.006366510 0.000000000 0.000000000
51.964816827 0.006774147 0.000284543 0.000236062 0.000203690 0.000243076 0.000295798 0.000336379 0.000399716 0.004774882 0.000000000 0.000000000
52.610342501 0.009547901 0.000145861 0.000229925 0.000171358 0.000192620 0.000293536 0.000374411 0.000409429 0.007730762 0.000000000 0.000000000
53.255868176 0.007282131 0.000090206 0.000186123 0.000150157 0.000118166 0.000310274 0.000376162 0.000366660 0.005684384 0.000000000 0.000000000
53.901393851 0.006564249 0.000054787 0.000133479 0.000136411 0.000081618 0.000294347 0.000310993 0.000322981 0.005229633 0.000000000 0.000000000
54.546919526 0.012398953 0.000060008 0.000118400 0.000129151 0.000081546 0.000289600 0.000262588 0.000316269 0.011141392 0.000000000 0.000000000
55.192445201 0.010781306 0.000079963 0.000094692 0.000113903 0.000076167 0.000284427 0.000253565 0.000328825 0.009549765 0.000000000 0.000000000
55.837970876 0.006907996 0.000098748 0.000094024 0.000100036 0.000062642 0.000266712 0.000270196 0.000331254 0.005684384 0.000000000 0.000000000
56.483496551 0.010093544 0.000130316 0.000105688 0.000087735 0.000067173 0.000239134 0.000293466 0.000302394 0.008867638 0.000000000 0.000000000
57.129022226 0.011305700 0.000213402 0.000091088 0.000098202 0.000089662 0.000240323 0.000297414 0.000271095 0.010004515 0.000000000 0.000000000
57.774547900 0.009640875 0.000309819 0.000067733 0.000144153 0.000115019 0.000275282 0.000286161 0.000257197 0.008185512 0.000000000 0.000000000
58.420073575 0.006571355 0.000303860 0.000062479 0.000210468 0.000126819 0.000322488 0.000267049 0.000275935 0.005002258 0.000000000 0.000000000
59.065599250 0.010239188 0.000289383 0.000066481 0.000220310 0.000136619 0.000328394 0.000259058 0.000298680 0.008640263 0.000000000 0.000000000
59.711124925 0.007427854 0.000270880 0.000054914 0.000198092 0.000163368 0.000270366 0.000259698 0.000298776 0.005911759 0.000000000 0.000000000
60.356650600 0.007207240 0.000234768 0.000083094 0.000188745 0.000192181 0.000225140 0.000326159 0.000272769 0.005684384 0.000000000 0.000000000
61.002176275 0.009934736 0.000178209 0.000122358 0.000180324 0.000185606 0.000246303 0.000346339 0.000262708 0.008412888 0.000000000 0.000000000
61.647701950 0.006922348 0.000120734 0.000168475 0.000161632 0.000151219 0.000269898 0.000295255 0.000298126 0.005457008 0.000000000 0.000000000
62.293227624 0.009044393 0.000075874 0.000259983 0.000149179 0.000125645 0.000277804 0.000259264 0.000393257 0.007503386 0.000000000 0.000000000
62.938753299 0.008456348 0.000162761 0.000313660 0.000149066 0.000104511 0.000281336 0.000266455 0.000357298 0.006821260 0.000000000 0.000000000
63.584278974 0.010248425 0.000179412 0.000318953 0.000156351 0.000123480 0.000314180 0.000330682 0.000185105 0.008640263 0.000000000 0.000000000
64.229804649 0.006853502 0.000065907 0.000290912 0.000168862 0.000167377 0.000344646 0.000229167 0.000129623 0.005457008 0.000000000 0.000000000
64.875330324 0.006046569 0.000063113 0.000248050 0.000169296 0.000187586 0.000266097 0.000185659 0.000151887 0.004774882 0.000000000 0.000000000
65.520855999 0.009904264 0.000063006 0.000203637 0.000161095 0.000203769 0.000228455 0.000211999 0.000192040 0.008640263 0.000000000 0.000000000
66.166381674 0.006936019 0.000079983 0.000160406 0.000145059 0.000246220 0.000227589 0.000191649 0.000200729 0.005684384 0.000000000 0.000000000
66.811907348 0.007504290 0.000096936 0.000119781 0.000138505 0.000295920 0.000236438 0.000205383 0.000272193 0.006139134 0.000000000 0.000000000
67.457433023 0.009436531 0.000136991 0.000099626 0.000128738 0.000285422 0.000249394 0.000239307 0.000338917 0.007958137 0.000000000 0.000000000
68.102958698 0.010183360 0.000188234 0.000088123 0.000111849 0.000177424 0.000268675 0.000247778 0.000233639 0.008867638 0.000000000 0.000000000
68.748484373 0.006986862 0.000206647 0.000105741 0.000097475 0.000140221 0.000272610 0.000287741 0.000192043 0.005684384 0.000000000 0.000000000
69.394010048 0.007634410 0.000210636 0.000141354 0.000097805 0.000143880 0.000290069 0.000404232 0.000207299 0.006139134 0.000000000 0.000000000
70.039535723 0.007761097 0.000225781 0.000095448 0.000105213 0.000128828 0.000319660 0.000259342 0.000260315 0.006366510 0.000000000 0.000000000
70.685061398 0.007058402 0.000189831 0.000091468 0.000128710 0.000114265 0.000439674 0.000292490 0.000344957 0.005457008 0.000000000 0.000000000
71.330587073 0.010520563 0.000157712 0.000127260 0.000147271 0.000115771 0.000347668 0.000370847 0.000386394 0.008867638 0.000000000 0.000000000
71.976112747 0.008013616 0.000203346 0.000132328 0.000166969 0.000126300 0.000297950 0.000335205 0.000385010 0.006366510 0.000000000 0.000000000
72.621638422 0.005964964 0.000243739 0.000175861 0.000189254 0.000155077 0.000245271 0.000345459 0.000290172 0.004320132 0.000000000 0.000000000
73.267164097 0.008691399 0.000214824 0.000198251 0.000201062 0.000146444 0.000196693 0.000361079 0.000324411 0.007048636 0.000000000 0.000000000
73.912689772 0.007914090 0.000126703 0.000198277 0.000183422 0.000135509 0.000292778 0.000265828 0.000345064 0.006366510 0.000000000 0.000000000
74.558215447 0.008984965 0.000068468 0.000198393 0.000175483 0.000163224 0.000237587 0.000324677 0.000313748 0.007503386 0.000000000 0.000000000
75.203741122 0.009330815 0.000064643 0.000186062 0.000162884 0.000194655 0.000257527 0.000216895 0.000290013 0.007958137 0.000000000 0.000000000
75.849266797 0.008746263 0.000083264 0.000143167 0.000132917 0.000200388 0.000234345 0.000180988 0.000267808 0.007503386 0.000000000 0.000000000
76.494792471 0.008642536 0.000128134 0.000121278 0.000112929 0.000190541 0.000170785 0.000180478 0.000235005 0.007503386 0.000000000 0.000000000
77.140318146 0.006346576 0.000203259 0.000104334 0.000112404 0.000174085 0.000162115 0.000179976 0.000180770 0.005229633 0.000000000 0.000000000
77.785843821 0.007960761 0.000259198 0.000107467 0.000117250 0.000139238 0.000175323 0.000175062 0.000165963 0.006821260 0.000000000 0.000000000
78.431369496 0.009211649 0.000296935 0.000118959 0.000121279 0.000170011 0.000199116 0.000178313 0.000168900 0.007958137 0.000000000 0.000000000
79.076895171 0.009620752 0.000236860 0.000113637 0.000122087 0.000170845 0.000230777 0.000175912 0.000157745 0.008412888 0.000000000 0.000000000
79.722420846 0.008388763 0.000150741 0.000122507 0.000124325 0.000128917 0.000267985 0.000178050 0.000140226 0.007276011 0.000000000 0.000000000
80.367946521 0.008105145 0.000292038 0.000137691 0.000120404 0.000114469 0.000280212 0.000192573 0.000146499 0.006821260 0.000000000 0.000000000
81.013472195 0.010272608 0.000078403 0.000159598 0.000125295 0.000120212 0.000291697 0.000215847 0.000186542 0.009095014 0.000000000 0.000000000
81.658997870 0.007861739 0.000046366 0.000170791 0.000121643 0.000135515 0.000309070 0.000252032 0.000232437 0.006593885 0.000000000 0.000000000
82.304523545 0.007971556 0.000049803 0.000174556 0.000114565 0.000140642 0.000318200 0.000331597 0.000248307 0.006593885 0.000000000 0.000000000
82.950049220 0.008894268 0.000049936 0.000168454 0.000112169 0.000134519 0.000327989 0.000376692 0.000221125 0.007503386 0.000000000 0.000000000
83.595574895 0.010463971 0.000056249 0.000151203 0.000105468 0.000144078 0.000345938 0.000341478 0.000224544 0.009095014 0.000000000 0.000000000
84.241100570 0.008614210 0.000092543 0.000128660 0.000099911 0.000158427 0.000340996 0.000278131 0.000239532 0.007276011 0.000000000 0.000000000
84.886626245 0.010923139 0.000162964 0.000098819 0.000113870 0.000154403 0.000352431 0.000240727 0.000250161 0.009549765 0.000000000 0.000000000
85.532151920 0.010027209 0.000171441 0.000085297 0.000143077 0.000168825 0.000339938 0.000231850 0.000246520 0.008640263 0.000000000 0.000000000
86.177677594 0.001669755 0.000178833 0.000078856 0.000156294 0.000194355 0.000307451 0.000283691 0.000242901 0.000227375 0.000000000 0.000000000
86.823203269 0.001629032 0.000200101 0.000099098 0.000163964 0.000277205 0.000279007 0.000350386 0.000259270 0.000000000 0.000000000 0.000000000
87.468728944 0.001804161 0.000225131 0.000154411 0.000178410 0.000322246 0.000271771 0.000342561 0.000309631 0.000000000 0.000000000 0.000000000
88.114254619 0.002011726 0.000264977 0.000215593 0.000214823 0.000327149 0.000291927 0.000312590 0.000384668 0.000000000 0.000000000 0.000000000
88.759780294 0.002347638 0.000317132 0.000281752 0.000259477 0.000348470 0.000352838 0.000341191 0.000446777 0.000000000 0.000000000 0.000000000
89.405305969 0.002795382 0.000391784 0.000324520 0.000323949 0.000354151 0.000502296 0.000416229 0.000482452 0.000000000 0.000000000 0.000000000
90.050831644 0.003366360 0.000434729 0.000351457 0.000413404 0.000375115 0.000673807 0.000547708 0.000570140 0.000000000 0.000000000 0.000000000
90.696357318 0.004253377 0.000557298 0.000441020 0.000507359 0.000446951 0.000761883 0.000812380 0.000726486 0.000000000 0.000000000 0.000000000
91.341882993 0.004632331 0.000777451 0.000562398 0.000517385 0.000489540 0.000669862 0.000835435 0.000780259 0.000000000 0.000000000 0.000000000
91.987408668 0.004226356 0.000821157 0.000609628 0.000480970 0.000502374 0.000501589 0.000640607 0.000670030 0.000000000 0.000000000 0.000000000
92.632934343 0.003565293 0.000735768 0.000575726 0.000442386 0.000430957 0.000392964 0.000461708 0.000525785 0.000000000 0.000000000 0.000000000
93.278460018 0.002933881 0.000541743 0.000498957 0.000406352 0.000329483 0.000354929 0.000367934 0.000434483 0.000000000 0.000000000 0.000000000
93.923985693 0.002534328 0.000370962 0.000441648 0.000378076 0.000258187 0.000349536 0.000356698 0.000379221 0.000000000 0.000000000 0.000000000
94.569511368 0.002379619 0.000287076 0.000383536 0.000380372 0.000252096 0.000367281 0.000363120 0.000346138 0.000000000 0.000000000 0.000000000
95.215037043 0.002417127 0.000246141 0.000357150 0.000406086 0.000274814 0.000413768 0.000367585 0.000351585 0.000000000 0.000000000 0.000000000
95.860562717 0.002705837 0.000224174 0.000398271 0.000440264 0.000333159 0.000478145 0.000412778 0.000419046 0.000000000 0.000000000 0.000000000
96.506088392 0.003104236 0.000239355 0.000425153 0.000489207 0.000425795 0.000563920 0.000461738 0.000499067 0.000000000 0.000000000 0.000000000
97.151614067 0.003486669 0.000310574 0.000479162 0.000518679 0.000524108 0.000587863 0.000521863 0.000544421 0.000000000 0.000000000 0.000000000
97.797139742 0.003676838 0.000385928 0.000520285 0.000512285 0.000570557 0.000568590 0.000570458 0.000548734 0.000000000 0.000000000 0.000000000
98.442665417 0.003665253 0.000443085 0.000491899 0.000487611 0.000580991 0.000542145 0.000583576 0.000535947 0.000000000 0.000000000 0.000000000
99.088191092 0.003526967 0.000458889 0.000468068 0.000451082 0.000571914 0.000515415 0.000545960 0.000515641 0.000000000 0.000000000 0.000000000
99.733716767 0.003319305 0.000432045 0.000438252 0.000424164 0.000522642 0.000484066 0.000523265 0.000494871 0.000000000 0.000000000 0.000000000
100.379242441 0.003187336 0.000412960 0.000410265 0.000405778 0.000491833 0.000472971 0.000518642 0.000474885 0.000000000 0.000000000 0.000000000
101.024768116 0.003106713 0.000406085 0.000427552 0.000395810 0.000471241 0.000469286 0.000491772 0.000444969 0.000000000 0.000000000 0.000000000
101.670293791 0.003030307 0.000400656 0.000433546 0.000386820 0.000448979 0.000485388 0.000456218 0.000418701 0.000000000 0.000000000 0.000000000
102.315819466 0.002988835 0.000436620 0.000420304 0.000394291 0.000403219 0.000490731 0.000427480 0.000416192 0.000000000 0.000000000 0.000000000
102.961345141 0.002965494 0.000513873 0.000374055 0.000383670 0.000358326 0.000491594 0.000423025 0.000420951 0.000000000 0.000000000 0.000000000
103.606870816 0.003038002 0.000597581 0.000329575 0.000401801 0.000336086 0.000470099 0.000460145 0.000442716 0.000000000 0.000000000 0.000000000
104.252396491 0.003132194 0.000616612 0.000351993 0.000429007 0.000314839 0.000438583 0.000491246 0.000489914 0.000000000 0.000000000 0.000000000
104.897922165 0.003187881 0.000577931 0.000393650 0.000481478 0.000297739 0.000410965 0.000498095 0.000528025 0.000000000 0.000000000 0.000000000
105.543447840 0.003190474 0.000510858 0.000425952 0.000507753 0.000306924 0.000403646 0.000496241 0.000539101 0.000000000 0.000000000 0.000000000
106.188973515 0.003165042 0.000441944 0.000463703 0.000493210 0.000370532 0.000395829 0.000472308 0.000527517 0.000000000 0.000000000 0.000000000
106.834499190 0.003062754 0.000371288 0.000467626 0.000472688 0.000431304 0.000386503 0.000433774 0.000499572 0.000000000 0.000000000 0.000000000
107.480024865 0.002949005 0.000344269 0.000467291 0.000460933 0.000478938 0.000359533 0.000380683 0.000457359 0.000000000 0.000000000 0.000000000
108.125550540 0.002899637 0.000376493 0.000446462 0.000460269 0.000520887 0.000335388 0.000334292 0.000425845 0.000000000 0.000000000 0.000000000
108.771076215 0.002960802 0.000436712 0.000464966 0.000471564 0.000562626 0.000316236 0.000310685 0.000398013 0.000000000 0.000000000 0.000000000
109.416601890 0.002999083 0.000459958 0.000499976 0.000489934 0.000562062 0.000317707 0.000305709 0.000363737 0.000000000 0.000000000 0.000000000
110.062127564 0.002977998 0.000461218 0.000485721 0.000510711 0.000519383 0.000328843 0.000319013 0.000353110 0.000000000 0.000000000 0.000000000
110.707653239 0.002951700 0.000457939 0.000476716 0.000526016 0.000448117 0.000354990 0.000336831 0.000351091 0.000000000 0.000000000 0.000000000
111.353178914 0.002933260 0.000463427 0.000478002 0.000527803 0.000403548 0.000361255 0.000354056 0.000345169 0.000000000 0.000000000 0.000000000
111.998704589 0.003029304 0.000513603 0.000515811 0.000525467 0.000396373 0.000376054 0.000369242 0.000332752 0.000000000 0.000000000 0.000000000
112.644230264 0.003064990 0.000533908 0.000542960 0.000511606 0.000401348 0.000390088 0.000365619 0.000319462 0.000000000 0.000000000 0.000000000
113.289755939 0.003035157 0.000519516 0.000521164 0.000499570 0.000414903 0.000396047 0.000364941 0.000319017 0.000000000 0.000000000 0.000000000
113.935281614 0.002995614 0.000515571 0.000474432 0.000494141 0.000422718 0.000390832 0.000366699 0.000331221 0.000000000 0.000000000 0.000000000
114.580807288 0.002996591 0.000523267 0.000462211 0.000467834 0.000401888 0.000414038 0.000381885 0.000345468 0.000000000 0.000000000 0.000000000
115.226332963 0.003001085 0.000498672 0.000458698 0.000459081 0.000358998 0.000433056 0.000414699 0.000377883 0.000000000 0.000000000 0.000000000
115.871858638 0.003056405 0.000451431 0.000459973 0.000474142 0.000337871 0.000454032 0.000450450 0.000428505 0.000000000 0.000000000 0.000000000
116.517384313 0.003146287 0.000429025 0.000467046 0.000506236 0.000337304 0.000442277 0.000471922 0.000492476 0.000000000 0.000000000 0.000000000
117.162909988 0.003237070 0.000427350 0.000476983 0.000505824 0.000359369 0.000443386 0.000485229 0.000538931 0.000000000 0.000000000 0.000000000
117.808435663 0.003266382 0.000420524 0.000489809 0.000476479 0.000423210 0.000433312 0.000484473 0.000538575 0.000000000 0.000000000 0.000000000
118.453961338 0.003234818 0.000415006 0.000489136 0.000442564 0.000477022 0.000413817 0.000489322 0.000507949 0.000000000 0.000000000 0.000000000
119.099487012 0.003103242 0.000375380 0.000442802 0.000425675 0.000503907 0.000398113 0.000481076 0.000476288 0.000000000 0.000000000 0.000000000
119.745012687 0.003027169 0.000386232 0.000401195 0.000409628 0.000505014 0.000409665 0.000437378 0.000478055 0.000000000 0.000000000 0.000000000
120.390538362 0.003047991 0.000449374 0.000386830 0.000409330 0.000495158 0.000423287 0.000415559 0.000468453 0.000000000 0.000000000 0.000000000
121.036064037 0.003080225 0.000517503 0.000378316 0.000398945 0.000486969 0.000429375 0.000415034 0.000454083 0.000000000 0.000000000 0.000000000
121.681589712 0.002996261 0.000502963 0.000376391 0.000371771 0.000487458 0.000408826 0.000399982 0.000448870 0.000000000 0.000000000 0.000000000
122.327115387 0.002898693 0.000451455 0.000393252 0.000360911 0.000498332 0.000379000 0.000377740 0.000438003 0.000000000 0.000000000 0.000000000
122.972641062 0.002924432 0.000421549 0.000416096 0.000362162 0.000528179 0.000383944 0.000394363 0.000418140 0.000000000 0.000000000 0.000000000
123.618166737 0.002966690 0.000438646 0.000410368 0.000383253 0.000549242 0.000389978 0.000399102 0.000396100 0.000000000 0.000000000 0.000000000
124.263692411 0.002961497 0.000462310 0.000395469 0.000391610 0.000526596 0.000412625 0.000411779 0.000361106 0.000000000 0.000000000 0.000000000
124.909218086 0.002948519 0.000468783 0.000403680 0.000398071 0.000485757 0.000440095 0.000419077 0.000333056 0.000000000 0.000000000 0.000000000
125.554743761 0.002998917 0.000485403 0.000441595 0.000402316 0.000471185 0.000448666 0.000419200 0.000330552 0.000000000 0.000000000 0.000000000
126.200269436 0.003063281 0.000480212 0.000469371 0.000412396 0.000483806 0.000446292 0.000417034 0.000354170 0.000000000 0.000000000 0.000000000
126.845795111 0.003097550 0.000500850 0.000475355 0.000435537 0.000480381 0.000429889 0.000393328 0.000382212 0.000000000 0.000000000 0.000000000
127.491320786 0.003123281 0.000497200 0.000507937 0.000448979 0.000504350 0.000399734 0.000368392 0.000396689 0.000000000 0.000000000 0.000000000
128.136846461 0.003113064 0.000448324 0.000529344 0.000461962 0.000507783 0.000381341 0.000377558 0.000406753 0.000000000 0.000000000 0.000000000
128.782372135 0.003114226 0.000399229 0.000535152 0.000477802 0.000510103 0.000387172 0.000396699 0.000408069 0.000000000 0.000000000 0.000000000
129.427897810 0.003074397 0.000358376 0.000524374 0.000485928 0.000474386 0.000417754 0.000414539 0.000399041 0.000000000 0.000000000 0.000000000
130.073423485 0.003023420 0.000344317 0.000474704 0.000524520 0.000427519 0.000442756 0.000413998 0.000395607 0.000000000 0.000000000 0.000000000
130.718949160 0.003012390 0.000368875 0.000470751 0.000523346 0.000392690 0.000436573 0.000418512 0.000401644 0.000000000 0.000000000 0.000000000
131.364474835 0.003062791 0.000401284 0.000483146 0.000511654 0.000385758 0.000435263 0.000431924 0.000413762 0.000000000 0.000000000 0.000000000
132.010000510 0.003121450 0.000443348 0.000494574 0.000490062 0.000389269 0.000423204 0.000442336 0.000438658 0.000000000 0.000000000 0.000000000
132.655526185 0.003089323 0.000464063 0.000468913 0.000462744 0.000370926 0.000413005 0.000453349 0.000456322 0.000000000 0.000000000 0.000000000
133.301051860 0.003049949 0.000496951 0.000429731 0.000461502 0.000371195 0.000405580 0.000437423 0.000447568 0.000000000 0.000000000 0.000000000
133.946577534 0.003071731 0.000529361 0.000409886 0.000484062 0.000368708 0.000415247 0.000442879 0.000421588 0.000000000 0.000000000 0.000000000
134.592103209 0.003085399 0.000548798 0.000381026 0.000495552 0.000362253 0.000433389 0.000442020 0.000422361 0.000000000 0.000000000 0.000000000
135.237628884 0.003106359 0.000562383 0.000368041 0.000488531 0.000369371 0.000453835 0.000432980 0.000431218 0.000000000 0.000000000 0.000000000
135.883154559 0.003132136 0.000538573 0.000395106 0.000474019 0.000406297 0.000472507 0.000406773 0.000438862 0.000000000 0.000000000 0.000000000
136.528680234 0.003127392 0.000493601 0.000441805 0.000470439 0.000433659 0.000473649 0.000403131 0.000411108 0.000000000 0.000000000 0.000000000
137.174205909 0.003117020 0.000438451 0.000510820 0.000451352 0.000450220 0.000475316 0.000402890 0.000387972 0.000000000 0.000000000 0.000000000
137.819731584 0.003120185 0.000398808 0.000558646 0.000462293 0.000451695 0.000454280 0.000409021 0.000385441 0.000000000 0.000000000 0.000000000
138.465257258 0.003096902 0.000366702 0.000549881 0.000485603 0.000472485 0.000417344 0.000410074 0.000394813 0.000000000 0.000000000 0.000000000
139.110782933 0.003031106 0.000350466 0.000478321 0.000492038 0.000499871 0.000385156 0.000430059 0.000395195 0.000000000 0.000000000 0.000000000
139.756308608 0.002997605 0.000367872 0.000430077 0.000491938 0.000516963 0.000365488 0.000431291 0.000393976 0.000000000 0.000000000 0.000000000
140.401834283 0.002982546 0.000388841 0.000418835 0.000466331 0.000502043 0.000366974 0.000412629 0.000426893 0.000000000 0.000000000 0.000000000
141.047359958 0.003036752 0.000407887 0.000419961 0.000445535 0.000489265 0.000383194 0.000401052 0.000489859 0.000000000 0.000000000 0.000000000
141.692885633 0.003097824 0.000419533 0.000442650 0.000425743 0.000471521 0.000393194 0.000420936 0.000524248 0.000000000 0.000000000 0.000000000
142.338411308 0.003128939 0.000432242 0.000460311 0.000401378 0.000448941 0.000419418 0.000454992 0.000511656 0.000000000 0.000000000 0.000000000
142.983936982 0.003115634 0.000441340 0.000455401 0.000369765 0.000450922 0.000453724 0.000455885 0.000488597 0.000000000 0.000000000 0.000000000
143.629462657 0.003085583 0.000463810 0.000442125 0.000331858 0.000456021 0.000473879 0.000459566 0.000458323 0.000000000 0.000000000 0.000000000
144.274988332 0.003073919 0.000471358 0.000431209 0.000314958 0.000457089 0.000506114 0.000470483 0.000422708 0.000000000 0.000000000 0.000000000
144.920514007 0.003107533 0.000509516 0.000397203 0.000315917 0.000467411 0.000516047 0.000469743 0.000431696 0.000000000 0.000000000 0.000000000
145.566039682 0.003182658 0.000554524 0.000347523 0.000321896 0.000450926 0.000543817 0.000502411 0.000461562 0.000000000 0.000000000 0.000000000
146.211565357 0.003258052 0.000550069 0.000313982 0.000335869 0.000449302 0.000565454 0.000554991 0.000488385 0.000000000 0.000000000 0.000000000
146.857091032 0.003256118 0.000483898 0.000301080 0.000368025 0.000432318 0.000566262 0.000589530 0.000515006 0.000000000 0.000000000 0.000000000
147.502616707 0.003295047 0.000392032 0.000339270 0.000395095 0.000416977 0.000580314 0.000612392 0.000558968 0.000000000 0.000000000 0.000000000
148.148142381 0.003374820 0.000342894 0.000427143 0.000418176 0.000389090 0.000596205 0.000609995 0.000591317 0.000000000 0.000000000 0.000000000
148.793668056 0.003438616 0.000323113 0.000524058 0.000424884 0.000379469 0.000601896 0.000583535 0.000601660 0.000000000 0.000000000 0.000000000
149.439193731 0.003430892 0.000305450 0.000537284 0.000439918 0.000388109 0.000612576 0.000552411 0.000595145 0.000000000 0.000000000 0.000000000
150.084719406 0.003363553 0.000290736 0.000509070 0.000453250 0.000412450 0.000605779 0.000525884 0.000566383 0.000000000 0.000000000 0.000000000
150.730245081 0.003294534 0.000285944 0.000451834 0.000477021 0.000434718 0.000588846 0.000537438 0.000518734 0.000000000 0.000000000 0.000000000
151.375770756 0.003259513 0.000309949 0.000404771 0.000488869 0.000447283 0.000593621 0.000553588 0.000461433 0.000000000 0.000000000 0.000000000
152.021296431 0.003255427 0.000320559 0.000398668 0.000487406 0.000461894 0.000584330 0.000566196 0.000436375 0.000000000 0.000000000 0.000000000
152.666822105 0.003279450 0.000322019 0.000405940 0.000482407 0.000476515 0.000573751 0.000571379 0.000447439 0.000000000 0.000000000 0.000000000
153.312347780 0.003283830 0.000345077 0.000413410 0.000458739 0.000486701 0.000550138 0.000538917 0.000490848 0.000000000 0.000000000 0.000000000
153.957873455 0.003289535 0.000395622 0.000417538 0.000451271 0.000491575 0.000518415 0.000519998 0.000495116 0.000000000 0.000000000 0.000000000
154.603399130 0.003269170 0.000450010 0.000388557 0.000435332 0.000488504 0.000510245 0.000498386 0.000498135 0.000000000 0.000000000 0.000000000
155.248924805 0.003203549 0.000492105 0.000372837 0.000418083 0.000470794 0.000499082 0.000473641 0.000477007 0.000000000 0.000000000 0.000000000
155.894450480 0.003177098 0.000532546 0.000392216 0.000408075 0.000443676 0.000474202 0.000458619 0.000467764 0.000000000 0.000000000 0.000000000
156.539976155 0.003126461 0.000571408 0.000412957 0.000399905 0.000422933 0.000453900 0.000436792 0.000428567 0.000000000 0.000000000 0.000000000
157.185501829 0.003072310 0.000578439 0.000427019 0.000415010 0.000391260 0.000426601 0.000420825 0.000413154 0.000000000 0.000000000 0.000000000
157.831027504 0.003013397 0.000552874 0.000429065 0.000428185 0.000364848 0.000386513 0.000424705 0.000427207 0.000000000 0.000000000 0.000000000
158.476553179 0.002964164 0.000504377 0.000424456 0.000449850 0.000354980 0.000373039 0.000412017 0.000445444 0.000000000 0.000000000 0.000000000
159.122078854 0.002938379 0.000459748 0.000425595 0.000473105 0.000349992 0.000373372 0.000396729 0.000459840 0.000000000 0.000000000 0.000000000
159.767604529 0.003003313 0.000440736 0.000447935 0.000493007 0.000368720 0.000388462 0.000390958 0.000473495 0.000000000 0.000000000 0.000000000
160.413130204 0.003078372 0.000422887 0.000466949 0.000507039 0.000388193 0.000392042 0.000406263 0.000494999 0.000000000 0.000000000 0.000000000
161.058655879 0.003112374 0.000402529 0.000483399 0.000501375 0.000405865 0.000384988 0.000439979 0.000494239 0.000000000 0.000000000 0.000000000
161.704181554 0.003171286 0.000404433 0.000504328 0.000492878 0.000436377 0.000378543 0.000474504 0.000480224 0.000000000 0.000000000 0.000000000
162.349707228 0.003259355 0.000432111 0.000518937 0.000470091 0.000472232 0.000395098 0.000487239 0.000483648 0.000000000 0.000000000 0.000000000
162.995232903 0.003243138 0.000443377 0.000505056 0.000441552 0.000494496 0.000411053 0.000452050 0.000495554 0.000000000 0.000000000 0.000000000
163.640758578 0.003199007 0.000453297 0.000492151 0.000421462 0.000500539 0.000422199 0.000405564 0.000503796 0.000000000 0.000000000 0.000000000
164.286284253 0.003083951 0.000444478 0.000453074 0.000403540 0.000495570 0.000436044 0.000390537 0.000460708 0.000000000 0.000000000 0.000000000
164.931809928 0.003010403 0.000455105 0.000433733 0.000384116 0.000482359 0.000449704 0.000394164 0.000411223 0.000000000 0.000000000 0.000000000
165.577335603 0.003022749 0.000460532 0.000418738 0.000374787 0.000485269 0.000468706 0.000432292 0.000382425 0.000000000 0.000000000 0.000000000
166.222861278 0.003023755 0.000433289 0.000391671 0.000373562 0.000473139 0.000505999 0.000452005 0.000394089 0.000000000 0.000000000 0.000000000
166.868386952 0.003046119 0.000413799 0.000369521 0.000376866 0.000459971 0.000531899 0.000480101 0.000413962 0.000000000 0.000000000 0.000000000
167.513912627 0.003166857 0.000447618 0.000378382 0.000391369 0.000432466 0.000552393 0.000502896 0.000461733 0.000000000 0.000000000 0.000000000
168.159438302 0.003276552 0.000460381 0.000397127 0.000395590 0.000424278 0.000542084 0.000549046 0.000508048 0.000000000 0.000000000 0.000000000
168.804963977 0.003348450 0.000457868 0.000427522 0.000400995 0.000405001 0.000522060 0.000584015 0.000550988 0.000000000 0.000000000 0.000000000
169.450489652 0.003407004 0.000454720 0.000430128 0.000416539 0.000383444 0.000522852 0.000593038 0.000606283 0.000000000 0.000000000 0.000000000
170.096015327 0.003404007 0.000417928 0.000399106 0.000418726 0.000390123 0.000521799 0.000593374 0.000662949 0.000000000 0.000000000 0.000000000
170.741541002 0.003426925 0.000383586 0.000391059 0.000430724 0.000400383 0.000538606 0.000588226 0.000694342 0.000000000 0.000000000 0.000000000
171.387066677 0.003435231 0.000367225 0.000402314 0.000440640 0.000373599 0.000562779 0.000591893 0.000696781 0.000000000 0.000000000 0.000000000
172.032592351 0.003449789 0.000391828 0.000422262 0.000423392 0.000353683 0.000601331 0.000599675 0.000657619 0.000000000 0.000000000 0.000000000
172.678118026 0.003363569 0.000385183 0.000425813 0.000393040 0.000329314 0.000620236 0.000608083 0.000601901 0.000000000 0.000000000 0.000000000
173.323643701 0.003253780 0.000357261 0.000404178 0.000365997 0.000345530 0.000629848 0.000594137 0.000556829 0.000000000 0.000000000 0.000000000
173.969169376 0.003224319 0.000351199 0.000387815 0.000355776 0.000367859 0.000625538 0.000605238 0.000530895 0.000000000 0.000000000 0.000000000
174.614695051 0.003257314 0.000372798 0.000360971 0.000368620 0.000399012 0.000595724 0.000607455 0.000552734 0.000000000 0.000000000 0.000000000
175.260220726 0.003396681 0.000389485 0.000333290 0.000396885 0.000446680 0.000593261 0.000631606 0.000605473 0.000000000 0.000000000 0.000000000
175.905746401 0.003493622 0.000398020 0.000345088 0.000403963 0.000486233 0.000612555 0.000635463 0.000612300 0.000000000 0.000000000 0.000000000
176.551272075 0.003511270 0.000415945 0.000365001 0.000412100 0.000499425 0.000627821 0.000595054 0.000595924 0.000000000 0.000000000 0.000000000
177.196797750 0.003456223 0.000425394 0.000386769 0.000407772 0.000489359 0.000610329 0.000571581 0.000565019 0.000000000 0.000000000 0.000000000
177.842323425 0.003372999 0.000416528 0.000400792 0.000413644 0.000472716 0.000566289 0.000573451 0.000529579 0.000000000 0.000000000 0.000000000
178.487849100 0.003321381 0.000436776 0.000425227 0.000410467 0.000451099 0.000527188 0.000564357 0.000506268 0.000000000 0.000000000 0.000000000
179.133374775 0.003234645 0.000445555 0.000438808 0.000400890 0.000415373 0.000496518 0.000524914 0.000512588 0.000000000 0.000000000 0.000000000
179.778900450 0.003190070 0.000449891 0.000467059 0.000406284 0.000374504 0.000497014 0.000485711 0.000509606 0.000000000 0.000000000 0.000000000
180.424426125 0.003168844 0.000423583 0.000490687 0.000425648 0.000363278 0.000497165 0.000461924 0.000506559 0.000000000 0.000000000 0.000000000
181.069951799 0.003159692 0.000418957 0.000496040 0.000434009 0.000365591 0.000488180 0.000453292 0.000503622 0.000000000 0.000000000 0.000000000
181.715477474 0.003138146 0.000416181 0.000469970 0.000449373 0.000369295 0.000479631 0.000458096 0.000495597 0.000000000 0.000000000 0.000000000
182.361003149 0.003104043 0.000421636 0.000422880 0.000469328 0.000388740 0.000457825 0.000466985 0.000476648 0.000000000 0.000000000 0.000000000
183.006528824 0.003075787 0.000428064 0.000417106 0.000482072 0.000411277 0.000434138 0.000452330 0.000450799 0.000000000 0.000000000 0.000000000
183.652054499 0.003111665 0.000444535 0.000434140 0.000470610 0.000415715 0.000443434 0.000444378 0.000458854 0.000000000 0.000000000 0.000000000
184.297580174 0.003168845 0.000446714 0.000471575 0.000465136 0.000426413 0.000436724 0.000442049 0.000480234 0.000000000 0.000000000 0.000000000
184.943105849 0.003176193 0.000459548 0.000476024 0.000453942 0.000421354 0.000439255 0.000436564 0.000489507 0.000000000 0.000000000 0.000000000
185.588631524 0.003187684 0.000470225 0.000475193 0.000447085 0.000422901 0.000449201 0.000440726 0.000482353 0.000000000 0.000000000 0.000000000
186.234157198 0.003216320 0.000470055 0.000472042 0.000439583 0.000427953 0.000472917 0.000464103 0.000469667 0.000000000 0.000000000 0.000000000
186.879682873 0.003257688 0.000466206 0.000454617 0.000431949 0.000422932 0.000492202 0.000512255 0.000477528 0.000000000 0.000000000 0.000000000
187.525208548 0.003299078 0.000440079 0.000425443 0.000445057 0.000426532 0.000518213 0.000549935 0.000493820 0.000000000 0.000000000 0.000000000
188.170734223 0.003330211 0.000429367 0.000394702 0.000435817 0.000428857 0.000551505 0.000558591 0.000531373 0.000000000 0.000000000 0.000000000
188.816259898 0.003364992 0.000418372 0.000380991 0.000422488 0.000442281 0.000576403 0.000557590 0.000566867 0.000000000 0.000000000 0.000000000
189.461785573 0.003396013 0.000414089 0.000398233 0.000408082 0.000424329 0.000589567 0.000579323 0.000582388 0.000000000 0.000000000 0.000000000
190.107311248 0.003390237 0.000402462 0.000405636 0.000383229 0.000396136 0.000599785 0.000615685 0.000587304 0.000000000 0.000000000 0.000000000
190.752836922 0.003356333 0.000394959 0.000383030 0.000392898 0.000376496 0.000596086 0.000626240 0.000586623 0.000000000 0.000000000 0.000000000
191.398362597 0.003298089 0.000390569 0.000352378 0.000420877 0.000387369 0.000578441 0.000593944 0.000574509 0.000000000 0.000000000 0.000000000
192.043888272 0.003210723 0.000366070 0.000328313 0.000433994 0.000405990 0.000541635 0.000561437 0.000573285 0.000000000 0.000000000 0.000000000
192.689413947 0.003172423 0.000359421 0.000351169 0.000439083 0.000412236 0.000521418 0.000524365 0.000564731 0.000000000 0.000000000 0.000000000
193.334939622 0.003123432 0.000360959 0.000392097 0.000438905 0.000408394 0.000495845 0.000483845 0.000543388 0.000000000 0.000000000 0.000000000
193.980465297 0.003160933 0.000396729 0.000409750 0.000431578 0.000434398 0.000473376 0.000484501 0.000530602 0.000000000 0.000000000 0.000000000
194.625990972 0.003138729 0.000425121 0.000414722 0.000424185 0.000449712 0.000448051 0.000469944 0.000506993 0.000000000 0.000000000 0.000000000
195.271516647 0.003111418 0.000455463 0.000424208 0.000397252 0.000470608 0.000433550 0.000450761 0.000479577 0.000000000 0.000000000 0.000000000
195.917042321 0.003088791 0.000469755 0.000429521 0.000377632 0.000487771 0.000432301 0.000438718 0.000453093 0.000000000 0.000000000 0.000000000
196.562567996 0.003130171 0.000508529 0.000464525 0.000360806 0.000495015 0.000447042 0.000440502 0.000413752 0.000000000 0.000000000 0.000000000
197.208093671 0.003191812 0.000520304 0.000508141 0.000360990 0.000499302 0.000450056 0.000461735 0.000391283 0.000000000 0.000000000 0.000000000
197.853619346 0.003213000 0.000517488 0.000551372 0.000360226 0.000502604 0.000456956 0.000450020 0.000374333 0.000000000 0.000000000 0.000000000
198.499145021 0.003212522 0.000491322 0.000564291 0.000373458 0.000481947 0.000472123 0.000442711 0.000386670 0.000000000 0.000000000 0.000000000
199.144670696 0.003201176 0.000443753 0.000551752 0.000395394 0.000493025 0.000486286 0.000425188 0.000405778 0.000000000 0.000000000 0.000000000
199.790196371 0.003167345 0.000426814 0.000500516 0.000438434 0.000478997 0.000473836 0.000429558 0.000419190 0.000000000 0.000000000 0.000000000
200.435722045 0.003118673 0.000411587 0.000453312 0.000492900 0.000456942 0.000440165 0.000425836 0.000437933 0.000000000 0.000000000 0.000000000
201.081247720 0.003015964 0.000407078 0.000395128 0.000525726 0.000421542 0.000405411 0.000420016 0.000441065 0.000000000 0.000000000 0.000000000
201.726773395 0.003018564 0.000418856 0.000354535 0.000532130 0.000423810 0.000396897 0.000417821 0.000474515 0.000000000 0.000000000 0.000000000
202.372299070 0.002989427 0.000391560 0.000350609 0.000514621 0.000425162 0.000397822 0.000427313 0.000482339 0.000000000 0.000000000 0.000000000
203.017824745 0.002913849 0.000368810 0.000362297 0.000478751 0.000427352 0.000392646 0.000421389 0.000462605 0.000000000 0.000000000 0.000000000
203.663350420 0.002908103 0.000362563 0.000410615 0.000446046 0.000430538 0.000385292 0.000421470 0.000451579 0.000000000 0.000000000 0.000000000
204.308876095 0.002948716 0.000382621 0.000447231 0.000429995 0.000433046 0.000399665 0.000415089 0.000441068 0.000000000 0.000000000 0.000000000
204.954401769 0.003029717 0.000440515 0.000471558 0.000417946 0.000438818 0.000414697 0.000415757 0.000430426 0.000000000 0.000000000 0.000000000
205.599927444 0.003172534 0.000529823 0.000474536 0.000423831 0.000456448 0.000432452 0.000423016 0.000432428 0.000000000 0.000000000 0.000000000
206.245453119 0.003321564 0.000613565 0.000470248 0.000436225 0.000479218 0.000442736 0.000439182 0.000440391 0.000000000 0.000000000 0.000000000
206.890978794 0.003367557 0.000648882 0.000434158 0.000439472 0.000496805 0.000460289 0.000448507 0.000439441 0.000000000 0.000000000 0.000000000
207.536504469 0.003336053 0.000629589 0.000417903 0.000442064 0.000500617 0.000462622 0.000458194 0.000425064 0.000000000 0.000000000 0.000000000
208.182030144 0.003216137 0.000531064 0.000418761 0.000429583 0.000475777 0.000469664 0.000469418 0.000421870 0.000000000 0.000000000 0.000000000
208.827555819 0.003074497 0.000431864 0.000414115 0.000404974 0.000454155 0.000474861 0.000470139 0.000424390 0.000000000 0.000000000 0.000000000
209.473081494 0.003003448 0.000388810 0.000422610 0.000411381 0.000426520 0.000485098 0.000449217 0.000419812 0.000000000 0.000000000 0.000000000
210.118607168 0.002971881 0.000324780 0.000436437 0.000420007 0.000415253 0.000526300 0.000449444 0.000399660 0.000000000 0.000000000 0.000000000
210.764132843 0.002963289 0.000277160 0.000427938 0.000420811 0.000402056 0.000574788 0.000457040 0.000403497 0.000000000 0.000000000 0.000000000
211.409658518 0.003051706 0.000255302 0.000462295 0.000425293 0.000404682 0.000599491 0.000477865 0.000426779 0.000000000 0.000000000 0.000000000
212.055184193 0.003200051 0.000270808 0.000499049 0.000434369 0.000417669 0.000583140 0.000523613 0.000471402 0.000000000 0.000000000 0.000000000
212.700709868 0.003384922 0.000310072 0.000527441 0.000450610 0.000442176 0.000560847 0.000564436 0.000529341 0.000000000 0.000000000 0.000000000
213.346235543 0.003492472 0.000360550 0.000523509 0.000469838 0.000465218 0.000540829 0.000580624 0.000551904 0.000000000 0.000000000 0.000000000
213.991761218 0.003593044 0.000395289 0.000512338 0.000483361 0.000498895 0.000546384 0.000603525 0.000553253 0.000000000 0.000000000 0.000000000
214.637286892 0.003644804 0.000423166 0.000516797 0.000475435 0.000513755 0.000536117 0.000609921 0.000569612 0.000000000 0.000000000 0.000000000
215.282812567 0.003573845 0.000451349 0.000457849 0.000458289 0.000498796 0.000533454 0.000591004 0.000583105 0.000000000 0.000000000 0.000000000
215.928338242 0.003394979 0.000462351 0.000426874 0.000431753 0.000467530 0.000506535 0.000545288 0.000554649 0.000000000 0.000000000 0.000000000
216.573863917 0.003108740 0.000438828 0.000370424 0.000411427 0.000427554 0.000468210 0.000474313 0.000517983 0.000000000 0.000000000 0.000000000
217.219389592 0.002894469 0.000443790 0.000317105 0.000389133 0.000385450 0.000439352 0.000429806 0.000489834 0.000000000 0.000000000 0.000000000
217.864915267 0.002734038 0.000454810 0.000291470 0.000358655 0.000356467 0.000422762 0.000396295 0.000453579 0.000000000 0.000000000 0.000000000
218.510440942 0.002673118 0.000493412 0.000285701 0.000336743 0.000328613 0.000412514 0.000379591 0.000436544 0.000000000 0.000000000 0.000000000
219.155966616 0.002732696 0.000556582 0.000297124 0.000348740 0.000331859 0.000401210 0.000374033 0.000423149 0.000000000 0.000000000 0.000000000
219.801492291 0.002908171 0.000604643 0.000333665 0.000377445 0.000389208 0.000392897 0.000382233 0.000428080 0.000000000 0.000000000 0.000000000
220.447017966 0.003078155 0.000599872 0.000379877 0.000423568 0.000450235 0.000375851 0.000411766 0.000436986 0.000000000 0.000000000 0.000000000
221.092543641 0.003225032 0.000553643 0.000445310 0.000481800 0.000484642 0.000368820 0.000461282 0.000429535 0.000000000 0.000000000 0.000000000
221.738069316 0.003395208 0.000502399 0.000519312 0.000556250 0.000519285 0.000386162 0.000482380 0.000429419 0.000000000 0.000000000 0.000000000
222.383594991 0.003473202 0.000479164 0.000558268 0.000636097 0.000500127 0.000403766 0.000472814 0.000422966 0.000000000 0.000000000 0.000000000
223.029120666 0.003416083 0.000438242 0.000568671 0.000685164 0.000452686 0.000423390 0.000427185 0.000420746 0.000000000 0.000000000 0.000000000
223.674646341 0.003248436 0.000372452 0.000574801 0.000684706 0.000387356 0.000422318 0.000396906 0.000409896 0.000000000 0.000000000 0.000000000
224.320172015 0.003101114 0.000336843 0.000592497 0.000670812 0.000322296 0.000389247 0.000371384 0.000418034 0.000000000 0.000000000 0.000000000
224.965697690 0.002962665 0.000310099 0.000598905 0.000655702 0.000284920 0.000375834 0.000339641 0.000397564 0.000000000 0.000000000 0.000000000
225.611223365 0.002737892 0.000301285 0.000524779 0.000608940 0.000272286 0.000387232 0.000287164 0.000356205 0.000000000 0.000000000 0.000000000
226.256749040 0.002562360 0.000318525 0.000459295 0.000521621 0.000260655 0.000419657 0.000258877 0.000323730 0.000000000 0.000000000 0.000000000
226.902274715 0.002530488 0.000343975 0.000416968 0.000432250 0.000259362 0.000473710 0.000296893 0.000307331 0.000000000 0.000000000 0.000000000
227.547800390 0.002738958 0.000417702 0.000423057 0.000377554 0.000288020 0.000538936 0.000415009 0.000278680 0.000000000 0.000000000 0.000000000
228.193326065 0.003245758 0.000534801 0.000491941 0.000336472 0.000371545 0.000632315 0.000575108 0.000303576 0.000000000 0.000000000 0.000000000
228.838851739 0.004035933 0.000617434 0.000592075 0.000328736 0.000548320 0.000740487 0.000772503 0.000436378 0.000000000 0.000000000 0.000000000
229.484377414 0.004778397 0.000598439 0.000594944 0.000382818 0.000715064 0.000845015 0.000947662 0.000694457 0.000000000 0.000000000 0.000000000
230.129903089 0.004907063 0.000513289 0.000515633 0.000458944 0.000701354 0.000853447 0.000951748 0.000912648 0.000000000 0.000000000 0.000000000
230.775428764 0.004243853 0.000467225 0.000397194 0.000482120 0.000494357 0.000704750 0.000775936 0.000922272 0.000000000 0.000000000 0.000000000
231.420954439 0.003344842 0.000416224 0.000288992 0.000444817 0.000342639 0.000521336 0.000560093 0.000770742 0.000000000 0.000000000 0.000000000
232.066480114 0.002514727 0.000326379 0.000226898 0.000338856 0.000321161 0.000375290 0.000392317 0.000533826 0.000000000 0.000000000 0.000000000
232.712005789 0.002103580 0.000238281 0.000193640 0.000276107 0.000339870 0.000285106 0.000353322 0.000417254 0.000000000 0.000000000 0.000000000
233.357531464 0.001919120 0.000207982 0.000173831 0.000236419 0.000329564 0.000245133 0.000363331 0.000362861 0.000000000 0.000000000 0.000000000
234.003057138 0.001747097 0.000200879 0.000176458 0.000210536 0.000270655 0.000232138 0.000273727 0.000382704 0.000000000 0.000000000 0.000000000
234.648582813 0.001570398 0.000164689 0.000203340 0.000190728 0.000178951 0.000217811 0.000208458 0.000406421 0.000000000 0.000000000 0.000000000
235.294108488 0.005084886 0.000142032 0.000267004 0.000156537 0.000123192 0.000208143 0.000194704 0.000355267 0.000000000 0.003638006 0.000000000
235.939634163 0.009345602 0.000124201 0.000307407 0.000139737 0.000140325 0.000207538 0.000211750 0.000256507 0.000000000 0.007958137 0.000000000
236.585159838 0.009910829 0.000111929 0.000240413 0.000118407 0.000186404 0.000204751 0.000238829 0.000169833 0.000000000 0.008640263 0.000000000
237.230685513 0.010264675 0.000107674 0.000143961 0.000110118 0.000201901 0.000202946 0.000245846 0.000157217 0.000000000 0.009095014 0.000000000
237.876211188 0.007955873 0.000099733 0.000094106 0.000114830 0.000172460 0.000201979 0.000230711 0.000220795 0.000000000 0.006821260 0.000000000
238.521736862 0.009339259 0.000090498 0.000091888 0.000151999 0.000146237 0.000197860 0.000183956 0.000291309 0.000000000 0.008185512 0.000000000
239.167262537 0.007609745 0.000114874 0.000108141 0.000192665 0.000206420 0.000199254 0.000151186 0.000270696 0.000000000 0.006366510 0.000000000
239.812788212 0.008547437 0.000106463 0.000123964 0.000173965 0.000276932 0.000211886 0.000169826 0.000208390 0.000000000 0.007276011 0.000000000
240.458313887 0.009701821 0.000101332 0.000110635 0.000126425 0.000204941 0.000234385 0.000231778 0.000279438 0.000000000 0.008412888 0.000000000
241.103839562 0.008345243 0.000114406 0.000090887 0.000090240 0.000121431 0.000252612 0.000370050 0.000256982 0.000000000 0.007048636 0.000000000
241.749365237 0.008598887 0.000094709 0.000076190 0.000077118 0.000091690 0.000350971 0.000409789 0.000222408 0.000000000 0.007276011 0.000000000
242.394890912 0.010841048 0.000108486 0.000108925 0.000088705 0.000093246 0.000359088 0.000266508 0.000266326 0.000000000 0.009549765 0.000000000
243.040416586 0.007420261 0.000134876 0.000164893 0.000124162 0.000123659 0.000209459 0.000247421 0.000276657 0.000000000 0.006139134 0.000000000
243.685942261 0.008536195 0.000128154 0.000136329 0.000173309 0.000126250 0.000200093 0.000242400 0.000253650 0.000000000 0.007276011 0.000000000
244.331467936 0.006053454 0.000131362 0.000154830 0.000197564 0.000132582 0.000239510 0.000199839 0.000222885 0.000000000 0.004774882 0.000000000
244.976993611 0.008827855 0.000108210 0.000215491 0.000151763 0.000198585 0.000268156 0.000163140 0.000219123 0.000000000 0.007503386 0.000000000
245.622519286 0.009908810 0.000096341 0.000168480 0.000118017 0.000212331 0.000261989 0.000170495 0.000240894 0.000000000 0.008640263 0.000000000
246.268044961 0.009046881 0.000141577 0.000104480 0.000097706 0.000152762 0.000252657 0.000240320 0.000326617 0.000000000 0.007730762 0.000000000
246.913570636 0.008479934 0.000149990 0.000099605 0.000084116 0.000149996 0.000251455 0.000341930 0.000354206 0.000000000 0.007048636 0.000000000
247.559096311 0.008012312 0.000102097 0.000101063 0.000066203 0.000221202 0.000257475 0.000331531 0.000338858 0.000000000 0.006593885 0.000000000
248.204621985 0.007829637 0.000080768 0.000145369 0.000052111 0.000272049 0.000269552 0.000306865 0.000336414 0.000000000 0.006366510 0.000000000
248.850147660 0.005401094 0.000076439 0.000185813 0.000046980 0.000267859 0.000274739 0.000358458 0.000325425 0.000000000 0.003865381 0.000000000
249.495673335 0.009648803 0.000268962 0.000134628 0.000050524 0.000239696 0.000279764 0.000380334 0.000336759 0.000000000 0.007958137 0.000000000
250.141199010 0.009098408 0.000236989 0.000090675 0.000066950 0.000190001 0.000297144 0.000368334 0.000344928 0.000000000 0.007503386 0.000000000
250.786724685 0.006752143 0.000161602 0.000069261 0.000102579 0.000162971 0.000318832 0.000349211 0.000358054 0.000000000 0.005229633 0.000000000
251.432250360 0.008420371 0.000199885 0.000071140 0.000144898 0.000140570 0.000319401 0.000315424 0.000407793 0.000000000 0.006821260 0.000000000
252.077776035 0.007766584 0.000205733 0.000098413 0.000161623 0.000121307 0.000443956 0.000412781 0.000411012 0.000000000 0.005911759 0.000000000
252.723301709 0.007713035 0.000166597 0.000136761 0.000159172 0.000103924 0.000297443 0.000216287 0.000266341 0.000000000 0.006366510 0.000000000
253.368827384 0.009761956 0.000120030 0.000160347 0.000143009 0.000132660 0.000305904 0.000245032 0.000242086 0.000000000 0.008412888 0.000000000
254.014353059 0.010304760 0.000078188 0.000176511 0.000131321 0.000236367 0.000318352 0.000282302 0.000214082 0.000000000 0.008867638 0.000000000
254.659878734 0.005816966 0.000060520 0.000228695 0.000121681 0.000084916 0.000352985 0.000240583 0.000180077 0.000000000 0.004547507 0.000000000
255.305404409 0.009318803 0.000086734 0.000440304 0.000120012 0.000106076 0.000394915 0.000267855 0.000172145 0.000000000 0.007730762 0.000000000
255.950930084 0.008731754 0.000116112 0.000203202 0.000136277 0.000124442 0.000376239 0.000315221 0.000184250 0.000000000 0.007276011 0.000000000
256.596455759 0.005937320 0.000087337 0.000147019 0.000161527 0.000132859 0.000317390 0.000342757 0.000200924 0.000000000 0.004547507 0.000000000
257.241981433 0.007082007 0.000047616 0.000110240 0.000173493 0.000125023 0.000321247 0.000362701 0.000257303 0.000000000 0.005684384 0.000000000
257.887507108 0.011242996 0.000039284 0.000093898 0.000156610 0.000132749 0.000335113 0.000344950 0.000363252 0.000000000 0.009777140 0.000000000
258.533032783 0.007919128 0.000057326 0.000102668 0.000173417 0.000130257 0.000308326 0.000314239 0.000466386 0.000000000 0.006366510 0.000000000
259.178558458 0.008876801 0.000065983 0.000100814 0.000279481 0.000111882 0.000263213 0.000328792 0.000450626 0.000000000 0.007276011 0.000000000
259.824084133 0.008162148 0.000080850 0.000093544 0.000242958 0.000109849 0.000250296 0.000359320 0.000431446 0.000000000 0.006593885 0.000000000
260.469609808 0.007413362 0.000130870 0.000085624 0.000103652 0.000114674 0.000257655 0.000379170 0.000429958 0.000000000 0.005911759 0.000000000
261.115135483 0.007873427 0.000193407 0.000076590 0.000099146 0.000113306 0.000267190 0.000353415 0.000403864 0.000000000 0.006366510 0.000000000
261.760661158 0.008201182 0.000194010 0.000069700 0.000125892 0.000104081 0.000272569 0.000296739 0.000316931 0.000000000 0.006821260 0.000000000
262.406186832 0.008538313 0.000183660 0.000070909 0.000138429 0.000151476 0.000276245 0.000237380 0.000204203 0.000000000 0.007276011 0.000000000
263.051712507 0.009187034 0.000194577 0.000093472 0.000122043 0.000217128 0.000279046 0.000190844 0.000131788 0.000000000 0.007958137 0.000000000
263.697238182 0.007994145 0.000210443 0.000125733 0.000108507 0.000220090 0.000242739 0.000148579 0.000116795 0.000000000 0.006821260 0.000000000
264.342763857 0.011338638 0.000225931 0.000152022 0.000105936 0.000185740 0.000184975 0.000131152 0.000120991 0.000000000 0.010231891 0.000000000
264.988289532 0.009886303 0.000163327 0.000166191 0.000108356 0.000131167 0.000166347 0.000140801 0.000142474 0.000000000 0.008867638 0.000000000
265.633815207 0.007150557 0.000124954 0.000142418 0.000104511 0.000120447 0.000175241 0.000158114 0.000185738 0.000000000 0.006139134 0.000000000
266.279340882 0.009976990 0.000124326 0.000131466 0.000114943 0.000127891 0.000178463 0.000182100 0.000250162 0.000000000 0.008867638 0.000000000
266.924866556 0.010945810 0.000108433 0.000153284 0.000133367 0.000144659 0.000162040 0.000214373 0.000252516 0.000000000 0.009777140 0.000000000
267.570392231 0.007176011 0.000117036 0.000224612 0.000163216 0.000140642 0.000167584 0.000239246 0.000211917 0.000000000 0.005911759 0.000000000
268.215917906 0.007016726 0.000143108 0.000309553 0.000189464 0.000120953 0.000181848 0.000215182 0.000172235 0.000000000 0.005684384 0.000000000
268.861443581 0.008528942 0.000128108 0.000287536 0.000208237 0.000110184 0.000190333 0.000167537 0.000160995 0.000000000 0.007276011 0.000000000
269.506969256 0.005968275 0.000070818 0.000197056 0.000217017 0.000092602 0.000208834 0.000168334 0.000238732 0.000000000 0.004774882 0.000000000
270.152494931 0.008785247 0.000057859 0.000124564 0.000231512 0.000071374 0.000243758 0.000236784 0.000316010 0.000000000 0.007503386 0.000000000
270.798020606 0.005508508 0.000077868 0.000100356 0.000236182 0.000057253 0.000265525 0.000270096 0.000181098 0.000000000 0.004320132 0.000000000
271.443546281 0.005427336 0.000108861 0.000101644 0.000232096 0.000058997 0.000237225 0.000223398 0.000144983 0.000000000 0.004320132 0.000000000
272.089071955 0.007746482 0.000148597 0.000120909 0.000233037 0.000071102 0.000208168 0.000202072 0.000168712 0.000000000 0.006593885 0.000000000
272.734597630 0.007253884 0.000149652 0.000127436 0.000182895 0.000077616 0.000193013 0.000176259 0.000207880 0.000000000 0.006139134 0.000000000
273.380123305 0.007027854 0.000147327 0.000131112 0.000140917 0.000095498 0.000202693 0.000166083 0.000232465 0.000000000 0.005911759 0.000000000
274.025648980 0.005533834 0.000169188 0.000139167 0.000124004 0.000123579 0.000223252 0.000205872 0.000228641 0.000000000 0.004320132 0.000000000
274.671174655 0.007707680 0.000184850 0.000137324 0.000125790 0.000153404 0.000242176 0.000279293 0.000218333 0.000000000 0.006366510 0.000000000
275.316700330 0.007683859 0.000195165 0.000128191 0.000109076 0.000169179 0.000246195 0.000267564 0.000201979 0.000000000 0.006366510 0.000000000
275.962226005 0.006518715 0.000175763 0.000112141 0.000093862 0.000185274 0.000280713 0.000238744 0.000202584 0.000000000 0.005229633 0.000000000
276.607751679 0.005847982 0.000134688 0.000088304 0.000104177 0.000201059 0.000298522 0.000228370 0.000245354 0.000000000 0.004547507 0.000000000
277.253277354 0.006062583 0.000138929 0.000103190 0.000120186 0.000187029 0.000256005 0.000219966 0.000262395 0.000000000 0.004774882 0.000000000
277.898803029 0.005185169 0.000157937 0.000151476 0.000152277 0.000159617 0.000218033 0.000239061 0.000241386 0.000000000 0.003865381 0.000000000
278.544328704 0.007276322 0.000156728 0.000176688 0.000174804 0.000155273 0.000208783 0.000274393 0.000217894 0.000000000 0.005911759 0.000000000
279.189854379 0.006447667 0.000144840 0.000173018 0.000181166 0.000159891 0.000231250 0.000292525 0.000262720 0.000000000 0.005002258 0.000000000
279.835380054 0.008432328 0.000128663 0.000163021 0.000193523 0.000167428 0.000282579 0.000315865 0.000359988 0.000000000 0.006821260 0.000000000
280.480905729 0.006072187 0.000113380 0.000167542 0.000165597 0.000189556 0.000361343 0.000341362 0.000413274 0.000000000 0.004320132 0.000000000
281.126431403 0.008391572 0.000115650 0.000220001 0.000140522 0.000212983 0.000428269 0.000327717 0.000352544 0.000000000 0.006593885 0.000000000
281.771957078 0.004823223 0.000117413 0.000245041 0.000129849 0.000253672 0.000463100 0.000358809 0.000299461 0.000000000 0.002955879 0.000000000
282.417482753 0.006858726 0.000099495 0.000208815 0.000128532 0.000254365 0.000456010 0.000422417 0.000286834 0.000000000 0.005002258 0.000000000
283.063008428 0.009118168 0.000067995 0.000196047 0.000112974 0.000247373 0.000478953 0.000447530 0.000291284 0.000000000 0.007276011 0.000000000
283.708534103 0.009613511 0.000046043 0.000243595 0.000113210 0.000223267 0.000487547 0.000458525 0.000310562 0.000000000 0.007730762 0.000000000
284.354059778 0.006033133 0.000052778 0.000226696 0.000149153 0.000174009 0.000401427 0.000384635 0.000324303 0.000000000 0.004320132 0.000000000
284.999585453 0.006275091 0.000101952 0.000143407 0.000224979 0.000156873 0.000251475 0.000297673 0.000323851 0.000000000 0.004774882 0.000000000
285.645111128 0.009452793 0.000173154 0.000104355 0.000307944 0.000160536 0.000163171 0.000266661 0.000318837 0.000000000 0.007958137 0.000000000
286.290636802 0.006073869 0.000254706 0.000086386 0.000333441 0.000174332 0.000145143 0.000231145 0.000301211 0.000000000 0.004547507 0.000000000
286.936162477 0.005261648 0.000403132 0.000093252 0.000296807 0.000185140 0.000164311 0.000195647 0.000285354 0.000000000 0.003638006 0.000000000
287.581688152 0.006938585 0.000407647 0.000161027 0.000290299 0.000154711 0.000219129 0.000195192 0.000280948 0.000000000 0.005229633 0.000000000
288.227213827 0.007331708 0.000324501 0.000237683 0.000281346 0.000096152 0.000251156 0.000202490 0.000253997 0.000000000 0.005684384 0.000000000
288.872739502 0.007354497 0.000404670 0.000291651 0.000212249 0.000050016 0.000221767 0.000190954 0.000298806 0.000000000 0.005684384 0.000000000
289.518265177 0.006844937 0.000397154 0.000321071 0.000141412 0.000043224 0.000182658 0.000243137 0.000286648 0.000000000 0.005229633 0.000000000
290.163790852 0.007620834 0.000248125 0.000322849 0.000134335 0.000063958 0.000183552 0.000291562 0.000237318 0.000000000 0.006139134 0.000000000
290.809316526 0.006117518 0.000182071 0.000263827 0.000161194 0.000106361 0.000203392 0.000221487 0.000204304 0.000000000 0.004774882 0.000000000
291.454842201 0.006873006 0.000300499 0.000172339 0.000197379 0.000170769 0.000185738 0.000210013 0.000179262 0.000000000 0.005457008 0.000000000
292.100367876 0.007613897 0.000337254 0.000171782 0.000237838 0.000164360 0.000186211 0.000198469 0.000178849 0.000000000 0.006139134 0.000000000
292.745893551 0.006822231 0.000212283 0.000179926 0.000242651 0.000199701 0.000187067 0.000166211 0.000177383 0.000000000 0.005457008 0.000000000
293.391419226 0.006514283 0.000124573 0.000157130 0.000228888 0.000303577 0.000160290 0.000140538 0.000169654 0.000000000 0.005229633 0.000000000
294.036944901 0.007822525 0.000093074 0.000160951 0.000243053 0.000307575 0.000129075 0.000129473 0.000165440 0.000000000 0.006593885 0.000000000
294.682470576 0.009041093 0.000099249 0.000132156 0.000267772 0.000221062 0.000093050 0.000103840 0.000165826 0.000000000 0.007958137 0.000000000
295.327996250 0.006399692 0.000071788 0.000145647 0.000229857 0.000213508 0.000063107 0.000058485 0.000160291 0.000000000 0.005457008 0.000000000
295.973521925 0.008894600 0.000062367 0.000212393 0.000200956 0.000209418 0.000056314 0.000055711 0.000139304 0.000000000 0.007958137 0.000000000
296.619047600 0.008667673 0.000080895 0.000264975 0.000163484 0.000181810 0.000069676 0.000096053 0.000080019 0.000000000 0.007730762 0.000000000
297.264573275 0.005205525 0.000114579 0.000326413 0.000128681 0.000222754 0.000098477 0.000156331 0.000065534 0.000000000 0.004092756 0.000000000
297.910098950 0.010213625 0.000222000 0.000217134 0.000121472 0.000212094 0.000134459 0.000126609 0.000084843 0.000000000 0.009095014 0.000000000
298.555624625 0.005969729 0.000364511 0.000125798 0.000127653 0.000239383 0.000141168 0.000099101 0.000097234 0.000000000 0.004774882 0.000000000
299.201150300 0.006863079 0.000397890 0.000114298 0.000116822 0.000261313 0.000108567 0.000085622 0.000094184 0.000000000 0.005684384 0.000000000
299.846675975 0.006999127 0.000324450 0.000224155 0.000084637 0.000181111 0.000076890 0.000078444 0.000117680 0.000000000 0.005911759 0.000000000
300.492201649 0.007178156 0.000243407 0.000173793 0.000104846 0.000201765 0.000074394 0.000083093 0.000157724 0.000000000 0.006139134 0.000000000
301.137727324 0.008669680 0.000170030 0.000110242 0.000181363 0.000308853 0.000118427 0.000102004 0.000175374 0.000000000 0.007503386 0.000000000
301.783252999 0.008312072 0.000181483 0.000077387 0.000186056 0.000176885 0.000201626 0.000214433 0.000225568 0.000000000 0.007048636 0.000000000
302.428778674 0.006899063 0.000242654 0.000084513 0.000169066 0.000084850 0.000233032 0.000318509 0.000309431 0.000000000 0.005457008 0.000000000
303.074304349 0.009929621 0.000226128 0.000090764 0.000174688 0.000100812 0.000183728 0.000217597 0.000295643 0.000000000 0.008640263 0.000000000
303.719830024 0.007340722 0.000161018 0.000136833 0.000135662 0.000144090 0.000184144 0.000222130 0.000217711 0.000000000 0.006139134 0.000000000
304.365355699 0.008679732 0.000127582 0.000188157 0.000153857 0.000094209 0.000201548 0.000232666 0.000178328 0.000000000 0.007503386 0.000000000
305.010881373 0.008775329 0.000093341 0.000125414 0.000177956 0.000062248 0.000211726 0.000219548 0.000154336 0.000000000 0.007730762 0.000000000
305.656407048 0.010295847 0.000045530 0.000137205 0.000153224 0.000064315 0.000197817 0.000191279 0.000184090 0.000000000 0.009322389 0.000000000
306.301932723 0.007724220 0.000025953 0.000161400 0.000187977 0.000086018 0.000156706 0.000137071 0.000147835 0.000000000 0.006821260 0.000000000
306.947458398 0.007706830 0.000017819 0.000193793 0.000178228 0.000169895 0.000125362 0.000117009 0.000083464 0.000000000 0.006821260 0.000000000
307.592984073 0.010395723 0.000031811 0.000118400 0.000125020 0.000249999 0.000111214 0.000140119 0.000069396 0.000000000 0.009549765 0.000000000
308.238509748 0.010694437 0.000099914 0.000220898 0.000130461 0.000165836 0.000137643 0.000088487 0.000074058 0.000000000 0.009777140 0.000000000
308.884035423 0.009519647 0.000097863 0.000162027 0.000142767 0.000110045 0.000204350 0.000073253 0.000089078 0.000000000 0.008640263 0.000000000
309.529561098 0.010377756 0.000017209 0.000207392 0.000071340 0.000084625 0.000236054 0.000118526 0.000092847 0.000000000 0.009549765 0.000000000
310.175086772 0.008620617 0.000009690 0.000131060 0.000035090 0.000044301 0.000208794 0.000140844 0.000092701 0.000000000 0.007958137 0.000000000
310.820612447 0.008038474 0.000034797 0.000052054 0.000037943 0.000020567 0.000155534 0.000141610 0.000092584 0.000000000 0.007503386 0.000000000
311.466138122 0.007680680 0.000131087 0.000027351 0.000061238 0.000014675 0.000135063 0.000159433 0.000103197 0.000000000 0.007048636 0.000000000
312.111663797 0.011572465 0.000150844 0.000075464 0.000068111 0.000023025 0.000086399 0.000143272 0.000111333 0.000000000 0.010914017 0.000000000
312.757189472 0.008443274 0.000110055 0.000093796 0.000100678 0.000069335 0.000062781 0.000148405 0.000127462 0.000000000 0.007730762 0.000000000
313.402715147 0.010876059 0.000143442 0.000122760 0.000091354 0.000152902 0.000081862 0.000123758 0.000155466 0.000000000 0.010004515 0.000000000
314.048240822 0.010629913 0.000088845 0.000138553 0.000083273 0.000350857 0.000146185 0.000196341 0.000303468 0.000000000 0.009322389 0.000000000
314.693766496 0.012437181 0.000009598 0.000033412 0.000084840 0.000315136 0.000298098 0.000454378 0.000555078 0.000000000 0.010686641 0.000000000
315.339292171 0.010027766 0.000000010 0.000000202 0.000073386 0.000063569 0.000355159 0.000235092 0.000205335 0.000000000 0.009095014 0.000000000
315.984817846 0.009225957 0.000000000 0.000000000 0.000026601 0.000000033 0.000093980 0.000002806 0.000007523 0.000000000 0.009095014 0.000000000
316.630343521 0.010008642 0.000000000 0.000000000 0.000001577 0.000000000 0.000002549 0.000000000 0.000000000 0.000000000 0.010004515 0.000000000
317.275869196 0.003638006 0.000000000 0.000000000 0.000000000 0.000000000 0.000000000 0.000000000 0.000000000 0.000000000 0.003638006 0.000000000
317.921394871 0.000000000 0.000000000 0.000000000 0.000000000 0.000000000 0.000000000 0.000000000 0.000000000 0.000000000 0.000000000 0.000000000
318.566920546 0.000000000 0.000000000 0.000000000 0.000000000 0.000000000 0.000000000 0.000000000 0.000000000 0.000000000 0.000000000 0.000000000
319.212446220 0.000000000 0.000000000 0.000000000 0.000000000 0.000000000 0.000000000 0.000000000 0.000000000 0.000000000 0.000000000 0.000000000
319.857971895 0.000000000 0.000000000 0.000000000 0.000000000 0.000000000 0.000000000 0.000000000 0.000000000 0.000000000 0.000000000 0.000000000
320.503497570 0.000000000 0.000000000 0.000000000 0.000000000 0.000000000 0.000000000 0.000000000 0.000000000 0.000000000 0.000000000 0.000000000
321.149023245 0.045475069 0.000000000 0.000000000 0.000000000 0.000000000 0.000000000 0.000000000 0.000000000 0.000000000 0.000000000 0.045475069
321.794548920 0.000000000 0.000000000 0.000000000 0.000000000 0.000000000 0.000000000 0.000000000 0.000000000 0.000000000 0.000000000 0.000000000
322.440074595 0.000000000 0.000000000 0.000000000 0.000000000 0.000000000 0.000000000 0.000000000 0.000000000 0.000000000 0.000000000 0.000000000
