# Ion number density
# The last    3 ion types are fixed
# Average over 397899 steps
# z (au)        total        A            Im1          Im2          Im3          N            C            Me           C1           C2           P
0.324582856 0.045220079 0.000000000 0.000000000 0.000000000 0.000000000 0.000000000 0.000000000 0.000000000 0.000000000 0.000000000 0.045220079
0.973748567 0.000000000 0.000000000 0.000000000 0.000000000 0.000000000 0.000000000 0.000000000 0.000000000 0.000000000 0.000000000 0.000000000
1.622914278 0.000000000 0.000000000 0.000000000 0.000000000 0.000000000 0.000000000 0.000000000 0.000000000 0.000000000 0.000000000 0.000000000
2.272079990 0.000000000 0.000000000 0.000000000 0.000000000 0.000000000 0.000000000 0.000000000 0.000000000 0.000000000 0.000000000 0.000000000
2.921245701 0.000000000 0.000000000 0.000000000 0.000000000 0.000000000 0.000000000 0.000000000 0.000000000 0.000000000 0.000000000 0.000000000
3.570411412 0.000000000 0.000000000 0.000000000 0.000000000 0.000000000 0.000000000 0.000000000 0.000000000 0.000000000 0.000000000 0.000000000
4.219577124 0.006783028 0.000000000 0.000000000 0.000000000 0.000000000 0.000000016 0.000000000 0.000000000 0.006783012 0.000000000 0.000000000
4.868742835 0.009274391 0.000000000 0.000000000 0.000000895 0.000000000 0.000003245 0.000000071 0.000000064 0.009270116 0.000000000 0.000000000
5.517908546 0.009618137 0.000000000 0.000000000 0.000015707 0.000000262 0.000069301 0.000011602 0.000025049 0.009496217 0.000000000 0.000000000
6.167074257 0.009826842 0.000024503 0.000022948 0.000091730 0.000046091 0.000263252 0.000286436 0.000273966 0.008817915 0.000000000 0.000000000
6.816239969 0.013074660 0.000211782 0.000198595 0.000162985 0.000267884 0.000181612 0.000250268 0.000270413 0.011531120 0.000000000 0.000000000
7.465405680 0.010098217 0.000202967 0.000186182 0.000110913 0.000302499 0.000078716 0.000094682 0.000078241 0.009044016 0.000000000 0.000000000
8.114571391 0.009792576 0.000087401 0.000198144 0.000101460 0.000227018 0.000073529 0.000031897 0.000029110 0.009044016 0.000000000 0.000000000
8.763737103 0.008179400 0.000104269 0.000136953 0.000084200 0.000223713 0.000120481 0.000024621 0.000023850 0.007461313 0.000000000 0.000000000
9.412902814 0.012691442 0.000043407 0.000079006 0.000037111 0.000202379 0.000131733 0.000144317 0.000070167 0.011983321 0.000000000 0.000000000
10.062068525 0.007287245 0.000008378 0.000058960 0.000068382 0.000082492 0.000125982 0.000203377 0.000182764 0.006556911 0.000000000 0.000000000
10.711234237 0.007653116 0.000058015 0.000097351 0.000139253 0.000022403 0.000107236 0.000079550 0.000140198 0.007009112 0.000000000 0.000000000
11.360399948 0.009258906 0.000158553 0.000121031 0.000233841 0.000020713 0.000079999 0.000020442 0.000032511 0.008591815 0.000000000 0.000000000
12.009565659 0.010694663 0.000154333 0.000093196 0.000225814 0.000128502 0.000109259 0.000013735 0.000021407 0.009948417 0.000000000 0.000000000
12.658731371 0.009417058 0.000213683 0.000174840 0.000149602 0.000153565 0.000081700 0.000018017 0.000033837 0.008591815 0.000000000 0.000000000
13.307897082 0.010179306 0.000093905 0.000199331 0.000112139 0.000081050 0.000062002 0.000061187 0.000073474 0.009496217 0.000000000 0.000000000
13.957062793 0.009461227 0.000141154 0.000191917 0.000125210 0.000041421 0.000057007 0.000142354 0.000170349 0.008591815 0.000000000 0.000000000
14.606228505 0.007575829 0.000326849 0.000119050 0.000172572 0.000022999 0.000036156 0.000161949 0.000179343 0.006556911 0.000000000 0.000000000
15.255394216 0.008782857 0.000392291 0.000082175 0.000151723 0.000020139 0.000036603 0.000240758 0.000171754 0.007687413 0.000000000 0.000000000
15.904559927 0.010076600 0.000189419 0.000066135 0.000131348 0.000062270 0.000110802 0.000219418 0.000253191 0.009044016 0.000000000 0.000000000
16.553725639 0.007759227 0.000057713 0.000132492 0.000093420 0.000119909 0.000300437 0.000194458 0.000303885 0.006556911 0.000000000 0.000000000
17.202891350 0.008990691 0.000031922 0.000205907 0.000062475 0.000131192 0.000273890 0.000168484 0.000203307 0.007913514 0.000000000 0.000000000
17.852057061 0.007402942 0.000083050 0.000287878 0.000079845 0.000202827 0.000177660 0.000154409 0.000086463 0.006330811 0.000000000 0.000000000
18.501222772 0.009501119 0.000179989 0.000190683 0.000119699 0.000321221 0.000109706 0.000133621 0.000080486 0.008365715 0.000000000 0.000000000
19.150388484 0.007925837 0.000255617 0.000089368 0.000128144 0.000203989 0.000137531 0.000103113 0.000225064 0.006783012 0.000000000 0.000000000
19.799554195 0.007809951 0.000318597 0.000119069 0.000156674 0.000107047 0.000212766 0.000176540 0.000388447 0.006330811 0.000000000 0.000000000
20.448719906 0.008768004 0.000447096 0.000190499 0.000138084 0.000098050 0.000189473 0.000363676 0.000332014 0.007009112 0.000000000 0.000000000
21.097885618 0.008569651 0.000250501 0.000124092 0.000162712 0.000166244 0.000247367 0.000371252 0.000238369 0.007009112 0.000000000 0.000000000
21.747051329 0.007088577 0.000186459 0.000027908 0.000243215 0.000255391 0.000340215 0.000331671 0.000277309 0.005426409 0.000000000 0.000000000
22.396217040 0.007103870 0.000092029 0.000046973 0.000348859 0.000211824 0.000359953 0.000316904 0.000300918 0.005426409 0.000000000 0.000000000
23.045382752 0.007283052 0.000029913 0.000092730 0.000388839 0.000108016 0.000314654 0.000318131 0.000378260 0.005652510 0.000000000 0.000000000
23.694548463 0.009215409 0.000046932 0.000088520 0.000375792 0.000149626 0.000277074 0.000278538 0.000311514 0.007687413 0.000000000 0.000000000
24.343714174 0.007126700 0.000166362 0.000085244 0.000239683 0.000126854 0.000223598 0.000250008 0.000156342 0.005878610 0.000000000 0.000000000
24.992879886 0.009147295 0.000278307 0.000154297 0.000157438 0.000121882 0.000175474 0.000238885 0.000107500 0.007913514 0.000000000 0.000000000
25.642045597 0.007608776 0.000219829 0.000208156 0.000152546 0.000137487 0.000220170 0.000062281 0.000051396 0.006556911 0.000000000 0.000000000
26.291211308 0.008214439 0.000241869 0.000274991 0.000124685 0.000150401 0.000152123 0.000011256 0.000023902 0.007235213 0.000000000 0.000000000
26.940377020 0.007722430 0.000286946 0.000422942 0.000104059 0.000207352 0.000056179 0.000006644 0.000081397 0.006556911 0.000000000 0.000000000
27.589542731 0.007437541 0.000209941 0.000522357 0.000111538 0.000320292 0.000055850 0.000013449 0.000099404 0.006104711 0.000000000 0.000000000
28.238708442 0.005677562 0.000175265 0.000354432 0.000162294 0.000283526 0.000064831 0.000052653 0.000062552 0.004522008 0.000000000 0.000000000
28.887874153 0.007773445 0.000191383 0.000150278 0.000189574 0.000217730 0.000056138 0.000139433 0.000045898 0.006783012 0.000000000 0.000000000
29.537039865 0.006858124 0.000256811 0.000256833 0.000198786 0.000200963 0.000070935 0.000155732 0.000065554 0.005652510 0.000000000 0.000000000
30.186205576 0.006212415 0.000258484 0.000383635 0.000224563 0.000210929 0.000135201 0.000121390 0.000130104 0.004748108 0.000000000 0.000000000
30.835371287 0.007536047 0.000212522 0.000358008 0.000287840 0.000197695 0.000255736 0.000150912 0.000194725 0.005878610 0.000000000 0.000000000
31.484536999 0.007377427 0.000166153 0.000316053 0.000405114 0.000214177 0.000408943 0.000279165 0.000161412 0.005426409 0.000000000 0.000000000
32.133702710 0.006947896 0.000173996 0.000322983 0.000314074 0.000299834 0.000440137 0.000260862 0.000161801 0.004974209 0.000000000 0.000000000
32.782868421 0.006944056 0.000169283 0.000277232 0.000257903 0.000490816 0.000293656 0.000325126 0.000155833 0.004974209 0.000000000 0.000000000
33.432034133 0.008064658 0.000177952 0.000131773 0.000218171 0.000671377 0.000164223 0.000217224 0.000153126 0.006330811 0.000000000 0.000000000
34.081199844 0.005895293 0.000241962 0.000132693 0.000207546 0.000572342 0.000111187 0.000145437 0.000188219 0.004295907 0.000000000 0.000000000
34.730365555 0.006196300 0.000210640 0.000142107 0.000217755 0.000397026 0.000088057 0.000168347 0.000224260 0.004748108 0.000000000 0.000000000
35.379531267 0.007798621 0.000187855 0.000125849 0.000243908 0.000302407 0.000075670 0.000133490 0.000172530 0.006556911 0.000000000 0.000000000
36.028696978 0.006827756 0.000196587 0.000219988 0.000225608 0.000232339 0.000084787 0.000068652 0.000147284 0.005652510 0.000000000 0.000000000
36.677862689 0.005727090 0.000194588 0.000303270 0.000165332 0.000186648 0.000112752 0.000065235 0.000177257 0.004522008 0.000000000 0.000000000
37.327028401 0.009022228 0.000249051 0.000379809 0.000134719 0.000171044 0.000132264 0.000105296 0.000162631 0.007687413 0.000000000 0.000000000
37.976194112 0.007107165 0.000353767 0.000379928 0.000174221 0.000126762 0.000133217 0.000145696 0.000141064 0.005652510 0.000000000 0.000000000
38.625359823 0.007719296 0.000405307 0.000323358 0.000242272 0.000092602 0.000143639 0.000163236 0.000244171 0.006104711 0.000000000 0.000000000
39.274525534 0.005794262 0.000489509 0.000214444 0.000236598 0.000089525 0.000208878 0.000188535 0.000296965 0.004069807 0.000000000 0.000000000
39.923691246 0.007456024 0.000501491 0.000084156 0.000167785 0.000104303 0.000318867 0.000324243 0.000302670 0.005652510 0.000000000 0.000000000
40.572856957 0.005679878 0.000373371 0.000034068 0.000123474 0.000142837 0.000298200 0.000364172 0.000273949 0.004069807 0.000000000 0.000000000
41.222022668 0.008624488 0.000182774 0.000075065 0.000118053 0.000186576 0.000225510 0.000373573 0.000227725 0.007235213 0.000000000 0.000000000
41.871188380 0.006193762 0.000091359 0.000152102 0.000155680 0.000220217 0.000230489 0.000328563 0.000267245 0.004748108 0.000000000 0.000000000
42.520354091 0.007900229 0.000040010 0.000230828 0.000257953 0.000202616 0.000284478 0.000267956 0.000285579 0.006330811 0.000000000 0.000000000
43.169519802 0.005385325 0.000024045 0.000253092 0.000375570 0.000243614 0.000335666 0.000219620 0.000316113 0.003617606 0.000000000 0.000000000
43.818685514 0.007416336 0.000172662 0.000134300 0.000333269 0.000264327 0.000336251 0.000184698 0.000338319 0.005652510 0.000000000 0.000000000
44.467851225 0.005719248 0.000135634 0.000111899 0.000178765 0.000241089 0.000367398 0.000301648 0.000313009 0.004069807 0.000000000 0.000000000
45.117016936 0.005843173 0.000100605 0.000199766 0.000159524 0.000200581 0.000415894 0.000397455 0.000299541 0.004069807 0.000000000 0.000000000
45.766182648 0.008878275 0.000181094 0.000300075 0.000158942 0.000151602 0.000391068 0.000360783 0.000325599 0.007009112 0.000000000 0.000000000
46.415348359 0.007489933 0.000196298 0.000204493 0.000127432 0.000080903 0.000314244 0.000297625 0.000390328 0.005878610 0.000000000 0.000000000
47.064514070 0.006347803 0.000066515 0.000138216 0.000081057 0.000072979 0.000284936 0.000341755 0.000388137 0.004974209 0.000000000 0.000000000
47.713679782 0.005309508 0.000034376 0.000087446 0.000055551 0.000107099 0.000269088 0.000420558 0.000265583 0.004069807 0.000000000 0.000000000
48.362845493 0.009316638 0.000051777 0.000091748 0.000057288 0.000129505 0.000230072 0.000419270 0.000197365 0.008139614 0.000000000 0.000000000
49.012011204 0.006667146 0.000094665 0.000098110 0.000070831 0.000158278 0.000241530 0.000351443 0.000225880 0.005426409 0.000000000 0.000000000
49.661176916 0.007165749 0.000165407 0.000091734 0.000094348 0.000156322 0.000314609 0.000254544 0.000436275 0.005652510 0.000000000 0.000000000
50.310342627 0.005220928 0.000259829 0.000067930 0.000120363 0.000128753 0.000342557 0.000238411 0.000445478 0.003617606 0.000000000 0.000000000
50.959508338 0.009269664 0.000279544 0.000126646 0.000148815 0.000110089 0.000260905 0.000296153 0.000360099 0.007687413 0.000000000 0.000000000
51.608674049 0.007075100 0.000394086 0.000189876 0.000231333 0.000086569 0.000238928 0.000256244 0.000251653 0.005426409 0.000000000 0.000000000
52.257839761 0.007138217 0.000135963 0.000129638 0.000376408 0.000092812 0.000150571 0.000216668 0.000157549 0.005878610 0.000000000 0.000000000
52.907005472 0.006807912 0.000100666 0.000116980 0.000470380 0.000115657 0.000113691 0.000134044 0.000103984 0.005652510 0.000000000 0.000000000
53.556171183 0.007634412 0.000135116 0.000120412 0.000398912 0.000108286 0.000142479 0.000087173 0.000085122 0.006556911 0.000000000 0.000000000
54.205336895 0.008898493 0.000122046 0.000133278 0.000283579 0.000117112 0.000167867 0.000067946 0.000093151 0.007913514 0.000000000 0.000000000
54.854502606 0.010449020 0.000095371 0.000204829 0.000205104 0.000106301 0.000161483 0.000085701 0.000094014 0.009496217 0.000000000 0.000000000
55.503668317 0.008483664 0.000123960 0.000270205 0.000167230 0.000078949 0.000175624 0.000105298 0.000101083 0.007461313 0.000000000 0.000000000
56.152834029 0.007980120 0.000196031 0.000330522 0.000134675 0.000088891 0.000205172 0.000135368 0.000106449 0.006783012 0.000000000 0.000000000
56.801999740 0.012881258 0.000227887 0.000321016 0.000117704 0.000146596 0.000250259 0.000169170 0.000117505 0.011531120 0.000000000 0.000000000
57.451165451 0.008653328 0.000188632 0.000268229 0.000084540 0.000216865 0.000290899 0.000228694 0.000140256 0.007235213 0.000000000 0.000000000
58.100331163 0.009208628 0.000163452 0.000235576 0.000060419 0.000272896 0.000300470 0.000288169 0.000200232 0.007687413 0.000000000 0.000000000
58.749496874 0.008602031 0.000193636 0.000187145 0.000077438 0.000293065 0.000274494 0.000299577 0.000267564 0.007009112 0.000000000 0.000000000
59.398662585 0.009023304 0.000140115 0.000140642 0.000124187 0.000173471 0.000212197 0.000272614 0.000272665 0.007687413 0.000000000 0.000000000
60.047828297 0.006795813 0.000177132 0.000128448 0.000165433 0.000121933 0.000155557 0.000234966 0.000159834 0.005652510 0.000000000 0.000000000
60.696994008 0.007444307 0.000187396 0.000132756 0.000181671 0.000134982 0.000136462 0.000181204 0.000159025 0.006330811 0.000000000 0.000000000
61.346159719 0.008143324 0.000155252 0.000107036 0.000190149 0.000208729 0.000143332 0.000139985 0.000189728 0.007009112 0.000000000 0.000000000
61.995325430 0.007397315 0.000158133 0.000125518 0.000206960 0.000280015 0.000155841 0.000134990 0.000231147 0.006104711 0.000000000 0.000000000
62.644491142 0.008179853 0.000159314 0.000216702 0.000237977 0.000243946 0.000151617 0.000159901 0.000227385 0.006783012 0.000000000 0.000000000
63.293656853 0.010933492 0.000157460 0.000188218 0.000205360 0.000196149 0.000113237 0.000157273 0.000193477 0.009722317 0.000000000 0.000000000
63.942822564 0.007836754 0.000174574 0.000147413 0.000141827 0.000185693 0.000112419 0.000122398 0.000169419 0.006783012 0.000000000 0.000000000
64.591988276 0.004865721 0.000170965 0.000121016 0.000083084 0.000185698 0.000162135 0.000119246 0.000179870 0.003843707 0.000000000 0.000000000
65.241153987 0.007629198 0.000178267 0.000108795 0.000055926 0.000173644 0.000203830 0.000154198 0.000197626 0.006556911 0.000000000 0.000000000
65.890319698 0.009736254 0.000179259 0.000130502 0.000061564 0.000144262 0.000213758 0.000190888 0.000224206 0.008591815 0.000000000 0.000000000
66.539485410 0.006438006 0.000160157 0.000149065 0.000078156 0.000167219 0.000225717 0.000231241 0.000226143 0.005200309 0.000000000 0.000000000
67.188651121 0.008673931 0.000125047 0.000128557 0.000102149 0.000186905 0.000219291 0.000241604 0.000209065 0.007461313 0.000000000 0.000000000
67.837816832 0.010155591 0.000103722 0.000081596 0.000100435 0.000093165 0.000237199 0.000244175 0.000251284 0.009044016 0.000000000 0.000000000
68.486982544 0.007542131 0.000110714 0.000064840 0.000129111 0.000052189 0.000240385 0.000265174 0.000348907 0.006330811 0.000000000 0.000000000
69.136148255 0.006563298 0.000123796 0.000089191 0.000147954 0.000031643 0.000265120 0.000310508 0.000394776 0.005200309 0.000000000 0.000000000
69.785313966 0.008999800 0.000141410 0.000134376 0.000158993 0.000031432 0.000309935 0.000381518 0.000380823 0.007461313 0.000000000 0.000000000
70.434479678 0.006909929 0.000143143 0.000154403 0.000155963 0.000042334 0.000378971 0.000396397 0.000438409 0.005200309 0.000000000 0.000000000
71.083645389 0.009075421 0.000109380 0.000171619 0.000134778 0.000072706 0.000425742 0.000456001 0.000469983 0.007235213 0.000000000 0.000000000
71.732811100 0.010684207 0.000075273 0.000140302 0.000108964 0.000092545 0.000468628 0.000516798 0.000463783 0.008817915 0.000000000 0.000000000
72.381976811 0.005270004 0.000054721 0.000079500 0.000098779 0.000098702 0.000520076 0.000561899 0.000464821 0.003391506 0.000000000 0.000000000
73.031142523 0.008390075 0.000060831 0.000040807 0.000112576 0.000103355 0.000539640 0.000554831 0.000421125 0.006556911 0.000000000 0.000000000
73.680308234 0.008530471 0.000055476 0.000033485 0.000106562 0.000114539 0.000563255 0.000494278 0.000379866 0.006783012 0.000000000 0.000000000
74.329473945 0.008245235 0.000041180 0.000026977 0.000074406 0.000174634 0.000492228 0.000454602 0.000424297 0.006556911 0.000000000 0.000000000
74.978639657 0.009117262 0.000038430 0.000047342 0.000074360 0.000200081 0.000386048 0.000414301 0.000495387 0.007461313 0.000000000 0.000000000
75.627805368 0.009885315 0.000063891 0.000095112 0.000083266 0.000125182 0.000332765 0.000379078 0.000440305 0.008365715 0.000000000 0.000000000
76.276971079 0.009442352 0.000103046 0.000112323 0.000081608 0.000089234 0.000322881 0.000378052 0.000441695 0.007913514 0.000000000 0.000000000
76.926136791 0.006907591 0.000095900 0.000112826 0.000074163 0.000117160 0.000299555 0.000325163 0.000456414 0.005426409 0.000000000 0.000000000
77.575302502 0.008357760 0.000081131 0.000160264 0.000070419 0.000136151 0.000257864 0.000264202 0.000378617 0.007009112 0.000000000 0.000000000
78.224468213 0.006935856 0.000114531 0.000180850 0.000073688 0.000125222 0.000225792 0.000256442 0.000306823 0.005652510 0.000000000 0.000000000
78.873633925 0.010908208 0.000170882 0.000128490 0.000074878 0.000096557 0.000208544 0.000245566 0.000260975 0.009722317 0.000000000 0.000000000
79.522799636 0.008612916 0.000175615 0.000120352 0.000100850 0.000074398 0.000218024 0.000229227 0.000233137 0.007461313 0.000000000 0.000000000
80.171965347 0.007933797 0.000325394 0.000133082 0.000120208 0.000073160 0.000265065 0.000220366 0.000239611 0.006556911 0.000000000 0.000000000
80.821131059 0.010243743 0.000279664 0.000131807 0.000129424 0.000080197 0.000314294 0.000261708 0.000228733 0.008817915 0.000000000 0.000000000
81.470296770 0.008770770 0.000141247 0.000109870 0.000127699 0.000107425 0.000325379 0.000297792 0.000200045 0.007461313 0.000000000 0.000000000
82.119462481 0.007493025 0.000077420 0.000072676 0.000114096 0.000125292 0.000315596 0.000280533 0.000176601 0.006330811 0.000000000 0.000000000
82.768628193 0.009258948 0.000048947 0.000072076 0.000108863 0.000139530 0.000323724 0.000260715 0.000165479 0.008139614 0.000000000 0.000000000
83.417793904 0.007736161 0.000027123 0.000084849 0.000101667 0.000178473 0.000338533 0.000277077 0.000171529 0.006556911 0.000000000 0.000000000
84.066959615 0.010496900 0.000025042 0.000075001 0.000087399 0.000199950 0.000325917 0.000300888 0.000212586 0.009270116 0.000000000 0.000000000
84.716125326 0.009852911 0.000040756 0.000071462 0.000094061 0.000183633 0.000295144 0.000311266 0.000264775 0.008591815 0.000000000 0.000000000
85.365291038 0.009199795 0.000071959 0.000076892 0.000126814 0.000183315 0.000268922 0.000266506 0.000291873 0.007913514 0.000000000 0.000000000
86.014456749 0.004984255 0.000124000 0.000145497 0.000161493 0.000221096 0.000239751 0.000205095 0.000269715 0.003617606 0.000000000 0.000000000
86.663622460 0.001517204 0.000118986 0.000275599 0.000202752 0.000297263 0.000219412 0.000164929 0.000238263 0.000000000 0.000000000 0.000000000
87.312788172 0.001677780 0.000091899 0.000385994 0.000251293 0.000355351 0.000209357 0.000171757 0.000212129 0.000000000 0.000000000 0.000000000
87.961953883 0.001820605 0.000115743 0.000373242 0.000273950 0.000382316 0.000226737 0.000230367 0.000218249 0.000000000 0.000000000 0.000000000
88.611119594 0.002126656 0.000180065 0.000373034 0.000264802 0.000432453 0.000303182 0.000278025 0.000295095 0.000000000 0.000000000 0.000000000
89.260285306 0.002486290 0.000237667 0.000335007 0.000326961 0.000388552 0.000463084 0.000343278 0.000391741 0.000000000 0.000000000 0.000000000
89.909451017 0.003167949 0.000252890 0.000302717 0.000456850 0.000389248 0.000720343 0.000524713 0.000521188 0.000000000 0.000000000 0.000000000
90.558616728 0.004119737 0.000335345 0.000338421 0.000508751 0.000479236 0.000900687 0.000872638 0.000684658 0.000000000 0.000000000 0.000000000
91.207782440 0.004684210 0.000552599 0.000415421 0.000477368 0.000620803 0.000873711 0.000958341 0.000785967 0.000000000 0.000000000 0.000000000
91.856948151 0.004566164 0.000786522 0.000534740 0.000412808 0.000640524 0.000716159 0.000748771 0.000726641 0.000000000 0.000000000 0.000000000
92.506113862 0.003920596 0.000825231 0.000555564 0.000364538 0.000509329 0.000504944 0.000597632 0.000563357 0.000000000 0.000000000 0.000000000
93.155279574 0.003170270 0.000693367 0.000438701 0.000330056 0.000342531 0.000368086 0.000537902 0.000459627 0.000000000 0.000000000 0.000000000
93.804445285 0.002679265 0.000536319 0.000374548 0.000350017 0.000246548 0.000307136 0.000457162 0.000407536 0.000000000 0.000000000 0.000000000
94.453610996 0.002523389 0.000475379 0.000333485 0.000420413 0.000204496 0.000311724 0.000368864 0.000409027 0.000000000 0.000000000 0.000000000
95.102776707 0.002596086 0.000430206 0.000357007 0.000498476 0.000206019 0.000357723 0.000314518 0.000432137 0.000000000 0.000000000 0.000000000
95.751942419 0.002630266 0.000374830 0.000418351 0.000523998 0.000226402 0.000377898 0.000301388 0.000407399 0.000000000 0.000000000 0.000000000
96.401108130 0.002630942 0.000301557 0.000487223 0.000524969 0.000273161 0.000347924 0.000292053 0.000404055 0.000000000 0.000000000 0.000000000
97.050273841 0.002670096 0.000292229 0.000517897 0.000499477 0.000350475 0.000316663 0.000298944 0.000394411 0.000000000 0.000000000 0.000000000
97.699439553 0.002812929 0.000371983 0.000512176 0.000478562 0.000428350 0.000307766 0.000313836 0.000400257 0.000000000 0.000000000 0.000000000
98.348605264 0.003060398 0.000482682 0.000499432 0.000492645 0.000530831 0.000312520 0.000332305 0.000409982 0.000000000 0.000000000 0.000000000
98.997770975 0.003355097 0.000537443 0.000527498 0.000505874 0.000612369 0.000355109 0.000392846 0.000423958 0.000000000 0.000000000 0.000000000
99.646936687 0.003507252 0.000532131 0.000532032 0.000503833 0.000652957 0.000389962 0.000453663 0.000442675 0.000000000 0.000000000 0.000000000
100.296102398 0.003366922 0.000492969 0.000477055 0.000448871 0.000675572 0.000418060 0.000454856 0.000399538 0.000000000 0.000000000 0.000000000
100.945268109 0.003111759 0.000427358 0.000425957 0.000390962 0.000632350 0.000444101 0.000422464 0.000368567 0.000000000 0.000000000 0.000000000
101.594433821 0.002945245 0.000387355 0.000398728 0.000347593 0.000568770 0.000453552 0.000416345 0.000372903 0.000000000 0.000000000 0.000000000
102.243599532 0.002778840 0.000380443 0.000371709 0.000321269 0.000461495 0.000443204 0.000409491 0.000391229 0.000000000 0.000000000 0.000000000
102.892765243 0.002766596 0.000427123 0.000363899 0.000333769 0.000413454 0.000420144 0.000396733 0.000411473 0.000000000 0.000000000 0.000000000
103.541930955 0.002819616 0.000494581 0.000376633 0.000369911 0.000395537 0.000387774 0.000379461 0.000415719 0.000000000 0.000000000 0.000000000
104.191096666 0.002827597 0.000480109 0.000371434 0.000379060 0.000360216 0.000388956 0.000387461 0.000460362 0.000000000 0.000000000 0.000000000
104.840262377 0.002828077 0.000432026 0.000379906 0.000377361 0.000346378 0.000373639 0.000403585 0.000515182 0.000000000 0.000000000 0.000000000
105.489428089 0.003037015 0.000443757 0.000409870 0.000387462 0.000359291 0.000418418 0.000461865 0.000556353 0.000000000 0.000000000 0.000000000
106.138593800 0.003262296 0.000479054 0.000445978 0.000385177 0.000368194 0.000497411 0.000534368 0.000552113 0.000000000 0.000000000 0.000000000
106.787759511 0.003524246 0.000520855 0.000455247 0.000403726 0.000406264 0.000596789 0.000593295 0.000548070 0.000000000 0.000000000 0.000000000
107.436925222 0.003666156 0.000531652 0.000481889 0.000432676 0.000434743 0.000623067 0.000620832 0.000541296 0.000000000 0.000000000 0.000000000
108.086090934 0.003675407 0.000531592 0.000468042 0.000467483 0.000443989 0.000618626 0.000615834 0.000529842 0.000000000 0.000000000 0.000000000
108.735256645 0.003604714 0.000461871 0.000456492 0.000490866 0.000454376 0.000595373 0.000617578 0.000528158 0.000000000 0.000000000 0.000000000
109.384422356 0.003476426 0.000352380 0.000441814 0.000493612 0.000462109 0.000554599 0.000622407 0.000549505 0.000000000 0.000000000 0.000000000
110.033588068 0.003297707 0.000277171 0.000445387 0.000490682 0.000448832 0.000516893 0.000579004 0.000539738 0.000000000 0.000000000 0.000000000
110.682753779 0.003122630 0.000233118 0.000437366 0.000480928 0.000409140 0.000509521 0.000526198 0.000526359 0.000000000 0.000000000 0.000000000
111.331919490 0.003044857 0.000240464 0.000456905 0.000459915 0.000362009 0.000538477 0.000474900 0.000512187 0.000000000 0.000000000 0.000000000
111.981085202 0.003017854 0.000282553 0.000449009 0.000472849 0.000323347 0.000568714 0.000451136 0.000470247 0.000000000 0.000000000 0.000000000
112.630250913 0.003136351 0.000346442 0.000459636 0.000532412 0.000301498 0.000580520 0.000468431 0.000447413 0.000000000 0.000000000 0.000000000
113.279416624 0.003230552 0.000400106 0.000443138 0.000557042 0.000295241 0.000567659 0.000511286 0.000456079 0.000000000 0.000000000 0.000000000
113.928582336 0.003295086 0.000422268 0.000435703 0.000556677 0.000302416 0.000544286 0.000534976 0.000498761 0.000000000 0.000000000 0.000000000
114.577748047 0.003349652 0.000455882 0.000416670 0.000532927 0.000349924 0.000543568 0.000523389 0.000527293 0.000000000 0.000000000 0.000000000
115.226913758 0.003382423 0.000509515 0.000448192 0.000471536 0.000381117 0.000512518 0.000517766 0.000541778 0.000000000 0.000000000 0.000000000
115.876079470 0.003426586 0.000594564 0.000434229 0.000412222 0.000412656 0.000481624 0.000547965 0.000543328 0.000000000 0.000000000 0.000000000
116.525245181 0.003399939 0.000655804 0.000396159 0.000377231 0.000441419 0.000440035 0.000552813 0.000536480 0.000000000 0.000000000 0.000000000
117.174410892 0.003196332 0.000612596 0.000334624 0.000368317 0.000442629 0.000397390 0.000506254 0.000534523 0.000000000 0.000000000 0.000000000
117.823576603 0.002945000 0.000494068 0.000319677 0.000374909 0.000434678 0.000388537 0.000427884 0.000505247 0.000000000 0.000000000 0.000000000
118.472742315 0.002791278 0.000397068 0.000355185 0.000406291 0.000418336 0.000374525 0.000381913 0.000457960 0.000000000 0.000000000 0.000000000
119.121908026 0.002779132 0.000361352 0.000409600 0.000439743 0.000421226 0.000363802 0.000378479 0.000404929 0.000000000 0.000000000 0.000000000
119.771073737 0.002730985 0.000361715 0.000413338 0.000442595 0.000431906 0.000346658 0.000362534 0.000372240 0.000000000 0.000000000 0.000000000
120.420239449 0.002795554 0.000395423 0.000437033 0.000415076 0.000461843 0.000359138 0.000356584 0.000370457 0.000000000 0.000000000 0.000000000
121.069405160 0.002962895 0.000428717 0.000497156 0.000433102 0.000488425 0.000385702 0.000332235 0.000397557 0.000000000 0.000000000 0.000000000
121.718570871 0.003110025 0.000442329 0.000534938 0.000438202 0.000560209 0.000380650 0.000319893 0.000433804 0.000000000 0.000000000 0.000000000
122.367736583 0.003245172 0.000483315 0.000563224 0.000430347 0.000601622 0.000389360 0.000346560 0.000430745 0.000000000 0.000000000 0.000000000
123.016902294 0.003206731 0.000464944 0.000537048 0.000416949 0.000572616 0.000406744 0.000415516 0.000392915 0.000000000 0.000000000 0.000000000
123.666068005 0.003116913 0.000457247 0.000512333 0.000423361 0.000509404 0.000410381 0.000444411 0.000359777 0.000000000 0.000000000 0.000000000
124.315233717 0.003050022 0.000432968 0.000512943 0.000448496 0.000438836 0.000391153 0.000454153 0.000371474 0.000000000 0.000000000 0.000000000
124.964399428 0.002967155 0.000412368 0.000498483 0.000465173 0.000394247 0.000382836 0.000432150 0.000381898 0.000000000 0.000000000 0.000000000
125.613565139 0.002930025 0.000408128 0.000476321 0.000462701 0.000366585 0.000399326 0.000432980 0.000383984 0.000000000 0.000000000 0.000000000
126.262730851 0.002941472 0.000429726 0.000455778 0.000452182 0.000383227 0.000418743 0.000406229 0.000395586 0.000000000 0.000000000 0.000000000
126.911896562 0.003006115 0.000476672 0.000428242 0.000477811 0.000388236 0.000423326 0.000390073 0.000421756 0.000000000 0.000000000 0.000000000
127.561062273 0.003008731 0.000518791 0.000364210 0.000491848 0.000370802 0.000425251 0.000403411 0.000434416 0.000000000 0.000000000 0.000000000
128.210227984 0.002989922 0.000536417 0.000334008 0.000492276 0.000339559 0.000437816 0.000432407 0.000417440 0.000000000 0.000000000 0.000000000
128.859393696 0.003031116 0.000531709 0.000333619 0.000494692 0.000340896 0.000452642 0.000459946 0.000417612 0.000000000 0.000000000 0.000000000
129.508559407 0.003041367 0.000519053 0.000369946 0.000489974 0.000369223 0.000447987 0.000427342 0.000417843 0.000000000 0.000000000 0.000000000
130.157725118 0.003027043 0.000490852 0.000435984 0.000467967 0.000436395 0.000424366 0.000372808 0.000398672 0.000000000 0.000000000 0.000000000
130.806890830 0.003095192 0.000455078 0.000514318 0.000473077 0.000501379 0.000416817 0.000367152 0.000367371 0.000000000 0.000000000 0.000000000
131.456056541 0.003073149 0.000393777 0.000517547 0.000482055 0.000535548 0.000413848 0.000389923 0.000340451 0.000000000 0.000000000 0.000000000
132.105222252 0.003002754 0.000340268 0.000496907 0.000478599 0.000536519 0.000426848 0.000388598 0.000335014 0.000000000 0.000000000 0.000000000
132.754387964 0.003016207 0.000327944 0.000486200 0.000482518 0.000512865 0.000461722 0.000393454 0.000351503 0.000000000 0.000000000 0.000000000
133.403553675 0.003113568 0.000347235 0.000465184 0.000504043 0.000502370 0.000479794 0.000420850 0.000394091 0.000000000 0.000000000 0.000000000
134.052719386 0.003109709 0.000337282 0.000464970 0.000493386 0.000492299 0.000450286 0.000431712 0.000439774 0.000000000 0.000000000 0.000000000
134.701885098 0.003134935 0.000332246 0.000485071 0.000460952 0.000507334 0.000442410 0.000433098 0.000473824 0.000000000 0.000000000 0.000000000
135.351050809 0.003119207 0.000365111 0.000469184 0.000426492 0.000529185 0.000417009 0.000438262 0.000473965 0.000000000 0.000000000 0.000000000
136.000216520 0.003076589 0.000417986 0.000440924 0.000395937 0.000500713 0.000427297 0.000445711 0.000448022 0.000000000 0.000000000 0.000000000
136.649382232 0.003017519 0.000449323 0.000428672 0.000383778 0.000438616 0.000436413 0.000448195 0.000432522 0.000000000 0.000000000 0.000000000
137.298547943 0.002982257 0.000429404 0.000417378 0.000403131 0.000384127 0.000464328 0.000458812 0.000425077 0.000000000 0.000000000 0.000000000
137.947713654 0.002952670 0.000413748 0.000429248 0.000444574 0.000349109 0.000471115 0.000447569 0.000397305 0.000000000 0.000000000 0.000000000
138.596879366 0.003073165 0.000475595 0.000438775 0.000470598 0.000346335 0.000465904 0.000469532 0.000406427 0.000000000 0.000000000 0.000000000
139.246045077 0.003165055 0.000557181 0.000423471 0.000467525 0.000350383 0.000460896 0.000480734 0.000424866 0.000000000 0.000000000 0.000000000
139.895210788 0.003248949 0.000635357 0.000429966 0.000496045 0.000331017 0.000430207 0.000459477 0.000466881 0.000000000 0.000000000 0.000000000
140.544376499 0.003281436 0.000639790 0.000431900 0.000519205 0.000302565 0.000418402 0.000467606 0.000501970 0.000000000 0.000000000 0.000000000
141.193542211 0.003245953 0.000560683 0.000452358 0.000530628 0.000292823 0.000421773 0.000466805 0.000520884 0.000000000 0.000000000 0.000000000
141.842707922 0.003188239 0.000476914 0.000455707 0.000539583 0.000307085 0.000425731 0.000466456 0.000516763 0.000000000 0.000000000 0.000000000
142.491873633 0.003081284 0.000423351 0.000429196 0.000501325 0.000346503 0.000418325 0.000444949 0.000517635 0.000000000 0.000000000 0.000000000
143.141039345 0.003005106 0.000428280 0.000392808 0.000468185 0.000376931 0.000401803 0.000427854 0.000509245 0.000000000 0.000000000 0.000000000
143.790205056 0.003011760 0.000438062 0.000393012 0.000463908 0.000393089 0.000402210 0.000423647 0.000497831 0.000000000 0.000000000 0.000000000
144.439370767 0.003016027 0.000384760 0.000417220 0.000468507 0.000395670 0.000418503 0.000430562 0.000500805 0.000000000 0.000000000 0.000000000
145.088536479 0.003075252 0.000339443 0.000422626 0.000456042 0.000416622 0.000455068 0.000460605 0.000524847 0.000000000 0.000000000 0.000000000
145.737702190 0.003129078 0.000326224 0.000417443 0.000427272 0.000431993 0.000476829 0.000486473 0.000562844 0.000000000 0.000000000 0.000000000
146.386867901 0.003188356 0.000341437 0.000409955 0.000379513 0.000441879 0.000511371 0.000541656 0.000562545 0.000000000 0.000000000 0.000000000
147.036033613 0.003289363 0.000376847 0.000405108 0.000332501 0.000469195 0.000550346 0.000602287 0.000553078 0.000000000 0.000000000 0.000000000
147.685199324 0.003389465 0.000417530 0.000442696 0.000301103 0.000507729 0.000568022 0.000612659 0.000539724 0.000000000 0.000000000 0.000000000
148.334365035 0.003324359 0.000437701 0.000452645 0.000284682 0.000530915 0.000572094 0.000571310 0.000475012 0.000000000 0.000000000 0.000000000
148.983530747 0.003339363 0.000431125 0.000478426 0.000307603 0.000542213 0.000603240 0.000539883 0.000436873 0.000000000 0.000000000 0.000000000
149.632696458 0.003310973 0.000420441 0.000458774 0.000347896 0.000541029 0.000599549 0.000506178 0.000437106 0.000000000 0.000000000 0.000000000
150.281862169 0.003305874 0.000447040 0.000451107 0.000378888 0.000507215 0.000573070 0.000504580 0.000443973 0.000000000 0.000000000 0.000000000
150.931027880 0.003246962 0.000449263 0.000440839 0.000390328 0.000446856 0.000543182 0.000512145 0.000464349 0.000000000 0.000000000 0.000000000
151.580193592 0.003147957 0.000456551 0.000439514 0.000413232 0.000372083 0.000499956 0.000479283 0.000487336 0.000000000 0.000000000 0.000000000
152.229359303 0.002993424 0.000417633 0.000407818 0.000442425 0.000348678 0.000452966 0.000450361 0.000473541 0.000000000 0.000000000 0.000000000
152.878525014 0.002907634 0.000378741 0.000395054 0.000473296 0.000370346 0.000422475 0.000433620 0.000434102 0.000000000 0.000000000 0.000000000
153.527690726 0.002901297 0.000335080 0.000402419 0.000502319 0.000395256 0.000417805 0.000428283 0.000420134 0.000000000 0.000000000 0.000000000
154.176856437 0.002992107 0.000332823 0.000414321 0.000540087 0.000414614 0.000453121 0.000422293 0.000414846 0.000000000 0.000000000 0.000000000
154.826022148 0.003025342 0.000377853 0.000430414 0.000537356 0.000409588 0.000462250 0.000411316 0.000396566 0.000000000 0.000000000 0.000000000
155.475187860 0.003051432 0.000396085 0.000414651 0.000501857 0.000435652 0.000484702 0.000427929 0.000390556 0.000000000 0.000000000 0.000000000
156.124353571 0.003174423 0.000431269 0.000435571 0.000465308 0.000493093 0.000514673 0.000442160 0.000392349 0.000000000 0.000000000 0.000000000
156.773519282 0.003247395 0.000490465 0.000458409 0.000441253 0.000524821 0.000500203 0.000431463 0.000400780 0.000000000 0.000000000 0.000000000
157.422684994 0.003271993 0.000526890 0.000464021 0.000426982 0.000538976 0.000470896 0.000445280 0.000398948 0.000000000 0.000000000 0.000000000
158.071850705 0.003201444 0.000501183 0.000481170 0.000447255 0.000513167 0.000438893 0.000442841 0.000376934 0.000000000 0.000000000 0.000000000
158.721016416 0.003037552 0.000438335 0.000484832 0.000447374 0.000477334 0.000414836 0.000422184 0.000352658 0.000000000 0.000000000 0.000000000
159.370182128 0.002911187 0.000400504 0.000477843 0.000455649 0.000444572 0.000389790 0.000394328 0.000348500 0.000000000 0.000000000 0.000000000
160.019347839 0.002824878 0.000413867 0.000462626 0.000425865 0.000402685 0.000386536 0.000379432 0.000353866 0.000000000 0.000000000 0.000000000
160.668513550 0.002777186 0.000434980 0.000475941 0.000382456 0.000409147 0.000362985 0.000359394 0.000352284 0.000000000 0.000000000 0.000000000
161.317679262 0.002732613 0.000448371 0.000483422 0.000349550 0.000437694 0.000309276 0.000343527 0.000360775 0.000000000 0.000000000 0.000000000
161.966844973 0.002779094 0.000473597 0.000488741 0.000349615 0.000496694 0.000257482 0.000314786 0.000398178 0.000000000 0.000000000 0.000000000
162.616010684 0.002854963 0.000495714 0.000474668 0.000362849 0.000563831 0.000239334 0.000298918 0.000419649 0.000000000 0.000000000 0.000000000
163.265176395 0.002918351 0.000499982 0.000427373 0.000381967 0.000621227 0.000254912 0.000296272 0.000436617 0.000000000 0.000000000 0.000000000
163.914342107 0.002973733 0.000516232 0.000387937 0.000396374 0.000642729 0.000287715 0.000306860 0.000435887 0.000000000 0.000000000 0.000000000
164.563507818 0.002991408 0.000500667 0.000381964 0.000381003 0.000614665 0.000321711 0.000353406 0.000437991 0.000000000 0.000000000 0.000000000
165.212673529 0.002961802 0.000493429 0.000398460 0.000372504 0.000555880 0.000343441 0.000372903 0.000425185 0.000000000 0.000000000 0.000000000
165.861839241 0.002845988 0.000487703 0.000378309 0.000346778 0.000480420 0.000362699 0.000393938 0.000396141 0.000000000 0.000000000 0.000000000
166.511004952 0.002850014 0.000505868 0.000376151 0.000333567 0.000444921 0.000396793 0.000408139 0.000384574 0.000000000 0.000000000 0.000000000
167.160170663 0.002945308 0.000511192 0.000378580 0.000349620 0.000437183 0.000425650 0.000453027 0.000390058 0.000000000 0.000000000 0.000000000
167.809336375 0.003021965 0.000481251 0.000387198 0.000391530 0.000421444 0.000452110 0.000479653 0.000408779 0.000000000 0.000000000 0.000000000
168.458502086 0.003067919 0.000428405 0.000406214 0.000443969 0.000418895 0.000478849 0.000474925 0.000416663 0.000000000 0.000000000 0.000000000
169.107667797 0.003105873 0.000399997 0.000437056 0.000490941 0.000406649 0.000486621 0.000448328 0.000436282 0.000000000 0.000000000 0.000000000
169.756833509 0.003151765 0.000397256 0.000469017 0.000502587 0.000403074 0.000487436 0.000437305 0.000455090 0.000000000 0.000000000 0.000000000
170.405999220 0.003226485 0.000414255 0.000510530 0.000503290 0.000407049 0.000493483 0.000435129 0.000462749 0.000000000 0.000000000 0.000000000
171.055164931 0.003176348 0.000408466 0.000508625 0.000481838 0.000382772 0.000495575 0.000439531 0.000459540 0.000000000 0.000000000 0.000000000
171.704330643 0.003289579 0.000405620 0.000530587 0.000500238 0.000373408 0.000523563 0.000500919 0.000455244 0.000000000 0.000000000 0.000000000
172.353496354 0.003392254 0.000364258 0.000547243 0.000514037 0.000375482 0.000567140 0.000547504 0.000476589 0.000000000 0.000000000 0.000000000
173.002662065 0.003415046 0.000312738 0.000526643 0.000530539 0.000384133 0.000619654 0.000568505 0.000472834 0.000000000 0.000000000 0.000000000
173.651827776 0.003332769 0.000288145 0.000459112 0.000521800 0.000381258 0.000618851 0.000566054 0.000497548 0.000000000 0.000000000 0.000000000
174.300993488 0.003306872 0.000307585 0.000419512 0.000479325 0.000412149 0.000586063 0.000565402 0.000536835 0.000000000 0.000000000 0.000000000
174.950159199 0.003298890 0.000378523 0.000420932 0.000426500 0.000411702 0.000539771 0.000550053 0.000571409 0.000000000 0.000000000 0.000000000
175.599324910 0.003214623 0.000418511 0.000382569 0.000381425 0.000387177 0.000504381 0.000536248 0.000604311 0.000000000 0.000000000 0.000000000
176.248490622 0.003184142 0.000441425 0.000358139 0.000360617 0.000357356 0.000487682 0.000535730 0.000643193 0.000000000 0.000000000 0.000000000
176.897656333 0.003168472 0.000432784 0.000357199 0.000360790 0.000376120 0.000471996 0.000536120 0.000633462 0.000000000 0.000000000 0.000000000
177.546822044 0.003174808 0.000465107 0.000316897 0.000359628 0.000409098 0.000470049 0.000558382 0.000595647 0.000000000 0.000000000 0.000000000
178.195987756 0.003156315 0.000487466 0.000289848 0.000347184 0.000424696 0.000492820 0.000566607 0.000547695 0.000000000 0.000000000 0.000000000
178.845153467 0.003164770 0.000500729 0.000319837 0.000343603 0.000400709 0.000542621 0.000564464 0.000492807 0.000000000 0.000000000 0.000000000
179.494319178 0.003243561 0.000507015 0.000365980 0.000359661 0.000389536 0.000589450 0.000546450 0.000485468 0.000000000 0.000000000 0.000000000
180.143484890 0.003247156 0.000500423 0.000400479 0.000391402 0.000384795 0.000569554 0.000524687 0.000475817 0.000000000 0.000000000 0.000000000
180.792650601 0.003162143 0.000490675 0.000422527 0.000403464 0.000375208 0.000511742 0.000489770 0.000468757 0.000000000 0.000000000 0.000000000
181.441816312 0.003107828 0.000462398 0.000411330 0.000451653 0.000368080 0.000464235 0.000470219 0.000479913 0.000000000 0.000000000 0.000000000
182.090982024 0.003093549 0.000411516 0.000387396 0.000494956 0.000430520 0.000416584 0.000445974 0.000506603 0.000000000 0.000000000 0.000000000
182.740147735 0.003129271 0.000368984 0.000415960 0.000523414 0.000469240 0.000383838 0.000434070 0.000533766 0.000000000 0.000000000 0.000000000
183.389313446 0.003193836 0.000361459 0.000483301 0.000542196 0.000466322 0.000376229 0.000434010 0.000530319 0.000000000 0.000000000 0.000000000
184.038479157 0.003215167 0.000393646 0.000525205 0.000533339 0.000440518 0.000391247 0.000433561 0.000497651 0.000000000 0.000000000 0.000000000
184.687644869 0.003180131 0.000413744 0.000527618 0.000519666 0.000401345 0.000430557 0.000445505 0.000441696 0.000000000 0.000000000 0.000000000
185.336810580 0.003223959 0.000430306 0.000506549 0.000524336 0.000398425 0.000471559 0.000471859 0.000420926 0.000000000 0.000000000 0.000000000
185.985976291 0.003156365 0.000396346 0.000449230 0.000482665 0.000407182 0.000524407 0.000473659 0.000422876 0.000000000 0.000000000 0.000000000
186.635142003 0.003120541 0.000369336 0.000422505 0.000484169 0.000414618 0.000537549 0.000459460 0.000432904 0.000000000 0.000000000 0.000000000
187.284307714 0.003028820 0.000376662 0.000409055 0.000450783 0.000428327 0.000544687 0.000400988 0.000418317 0.000000000 0.000000000 0.000000000
187.933473425 0.002974068 0.000386725 0.000401032 0.000435388 0.000426408 0.000534585 0.000390740 0.000399191 0.000000000 0.000000000 0.000000000
188.582639137 0.002938007 0.000385135 0.000408483 0.000408955 0.000428092 0.000501753 0.000429077 0.000376512 0.000000000 0.000000000 0.000000000
189.231804848 0.002949741 0.000410763 0.000415492 0.000386013 0.000394838 0.000489329 0.000480259 0.000373047 0.000000000 0.000000000 0.000000000
189.880970559 0.003125789 0.000451086 0.000461172 0.000391619 0.000381742 0.000493081 0.000537191 0.000409897 0.000000000 0.000000000 0.000000000
190.530136271 0.003300330 0.000501495 0.000483287 0.000385926 0.000380171 0.000479105 0.000571231 0.000499116 0.000000000 0.000000000 0.000000000
191.179301982 0.003425506 0.000556902 0.000508653 0.000394400 0.000377977 0.000445373 0.000561566 0.000580634 0.000000000 0.000000000 0.000000000
191.828467693 0.003466289 0.000587898 0.000534570 0.000414069 0.000385828 0.000419063 0.000509826 0.000615034 0.000000000 0.000000000 0.000000000
192.477633405 0.003326831 0.000532242 0.000529653 0.000430057 0.000394670 0.000403635 0.000474301 0.000562273 0.000000000 0.000000000 0.000000000
193.126799116 0.003129118 0.000458259 0.000484705 0.000431555 0.000407778 0.000411836 0.000450271 0.000484714 0.000000000 0.000000000 0.000000000
193.775964827 0.002991097 0.000372827 0.000426320 0.000429197 0.000446093 0.000437134 0.000449068 0.000430457 0.000000000 0.000000000 0.000000000
194.425130539 0.002908833 0.000303616 0.000355648 0.000433057 0.000475942 0.000457386 0.000445367 0.000437817 0.000000000 0.000000000 0.000000000
195.074296250 0.002862788 0.000302916 0.000302348 0.000463247 0.000480947 0.000444080 0.000433358 0.000435892 0.000000000 0.000000000 0.000000000
195.723461961 0.002864275 0.000343108 0.000289311 0.000480979 0.000471696 0.000459042 0.000403051 0.000417087 0.000000000 0.000000000 0.000000000
196.372627672 0.002911640 0.000423457 0.000301718 0.000482213 0.000467218 0.000454042 0.000389213 0.000393777 0.000000000 0.000000000 0.000000000
197.021793384 0.002938770 0.000474615 0.000332883 0.000455951 0.000460220 0.000441142 0.000386412 0.000387548 0.000000000 0.000000000 0.000000000
197.670959095 0.003023390 0.000535139 0.000390262 0.000436425 0.000478665 0.000407004 0.000374645 0.000401250 0.000000000 0.000000000 0.000000000
198.320124806 0.003092048 0.000537595 0.000447026 0.000432807 0.000474002 0.000398371 0.000396622 0.000405624 0.000000000 0.000000000 0.000000000
198.969290518 0.003146210 0.000504236 0.000502592 0.000440768 0.000474474 0.000405384 0.000407281 0.000411476 0.000000000 0.000000000 0.000000000
199.618456229 0.003092537 0.000403746 0.000564454 0.000425605 0.000475152 0.000413258 0.000411390 0.000398932 0.000000000 0.000000000 0.000000000
200.267621940 0.003076384 0.000333282 0.000603656 0.000434918 0.000484794 0.000419912 0.000404792 0.000395030 0.000000000 0.000000000 0.000000000
200.916787652 0.003082209 0.000360429 0.000574275 0.000465892 0.000471806 0.000403207 0.000421015 0.000385585 0.000000000 0.000000000 0.000000000
201.565953363 0.003046136 0.000418287 0.000498662 0.000478541 0.000442564 0.000406742 0.000416341 0.000385000 0.000000000 0.000000000 0.000000000
202.215119074 0.003035116 0.000485090 0.000455933 0.000454970 0.000417119 0.000421749 0.000410313 0.000389942 0.000000000 0.000000000 0.000000000
202.864284786 0.003080813 0.000530952 0.000432138 0.000457131 0.000403261 0.000440417 0.000413346 0.000403568 0.000000000 0.000000000 0.000000000
203.513450497 0.003062748 0.000508707 0.000393773 0.000467255 0.000389677 0.000450990 0.000428382 0.000423965 0.000000000 0.000000000 0.000000000
204.162616208 0.003108286 0.000467226 0.000395601 0.000495934 0.000363576 0.000448783 0.000449829 0.000487337 0.000000000 0.000000000 0.000000000
204.811781920 0.003121806 0.000410094 0.000403503 0.000498717 0.000356220 0.000466629 0.000458937 0.000527706 0.000000000 0.000000000 0.000000000
205.460947631 0.003046932 0.000345726 0.000389456 0.000474383 0.000341964 0.000479592 0.000481972 0.000533839 0.000000000 0.000000000 0.000000000
206.110113342 0.003048273 0.000370948 0.000377962 0.000493270 0.000318360 0.000483508 0.000502204 0.000502021 0.000000000 0.000000000 0.000000000
206.759279053 0.003162447 0.000422351 0.000380280 0.000497723 0.000326999 0.000509537 0.000542434 0.000483124 0.000000000 0.000000000 0.000000000
207.408444765 0.003191243 0.000444305 0.000379684 0.000458327 0.000357532 0.000509982 0.000561595 0.000479819 0.000000000 0.000000000 0.000000000
208.057610476 0.003213315 0.000426629 0.000381407 0.000421135 0.000402672 0.000531539 0.000531913 0.000518020 0.000000000 0.000000000 0.000000000
208.706776187 0.003266573 0.000405269 0.000392262 0.000394509 0.000443037 0.000552236 0.000520184 0.000559077 0.000000000 0.000000000 0.000000000
209.355941899 0.003433640 0.000427860 0.000448850 0.000365442 0.000469268 0.000578029 0.000551110 0.000593082 0.000000000 0.000000000 0.000000000
210.005107610 0.003554108 0.000456627 0.000505988 0.000356220 0.000476997 0.000567156 0.000581421 0.000609701 0.000000000 0.000000000 0.000000000
210.654273321 0.003590024 0.000475476 0.000508498 0.000339581 0.000439454 0.000567661 0.000633272 0.000626081 0.000000000 0.000000000 0.000000000
211.303439033 0.003497868 0.000439238 0.000438321 0.000325649 0.000408246 0.000588567 0.000653822 0.000644026 0.000000000 0.000000000 0.000000000
211.952604744 0.003295672 0.000376368 0.000377025 0.000339397 0.000360070 0.000596594 0.000638062 0.000608157 0.000000000 0.000000000 0.000000000
212.601770455 0.003101178 0.000284868 0.000322437 0.000355325 0.000336710 0.000618321 0.000602329 0.000581187 0.000000000 0.000000000 0.000000000
213.250936167 0.003012518 0.000268468 0.000282540 0.000363156 0.000348668 0.000617181 0.000578240 0.000554265 0.000000000 0.000000000 0.000000000
213.900101878 0.003026946 0.000292980 0.000293692 0.000365229 0.000375315 0.000609873 0.000566487 0.000523370 0.000000000 0.000000000 0.000000000
214.549267589 0.003053185 0.000337368 0.000328519 0.000346629 0.000431770 0.000585274 0.000516296 0.000507328 0.000000000 0.000000000 0.000000000
215.198433301 0.003104394 0.000337341 0.000389362 0.000347601 0.000467033 0.000559606 0.000499629 0.000503824 0.000000000 0.000000000 0.000000000
215.847599012 0.003199935 0.000369649 0.000457702 0.000382336 0.000479002 0.000520870 0.000485728 0.000504649 0.000000000 0.000000000 0.000000000
216.496764723 0.003291380 0.000427253 0.000476106 0.000402511 0.000508227 0.000489018 0.000486289 0.000501978 0.000000000 0.000000000 0.000000000
217.145930434 0.003383401 0.000505775 0.000460240 0.000410479 0.000530220 0.000465133 0.000501152 0.000510401 0.000000000 0.000000000 0.000000000
217.795096146 0.003439121 0.000555700 0.000486007 0.000405859 0.000519909 0.000450431 0.000512279 0.000508935 0.000000000 0.000000000 0.000000000
218.444261857 0.003308417 0.000514836 0.000463092 0.000411860 0.000491675 0.000441035 0.000501399 0.000484521 0.000000000 0.000000000 0.000000000
219.093427568 0.003109302 0.000422679 0.000445798 0.000420241 0.000459394 0.000450368 0.000451719 0.000459103 0.000000000 0.000000000 0.000000000
219.742593280 0.002956032 0.000377054 0.000409129 0.000422860 0.000400216 0.000473230 0.000412072 0.000461472 0.000000000 0.000000000 0.000000000
220.391758991 0.002835358 0.000352311 0.000392499 0.000407701 0.000360512 0.000480131 0.000402091 0.000440113 0.000000000 0.000000000 0.000000000
221.040924702 0.002742886 0.000342770 0.000367731 0.000395515 0.000340772 0.000467186 0.000403508 0.000425405 0.000000000 0.000000000 0.000000000
221.690090414 0.002748813 0.000364393 0.000344912 0.000405141 0.000324195 0.000462154 0.000441208 0.000406810 0.000000000 0.000000000 0.000000000
222.339256125 0.002906658 0.000430302 0.000372268 0.000408382 0.000333678 0.000448704 0.000496322 0.000417002 0.000000000 0.000000000 0.000000000
222.988421836 0.003177187 0.000547072 0.000395851 0.000425166 0.000365337 0.000452855 0.000525404 0.000465500 0.000000000 0.000000000 0.000000000
223.637587548 0.003473769 0.000585321 0.000419097 0.000473147 0.000420143 0.000472069 0.000560101 0.000543891 0.000000000 0.000000000 0.000000000
224.286753259 0.003739327 0.000562004 0.000445133 0.000526601 0.000466009 0.000522397 0.000590145 0.000627039 0.000000000 0.000000000 0.000000000
224.935918970 0.003771522 0.000468872 0.000466297 0.000529708 0.000524098 0.000552618 0.000586410 0.000643519 0.000000000 0.000000000 0.000000000
225.585084682 0.003597555 0.000384510 0.000507082 0.000504996 0.000531978 0.000544267 0.000539147 0.000585575 0.000000000 0.000000000 0.000000000
226.234250393 0.003272193 0.000371024 0.000484774 0.000460472 0.000451053 0.000495079 0.000474683 0.000535109 0.000000000 0.000000000 0.000000000
226.883416104 0.002920208 0.000370895 0.000436328 0.000423377 0.000357629 0.000425903 0.000429542 0.000476533 0.000000000 0.000000000 0.000000000
227.532581816 0.002521214 0.000366410 0.000354795 0.000367702 0.000283561 0.000367231 0.000361954 0.000419562 0.000000000 0.000000000 0.000000000
228.181747527 0.002337479 0.000309967 0.000372749 0.000334134 0.000257778 0.000353599 0.000333524 0.000375727 0.000000000 0.000000000 0.000000000
228.830913238 0.002291317 0.000297585 0.000400051 0.000316134 0.000245907 0.000349818 0.000350298 0.000331525 0.000000000 0.000000000 0.000000000
229.480078949 0.002486614 0.000316048 0.000426883 0.000331305 0.000290763 0.000379771 0.000391038 0.000350807 0.000000000 0.000000000 0.000000000
230.129244661 0.003036730 0.000421754 0.000486404 0.000348793 0.000403397 0.000451361 0.000475390 0.000449632 0.000000000 0.000000000 0.000000000
230.778410372 0.003920291 0.000574545 0.000533157 0.000386382 0.000564686 0.000592118 0.000630265 0.000639139 0.000000000 0.000000000 0.000000000
231.427576083 0.004736480 0.000661219 0.000531656 0.000454868 0.000667362 0.000777288 0.000803347 0.000840742 0.000000000 0.000000000 0.000000000
232.076741795 0.004784964 0.000668736 0.000456780 0.000455734 0.000569068 0.000875835 0.000870649 0.000888161 0.000000000 0.000000000 0.000000000
232.725907506 0.004136534 0.000529338 0.000363673 0.000400872 0.000469935 0.000813947 0.000772429 0.000786340 0.000000000 0.000000000 0.000000000
233.375073217 0.003308928 0.000398792 0.000259580 0.000330285 0.000412315 0.000631250 0.000649864 0.000626841 0.000000000 0.000000000 0.000000000
234.024238929 0.002608050 0.000285008 0.000183414 0.000257278 0.000316244 0.000478269 0.000546492 0.000541344 0.000000000 0.000000000 0.000000000
234.673404640 0.002226812 0.000163414 0.000169098 0.000218297 0.000276687 0.000422414 0.000498256 0.000478646 0.000000000 0.000000000 0.000000000
235.322570351 0.001896360 0.000073692 0.000182261 0.000179913 0.000226418 0.000398501 0.000431118 0.000404458 0.000000000 0.000000000 0.000000000
235.971736063 0.001695397 0.000063000 0.000202660 0.000164078 0.000155242 0.000393268 0.000351375 0.000365773 0.000000000 0.000000000 0.000000000
236.620901774 0.001686112 0.000065736 0.000193621 0.000193303 0.000122483 0.000399529 0.000343810 0.000367630 0.000000000 0.000000000 0.000000000
237.270067485 0.007246509 0.000079967 0.000161347 0.000225351 0.000117369 0.000382309 0.000304666 0.000322991 0.000000000 0.005652510 0.000000000
237.919233197 0.010128817 0.000110207 0.000127926 0.000212055 0.000136602 0.000342726 0.000197226 0.000184160 0.000000000 0.008817915 0.000000000
238.568398908 0.007981831 0.000150624 0.000089110 0.000177081 0.000129549 0.000317802 0.000204440 0.000130213 0.000000000 0.006783012 0.000000000
239.217564619 0.011463120 0.000178256 0.000059579 0.000277949 0.000096842 0.000285951 0.000240417 0.000149608 0.000000000 0.010174518 0.000000000
239.866730330 0.007017800 0.000142979 0.000058063 0.000160916 0.000085210 0.000232401 0.000284484 0.000175137 0.000000000 0.005878610 0.000000000
240.515896042 0.009049499 0.000156879 0.000075622 0.000098673 0.000102908 0.000203408 0.000293101 0.000205395 0.000000000 0.007913514 0.000000000
241.165061753 0.007852134 0.000171199 0.000148929 0.000096416 0.000109360 0.000223525 0.000284068 0.000261726 0.000000000 0.006556911 0.000000000
241.814227464 0.010396634 0.000174340 0.000213166 0.000046068 0.000102775 0.000227403 0.000256263 0.000332604 0.000000000 0.009044016 0.000000000
242.463393176 0.008619100 0.000156623 0.000206066 0.000042462 0.000117834 0.000231418 0.000250262 0.000379224 0.000000000 0.007235213 0.000000000
243.112558887 0.009676202 0.000125166 0.000339541 0.000059154 0.000164453 0.000260113 0.000255552 0.000332610 0.000000000 0.008139614 0.000000000
243.761724598 0.008828974 0.000081781 0.000206688 0.000083575 0.000191616 0.000279140 0.000249068 0.000275792 0.000000000 0.007461313 0.000000000
244.410890310 0.010099257 0.000044881 0.000087606 0.000104423 0.000167946 0.000318417 0.000285969 0.000272100 0.000000000 0.008817915 0.000000000
245.060056021 0.007025800 0.000025648 0.000102111 0.000094205 0.000144441 0.000381234 0.000330457 0.000295194 0.000000000 0.005652510 0.000000000
245.709221732 0.008086043 0.000019987 0.000111563 0.000099054 0.000137853 0.000386770 0.000287872 0.000259933 0.000000000 0.006783012 0.000000000
246.358387444 0.006851682 0.000020278 0.000092172 0.000117204 0.000170704 0.000291379 0.000273384 0.000234051 0.000000000 0.005652510 0.000000000
247.007553155 0.009844288 0.000034274 0.000080719 0.000136545 0.000156485 0.000264198 0.000336810 0.000243442 0.000000000 0.008591815 0.000000000
247.656718866 0.008716783 0.000103363 0.000082924 0.000155649 0.000099422 0.000259285 0.000276142 0.000278686 0.000000000 0.007461313 0.000000000
248.305884578 0.007871210 0.000231681 0.000087073 0.000167194 0.000241520 0.000268508 0.000218129 0.000326294 0.000000000 0.006330811 0.000000000
248.955050289 0.009511038 0.000272650 0.000096235 0.000183488 0.000156781 0.000255490 0.000307828 0.000325052 0.000000000 0.007913514 0.000000000
249.604216000 0.007536175 0.000270241 0.000126659 0.000185438 0.000136148 0.000255678 0.000328189 0.000355213 0.000000000 0.005878610 0.000000000
250.253381712 0.007940704 0.000229188 0.000225241 0.000157469 0.000093052 0.000252624 0.000336079 0.000316241 0.000000000 0.006330811 0.000000000
250.902547423 0.005608279 0.000159594 0.000247705 0.000110913 0.000095412 0.000241848 0.000326946 0.000356053 0.000000000 0.004069807 0.000000000
251.551713134 0.010325921 0.000163903 0.000168343 0.000087389 0.000090761 0.000259759 0.000360015 0.000377837 0.000000000 0.008817915 0.000000000
252.200878845 0.008427633 0.000196211 0.000100479 0.000099566 0.000097134 0.000301904 0.000311508 0.000311719 0.000000000 0.007009112 0.000000000
252.850044557 0.006750970 0.000181709 0.000075255 0.000107980 0.000109378 0.000344229 0.000242748 0.000263263 0.000000000 0.005426409 0.000000000
253.499210268 0.008012557 0.000168614 0.000078408 0.000107225 0.000134523 0.000310422 0.000171265 0.000259088 0.000000000 0.006783012 0.000000000
254.148375979 0.007721466 0.000191435 0.000077095 0.000114065 0.000152897 0.000211138 0.000127999 0.000289926 0.000000000 0.006556911 0.000000000
254.797541691 0.008005168 0.000216903 0.000104739 0.000163283 0.000168017 0.000144761 0.000174984 0.000249469 0.000000000 0.006783012 0.000000000
255.446707402 0.009672341 0.000195306 0.000128112 0.000204704 0.000174447 0.000153901 0.000268251 0.000181907 0.000000000 0.008365715 0.000000000
256.095873113 0.009020351 0.000114526 0.000143467 0.000206078 0.000182923 0.000193395 0.000327765 0.000164784 0.000000000 0.007687413 0.000000000
256.745038825 0.006009566 0.000088091 0.000164951 0.000192371 0.000179718 0.000233310 0.000243661 0.000159357 0.000000000 0.004748108 0.000000000
257.394204536 0.009214943 0.000157538 0.000176602 0.000175568 0.000152568 0.000274013 0.000188052 0.000177088 0.000000000 0.007913514 0.000000000
258.043370247 0.007827759 0.000184885 0.000169332 0.000159792 0.000092362 0.000265475 0.000190466 0.000208537 0.000000000 0.006556911 0.000000000
258.692535959 0.004749638 0.000144992 0.000187135 0.000152540 0.000054611 0.000223617 0.000185259 0.000183877 0.000000000 0.003617606 0.000000000
259.341701670 0.010411804 0.000106391 0.000168632 0.000202887 0.000055711 0.000233244 0.000181424 0.000193398 0.000000000 0.009270116 0.000000000
259.990867381 0.008774531 0.000084733 0.000161568 0.000253480 0.000068214 0.000263999 0.000214816 0.000266408 0.000000000 0.007461313 0.000000000
260.640033093 0.008270006 0.000085534 0.000163386 0.000208156 0.000106339 0.000321258 0.000296972 0.000305348 0.000000000 0.006783012 0.000000000
261.289198804 0.007997729 0.000120180 0.000160580 0.000167532 0.000147920 0.000357392 0.000396125 0.000317188 0.000000000 0.006330811 0.000000000
261.938364515 0.009671007 0.000157071 0.000160953 0.000142523 0.000156109 0.000348884 0.000437150 0.000354802 0.000000000 0.007913514 0.000000000
262.587530226 0.007152018 0.000140493 0.000191376 0.000117440 0.000150835 0.000328084 0.000393895 0.000403484 0.000000000 0.005426409 0.000000000
263.236695938 0.007690699 0.000091233 0.000206980 0.000102376 0.000144863 0.000307894 0.000331853 0.000400789 0.000000000 0.006104711 0.000000000
263.885861649 0.010297940 0.000083943 0.000195214 0.000102879 0.000195998 0.000273530 0.000298540 0.000329922 0.000000000 0.008817915 0.000000000
264.535027360 0.006818216 0.000123806 0.000168218 0.000101753 0.000252009 0.000245054 0.000244408 0.000256558 0.000000000 0.005426409 0.000000000
265.184193072 0.008965099 0.000160856 0.000119599 0.000084293 0.000236107 0.000239920 0.000216919 0.000219993 0.000000000 0.007687413 0.000000000
265.833358783 0.010426090 0.000169742 0.000086480 0.000075081 0.000193452 0.000226406 0.000198497 0.000206316 0.000000000 0.009270116 0.000000000
266.482524494 0.009910241 0.000180339 0.000082874 0.000063750 0.000158319 0.000218360 0.000192369 0.000196314 0.000000000 0.008817915 0.000000000
267.131690206 0.007839028 0.000148763 0.000092037 0.000055487 0.000150545 0.000215502 0.000195733 0.000197950 0.000000000 0.006783012 0.000000000
267.780855917 0.010316613 0.000088958 0.000090445 0.000061988 0.000143736 0.000239781 0.000195886 0.000225701 0.000000000 0.009270116 0.000000000
268.430021628 0.011131349 0.000073672 0.000087181 0.000105550 0.000158680 0.000284516 0.000218246 0.000255085 0.000000000 0.009948417 0.000000000
269.079187340 0.008430141 0.000100260 0.000089458 0.000210924 0.000148614 0.000318164 0.000272298 0.000281311 0.000000000 0.007009112 0.000000000
269.728353051 0.006614579 0.000186812 0.000097509 0.000222148 0.000114475 0.000322956 0.000354860 0.000341610 0.000000000 0.004974209 0.000000000
270.377518762 0.008427524 0.000251963 0.000095701 0.000131932 0.000088850 0.000317169 0.000372304 0.000386593 0.000000000 0.006783012 0.000000000
271.026684474 0.007441051 0.000266929 0.000097880 0.000129242 0.000086181 0.000305709 0.000371182 0.000305318 0.000000000 0.005878610 0.000000000
271.675850185 0.007170164 0.000220546 0.000101835 0.000154894 0.000110682 0.000308975 0.000376367 0.000244355 0.000000000 0.005652510 0.000000000
272.325015896 0.007914847 0.000058523 0.000132936 0.000176149 0.000250288 0.000322922 0.000402253 0.000240965 0.000000000 0.006330811 0.000000000
272.974181607 0.005962362 0.000053510 0.000235185 0.000169968 0.000115662 0.000313952 0.000281993 0.000270084 0.000000000 0.004522008 0.000000000
273.623347319 0.006702229 0.000057793 0.000229654 0.000139547 0.000095015 0.000295728 0.000171638 0.000286445 0.000000000 0.005426409 0.000000000
274.272513030 0.007337183 0.000058763 0.000210561 0.000117171 0.000119718 0.000250310 0.000175297 0.000300654 0.000000000 0.006104711 0.000000000
274.921678741 0.008528878 0.000073013 0.000156881 0.000126448 0.000150322 0.000237517 0.000254511 0.000294973 0.000000000 0.007235213 0.000000000
275.570844453 0.005239036 0.000117706 0.000160420 0.000178940 0.000157002 0.000274920 0.000282407 0.000223934 0.000000000 0.003843707 0.000000000
276.220010164 0.008014596 0.000156427 0.000193351 0.000213028 0.000136256 0.000301486 0.000270316 0.000186821 0.000000000 0.006556911 0.000000000
276.869175875 0.006656691 0.000156330 0.000232435 0.000181279 0.000147663 0.000273430 0.000263858 0.000201387 0.000000000 0.005200309 0.000000000
277.518341587 0.008135640 0.000158865 0.000207698 0.000135246 0.000174941 0.000236448 0.000253513 0.000185919 0.000000000 0.006783012 0.000000000
278.167507298 0.005480397 0.000153115 0.000151767 0.000104951 0.000190581 0.000209003 0.000191820 0.000183252 0.000000000 0.004295907 0.000000000
278.816673009 0.004785088 0.000146897 0.000144399 0.000100067 0.000267590 0.000199646 0.000129558 0.000179326 0.000000000 0.003617606 0.000000000
279.465838721 0.006861502 0.000142007 0.000158488 0.000113412 0.000272981 0.000225806 0.000120899 0.000175399 0.000000000 0.005652510 0.000000000
280.115004432 0.005126512 0.000157499 0.000164196 0.000135646 0.000211380 0.000243605 0.000173195 0.000197284 0.000000000 0.003843707 0.000000000
280.764170143 0.007841014 0.000209043 0.000180011 0.000186738 0.000231511 0.000236861 0.000239852 0.000226188 0.000000000 0.006330811 0.000000000
281.413335855 0.006649381 0.000254185 0.000180960 0.000250259 0.000243168 0.000234419 0.000267485 0.000244695 0.000000000 0.004974209 0.000000000
282.062501566 0.008493879 0.000287872 0.000155442 0.000277054 0.000230496 0.000251090 0.000280099 0.000228814 0.000000000 0.006783012 0.000000000
282.711667277 0.006690381 0.000315030 0.000185655 0.000251449 0.000199826 0.000268547 0.000290076 0.000205589 0.000000000 0.004974209 0.000000000
283.360832989 0.005604957 0.000318002 0.000219997 0.000237469 0.000143748 0.000275299 0.000314106 0.000252629 0.000000000 0.003843707 0.000000000
284.009998700 0.007226094 0.000295533 0.000180888 0.000216395 0.000118752 0.000263460 0.000357052 0.000367606 0.000000000 0.005426409 0.000000000
284.659164411 0.008306460 0.000229821 0.000166361 0.000177839 0.000134499 0.000244240 0.000350005 0.000446783 0.000000000 0.006556911 0.000000000
285.308330122 0.007416591 0.000174064 0.000151765 0.000170179 0.000148736 0.000211616 0.000256414 0.000425206 0.000000000 0.005878610 0.000000000
285.957495834 0.007868957 0.000162725 0.000157135 0.000164342 0.000145831 0.000152319 0.000191852 0.000337842 0.000000000 0.006556911 0.000000000
286.606661545 0.005879252 0.000203901 0.000194100 0.000162856 0.000198424 0.000128483 0.000192346 0.000277134 0.000000000 0.004522008 0.000000000
287.255827256 0.007559481 0.000250634 0.000235848 0.000175607 0.000194881 0.000157153 0.000195578 0.000245070 0.000000000 0.006104711 0.000000000
287.904992968 0.007461279 0.000289240 0.000230674 0.000227615 0.000199922 0.000205569 0.000209717 0.000219930 0.000000000 0.005878610 0.000000000
288.554158679 0.005933957 0.000252037 0.000203801 0.000256130 0.000248096 0.000238804 0.000222452 0.000216730 0.000000000 0.004295907 0.000000000
289.203324390 0.006456409 0.000217828 0.000232242 0.000269435 0.000275170 0.000239767 0.000238092 0.000235768 0.000000000 0.004748108 0.000000000
289.852490102 0.007339657 0.000177273 0.000296815 0.000255509 0.000214211 0.000240707 0.000247153 0.000255478 0.000000000 0.005652510 0.000000000
290.501655813 0.007319739 0.000184907 0.000296131 0.000265868 0.000219792 0.000230264 0.000241552 0.000228714 0.000000000 0.005652510 0.000000000
291.150821524 0.006653828 0.000266717 0.000223793 0.000260886 0.000233631 0.000229281 0.000241686 0.000223626 0.000000000 0.004974209 0.000000000
291.799987236 0.007688804 0.000333828 0.000158768 0.000248431 0.000162879 0.000245134 0.000213176 0.000221878 0.000000000 0.006104711 0.000000000
292.449152947 0.007244398 0.000378946 0.000139319 0.000220553 0.000161327 0.000252718 0.000200512 0.000238514 0.000000000 0.005652510 0.000000000
293.098318658 0.005816996 0.000329346 0.000170292 0.000214084 0.000175220 0.000222624 0.000205970 0.000203552 0.000000000 0.004295907 0.000000000
293.747484370 0.007056166 0.000217664 0.000198095 0.000211582 0.000196658 0.000198050 0.000206993 0.000174613 0.000000000 0.005652510 0.000000000
294.396650081 0.008463304 0.000130432 0.000167051 0.000212365 0.000152470 0.000214135 0.000184256 0.000167382 0.000000000 0.007235213 0.000000000
295.045815792 0.006642848 0.000107857 0.000189037 0.000223873 0.000144302 0.000215257 0.000175421 0.000160692 0.000000000 0.005426409 0.000000000
295.694981503 0.006109056 0.000094534 0.000261810 0.000229178 0.000171331 0.000211811 0.000216276 0.000176009 0.000000000 0.004748108 0.000000000
296.344147215 0.010240670 0.000094070 0.000235578 0.000202908 0.000163680 0.000213162 0.000290168 0.000223188 0.000000000 0.008817915 0.000000000
296.993312926 0.007569802 0.000098183 0.000212985 0.000192688 0.000136212 0.000225289 0.000304986 0.000294750 0.000000000 0.006104711 0.000000000
297.642478637 0.008468419 0.000102210 0.000169425 0.000194070 0.000098738 0.000290135 0.000261531 0.000343197 0.000000000 0.007009112 0.000000000
298.291644349 0.009519973 0.000096508 0.000122180 0.000192040 0.000089290 0.000332784 0.000242594 0.000304963 0.000000000 0.008139614 0.000000000
298.940810060 0.005788128 0.000092625 0.000097543 0.000185103 0.000098228 0.000315690 0.000280637 0.000196294 0.000000000 0.004522008 0.000000000
299.589975771 0.008910994 0.000097556 0.000118584 0.000178550 0.000145593 0.000269813 0.000308498 0.000104986 0.000000000 0.007687413 0.000000000
300.239141483 0.006445103 0.000074294 0.000167303 0.000193881 0.000252946 0.000247078 0.000224066 0.000085226 0.000000000 0.005200309 0.000000000
300.888307194 0.007247994 0.000072678 0.000250619 0.000145923 0.000340035 0.000262551 0.000160860 0.000136717 0.000000000 0.005878610 0.000000000
301.537472905 0.007645421 0.000148575 0.000272366 0.000107902 0.000344467 0.000238991 0.000188657 0.000239752 0.000000000 0.006104711 0.000000000
302.186638617 0.007849799 0.000180702 0.000218188 0.000103086 0.000258100 0.000205497 0.000208129 0.000345286 0.000000000 0.006330811 0.000000000
302.835804328 0.009285079 0.000121879 0.000180304 0.000100764 0.000183285 0.000206135 0.000198369 0.000380829 0.000000000 0.007913514 0.000000000
303.484970039 0.007287236 0.000118608 0.000171353 0.000098354 0.000261951 0.000262475 0.000284189 0.000211696 0.000000000 0.005878610 0.000000000
304.134135751 0.007920415 0.000174952 0.000164863 0.000108301 0.000132627 0.000313331 0.000309592 0.000159838 0.000000000 0.006556911 0.000000000
304.783301462 0.009413077 0.000207254 0.000156365 0.000115829 0.000064917 0.000288169 0.000265079 0.000175851 0.000000000 0.008139614 0.000000000
305.432467173 0.007744100 0.000190831 0.000123523 0.000112256 0.000077654 0.000211091 0.000247103 0.000224731 0.000000000 0.006556911 0.000000000
306.081632885 0.008877185 0.000180487 0.000097073 0.000099256 0.000098896 0.000190293 0.000231847 0.000291920 0.000000000 0.007687413 0.000000000
306.730798596 0.008568953 0.000186273 0.000084424 0.000080353 0.000135233 0.000189235 0.000192130 0.000239992 0.000000000 0.007461313 0.000000000
307.379964307 0.009770025 0.000163688 0.000070306 0.000078672 0.000116592 0.000152481 0.000196423 0.000173949 0.000000000 0.008817915 0.000000000
308.029130018 0.008034785 0.000150158 0.000046826 0.000111760 0.000063057 0.000097397 0.000162010 0.000168365 0.000000000 0.007235213 0.000000000
308.678295730 0.006546950 0.000140672 0.000034059 0.000163801 0.000041906 0.000072743 0.000060682 0.000154476 0.000000000 0.005878610 0.000000000
309.327461441 0.011060024 0.000106097 0.000146668 0.000225467 0.000027174 0.000064278 0.000018909 0.000070813 0.000000000 0.010400618 0.000000000
309.976627152 0.008793159 0.000083296 0.000201344 0.000252926 0.000036432 0.000046348 0.000013580 0.000019620 0.000000000 0.008139614 0.000000000
310.625792864 0.009601006 0.000074862 0.000136117 0.000187505 0.000093516 0.000029500 0.000022385 0.000013105 0.000000000 0.009044016 0.000000000
311.274958575 0.011224951 0.000069022 0.000138230 0.000170999 0.000146536 0.000029539 0.000025240 0.000018665 0.000000000 0.010626719 0.000000000
311.924124286 0.008037371 0.000069209 0.000123222 0.000157705 0.000122656 0.000050759 0.000025342 0.000027164 0.000000000 0.007461313 0.000000000
312.573289998 0.008201986 0.000049633 0.000126679 0.000106510 0.000094779 0.000070939 0.000026870 0.000039163 0.000000000 0.007687413 0.000000000
313.222455709 0.007524113 0.000053968 0.000128502 0.000066489 0.000097380 0.000069902 0.000040749 0.000058010 0.000000000 0.007009112 0.000000000
313.871621420 0.011445683 0.000077596 0.000108960 0.000043739 0.000127369 0.000071124 0.000086101 0.000077974 0.000000000 0.010852819 0.000000000
314.520787132 0.008698263 0.000119672 0.000118417 0.000037331 0.000153615 0.000096803 0.000153281 0.000105628 0.000000000 0.007913514 0.000000000
315.169952843 0.010769629 0.000186490 0.000160388 0.000039969 0.000166796 0.000133702 0.000217506 0.000142462 0.000000000 0.009722317 0.000000000
315.819118554 0.010555363 0.000195936 0.000159233 0.000056822 0.000232012 0.000180686 0.000246815 0.000213743 0.000000000 0.009270116 0.000000000
316.468284266 0.011785196 0.000065767 0.000071189 0.000088205 0.000342430 0.000231618 0.000266469 0.000318900 0.000000000 0.010400618 0.000000000
317.117449977 0.010583819 0.000002868 0.000006636 0.000086904 0.000072665 0.000177978 0.000101161 0.000187189 0.000000000 0.009948417 0.000000000
317.766615688 0.009131069 0.000000000 0.000000037 0.000024655 0.000000330 0.000042701 0.000001792 0.000017539 0.000000000 0.009044016 0.000000000
318.415781399 0.009953118 0.000000000 0.000000000 0.000002172 0.000000000 0.000002389 0.000000000 0.000000141 0.000000000 0.009948417 0.000000000
319.064947111 0.003843802 0.000000000 0.000000000 0.000000042 0.000000000 0.000000053 0.000000000 0.000000000 0.000000000 0.003843707 0.000000000
319.714112822 0.000000000 0.000000000 0.000000000 0.000000000 0.000000000 0.000000000 0.000000000 0.000000000 0.000000000 0.000000000 0.000000000
320.363278533 0.000000000 0.000000000 0.000000000 0.000000000 0.000000000 0.000000000 0.000000000 0.000000000 0.000000000 0.000000000 0.000000000
321.012444245 0.000000000 0.000000000 0.000000000 0.000000000 0.000000000 0.000000000 0.000000000 0.000000000 0.000000000 0.000000000 0.000000000
321.661609956 0.000000000 0.000000000 0.000000000 0.000000000 0.000000000 0.000000000 0.000000000 0.000000000 0.000000000 0.000000000 0.000000000
322.310775667 0.000000000 0.000000000 0.000000000 0.000000000 0.000000000 0.000000000 0.000000000 0.000000000 0.000000000 0.000000000 0.000000000
322.959941379 0.045220079 0.000000000 0.000000000 0.000000000 0.000000000 0.000000000 0.000000000 0.000000000 0.000000000 0.000000000 0.045220079
323.609107090 0.000000000 0.000000000 0.000000000 0.000000000 0.000000000 0.000000000 0.000000000 0.000000000 0.000000000 0.000000000 0.000000000
324.258272801 0.000000000 0.000000000 0.000000000 0.000000000 0.000000000 0.000000000 0.000000000 0.000000000 0.000000000 0.000000000 0.000000000
