# Ion number density
# The last    3 ion types are fixed
# Average over 506081 steps
# z (au)        total        A            Im1          Im2          Im3          N            C            Me           C1           C2           P
0.295745853 0.049629309 0.000000000 0.000000000 0.000000000 0.000000000 0.000000000 0.000000000 0.000000000 0.000000000 0.000000000 0.049629309
0.887237560 0.000000000 0.000000000 0.000000000 0.000000000 0.000000000 0.000000000 0.000000000 0.000000000 0.000000000 0.000000000 0.000000000
1.478729267 0.000000000 0.000000000 0.000000000 0.000000000 0.000000000 0.000000000 0.000000000 0.000000000 0.000000000 0.000000000 0.000000000
2.070220974 0.000000000 0.000000000 0.000000000 0.000000000 0.000000000 0.000000000 0.000000000 0.000000000 0.000000000 0.000000000 0.000000000
2.661712681 0.000000000 0.000000000 0.000000000 0.000000000 0.000000000 0.000000000 0.000000000 0.000000000 0.000000000 0.000000000 0.000000000
3.253204387 0.000000000 0.000000000 0.000000000 0.000000000 0.000000000 0.000000000 0.000000000 0.000000000 0.000000000 0.000000000 0.000000000
3.844696094 0.000992586 0.000000000 0.000000000 0.000000000 0.000000000 0.000000000 0.000000000 0.000000000 0.000992586 0.000000000 0.000000000
4.436187801 0.010423008 0.000000000 0.000000000 0.000000022 0.000000000 0.000000831 0.000000000 0.000000000 0.010422155 0.000000000 0.000000000
5.027679508 0.007723064 0.000000000 0.000000000 0.000003483 0.000000000 0.000025035 0.000000038 0.000001965 0.007692543 0.000000000 0.000000000
5.619171215 0.010494613 0.000000000 0.000000000 0.000033561 0.000000021 0.000214490 0.000015061 0.000057472 0.010174008 0.000000000 0.000000000
6.210662922 0.010144135 0.000000348 0.000000028 0.000064331 0.000002627 0.000532275 0.000305878 0.000305374 0.008933276 0.000000000 0.000000000
6.802154628 0.012173435 0.000028637 0.000003455 0.000048986 0.000014999 0.000508722 0.000536324 0.000362011 0.010670301 0.000000000 0.000000000
7.393646335 0.010870646 0.000144533 0.000022704 0.000031153 0.000020244 0.000312078 0.000517650 0.000392715 0.009429569 0.000000000 0.000000000
7.985138042 0.010771254 0.000088902 0.000047634 0.000021784 0.000017282 0.000207518 0.000326262 0.000384157 0.009677715 0.000000000 0.000000000
8.576629749 0.008676398 0.000026572 0.000049995 0.000015827 0.000017941 0.000150021 0.000199802 0.000275549 0.007940689 0.000000000 0.000000000
9.168121456 0.011326147 0.000030653 0.000031564 0.000011560 0.000015870 0.000150812 0.000192380 0.000223006 0.010670301 0.000000000 0.000000000
9.759613162 0.008649478 0.000039101 0.000020319 0.000010623 0.000016433 0.000168676 0.000218891 0.000234745 0.007940689 0.000000000 0.000000000
10.351104869 0.008189261 0.000046934 0.000014095 0.000009906 0.000017892 0.000161813 0.000226707 0.000267517 0.007444396 0.000000000 0.000000000
10.942596576 0.008675935 0.000069281 0.000012911 0.000031937 0.000023279 0.000150348 0.000152983 0.000294507 0.007940689 0.000000000 0.000000000
11.534088283 0.007960341 0.000133814 0.000019711 0.000063884 0.000041927 0.000134701 0.000122851 0.000247203 0.007196250 0.000000000 0.000000000
12.125579990 0.011240536 0.000221008 0.000029613 0.000051370 0.000081348 0.000119122 0.000134102 0.000181818 0.010422155 0.000000000 0.000000000
12.717071697 0.010064082 0.000217325 0.000034806 0.000054750 0.000102367 0.000128528 0.000153368 0.000191516 0.009181422 0.000000000 0.000000000
13.308563403 0.010352327 0.000163261 0.000043905 0.000076762 0.000095335 0.000153719 0.000174421 0.000215355 0.009429569 0.000000000 0.000000000
13.900055110 0.010200627 0.000150747 0.000064034 0.000100168 0.000071597 0.000199696 0.000217300 0.000215663 0.009181422 0.000000000 0.000000000
14.491546817 0.007729151 0.000127524 0.000060033 0.000080666 0.000055903 0.000264541 0.000247890 0.000192638 0.006699957 0.000000000 0.000000000
15.083038524 0.008238885 0.000107907 0.000061066 0.000075311 0.000049609 0.000311780 0.000252620 0.000184341 0.007196250 0.000000000 0.000000000
15.674530231 0.010285404 0.000076251 0.000091082 0.000078771 0.000061453 0.000298734 0.000304033 0.000193658 0.009181422 0.000000000 0.000000000
16.266021937 0.009036039 0.000037284 0.000146269 0.000092676 0.000073478 0.000270894 0.000284972 0.000189778 0.007940689 0.000000000 0.000000000
16.857513644 0.007824327 0.000048272 0.000174754 0.000119291 0.000077972 0.000258100 0.000245832 0.000200150 0.006699957 0.000000000 0.000000000
17.449005351 0.008138850 0.000085253 0.000149772 0.000146963 0.000093150 0.000267871 0.000223478 0.000224258 0.006948103 0.000000000 0.000000000
18.040497058 0.008998328 0.000122762 0.000165063 0.000164126 0.000118313 0.000260874 0.000225642 0.000249006 0.007692543 0.000000000 0.000000000
18.631988765 0.008397274 0.000115350 0.000198669 0.000184402 0.000173920 0.000258228 0.000228759 0.000289844 0.006948103 0.000000000 0.000000000
19.223480471 0.009555588 0.000090615 0.000207097 0.000231802 0.000253490 0.000266788 0.000248352 0.000316754 0.007940689 0.000000000 0.000000000
19.814972178 0.007102660 0.000070065 0.000156109 0.000249589 0.000283572 0.000294897 0.000289790 0.000299414 0.005459224 0.000000000 0.000000000
20.406463885 0.008287772 0.000068448 0.000124150 0.000198700 0.000248695 0.000329973 0.000347605 0.000270245 0.006699957 0.000000000 0.000000000
20.997955592 0.008367285 0.000138030 0.000220618 0.000130963 0.000210887 0.000355905 0.000326773 0.000284153 0.006699957 0.000000000 0.000000000
21.589447299 0.007835504 0.000144791 0.000287134 0.000096279 0.000148938 0.000360685 0.000307422 0.000286590 0.006203664 0.000000000 0.000000000
22.180939006 0.007207901 0.000102629 0.000318102 0.000090745 0.000105220 0.000355171 0.000300390 0.000228273 0.005707371 0.000000000 0.000000000
22.772430712 0.005592136 0.000058017 0.000255238 0.000112378 0.000133792 0.000347423 0.000278405 0.000188393 0.004218491 0.000000000 0.000000000
23.363922419 0.010953617 0.000041640 0.000180207 0.000127861 0.000158828 0.000307411 0.000261589 0.000198366 0.009677715 0.000000000 0.000000000
23.955414126 0.004920912 0.000048222 0.000136825 0.000110025 0.000158448 0.000266052 0.000265985 0.000213158 0.003722198 0.000000000 0.000000000
24.546905833 0.007952187 0.000069923 0.000111456 0.000104735 0.000185982 0.000269906 0.000308662 0.000201567 0.006699957 0.000000000 0.000000000
25.138397540 0.009569594 0.000091456 0.000092079 0.000145615 0.000234620 0.000297470 0.000309456 0.000210061 0.008188836 0.000000000 0.000000000
25.729889246 0.008157112 0.000157288 0.000074672 0.000165381 0.000266602 0.000294512 0.000265329 0.000233372 0.006699957 0.000000000 0.000000000
26.321380953 0.009101025 0.000244864 0.000059801 0.000141043 0.000251110 0.000243938 0.000213004 0.000254723 0.007692543 0.000000000 0.000000000
26.912872660 0.008201540 0.000233724 0.000047092 0.000128377 0.000197112 0.000201550 0.000185743 0.000259838 0.006948103 0.000000000 0.000000000
27.504364367 0.006142404 0.000223647 0.000054637 0.000127936 0.000149200 0.000169734 0.000196755 0.000257565 0.004962931 0.000000000 0.000000000
28.095856074 0.006437368 0.000253080 0.000092988 0.000131116 0.000145518 0.000153452 0.000188864 0.000261273 0.005211077 0.000000000 0.000000000
28.687347780 0.008753123 0.000253971 0.000128651 0.000134092 0.000164302 0.000148427 0.000201425 0.000277859 0.007444396 0.000000000 0.000000000
29.278839487 0.007108045 0.000255108 0.000131746 0.000143381 0.000161757 0.000161136 0.000242406 0.000305141 0.005707371 0.000000000 0.000000000
29.870331194 0.006207968 0.000279065 0.000128718 0.000161823 0.000135069 0.000193441 0.000279952 0.000315116 0.004714784 0.000000000 0.000000000
30.461822901 0.006210907 0.000254400 0.000161371 0.000191363 0.000129556 0.000225091 0.000261660 0.000272681 0.004714784 0.000000000 0.000000000
31.053314608 0.007522561 0.000201056 0.000247365 0.000207314 0.000181726 0.000270742 0.000234730 0.000224111 0.005955517 0.000000000 0.000000000
31.644806315 0.007882991 0.000187709 0.000309779 0.000201115 0.000214241 0.000331966 0.000221898 0.000212620 0.006203664 0.000000000 0.000000000
32.236298021 0.006565947 0.000215856 0.000315052 0.000200919 0.000245426 0.000374538 0.000243323 0.000256048 0.004714784 0.000000000 0.000000000
32.827789728 0.007371947 0.000238518 0.000252516 0.000208092 0.000251192 0.000340493 0.000283884 0.000338027 0.005459224 0.000000000 0.000000000
33.419281435 0.007843228 0.000201750 0.000212986 0.000237363 0.000227226 0.000284926 0.000325491 0.000397969 0.005955517 0.000000000 0.000000000
34.010773142 0.006083808 0.000159646 0.000207779 0.000260779 0.000201530 0.000276115 0.000370061 0.000389408 0.004218491 0.000000000 0.000000000
34.602264849 0.006265239 0.000123730 0.000226273 0.000246895 0.000171272 0.000288831 0.000406758 0.000334842 0.004466638 0.000000000 0.000000000
35.193756555 0.006880478 0.000104255 0.000241201 0.000229196 0.000139173 0.000306838 0.000356058 0.000292678 0.005211077 0.000000000 0.000000000
35.785248262 0.009352448 0.000091456 0.000243627 0.000216400 0.000138396 0.000334240 0.000318888 0.000316898 0.007692543 0.000000000 0.000000000
36.376739969 0.005695382 0.000107034 0.000221852 0.000191364 0.000148696 0.000376183 0.000327093 0.000352814 0.003970345 0.000000000 0.000000000
36.968231676 0.006545798 0.000140261 0.000210693 0.000176924 0.000128193 0.000443993 0.000358694 0.000372256 0.004714784 0.000000000 0.000000000
37.559723383 0.009819993 0.000168839 0.000166418 0.000160401 0.000105369 0.000506814 0.000405509 0.000365953 0.007940689 0.000000000 0.000000000
38.151215090 0.009312325 0.000161101 0.000135287 0.000142881 0.000104022 0.000497195 0.000472114 0.000355328 0.007444396 0.000000000 0.000000000
38.742706796 0.007118052 0.000144620 0.000113717 0.000134312 0.000136103 0.000457925 0.000499617 0.000420680 0.005211077 0.000000000 0.000000000
39.334198503 0.005491972 0.000156934 0.000096577 0.000131160 0.000190341 0.000434715 0.000502342 0.000505850 0.003474052 0.000000000 0.000000000
39.925690210 0.007499620 0.000177392 0.000083733 0.000121740 0.000177053 0.000428036 0.000524577 0.000527866 0.005459224 0.000000000 0.000000000
40.517181917 0.006667933 0.000170938 0.000082676 0.000109410 0.000164309 0.000410344 0.000486455 0.000529016 0.004714784 0.000000000 0.000000000
41.108673624 0.008739379 0.000162018 0.000087660 0.000103212 0.000164840 0.000373579 0.000419129 0.000480838 0.006948103 0.000000000 0.000000000
41.700165330 0.006378282 0.000163783 0.000092870 0.000109626 0.000159481 0.000331168 0.000368165 0.000438405 0.004714784 0.000000000 0.000000000
42.291657037 0.006783305 0.000180217 0.000110452 0.000114559 0.000152108 0.000326832 0.000307715 0.000380345 0.005211077 0.000000000 0.000000000
42.883148744 0.007005592 0.000209943 0.000117120 0.000116117 0.000154796 0.000343801 0.000275663 0.000328928 0.005459224 0.000000000 0.000000000
43.474640451 0.005806342 0.000211701 0.000149642 0.000112775 0.000148998 0.000343341 0.000311036 0.000310359 0.004218491 0.000000000 0.000000000
44.066132158 0.006485051 0.000188482 0.000177591 0.000114064 0.000124419 0.000300985 0.000292452 0.000324128 0.004962931 0.000000000 0.000000000
44.657623864 0.005689883 0.000194781 0.000166846 0.000127139 0.000095869 0.000279043 0.000276291 0.000331422 0.004218491 0.000000000 0.000000000
45.249115571 0.006451254 0.000233844 0.000132744 0.000153990 0.000090363 0.000261366 0.000283560 0.000332458 0.004962931 0.000000000 0.000000000
45.840607278 0.008267420 0.000196621 0.000127929 0.000163654 0.000088077 0.000281320 0.000337962 0.000371900 0.006699957 0.000000000 0.000000000
46.432098985 0.007307171 0.000098511 0.000134410 0.000163694 0.000080833 0.000306266 0.000402262 0.000413823 0.005707371 0.000000000 0.000000000
47.023590692 0.007149766 0.000053528 0.000106370 0.000148378 0.000075317 0.000312807 0.000357798 0.000388198 0.005707371 0.000000000 0.000000000
47.615082399 0.005019240 0.000035222 0.000074802 0.000125629 0.000079686 0.000333232 0.000327310 0.000321162 0.003722198 0.000000000 0.000000000
48.206574105 0.009255602 0.000035501 0.000084402 0.000107544 0.000094917 0.000350780 0.000350367 0.000291400 0.007940689 0.000000000 0.000000000
48.798065812 0.006590806 0.000032139 0.000094020 0.000113318 0.000097449 0.000378834 0.000382098 0.000281870 0.005211077 0.000000000 0.000000000
49.389557519 0.007153404 0.000031051 0.000096058 0.000125703 0.000096992 0.000437619 0.000362194 0.000296416 0.005707371 0.000000000 0.000000000
49.981049226 0.006501909 0.000030793 0.000100734 0.000115109 0.000107234 0.000490275 0.000362191 0.000332642 0.004962931 0.000000000 0.000000000
50.572540933 0.006372358 0.000031352 0.000095724 0.000106426 0.000155822 0.000488762 0.000418749 0.000360739 0.004714784 0.000000000 0.000000000
51.164032639 0.009415629 0.000043957 0.000107065 0.000106431 0.000190181 0.000435063 0.000440300 0.000400089 0.007692543 0.000000000 0.000000000
51.755524346 0.006443534 0.000158892 0.000138169 0.000112843 0.000148339 0.000369349 0.000387663 0.000413494 0.004714784 0.000000000 0.000000000
52.347016053 0.008418430 0.000166573 0.000169916 0.000121244 0.000110161 0.000335078 0.000397926 0.000417574 0.006699957 0.000000000 0.000000000
52.938507760 0.007634811 0.000118504 0.000190020 0.000131042 0.000090273 0.000331770 0.000411174 0.000406513 0.005955517 0.000000000 0.000000000
53.529999467 0.008009147 0.000081346 0.000156902 0.000122421 0.000083004 0.000347581 0.000391219 0.000374864 0.006451810 0.000000000 0.000000000
54.121491174 0.007154531 0.000093773 0.000106343 0.000107186 0.000082763 0.000354677 0.000339453 0.000362966 0.005707371 0.000000000 0.000000000
54.712982880 0.011832756 0.000123347 0.000087329 0.000091951 0.000089014 0.000355942 0.000315116 0.000347902 0.010422155 0.000000000 0.000000000
55.304474587 0.011282171 0.000124056 0.000075946 0.000079294 0.000089795 0.000354083 0.000306183 0.000326952 0.009925862 0.000000000 0.000000000
55.895966294 0.007296614 0.000128171 0.000072251 0.000074507 0.000081584 0.000347555 0.000324370 0.000312659 0.005955517 0.000000000 0.000000000
56.487458001 0.010462594 0.000134128 0.000062593 0.000073891 0.000073438 0.000342418 0.000307755 0.000286950 0.009181422 0.000000000 0.000000000
57.078949708 0.011451965 0.000139177 0.000058704 0.000079530 0.000074062 0.000357791 0.000300290 0.000268401 0.010174008 0.000000000 0.000000000
57.670441414 0.008278589 0.000138640 0.000061719 0.000079050 0.000073018 0.000388009 0.000311126 0.000278924 0.006948103 0.000000000 0.000000000
58.261933121 0.008609527 0.000142430 0.000072990 0.000077455 0.000072072 0.000409576 0.000331442 0.000307312 0.007196250 0.000000000 0.000000000
58.853424828 0.009173426 0.000124882 0.000071413 0.000081389 0.000068704 0.000412682 0.000366130 0.000355683 0.007692543 0.000000000 0.000000000
59.444916535 0.008509423 0.000115215 0.000083730 0.000090181 0.000067823 0.000388992 0.000408287 0.000407091 0.006948103 0.000000000 0.000000000
60.036408242 0.007383043 0.000117680 0.000108334 0.000104158 0.000079819 0.000358082 0.000450028 0.000457572 0.005707371 0.000000000 0.000000000
60.627899948 0.007730911 0.000127974 0.000128660 0.000098291 0.000103591 0.000357689 0.000466070 0.000493119 0.005955517 0.000000000 0.000000000
61.219391655 0.009517844 0.000135319 0.000115777 0.000093863 0.000131828 0.000387611 0.000463177 0.000497727 0.007692543 0.000000000 0.000000000
61.810883362 0.007775999 0.000115275 0.000099855 0.000091277 0.000129652 0.000398153 0.000471305 0.000514964 0.005955517 0.000000000 0.000000000
62.402375069 0.009493064 0.000079811 0.000097358 0.000102514 0.000116652 0.000416038 0.000445573 0.000542576 0.007692543 0.000000000 0.000000000
62.993866776 0.008195780 0.000063120 0.000090947 0.000117254 0.000112395 0.000400838 0.000433752 0.000525664 0.006451810 0.000000000 0.000000000
63.585358483 0.011080687 0.000052928 0.000094829 0.000132521 0.000100263 0.000399661 0.000434380 0.000436536 0.009429569 0.000000000 0.000000000
64.176850189 0.006972252 0.000046942 0.000094326 0.000123898 0.000089207 0.000393052 0.000403901 0.000361703 0.005459224 0.000000000 0.000000000
64.768341896 0.005861446 0.000049123 0.000089340 0.000112638 0.000080562 0.000370064 0.000359780 0.000333300 0.004466638 0.000000000 0.000000000
65.359833603 0.008526372 0.000064466 0.000097405 0.000097253 0.000072018 0.000358132 0.000326172 0.000314676 0.007196250 0.000000000 0.000000000
65.951325310 0.009483620 0.000077887 0.000101555 0.000086615 0.000067586 0.000355933 0.000312212 0.000292997 0.008188836 0.000000000 0.000000000
66.542817017 0.006778596 0.000082289 0.000101709 0.000080896 0.000072203 0.000373922 0.000318711 0.000289641 0.005459224 0.000000000 0.000000000
67.134308723 0.008109723 0.000084687 0.000099766 0.000082871 0.000076311 0.000389170 0.000348095 0.000328866 0.006699957 0.000000000 0.000000000
67.725800430 0.009937107 0.000101277 0.000108333 0.000081638 0.000082798 0.000408313 0.000364648 0.000353118 0.008436983 0.000000000 0.000000000
68.317292137 0.009019386 0.000095074 0.000107289 0.000082605 0.000095224 0.000428392 0.000375978 0.000390427 0.007444396 0.000000000 0.000000000
68.908783844 0.007629045 0.000092563 0.000100991 0.000085708 0.000111068 0.000440587 0.000400116 0.000442496 0.005955517 0.000000000 0.000000000
69.500275551 0.007930905 0.000080232 0.000085305 0.000096384 0.000123597 0.000445457 0.000456187 0.000440080 0.006203664 0.000000000 0.000000000
70.091767258 0.008483892 0.000075426 0.000065351 0.000102990 0.000119478 0.000473974 0.000469716 0.000477000 0.006699957 0.000000000 0.000000000
70.683258964 0.007297845 0.000075309 0.000060629 0.000098674 0.000108817 0.000505442 0.000476396 0.000513354 0.005459224 0.000000000 0.000000000
71.274750671 0.010551400 0.000073189 0.000074106 0.000089382 0.000109558 0.000515099 0.000511088 0.000493850 0.008685129 0.000000000 0.000000000
71.866242378 0.009057343 0.000071323 0.000081708 0.000075740 0.000112059 0.000498420 0.000545218 0.000476625 0.007196250 0.000000000 0.000000000
72.457734085 0.005592258 0.000070463 0.000087359 0.000067851 0.000116517 0.000477543 0.000574883 0.000475443 0.003722198 0.000000000 0.000000000
73.049225792 0.008520488 0.000076308 0.000091831 0.000063748 0.000091744 0.000465888 0.000538509 0.000492503 0.006699957 0.000000000 0.000000000
73.640717498 0.007219469 0.000068299 0.000097684 0.000065548 0.000061084 0.000453259 0.000504613 0.000509758 0.005459224 0.000000000 0.000000000
74.232209205 0.010460837 0.000050533 0.000095033 0.000061808 0.000050976 0.000463361 0.000526855 0.000527143 0.008685129 0.000000000 0.000000000
74.823700912 0.008229656 0.000047248 0.000093423 0.000063931 0.000050079 0.000493865 0.000472829 0.000556471 0.006451810 0.000000000 0.000000000
75.415192619 0.009361256 0.000049334 0.000093565 0.000062636 0.000048824 0.000497510 0.000415661 0.000501183 0.007692543 0.000000000 0.000000000
76.006684326 0.010052594 0.000041146 0.000079644 0.000063679 0.000057426 0.000487709 0.000439134 0.000446874 0.008436983 0.000000000 0.000000000
76.598176032 0.008269766 0.000033253 0.000066060 0.000065761 0.000060467 0.000464943 0.000461561 0.000417765 0.006699957 0.000000000 0.000000000
77.189667739 0.007207242 0.000029077 0.000060599 0.000075842 0.000074116 0.000442106 0.000439769 0.000378361 0.005707371 0.000000000 0.000000000
77.781159446 0.008175134 0.000036714 0.000051077 0.000089411 0.000079838 0.000432269 0.000424503 0.000361365 0.006699957 0.000000000 0.000000000
78.372651153 0.008435149 0.000037907 0.000048888 0.000082859 0.000092767 0.000441016 0.000401014 0.000382593 0.006948103 0.000000000 0.000000000
78.964142860 0.010889315 0.000045811 0.000050454 0.000077884 0.000108776 0.000406061 0.000386185 0.000384576 0.009429569 0.000000000 0.000000000
79.555634567 0.008582039 0.000052472 0.000053844 0.000076739 0.000099302 0.000361840 0.000375401 0.000366190 0.007196250 0.000000000 0.000000000
80.147126273 0.007911556 0.000184445 0.000058598 0.000076144 0.000087951 0.000342950 0.000356112 0.000353545 0.006451810 0.000000000 0.000000000
80.738617980 0.009864022 0.000183358 0.000062442 0.000069318 0.000084060 0.000340615 0.000334608 0.000352638 0.008436983 0.000000000 0.000000000
81.330109687 0.009964518 0.000060780 0.000069786 0.000065609 0.000082265 0.000337112 0.000316938 0.000346898 0.008685129 0.000000000 0.000000000
81.921601394 0.007533668 0.000066294 0.000077893 0.000063089 0.000083259 0.000356698 0.000320798 0.000361973 0.006203664 0.000000000 0.000000000
82.513093101 0.009832832 0.000079856 0.000082168 0.000062929 0.000078119 0.000362908 0.000351810 0.000378059 0.008436983 0.000000000 0.000000000
83.104584807 0.007364658 0.000078235 0.000091469 0.000063583 0.000078261 0.000363250 0.000372374 0.000361970 0.005955517 0.000000000 0.000000000
83.696076514 0.010330716 0.000082472 0.000095503 0.000067117 0.000079397 0.000357294 0.000371452 0.000344205 0.008933276 0.000000000 0.000000000
84.287568221 0.009088202 0.000081070 0.000091963 0.000075340 0.000077093 0.000358129 0.000372925 0.000339139 0.007692543 0.000000000 0.000000000
84.879059928 0.011335515 0.000078678 0.000088611 0.000084022 0.000076386 0.000371054 0.000360464 0.000350440 0.009925862 0.000000000 0.000000000
85.470551635 0.008673505 0.000081628 0.000087636 0.000094482 0.000071422 0.000392773 0.000356988 0.000392328 0.007196250 0.000000000 0.000000000
86.062043341 0.004072354 0.000083692 0.000083110 0.000109239 0.000071269 0.000426910 0.000370914 0.000445755 0.002481465 0.000000000 0.000000000
86.653535048 0.001786200 0.000091557 0.000080877 0.000118188 0.000088534 0.000467997 0.000429828 0.000509219 0.000000000 0.000000000 0.000000000
87.245026755 0.002037825 0.000094523 0.000090074 0.000131953 0.000114854 0.000537860 0.000519518 0.000549044 0.000000000 0.000000000 0.000000000
87.836518462 0.002294696 0.000102626 0.000092634 0.000131453 0.000143115 0.000603207 0.000611019 0.000610641 0.000000000 0.000000000 0.000000000
88.428010169 0.002617488 0.000110169 0.000101624 0.000154719 0.000165310 0.000691949 0.000695504 0.000698213 0.000000000 0.000000000 0.000000000
89.019501876 0.003032689 0.000119618 0.000128133 0.000177633 0.000179764 0.000835612 0.000789707 0.000802222 0.000000000 0.000000000 0.000000000
89.610993582 0.003656302 0.000154846 0.000149708 0.000219524 0.000201595 0.001035400 0.000942782 0.000952447 0.000000000 0.000000000 0.000000000
90.202485289 0.004419257 0.000200731 0.000177608 0.000248040 0.000246740 0.001224923 0.001164183 0.001157033 0.000000000 0.000000000 0.000000000
90.793976996 0.005130878 0.000244043 0.000222648 0.000272376 0.000323519 0.001353814 0.001376634 0.001337844 0.000000000 0.000000000 0.000000000
91.385468703 0.005379801 0.000298539 0.000290230 0.000263177 0.000395758 0.001303754 0.001451939 0.001376404 0.000000000 0.000000000 0.000000000
91.976960410 0.004980317 0.000340527 0.000345454 0.000235186 0.000395812 0.001127718 0.001325554 0.001210066 0.000000000 0.000000000 0.000000000
92.568452116 0.004340063 0.000343044 0.000368225 0.000214017 0.000332518 0.000964079 0.001112574 0.001005606 0.000000000 0.000000000 0.000000000
93.159943823 0.003727057 0.000303979 0.000334312 0.000208537 0.000248569 0.000863970 0.000925473 0.000842216 0.000000000 0.000000000 0.000000000
93.751435530 0.003306001 0.000258853 0.000283459 0.000208114 0.000199655 0.000812730 0.000789534 0.000753655 0.000000000 0.000000000 0.000000000
94.342927237 0.003105739 0.000235588 0.000250556 0.000225826 0.000181411 0.000788874 0.000709729 0.000713756 0.000000000 0.000000000 0.000000000
94.934418944 0.003086312 0.000223936 0.000252958 0.000237383 0.000188682 0.000788873 0.000680462 0.000714019 0.000000000 0.000000000 0.000000000
95.525910651 0.003187576 0.000229682 0.000273379 0.000272129 0.000194565 0.000805278 0.000684379 0.000728163 0.000000000 0.000000000 0.000000000
96.117402357 0.003407903 0.000242846 0.000295601 0.000302623 0.000227067 0.000842407 0.000722043 0.000775315 0.000000000 0.000000000 0.000000000
96.708894064 0.003619231 0.000257943 0.000312053 0.000319145 0.000261427 0.000849301 0.000790436 0.000828927 0.000000000 0.000000000 0.000000000
97.300385771 0.003816160 0.000282743 0.000307122 0.000319520 0.000289385 0.000875488 0.000857238 0.000884665 0.000000000 0.000000000 0.000000000
97.891877478 0.003948267 0.000325116 0.000305442 0.000318838 0.000307359 0.000868346 0.000912187 0.000910979 0.000000000 0.000000000 0.000000000
98.483369185 0.003986640 0.000350138 0.000298533 0.000317070 0.000336299 0.000837377 0.000928790 0.000918434 0.000000000 0.000000000 0.000000000
99.074860891 0.003941633 0.000360023 0.000306686 0.000308840 0.000334329 0.000810307 0.000922101 0.000899346 0.000000000 0.000000000 0.000000000
99.666352598 0.003844260 0.000356135 0.000300382 0.000307274 0.000328644 0.000791405 0.000881974 0.000878447 0.000000000 0.000000000 0.000000000
100.257844305 0.003716677 0.000342745 0.000297733 0.000309316 0.000303496 0.000785095 0.000842202 0.000836089 0.000000000 0.000000000 0.000000000
100.849336012 0.003545679 0.000305468 0.000293422 0.000299445 0.000282022 0.000778143 0.000786631 0.000800550 0.000000000 0.000000000 0.000000000
101.440827719 0.003432152 0.000271286 0.000282687 0.000295531 0.000275709 0.000778674 0.000761595 0.000766670 0.000000000 0.000000000 0.000000000
102.032319425 0.003452122 0.000259204 0.000285747 0.000294086 0.000278742 0.000810604 0.000761466 0.000762272 0.000000000 0.000000000 0.000000000
102.623811132 0.003425357 0.000267205 0.000274186 0.000290383 0.000268537 0.000808675 0.000750367 0.000766003 0.000000000 0.000000000 0.000000000
103.215302839 0.003476100 0.000289192 0.000274779 0.000290086 0.000264396 0.000819226 0.000765041 0.000773380 0.000000000 0.000000000 0.000000000
103.806794546 0.003572377 0.000289934 0.000280744 0.000291799 0.000267916 0.000832855 0.000788178 0.000820950 0.000000000 0.000000000 0.000000000
104.398286253 0.003638515 0.000306017 0.000292458 0.000304580 0.000266816 0.000819041 0.000812517 0.000837086 0.000000000 0.000000000 0.000000000
104.989777960 0.003719742 0.000316808 0.000293903 0.000317521 0.000281020 0.000824568 0.000839828 0.000846092 0.000000000 0.000000000 0.000000000
105.581269666 0.003726466 0.000308963 0.000305263 0.000311741 0.000295744 0.000816468 0.000842444 0.000845844 0.000000000 0.000000000 0.000000000
106.172761373 0.003719879 0.000306243 0.000308634 0.000307141 0.000296518 0.000821491 0.000848187 0.000831666 0.000000000 0.000000000 0.000000000
106.764253080 0.003692294 0.000290953 0.000301999 0.000300278 0.000307300 0.000820250 0.000844965 0.000826548 0.000000000 0.000000000 0.000000000
107.355744787 0.003695547 0.000285012 0.000303365 0.000300477 0.000324907 0.000836100 0.000842330 0.000803354 0.000000000 0.000000000 0.000000000
107.947236494 0.003662705 0.000268187 0.000304449 0.000282740 0.000342780 0.000837724 0.000832299 0.000794527 0.000000000 0.000000000 0.000000000
108.538728200 0.003633200 0.000262777 0.000310353 0.000273726 0.000336660 0.000844508 0.000810662 0.000794514 0.000000000 0.000000000 0.000000000
109.130219907 0.003642596 0.000269199 0.000311697 0.000278030 0.000323938 0.000843021 0.000817128 0.000799584 0.000000000 0.000000000 0.000000000
109.721711614 0.003623677 0.000282779 0.000302033 0.000278736 0.000310628 0.000828970 0.000813727 0.000806802 0.000000000 0.000000000 0.000000000
110.313203321 0.003599635 0.000275344 0.000295110 0.000283151 0.000300814 0.000805984 0.000821454 0.000817778 0.000000000 0.000000000 0.000000000
110.904695028 0.003592008 0.000282719 0.000290016 0.000275833 0.000298979 0.000793644 0.000823511 0.000827306 0.000000000 0.000000000 0.000000000
111.496186735 0.003629433 0.000291180 0.000304736 0.000283329 0.000286244 0.000799039 0.000820486 0.000844420 0.000000000 0.000000000 0.000000000
112.087678441 0.003628359 0.000304950 0.000290998 0.000281211 0.000284293 0.000796528 0.000820050 0.000850327 0.000000000 0.000000000 0.000000000
112.679170148 0.003658365 0.000315098 0.000302905 0.000284675 0.000276341 0.000795075 0.000823840 0.000860431 0.000000000 0.000000000 0.000000000
113.270661855 0.003682504 0.000334328 0.000309057 0.000294379 0.000263803 0.000811416 0.000817990 0.000851532 0.000000000 0.000000000 0.000000000
113.862153562 0.003645313 0.000337677 0.000287887 0.000293977 0.000268908 0.000792781 0.000813494 0.000850590 0.000000000 0.000000000 0.000000000
114.453645269 0.003613262 0.000336156 0.000289348 0.000292822 0.000267678 0.000802757 0.000800099 0.000824403 0.000000000 0.000000000 0.000000000
115.045136975 0.003584300 0.000315835 0.000290236 0.000300724 0.000263537 0.000799265 0.000796090 0.000818613 0.000000000 0.000000000 0.000000000
115.636628682 0.003534033 0.000314691 0.000274655 0.000301475 0.000262246 0.000778365 0.000789434 0.000813167 0.000000000 0.000000000 0.000000000
116.228120389 0.003548252 0.000320943 0.000262568 0.000308265 0.000262831 0.000785332 0.000799634 0.000808680 0.000000000 0.000000000 0.000000000
116.819612096 0.003609800 0.000314119 0.000271258 0.000329936 0.000277725 0.000791994 0.000808921 0.000815848 0.000000000 0.000000000 0.000000000
117.411103803 0.003634917 0.000300204 0.000269114 0.000338990 0.000280656 0.000808970 0.000809977 0.000827007 0.000000000 0.000000000 0.000000000
118.002595509 0.003642579 0.000311442 0.000266093 0.000334886 0.000287089 0.000810463 0.000815879 0.000816727 0.000000000 0.000000000 0.000000000
118.594087216 0.003634855 0.000306442 0.000277436 0.000326162 0.000288348 0.000804524 0.000820188 0.000811755 0.000000000 0.000000000 0.000000000
119.185578923 0.003630732 0.000308066 0.000287028 0.000320228 0.000294354 0.000785600 0.000807454 0.000828002 0.000000000 0.000000000 0.000000000
119.777070630 0.003642277 0.000302118 0.000304846 0.000311855 0.000299343 0.000793121 0.000805388 0.000825604 0.000000000 0.000000000 0.000000000
120.368562337 0.003620269 0.000289780 0.000325066 0.000299033 0.000308274 0.000787800 0.000801474 0.000808841 0.000000000 0.000000000 0.000000000
120.960054044 0.003619335 0.000288597 0.000333175 0.000294582 0.000312918 0.000803894 0.000792261 0.000793909 0.000000000 0.000000000 0.000000000
121.551545750 0.003618581 0.000274010 0.000327359 0.000294258 0.000313536 0.000821078 0.000811055 0.000777284 0.000000000 0.000000000 0.000000000
122.143037457 0.003624304 0.000280166 0.000338852 0.000299963 0.000302474 0.000821416 0.000801123 0.000780311 0.000000000 0.000000000 0.000000000
122.734529164 0.003656082 0.000283069 0.000327759 0.000297061 0.000318365 0.000826601 0.000808589 0.000794638 0.000000000 0.000000000 0.000000000
123.326020871 0.003672200 0.000287396 0.000323325 0.000299808 0.000310895 0.000830258 0.000812907 0.000807611 0.000000000 0.000000000 0.000000000
123.917512578 0.003665377 0.000293959 0.000318665 0.000299742 0.000311232 0.000838500 0.000802460 0.000800819 0.000000000 0.000000000 0.000000000
124.509004284 0.003626323 0.000288876 0.000292149 0.000299303 0.000298510 0.000835648 0.000812818 0.000799020 0.000000000 0.000000000 0.000000000
125.100495991 0.003644117 0.000300527 0.000288972 0.000300429 0.000300801 0.000825750 0.000836704 0.000790935 0.000000000 0.000000000 0.000000000
125.691987698 0.003643967 0.000302296 0.000293709 0.000298741 0.000291200 0.000826721 0.000834184 0.000797115 0.000000000 0.000000000 0.000000000
126.283479405 0.003635295 0.000292826 0.000293404 0.000295927 0.000283144 0.000830629 0.000828602 0.000810762 0.000000000 0.000000000 0.000000000
126.874971112 0.003638968 0.000299259 0.000291008 0.000297662 0.000290694 0.000823137 0.000821665 0.000815541 0.000000000 0.000000000 0.000000000
127.466462819 0.003624288 0.000293175 0.000294992 0.000285828 0.000297794 0.000820601 0.000819174 0.000812722 0.000000000 0.000000000 0.000000000
128.057954525 0.003648222 0.000288357 0.000306521 0.000292649 0.000296719 0.000826754 0.000809481 0.000827742 0.000000000 0.000000000 0.000000000
128.649446232 0.003647220 0.000288056 0.000304271 0.000300820 0.000292058 0.000827885 0.000805248 0.000828881 0.000000000 0.000000000 0.000000000
129.240937939 0.003639332 0.000291346 0.000298718 0.000297678 0.000280778 0.000812458 0.000821212 0.000837142 0.000000000 0.000000000 0.000000000
129.832429646 0.003658525 0.000287054 0.000300826 0.000302748 0.000275856 0.000819762 0.000829913 0.000842366 0.000000000 0.000000000 0.000000000
130.423921353 0.003686397 0.000295402 0.000297087 0.000309430 0.000274420 0.000837935 0.000833310 0.000838813 0.000000000 0.000000000 0.000000000
131.015413059 0.003678475 0.000297241 0.000277435 0.000304996 0.000267931 0.000844542 0.000841140 0.000845191 0.000000000 0.000000000 0.000000000
131.606904766 0.003710008 0.000298096 0.000263331 0.000297349 0.000271094 0.000856074 0.000857779 0.000866286 0.000000000 0.000000000 0.000000000
132.198396473 0.003731684 0.000285716 0.000263770 0.000290014 0.000270603 0.000861401 0.000878537 0.000881643 0.000000000 0.000000000 0.000000000
132.789888180 0.003697153 0.000288469 0.000272511 0.000277425 0.000272218 0.000854722 0.000865726 0.000866082 0.000000000 0.000000000 0.000000000
133.381379887 0.003717670 0.000282521 0.000282291 0.000281276 0.000282744 0.000848713 0.000865682 0.000874442 0.000000000 0.000000000 0.000000000
133.972871593 0.003712762 0.000278330 0.000287632 0.000273932 0.000284962 0.000840339 0.000863973 0.000883596 0.000000000 0.000000000 0.000000000
134.564363300 0.003685862 0.000289385 0.000265752 0.000274230 0.000277378 0.000835584 0.000858271 0.000885262 0.000000000 0.000000000 0.000000000
135.155855007 0.003674687 0.000281894 0.000262668 0.000267849 0.000277770 0.000830607 0.000862894 0.000891003 0.000000000 0.000000000 0.000000000
135.747346714 0.003681110 0.000299380 0.000261598 0.000271919 0.000277112 0.000838094 0.000858639 0.000874367 0.000000000 0.000000000 0.000000000
136.338838421 0.003670258 0.000293054 0.000262920 0.000260271 0.000271166 0.000849726 0.000848204 0.000884916 0.000000000 0.000000000 0.000000000
136.930330128 0.003721888 0.000292592 0.000269276 0.000264487 0.000263823 0.000863668 0.000867189 0.000900853 0.000000000 0.000000000 0.000000000
137.521821834 0.003724508 0.000289464 0.000270313 0.000258595 0.000262311 0.000873163 0.000880486 0.000890176 0.000000000 0.000000000 0.000000000
138.113313541 0.003724431 0.000280595 0.000269963 0.000254952 0.000268261 0.000877440 0.000882516 0.000890705 0.000000000 0.000000000 0.000000000
138.704805248 0.003742622 0.000275921 0.000274393 0.000258656 0.000268396 0.000900559 0.000887399 0.000877298 0.000000000 0.000000000 0.000000000
139.296296955 0.003784824 0.000271404 0.000286837 0.000264756 0.000264626 0.000912030 0.000903653 0.000881517 0.000000000 0.000000000 0.000000000
139.887788662 0.003789502 0.000268264 0.000278348 0.000272590 0.000267952 0.000919727 0.000905219 0.000877402 0.000000000 0.000000000 0.000000000
140.479280368 0.003796027 0.000263819 0.000272659 0.000277828 0.000271260 0.000906303 0.000905722 0.000898436 0.000000000 0.000000000 0.000000000
141.070772075 0.003818492 0.000255903 0.000262872 0.000271970 0.000283560 0.000921722 0.000921610 0.000900855 0.000000000 0.000000000 0.000000000
141.662263782 0.003777875 0.000253081 0.000260907 0.000250487 0.000286273 0.000920042 0.000910875 0.000896209 0.000000000 0.000000000 0.000000000
142.253755489 0.003773664 0.000251573 0.000259599 0.000248184 0.000285705 0.000921181 0.000910493 0.000896929 0.000000000 0.000000000 0.000000000
142.845247196 0.003786409 0.000244764 0.000249907 0.000261245 0.000288637 0.000928243 0.000910938 0.000902675 0.000000000 0.000000000 0.000000000
143.436738902 0.003812960 0.000245455 0.000258283 0.000256021 0.000289726 0.000927284 0.000926056 0.000910135 0.000000000 0.000000000 0.000000000
144.028230609 0.003800075 0.000238356 0.000267057 0.000258424 0.000272303 0.000932267 0.000923519 0.000908151 0.000000000 0.000000000 0.000000000
144.619722316 0.003822778 0.000234330 0.000274414 0.000259681 0.000259993 0.000930981 0.000928303 0.000935075 0.000000000 0.000000000 0.000000000
145.211214023 0.003785649 0.000225877 0.000276538 0.000260057 0.000257140 0.000933786 0.000908062 0.000924188 0.000000000 0.000000000 0.000000000
145.802705730 0.003812982 0.000236007 0.000284039 0.000271411 0.000241282 0.000932632 0.000931475 0.000916137 0.000000000 0.000000000 0.000000000
146.394197437 0.003818026 0.000248560 0.000266942 0.000274512 0.000244389 0.000925815 0.000941533 0.000916274 0.000000000 0.000000000 0.000000000
146.985689143 0.003793272 0.000247862 0.000254211 0.000278732 0.000250040 0.000920552 0.000929726 0.000912149 0.000000000 0.000000000 0.000000000
147.577180850 0.003835435 0.000270939 0.000256335 0.000291792 0.000250848 0.000927311 0.000923875 0.000914335 0.000000000 0.000000000 0.000000000
148.168672557 0.003831584 0.000290867 0.000251515 0.000284718 0.000253469 0.000924804 0.000912854 0.000913356 0.000000000 0.000000000 0.000000000
148.760164264 0.003836404 0.000298660 0.000259929 0.000278818 0.000249754 0.000927309 0.000907399 0.000914535 0.000000000 0.000000000 0.000000000
149.351655971 0.003813115 0.000284562 0.000263977 0.000269157 0.000259617 0.000922020 0.000904774 0.000909007 0.000000000 0.000000000 0.000000000
149.943147677 0.003808074 0.000279128 0.000277350 0.000264277 0.000247092 0.000917720 0.000918576 0.000903931 0.000000000 0.000000000 0.000000000
150.534639384 0.003772517 0.000266956 0.000268083 0.000258932 0.000248262 0.000901832 0.000933087 0.000895364 0.000000000 0.000000000 0.000000000
151.126131091 0.003743268 0.000263356 0.000255387 0.000257080 0.000241923 0.000893623 0.000918351 0.000913548 0.000000000 0.000000000 0.000000000
151.717622798 0.003749002 0.000268556 0.000245148 0.000261346 0.000251744 0.000904760 0.000891950 0.000925498 0.000000000 0.000000000 0.000000000
152.309114505 0.003763431 0.000257960 0.000247362 0.000261517 0.000257732 0.000911852 0.000891122 0.000935886 0.000000000 0.000000000 0.000000000
152.900606212 0.003782358 0.000245671 0.000247938 0.000259617 0.000248214 0.000919890 0.000910367 0.000950662 0.000000000 0.000000000 0.000000000
153.492097918 0.003811045 0.000245990 0.000243625 0.000261769 0.000245754 0.000925921 0.000922712 0.000965274 0.000000000 0.000000000 0.000000000
154.083589625 0.003852559 0.000242194 0.000241854 0.000260459 0.000246339 0.000929846 0.000958759 0.000973109 0.000000000 0.000000000 0.000000000
154.675081332 0.003861014 0.000255589 0.000242504 0.000251187 0.000247677 0.000931454 0.000963699 0.000968905 0.000000000 0.000000000 0.000000000
155.266573039 0.003861330 0.000257611 0.000244486 0.000251505 0.000253627 0.000927515 0.000963225 0.000963361 0.000000000 0.000000000 0.000000000
155.858064746 0.003890675 0.000254622 0.000242699 0.000249972 0.000260243 0.000946315 0.000971446 0.000965377 0.000000000 0.000000000 0.000000000
156.449556452 0.003882011 0.000257531 0.000246164 0.000244525 0.000256808 0.000956591 0.000971130 0.000949262 0.000000000 0.000000000 0.000000000
157.041048159 0.003829595 0.000252521 0.000239657 0.000245487 0.000253465 0.000965259 0.000951273 0.000921932 0.000000000 0.000000000 0.000000000
157.632539866 0.003839104 0.000249563 0.000240304 0.000247705 0.000259104 0.000975173 0.000949443 0.000917812 0.000000000 0.000000000 0.000000000
158.224031573 0.003842296 0.000249980 0.000242558 0.000242940 0.000253328 0.000977059 0.000951737 0.000924694 0.000000000 0.000000000 0.000000000
158.815523280 0.003885839 0.000237946 0.000253204 0.000253818 0.000251175 0.000983319 0.000963617 0.000942759 0.000000000 0.000000000 0.000000000
159.407014986 0.003844735 0.000238456 0.000253418 0.000244796 0.000244216 0.000981609 0.000945287 0.000936953 0.000000000 0.000000000 0.000000000
159.998506693 0.003833278 0.000231722 0.000259396 0.000248018 0.000242399 0.000971070 0.000953739 0.000926934 0.000000000 0.000000000 0.000000000
160.589998400 0.003847118 0.000237811 0.000261882 0.000252579 0.000250998 0.000962939 0.000950771 0.000930137 0.000000000 0.000000000 0.000000000
161.181490107 0.003837864 0.000232604 0.000263709 0.000260777 0.000256680 0.000952904 0.000940450 0.000930740 0.000000000 0.000000000 0.000000000
161.772981814 0.003848755 0.000231389 0.000264660 0.000259668 0.000256585 0.000964943 0.000928405 0.000943106 0.000000000 0.000000000 0.000000000
162.364473521 0.003879078 0.000234082 0.000273297 0.000265452 0.000253394 0.000956307 0.000936879 0.000959669 0.000000000 0.000000000 0.000000000
162.955965227 0.003869243 0.000229970 0.000269660 0.000251174 0.000252049 0.000948139 0.000951873 0.000966378 0.000000000 0.000000000 0.000000000
163.547456934 0.003880758 0.000238837 0.000266651 0.000241137 0.000248483 0.000943228 0.000962604 0.000979818 0.000000000 0.000000000 0.000000000
164.138948641 0.003864348 0.000228789 0.000251685 0.000240672 0.000242123 0.000950073 0.000988477 0.000962529 0.000000000 0.000000000 0.000000000
164.730440348 0.003890836 0.000236806 0.000247930 0.000236526 0.000245740 0.000956153 0.000977357 0.000990324 0.000000000 0.000000000 0.000000000
165.321932055 0.003906468 0.000236274 0.000247213 0.000227158 0.000253523 0.000981185 0.000976533 0.000984583 0.000000000 0.000000000 0.000000000
165.913423761 0.003931280 0.000236898 0.000238793 0.000228178 0.000249684 0.000998614 0.000995046 0.000984067 0.000000000 0.000000000 0.000000000
166.504915468 0.003928169 0.000245198 0.000220782 0.000225227 0.000245722 0.001011873 0.000996936 0.000982431 0.000000000 0.000000000 0.000000000
167.096407175 0.003890442 0.000253213 0.000211198 0.000221560 0.000233298 0.001010833 0.000991590 0.000968752 0.000000000 0.000000000 0.000000000
167.687898882 0.003878455 0.000252316 0.000208395 0.000216745 0.000232549 0.000998997 0.000999515 0.000969938 0.000000000 0.000000000 0.000000000
168.279390589 0.003903006 0.000253358 0.000217629 0.000217444 0.000233980 0.000993216 0.001004590 0.000982788 0.000000000 0.000000000 0.000000000
168.870882296 0.003882017 0.000254443 0.000216205 0.000220536 0.000243295 0.000979830 0.000993620 0.000974087 0.000000000 0.000000000 0.000000000
169.462374002 0.003863874 0.000246093 0.000219204 0.000223852 0.000248568 0.000975087 0.000981286 0.000969784 0.000000000 0.000000000 0.000000000
170.053865709 0.003823150 0.000243753 0.000223928 0.000229076 0.000242960 0.000952252 0.000952727 0.000978453 0.000000000 0.000000000 0.000000000
170.645357416 0.003814430 0.000246348 0.000224610 0.000228179 0.000250350 0.000949183 0.000941689 0.000974070 0.000000000 0.000000000 0.000000000
171.236849123 0.003799638 0.000239620 0.000232950 0.000236460 0.000261817 0.000937428 0.000929507 0.000961857 0.000000000 0.000000000 0.000000000
171.828340830 0.003838895 0.000242416 0.000250496 0.000242503 0.000267901 0.000935265 0.000931779 0.000968535 0.000000000 0.000000000 0.000000000
172.419832536 0.003839841 0.000244228 0.000262514 0.000246164 0.000270833 0.000933547 0.000929471 0.000953085 0.000000000 0.000000000 0.000000000
173.011324243 0.003857970 0.000231536 0.000269767 0.000244828 0.000272490 0.000941295 0.000954847 0.000943209 0.000000000 0.000000000 0.000000000
173.602815950 0.003876637 0.000235814 0.000268391 0.000247615 0.000272310 0.000943463 0.000964476 0.000944568 0.000000000 0.000000000 0.000000000
174.194307657 0.003909347 0.000233539 0.000276273 0.000241904 0.000265387 0.000956367 0.000971530 0.000964346 0.000000000 0.000000000 0.000000000
174.785799364 0.003885398 0.000243806 0.000269916 0.000241164 0.000247697 0.000951489 0.000963097 0.000968230 0.000000000 0.000000000 0.000000000
175.377291070 0.003886368 0.000245498 0.000259880 0.000238790 0.000241250 0.000967611 0.000955035 0.000978303 0.000000000 0.000000000 0.000000000
175.968782777 0.003878575 0.000238676 0.000255191 0.000236144 0.000229569 0.000972165 0.000962819 0.000984010 0.000000000 0.000000000 0.000000000
176.560274484 0.003863702 0.000248743 0.000248908 0.000227623 0.000234655 0.000971925 0.000959002 0.000972845 0.000000000 0.000000000 0.000000000
177.151766191 0.003817560 0.000256589 0.000216962 0.000227099 0.000229519 0.000956978 0.000960105 0.000970309 0.000000000 0.000000000 0.000000000
177.743257898 0.003808144 0.000251500 0.000215000 0.000225310 0.000221789 0.000949330 0.000958008 0.000987207 0.000000000 0.000000000 0.000000000
178.334749605 0.003834961 0.000255957 0.000219374 0.000231047 0.000226900 0.000969388 0.000964615 0.000967681 0.000000000 0.000000000 0.000000000
178.926241311 0.003850231 0.000254364 0.000212415 0.000240304 0.000218256 0.000973675 0.000980038 0.000971180 0.000000000 0.000000000 0.000000000
179.517733018 0.003875951 0.000249468 0.000217316 0.000243045 0.000224431 0.000973742 0.000989066 0.000978884 0.000000000 0.000000000 0.000000000
180.109224725 0.003936590 0.000250073 0.000216393 0.000246671 0.000230629 0.000983805 0.001007913 0.001001105 0.000000000 0.000000000 0.000000000
180.700716432 0.004004640 0.000246235 0.000226274 0.000241267 0.000238417 0.001006800 0.001032671 0.001012976 0.000000000 0.000000000 0.000000000
181.292208139 0.004029979 0.000260679 0.000231317 0.000250558 0.000234381 0.000998548 0.001034670 0.001019826 0.000000000 0.000000000 0.000000000
181.883699845 0.004038371 0.000264179 0.000243303 0.000249065 0.000234597 0.001004369 0.001031548 0.001011310 0.000000000 0.000000000 0.000000000
182.475191552 0.004017843 0.000261697 0.000239277 0.000252976 0.000233618 0.000999566 0.001023127 0.001007581 0.000000000 0.000000000 0.000000000
183.066683259 0.003925299 0.000238086 0.000252555 0.000250421 0.000234235 0.000982192 0.000982652 0.000985158 0.000000000 0.000000000 0.000000000
183.658174966 0.003798029 0.000224528 0.000255668 0.000254596 0.000230229 0.000957833 0.000926018 0.000949158 0.000000000 0.000000000 0.000000000
184.249666673 0.003698316 0.000205576 0.000253091 0.000246802 0.000222503 0.000951657 0.000895046 0.000923639 0.000000000 0.000000000 0.000000000
184.841158380 0.003644179 0.000198446 0.000256361 0.000248520 0.000231845 0.000935658 0.000868204 0.000905147 0.000000000 0.000000000 0.000000000
185.432650086 0.003661751 0.000212654 0.000270088 0.000254774 0.000255147 0.000907344 0.000864896 0.000896848 0.000000000 0.000000000 0.000000000
186.024141793 0.003698500 0.000215832 0.000278437 0.000268455 0.000257023 0.000887942 0.000889875 0.000900937 0.000000000 0.000000000 0.000000000
186.615633500 0.003760505 0.000235658 0.000272795 0.000276077 0.000255394 0.000866072 0.000933043 0.000921466 0.000000000 0.000000000 0.000000000
187.207125207 0.003847299 0.000260204 0.000263272 0.000285743 0.000266497 0.000875828 0.000959070 0.000936685 0.000000000 0.000000000 0.000000000
187.798616914 0.003924448 0.000285676 0.000253535 0.000293638 0.000280854 0.000884984 0.000978449 0.000947311 0.000000000 0.000000000 0.000000000
188.390108620 0.004036417 0.000316876 0.000260938 0.000305012 0.000285796 0.000906634 0.001002866 0.000958297 0.000000000 0.000000000 0.000000000
188.981600327 0.004090361 0.000338891 0.000267849 0.000329611 0.000279406 0.000930022 0.000971575 0.000973007 0.000000000 0.000000000 0.000000000
189.573092034 0.004011208 0.000343433 0.000262082 0.000323420 0.000265401 0.000932294 0.000937097 0.000947481 0.000000000 0.000000000 0.000000000
190.164583741 0.003842331 0.000331778 0.000280475 0.000308422 0.000230237 0.000911829 0.000873081 0.000906509 0.000000000 0.000000000 0.000000000
190.756075448 0.003577759 0.000307936 0.000283200 0.000294570 0.000201936 0.000874452 0.000781102 0.000834564 0.000000000 0.000000000 0.000000000
191.347567154 0.003315836 0.000276397 0.000281981 0.000278154 0.000192108 0.000809021 0.000695785 0.000782391 0.000000000 0.000000000 0.000000000
191.939058861 0.003137899 0.000266204 0.000268847 0.000254458 0.000186376 0.000773918 0.000655450 0.000732645 0.000000000 0.000000000 0.000000000
192.530550568 0.003048017 0.000244964 0.000257486 0.000237799 0.000195615 0.000757591 0.000652294 0.000702268 0.000000000 0.000000000 0.000000000
193.122042275 0.003083673 0.000229927 0.000260993 0.000224417 0.000202842 0.000751724 0.000703419 0.000710351 0.000000000 0.000000000 0.000000000
193.713533982 0.003305895 0.000256200 0.000287768 0.000212702 0.000225146 0.000763349 0.000800210 0.000760520 0.000000000 0.000000000 0.000000000
194.305025689 0.003764245 0.000308751 0.000317061 0.000215965 0.000282447 0.000825213 0.000940730 0.000874079 0.000000000 0.000000000 0.000000000
194.896517395 0.004398604 0.000350010 0.000335767 0.000222247 0.000349021 0.000952169 0.001129171 0.001060219 0.000000000 0.000000000 0.000000000
195.488009102 0.005079722 0.000340266 0.000328240 0.000247979 0.000384624 0.001141968 0.001352733 0.001283912 0.000000000 0.000000000 0.000000000
196.079500809 0.005361537 0.000280458 0.000280739 0.000256128 0.000354749 0.001313233 0.001459828 0.001416402 0.000000000 0.000000000 0.000000000
196.670992516 0.005023848 0.000215869 0.000242107 0.000253188 0.000275499 0.001341185 0.001354854 0.001341146 0.000000000 0.000000000 0.000000000
197.262484223 0.004256338 0.000158491 0.000200739 0.000223028 0.000214113 0.001192945 0.001124320 0.001142702 0.000000000 0.000000000 0.000000000
197.853975929 0.003516917 0.000131840 0.000156910 0.000184975 0.000188945 0.000993792 0.000922037 0.000938418 0.000000000 0.000000000 0.000000000
198.445467636 0.002954902 0.000126489 0.000136464 0.000147727 0.000176650 0.000808590 0.000773435 0.000785547 0.000000000 0.000000000 0.000000000
199.036959343 0.002578958 0.000118148 0.000113194 0.000124335 0.000161834 0.000699521 0.000678781 0.000683146 0.000000000 0.000000000 0.000000000
199.628451050 0.002248653 0.000099275 0.000089951 0.000109627 0.000142632 0.000616744 0.000610609 0.000579814 0.000000000 0.000000000 0.000000000
200.219942757 0.001964232 0.000082588 0.000071878 0.000096144 0.000118763 0.000560822 0.000520632 0.000513404 0.000000000 0.000000000 0.000000000
200.811434463 0.001735151 0.000074125 0.000064126 0.000093826 0.000092482 0.000519408 0.000440967 0.000450217 0.000000000 0.000000000 0.000000000
201.402926170 0.005566579 0.000077692 0.000059571 0.000088517 0.000077094 0.000472316 0.000402665 0.000418378 0.000000000 0.003970345 0.000000000
201.994417877 0.009183116 0.000082559 0.000051589 0.000092079 0.000070701 0.000429275 0.000385400 0.000378969 0.000000000 0.007692543 0.000000000
202.585909584 0.010861288 0.000088002 0.000055983 0.000100856 0.000064685 0.000397153 0.000370846 0.000354193 0.000000000 0.009429569 0.000000000
203.177401291 0.008846630 0.000085893 0.000062458 0.000100566 0.000059197 0.000376594 0.000366688 0.000350838 0.000000000 0.007444396 0.000000000
203.768892998 0.010082716 0.000078547 0.000063473 0.000091841 0.000055048 0.000368801 0.000377559 0.000362318 0.000000000 0.008685129 0.000000000
204.360384704 0.008578042 0.000069339 0.000063461 0.000084937 0.000054782 0.000364906 0.000374876 0.000369492 0.000000000 0.007196250 0.000000000
204.951876411 0.008065302 0.000061134 0.000074405 0.000092650 0.000055970 0.000362072 0.000351400 0.000367714 0.000000000 0.006699957 0.000000000
205.543368118 0.007770503 0.000045779 0.000079693 0.000086730 0.000054136 0.000351093 0.000334939 0.000366323 0.000000000 0.006451810 0.000000000
206.134859825 0.011010986 0.000051105 0.000088957 0.000082397 0.000059902 0.000341662 0.000354383 0.000354864 0.000000000 0.009677715 0.000000000
206.726351532 0.008784985 0.000058682 0.000098036 0.000084921 0.000069281 0.000333850 0.000355089 0.000340731 0.000000000 0.007444396 0.000000000
207.317843238 0.009059511 0.000063978 0.000107811 0.000093232 0.000077890 0.000346642 0.000357442 0.000319972 0.000000000 0.007692543 0.000000000
207.909334945 0.008112293 0.000066260 0.000113876 0.000099647 0.000084954 0.000365646 0.000357968 0.000323985 0.000000000 0.006699957 0.000000000
208.500826652 0.010843371 0.000072162 0.000111721 0.000106093 0.000080964 0.000372186 0.000340066 0.000330610 0.000000000 0.009429569 0.000000000
209.092318359 0.007821929 0.000077128 0.000113644 0.000106275 0.000077746 0.000356677 0.000319269 0.000319380 0.000000000 0.006451810 0.000000000
209.683810066 0.008514977 0.000085984 0.000111250 0.000096569 0.000094585 0.000330902 0.000301489 0.000297947 0.000000000 0.007196250 0.000000000
210.275301773 0.006010731 0.000088323 0.000099870 0.000096082 0.000101135 0.000315918 0.000299916 0.000294703 0.000000000 0.004714784 0.000000000
210.866793479 0.009226636 0.000084650 0.000088398 0.000087408 0.000105290 0.000317860 0.000296188 0.000306152 0.000000000 0.007940689 0.000000000
211.458285186 0.008768630 0.000089541 0.000078544 0.000087814 0.000106583 0.000350475 0.000290148 0.000321130 0.000000000 0.007444396 0.000000000
212.049776893 0.009621812 0.000108836 0.000079120 0.000082684 0.000100926 0.000398670 0.000309087 0.000353652 0.000000000 0.008188836 0.000000000
212.641268600 0.008016589 0.000103508 0.000079355 0.000072236 0.000103371 0.000415605 0.000397473 0.000393230 0.000000000 0.006451810 0.000000000
213.232760307 0.009271334 0.000088976 0.000072633 0.000072852 0.000099746 0.000395600 0.000444790 0.000404193 0.000000000 0.007692543 0.000000000
213.824252013 0.008036283 0.000079026 0.000066869 0.000077668 0.000106496 0.000395338 0.000428040 0.000431035 0.000000000 0.006451810 0.000000000
214.415743720 0.008096057 0.000089278 0.000070749 0.000074200 0.000104264 0.000403550 0.000469905 0.000432301 0.000000000 0.006451810 0.000000000
215.007235427 0.004891489 0.000099406 0.000071242 0.000073049 0.000080899 0.000407794 0.000485094 0.000448098 0.000000000 0.003225905 0.000000000
215.598727134 0.010079552 0.000112834 0.000074956 0.000073798 0.000070438 0.000388140 0.000458434 0.000463970 0.000000000 0.008436983 0.000000000
216.190218841 0.009360584 0.000129469 0.000070604 0.000079374 0.000073951 0.000376250 0.000430657 0.000507735 0.000000000 0.007692543 0.000000000
216.781710547 0.007153404 0.000130314 0.000072564 0.000077056 0.000083347 0.000360569 0.000401843 0.000568487 0.000000000 0.005459224 0.000000000
217.373202254 0.008319246 0.000112726 0.000074717 0.000071875 0.000091655 0.000359975 0.000423973 0.000484367 0.000000000 0.006699957 0.000000000
217.964693961 0.007829621 0.000101877 0.000076937 0.000066235 0.000089931 0.000386683 0.000486434 0.000417860 0.000000000 0.006203664 0.000000000
218.556185668 0.007750889 0.000091901 0.000085218 0.000065368 0.000092199 0.000422835 0.000394436 0.000395267 0.000000000 0.006203664 0.000000000
219.147677375 0.009388762 0.000086947 0.000092711 0.000068044 0.000088595 0.000420558 0.000331066 0.000360153 0.000000000 0.007940689 0.000000000
219.739169082 0.009079854 0.000082517 0.000098325 0.000074101 0.000081545 0.000380047 0.000338029 0.000332747 0.000000000 0.007692543 0.000000000
220.330660788 0.008726720 0.000079126 0.000094274 0.000077581 0.000077498 0.000335114 0.000312445 0.000306285 0.000000000 0.007444396 0.000000000
220.922152495 0.005937606 0.000069495 0.000085475 0.000084648 0.000081132 0.000318122 0.000298232 0.000285718 0.000000000 0.004714784 0.000000000
221.513644202 0.010208512 0.000071550 0.000085925 0.000094058 0.000088399 0.000332441 0.000310895 0.000291969 0.000000000 0.008933276 0.000000000
222.105135909 0.007527475 0.000076070 0.000090550 0.000095257 0.000086640 0.000345503 0.000326313 0.000303478 0.000000000 0.006203664 0.000000000
222.696627616 0.006065905 0.000079960 0.000091682 0.000097597 0.000085793 0.000344221 0.000333394 0.000318475 0.000000000 0.004714784 0.000000000
223.288119322 0.007113647 0.000088563 0.000080139 0.000098436 0.000082842 0.000357943 0.000353298 0.000345056 0.000000000 0.005707371 0.000000000
223.879611029 0.011425887 0.000101403 0.000077179 0.000099518 0.000088081 0.000368021 0.000377569 0.000388252 0.000000000 0.009925862 0.000000000
224.471102736 0.007488675 0.000104035 0.000079666 0.000103900 0.000086332 0.000371119 0.000368748 0.000419357 0.000000000 0.005955517 0.000000000
225.062594443 0.009525627 0.000119522 0.000086562 0.000100225 0.000094648 0.000371879 0.000384924 0.000427177 0.000000000 0.007940689 0.000000000
225.654086150 0.006311800 0.000130655 0.000091249 0.000099011 0.000090122 0.000365238 0.000403291 0.000417449 0.000000000 0.004714784 0.000000000
226.245577857 0.010984557 0.000122044 0.000093101 0.000102874 0.000088785 0.000361394 0.000403394 0.000383397 0.000000000 0.009429569 0.000000000
226.837069563 0.006712325 0.000106681 0.000101715 0.000096104 0.000086885 0.000355988 0.000399309 0.000354565 0.000000000 0.005211077 0.000000000
227.428561270 0.007681227 0.000098448 0.000104309 0.000093151 0.000086746 0.000368656 0.000376227 0.000350026 0.000000000 0.006203664 0.000000000
228.020052977 0.009116992 0.000087431 0.000093218 0.000097541 0.000076307 0.000367635 0.000343543 0.000358773 0.000000000 0.007692543 0.000000000
228.611544684 0.007357580 0.000079713 0.000089692 0.000092962 0.000081711 0.000374572 0.000325172 0.000358242 0.000000000 0.005955517 0.000000000
229.203036391 0.009782053 0.000081185 0.000088697 0.000094026 0.000084205 0.000349171 0.000311860 0.000335926 0.000000000 0.008436983 0.000000000
229.794528097 0.007980585 0.000081860 0.000095416 0.000091048 0.000079181 0.000319091 0.000306960 0.000307071 0.000000000 0.006699957 0.000000000
230.386019804 0.011703890 0.000089372 0.000107241 0.000089348 0.000079138 0.000301212 0.000320221 0.000295204 0.000000000 0.010422155 0.000000000
230.977511511 0.009702817 0.000087524 0.000105407 0.000086760 0.000080823 0.000286235 0.000333330 0.000285756 0.000000000 0.008436983 0.000000000
231.569003218 0.006704356 0.000080089 0.000103605 0.000086320 0.000088085 0.000279878 0.000325195 0.000281959 0.000000000 0.005459224 0.000000000
232.160494925 0.011394146 0.000083075 0.000096555 0.000087797 0.000099775 0.000281973 0.000291665 0.000279298 0.000000000 0.010174008 0.000000000
232.751986631 0.011394563 0.000083193 0.000094928 0.000089013 0.000113935 0.000294115 0.000267169 0.000278201 0.000000000 0.010174008 0.000000000
233.343478338 0.008167235 0.000075566 0.000098077 0.000086298 0.000122263 0.000311486 0.000259032 0.000266410 0.000000000 0.006948103 0.000000000
233.934970045 0.006412032 0.000067703 0.000096138 0.000088859 0.000133179 0.000304461 0.000254540 0.000256074 0.000000000 0.005211077 0.000000000
234.526461752 0.008408960 0.000068718 0.000091192 0.000091658 0.000149811 0.000296191 0.000258881 0.000256260 0.000000000 0.007196250 0.000000000
235.117953459 0.006416404 0.000063540 0.000084137 0.000091583 0.000154469 0.000290769 0.000266945 0.000253883 0.000000000 0.005211077 0.000000000
235.709445166 0.006434590 0.000058580 0.000081775 0.000087508 0.000138994 0.000296323 0.000286905 0.000273429 0.000000000 0.005211077 0.000000000
236.300936872 0.008908307 0.000069102 0.000077784 0.000088762 0.000111827 0.000281778 0.000308436 0.000278074 0.000000000 0.007692543 0.000000000
236.892428579 0.005632734 0.000081610 0.000082624 0.000085738 0.000107047 0.000260817 0.000287708 0.000260553 0.000000000 0.004466638 0.000000000
237.483920286 0.005846021 0.000094343 0.000099600 0.000080121 0.000120696 0.000239764 0.000247668 0.000249043 0.000000000 0.004714784 0.000000000
238.075411993 0.007324176 0.000117531 0.000133496 0.000082604 0.000131381 0.000211474 0.000213683 0.000230344 0.000000000 0.006203664 0.000000000
238.666903700 0.005811116 0.000130126 0.000139602 0.000088183 0.000140619 0.000188428 0.000193557 0.000215816 0.000000000 0.004714784 0.000000000
239.258395406 0.009524261 0.000129054 0.000140747 0.000106401 0.000134030 0.000181822 0.000179184 0.000216040 0.000000000 0.008436983 0.000000000
239.849887113 0.004545897 0.000111482 0.000127473 0.000122026 0.000122621 0.000188154 0.000183992 0.000216097 0.000000000 0.003474052 0.000000000
240.441378820 0.008058237 0.000105501 0.000117847 0.000128398 0.000119099 0.000203226 0.000203498 0.000232564 0.000000000 0.006948103 0.000000000
241.032870527 0.006123813 0.000106632 0.000127239 0.000138154 0.000113378 0.000213638 0.000226782 0.000235060 0.000000000 0.004962931 0.000000000
241.624362234 0.007906958 0.000115835 0.000135643 0.000149920 0.000107710 0.000237765 0.000239185 0.000220943 0.000000000 0.006699957 0.000000000
242.215853940 0.005987562 0.000114781 0.000133778 0.000163743 0.000113273 0.000271425 0.000253050 0.000222727 0.000000000 0.004714784 0.000000000
242.807345647 0.005075398 0.000114338 0.000139013 0.000176174 0.000126776 0.000303112 0.000266607 0.000227179 0.000000000 0.003722198 0.000000000
243.398837354 0.007110630 0.000130402 0.000139428 0.000168428 0.000155447 0.000319144 0.000266056 0.000224355 0.000000000 0.005707371 0.000000000
243.990329061 0.004906515 0.000141820 0.000134485 0.000155157 0.000189685 0.000326426 0.000255227 0.000229663 0.000000000 0.003474052 0.000000000
244.581820768 0.007648776 0.000130355 0.000144340 0.000148229 0.000179339 0.000332099 0.000263447 0.000247303 0.000000000 0.006203664 0.000000000
245.173312475 0.006454184 0.000123482 0.000162490 0.000136493 0.000169777 0.000336892 0.000288920 0.000273199 0.000000000 0.004962931 0.000000000
245.764804181 0.007296599 0.000128684 0.000169144 0.000146381 0.000180929 0.000343253 0.000325951 0.000294886 0.000000000 0.005707371 0.000000000
246.356295888 0.008147882 0.000136289 0.000168850 0.000162653 0.000196514 0.000340525 0.000369168 0.000322074 0.000000000 0.006451810 0.000000000
246.947787595 0.006006426 0.000171023 0.000156483 0.000157125 0.000212532 0.000335597 0.000399313 0.000355861 0.000000000 0.004218491 0.000000000
247.539279302 0.006792959 0.000209312 0.000160096 0.000145024 0.000207596 0.000329674 0.000402281 0.000376044 0.000000000 0.004962931 0.000000000
248.130771009 0.006531023 0.000195746 0.000173014 0.000148971 0.000191475 0.000325417 0.000388475 0.000393140 0.000000000 0.004714784 0.000000000
248.722262715 0.006758332 0.000183339 0.000169711 0.000161888 0.000170398 0.000343303 0.000360906 0.000405857 0.000000000 0.004962931 0.000000000
249.313754422 0.008675596 0.000168606 0.000182696 0.000170291 0.000140783 0.000385991 0.000321325 0.000357801 0.000000000 0.006948103 0.000000000
249.905246129 0.009831461 0.000151085 0.000212201 0.000171744 0.000121507 0.000400149 0.000285839 0.000300100 0.000000000 0.008188836 0.000000000
250.496737836 0.006748479 0.000121668 0.000206104 0.000182361 0.000123090 0.000362093 0.000272077 0.000270008 0.000000000 0.005211077 0.000000000
251.088229543 0.005200730 0.000116765 0.000215615 0.000190550 0.000111904 0.000303805 0.000289476 0.000250416 0.000000000 0.003722198 0.000000000
251.679721250 0.009174739 0.000147583 0.000209106 0.000194558 0.000093095 0.000265835 0.000320034 0.000251985 0.000000000 0.007692543 0.000000000
252.271212956 0.006735737 0.000204144 0.000179559 0.000205644 0.000089366 0.000250625 0.000321235 0.000274086 0.000000000 0.005211077 0.000000000
252.862704663 0.005080043 0.000262579 0.000148668 0.000210141 0.000094346 0.000254837 0.000312418 0.000323001 0.000000000 0.003474052 0.000000000
253.454196370 0.006694143 0.000285277 0.000148018 0.000205707 0.000113557 0.000260953 0.000330850 0.000386850 0.000000000 0.004962931 0.000000000
254.045688077 0.008062986 0.000282181 0.000159061 0.000218021 0.000127174 0.000280581 0.000364045 0.000428259 0.000000000 0.006203664 0.000000000
254.637179784 0.007306648 0.000269339 0.000179733 0.000232301 0.000128342 0.000297068 0.000340542 0.000400101 0.000000000 0.005459224 0.000000000
255.228671490 0.005968938 0.000246837 0.000191914 0.000222797 0.000154995 0.000295611 0.000291685 0.000346606 0.000000000 0.004218491 0.000000000
255.820163197 0.008074894 0.000225346 0.000184093 0.000196225 0.000176285 0.000278570 0.000259680 0.000302884 0.000000000 0.006451810 0.000000000
256.411654904 0.007504182 0.000232295 0.000173171 0.000196113 0.000189564 0.000252079 0.000232103 0.000273340 0.000000000 0.005955517 0.000000000
257.003146611 0.006404194 0.000233790 0.000158639 0.000195411 0.000183499 0.000222722 0.000202980 0.000244220 0.000000000 0.004962931 0.000000000
257.594638318 0.006323632 0.000207301 0.000153610 0.000182125 0.000183007 0.000206757 0.000211793 0.000216109 0.000000000 0.004962931 0.000000000
258.186130024 0.007765069 0.000178763 0.000139013 0.000162655 0.000186377 0.000202956 0.000244496 0.000199000 0.000000000 0.006451810 0.000000000
258.777621731 0.007240765 0.000174045 0.000133804 0.000160646 0.000177947 0.000196624 0.000236677 0.000205506 0.000000000 0.005955517 0.000000000
259.369113438 0.006217228 0.000160111 0.000139359 0.000160135 0.000161871 0.000204121 0.000222289 0.000206411 0.000000000 0.004962931 0.000000000
259.960605145 0.006421843 0.000141538 0.000145948 0.000141447 0.000153862 0.000216054 0.000208475 0.000203442 0.000000000 0.005211077 0.000000000
260.552096852 0.008122900 0.000124917 0.000148756 0.000124758 0.000146952 0.000223498 0.000194996 0.000210920 0.000000000 0.006948103 0.000000000
261.143588559 0.008822669 0.000116321 0.000178329 0.000113516 0.000131719 0.000218591 0.000176244 0.000195406 0.000000000 0.007692543 0.000000000
261.735080265 0.007789224 0.000121889 0.000181135 0.000114334 0.000126321 0.000195332 0.000162311 0.000187946 0.000000000 0.006699957 0.000000000
262.326571972 0.009021330 0.000130160 0.000178753 0.000111635 0.000136489 0.000178410 0.000160276 0.000184918 0.000000000 0.007940689 0.000000000
262.918063679 0.007803469 0.000125675 0.000176752 0.000123866 0.000141694 0.000175754 0.000173263 0.000186509 0.000000000 0.006699957 0.000000000
263.509555386 0.006603780 0.000117408 0.000171755 0.000136404 0.000133304 0.000187544 0.000188948 0.000209194 0.000000000 0.005459224 0.000000000
264.101047093 0.009670260 0.000118800 0.000160217 0.000132532 0.000149108 0.000213671 0.000214168 0.000244781 0.000000000 0.008436983 0.000000000
264.692538799 0.006544200 0.000136647 0.000160480 0.000120823 0.000192056 0.000232991 0.000223115 0.000267010 0.000000000 0.005211077 0.000000000
265.284030506 0.006134409 0.000139249 0.000164961 0.000120176 0.000224610 0.000247409 0.000242601 0.000280618 0.000000000 0.004714784 0.000000000
265.875522213 0.007700876 0.000140431 0.000146160 0.000134808 0.000242780 0.000261802 0.000291746 0.000279485 0.000000000 0.006203664 0.000000000
266.467013920 0.007728091 0.000148125 0.000118823 0.000148144 0.000243806 0.000268846 0.000329669 0.000267014 0.000000000 0.006203664 0.000000000
267.058505627 0.008890890 0.000144081 0.000087618 0.000137003 0.000185697 0.000288502 0.000332622 0.000270972 0.000000000 0.007444396 0.000000000
267.649997334 0.007560418 0.000147298 0.000077204 0.000109161 0.000106560 0.000325333 0.000313387 0.000277812 0.000000000 0.006203664 0.000000000
268.241489040 0.008290980 0.000166941 0.000072550 0.000092550 0.000092009 0.000339211 0.000306877 0.000272740 0.000000000 0.006948103 0.000000000
268.832980747 0.009303697 0.000206318 0.000088148 0.000078665 0.000080417 0.000334012 0.000304269 0.000271177 0.000000000 0.007940689 0.000000000
269.424472454 0.008306660 0.000199904 0.000093421 0.000073530 0.000072860 0.000329122 0.000302780 0.000286940 0.000000000 0.006948103 0.000000000
270.015964161 0.008710605 0.000115951 0.000080228 0.000071224 0.000063494 0.000315676 0.000306363 0.000313272 0.000000000 0.007444396 0.000000000
270.607455868 0.008355089 0.000070838 0.000065624 0.000067552 0.000052123 0.000260060 0.000307521 0.000335120 0.000000000 0.007196250 0.000000000
271.198947574 0.007802808 0.000053577 0.000059975 0.000071000 0.000050350 0.000230099 0.000299248 0.000338603 0.000000000 0.006699957 0.000000000
271.790439281 0.011701014 0.000046130 0.000062251 0.000076619 0.000052117 0.000208457 0.000259059 0.000326079 0.000000000 0.010670301 0.000000000
272.381930988 0.006443488 0.000037681 0.000084531 0.000077970 0.000057131 0.000219033 0.000231905 0.000276011 0.000000000 0.005459224 0.000000000
272.973422695 0.007123081 0.000035230 0.000080966 0.000077315 0.000058431 0.000221963 0.000234104 0.000211409 0.000000000 0.006203664 0.000000000
273.564914402 0.011857005 0.000029408 0.000136763 0.000069934 0.000063269 0.000229334 0.000232538 0.000177312 0.000000000 0.010918448 0.000000000
274.156406108 0.009373206 0.000031822 0.000155765 0.000068378 0.000097530 0.000240790 0.000195993 0.000145945 0.000000000 0.008436983 0.000000000
274.747897815 0.009824611 0.000041028 0.000075565 0.000074749 0.000127971 0.000264730 0.000181925 0.000125367 0.000000000 0.008933276 0.000000000
275.339389522 0.011044982 0.000041824 0.000087845 0.000088027 0.000117026 0.000239893 0.000167997 0.000128361 0.000000000 0.010174008 0.000000000
275.930881229 0.009534218 0.000033853 0.000104076 0.000127687 0.000087437 0.000207600 0.000146836 0.000141600 0.000000000 0.008685129 0.000000000
276.522372936 0.007757894 0.000026880 0.000073819 0.000181663 0.000070650 0.000184413 0.000139526 0.000132840 0.000000000 0.006948103 0.000000000
277.113864643 0.007415795 0.000028499 0.000052809 0.000144008 0.000054807 0.000171743 0.000139432 0.000124540 0.000000000 0.006699957 0.000000000
277.705356349 0.010074311 0.000036032 0.000041095 0.000087738 0.000048242 0.000156540 0.000152717 0.000122378 0.000000000 0.009429569 0.000000000
278.296848056 0.011061648 0.000047839 0.000036130 0.000060743 0.000052788 0.000150821 0.000163662 0.000127510 0.000000000 0.010422155 0.000000000
278.888339763 0.008169797 0.000053348 0.000054792 0.000048959 0.000064424 0.000153859 0.000192031 0.000157986 0.000000000 0.007444396 0.000000000
279.479831470 0.011297023 0.000054549 0.000102885 0.000044186 0.000074466 0.000159902 0.000229861 0.000209019 0.000000000 0.010422155 0.000000000
280.071323177 0.009961493 0.000048740 0.000114454 0.000044033 0.000112246 0.000181405 0.000252985 0.000274354 0.000000000 0.008933276 0.000000000
280.662814883 0.012280444 0.000020686 0.000071094 0.000044970 0.000175503 0.000206795 0.000259847 0.000334954 0.000000000 0.011166595 0.000000000
281.254306590 0.009654066 0.000001522 0.000011906 0.000037033 0.000089928 0.000178887 0.000158388 0.000243127 0.000000000 0.008933276 0.000000000
281.845798297 0.008872249 0.000000000 0.000000313 0.000021484 0.000003070 0.000088224 0.000020233 0.000053797 0.000000000 0.008685129 0.000000000
282.437290004 0.011441866 0.000000000 0.000000000 0.000005958 0.000000023 0.000016706 0.000000320 0.000004117 0.000000000 0.011414741 0.000000000
283.028781711 0.007446819 0.000000000 0.000000000 0.000000763 0.000000000 0.000001447 0.000000000 0.000000213 0.000000000 0.007444396 0.000000000
283.620273418 0.000000073 0.000000000 0.000000000 0.000000066 0.000000000 0.000000008 0.000000000 0.000000000 0.000000000 0.000000000 0.000000000
284.211765124 0.000000000 0.000000000 0.000000000 0.000000000 0.000000000 0.000000000 0.000000000 0.000000000 0.000000000 0.000000000 0.000000000
284.803256831 0.000000000 0.000000000 0.000000000 0.000000000 0.000000000 0.000000000 0.000000000 0.000000000 0.000000000 0.000000000 0.000000000
285.394748538 0.000000000 0.000000000 0.000000000 0.000000000 0.000000000 0.000000000 0.000000000 0.000000000 0.000000000 0.000000000 0.000000000
285.986240245 0.000000000 0.000000000 0.000000000 0.000000000 0.000000000 0.000000000 0.000000000 0.000000000 0.000000000 0.000000000 0.000000000
286.577731952 0.000000000 0.000000000 0.000000000 0.000000000 0.000000000 0.000000000 0.000000000 0.000000000 0.000000000 0.000000000 0.000000000
287.169223658 0.049629309 0.000000000 0.000000000 0.000000000 0.000000000 0.000000000 0.000000000 0.000000000 0.000000000 0.000000000 0.049629309
287.760715365 0.000000000 0.000000000 0.000000000 0.000000000 0.000000000 0.000000000 0.000000000 0.000000000 0.000000000 0.000000000 0.000000000
288.352207072 0.000000000 0.000000000 0.000000000 0.000000000 0.000000000 0.000000000 0.000000000 0.000000000 0.000000000 0.000000000 0.000000000
288.943698779 0.000000000 0.000000000 0.000000000 0.000000000 0.000000000 0.000000000 0.000000000 0.000000000 0.000000000 0.000000000 0.000000000
289.535190486 0.000000000 0.000000000 0.000000000 0.000000000 0.000000000 0.000000000 0.000000000 0.000000000 0.000000000 0.000000000 0.000000000
290.126682192 0.000000000 0.000000000 0.000000000 0.000000000 0.000000000 0.000000000 0.000000000 0.000000000 0.000000000 0.000000000 0.000000000
290.718173899 0.000000000 0.000000000 0.000000000 0.000000000 0.000000000 0.000000000 0.000000000 0.000000000 0.000000000 0.000000000 0.000000000
291.309665606 0.000000000 0.000000000 0.000000000 0.000000000 0.000000000 0.000000000 0.000000000 0.000000000 0.000000000 0.000000000 0.000000000
291.901157313 0.000000000 0.000000000 0.000000000 0.000000000 0.000000000 0.000000000 0.000000000 0.000000000 0.000000000 0.000000000 0.000000000
292.492649020 0.000000000 0.000000000 0.000000000 0.000000000 0.000000000 0.000000000 0.000000000 0.000000000 0.000000000 0.000000000 0.000000000
293.084140727 0.000000000 0.000000000 0.000000000 0.000000000 0.000000000 0.000000000 0.000000000 0.000000000 0.000000000 0.000000000 0.000000000
293.675632433 0.000000000 0.000000000 0.000000000 0.000000000 0.000000000 0.000000000 0.000000000 0.000000000 0.000000000 0.000000000 0.000000000
294.267124140 0.000000000 0.000000000 0.000000000 0.000000000 0.000000000 0.000000000 0.000000000 0.000000000 0.000000000 0.000000000 0.000000000
294.858615847 0.000000000 0.000000000 0.000000000 0.000000000 0.000000000 0.000000000 0.000000000 0.000000000 0.000000000 0.000000000 0.000000000
295.450107554 0.000000000 0.000000000 0.000000000 0.000000000 0.000000000 0.000000000 0.000000000 0.000000000 0.000000000 0.000000000 0.000000000
