# Ion number density
# The last    3 ion types are fixed
# Average over 407977 steps
# z (au)        total        A            Im1          Im2          Im3          N            C            Me           C1           C2           P
0.297445870 0.049345658 0.000000000 0.000000000 0.000000000 0.000000000 0.000000000 0.000000000 0.000000000 0.000000000 0.000000000 0.049345658
0.892337611 0.000000000 0.000000000 0.000000000 0.000000000 0.000000000 0.000000000 0.000000000 0.000000000 0.000000000 0.000000000 0.000000000
1.487229352 0.000000000 0.000000000 0.000000000 0.000000000 0.000000000 0.000000000 0.000000000 0.000000000 0.000000000 0.000000000 0.000000000
2.082121093 0.000000000 0.000000000 0.000000000 0.000000000 0.000000000 0.000000000 0.000000000 0.000000000 0.000000000 0.000000000 0.000000000
2.677012834 0.000000000 0.000000000 0.000000000 0.000000000 0.000000000 0.000000000 0.000000000 0.000000000 0.000000000 0.000000000 0.000000000
3.271904575 0.000000000 0.000000000 0.000000000 0.000000000 0.000000000 0.000000000 0.000000000 0.000000000 0.000000000 0.000000000 0.000000000
3.866796316 0.001727098 0.000000000 0.000000000 0.000000000 0.000000000 0.000000000 0.000000000 0.000000000 0.001727098 0.000000000 0.000000000
4.461688056 0.009623078 0.000000000 0.000000000 0.000000000 0.000000000 0.000000675 0.000000000 0.000000000 0.009622403 0.000000000 0.000000000
5.056579797 0.008663795 0.000000000 0.000000000 0.000001519 0.000000000 0.000026141 0.000000017 0.000000628 0.008635490 0.000000000 0.000000000
5.651471538 0.009676164 0.000000000 0.000000000 0.000026138 0.000000196 0.000213414 0.000027224 0.000033516 0.009375675 0.000000000 0.000000000
6.246363279 0.010309417 0.000000897 0.000000514 0.000076070 0.000016560 0.000443740 0.000358714 0.000283975 0.009128947 0.000000000 0.000000000
6.841255020 0.013160533 0.000052356 0.000022352 0.000104340 0.000120370 0.000377142 0.000401512 0.000486232 0.011596230 0.000000000 0.000000000
7.436146761 0.010617665 0.000154776 0.000069121 0.000091713 0.000191754 0.000247568 0.000384073 0.000349714 0.009128947 0.000000000 0.000000000
8.031038502 0.010281276 0.000053195 0.000092300 0.000048686 0.000163779 0.000181080 0.000340866 0.000272423 0.009128947 0.000000000 0.000000000
8.625930242 0.008974677 0.000016384 0.000095011 0.000027027 0.000104460 0.000161225 0.000237404 0.000191132 0.008142034 0.000000000 0.000000000
9.220821983 0.011570687 0.000027529 0.000084245 0.000017818 0.000064268 0.000197338 0.000148406 0.000175039 0.010856045 0.000000000 0.000000000
9.815713724 0.007815826 0.000037558 0.000044289 0.000011378 0.000058870 0.000186642 0.000131023 0.000190946 0.007155120 0.000000000 0.000000000
10.410605465 0.008540898 0.000046514 0.000017490 0.000007016 0.000098379 0.000125978 0.000133573 0.000216642 0.007895305 0.000000000 0.000000000
11.005497206 0.008577474 0.000052795 0.000010191 0.000004491 0.000160404 0.000098446 0.000139557 0.000216284 0.007895305 0.000000000 0.000000000
11.600388947 0.007597114 0.000050492 0.000026278 0.000004536 0.000147236 0.000101553 0.000171856 0.000186772 0.006908392 0.000000000 0.000000000
12.195280688 0.010965201 0.000060846 0.000060939 0.000007446 0.000075990 0.000111559 0.000146938 0.000138894 0.010362588 0.000000000 0.000000000
12.790172429 0.010497569 0.000118660 0.000125661 0.000011818 0.000023163 0.000135556 0.000097539 0.000116039 0.009869132 0.000000000 0.000000000
13.385064169 0.009865692 0.000223416 0.000143026 0.000018411 0.000008894 0.000154040 0.000077279 0.000111678 0.009128947 0.000000000 0.000000000
13.979955910 0.009439801 0.000287717 0.000115472 0.000033178 0.000010686 0.000171359 0.000090481 0.000095417 0.008635490 0.000000000 0.000000000
14.574847651 0.007269623 0.000266119 0.000110457 0.000087735 0.000035584 0.000163582 0.000125272 0.000065939 0.006414936 0.000000000 0.000000000
15.169739392 0.007918175 0.000182242 0.000180062 0.000187997 0.000093324 0.000167992 0.000150692 0.000047474 0.006908392 0.000000000 0.000000000
15.764631133 0.010574131 0.000078620 0.000274951 0.000236855 0.000141597 0.000204831 0.000185363 0.000076239 0.009375675 0.000000000 0.000000000
16.359522874 0.009583758 0.000027997 0.000213751 0.000224681 0.000141582 0.000231174 0.000209321 0.000146490 0.008388762 0.000000000 0.000000000
16.954414615 0.008590658 0.000016801 0.000181823 0.000173341 0.000121697 0.000233446 0.000246780 0.000214921 0.007401849 0.000000000 0.000000000
17.549306355 0.006618418 0.000062040 0.000152250 0.000141322 0.000109186 0.000207907 0.000248580 0.000269111 0.005428022 0.000000000 0.000000000
18.144198096 0.009898383 0.000173610 0.000129540 0.000177399 0.000100990 0.000175662 0.000211236 0.000294455 0.008635490 0.000000000 0.000000000
18.739089837 0.007859831 0.000195778 0.000184302 0.000287955 0.000094143 0.000169526 0.000173340 0.000339852 0.006414936 0.000000000 0.000000000
19.333981578 0.009639828 0.000138824 0.000142253 0.000333589 0.000087836 0.000200770 0.000192788 0.000401734 0.008142034 0.000000000 0.000000000
19.928873319 0.006407901 0.000133839 0.000072944 0.000249422 0.000067377 0.000238610 0.000305414 0.000405729 0.004934566 0.000000000 0.000000000
20.523765060 0.009111655 0.000136959 0.000045469 0.000169381 0.000068356 0.000282282 0.000383079 0.000377553 0.007648577 0.000000000 0.000000000
21.118656801 0.008566656 0.000148297 0.000027251 0.000142079 0.000091265 0.000295718 0.000345486 0.000361440 0.007155120 0.000000000 0.000000000
21.713548541 0.006367031 0.000201423 0.000021788 0.000139298 0.000147636 0.000257049 0.000324543 0.000340727 0.004934566 0.000000000 0.000000000
22.308440282 0.007913745 0.000257409 0.000032874 0.000132126 0.000234132 0.000223857 0.000352106 0.000266304 0.006414936 0.000000000 0.000000000
22.903332023 0.006747530 0.000226008 0.000103630 0.000137573 0.000294306 0.000244077 0.000376697 0.000183945 0.005181294 0.000000000 0.000000000
23.498223764 0.009762963 0.000243868 0.000226108 0.000154089 0.000268897 0.000299268 0.000273625 0.000155074 0.008142034 0.000000000 0.000000000
24.093115505 0.005218946 0.000243271 0.000290805 0.000151103 0.000189843 0.000330250 0.000166116 0.000146633 0.003700924 0.000000000 0.000000000
24.688007246 0.009561028 0.000154228 0.000226211 0.000124469 0.000122886 0.000295952 0.000106474 0.000142047 0.008388762 0.000000000 0.000000000
25.282898987 0.008645403 0.000073789 0.000195494 0.000100493 0.000120700 0.000252397 0.000112263 0.000141692 0.007648577 0.000000000 0.000000000
25.877790727 0.007125674 0.000059892 0.000203579 0.000087562 0.000122353 0.000201384 0.000146896 0.000135801 0.006168207 0.000000000 0.000000000
26.472682468 0.008195831 0.000112134 0.000188148 0.000089072 0.000134025 0.000188749 0.000192129 0.000136453 0.007155120 0.000000000 0.000000000
27.067574209 0.008596402 0.000153249 0.000195526 0.000159887 0.000127914 0.000185144 0.000204416 0.000168418 0.007401849 0.000000000 0.000000000
27.662465950 0.006743010 0.000129395 0.000256247 0.000193773 0.000108968 0.000209163 0.000203822 0.000213619 0.005428022 0.000000000 0.000000000
28.257357691 0.006026112 0.000124825 0.000211171 0.000165972 0.000127240 0.000252806 0.000220356 0.000235903 0.004687838 0.000000000 0.000000000
28.852249432 0.008638731 0.000164896 0.000158960 0.000168410 0.000196095 0.000274445 0.000255840 0.000264964 0.007155120 0.000000000 0.000000000
29.447141173 0.007355580 0.000222820 0.000146242 0.000195907 0.000261421 0.000265144 0.000298291 0.000291003 0.005674751 0.000000000 0.000000000
30.042032913 0.006004778 0.000277573 0.000155019 0.000237916 0.000228009 0.000257490 0.000325646 0.000328743 0.004194381 0.000000000 0.000000000
30.636924654 0.007221572 0.000262197 0.000172134 0.000251692 0.000165122 0.000273467 0.000319284 0.000349654 0.005428022 0.000000000 0.000000000
31.231816395 0.008378079 0.000226042 0.000164013 0.000209072 0.000175748 0.000278981 0.000300321 0.000362238 0.006661664 0.000000000 0.000000000
31.826708136 0.006128242 0.000191097 0.000140613 0.000159021 0.000193236 0.000349776 0.000304299 0.000349091 0.004441109 0.000000000 0.000000000
32.421599877 0.007433476 0.000180012 0.000139596 0.000146100 0.000176711 0.000423916 0.000350703 0.000341687 0.005674751 0.000000000 0.000000000
33.016491618 0.006999924 0.000191319 0.000143204 0.000145792 0.000196995 0.000386816 0.000413335 0.000341168 0.005181294 0.000000000 0.000000000
33.611383359 0.008013321 0.000211321 0.000149251 0.000147776 0.000270057 0.000333657 0.000418205 0.000314846 0.006168207 0.000000000 0.000000000
34.206275099 0.004956421 0.000211295 0.000152094 0.000158941 0.000306283 0.000301509 0.000338573 0.000280258 0.003207468 0.000000000 0.000000000
34.801166840 0.007018905 0.000202485 0.000156558 0.000157616 0.000262133 0.000275135 0.000277006 0.000259950 0.005428022 0.000000000 0.000000000
35.396058581 0.008132637 0.000218060 0.000178290 0.000153033 0.000188012 0.000257910 0.000230091 0.000245577 0.006661664 0.000000000 0.000000000
35.990950322 0.006605696 0.000177270 0.000178792 0.000159607 0.000158655 0.000268805 0.000217759 0.000263514 0.005181294 0.000000000 0.000000000
36.585842063 0.006156078 0.000107961 0.000169731 0.000168429 0.000159153 0.000305036 0.000218131 0.000339799 0.004687838 0.000000000 0.000000000
37.180733804 0.008581517 0.000075200 0.000188437 0.000148068 0.000184157 0.000361341 0.000294135 0.000421787 0.006908392 0.000000000 0.000000000
37.775625545 0.008085100 0.000084701 0.000267201 0.000117174 0.000197374 0.000385111 0.000436382 0.000428949 0.006168207 0.000000000 0.000000000
38.370517286 0.008923111 0.000112768 0.000323655 0.000118904 0.000195894 0.000368758 0.000492982 0.000401758 0.006908392 0.000000000 0.000000000
38.965409026 0.007394022 0.000167262 0.000289369 0.000129531 0.000190904 0.000355975 0.000441672 0.000391287 0.005428022 0.000000000 0.000000000
39.560300767 0.004552287 0.000160096 0.000232453 0.000144322 0.000196163 0.000345458 0.000376378 0.000383407 0.002714011 0.000000000 0.000000000
40.155192508 0.008397461 0.000165536 0.000180093 0.000151285 0.000195075 0.000334892 0.000340916 0.000368000 0.006661664 0.000000000 0.000000000
40.750084249 0.005611294 0.000238687 0.000135850 0.000143842 0.000167181 0.000316444 0.000312792 0.000348847 0.003947653 0.000000000 0.000000000
41.344975990 0.008713790 0.000293301 0.000099162 0.000146593 0.000121648 0.000285632 0.000280483 0.000331850 0.007155120 0.000000000 0.000000000
41.939867731 0.006217240 0.000279637 0.000079759 0.000186666 0.000091400 0.000274051 0.000278261 0.000339629 0.004687838 0.000000000 0.000000000
42.534759472 0.008229853 0.000211852 0.000073150 0.000219097 0.000068710 0.000316522 0.000310912 0.000367946 0.006661664 0.000000000 0.000000000
43.129651212 0.005064431 0.000146715 0.000065473 0.000196534 0.000059556 0.000376814 0.000373613 0.000391531 0.003454196 0.000000000 0.000000000
43.724542953 0.007313014 0.000098955 0.000057487 0.000147106 0.000050721 0.000428414 0.000440449 0.000415131 0.005674751 0.000000000 0.000000000
44.319434694 0.005564723 0.000090894 0.000060083 0.000113128 0.000054967 0.000444010 0.000431422 0.000422565 0.003947653 0.000000000 0.000000000
44.914326435 0.005526477 0.000138070 0.000059993 0.000111511 0.000064264 0.000416163 0.000393509 0.000395313 0.003947653 0.000000000 0.000000000
45.509218176 0.007502729 0.000197624 0.000063788 0.000107710 0.000066466 0.000387872 0.000405492 0.000352297 0.005921479 0.000000000 0.000000000
46.104109917 0.008041887 0.000206002 0.000066601 0.000108527 0.000064838 0.000378181 0.000426357 0.000376445 0.006414936 0.000000000 0.000000000
46.699001658 0.008468204 0.000135191 0.000064689 0.000110387 0.000061614 0.000361953 0.000412405 0.000413572 0.006908392 0.000000000 0.000000000
47.293893398 0.005645926 0.000073983 0.000063681 0.000112499 0.000071983 0.000347154 0.000354421 0.000427823 0.004194381 0.000000000 0.000000000
47.888785139 0.006515686 0.000050331 0.000067781 0.000101540 0.000082661 0.000327602 0.000309426 0.000395051 0.005181294 0.000000000 0.000000000
48.483676880 0.008722253 0.000053337 0.000084741 0.000091606 0.000102492 0.000303022 0.000326248 0.000358958 0.007401849 0.000000000 0.000000000
49.078568621 0.006803962 0.000063285 0.000104063 0.000082316 0.000119646 0.000311195 0.000345092 0.000350343 0.005428022 0.000000000 0.000000000
49.673460362 0.007174341 0.000070533 0.000122295 0.000082860 0.000124746 0.000357771 0.000355132 0.000386254 0.005674751 0.000000000 0.000000000
50.268352103 0.005361402 0.000063069 0.000122775 0.000085842 0.000125409 0.000430179 0.000445937 0.000387266 0.003700924 0.000000000 0.000000000
50.863243844 0.009435026 0.000067792 0.000113575 0.000098172 0.000136101 0.000471823 0.000516665 0.000382321 0.007648577 0.000000000 0.000000000
51.458135584 0.006624505 0.000058887 0.000118502 0.000119086 0.000152258 0.000455755 0.000423359 0.000362093 0.004934566 0.000000000 0.000000000
52.053027325 0.007078488 0.000058390 0.000141423 0.000162054 0.000198935 0.000419020 0.000364467 0.000306175 0.005428022 0.000000000 0.000000000
52.647919066 0.008785573 0.000059836 0.000185310 0.000199053 0.000217878 0.000413307 0.000300428 0.000254642 0.007155120 0.000000000 0.000000000
53.242810807 0.006926225 0.000070483 0.000213382 0.000192667 0.000181321 0.000351167 0.000249502 0.000239680 0.005428022 0.000000000 0.000000000
53.837702548 0.007287233 0.000086846 0.000182318 0.000146870 0.000159213 0.000296755 0.000265336 0.000228415 0.005921479 0.000000000 0.000000000
54.432594289 0.011655970 0.000112842 0.000144130 0.000111952 0.000146118 0.000281411 0.000281668 0.000215261 0.010362588 0.000000000 0.000000000
55.027486030 0.010116821 0.000127860 0.000131879 0.000098321 0.000127361 0.000271225 0.000252044 0.000225911 0.008882219 0.000000000 0.000000000
55.622377770 0.007618744 0.000105265 0.000141899 0.000088377 0.000119481 0.000273598 0.000235310 0.000239878 0.006414936 0.000000000 0.000000000
56.217269511 0.009113123 0.000091357 0.000158912 0.000081057 0.000114659 0.000290964 0.000238431 0.000242438 0.007895305 0.000000000 0.000000000
56.812161252 0.011820428 0.000084141 0.000144263 0.000086924 0.000099718 0.000316263 0.000247856 0.000231947 0.010609317 0.000000000 0.000000000
57.407052993 0.009435273 0.000093169 0.000123649 0.000098992 0.000082957 0.000367973 0.000284105 0.000242395 0.008142034 0.000000000 0.000000000
58.001944734 0.009371720 0.000140379 0.000102940 0.000115205 0.000074297 0.000417299 0.000337263 0.000289032 0.007895305 0.000000000 0.000000000
58.596836475 0.007071543 0.000170947 0.000095987 0.000135777 0.000068518 0.000453512 0.000388000 0.000330781 0.005428022 0.000000000 0.000000000
59.191728216 0.010520592 0.000130303 0.000067860 0.000124556 0.000064983 0.000470920 0.000408774 0.000370978 0.008882219 0.000000000 0.000000000
59.786619956 0.008033653 0.000097107 0.000071624 0.000110806 0.000067533 0.000467106 0.000424938 0.000379603 0.006414936 0.000000000 0.000000000
60.381511697 0.006578637 0.000100300 0.000081792 0.000102096 0.000074330 0.000423440 0.000455760 0.000406355 0.004934566 0.000000000 0.000000000
60.976403438 0.009413251 0.000109588 0.000090208 0.000093092 0.000084573 0.000430718 0.000498985 0.000457510 0.007648577 0.000000000 0.000000000
61.571295179 0.007830144 0.000114318 0.000117279 0.000090807 0.000104456 0.000424428 0.000523913 0.000533463 0.005921479 0.000000000 0.000000000
62.166186920 0.009581938 0.000101382 0.000117993 0.000086798 0.000104456 0.000423856 0.000506569 0.000592307 0.007648577 0.000000000 0.000000000
62.761078661 0.008070064 0.000104928 0.000102992 0.000081358 0.000081988 0.000413957 0.000500331 0.000616303 0.006168207 0.000000000 0.000000000
63.355970402 0.011198373 0.000109519 0.000086441 0.000079904 0.000062229 0.000425137 0.000520823 0.000538646 0.009375675 0.000000000 0.000000000
63.950862143 0.009023940 0.000113685 0.000059733 0.000072185 0.000050220 0.000425690 0.000429088 0.000471491 0.007401849 0.000000000 0.000000000
64.545753883 0.005656671 0.000099657 0.000046814 0.000068765 0.000046406 0.000386671 0.000388201 0.000425777 0.004194381 0.000000000 0.000000000
65.140645624 0.007580126 0.000079444 0.000037462 0.000064505 0.000049607 0.000392421 0.000366328 0.000422153 0.006168207 0.000000000 0.000000000
65.735537365 0.008755240 0.000066630 0.000031255 0.000062719 0.000041645 0.000389740 0.000348226 0.000413178 0.007401849 0.000000000 0.000000000
66.330429106 0.007007447 0.000062989 0.000026224 0.000057670 0.000041902 0.000400663 0.000356698 0.000386551 0.005674751 0.000000000 0.000000000
66.925320847 0.008559005 0.000064898 0.000026170 0.000049917 0.000041709 0.000409102 0.000429509 0.000382580 0.007155120 0.000000000 0.000000000
67.520212588 0.009129018 0.000065869 0.000027194 0.000050798 0.000050832 0.000435925 0.000460946 0.000388877 0.007648577 0.000000000 0.000000000
68.115104329 0.010736776 0.000077370 0.000039875 0.000051104 0.000055728 0.000494693 0.000447914 0.000441145 0.009128947 0.000000000 0.000000000
68.709996069 0.007564404 0.000090884 0.000043590 0.000052923 0.000065440 0.000561670 0.000474972 0.000600175 0.005674751 0.000000000 0.000000000
69.304887810 0.008290532 0.000088603 0.000050199 0.000062486 0.000069683 0.000582950 0.000560480 0.000461194 0.006414936 0.000000000 0.000000000
69.899779551 0.008690275 0.000069893 0.000054555 0.000064498 0.000063225 0.000591943 0.000717298 0.000467200 0.006661664 0.000000000 0.000000000
70.494671292 0.007387352 0.000051113 0.000060863 0.000063477 0.000050723 0.000617046 0.000595121 0.000520987 0.005428022 0.000000000 0.000000000
71.089563033 0.008914190 0.000041109 0.000075183 0.000063330 0.000058794 0.000648117 0.000541235 0.000578030 0.006908392 0.000000000 0.000000000
71.684454774 0.011046422 0.000029675 0.000082299 0.000067963 0.000063929 0.000548335 0.000547360 0.000577914 0.009128947 0.000000000 0.000000000
72.279346515 0.005298642 0.000033182 0.000082799 0.000065800 0.000071153 0.000491884 0.000566669 0.000532958 0.003454196 0.000000000 0.000000000
72.874238255 0.008439845 0.000044831 0.000077671 0.000059989 0.000073301 0.000487828 0.000533868 0.000500694 0.006661664 0.000000000 0.000000000
73.469129996 0.007389344 0.000049200 0.000066854 0.000057049 0.000078065 0.000462828 0.000525604 0.000474993 0.005674751 0.000000000 0.000000000
74.064021737 0.009596923 0.000044318 0.000066804 0.000056789 0.000080645 0.000465889 0.000498172 0.000489002 0.007895305 0.000000000 0.000000000
74.658913478 0.007592335 0.000056600 0.000062478 0.000056778 0.000079933 0.000464460 0.000424481 0.000526126 0.005921479 0.000000000 0.000000000
75.253805219 0.010434176 0.000080286 0.000064715 0.000054678 0.000080000 0.000449279 0.000369659 0.000453340 0.008882219 0.000000000 0.000000000
75.848696960 0.008834422 0.000096890 0.000067200 0.000059560 0.000085165 0.000409227 0.000354501 0.000360030 0.007401849 0.000000000 0.000000000
76.443588701 0.008304466 0.000098359 0.000074418 0.000060150 0.000089861 0.000401635 0.000347760 0.000323892 0.006908392 0.000000000 0.000000000
77.038480441 0.006826118 0.000095116 0.000075241 0.000055909 0.000104473 0.000422302 0.000349784 0.000295270 0.005428022 0.000000000 0.000000000
77.633372182 0.009076467 0.000110012 0.000074309 0.000056229 0.000096303 0.000420807 0.000365202 0.000305028 0.007648577 0.000000000 0.000000000
78.228263923 0.006873725 0.000117168 0.000064437 0.000050797 0.000074836 0.000429810 0.000376978 0.000331677 0.005428022 0.000000000 0.000000000
78.823155664 0.011542877 0.000108036 0.000059129 0.000049116 0.000059487 0.000399316 0.000389060 0.000362873 0.010115860 0.000000000 0.000000000
79.418047405 0.007795815 0.000103672 0.000054116 0.000043816 0.000051134 0.000355454 0.000400345 0.000372341 0.006414936 0.000000000 0.000000000
80.012939146 0.009007444 0.000090770 0.000063134 0.000044819 0.000051956 0.000339936 0.000384565 0.000383685 0.007648577 0.000000000 0.000000000
80.607830887 0.008988385 0.000070191 0.000065381 0.000049499 0.000048839 0.000349182 0.000366919 0.000389795 0.007648577 0.000000000 0.000000000
81.202722627 0.010950111 0.000062914 0.000062419 0.000053298 0.000049656 0.000357962 0.000354587 0.000386872 0.009622403 0.000000000 0.000000000
81.797614368 0.007530846 0.000063662 0.000057829 0.000057290 0.000049216 0.000382739 0.000360922 0.000390980 0.006168207 0.000000000 0.000000000
82.392506109 0.008283979 0.000063247 0.000048149 0.000056728 0.000048793 0.000400224 0.000378137 0.000380309 0.006908392 0.000000000 0.000000000
82.987397850 0.008829889 0.000070428 0.000045827 0.000059193 0.000056280 0.000407892 0.000393560 0.000394862 0.007401849 0.000000000 0.000000000
83.582289591 0.009837274 0.000071687 0.000040213 0.000056599 0.000065955 0.000415617 0.000410794 0.000387647 0.008388762 0.000000000 0.000000000
84.177181332 0.009122813 0.000079263 0.000037706 0.000054613 0.000073353 0.000415303 0.000414099 0.000399898 0.007648577 0.000000000 0.000000000
84.772073073 0.010372087 0.000076459 0.000039653 0.000053110 0.000076420 0.000431373 0.000412910 0.000399945 0.008882219 0.000000000 0.000000000
85.366964813 0.009930292 0.000080429 0.000043828 0.000057294 0.000072614 0.000455341 0.000422213 0.000409812 0.008388762 0.000000000 0.000000000
85.961856554 0.005608708 0.000089929 0.000046941 0.000058813 0.000064265 0.000487252 0.000460394 0.000453461 0.003947653 0.000000000 0.000000000
86.556748295 0.001812310 0.000106463 0.000047474 0.000069290 0.000067925 0.000525556 0.000490946 0.000504657 0.000000000 0.000000000 0.000000000
87.151640036 0.001988984 0.000119033 0.000056062 0.000072153 0.000072938 0.000568740 0.000550112 0.000549947 0.000000000 0.000000000 0.000000000
87.746531777 0.002215426 0.000122237 0.000073080 0.000076558 0.000087999 0.000638552 0.000619887 0.000597113 0.000000000 0.000000000 0.000000000
88.341423518 0.002501987 0.000126800 0.000095909 0.000090892 0.000097403 0.000718619 0.000689149 0.000683215 0.000000000 0.000000000 0.000000000
88.936315259 0.002916390 0.000139019 0.000128768 0.000111670 0.000122314 0.000856124 0.000772755 0.000785740 0.000000000 0.000000000 0.000000000
89.531207000 0.003509957 0.000167017 0.000157835 0.000145659 0.000153115 0.001057995 0.000927125 0.000901210 0.000000000 0.000000000 0.000000000
90.126098740 0.004271886 0.000211692 0.000170460 0.000188948 0.000188421 0.001248048 0.001138642 0.001125677 0.000000000 0.000000000 0.000000000
90.720990481 0.005049214 0.000298401 0.000180043 0.000226432 0.000242269 0.001342206 0.001397597 0.001362265 0.000000000 0.000000000 0.000000000
91.315882222 0.005344642 0.000385215 0.000205507 0.000244996 0.000290264 0.001243099 0.001491173 0.001484388 0.000000000 0.000000000 0.000000000
91.910773963 0.005000873 0.000427021 0.000243030 0.000235782 0.000327007 0.001056217 0.001313696 0.001398121 0.000000000 0.000000000 0.000000000
92.505665704 0.004317283 0.000385740 0.000276240 0.000227764 0.000323617 0.000866618 0.001080388 0.001156915 0.000000000 0.000000000 0.000000000
93.100557445 0.003716180 0.000298193 0.000279352 0.000223156 0.000275401 0.000759020 0.000931771 0.000949288 0.000000000 0.000000000 0.000000000
93.695449186 0.003311071 0.000221778 0.000274001 0.000226045 0.000229004 0.000718291 0.000825503 0.000816448 0.000000000 0.000000000 0.000000000
94.290340926 0.003047651 0.000177611 0.000254730 0.000222333 0.000206637 0.000717781 0.000713154 0.000755405 0.000000000 0.000000000 0.000000000
94.885232667 0.003007619 0.000165391 0.000265662 0.000235999 0.000204128 0.000757842 0.000663325 0.000715272 0.000000000 0.000000000 0.000000000
95.480124408 0.003116129 0.000180949 0.000292579 0.000249144 0.000202082 0.000803693 0.000665200 0.000722482 0.000000000 0.000000000 0.000000000
96.075016149 0.003343587 0.000228100 0.000313601 0.000286729 0.000218834 0.000836426 0.000700647 0.000759250 0.000000000 0.000000000 0.000000000
96.669907890 0.003550651 0.000282937 0.000302610 0.000324360 0.000229585 0.000854291 0.000769380 0.000787488 0.000000000 0.000000000 0.000000000
97.264799631 0.003807944 0.000321616 0.000297954 0.000342927 0.000251867 0.000892874 0.000855813 0.000844892 0.000000000 0.000000000 0.000000000
97.859691372 0.003961615 0.000342242 0.000291223 0.000359964 0.000269524 0.000896305 0.000903933 0.000898423 0.000000000 0.000000000 0.000000000
98.454583112 0.003980203 0.000360495 0.000278858 0.000353296 0.000284992 0.000869699 0.000917053 0.000915810 0.000000000 0.000000000 0.000000000
99.049474853 0.003933970 0.000351586 0.000295483 0.000337058 0.000296648 0.000837618 0.000909429 0.000906148 0.000000000 0.000000000 0.000000000
99.644366594 0.003819359 0.000328728 0.000307695 0.000333059 0.000291633 0.000794157 0.000887250 0.000876836 0.000000000 0.000000000 0.000000000
100.239258335 0.003656520 0.000311706 0.000314576 0.000321330 0.000282173 0.000764757 0.000838161 0.000823816 0.000000000 0.000000000 0.000000000
100.834150076 0.003537427 0.000289452 0.000317693 0.000298232 0.000258138 0.000766344 0.000819500 0.000788069 0.000000000 0.000000000 0.000000000
101.429041817 0.003423944 0.000262604 0.000316488 0.000280126 0.000249402 0.000775443 0.000783475 0.000756404 0.000000000 0.000000000 0.000000000
102.023933558 0.003368973 0.000264066 0.000294519 0.000271945 0.000247266 0.000781153 0.000754046 0.000755978 0.000000000 0.000000000 0.000000000
102.618825298 0.003362303 0.000263903 0.000276138 0.000264139 0.000255683 0.000791146 0.000748319 0.000762976 0.000000000 0.000000000 0.000000000
103.213717039 0.003439584 0.000285053 0.000266948 0.000269482 0.000274890 0.000808981 0.000760974 0.000773256 0.000000000 0.000000000 0.000000000
103.808608780 0.003510988 0.000306700 0.000268217 0.000277275 0.000294032 0.000812647 0.000761832 0.000790284 0.000000000 0.000000000 0.000000000
104.403500521 0.003590960 0.000304679 0.000284917 0.000279644 0.000319229 0.000812502 0.000790596 0.000799393 0.000000000 0.000000000 0.000000000
104.998392262 0.003643750 0.000316306 0.000278883 0.000288619 0.000328373 0.000803656 0.000807452 0.000820459 0.000000000 0.000000000 0.000000000
105.593284003 0.003656225 0.000315713 0.000282649 0.000291938 0.000339942 0.000800527 0.000806644 0.000818811 0.000000000 0.000000000 0.000000000
106.188175744 0.003644471 0.000312279 0.000298731 0.000296040 0.000343456 0.000771903 0.000813167 0.000808897 0.000000000 0.000000000 0.000000000
106.783067484 0.003592409 0.000303352 0.000305666 0.000286373 0.000330554 0.000769931 0.000792089 0.000804444 0.000000000 0.000000000 0.000000000
107.377959225 0.003520558 0.000283192 0.000308004 0.000275691 0.000321694 0.000759369 0.000779984 0.000792625 0.000000000 0.000000000 0.000000000
107.972850966 0.003511316 0.000277107 0.000308228 0.000282007 0.000311011 0.000771526 0.000772933 0.000788505 0.000000000 0.000000000 0.000000000
108.567742707 0.003482810 0.000263200 0.000311483 0.000291687 0.000306722 0.000762412 0.000765184 0.000782123 0.000000000 0.000000000 0.000000000
109.162634448 0.003487570 0.000271531 0.000301733 0.000298810 0.000304537 0.000760749 0.000765723 0.000784487 0.000000000 0.000000000 0.000000000
109.757526189 0.003477598 0.000296245 0.000293129 0.000301461 0.000295151 0.000746353 0.000754996 0.000790263 0.000000000 0.000000000 0.000000000
110.352417930 0.003495350 0.000302380 0.000291677 0.000299528 0.000288795 0.000747214 0.000774921 0.000790836 0.000000000 0.000000000 0.000000000
110.947309670 0.003528893 0.000314267 0.000300130 0.000304075 0.000280816 0.000760951 0.000784849 0.000783804 0.000000000 0.000000000 0.000000000
111.542201411 0.003542410 0.000329680 0.000288679 0.000296062 0.000283465 0.000770048 0.000792644 0.000781831 0.000000000 0.000000000 0.000000000
112.137093152 0.003576895 0.000340976 0.000296798 0.000299599 0.000271281 0.000784400 0.000797229 0.000786612 0.000000000 0.000000000 0.000000000
112.731984893 0.003589373 0.000349216 0.000301033 0.000299521 0.000292276 0.000790875 0.000779200 0.000777252 0.000000000 0.000000000 0.000000000
113.326876634 0.003553080 0.000344815 0.000302710 0.000281993 0.000300123 0.000775751 0.000765832 0.000781857 0.000000000 0.000000000 0.000000000
113.921768375 0.003519555 0.000322636 0.000306507 0.000279368 0.000301970 0.000770980 0.000759783 0.000778311 0.000000000 0.000000000 0.000000000
114.516660116 0.003490927 0.000316759 0.000309652 0.000280711 0.000310085 0.000762992 0.000754810 0.000755919 0.000000000 0.000000000 0.000000000
115.111551857 0.003483603 0.000307401 0.000307505 0.000290486 0.000312203 0.000774158 0.000748811 0.000743040 0.000000000 0.000000000 0.000000000
115.706443597 0.003507610 0.000316985 0.000300846 0.000301222 0.000307561 0.000770894 0.000762420 0.000747682 0.000000000 0.000000000 0.000000000
116.301335338 0.003552149 0.000301756 0.000308422 0.000309410 0.000307112 0.000782906 0.000774712 0.000767831 0.000000000 0.000000000 0.000000000
116.896227079 0.003576506 0.000289619 0.000298103 0.000316266 0.000303352 0.000780787 0.000794040 0.000794340 0.000000000 0.000000000 0.000000000
117.491118820 0.003584700 0.000279782 0.000292268 0.000320347 0.000301323 0.000789475 0.000789075 0.000812430 0.000000000 0.000000000 0.000000000
118.086010561 0.003606367 0.000265063 0.000296601 0.000312016 0.000297137 0.000793841 0.000812422 0.000829287 0.000000000 0.000000000 0.000000000
118.680902302 0.003632710 0.000249493 0.000301624 0.000309762 0.000280187 0.000816643 0.000827739 0.000847261 0.000000000 0.000000000 0.000000000
119.275794043 0.003677062 0.000254987 0.000303081 0.000313963 0.000270562 0.000838097 0.000840101 0.000856272 0.000000000 0.000000000 0.000000000
119.870685783 0.003647491 0.000256147 0.000289320 0.000299962 0.000268424 0.000852681 0.000838905 0.000842053 0.000000000 0.000000000 0.000000000
120.465577524 0.003642655 0.000263566 0.000288497 0.000287489 0.000260132 0.000844345 0.000858945 0.000839682 0.000000000 0.000000000 0.000000000
121.060469265 0.003672554 0.000264487 0.000273234 0.000278676 0.000260831 0.000861794 0.000881144 0.000852388 0.000000000 0.000000000 0.000000000
121.655361006 0.003646531 0.000272406 0.000255975 0.000281382 0.000263323 0.000860518 0.000866552 0.000846375 0.000000000 0.000000000 0.000000000
122.250252747 0.003673218 0.000291429 0.000275727 0.000281774 0.000257499 0.000866324 0.000856849 0.000843616 0.000000000 0.000000000 0.000000000
122.845144488 0.003626465 0.000301377 0.000264610 0.000278524 0.000260035 0.000851134 0.000835843 0.000834942 0.000000000 0.000000000 0.000000000
123.440036229 0.003626821 0.000299701 0.000266893 0.000277925 0.000262506 0.000851655 0.000843883 0.000824258 0.000000000 0.000000000 0.000000000
124.034927969 0.003620719 0.000298956 0.000260085 0.000290585 0.000268477 0.000848681 0.000835246 0.000818688 0.000000000 0.000000000 0.000000000
124.629819710 0.003620672 0.000301036 0.000284549 0.000292666 0.000277924 0.000837289 0.000816827 0.000810381 0.000000000 0.000000000 0.000000000
125.224711451 0.003625826 0.000304677 0.000298745 0.000291648 0.000291310 0.000828977 0.000811009 0.000799458 0.000000000 0.000000000 0.000000000
125.819603192 0.003627211 0.000294825 0.000301174 0.000286469 0.000286905 0.000832607 0.000817465 0.000807764 0.000000000 0.000000000 0.000000000
126.414494933 0.003640890 0.000290813 0.000297356 0.000295034 0.000290267 0.000839339 0.000819846 0.000808234 0.000000000 0.000000000 0.000000000
127.009386674 0.003630984 0.000288556 0.000294593 0.000299237 0.000286085 0.000822468 0.000824443 0.000815602 0.000000000 0.000000000 0.000000000
127.604278415 0.003634810 0.000274000 0.000292488 0.000295560 0.000301136 0.000828759 0.000821606 0.000821261 0.000000000 0.000000000 0.000000000
128.199170155 0.003624662 0.000255567 0.000290282 0.000292533 0.000307715 0.000823279 0.000826356 0.000828930 0.000000000 0.000000000 0.000000000
128.794061896 0.003630794 0.000242699 0.000295089 0.000286740 0.000305092 0.000833112 0.000821823 0.000846241 0.000000000 0.000000000 0.000000000
129.388953637 0.003626946 0.000242730 0.000284035 0.000286220 0.000298129 0.000825768 0.000832492 0.000857571 0.000000000 0.000000000 0.000000000
129.983845378 0.003641516 0.000235476 0.000278035 0.000277257 0.000293378 0.000853752 0.000849671 0.000853949 0.000000000 0.000000000 0.000000000
130.578737119 0.003686256 0.000260011 0.000283483 0.000274386 0.000279578 0.000872561 0.000874060 0.000842175 0.000000000 0.000000000 0.000000000
131.173628860 0.003679683 0.000257474 0.000274963 0.000262335 0.000278733 0.000887174 0.000865830 0.000853173 0.000000000 0.000000000 0.000000000
131.768520601 0.003673626 0.000264441 0.000259311 0.000242792 0.000268743 0.000908918 0.000872387 0.000857036 0.000000000 0.000000000 0.000000000
132.363412341 0.003710029 0.000267462 0.000264333 0.000249356 0.000267293 0.000906497 0.000896491 0.000858598 0.000000000 0.000000000 0.000000000
132.958304082 0.003758816 0.000259725 0.000260277 0.000254902 0.000260305 0.000925359 0.000902819 0.000895430 0.000000000 0.000000000 0.000000000
133.553195823 0.003762443 0.000267518 0.000249174 0.000252697 0.000263912 0.000925503 0.000918156 0.000885483 0.000000000 0.000000000 0.000000000
134.148087564 0.003733549 0.000259317 0.000234950 0.000263243 0.000257486 0.000925222 0.000914985 0.000878346 0.000000000 0.000000000 0.000000000
134.742979305 0.003745210 0.000264958 0.000245192 0.000257557 0.000260037 0.000910594 0.000916550 0.000890323 0.000000000 0.000000000 0.000000000
135.337871046 0.003757310 0.000261319 0.000235794 0.000256165 0.000266452 0.000920098 0.000921069 0.000896413 0.000000000 0.000000000 0.000000000
135.932762787 0.003768792 0.000261824 0.000241827 0.000258982 0.000273896 0.000910507 0.000924878 0.000896878 0.000000000 0.000000000 0.000000000
136.527654528 0.003739522 0.000258196 0.000259020 0.000244984 0.000272915 0.000896583 0.000903278 0.000904545 0.000000000 0.000000000 0.000000000
137.122546268 0.003716626 0.000257260 0.000264796 0.000241197 0.000268712 0.000888311 0.000887807 0.000908543 0.000000000 0.000000000 0.000000000
137.717438009 0.003700783 0.000244231 0.000251979 0.000254114 0.000263110 0.000893640 0.000890583 0.000903125 0.000000000 0.000000000 0.000000000
138.312329750 0.003706162 0.000238823 0.000261678 0.000252320 0.000266775 0.000909810 0.000879941 0.000896816 0.000000000 0.000000000 0.000000000
138.907221491 0.003771881 0.000243428 0.000274951 0.000253985 0.000272973 0.000916754 0.000905854 0.000903935 0.000000000 0.000000000 0.000000000
139.502113232 0.003806014 0.000249692 0.000278034 0.000260093 0.000279840 0.000926366 0.000910053 0.000901937 0.000000000 0.000000000 0.000000000
140.097004973 0.003812908 0.000244714 0.000263606 0.000271931 0.000273093 0.000939848 0.000929275 0.000890441 0.000000000 0.000000000 0.000000000
140.691896714 0.003790931 0.000241137 0.000259309 0.000269765 0.000260219 0.000922724 0.000930369 0.000907409 0.000000000 0.000000000 0.000000000
141.286788454 0.003788989 0.000245297 0.000259307 0.000260543 0.000258837 0.000914967 0.000918421 0.000931618 0.000000000 0.000000000 0.000000000
141.881680195 0.003750304 0.000239821 0.000257836 0.000261564 0.000261011 0.000889550 0.000910406 0.000930115 0.000000000 0.000000000 0.000000000
142.476571936 0.003713451 0.000251259 0.000255600 0.000253153 0.000254557 0.000887674 0.000904410 0.000906798 0.000000000 0.000000000 0.000000000
143.071463677 0.003717360 0.000262843 0.000251476 0.000259002 0.000252490 0.000880983 0.000901359 0.000909207 0.000000000 0.000000000 0.000000000
143.666355418 0.003720636 0.000272989 0.000255487 0.000248342 0.000241971 0.000887788 0.000899711 0.000914348 0.000000000 0.000000000 0.000000000
144.261247159 0.003751783 0.000286047 0.000255204 0.000247427 0.000233307 0.000905481 0.000915287 0.000909030 0.000000000 0.000000000 0.000000000
144.856138900 0.003752832 0.000296639 0.000263533 0.000245659 0.000233192 0.000902932 0.000902011 0.000908866 0.000000000 0.000000000 0.000000000
145.451030640 0.003731272 0.000283535 0.000260150 0.000245785 0.000237379 0.000883734 0.000901805 0.000918883 0.000000000 0.000000000 0.000000000
146.045922381 0.003715985 0.000266601 0.000266171 0.000249473 0.000242297 0.000893510 0.000886531 0.000911402 0.000000000 0.000000000 0.000000000
146.640814122 0.003741703 0.000280649 0.000268144 0.000244185 0.000258030 0.000892082 0.000889878 0.000908733 0.000000000 0.000000000 0.000000000
147.235705863 0.003710393 0.000279738 0.000264532 0.000247028 0.000272603 0.000865466 0.000890517 0.000890510 0.000000000 0.000000000 0.000000000
147.830597604 0.003684533 0.000277014 0.000252839 0.000264733 0.000278232 0.000843493 0.000875218 0.000893003 0.000000000 0.000000000 0.000000000
148.425489345 0.003670005 0.000278749 0.000261321 0.000274308 0.000277287 0.000842169 0.000851143 0.000885028 0.000000000 0.000000000 0.000000000
149.020381086 0.003646672 0.000294339 0.000264870 0.000278710 0.000271072 0.000821910 0.000840868 0.000874901 0.000000000 0.000000000 0.000000000
149.615272826 0.003639540 0.000292772 0.000265128 0.000286864 0.000265967 0.000825831 0.000842881 0.000860096 0.000000000 0.000000000 0.000000000
150.210164567 0.003623922 0.000286148 0.000269897 0.000292368 0.000268417 0.000823848 0.000834772 0.000848472 0.000000000 0.000000000 0.000000000
150.805056308 0.003669947 0.000281282 0.000274641 0.000287100 0.000266077 0.000848210 0.000840490 0.000872147 0.000000000 0.000000000 0.000000000
151.399948049 0.003652548 0.000278784 0.000279226 0.000289954 0.000256786 0.000853918 0.000846398 0.000847482 0.000000000 0.000000000 0.000000000
151.994839790 0.003635836 0.000271900 0.000281663 0.000298950 0.000252937 0.000847810 0.000841032 0.000841545 0.000000000 0.000000000 0.000000000
152.589731531 0.003673249 0.000257746 0.000282622 0.000294071 0.000267511 0.000862459 0.000857238 0.000851603 0.000000000 0.000000000 0.000000000
153.184623272 0.003672086 0.000267137 0.000287237 0.000289543 0.000278824 0.000849248 0.000851594 0.000848503 0.000000000 0.000000000 0.000000000
153.779515012 0.003693716 0.000275146 0.000280889 0.000289196 0.000272356 0.000857451 0.000859719 0.000858960 0.000000000 0.000000000 0.000000000
154.374406753 0.003708958 0.000271690 0.000280392 0.000288237 0.000262761 0.000861377 0.000865766 0.000878735 0.000000000 0.000000000 0.000000000
154.969298494 0.003705555 0.000274113 0.000269795 0.000273461 0.000261861 0.000866019 0.000865104 0.000895203 0.000000000 0.000000000 0.000000000
155.564190235 0.003725458 0.000283010 0.000258994 0.000266484 0.000257071 0.000875306 0.000896847 0.000887744 0.000000000 0.000000000 0.000000000
156.159081976 0.003683940 0.000280410 0.000245184 0.000260997 0.000256825 0.000869752 0.000885287 0.000885485 0.000000000 0.000000000 0.000000000
156.753973717 0.003715315 0.000276411 0.000250088 0.000252224 0.000259280 0.000897555 0.000894221 0.000885536 0.000000000 0.000000000 0.000000000
157.348865458 0.003710743 0.000270357 0.000258351 0.000262151 0.000267834 0.000905992 0.000885529 0.000860530 0.000000000 0.000000000 0.000000000
157.943757198 0.003722266 0.000258602 0.000267947 0.000257897 0.000280670 0.000919285 0.000876167 0.000861697 0.000000000 0.000000000 0.000000000
158.538648939 0.003725046 0.000250341 0.000277199 0.000254642 0.000273213 0.000911709 0.000889473 0.000868470 0.000000000 0.000000000 0.000000000
159.133540680 0.003725853 0.000234785 0.000269525 0.000264077 0.000271930 0.000910184 0.000891186 0.000884167 0.000000000 0.000000000 0.000000000
159.728432421 0.003718565 0.000238361 0.000275388 0.000256980 0.000267519 0.000890614 0.000899142 0.000890560 0.000000000 0.000000000 0.000000000
160.323324162 0.003735773 0.000243219 0.000274522 0.000245267 0.000267362 0.000902192 0.000895387 0.000907824 0.000000000 0.000000000 0.000000000
160.918215903 0.003730186 0.000256912 0.000265178 0.000253459 0.000256194 0.000892930 0.000900308 0.000905206 0.000000000 0.000000000 0.000000000
161.513107644 0.003755190 0.000260960 0.000255842 0.000260501 0.000254762 0.000896522 0.000915648 0.000910955 0.000000000 0.000000000 0.000000000
162.107999385 0.003809923 0.000267685 0.000261476 0.000268200 0.000260828 0.000900485 0.000913895 0.000937353 0.000000000 0.000000000 0.000000000
162.702891125 0.003829010 0.000259335 0.000275746 0.000263957 0.000264950 0.000921222 0.000918950 0.000924849 0.000000000 0.000000000 0.000000000
163.297782866 0.003778024 0.000246485 0.000267810 0.000264968 0.000272107 0.000916702 0.000910971 0.000898981 0.000000000 0.000000000 0.000000000
163.892674607 0.003772163 0.000237559 0.000261130 0.000253958 0.000272357 0.000931896 0.000919708 0.000895556 0.000000000 0.000000000 0.000000000
164.487566348 0.003761605 0.000243877 0.000258895 0.000258108 0.000264849 0.000938425 0.000925485 0.000871966 0.000000000 0.000000000 0.000000000
165.082458089 0.003760268 0.000242431 0.000267289 0.000263881 0.000263506 0.000929546 0.000925566 0.000868049 0.000000000 0.000000000 0.000000000
165.677349830 0.003716299 0.000257900 0.000241528 0.000260189 0.000260927 0.000925549 0.000911531 0.000858675 0.000000000 0.000000000 0.000000000
166.272241571 0.003760380 0.000264448 0.000236940 0.000250929 0.000270559 0.000935732 0.000921364 0.000880408 0.000000000 0.000000000 0.000000000
166.867133311 0.003770773 0.000274899 0.000245386 0.000256151 0.000265935 0.000939094 0.000895925 0.000893384 0.000000000 0.000000000 0.000000000
167.462025052 0.003759945 0.000257247 0.000268915 0.000267268 0.000263857 0.000938783 0.000889108 0.000874767 0.000000000 0.000000000 0.000000000
168.056916793 0.003798414 0.000264388 0.000280629 0.000268186 0.000276237 0.000922820 0.000901183 0.000884971 0.000000000 0.000000000 0.000000000
168.651808534 0.003772541 0.000263974 0.000292568 0.000269011 0.000273327 0.000898110 0.000900829 0.000874723 0.000000000 0.000000000 0.000000000
169.246700275 0.003763445 0.000246252 0.000289669 0.000270574 0.000280157 0.000879544 0.000898100 0.000899149 0.000000000 0.000000000 0.000000000
169.841592016 0.003700973 0.000245296 0.000281849 0.000267855 0.000272028 0.000858313 0.000874489 0.000901144 0.000000000 0.000000000 0.000000000
170.436483757 0.003704160 0.000245505 0.000268162 0.000259454 0.000263772 0.000861255 0.000894703 0.000911308 0.000000000 0.000000000 0.000000000
171.031375497 0.003680943 0.000245908 0.000271081 0.000265275 0.000264428 0.000863228 0.000864369 0.000906654 0.000000000 0.000000000 0.000000000
171.626267238 0.003706887 0.000250493 0.000264843 0.000270709 0.000263039 0.000870872 0.000869367 0.000917563 0.000000000 0.000000000 0.000000000
172.221158979 0.003689933 0.000253897 0.000256179 0.000267106 0.000269704 0.000855546 0.000878358 0.000909143 0.000000000 0.000000000 0.000000000
172.816050720 0.003697832 0.000271923 0.000242764 0.000264185 0.000264476 0.000867480 0.000877185 0.000909820 0.000000000 0.000000000 0.000000000
173.410942461 0.003729011 0.000287904 0.000239017 0.000257894 0.000268790 0.000883247 0.000881884 0.000910275 0.000000000 0.000000000 0.000000000
174.005834202 0.003748603 0.000288884 0.000238474 0.000245013 0.000264142 0.000904652 0.000899243 0.000908193 0.000000000 0.000000000 0.000000000
174.600725943 0.003735638 0.000292729 0.000239113 0.000249418 0.000245803 0.000907454 0.000907111 0.000894010 0.000000000 0.000000000 0.000000000
175.195617683 0.003749054 0.000300339 0.000242461 0.000241484 0.000234399 0.000911627 0.000917487 0.000901258 0.000000000 0.000000000 0.000000000
175.790509424 0.003775755 0.000294740 0.000250470 0.000241867 0.000230132 0.000924624 0.000919805 0.000914118 0.000000000 0.000000000 0.000000000
176.385401165 0.003800363 0.000290814 0.000249400 0.000248138 0.000229621 0.000915284 0.000932727 0.000934378 0.000000000 0.000000000 0.000000000
176.980292906 0.003791300 0.000290619 0.000242623 0.000250638 0.000222329 0.000918442 0.000935620 0.000931029 0.000000000 0.000000000 0.000000000
177.575184647 0.003782035 0.000268963 0.000246921 0.000251851 0.000240542 0.000921492 0.000922383 0.000929882 0.000000000 0.000000000 0.000000000
178.170076388 0.003765459 0.000234434 0.000244589 0.000260369 0.000244833 0.000924173 0.000920998 0.000936063 0.000000000 0.000000000 0.000000000
178.764968129 0.003771455 0.000220425 0.000246476 0.000253828 0.000249889 0.000924509 0.000931278 0.000945050 0.000000000 0.000000000 0.000000000
179.359859869 0.003798166 0.000210988 0.000235385 0.000255627 0.000246600 0.000942349 0.000941042 0.000966174 0.000000000 0.000000000 0.000000000
179.954751610 0.003821673 0.000208750 0.000228071 0.000254760 0.000244754 0.000937278 0.000958837 0.000989223 0.000000000 0.000000000 0.000000000
180.549643351 0.003844445 0.000209275 0.000231985 0.000251725 0.000237426 0.000955172 0.000970796 0.000988066 0.000000000 0.000000000 0.000000000
181.144535092 0.003871296 0.000212598 0.000242442 0.000258820 0.000240111 0.000948438 0.000979059 0.000989829 0.000000000 0.000000000 0.000000000
181.739426833 0.003872182 0.000226950 0.000250192 0.000249899 0.000240098 0.000930752 0.000970211 0.001004079 0.000000000 0.000000000 0.000000000
182.334318574 0.003882717 0.000238857 0.000253800 0.000241959 0.000247941 0.000939896 0.000967109 0.000993155 0.000000000 0.000000000 0.000000000
182.929210315 0.003877283 0.000247732 0.000253164 0.000244980 0.000242380 0.000948032 0.000979070 0.000961925 0.000000000 0.000000000 0.000000000
183.524102055 0.003905388 0.000260263 0.000261316 0.000246813 0.000245176 0.000964347 0.000981821 0.000945652 0.000000000 0.000000000 0.000000000
184.118993796 0.003865352 0.000267186 0.000261868 0.000238629 0.000245017 0.000970673 0.000959508 0.000922471 0.000000000 0.000000000 0.000000000
184.713885537 0.003862263 0.000283358 0.000255447 0.000243326 0.000237732 0.000977226 0.000948822 0.000916354 0.000000000 0.000000000 0.000000000
185.308777278 0.003768391 0.000261023 0.000246269 0.000242277 0.000218290 0.000982893 0.000924043 0.000893597 0.000000000 0.000000000 0.000000000
185.903669019 0.003747494 0.000261807 0.000255192 0.000242815 0.000223482 0.000982684 0.000913289 0.000868227 0.000000000 0.000000000 0.000000000
186.498560760 0.003694176 0.000253861 0.000249730 0.000243483 0.000232026 0.000975735 0.000874861 0.000864480 0.000000000 0.000000000 0.000000000
187.093452501 0.003673748 0.000244726 0.000264358 0.000246606 0.000236460 0.000932725 0.000874858 0.000874015 0.000000000 0.000000000 0.000000000
187.688344242 0.003680670 0.000238295 0.000269556 0.000251776 0.000236447 0.000893055 0.000898782 0.000892759 0.000000000 0.000000000 0.000000000
188.283235982 0.003717767 0.000236816 0.000258280 0.000255990 0.000251841 0.000879549 0.000924228 0.000911064 0.000000000 0.000000000 0.000000000
188.878127723 0.003827569 0.000235308 0.000245798 0.000266175 0.000277639 0.000900190 0.000951426 0.000951033 0.000000000 0.000000000 0.000000000
189.473019464 0.003944758 0.000239186 0.000246970 0.000275150 0.000297840 0.000904282 0.000984708 0.000996622 0.000000000 0.000000000 0.000000000
190.067911205 0.004041544 0.000245931 0.000249745 0.000280340 0.000295798 0.000913375 0.001019184 0.001037171 0.000000000 0.000000000 0.000000000
190.662802946 0.004053493 0.000259584 0.000234831 0.000291685 0.000292687 0.000922884 0.001012377 0.001039445 0.000000000 0.000000000 0.000000000
191.257694687 0.004004693 0.000254710 0.000236137 0.000294339 0.000272637 0.000938007 0.000988506 0.001020357 0.000000000 0.000000000 0.000000000
191.852586428 0.003828487 0.000238358 0.000239437 0.000283630 0.000232161 0.000938702 0.000916393 0.000979807 0.000000000 0.000000000 0.000000000
192.447478168 0.003659149 0.000249511 0.000251811 0.000277530 0.000209148 0.000934777 0.000834085 0.000902289 0.000000000 0.000000000 0.000000000
193.042369909 0.003456431 0.000230141 0.000258409 0.000263680 0.000188971 0.000916623 0.000779947 0.000818660 0.000000000 0.000000000 0.000000000
193.637261650 0.003291215 0.000226906 0.000255395 0.000236259 0.000181599 0.000903140 0.000735868 0.000752047 0.000000000 0.000000000 0.000000000
194.232153391 0.003205886 0.000233467 0.000251265 0.000227433 0.000165719 0.000886672 0.000744201 0.000697129 0.000000000 0.000000000 0.000000000
194.827045132 0.003309727 0.000254722 0.000251937 0.000219546 0.000168827 0.000905390 0.000819248 0.000690058 0.000000000 0.000000000 0.000000000
195.421936873 0.003528431 0.000271310 0.000273993 0.000217524 0.000187936 0.000945259 0.000924806 0.000707603 0.000000000 0.000000000 0.000000000
196.016828614 0.003909498 0.000297094 0.000293282 0.000223020 0.000233608 0.001024946 0.001056495 0.000781054 0.000000000 0.000000000 0.000000000
196.611720354 0.004505724 0.000294469 0.000329069 0.000232635 0.000312464 0.001135005 0.001227688 0.000974395 0.000000000 0.000000000 0.000000000
197.206612095 0.005116474 0.000270771 0.000338136 0.000263587 0.000377008 0.001253570 0.001377318 0.001236084 0.000000000 0.000000000 0.000000000
197.801503836 0.005190817 0.000220037 0.000296133 0.000280462 0.000361453 0.001291941 0.001368689 0.001372103 0.000000000 0.000000000 0.000000000
198.396395577 0.004728249 0.000163544 0.000258976 0.000287330 0.000301181 0.001188392 0.001198774 0.001330051 0.000000000 0.000000000 0.000000000
198.991287318 0.003996832 0.000149534 0.000231716 0.000254177 0.000266540 0.000988508 0.000969867 0.001136489 0.000000000 0.000000000 0.000000000
199.586179059 0.003240020 0.000137153 0.000203954 0.000214653 0.000234118 0.000789823 0.000775468 0.000884851 0.000000000 0.000000000 0.000000000
200.181070800 0.002720854 0.000126166 0.000175591 0.000190630 0.000202100 0.000638123 0.000666455 0.000721788 0.000000000 0.000000000 0.000000000
200.775962540 0.002364796 0.000137893 0.000142272 0.000164548 0.000172770 0.000549955 0.000572744 0.000624615 0.000000000 0.000000000 0.000000000
201.370854281 0.002085209 0.000131127 0.000120144 0.000144080 0.000159283 0.000491616 0.000494435 0.000544524 0.000000000 0.000000000 0.000000000
201.965746022 0.001843778 0.000108093 0.000108028 0.000116901 0.000143062 0.000446526 0.000444138 0.000477031 0.000000000 0.000000000 0.000000000
202.560637763 0.001633160 0.000088755 0.000079532 0.000100332 0.000118208 0.000418998 0.000395063 0.000432273 0.000000000 0.000000000 0.000000000
203.155529504 0.006166321 0.000090087 0.000069619 0.000088830 0.000092484 0.000382391 0.000360134 0.000394939 0.000000000 0.004687838 0.000000000
203.750421245 0.009286177 0.000092026 0.000075179 0.000074013 0.000085267 0.000364556 0.000348352 0.000351480 0.000000000 0.007895305 0.000000000
204.345312986 0.010707871 0.000073587 0.000065586 0.000070406 0.000081727 0.000353802 0.000347276 0.000339812 0.000000000 0.009375675 0.000000000
204.940204726 0.009195377 0.000054556 0.000063192 0.000063473 0.000086792 0.000327115 0.000362859 0.000342084 0.000000000 0.007895305 0.000000000
205.535096467 0.009442108 0.000040552 0.000054393 0.000062881 0.000081176 0.000325319 0.000371198 0.000364555 0.000000000 0.008142034 0.000000000
206.129988208 0.008724765 0.000037127 0.000058681 0.000064725 0.000081832 0.000331044 0.000351412 0.000398096 0.000000000 0.007401849 0.000000000
206.724879949 0.007474791 0.000033204 0.000070678 0.000068705 0.000074003 0.000322127 0.000325487 0.000412379 0.000000000 0.006168207 0.000000000
207.319771690 0.007424152 0.000026472 0.000085369 0.000074987 0.000075377 0.000304417 0.000300716 0.000388607 0.000000000 0.006168207 0.000000000
207.914663431 0.011364952 0.000026677 0.000096294 0.000079888 0.000087516 0.000311115 0.000304961 0.000342643 0.000000000 0.010115860 0.000000000
208.509555172 0.009436486 0.000027478 0.000096480 0.000081843 0.000098591 0.000329790 0.000313034 0.000347236 0.000000000 0.008142034 0.000000000
209.104446912 0.008726278 0.000031859 0.000097202 0.000079554 0.000109356 0.000355663 0.000323997 0.000326799 0.000000000 0.007401849 0.000000000
209.699338653 0.008294609 0.000035444 0.000088222 0.000080468 0.000116772 0.000380283 0.000361949 0.000323078 0.000000000 0.006908392 0.000000000
210.294230394 0.011287610 0.000031662 0.000084190 0.000078646 0.000099663 0.000381449 0.000414984 0.000327883 0.000000000 0.009869132 0.000000000
210.889122135 0.006397640 0.000033812 0.000094127 0.000077385 0.000097719 0.000380533 0.000437991 0.000341508 0.000000000 0.004934566 0.000000000
211.484013876 0.008873122 0.000031977 0.000107340 0.000070225 0.000106299 0.000383495 0.000385947 0.000385991 0.000000000 0.007401849 0.000000000
212.078905617 0.006687144 0.000033202 0.000103185 0.000063875 0.000128338 0.000419013 0.000345638 0.000412599 0.000000000 0.005181294 0.000000000
212.673797358 0.008899394 0.000032918 0.000077913 0.000064237 0.000083476 0.000495902 0.000348598 0.000394501 0.000000000 0.007401849 0.000000000
213.268689099 0.008985623 0.000026401 0.000064778 0.000064810 0.000055947 0.000586051 0.000392669 0.000393118 0.000000000 0.007401849 0.000000000
213.863580839 0.010132117 0.000023128 0.000056246 0.000069429 0.000051392 0.000622445 0.000516429 0.000404286 0.000000000 0.008388762 0.000000000
214.458472580 0.009258106 0.000017731 0.000054602 0.000073693 0.000047727 0.000553324 0.000658116 0.000451065 0.000000000 0.007401849 0.000000000
215.053364321 0.008505530 0.000017697 0.000062699 0.000070914 0.000050189 0.000478972 0.000640881 0.000522514 0.000000000 0.006661664 0.000000000
215.648256062 0.008418959 0.000017829 0.000058592 0.000071309 0.000056636 0.000434089 0.000543855 0.000574986 0.000000000 0.006661664 0.000000000
216.243147803 0.007177653 0.000020373 0.000052173 0.000072545 0.000066951 0.000437454 0.000515701 0.000584433 0.000000000 0.005428022 0.000000000
216.838039544 0.005747462 0.000026209 0.000046626 0.000073995 0.000084733 0.000428000 0.000530646 0.000609601 0.000000000 0.003947653 0.000000000
217.432931285 0.011154431 0.000267406 0.000050435 0.000075013 0.000095843 0.000423176 0.000485311 0.000628300 0.000000000 0.009128947 0.000000000
218.027823025 0.009116229 0.000250261 0.000058257 0.000078642 0.000101574 0.000426146 0.000438708 0.000607522 0.000000000 0.007155120 0.000000000
218.622714766 0.006857680 0.000051528 0.000065839 0.000070588 0.000111921 0.000420602 0.000399486 0.000556421 0.000000000 0.005181294 0.000000000
219.217606507 0.008502349 0.000055865 0.000077399 0.000069309 0.000129754 0.000395645 0.000419836 0.000446148 0.000000000 0.006908392 0.000000000
219.812498248 0.007512829 0.000061481 0.000090934 0.000068580 0.000131627 0.000405800 0.000450722 0.000382206 0.000000000 0.005921479 0.000000000
220.407389989 0.007748346 0.000070610 0.000100925 0.000067806 0.000118312 0.000438258 0.000373781 0.000410445 0.000000000 0.006168207 0.000000000
221.002281730 0.010426609 0.000080405 0.000109492 0.000075661 0.000101221 0.000417147 0.000343219 0.000417246 0.000000000 0.008882219 0.000000000
221.597173471 0.009342979 0.000092786 0.000120157 0.000069989 0.000075518 0.000385541 0.000362203 0.000341479 0.000000000 0.007895305 0.000000000
222.192065211 0.008061464 0.000108239 0.000120058 0.000064285 0.000062245 0.000356250 0.000388824 0.000299898 0.000000000 0.006661664 0.000000000
222.786956952 0.007160367 0.000122550 0.000106792 0.000058270 0.000052758 0.000341010 0.000442555 0.000361681 0.000000000 0.005674751 0.000000000
223.381848693 0.009439349 0.000128870 0.000102376 0.000064264 0.000055789 0.000362661 0.000401141 0.000428944 0.000000000 0.007895305 0.000000000
223.976740434 0.007881457 0.000116001 0.000089539 0.000068536 0.000061603 0.000424735 0.000333156 0.000372951 0.000000000 0.006414936 0.000000000
224.571632175 0.005033265 0.000090510 0.000080339 0.000081079 0.000069228 0.000498132 0.000408003 0.000351780 0.000000000 0.003454196 0.000000000
225.166523916 0.009059006 0.000090123 0.000072288 0.000106559 0.000069097 0.000419783 0.000520499 0.000378809 0.000000000 0.007401849 0.000000000
225.761415657 0.010820363 0.000100575 0.000069181 0.000133187 0.000082238 0.000409825 0.000451074 0.000445335 0.000000000 0.009128947 0.000000000
226.356307397 0.008199383 0.000105774 0.000076931 0.000163758 0.000086042 0.000484847 0.000393876 0.000473219 0.000000000 0.006414936 0.000000000
226.951199138 0.009430874 0.000079735 0.000078291 0.000182791 0.000082162 0.000491053 0.000403637 0.000464629 0.000000000 0.007648577 0.000000000
227.546090879 0.007921717 0.000064509 0.000093978 0.000176634 0.000105634 0.000389969 0.000458686 0.000464100 0.000000000 0.006168207 0.000000000
228.140982620 0.008891129 0.000051300 0.000111140 0.000150610 0.000149580 0.000341699 0.000491645 0.000440035 0.000000000 0.007155120 0.000000000
228.735874361 0.007321630 0.000042137 0.000121905 0.000145131 0.000168621 0.000323910 0.000435928 0.000409248 0.000000000 0.005674751 0.000000000
229.330766102 0.007419564 0.000044264 0.000124639 0.000136015 0.000142072 0.000312852 0.000354659 0.000383584 0.000000000 0.005921479 0.000000000
229.925657843 0.010227726 0.000058336 0.000131384 0.000124099 0.000115907 0.000293751 0.000261736 0.000360295 0.000000000 0.008882219 0.000000000
230.520549583 0.006988736 0.000118541 0.000153782 0.000123366 0.000107346 0.000255568 0.000228291 0.000327090 0.000000000 0.005674751 0.000000000
231.115441324 0.008904180 0.000177056 0.000166922 0.000114892 0.000094748 0.000228493 0.000199573 0.000273918 0.000000000 0.007648577 0.000000000
231.710333065 0.010303731 0.000175494 0.000166972 0.000110485 0.000085026 0.000219267 0.000198227 0.000219315 0.000000000 0.009128947 0.000000000
232.305224806 0.011489557 0.000162618 0.000168427 0.000111774 0.000077887 0.000211236 0.000207049 0.000187978 0.000000000 0.010362588 0.000000000
232.900116547 0.008297536 0.000174212 0.000159592 0.000119161 0.000086229 0.000206106 0.000215526 0.000181589 0.000000000 0.007155120 0.000000000
233.495008288 0.007815849 0.000185947 0.000162891 0.000119736 0.000090709 0.000211168 0.000209152 0.000174584 0.000000000 0.006661664 0.000000000
234.089900029 0.010247160 0.000186961 0.000157931 0.000120270 0.000088198 0.000217069 0.000179414 0.000168370 0.000000000 0.009128947 0.000000000
234.684791769 0.010935124 0.000153661 0.000124747 0.000120066 0.000080314 0.000232279 0.000182020 0.000172905 0.000000000 0.009869132 0.000000000
235.279683510 0.007250155 0.000116149 0.000102348 0.000125026 0.000093184 0.000245622 0.000206636 0.000192983 0.000000000 0.006168207 0.000000000
235.874575251 0.006370254 0.000098605 0.000096992 0.000128512 0.000117622 0.000283137 0.000234787 0.000229306 0.000000000 0.005181294 0.000000000
236.469466992 0.008712980 0.000096410 0.000088548 0.000138326 0.000152280 0.000290461 0.000263805 0.000281299 0.000000000 0.007401849 0.000000000
237.064358733 0.006574796 0.000080380 0.000082639 0.000148455 0.000161273 0.000291915 0.000307434 0.000321405 0.000000000 0.005181294 0.000000000
237.659250474 0.007383580 0.000066521 0.000092933 0.000148025 0.000134580 0.000310990 0.000350211 0.000358842 0.000000000 0.005921479 0.000000000
238.254142215 0.007871483 0.000047715 0.000101342 0.000127731 0.000109610 0.000333334 0.000386321 0.000350493 0.000000000 0.006414936 0.000000000
238.849033956 0.006059649 0.000034755 0.000094450 0.000107112 0.000084143 0.000344126 0.000380310 0.000326915 0.000000000 0.004687838 0.000000000
239.443925696 0.006455489 0.000037224 0.000098326 0.000093034 0.000068540 0.000325674 0.000341784 0.000309611 0.000000000 0.005181294 0.000000000
240.038817437 0.006101227 0.000051700 0.000086138 0.000096606 0.000057951 0.000295567 0.000301101 0.000277597 0.000000000 0.004934566 0.000000000
240.633709178 0.009542081 0.000077011 0.000092845 0.000108885 0.000059379 0.000278065 0.000256441 0.000280693 0.000000000 0.008388762 0.000000000
241.228600919 0.005421621 0.000101106 0.000112707 0.000121488 0.000060719 0.000276456 0.000224772 0.000329993 0.000000000 0.004194381 0.000000000
241.823492660 0.006054176 0.000114512 0.000130351 0.000131488 0.000063614 0.000291816 0.000264996 0.000369563 0.000000000 0.004687838 0.000000000
242.418384401 0.007822524 0.000115762 0.000111094 0.000125090 0.000063001 0.000295170 0.000334505 0.000362966 0.000000000 0.006414936 0.000000000
243.013276142 0.008013146 0.000089699 0.000077365 0.000094253 0.000060473 0.000318699 0.000372451 0.000338542 0.000000000 0.006661664 0.000000000
243.608167882 0.007026641 0.000074232 0.000071868 0.000076779 0.000062215 0.000362849 0.000381065 0.000322883 0.000000000 0.005674751 0.000000000
244.203059623 0.005292551 0.000065446 0.000063330 0.000066262 0.000074642 0.000386013 0.000366945 0.000322259 0.000000000 0.003947653 0.000000000
244.797951364 0.005347825 0.000064583 0.000049900 0.000068194 0.000094673 0.000419338 0.000367223 0.000336262 0.000000000 0.003947653 0.000000000
245.392843105 0.007393831 0.000069781 0.000044105 0.000068411 0.000118199 0.000448524 0.000376067 0.000347265 0.000000000 0.005921479 0.000000000
245.987734846 0.004975557 0.000083903 0.000059523 0.000076837 0.000142577 0.000432355 0.000375540 0.000350627 0.000000000 0.003454196 0.000000000
246.582626587 0.007990177 0.000120323 0.000083893 0.000094663 0.000159077 0.000386464 0.000379887 0.000350934 0.000000000 0.006414936 0.000000000
247.177518328 0.006630636 0.000129913 0.000109492 0.000123072 0.000152956 0.000371059 0.000409008 0.000400570 0.000000000 0.004934566 0.000000000
247.772410068 0.009411207 0.000122150 0.000129217 0.000145158 0.000136061 0.000377659 0.000415436 0.000436947 0.000000000 0.007648577 0.000000000
248.367301809 0.005470440 0.000101719 0.000138729 0.000134915 0.000127467 0.000380098 0.000418573 0.000468014 0.000000000 0.003700924 0.000000000
248.962193550 0.008159414 0.000099678 0.000137653 0.000111642 0.000125301 0.000356685 0.000437993 0.000475526 0.000000000 0.006414936 0.000000000
249.557085291 0.004416480 0.000099979 0.000116989 0.000095060 0.000114363 0.000317672 0.000463468 0.000494938 0.000000000 0.002714011 0.000000000
250.151977032 0.007311242 0.000096236 0.000111356 0.000090489 0.000129889 0.000303213 0.000398822 0.000506489 0.000000000 0.005674751 0.000000000
250.746868773 0.008326426 0.000100461 0.000127728 0.000088671 0.000171800 0.000341523 0.000353629 0.000480951 0.000000000 0.006661664 0.000000000
251.341760514 0.008059342 0.000092211 0.000144404 0.000084649 0.000226286 0.000393370 0.000335415 0.000368070 0.000000000 0.006414936 0.000000000
251.936652254 0.008045318 0.000133034 0.000151286 0.000091082 0.000278114 0.000392308 0.000298324 0.000286235 0.000000000 0.006414936 0.000000000
252.531543995 0.006278508 0.000251763 0.000125117 0.000097736 0.000252784 0.000334721 0.000294360 0.000234190 0.000000000 0.004687838 0.000000000
253.126435736 0.006607945 0.000181491 0.000094969 0.000098158 0.000223009 0.000313455 0.000308125 0.000207444 0.000000000 0.005181294 0.000000000
253.721327477 0.008579319 0.000177274 0.000093807 0.000101266 0.000219837 0.000302283 0.000331010 0.000198721 0.000000000 0.007155120 0.000000000
254.316219218 0.006506274 0.000251928 0.000121164 0.000114261 0.000246968 0.000302090 0.000317564 0.000217733 0.000000000 0.004934566 0.000000000
254.911110959 0.005336732 0.000305558 0.000138743 0.000119684 0.000249373 0.000289718 0.000295884 0.000236846 0.000000000 0.003700924 0.000000000
255.506002700 0.007318137 0.000278632 0.000144988 0.000136412 0.000223888 0.000316034 0.000280195 0.000263237 0.000000000 0.005674751 0.000000000
256.100894440 0.007281715 0.000199209 0.000209592 0.000165140 0.000180595 0.000325227 0.000254887 0.000272314 0.000000000 0.005674751 0.000000000
256.695786181 0.007071311 0.000230820 0.000365802 0.000172412 0.000150294 0.000305885 0.000201740 0.000216336 0.000000000 0.005428022 0.000000000
257.290677922 0.006777599 0.000244245 0.000415859 0.000201930 0.000146075 0.000252668 0.000172641 0.000162887 0.000000000 0.005181294 0.000000000
257.885569663 0.007455938 0.000181281 0.000331785 0.000246042 0.000175591 0.000213219 0.000182447 0.000204093 0.000000000 0.005921479 0.000000000
258.480461404 0.007202344 0.000159480 0.000249932 0.000266916 0.000180498 0.000197491 0.000199605 0.000273673 0.000000000 0.005674751 0.000000000
259.075353145 0.005431936 0.000181014 0.000203625 0.000238842 0.000173985 0.000190269 0.000230524 0.000266025 0.000000000 0.003947653 0.000000000
259.670244886 0.007023056 0.000145542 0.000196167 0.000181250 0.000144512 0.000205033 0.000254283 0.000221518 0.000000000 0.005674751 0.000000000
260.265136627 0.008902743 0.000114515 0.000142065 0.000166922 0.000132000 0.000212437 0.000268899 0.000217328 0.000000000 0.007648577 0.000000000
260.860028367 0.005432320 0.000107983 0.000118138 0.000186569 0.000129657 0.000195776 0.000264151 0.000235666 0.000000000 0.004194381 0.000000000
261.454920108 0.007026138 0.000113084 0.000132696 0.000215909 0.000195052 0.000201602 0.000234651 0.000258393 0.000000000 0.005674751 0.000000000
262.049811849 0.008457190 0.000128122 0.000147054 0.000192677 0.000162799 0.000220830 0.000200820 0.000249768 0.000000000 0.007155120 0.000000000
262.644703590 0.008819888 0.000135799 0.000133993 0.000181284 0.000108354 0.000241918 0.000173864 0.000196100 0.000000000 0.007648577 0.000000000
263.239595331 0.007260578 0.000139415 0.000096193 0.000222705 0.000143086 0.000229796 0.000136972 0.000124204 0.000000000 0.006168207 0.000000000
263.834487072 0.008956546 0.000158672 0.000096566 0.000247530 0.000146818 0.000186423 0.000133766 0.000091466 0.000000000 0.007895305 0.000000000
264.429378813 0.008500338 0.000207782 0.000149398 0.000221142 0.000129269 0.000142236 0.000145950 0.000102713 0.000000000 0.007401849 0.000000000
265.024270553 0.005439168 0.000190307 0.000147734 0.000171815 0.000101931 0.000129740 0.000136735 0.000119796 0.000000000 0.004441109 0.000000000
265.619162294 0.009533517 0.000145474 0.000060528 0.000158797 0.000080493 0.000162251 0.000131948 0.000158535 0.000000000 0.008635490 0.000000000
266.214054035 0.005554098 0.000157518 0.000123521 0.000156674 0.000086074 0.000217192 0.000162144 0.000209868 0.000000000 0.004441109 0.000000000
266.808945776 0.007494232 0.000162718 0.000167289 0.000140975 0.000094388 0.000255880 0.000236202 0.000268572 0.000000000 0.006168207 0.000000000
267.403837517 0.006536060 0.000143499 0.000111360 0.000096729 0.000084150 0.000252719 0.000351711 0.000314599 0.000000000 0.005181294 0.000000000
267.998729258 0.008611133 0.000135614 0.000129936 0.000077219 0.000090083 0.000247340 0.000411792 0.000364029 0.000000000 0.007155120 0.000000000
268.593620999 0.009301351 0.000168775 0.000164689 0.000094798 0.000132746 0.000267395 0.000347251 0.000477119 0.000000000 0.007648577 0.000000000
269.188512739 0.006591462 0.000136833 0.000180209 0.000135928 0.000200691 0.000287426 0.000282314 0.000433495 0.000000000 0.004934566 0.000000000
269.783404480 0.009462762 0.000126691 0.000200902 0.000154655 0.000276726 0.000283288 0.000246223 0.000278972 0.000000000 0.007895305 0.000000000
270.378296221 0.008632167 0.000141242 0.000221263 0.000177759 0.000199206 0.000267886 0.000256522 0.000213169 0.000000000 0.007155120 0.000000000
270.973187962 0.009009465 0.000140771 0.000174621 0.000168765 0.000147396 0.000237371 0.000278481 0.000213485 0.000000000 0.007648577 0.000000000
271.568079703 0.006801152 0.000067283 0.000113324 0.000141864 0.000097007 0.000220204 0.000275849 0.000210871 0.000000000 0.005674751 0.000000000
272.162971444 0.008634116 0.000012580 0.000085525 0.000116020 0.000072760 0.000222078 0.000271323 0.000205253 0.000000000 0.007648577 0.000000000
272.757863185 0.008822662 0.000011804 0.000055708 0.000093430 0.000059123 0.000234272 0.000236914 0.000236105 0.000000000 0.007895305 0.000000000
273.352754925 0.010318878 0.000024347 0.000043362 0.000079437 0.000045049 0.000236973 0.000201024 0.000313011 0.000000000 0.009375675 0.000000000
273.947646666 0.008133545 0.000053398 0.000058723 0.000092395 0.000033987 0.000232101 0.000195914 0.000311907 0.000000000 0.007155120 0.000000000
274.542538407 0.007495741 0.000078484 0.000075854 0.000106213 0.000027010 0.000257077 0.000279939 0.000256229 0.000000000 0.006414936 0.000000000
275.137430148 0.010056014 0.000091019 0.000078762 0.000098113 0.000024188 0.000239593 0.000241888 0.000153504 0.000000000 0.009128947 0.000000000
275.732321889 0.009683916 0.000104804 0.000083067 0.000066791 0.000026310 0.000201264 0.000188883 0.000130577 0.000000000 0.008882219 0.000000000
276.327213630 0.010685438 0.000136293 0.000094642 0.000042080 0.000033729 0.000231347 0.000153780 0.000124436 0.000000000 0.009869132 0.000000000
276.922105371 0.010754465 0.000152704 0.000088931 0.000028200 0.000051980 0.000273415 0.000164038 0.000126064 0.000000000 0.009869132 0.000000000
277.516997111 0.008741635 0.000114397 0.000062748 0.000035007 0.000064746 0.000223197 0.000214932 0.000131304 0.000000000 0.007895305 0.000000000
278.111888852 0.008127737 0.000067540 0.000044751 0.000072443 0.000046774 0.000142026 0.000174726 0.000177627 0.000000000 0.007401849 0.000000000
278.706780593 0.008510032 0.000051788 0.000031629 0.000068233 0.000044349 0.000112520 0.000128297 0.000177910 0.000000000 0.007895305 0.000000000
279.301672334 0.007960150 0.000030534 0.000031473 0.000030022 0.000080930 0.000098895 0.000124556 0.000161891 0.000000000 0.007401849 0.000000000
279.896564075 0.011651212 0.000017391 0.000037690 0.000039040 0.000100788 0.000091307 0.000118835 0.000143388 0.000000000 0.011102773 0.000000000
280.491455816 0.008231096 0.000019335 0.000053106 0.000063471 0.000086505 0.000096921 0.000122831 0.000140350 0.000000000 0.007648577 0.000000000
281.086347557 0.010546876 0.000014327 0.000112948 0.000064038 0.000074191 0.000105789 0.000148923 0.000157529 0.000000000 0.009869132 0.000000000
281.681239297 0.010120511 0.000008355 0.000108882 0.000061143 0.000085659 0.000123393 0.000174092 0.000183312 0.000000000 0.009375675 0.000000000
282.276131038 0.011845240 0.000001430 0.000043865 0.000052220 0.000160654 0.000151626 0.000158243 0.000174429 0.000000000 0.011102773 0.000000000
282.871022779 0.009066978 0.000000000 0.000003289 0.000035827 0.000070683 0.000143945 0.000081931 0.000095812 0.000000000 0.008635490 0.000000000
283.465914520 0.009965135 0.000000000 0.000000000 0.000012875 0.000000433 0.000060793 0.000006221 0.000015682 0.000000000 0.009869132 0.000000000
284.060806261 0.008396952 0.000000000 0.000000000 0.000001250 0.000000000 0.000006787 0.000000016 0.000000138 0.000000000 0.008388762 0.000000000
284.655698002 0.010116069 0.000000000 0.000000000 0.000000061 0.000000000 0.000000148 0.000000000 0.000000000 0.000000000 0.010115860 0.000000000
285.250589743 0.000493457 0.000000000 0.000000000 0.000000000 0.000000000 0.000000000 0.000000000 0.000000000 0.000000000 0.000493457 0.000000000
285.845481484 0.000000000 0.000000000 0.000000000 0.000000000 0.000000000 0.000000000 0.000000000 0.000000000 0.000000000 0.000000000 0.000000000
286.440373224 0.000000000 0.000000000 0.000000000 0.000000000 0.000000000 0.000000000 0.000000000 0.000000000 0.000000000 0.000000000 0.000000000
287.035264965 0.000000000 0.000000000 0.000000000 0.000000000 0.000000000 0.000000000 0.000000000 0.000000000 0.000000000 0.000000000 0.000000000
287.630156706 0.000000000 0.000000000 0.000000000 0.000000000 0.000000000 0.000000000 0.000000000 0.000000000 0.000000000 0.000000000 0.000000000
288.225048447 0.000000000 0.000000000 0.000000000 0.000000000 0.000000000 0.000000000 0.000000000 0.000000000 0.000000000 0.000000000 0.000000000
288.819940188 0.049345658 0.000000000 0.000000000 0.000000000 0.000000000 0.000000000 0.000000000 0.000000000 0.000000000 0.000000000 0.049345658
289.414831929 0.000000000 0.000000000 0.000000000 0.000000000 0.000000000 0.000000000 0.000000000 0.000000000 0.000000000 0.000000000 0.000000000
290.009723670 0.000000000 0.000000000 0.000000000 0.000000000 0.000000000 0.000000000 0.000000000 0.000000000 0.000000000 0.000000000 0.000000000
290.604615410 0.000000000 0.000000000 0.000000000 0.000000000 0.000000000 0.000000000 0.000000000 0.000000000 0.000000000 0.000000000 0.000000000
291.199507151 0.000000000 0.000000000 0.000000000 0.000000000 0.000000000 0.000000000 0.000000000 0.000000000 0.000000000 0.000000000 0.000000000
291.794398892 0.000000000 0.000000000 0.000000000 0.000000000 0.000000000 0.000000000 0.000000000 0.000000000 0.000000000 0.000000000 0.000000000
292.389290633 0.000000000 0.000000000 0.000000000 0.000000000 0.000000000 0.000000000 0.000000000 0.000000000 0.000000000 0.000000000 0.000000000
292.984182374 0.000000000 0.000000000 0.000000000 0.000000000 0.000000000 0.000000000 0.000000000 0.000000000 0.000000000 0.000000000 0.000000000
293.579074115 0.000000000 0.000000000 0.000000000 0.000000000 0.000000000 0.000000000 0.000000000 0.000000000 0.000000000 0.000000000 0.000000000
294.173965856 0.000000000 0.000000000 0.000000000 0.000000000 0.000000000 0.000000000 0.000000000 0.000000000 0.000000000 0.000000000 0.000000000
294.768857596 0.000000000 0.000000000 0.000000000 0.000000000 0.000000000 0.000000000 0.000000000 0.000000000 0.000000000 0.000000000 0.000000000
295.363749337 0.000000000 0.000000000 0.000000000 0.000000000 0.000000000 0.000000000 0.000000000 0.000000000 0.000000000 0.000000000 0.000000000
295.958641078 0.000000000 0.000000000 0.000000000 0.000000000 0.000000000 0.000000000 0.000000000 0.000000000 0.000000000 0.000000000 0.000000000
296.553532819 0.000000000 0.000000000 0.000000000 0.000000000 0.000000000 0.000000000 0.000000000 0.000000000 0.000000000 0.000000000 0.000000000
297.148424560 0.000000000 0.000000000 0.000000000 0.000000000 0.000000000 0.000000000 0.000000000 0.000000000 0.000000000 0.000000000 0.000000000
