# Madelung potential profile
# The last     3 ion types are fixed
# Average over         10 steps
# z (au)              total           A               Im1             Im2             Im3             C1              C2              P         
    0.3521709405   -0.0017857835    0.0000000000    0.0000000000    0.0000000000    0.0000000000    0.0000000000    0.0000000000   -0.0017857835
    1.0565128214    0.0000000000    0.0000000000    0.0000000000    0.0000000000    0.0000000000    0.0000000000    0.0000000000    0.0000000000
    1.7608547023    0.0000000000    0.0000000000    0.0000000000    0.0000000000    0.0000000000    0.0000000000    0.0000000000    0.0000000000
    2.4651965832    0.0000000000    0.0000000000    0.0000000000    0.0000000000    0.0000000000    0.0000000000    0.0000000000    0.0000000000
    3.1695384641    0.0000000000    0.0000000000    0.0000000000    0.0000000000    0.0000000000    0.0000000000    0.0000000000    0.0000000000
    3.8738803450   -0.0000000132    0.0000000000    0.0000000000    0.0000000000    0.0000000000   -0.0000000132    0.0000000000    0.0000000000
    4.5782222259    0.0000000001    0.0000000000    0.0000000000    0.0000000000    0.0000000000    0.0000000001    0.0000000000    0.0000000000
    5.2825641069   -0.0000000020    0.0000000000    0.0000000000    0.0000000000    0.0000000000   -0.0000000020    0.0000000000    0.0000000000
    5.9869059878   -0.0045463840    0.0000000000    0.0000000000   -0.1136597605    0.0000000000    0.0000000067    0.0000000000    0.0000000000
    6.6912478687    0.0025316350    0.1019878586    0.0000000000    0.0000000000    0.0000000000    0.0000000220    0.0000000000    0.0000000000
    7.3955897496   -0.0134588087    0.1021344469   -0.1059046234   -0.1391533034   -0.0938310324   -0.0000000001    0.0000000000    0.0000000000
    8.0999316305   -0.0052635801    0.0946298777   -0.1275948112    0.0000000000   -0.0933612639    0.0000000131    0.0000000000    0.0000000000
    8.8042735114   -0.0109843494    0.0000000000    0.0000000000   -0.1262655248   -0.0933852549    0.0000000109    0.0000000000    0.0000000000
    9.5086153923   -0.0026052524    0.1133775050   -0.1078687607   -0.1254166496   -0.0927681567    0.0000000250    0.0000000000    0.0000000000
   10.2129572732   -0.0033381344    0.1184970165   -0.1213585267   -0.1206499850    0.0000000000    0.0000000154    0.0000000000    0.0000000000
   10.9172991542   -0.0030648979    0.0000000000   -0.1331035038    0.0000000000    0.0000000000   -0.0000000150    0.0000000000    0.0000000000
   11.6216410351   -0.0086249537    0.0000000000   -0.1326403590    0.0000000000   -0.1025133796   -0.0000000143    0.0000000000    0.0000000000
   12.3259829160    0.0003421376    0.1187268696   -0.1139123587   -0.1054077820    0.0000000000   -0.0000000062    0.0000000000    0.0000000000
   13.0303247969    0.0007122027    0.1130187630    0.0000000000   -0.1282480166    0.0000000000   -0.0000000015    0.0000000000    0.0000000000
   13.7346666778   -0.0070948554    0.0000000000   -0.1220880029   -0.1263482461    0.0000000000    0.0000000080    0.0000000000    0.0000000000
   14.4390085587   -0.0077012792    0.1228375693   -0.1159123328   -0.1272164700   -0.0809261527   -0.0000000193    0.0000000000    0.0000000000
   15.1433504396    0.0037639554    0.1253921849    0.0000000000   -0.1286923945   -0.0828792960   -0.0000000288    0.0000000000    0.0000000000
   15.8476923206   -0.0098350319    0.0000000000   -0.1196750522   -0.1147111342    0.0000000000    0.0000000028    0.0000000000    0.0000000000
   16.5520342015   -0.0008193407    0.1162499548   -0.1346976185   -0.1125676620    0.0000000000   -0.0000000074    0.0000000000    0.0000000000
   17.2563760824   -0.0027966543    0.1215928474    0.0000000000   -0.1232954505    0.0000000000   -0.0000000108    0.0000000000    0.0000000000
   17.9607179633   -0.0091596642    0.0000000000    0.0000000000   -0.1150443838   -0.0818879102   -0.0000000250    0.0000000000    0.0000000000
   18.6650598442   -0.0091582342    0.0000000000   -0.1250218963   -0.1215262876   -0.1014635501   -0.0000000333    0.0000000000    0.0000000000
   19.3694017251   -0.0049671715    0.1205774513    0.0000000000   -0.1069719162   -0.0919050513   -0.0000000480    0.0000000000    0.0000000000
   20.0737436060   -0.0029471116    0.1096408450   -0.1269858555   -0.1080053522   -0.0947519880   -0.0000000174    0.0000000000    0.0000000000
   20.7780854869   -0.0049412973    0.0000000000    0.0000000000    0.0000000000   -0.1032962559   -0.0000000195    0.0000000000    0.0000000000
   21.4824273679   -0.0035070265    0.0000000000    0.0000000000   -0.0968879014   -0.0950560016   -0.0000000090    0.0000000000    0.0000000000
   22.1867692488   -0.0098297582    0.0000000000   -0.1119497619    0.0000000000    0.0000000000   -0.0000000252    0.0000000000    0.0000000000
   22.8911111297   -0.0029161515    0.1149226965   -0.1177151581   -0.1044592573    0.0000000000   -0.0000000332    0.0000000000    0.0000000000
   23.5954530106   -0.0002153892    0.1219884235    0.0000000000   -0.1282337362    0.0000000000   -0.0000000361    0.0000000000    0.0000000000
   24.2997948915    0.0002501799    0.1221171349   -0.1121101989    0.0000000000    0.0000000000    0.0000000068    0.0000000000    0.0000000000
   25.0041367724   -0.0046071150    0.1228612509    0.0000000000   -0.1257562680   -0.1038401701   -0.0000000225    0.0000000000    0.0000000000
   25.7084786533   -0.0046943588    0.0986471721    0.0000000000   -0.1207416036   -0.0858619405    0.0000000088    0.0000000000    0.0000000000
   26.4128205343   -0.0097745691    0.1275966474   -0.1142937206    0.0000000000   -0.0934056344   -0.0000000151    0.0000000000    0.0000000000
   27.1171624152   -0.0000000199    0.0000000000    0.0000000000    0.0000000000    0.0000000000   -0.0000000199    0.0000000000    0.0000000000
   27.8215042961   -0.0106489463    0.0000000000   -0.1125062832   -0.1218616826   -0.0851006497    0.0000000083    0.0000000000    0.0000000000
   28.5258461770    0.0001011591    0.1101129546    0.0000000000   -0.1069770296    0.0000000000    0.0000000002    0.0000000000    0.0000000000
   29.2301880579   -0.0076438963    0.1395244280   -0.1320213009   -0.1162428863   -0.0960612286    0.0000000062    0.0000000000    0.0000000000
   29.9345299388   -0.0094463157    0.0000000000    0.0000000000   -0.1180793717    0.0000000000    0.0000000370    0.0000000000    0.0000000000
   30.6388718197    0.0023215757    0.1087853171   -0.1270294847    0.0000000000    0.0000000000    0.0000000085    0.0000000000    0.0000000000
   31.3432137006   -0.0032440559    0.1196592045   -0.1169488512    0.0000000000   -0.1000321164    0.0000000032    0.0000000000    0.0000000000
   32.0475555816   -0.0042709887    0.0000000000   -0.1153178073    0.0000000000    0.0000000000    0.0000000428    0.0000000000    0.0000000000
   32.7518974625   -0.0044409103    0.1252973755    0.0000000000    0.0000000000   -0.0809349165   -0.0000000114    0.0000000000    0.0000000000
   33.4562393434   -0.0044146400    0.1246103655    0.0000000000   -0.1065711101   -0.0952570425    0.0000000266    0.0000000000    0.0000000000
   34.1605812243   -0.0075559093    0.0000000000   -0.1171167147    0.0000000000    0.0000000000    0.0000000083    0.0000000000    0.0000000000
   34.8649231052    0.0011675000    0.1313291297    0.0000000000   -0.1269749343    0.0000000000    0.0000000024    0.0000000000    0.0000000000
   35.5692649861   -0.0014597878    0.1131218549   -0.0986695183   -0.1027680356   -0.0875775987    0.0000000149    0.0000000000    0.0000000000
   36.2736068670   -0.0008595565    0.1097726542   -0.1163053783    0.0000000000    0.0000000000    0.0000000489    0.0000000000    0.0000000000
   36.9779487480   -0.0065674245    0.1325821437   -0.1079897944   -0.0979524187    0.0000000000    0.0000000139    0.0000000000    0.0000000000
   37.6822906289   -0.0029705761    0.0000000000   -0.1188232245    0.0000000000    0.0000000000    0.0000000046    0.0000000000    0.0000000000
   38.3866325098   -0.0090389622    0.1157002804   -0.1222462512   -0.1381721699   -0.0903426701    0.0000000271    0.0000000000    0.0000000000
   39.0909743907    0.0000000155    0.0000000000    0.0000000000    0.0000000000    0.0000000000    0.0000000155    0.0000000000    0.0000000000
   39.7953162716   -0.0021628592    0.0000000000    0.0000000000   -0.0973284543    0.0000000000   -0.0000000048    0.0000000000    0.0000000000
   40.4996581525   -0.0023006638    0.1185907731   -0.1034555385   -0.1051570684    0.0000000000    0.0000000033    0.0000000000    0.0000000000
   41.2040000334   -0.0018170473    0.1385574178   -0.1216578060   -0.0976041801    0.0000000000   -0.0000000028    0.0000000000    0.0000000000
   41.9083419143    0.0013392763    0.1278930509    0.0000000000    0.0000000000   -0.0823576024   -0.0000000017    0.0000000000    0.0000000000
   42.6126837953   -0.0033690604    0.1195092559    0.0000000000   -0.1203976048    0.0000000000   -0.0000000067    0.0000000000    0.0000000000
   43.3170256762   -0.0048034387    0.1325376666   -0.1182641643    0.0000000000   -0.0891175162   -0.0000000049    0.0000000000    0.0000000000
   44.0213675571    0.0010897781    0.1082152149    0.0000000000   -0.1084587216    0.0000000000   -0.0000000263    0.0000000000    0.0000000000
   44.7257094380   -0.0113982297    0.0000000000   -0.1015518013   -0.1084744124   -0.0836806373   -0.0000000159    0.0000000000    0.0000000000
   45.4300513189   -0.0021882104    0.0000000000    0.0000000000   -0.1115972789    0.0000000000   -0.0000000290    0.0000000000    0.0000000000
   46.1343931998   -0.0031651149    0.0994983337    0.0000000000    0.0000000000   -0.1003905662   -0.0000000303    0.0000000000    0.0000000000
   46.8387350807   -0.0025082811    0.0000000000    0.0000000000    0.0000000000   -0.0802644153   -0.0000000187    0.0000000000    0.0000000000
   47.5430769617   -0.0031573489    0.0000000000    0.0000000000    0.0000000000   -0.1010356720    0.0000000164    0.0000000000    0.0000000000
   48.2474188426    0.0000000029    0.0000000000    0.0000000000    0.0000000000    0.0000000000    0.0000000029    0.0000000000    0.0000000000
   48.9517607235   -0.0116072452    0.1136165196   -0.1134755744   -0.1105895076   -0.0825932275   -0.0000000098    0.0000000000    0.0000000000
   49.6561026044   -0.0148273208    0.0000000000   -0.1079837852   -0.1091885941   -0.0777036091   -0.0000000112    0.0000000000    0.0000000000
   50.3604444853   -0.0039248436    0.0000000000    0.0000000000    0.0000000000   -0.0745722334    0.0000000114    0.0000000000    0.0000000000
   51.0647863662   -0.0037120912    0.0000000000    0.0000000000    0.0000000000   -0.1076510647    0.0000000150    0.0000000000    0.0000000000
   51.7691282471    0.0009784723    0.1141954838    0.0000000000    0.0000000000   -0.0760359309    0.0000000235    0.0000000000    0.0000000000
   52.4734701280    0.0060327561    0.1193333232   -0.1287559058    0.0000000000    0.0000000000    0.0000000197    0.0000000000    0.0000000000
   53.1778120090   -0.0033471857    0.1037269838   -0.1056590490   -0.1118718065    0.0000000000   -0.0000000143    0.0000000000    0.0000000000
   53.8821538899   -0.0076095220    0.1059839281    0.0000000000    0.0000000000   -0.0896835598    0.0000000082    0.0000000000    0.0000000000
   54.5864957708    0.0005044229    0.1084825028   -0.0990451874    0.0000000000   -0.0874227604    0.0000000127    0.0000000000    0.0000000000
   55.2908376517   -0.0104650051    0.0000000000    0.0000000000   -0.1046501301    0.0000000000    0.0000000088    0.0000000000    0.0000000000
   55.9951795326   -0.0053109522    0.0000000000    0.0000000000    0.0000000000   -0.1002452051    0.0000000549    0.0000000000    0.0000000000
   56.6995214135    0.0022664353    0.1271402257    0.0000000000    0.0000000000   -0.0937043717   -0.0000000046    0.0000000000    0.0000000000
   57.4038632944   -0.0056823806    0.1208840579    0.0000000000   -0.1000269891   -0.1140301951   -0.0000000275    0.0000000000    0.0000000000
   58.1082051754    0.0042261715    0.1168558660   -0.1196063805    0.0000000000    0.0000000000    0.0000000533    0.0000000000    0.0000000000
   58.8125470563   -0.0117472243    0.1050087929   -0.1207518784   -0.1197086503    0.0000000000    0.0000000403    0.0000000000    0.0000000000
   59.5168889372   -0.0108568941    0.0000000000   -0.1066699817   -0.1157752162    0.0000000000    0.0000000429    0.0000000000    0.0000000000
   60.2212308181   -0.0114637400    0.1356388834   -0.1109653535   -0.1254378777   -0.0892075960    0.0000000118    0.0000000000    0.0000000000
   60.9255726990   -0.0075842188    0.0000000000    0.0000000000   -0.1125069113   -0.1226057467    0.0000000646    0.0000000000    0.0000000000
   61.6299145799   -0.0131924542    0.0898277037   -0.1308038986   -0.1224106732   -0.0862574804    0.0000000298    0.0000000000    0.0000000000
   62.3342564608   -0.0064015968    0.1326527636   -0.1255971017   -0.1306048594   -0.0941072740    0.0000000727    0.0000000000    0.0000000000
   63.0385983417   -0.0099901781    0.0000000000    0.0000000000   -0.1370674513   -0.1026972943    0.0000000214    0.0000000000    0.0000000000
   63.7429402227    0.0091419276    0.1101886074    0.0000000000    0.0000000000   -0.0837345228    0.0000000324    0.0000000000    0.0000000000
   64.4472821036   -0.0039845075    0.1270177397   -0.1283097696   -0.1328907907    0.0000000000    0.0000000550    0.0000000000    0.0000000000
   65.1516239845   -0.0075001985    0.1198296176   -0.1188252031   -0.1415151512    0.0000000000    0.0000000124    0.0000000000    0.0000000000
   65.8559658654   -0.0005479350    0.1190553973    0.0000000000   -0.1058353926   -0.1173965504    0.0000000287    0.0000000000    0.0000000000
   66.5603077463   -0.0155174782    0.0000000000   -0.1141562456   -0.1300970125    0.0000000000    0.0000000071    0.0000000000    0.0000000000
   67.2646496272   -0.0101319526    0.1097266888   -0.1078979701   -0.1492403818   -0.1015815363    0.0000000645    0.0000000000    0.0000000000
   67.9689915081    0.0033783774    0.1081688153    0.0000000000   -0.1177509635    0.0000000000    0.0000000212    0.0000000000    0.0000000000
   68.6733333891   -0.0042724548    0.0931811009   -0.1072786153   -0.1181723208   -0.0946739279    0.0000000122    0.0000000000    0.0000000000
   69.3776752700   -0.0112639690    0.0000000000   -0.1169353479   -0.1040483319    0.0000000000   -0.0000000015    0.0000000000    0.0000000000
   70.0820171509   -0.0119751247    0.1040600811   -0.1013563716   -0.1076231906   -0.0869880996   -0.0000000100    0.0000000000    0.0000000000
   70.7863590318   -0.0063379458    0.0000000000    0.0000000000   -0.1030687232   -0.0997471584    0.0000000538    0.0000000000    0.0000000000
   71.4907009127   -0.0082539414    0.0000000000   -0.1155561231    0.0000000000    0.0000000000    0.0000000725    0.0000000000    0.0000000000
   72.1950427936   -0.0021597356    0.0000000000    0.0000000000    0.0000000000   -0.0820701872    0.0000000063    0.0000000000    0.0000000000
   72.8993846745    0.0045568971    0.1133930584    0.0000000000    0.0000000000   -0.1032201017   -0.0000000088    0.0000000000    0.0000000000
   73.6037265554   -0.0038530986    0.0000000000   -0.1117383066    0.0000000000    0.0000000000   -0.0000000555    0.0000000000    0.0000000000
   74.3080684364   -0.0059340356    0.1029263613   -0.1479964243   -0.1154085869   -0.1048216649   -0.0000000578    0.0000000000    0.0000000000
   75.0124103173   -0.0027450386    0.1080893901   -0.0960714883   -0.1143777422   -0.0839703597   -0.0000000109    0.0000000000    0.0000000000
   75.7167521982   -0.0063721610    0.1230233843   -0.1405980200   -0.1183514779   -0.0899017068   -0.0000000214    0.0000000000    0.0000000000
   76.4210940791   -0.0083542063    0.0000000000    0.0000000000   -0.1129212073   -0.0855605569   -0.0000000224    0.0000000000    0.0000000000
   77.1254359600   -0.0031847868    0.0000000000    0.0000000000   -0.1146508286    0.0000000000   -0.0000000428    0.0000000000    0.0000000000
   77.8297778409   -0.0025556710    0.1340672550   -0.1047971012    0.0000000000   -0.1136058065   -0.0000000497    0.0000000000    0.0000000000
   78.5341197218   -0.0073265704    0.0000000000    0.0000000000   -0.1218520990    0.0000000000   -0.0000000214    0.0000000000    0.0000000000
   79.2384616028   -0.0154323709    0.0000000000   -0.1371366171   -0.1294529864   -0.0975612207   -0.0000000089    0.0000000000    0.0000000000
   79.9428034837    0.0037309628    0.1023195090    0.0000000000    0.0000000000   -0.0927098253   -0.0000000114    0.0000000000    0.0000000000
   80.6471453646    0.0070759675    0.1139495029    0.0000000000   -0.1090601099   -0.1076967565   -0.0000000757    0.0000000000    0.0000000000
   81.3514872455   -0.0163640726    0.0000000000   -0.1184435138   -0.1344365534   -0.1194519873   -0.0000000500    0.0000000000    0.0000000000
   82.0558291264    0.0073316529    0.1099761848    0.0000000000    0.0000000000    0.0000000000   -0.0000000994    0.0000000000    0.0000000000
   82.7601710073   -0.0195275196    0.0000000000   -0.1288597549   -0.1155790725   -0.0991280127   -0.0000000677    0.0000000000    0.0000000000
   83.4645128882   -0.0093350950    0.0000000000   -0.1356119041   -0.1387003216   -0.0988340913   -0.0000000666    0.0000000000    0.0000000000
   84.1688547691   -0.0031513683    0.1162208519    0.0000000000   -0.0935572844   -0.0988487836   -0.0000000831    0.0000000000    0.0000000000
   84.8731966501   -0.0158999782    0.1058346058   -0.1309178231   -0.1276704806   -0.1007881237   -0.0000000855    0.0000000000    0.0000000000
   85.5775385310    0.0012193094    0.1286891574   -0.1332849353    0.0000000000   -0.1084863003   -0.0000000772    0.0000000000    0.0000000000
   86.2818804119   -0.0319264113    0.1020747340   -0.1314099915   -0.1463712703   -0.1031315005   -0.0000001145    0.0000000000    0.0000000000
   86.9862222928   -0.1208331219    0.0000000000    0.0000000000   -0.1208384758   -0.1208277679    0.0000000000    0.0000000000    0.0000000000
   87.6905641737   -0.0370155010    0.1129714453   -0.1281698893   -0.1222595603   -0.0978181686    0.0000000000    0.0000000000    0.0000000000
   88.3949060546   -0.1180775495    0.0000000000    0.0000000000   -0.1241437283   -0.1059451918    0.0000000000    0.0000000000    0.0000000000
   89.0992479355   -0.0186422694    0.0923600012   -0.1296445400    0.0000000000    0.0000000000    0.0000000000    0.0000000000    0.0000000000
   89.8035898165   -0.1212625609    0.0000000000   -0.1279459364   -0.1309559299   -0.1012403388    0.0000000000    0.0000000000    0.0000000000
   90.5079316974   -0.0743880867    0.1009225979   -0.1322132648   -0.1421548047   -0.1010116435    0.0000000000    0.0000000000    0.0000000000
   91.2122735783   -0.0205091102    0.1056059801   -0.1271659572   -0.1294888445   -0.0967317040    0.0000000000    0.0000000000    0.0000000000
   91.9166154592    0.0373811533    0.1177360986    0.0000000000   -0.1472316892   -0.1094701534    0.0000000000    0.0000000000    0.0000000000
   92.6209573401   -0.0508241875    0.1116698656   -0.1395002467   -0.1102665442   -0.1081599325    0.0000000000    0.0000000000    0.0000000000
   93.3252992210   -0.0569575892    0.1097729045   -0.1544629814   -0.1293794178   -0.1037645717    0.0000000000    0.0000000000    0.0000000000
   94.0296411019   -0.0905809836    0.0984643986   -0.1346243902   -0.1523836024   -0.1110297344    0.0000000000    0.0000000000    0.0000000000
   94.7339829828   -0.0367716898    0.1184998149   -0.1274526611   -0.1379186918    0.0000000000    0.0000000000    0.0000000000    0.0000000000
   95.4383248638   -0.0594807487    0.1190628766   -0.1416601776    0.0000000000   -0.1152668485    0.0000000000    0.0000000000    0.0000000000
   96.1426667447   -0.0669374962    0.1026634149   -0.1190223635   -0.1412554130   -0.1101356231    0.0000000000    0.0000000000    0.0000000000
   96.8470086256   -0.1405319465    0.0000000000   -0.1395638436   -0.1421454513    0.0000000000    0.0000000000    0.0000000000    0.0000000000
   97.5513505065    0.0061814680    0.1309425433   -0.1383397270    0.0000000000   -0.1053359492    0.0000000000    0.0000000000    0.0000000000
   98.2556923874   -0.0827861062    0.1239050322   -0.1170532597   -0.1198971733   -0.1116382588    0.0000000000    0.0000000000    0.0000000000
   98.9600342683   -0.0880744533    0.1164056991   -0.1233594013   -0.1219406463   -0.0872971956    0.0000000000    0.0000000000    0.0000000000
   99.6643761492   -0.0731848931    0.1273393037   -0.1317935013    0.0000000000   -0.0855340794    0.0000000000    0.0000000000    0.0000000000
  100.3687180302   -0.0407010274    0.1164371862   -0.1407417044   -0.1356691556   -0.1011802633    0.0000000000    0.0000000000    0.0000000000
  101.0730599111   -0.0812026526    0.1069281595    0.0000000000   -0.1222157983   -0.1052808819    0.0000000000    0.0000000000    0.0000000000
  101.7774017920   -0.0571249080    0.1119183644   -0.1355670693   -0.1221557214   -0.1216768510    0.0000000000    0.0000000000    0.0000000000
  102.4817436729   -0.0451481637    0.1129553328   -0.1144962122   -0.1186367507   -0.0851257812    0.0000000000    0.0000000000    0.0000000000
  103.1860855538   -0.0135634656    0.1167227667   -0.1147023999   -0.1310635533   -0.0960526632    0.0000000000    0.0000000000    0.0000000000
  103.8904274347   -0.0715508286    0.1196559497   -0.1166507922   -0.1324492025   -0.1058507254    0.0000000000    0.0000000000    0.0000000000
  104.5947693156   -0.0541744515    0.1104206593   -0.1079485380   -0.1082485460   -0.1046691368    0.0000000000    0.0000000000    0.0000000000
  105.2991111965   -0.0534181269    0.1218942149   -0.1187125357   -0.1181584156    0.0000000000    0.0000000000    0.0000000000    0.0000000000
  106.0034530775   -0.0672356147    0.1114755047   -0.1187445083   -0.1131627990   -0.0902850407    0.0000000000    0.0000000000    0.0000000000
  106.7077949584   -0.0391267572    0.1317991827   -0.1286172818   -0.1205621724    0.0000000000    0.0000000000    0.0000000000    0.0000000000
  107.4121368393   -0.1082540659    0.0000000000    0.0000000000   -0.1098856920   -0.1066224398    0.0000000000    0.0000000000    0.0000000000
  108.1164787202   -0.0535992554    0.1335418760   -0.1377805162   -0.1293681969   -0.0997869618    0.0000000000    0.0000000000    0.0000000000
  108.8208206011   -0.0870894399    0.1267223176   -0.1332807644   -0.1241610361   -0.0889053371    0.0000000000    0.0000000000    0.0000000000
  109.5251624820   -0.0804916645    0.1052548522   -0.1173872802   -0.1072503834   -0.0986052936    0.0000000000    0.0000000000    0.0000000000
  110.2295043629   -0.0623428869    0.1192589042   -0.1133018134   -0.1165351784   -0.1005681734    0.0000000000    0.0000000000    0.0000000000
  110.9338462439   -0.0353262691    0.1260652780   -0.1218213127   -0.1174015053   -0.0964663383    0.0000000000    0.0000000000    0.0000000000
  111.6381881248   -0.0459199077    0.1232607187   -0.1260161113   -0.1298312353   -0.1113021743    0.0000000000    0.0000000000    0.0000000000
  112.3425300057   -0.0662147966    0.1163634105   -0.1186194391   -0.1167329856   -0.0981509054    0.0000000000    0.0000000000    0.0000000000
  113.0468718866   -0.0831585596    0.1280602572   -0.1276873838   -0.1166557789   -0.0897497300    0.0000000000    0.0000000000    0.0000000000
  113.7512137675    0.0011956485    0.1321522203   -0.1355364841   -0.1213049346    0.0000000000    0.0000000000    0.0000000000    0.0000000000
  114.4555556484   -0.0812444847    0.1250560891   -0.1243342421   -0.1159898185   -0.0986531860    0.0000000000    0.0000000000    0.0000000000
  115.1598975293   -0.0383991380    0.1214786860   -0.1330979745   -0.1251466303   -0.1087923245    0.0000000000    0.0000000000    0.0000000000
  115.8642394103   -0.0739144247    0.1098417888   -0.1339374199   -0.1310154054   -0.1000956260    0.0000000000    0.0000000000    0.0000000000
  116.5685812912   -0.0003002519    0.1251268900   -0.1228344291   -0.1159882332   -0.0995315226    0.0000000000    0.0000000000    0.0000000000
  117.2729231721   -0.0037651463    0.1195356424    0.0000000000   -0.1383165000   -0.0985109379    0.0000000000    0.0000000000    0.0000000000
  117.9772650530   -0.0601585713    0.1329878881   -0.1311120256   -0.1340892248   -0.0924507888    0.0000000000    0.0000000000    0.0000000000
  118.6816069339   -0.0473083096    0.1237972817   -0.1022666151    0.0000000000   -0.0856803266    0.0000000000    0.0000000000    0.0000000000
  119.3859488148   -0.0073140412    0.1286603974    0.0000000000   -0.1160935921    0.0000000000    0.0000000000    0.0000000000    0.0000000000
  120.0902906957   -0.0660211185    0.1182145375   -0.1131356908   -0.1062807794   -0.0872345746    0.0000000000    0.0000000000    0.0000000000
  120.7946325766   -0.1109515052    0.0000000000   -0.1162826189   -0.1192294938   -0.0919170005    0.0000000000    0.0000000000    0.0000000000
  121.4989744576   -0.0596784982    0.1222897200   -0.1171033682    0.0000000000   -0.0918801359    0.0000000000    0.0000000000    0.0000000000
  122.2033163385   -0.0711593745    0.1195118446   -0.1344514804   -0.1154294274   -0.0898831044    0.0000000000    0.0000000000    0.0000000000
  122.9076582194   -0.0216238996    0.1080624061   -0.1139800742   -0.0903707706   -0.0737104053    0.0000000000    0.0000000000    0.0000000000
  123.6120001003   -0.0716381521    0.1172776955   -0.1146466708   -0.1128127274    0.0000000000    0.0000000000    0.0000000000    0.0000000000
  124.3163419812   -0.0526990539    0.1191010007   -0.1412278869   -0.1099024554   -0.1163493361    0.0000000000    0.0000000000    0.0000000000
  125.0206838621   -0.0350729726    0.1152010887   -0.1193209865   -0.1364894259    0.0000000000    0.0000000000    0.0000000000    0.0000000000
  125.7250257430   -0.1099722562    0.0000000000   -0.1235688616   -0.1108504179   -0.0880811586    0.0000000000    0.0000000000    0.0000000000
  126.4293676240   -0.0530228547    0.1294710227   -0.1287564504   -0.1219365718   -0.0870734552    0.0000000000    0.0000000000    0.0000000000
  127.1337095049   -0.0237458667    0.1221897998   -0.1232742175   -0.1347060937   -0.1001290119    0.0000000000    0.0000000000    0.0000000000
  127.8380513858   -0.0072832624    0.1235252861   -0.1150340962    0.0000000000   -0.1055407817    0.0000000000    0.0000000000    0.0000000000
  128.5423932667   -0.0574091078    0.1297595271   -0.1097404285   -0.1100266628   -0.0723533271    0.0000000000    0.0000000000    0.0000000000
  129.2467351476   -0.0954171656    0.0000000000   -0.1069950861   -0.1054050052   -0.0674955076    0.0000000000    0.0000000000    0.0000000000
  129.9510770285   -0.1115773482    0.0000000000    0.0000000000   -0.1236281494   -0.0913100915    0.0000000000    0.0000000000    0.0000000000
  130.6554189094    0.0708968075    0.1304657333   -0.1078099698    0.0000000000    0.0000000000    0.0000000000    0.0000000000    0.0000000000
  131.3597607903   -0.0179052811    0.1308201328    0.0000000000   -0.1118569619   -0.0857383302    0.0000000000    0.0000000000    0.0000000000
  132.0641026713   -0.0490942256    0.1292826114   -0.1110096456   -0.1115498443   -0.0826416166    0.0000000000    0.0000000000    0.0000000000
  132.7684445522   -0.0306407652    0.1087728109    0.0000000000   -0.1254106659   -0.0752844406    0.0000000000    0.0000000000    0.0000000000
  133.4727864331   -0.1071275985    0.0000000000   -0.1178517579   -0.1127816412   -0.0868497019    0.0000000000    0.0000000000    0.0000000000
  134.1771283140   -0.1153440695    0.0000000000   -0.1132333240   -0.1188315960   -0.0998564784    0.0000000000    0.0000000000    0.0000000000
  134.8814701949    0.0029043644    0.1222937177   -0.1207437160    0.0000000000   -0.0945138580    0.0000000000    0.0000000000    0.0000000000
  135.5858120758   -0.0312469763    0.1339972639   -0.1046017619   -0.1277845796   -0.0874519219    0.0000000000    0.0000000000    0.0000000000
  136.2901539567   -0.0568963095    0.1441360299   -0.1070413915   -0.1114461541    0.0000000000    0.0000000000    0.0000000000    0.0000000000
  136.9944958377   -0.0828783640    0.1303530329    0.0000000000   -0.0952052935   -0.0857014611    0.0000000000    0.0000000000    0.0000000000
  137.6988377186   -0.0111233172    0.1266319375   -0.1153651846   -0.0863771373   -0.0776989826    0.0000000000    0.0000000000    0.0000000000
  138.4031795995   -0.0439052087    0.1299981607   -0.1121714271   -0.0821604298    0.0000000000    0.0000000000    0.0000000000    0.0000000000
  139.1075214804   -0.0564065387    0.1362926445    0.0000000000   -0.1057356444   -0.0795343219    0.0000000000    0.0000000000    0.0000000000
  139.8118633613   -0.0823375435    0.0000000000    0.0000000000   -0.0827297536   -0.0817982547    0.0000000000    0.0000000000    0.0000000000
  140.5162052422   -0.0793733931    0.1467746564   -0.1075533254   -0.1077304733    0.0000000000    0.0000000000    0.0000000000    0.0000000000
  141.2205471231   -0.0172201135    0.1286287419    0.0000000000   -0.0968441304   -0.0834449520    0.0000000000    0.0000000000    0.0000000000
  141.9248890040   -0.0263444949    0.1378426567   -0.1065760044   -0.0992821994   -0.0852491196    0.0000000000    0.0000000000    0.0000000000
  142.6292308850   -0.0029035882    0.1430867303   -0.1078354526    0.0000000000   -0.0904135073    0.0000000000    0.0000000000    0.0000000000
  143.3335727659   -0.0714526650    0.1578976263   -0.1115143533   -0.1064688706   -0.0887668769    0.0000000000    0.0000000000    0.0000000000
  144.0379146468   -0.0597156650    0.1362585038   -0.1067241976   -0.1070865731   -0.0798502910    0.0000000000    0.0000000000    0.0000000000
  144.7422565277    0.0021723796    0.1340968319   -0.0986203810    0.0000000000   -0.0912226954    0.0000000000    0.0000000000    0.0000000000
  145.4465984086   -0.0386097787    0.1589178536    0.0000000000   -0.0996803173   -0.0763030561    0.0000000000    0.0000000000    0.0000000000
  146.1509402895    0.0572139830    0.1330901632   -0.1061934174   -0.0985100868   -0.0789116284    0.0000000000    0.0000000000    0.0000000000
  146.8552821704   -0.0597891705    0.1411486419   -0.1107636858   -0.1000543220   -0.0743730918    0.0000000000    0.0000000000    0.0000000000
  147.5596240514   -0.0639543679    0.1491967597   -0.1022534722   -0.1109453228    0.0000000000    0.0000000000    0.0000000000    0.0000000000
  148.2639659323   -0.0078155518    0.1419392451    0.0000000000   -0.1044838789   -0.0758775014    0.0000000000    0.0000000000    0.0000000000
  148.9683078132   -0.0595496529    0.1524825982   -0.1037521275   -0.1002098916   -0.0746124358    0.0000000000    0.0000000000    0.0000000000
  149.6726496941   -0.0464953516    0.1494069440   -0.0875408540   -0.1089373540    0.0000000000    0.0000000000    0.0000000000    0.0000000000
  150.3769915750   -0.0346629882    0.1509650345   -0.0942491573   -0.0703671334   -0.0780092352    0.0000000000    0.0000000000    0.0000000000
  151.0813334559   -0.0164738971    0.1355899993   -0.0980168815   -0.1045682394   -0.0893275921    0.0000000000    0.0000000000    0.0000000000
  151.7856753368   -0.0751806703    0.0000000000    0.0000000000   -0.0872049721   -0.0691685195    0.0000000000    0.0000000000    0.0000000000
  152.4900172177   -0.0409615570    0.1360638040   -0.1037406210   -0.1057978874   -0.0681943470    0.0000000000    0.0000000000    0.0000000000
  153.1943590987   -0.0376754360    0.1268888284   -0.1042611924   -0.0958189177   -0.0689194836    0.0000000000    0.0000000000    0.0000000000
  153.8987009796   -0.0871945374    0.0000000000   -0.0966408988   -0.0818016545   -0.0736946975    0.0000000000    0.0000000000    0.0000000000
  154.6030428605   -0.0281757296    0.1282434643   -0.1033136127    0.0000000000   -0.0688163849    0.0000000000    0.0000000000    0.0000000000
  155.3073847414   -0.0812240903    0.1635709083   -0.0946023368   -0.1078569591   -0.0748826384    0.0000000000    0.0000000000    0.0000000000
  156.0117266223    0.0345704384    0.1520100101    0.0000000000   -0.0907733511   -0.0692163934    0.0000000000    0.0000000000    0.0000000000
  156.7160685032   -0.0347340518    0.1466759449   -0.1062898642   -0.0926669041   -0.0790821685    0.0000000000    0.0000000000    0.0000000000
  157.4204103841    0.0439996331    0.1507404628    0.0000000000   -0.0789500982   -0.0804817680    0.0000000000    0.0000000000    0.0000000000
  158.1247522651   -0.0479193079    0.1376997704   -0.1115806227   -0.0962999226   -0.0983123767    0.0000000000    0.0000000000    0.0000000000
  158.8290941460   -0.0263500486    0.1341267851   -0.0960544380   -0.1350600084   -0.0835707703    0.0000000000    0.0000000000    0.0000000000
  159.5334360269   -0.0643886737    0.1507782613   -0.1143923428   -0.1360601941    0.0000000000    0.0000000000    0.0000000000    0.0000000000
  160.2377779078    0.0262333898    0.1577310887   -0.1052643090    0.0000000000    0.0000000000    0.0000000000    0.0000000000    0.0000000000
  160.9421197887    0.0211504602    0.1519494988    0.0000000000    0.0000000000   -0.0769488187    0.0000000000    0.0000000000    0.0000000000
  161.6464616696   -0.0396232860    0.1551835937   -0.0915622204   -0.1060109763   -0.0778634136    0.0000000000    0.0000000000    0.0000000000
  162.3508035505   -0.0892117590    0.0000000000   -0.1088533213   -0.0931516151   -0.0752278535    0.0000000000    0.0000000000    0.0000000000
  163.0551454314   -0.0267775145    0.1231997831    0.0000000000   -0.1014303194   -0.0665850377    0.0000000000    0.0000000000    0.0000000000
  163.7594873124    0.0306010908    0.1384625908    0.0000000000   -0.0829658678   -0.0744076799    0.0000000000    0.0000000000    0.0000000000
  164.4638291933   -0.1002344270    0.0000000000   -0.1075398027    0.0000000000   -0.0856236756    0.0000000000    0.0000000000    0.0000000000
  165.1681710742    0.0000195260    0.1438372925    0.0000000000   -0.0930390288    0.0000000000    0.0000000000    0.0000000000    0.0000000000
  165.8725129551   -0.0839708648    0.0000000000   -0.0808801357   -0.1081800445   -0.0628289299    0.0000000000    0.0000000000    0.0000000000
  166.5768548360   -0.0169163522    0.1232846740   -0.1045666756   -0.0953581135   -0.0730781238    0.0000000000    0.0000000000    0.0000000000
  167.2811967169   -0.0120554042    0.1493381170   -0.1088656385   -0.0739532182   -0.0793241643    0.0000000000    0.0000000000    0.0000000000
  167.9855385978   -0.0577997555    0.1457534381   -0.0903815565   -0.1359473372   -0.0528781631    0.0000000000    0.0000000000    0.0000000000
  168.6898804788   -0.0437789545    0.1441937260   -0.0930900751   -0.0890967118   -0.0788459782    0.0000000000    0.0000000000    0.0000000000
  169.3942223597   -0.0335527597    0.1446743740   -0.0872928112   -0.1053066357   -0.0610934040    0.0000000000    0.0000000000    0.0000000000
  170.0985642406   -0.0972796600    0.0000000000   -0.1086114220   -0.0825668558   -0.0774877630    0.0000000000    0.0000000000    0.0000000000
  170.8029061215    0.0036795022    0.1505839195    0.0000000000   -0.1029579407   -0.0803953168    0.0000000000    0.0000000000    0.0000000000
  171.5072480024   -0.0300406586    0.1395681841   -0.1138944807   -0.1246342533   -0.0836307482    0.0000000000    0.0000000000    0.0000000000
  172.2115898833   -0.0042297388    0.1307296592    0.0000000000    0.0000000000   -0.0749227569    0.0000000000    0.0000000000    0.0000000000
  172.9159317642   -0.0155118637    0.1621346542    0.0000000000   -0.0869050549   -0.0611662191    0.0000000000    0.0000000000    0.0000000000
  173.6202736451   -0.0343462742    0.1352015334    0.0000000000   -0.0910666219   -0.0623998304    0.0000000000    0.0000000000    0.0000000000
  174.3246155261   -0.0062049643    0.1377366429   -0.0968221439   -0.1296495705   -0.0697778925    0.0000000000    0.0000000000    0.0000000000
  175.0289574070   -0.0565098177    0.1594106134   -0.0919991741    0.0000000000   -0.0985646184    0.0000000000    0.0000000000    0.0000000000
  175.7332992879   -0.0303378846    0.1420639895   -0.0834597440   -0.1095776783   -0.0703513213    0.0000000000    0.0000000000    0.0000000000
  176.4376411688   -0.0636806294    0.1586888238   -0.0893819550   -0.0949950499    0.0000000000    0.0000000000    0.0000000000    0.0000000000
  177.1419830497    0.0902830626    0.1505146752    0.0000000000   -0.0802420385   -0.0749094932    0.0000000000    0.0000000000    0.0000000000
  177.8463249306   -0.0970026569    0.0000000000   -0.0954248529   -0.1017360690    0.0000000000    0.0000000000    0.0000000000    0.0000000000
  178.5506668115    0.0356171813    0.1476108820   -0.1167594988    0.0000000000   -0.0629155262    0.0000000000    0.0000000000    0.0000000000
  179.2550086925   -0.0575496483    0.1412583157   -0.1017482747   -0.0926729000   -0.0750271834    0.0000000000    0.0000000000    0.0000000000
  179.9593505734    0.0392160711    0.1557311234   -0.0904453112   -0.1007212482   -0.0643650290    0.0000000000    0.0000000000    0.0000000000
  180.6636924543   -0.0773647541    0.1579183371   -0.0919335343   -0.0872846213    0.0000000000    0.0000000000    0.0000000000    0.0000000000
  181.3680343352    0.0172201382    0.1415968861   -0.1105268700   -0.1010575245   -0.0672618185    0.0000000000    0.0000000000    0.0000000000
  182.0723762161   -0.0940731928    0.0000000000   -0.0938870504   -0.0934738878   -0.0956610096    0.0000000000    0.0000000000    0.0000000000
  182.7767180970   -0.0863575352    0.0000000000   -0.0818331097   -0.0978684751   -0.0691774331    0.0000000000    0.0000000000    0.0000000000
  183.4810599779   -0.0192867251    0.1432753892   -0.1189301342   -0.0816554256   -0.0619089405    0.0000000000    0.0000000000    0.0000000000
  184.1854018588   -0.0847007809    0.0000000000   -0.0893863115   -0.0990961104   -0.0654304133    0.0000000000    0.0000000000    0.0000000000
  184.8897437398   -0.0469506233    0.1324320282   -0.0987440044   -0.0957438041   -0.0576459005    0.0000000000    0.0000000000    0.0000000000
  185.5940856207   -0.0814915956    0.0000000000    0.0000000000   -0.0901410935   -0.0555431019    0.0000000000    0.0000000000    0.0000000000
  186.2984275016   -0.0064362589    0.1378412234   -0.0935102095   -0.1071767659    0.0000000000    0.0000000000    0.0000000000    0.0000000000
  187.0027693825    0.0334298880    0.1525844003   -0.0948513215   -0.0940727027   -0.0728131976    0.0000000000    0.0000000000    0.0000000000
  187.7071112634   -0.0446374298    0.1237761911   -0.1034600221   -0.0800933509    0.0000000000    0.0000000000    0.0000000000    0.0000000000
  188.4114531443   -0.0734953089    0.0000000000   -0.0700520615   -0.1040488039   -0.0613289802    0.0000000000    0.0000000000    0.0000000000
  189.1157950252    0.0181095441    0.1425858637   -0.0878190069   -0.1177475803   -0.0631613059    0.0000000000    0.0000000000    0.0000000000
  189.8201369062    0.0252059792    0.1551191657   -0.0975332736   -0.1165333665    0.0000000000    0.0000000000    0.0000000000    0.0000000000
  190.5244787871   -0.0353384064    0.1468490313   -0.0904915726   -0.0903487542   -0.0650829629    0.0000000000    0.0000000000    0.0000000000
  191.2288206680   -0.0614101996    0.1256932832   -0.0921739765   -0.1061831072   -0.0633411899    0.0000000000    0.0000000000    0.0000000000
  191.9331625489    0.0660211847    0.1530947438    0.0000000000    0.0000000000   -0.0708086938    0.0000000000    0.0000000000    0.0000000000
  192.6375044298   -0.0031299096    0.1429083085    0.0000000000   -0.0762685251   -0.0760295123    0.0000000000    0.0000000000    0.0000000000
  193.3418463107   -0.0528143104    0.1441143521   -0.1110671799   -0.0874382571   -0.0639893402    0.0000000000    0.0000000000    0.0000000000
  194.0461881916    0.0238673303    0.1703407435   -0.0997168135   -0.1012095126   -0.0659009975    0.0000000000    0.0000000000    0.0000000000
  194.7505300725   -0.0744282793    0.0000000000   -0.0745487603   -0.0796201433   -0.0709846597    0.0000000000    0.0000000000    0.0000000000
  195.4548719535   -0.0000671048    0.1442207813   -0.0786136066    0.0000000000   -0.0722646664    0.0000000000    0.0000000000    0.0000000000
  196.1592138344   -0.0553338722    0.1479059194   -0.0929569851   -0.0861162657   -0.0696701346    0.0000000000    0.0000000000    0.0000000000
  196.8635557153    0.0302513230    0.1420309149    0.0000000000   -0.1133019410   -0.0701821112    0.0000000000    0.0000000000    0.0000000000
  197.5678975962   -0.0799393497    0.0000000000   -0.0820488524   -0.0836689212   -0.0698812698    0.0000000000    0.0000000000    0.0000000000
  198.2722394771   -0.0589020365    0.1435246885   -0.1011277177   -0.0944625662   -0.0635306585    0.0000000000    0.0000000000    0.0000000000
  198.9765813580   -0.0239194210    0.1434196753   -0.0799542282    0.0000000000   -0.0893770498    0.0000000000    0.0000000000    0.0000000000
  199.6809232389   -0.0567684646    0.1522266293   -0.1080098877   -0.1020969390   -0.0886149889    0.0000000000    0.0000000000    0.0000000000
  200.3852651199   -0.0342582194    0.1523879870   -0.0966493174   -0.0756441739   -0.0631966540    0.0000000000    0.0000000000    0.0000000000
  201.0896070008    0.0090528907    0.1544096566   -0.0921196060   -0.0577692173   -0.0699506866    0.0000000000    0.0000000000    0.0000000000
  201.7939488817    0.0021851704    0.1523028724   -0.0949498133    0.0000000000    0.0000000000    0.0000000000    0.0000000000    0.0000000000
  202.4982907626   -0.0531853528    0.1573417657   -0.0945484318   -0.1063703712   -0.0702663402    0.0000000000    0.0000000000    0.0000000000
  203.2026326435    0.0497317104    0.1480490727   -0.0998986948   -0.0804512729   -0.0637243504    0.0000000000    0.0000000000    0.0000000000
  203.9069745244    0.0185096267    0.1638173089   -0.0867619327   -0.0741622758    0.0000000000    0.0000000000    0.0000000000    0.0000000000
  204.6113164053    0.0003619447    0.1478440035   -0.0817673136   -0.0944412392   -0.0745773744    0.0000000000    0.0000000000    0.0000000000
  205.3156582862   -0.0549499690    0.1699963498    0.0000000000   -0.0849046744   -0.0729322196    0.0000000000    0.0000000000    0.0000000000
  206.0200001672   -0.0187354554    0.1534967914   -0.0948477592   -0.0844430922   -0.0649925338    0.0000000000    0.0000000000    0.0000000000
  206.7243420481   -0.0098514627    0.1401964797   -0.0983575185   -0.1050585461   -0.0519926098    0.0000000000    0.0000000000    0.0000000000
  207.4286839290    0.0039903276    0.1566263792   -0.0911234137   -0.0972489383    0.0000000000    0.0000000000    0.0000000000    0.0000000000
  208.1330258099   -0.0726641457    0.0000000000    0.0000000000   -0.0841215948   -0.0513116270    0.0000000000    0.0000000000    0.0000000000
  208.8373676908    0.0576677384    0.1486328385   -0.0787799117    0.0000000000    0.0000000000    0.0000000000    0.0000000000    0.0000000000
  209.5417095717   -0.0033673244    0.1780156918   -0.0666162497    0.0000000000   -0.0582524901    0.0000000000    0.0000000000    0.0000000000
  210.2460514526   -0.0674840865    0.0000000000    0.0000000000   -0.0769811356   -0.0589694908    0.0000000000    0.0000000000    0.0000000000
  210.9503933336   -0.0037005967    0.1383417033   -0.0791682133   -0.0691005277   -0.0528522676    0.0000000000    0.0000000000    0.0000000000
  211.6547352145   -0.0859135791    0.1406268346   -0.1016018591    0.0000000000   -0.0751316021    0.0000000000    0.0000000000    0.0000000000
  212.3590770954   -0.0532595220    0.1620846320   -0.0929059018   -0.0801115315   -0.0616597155    0.0000000000    0.0000000000    0.0000000000
  213.0634189763   -0.0210989484    0.1489967823   -0.0977415823   -0.0775090672   -0.0656159929    0.0000000000    0.0000000000    0.0000000000
  213.7677608572   -0.0474054719    0.1810668157   -0.0904137347   -0.0893797748   -0.0664486114    0.0000000000    0.0000000000    0.0000000000
  214.4721027381   -0.0142292113    0.1775214380   -0.0912046076   -0.0736289863    0.0000000000    0.0000000000    0.0000000000    0.0000000000
  215.1764446190   -0.0446272387    0.1739516173   -0.0736130622   -0.1062227020   -0.0506543762    0.0000000000    0.0000000000    0.0000000000
  215.8807864999   -0.0795728448    0.0000000000    0.0000000000   -0.0881624269   -0.0709832628    0.0000000000    0.0000000000    0.0000000000
  216.5851283809    0.0360319528    0.1373892385    0.0000000000    0.0000000000   -0.0653253330    0.0000000000    0.0000000000    0.0000000000
  217.2894702618   -0.0273652281    0.1581215988   -0.0753256650    0.0000000000   -0.0624035455    0.0000000000    0.0000000000    0.0000000000
  217.9938121427    0.0360795629    0.1584308362   -0.0661444230   -0.0730304689    0.0000000000    0.0000000000    0.0000000000    0.0000000000
  218.6981540236    0.0674348295    0.1542961278   -0.0836950005    0.0000000000   -0.0650705406    0.0000000000    0.0000000000    0.0000000000
  219.4024959045    0.0162320298    0.1568133799   -0.0974019481   -0.0690437214   -0.0650617194    0.0000000000    0.0000000000    0.0000000000
  220.1068377854   -0.0187226904    0.1566199471   -0.0739504943   -0.0788801973   -0.0638419737    0.0000000000    0.0000000000    0.0000000000
  220.8111796663    0.0095503989    0.1432424208    0.0000000000   -0.0871419234   -0.0714003563    0.0000000000    0.0000000000    0.0000000000
  221.5155215473   -0.0315493016    0.1400528556   -0.0855162103   -0.0735117589   -0.0535809649    0.0000000000    0.0000000000    0.0000000000
  222.2198634282   -0.0338687576    0.1667452531   -0.0823031384   -0.0849366617   -0.0602474705    0.0000000000    0.0000000000    0.0000000000
  222.9242053091   -0.0029403988    0.1441371630   -0.0749196069   -0.0977694686   -0.0567984750    0.0000000000    0.0000000000    0.0000000000
  223.6285471900   -0.0417649881    0.1638940860   -0.0838391688   -0.0952410453   -0.0838818614    0.0000000000    0.0000000000    0.0000000000
  224.3328890709   -0.0329093955    0.1599012966   -0.0901425554   -0.1057009102   -0.0725606352    0.0000000000    0.0000000000    0.0000000000
  225.0372309518   -0.0947395191    0.0000000000   -0.0859279051   -0.1014149843    0.0000000000    0.0000000000    0.0000000000    0.0000000000
  225.7415728327   -0.0449688450    0.1544585990   -0.0924384129   -0.0909907827   -0.0641373071    0.0000000000    0.0000000000    0.0000000000
  226.4459147136   -0.0256794004    0.1442409666   -0.0929629320   -0.0992546250   -0.0930011227    0.0000000000    0.0000000000    0.0000000000
  227.1502565946   -0.0893870639    0.0000000000   -0.0996939656   -0.0890541879   -0.0707083223    0.0000000000    0.0000000000    0.0000000000
  227.8545984755    0.0051105050    0.1599012777   -0.0966649157   -0.0818763866   -0.0668407475    0.0000000000    0.0000000000    0.0000000000
  228.5589403564   -0.0444203218    0.1519669820   -0.0983183721   -0.0831476932   -0.0558507408    0.0000000000    0.0000000000    0.0000000000
  229.2632822373   -0.0458086682    0.1426283044   -0.0971934181   -0.1150301481   -0.0797240396    0.0000000000    0.0000000000    0.0000000000
  229.9676241182    0.0635561544    0.1505317857   -0.0943189711    0.0000000000   -0.0707859618    0.0000000000    0.0000000000    0.0000000000
  230.6719659991    0.0212791794    0.1493851412   -0.0871403966    0.0000000000   -0.0673752175    0.0000000000    0.0000000000    0.0000000000
  231.3763078800   -0.0865664590    0.0000000000   -0.0986321452   -0.0862003810   -0.0628011646    0.0000000000    0.0000000000    0.0000000000
  232.0806497610   -0.0196606449    0.1505238394   -0.0824307891   -0.1097593036   -0.0721583684    0.0000000000    0.0000000000    0.0000000000
  232.7849916419   -0.0099460926    0.1425761036   -0.1019043121   -0.0914003130   -0.0671135926    0.0000000000    0.0000000000    0.0000000000
  233.4893335228    0.0109930081    0.1432089085    0.0000000000   -0.1007627474   -0.0709955125    0.0000000000    0.0000000000    0.0000000000
  234.1936754037   -0.0370903898    0.1376010212   -0.1044254892   -0.0852818082   -0.0689413955    0.0000000000    0.0000000000    0.0000000000
  234.8980172846   -0.0778784605    0.0000000000    0.0000000000    0.0000000000   -0.0778784605    0.0000000000    0.0000000000    0.0000000000
  235.6023591655   -0.0268926797    0.1387865169   -0.0911689262    0.0000000000   -0.0775941548    0.0000000000    0.0000000000    0.0000000000
  236.3067010464   -0.0353438276    0.1472340031   -0.0807967011   -0.0865502563   -0.0783030919    0.0000000000    0.0000000000    0.0000000000
  237.0110429274    0.0006762761    0.1538105091   -0.0986328315   -0.0903858416    0.0000000000    0.0000000000    0.0000000000    0.0000000000
  237.7153848083   -0.0524930752    0.1552915280   -0.0931023879   -0.0928565697   -0.0620362816    0.0000000000    0.0000000000    0.0000000000
  238.4197266892   -0.0902494167    0.0000000000   -0.0963211172   -0.0944765402   -0.0597536848    0.0000000000    0.0000000000    0.0000000000
  239.1240685701   -0.0092371947    0.1397919933   -0.1089153565   -0.0695665460   -0.0791723929    0.0000000000    0.0000000000    0.0000000000
  239.8284104510   -0.0544786522    0.1436633030   -0.0924279127   -0.1105013706   -0.0843000715    0.0000000000    0.0000000000    0.0000000000
  240.5327523319   -0.0403244934    0.1595893130    0.0000000000   -0.1087862575   -0.0784195845    0.0000000000    0.0000000000    0.0000000000
  241.2370942128   -0.0593956678    0.1374643751   -0.1055529214   -0.0842223696   -0.0787611330    0.0000000000    0.0000000000    0.0000000000
  241.9414360937   -0.0174724777    0.1414699204   -0.1231570419   -0.0899997036   -0.0990838061    0.0000000000    0.0000000000    0.0000000000
  242.6457779747    0.0074904492    0.1366133130   -0.1222676128    0.0000000000   -0.0823117898    0.0000000000    0.0000000000    0.0000000000
  243.3501198556   -0.1001561032    0.0000000000   -0.0931053024   -0.1072069039    0.0000000000    0.0000000000    0.0000000000    0.0000000000
  244.0544617365   -0.0516242144    0.1350093112   -0.0980555285   -0.0866747672    0.0000000000    0.0000000000    0.0000000000    0.0000000000
  244.7588036174    0.0053625123    0.1420311291    0.0000000000   -0.1002094594   -0.0636012622    0.0000000000    0.0000000000    0.0000000000
  245.4631454983   -0.0174608857    0.1454115707   -0.1040766156   -0.0927762523   -0.0785679768    0.0000000000    0.0000000000    0.0000000000
  246.1674873792   -0.0795565765    0.1522936495   -0.1082755791   -0.1113693114   -0.0792047214    0.0000000000    0.0000000000    0.0000000000
  246.8718292601   -0.0946156134    0.1385506142   -0.1051333340   -0.1004635214   -0.0812799428    0.0000000000    0.0000000000    0.0000000000
  247.5761711411   -0.0061397817    0.1270437067   -0.1252622886   -0.1011617176   -0.0844162783    0.0000000000    0.0000000000    0.0000000000
  248.2805130220    0.0156462664    0.1362163847   -0.1037818054   -0.1061676909   -0.0961452326    0.0000000000    0.0000000000    0.0000000000
  248.9848549029   -0.0463149875    0.1436310284   -0.1113720966   -0.0923894823   -0.0963227243    0.0000000000    0.0000000000    0.0000000000
  249.6891967838   -0.0518402745    0.1383570739   -0.1043977396   -0.1140784892   -0.0820838494    0.0000000000    0.0000000000    0.0000000000
  250.3935386647   -0.0120488215    0.1332937229   -0.0972615861   -0.0990372109   -0.0934476434    0.0000000000    0.0000000000    0.0000000000
  251.0978805456   -0.1107246119    0.0000000000   -0.1190142093   -0.1074149399   -0.0829820496    0.0000000000    0.0000000000    0.0000000000
  251.8022224265   -0.0701369218    0.1428295518   -0.0967399558   -0.1053072004   -0.0678597765    0.0000000000    0.0000000000    0.0000000000
  252.5065643074    0.0218499712    0.1366410911    0.0000000000   -0.1218150384   -0.0889717802    0.0000000000    0.0000000000    0.0000000000
  253.2109061884   -0.0424166455    0.1428421967   -0.1111149178   -0.1240536893   -0.0726453100    0.0000000000    0.0000000000    0.0000000000
  253.9152480693   -0.0091172234    0.1496319513   -0.1038083239    0.0000000000   -0.0731752978    0.0000000000    0.0000000000    0.0000000000
  254.6195899502   -0.0032243657    0.1500868363   -0.1107968297   -0.1030103976   -0.0752739015    0.0000000000    0.0000000000    0.0000000000
  255.3239318311   -0.0244311189    0.1431663348    0.0000000000   -0.0977924631   -0.0861882889    0.0000000000    0.0000000000    0.0000000000
  256.0282737120   -0.1111788120    0.0000000000   -0.1158083577   -0.1042344935    0.0000000000    0.0000000000    0.0000000000    0.0000000000
  256.7326155929   -0.0687613521    0.1364511978   -0.0889212317   -0.1088482117   -0.0910774582    0.0000000000    0.0000000000    0.0000000000
  257.4369574738   -0.0674422133    0.1293630146   -0.1010779820   -0.1042113186   -0.0795646772    0.0000000000    0.0000000000    0.0000000000
  258.1412993548    0.0067651250    0.1356174213    0.0000000000   -0.1098522604   -0.0968858847    0.0000000000    0.0000000000    0.0000000000
  258.8456412357   -0.0488871823    0.1386041029   -0.0978475920   -0.1145001661   -0.0793268312    0.0000000000    0.0000000000    0.0000000000
  259.5499831166   -0.0211174473    0.1371557056   -0.1047515850   -0.0851855317   -0.0797394413    0.0000000000    0.0000000000    0.0000000000
  260.2543249975   -0.0193217563    0.1336544749   -0.0965340399   -0.0969152940   -0.0888440111    0.0000000000    0.0000000000    0.0000000000
  260.9586668784   -0.1000032881    0.0000000000   -0.1067427520   -0.1027736772   -0.0921411789    0.0000000000    0.0000000000    0.0000000000
  261.6630087593   -0.0491760737    0.1538522969   -0.1096607537    0.0000000000   -0.0927448332    0.0000000000    0.0000000000    0.0000000000
  262.3673506402   -0.0350626364    0.1297553407   -0.1154578733    0.0000000000   -0.0785625227    0.0000000000    0.0000000000    0.0000000000
  263.0716925211   -0.0755384762    0.1364189550   -0.0967069925   -0.1031227792   -0.0784288304    0.0000000000    0.0000000000    0.0000000000
  263.7760344021   -0.1093763077    0.0000000000   -0.1340941958   -0.1037971584   -0.0851656150    0.0000000000    0.0000000000    0.0000000000
  264.4803762830   -0.0207700417    0.1459346691   -0.0971208019    0.0000000000   -0.0798592819    0.0000000000    0.0000000000    0.0000000000
  265.1847181639   -0.0087423388    0.1311011450   -0.0977847561   -0.1000172315    0.0000000000    0.0000000000    0.0000000000    0.0000000000
  265.8890600448    0.0293545011    0.1320957663    0.0000000000    0.0000000000    0.0000000000    0.0000000000   -0.0000001461    0.0000000000
  266.5934019257    0.0025904373    0.1271666009    0.0000000000   -0.0949777818   -0.0703144200    0.0000000000   -0.0000001068    0.0000000000
  267.2977438066   -0.0142178961    0.1116780038    0.0000000000   -0.1120800470   -0.0754583245    0.0000000000   -0.0000000880    0.0000000000
  268.0020856875   -0.0073291842    0.0000000000   -0.1109891010   -0.1162135174    0.0000000000    0.0000000000   -0.0000000721    0.0000000000
  268.7064275685   -0.0049741284    0.1368117641   -0.1136439499    0.0000000000   -0.0961425601    0.0000000000   -0.0000001020    0.0000000000
  269.4107694494   -0.0119325519    0.1285423798   -0.1069591611   -0.0871519389   -0.0723778945    0.0000000000   -0.0000001040    0.0000000000
  270.1151113303   -0.0022239026    0.1033759871   -0.1136939429    0.0000000000   -0.0890217012    0.0000000000   -0.0000000802    0.0000000000
  270.8194532112   -0.0061549355    0.0000000000    0.0000000000   -0.1014379361   -0.0955174071    0.0000000000   -0.0000000864    0.0000000000
  271.5237950921   -0.0093331534    0.1163793476   -0.0931014264   -0.1054695025   -0.0736653500    0.0000000000   -0.0000000809    0.0000000000
  272.2281369730   -0.0127193013    0.1400902455   -0.1068671369   -0.0906765800   -0.0887283179    0.0000000000   -0.0000000897    0.0000000000
  272.9324788539   -0.0083865533    0.0000000000   -0.0871769772    0.0000000000   -0.0947882715    0.0000000000   -0.0000000913    0.0000000000
  273.6368207348   -0.0097962628    0.0000000000   -0.1127391210   -0.1027365252   -0.0784094795    0.0000000000   -0.0000001021    0.0000000000
  274.3411626158   -0.0033838559    0.1290158282    0.0000000000    0.0000000000   -0.0824827333    0.0000000000   -0.0000000834    0.0000000000
  275.0455044967   -0.0018832339    0.0000000000   -0.1054583709    0.0000000000    0.0000000000    0.0000000000   -0.0000000496    0.0000000000
  275.7498463776   -0.0028959982    0.1340734409   -0.1059459757   -0.1084301591   -0.0837368963    0.0000000000   -0.0000000536    0.0000000000
  276.4541882585    0.0050267528    0.1306972792    0.0000000000    0.0000000000    0.0000000000    0.0000000000   -0.0000000683    0.0000000000
  277.1585301394   -0.0059081427    0.0000000000   -0.1198112096    0.0000000000   -0.0819487267    0.0000000000   -0.0000000493    0.0000000000
  277.8628720203   -0.0039077751    0.0000000000    0.0000000000    0.0000000000   -0.0898782211    0.0000000000   -0.0000000276    0.0000000000
  278.5672139012   -0.0004018519    0.1395271083   -0.0961723800   -0.1003704996    0.0000000000    0.0000000000   -0.0000000663    0.0000000000
  279.2715557822    0.0035335655    0.1265893139    0.0000000000   -0.1222321944    0.0000000000    0.0000000000   -0.0000000247    0.0000000000
  279.9758976631   -0.0089152269    0.1159801794   -0.1187806782   -0.1121214335    0.0000000000    0.0000000000   -0.0000000311    0.0000000000
  280.6802395440   -0.0037395645    0.1190890781    0.0000000000   -0.1172401770   -0.0809434333    0.0000000000   -0.0000000236    0.0000000000
  281.3845814249   -0.0031803899    0.1358495375   -0.1050229123   -0.0943417335    0.0000000000    0.0000000000   -0.0000000261    0.0000000000
  282.0889233058   -0.0061338520    0.1334914467   -0.1170974431   -0.1287663633   -0.0900432957    0.0000000000   -0.0000000504    0.0000000000
  282.7932651867    0.0016949906    0.1278417543    0.0000000000    0.0000000000   -0.0803810041    0.0000000000   -0.0000000389    0.0000000000
  283.4976070676   -0.0121352514    0.0000000000   -0.1029945519   -0.0967732795   -0.1039223774    0.0000000000   -0.0000000337    0.0000000000
  284.2019489485   -0.0154264311    0.1089439516   -0.1131577065    0.0000000000   -0.0871344524    0.0000000000   -0.0000000427    0.0000000000
  284.9062908295   -0.0114423895    0.0000000000   -0.1205524459   -0.1063997297    0.0000000000    0.0000000000   -0.0000000253    0.0000000000
  285.6106327104   -0.0055932290    0.1376159719    0.0000000000   -0.0945056840   -0.0940278565    0.0000000000   -0.0000000319    0.0000000000
  286.3149745913   -0.0013238742    0.0000000000    0.0000000000   -0.0959784646    0.0000000000    0.0000000000   -0.0000000338    0.0000000000
  287.0193164722   -0.0103763085    0.1304245984   -0.1114505053   -0.1011987602    0.0000000000    0.0000000000    0.0000000041    0.0000000000
  287.7236583531   -0.0028310690    0.1186930725    0.0000000000    0.0000000000   -0.0845495509    0.0000000000    0.0000000208    0.0000000000
  288.4280002340   -0.0185097171    0.1178438544   -0.1242111824   -0.1164939337   -0.0907806859    0.0000000000   -0.0000000511    0.0000000000
  289.1323421149    0.0010027781    0.1334470688   -0.1018071866   -0.1016759559    0.0000000000    0.0000000000   -0.0000000474    0.0000000000
  289.8366839959   -0.0050048878    0.0999249844   -0.1031086783   -0.1162505898   -0.0980121926    0.0000000000    0.0000000409    0.0000000000
  290.5410258768   -0.0137876573    0.0000000000   -0.1237870857   -0.1063469457   -0.0917476669    0.0000000000   -0.0000000137    0.0000000000
  291.2453677577   -0.0050488590    0.1493552568   -0.1098252450   -0.1098903631   -0.0962520871    0.0000000000    0.0000000031    0.0000000000
  291.9497096386   -0.0089945112    0.1113644671   -0.1005467567   -0.1091495740    0.0000000000    0.0000000000   -0.0000000030    0.0000000000
  292.6540515195    0.0041232652    0.1485344766    0.0000000000   -0.1324779918    0.0000000000    0.0000000000    0.0000000025    0.0000000000
  293.3583934004   -0.0058444396    0.1064867049    0.0000000000   -0.1327803609   -0.0860595195    0.0000000000    0.0000000096    0.0000000000
  294.0627352813    0.0091415881    0.1216672668    0.0000000000   -0.1090377670    0.0000000000    0.0000000000    0.0000000181    0.0000000000
  294.7670771622    0.0078404486    0.1254468097    0.0000000000    0.0000000000    0.0000000000    0.0000000000    0.0000000245    0.0000000000
  295.4714190432    0.0000000537    0.0000000000    0.0000000000    0.0000000000    0.0000000000    0.0000000000    0.0000000537    0.0000000000
  296.1757609241   -0.0079485419    0.0000000000   -0.1186026745    0.0000000000   -0.1039575940    0.0000000000    0.0000000422    0.0000000000
  296.8801028050   -0.0134954104    0.0000000000   -0.1175130992   -0.1056441114   -0.0846612395    0.0000000000    0.0000000166    0.0000000000
  297.5844446859   -0.0043609069    0.0000000000   -0.1042404411   -0.1148069258   -0.0851892451    0.0000000000    0.0000000741    0.0000000000
  298.2887865668   -0.0041966331    0.1218494731   -0.1464256271   -0.1181110227    0.0000000000    0.0000000000    0.0000000533    0.0000000000
  298.9931284477   -0.0138504639    0.0000000000   -0.0962557404   -0.1231388055   -0.0830103294    0.0000000000    0.0000000647    0.0000000000
  299.6974703286    0.0000000776    0.0000000000    0.0000000000    0.0000000000    0.0000000000    0.0000000000    0.0000000776    0.0000000000
  300.4018122096   -0.0136739930    0.0000000000   -0.1415839515   -0.1306928285   -0.0925074131    0.0000000000    0.0000000719    0.0000000000
  301.1061540905   -0.0147864581    0.0931612853   -0.1101855396   -0.1035223512   -0.1075560093    0.0000000000    0.0000000948    0.0000000000
  301.8104959714   -0.0070898834    0.0000000000    0.0000000000   -0.1104073343   -0.1134154198    0.0000000000    0.0000000653    0.0000000000
  302.5148378523   -0.0006731135    0.1266636702    0.0000000000   -0.1132538885   -0.0839491830    0.0000000000    0.0000000919    0.0000000000
  303.2191797332   -0.0044156490    0.1318443319   -0.1140065360    0.0000000000    0.0000000000    0.0000000000    0.0000000470    0.0000000000
  303.9235216141   -0.0019329746    0.0000000000    0.0000000000    0.0000000000   -0.0850545583    0.0000000000    0.0000000854    0.0000000000
  304.6278634950   -0.0006647792    0.0929526943   -0.1148931522    0.0000000000    0.0000000000    0.0000000000    0.0000000886    0.0000000000
  305.3322053759    0.0027644874    0.1075075505    0.0000000000    0.0000000000   -0.0829362232    0.0000000000    0.0000000671    0.0000000000
  306.0365472569   -0.0027054192    0.1036094118    0.0000000000   -0.1144221719    0.0000000000    0.0000000000    0.0000000545    0.0000000000
  306.7408891378    0.0002256334    0.1146927571    0.0000000000   -0.1029625533    0.0000000000    0.0000000000    0.0000000547    0.0000000000
  307.4452310187   -0.0070388030    0.0000000000   -0.1138897987   -0.1092318787    0.0000000000    0.0000000000    0.0000000622    0.0000000000
  308.1495728996    0.0002946943    0.1144105572   -0.1240533336   -0.1079486878    0.0000000000    0.0000000000    0.0000000610    0.0000000000
  308.8539147805    0.0025695756    0.1156284814    0.0000000000    0.0000000000    0.0000000000    0.0000000000    0.0000000551    0.0000000000
  309.5582566614   -0.0036752736    0.1010066482    0.0000000000   -0.1166593178    0.0000000000    0.0000000000    0.0000000648    0.0000000000
  310.2625985423   -0.0068075075    0.0000000000   -0.1283028780    0.0000000000   -0.0936384125    0.0000000000    0.0000000533    0.0000000000
  310.9669404233   -0.0051216145    0.0000000000   -0.1176098864   -0.1263304816    0.0000000000    0.0000000000    0.0000000449    0.0000000000
  311.6712823042   -0.0057553950    0.0000000000    0.0000000000   -0.1239341524    0.0000000000    0.0000000000    0.0000000639    0.0000000000
  312.3756241851   -0.0050388163    0.1058091607   -0.1203135926   -0.1136807449    0.0000000000    0.0000000000    0.0000000623    0.0000000000
  313.0799660660   -0.0107504634    0.0000000000    0.0000000000   -0.1287240777   -0.0970363936    0.0000000000    0.0000000390    0.0000000000
  313.7843079469   -0.0173517598    0.0000000000   -0.1162335363   -0.1365752526   -0.1012514937    0.0000000000    0.0000000079    0.0000000000
  314.4886498278   -0.0096285466    0.0000000000   -0.1344012564    0.0000000000   -0.0911382780    0.0000000000    0.0000000433    0.0000000000
  315.1929917087    0.0034743154    0.1285480610    0.0000000000    0.0000000000    0.0000000000    0.0000000000    0.0000000446    0.0000000000
  315.8973335896   -0.0005445953    0.0999635409    0.0000000000    0.0000000000   -0.1168472232    0.0000000000    0.0000000423    0.0000000000
  316.6016754706   -0.0041783215    0.1077393516    0.0000000000   -0.0978809915    0.0000000000    0.0000000000    0.0000000239    0.0000000000
  317.3060173515    0.0085923012    0.1163174853    0.0000000000   -0.1116615746    0.0000000000    0.0000000000    0.0000000221    0.0000000000
  318.0103592324    0.0039102526    0.1173063611    0.0000000000    0.0000000000    0.0000000000    0.0000000000    0.0000000419    0.0000000000
  318.7147011133    0.0013755695    0.1193967991    0.0000000000    0.0000000000    0.0000000000    0.0000000000    0.0000000307    0.0000000000
  319.4190429942   -0.0076066227    0.1205618071    0.0000000000    0.0000000000   -0.1044408285    0.0000000000    0.0000000175    0.0000000000
  320.1233848751   -0.0047868309    0.1074379082   -0.1011754679   -0.1257081072    0.0000000000    0.0000000000    0.0000000092    0.0000000000
  320.8277267560    0.0007728956    0.0914202738   -0.0996343814   -0.0792006006    0.0000000000    0.0000000000    0.0000000319    0.0000000000
  321.5320686370   -0.0083196301    0.0000000000   -0.1091316803    0.0000000000   -0.1076673710    0.0000000000    0.0000000235    0.0000000000
  322.2364105179   -0.0011891967    0.1136327260   -0.1433628163    0.0000000000    0.0000000000    0.0000000000    0.0000000076    0.0000000000
  322.9407523988   -0.0109327023    0.0000000000   -0.1043786760   -0.1309549562   -0.0819535240    0.0000000000    0.0000000356    0.0000000000
  323.6450942797   -0.0141653848    0.0000000000   -0.1210322583   -0.1120327646   -0.0921005377    0.0000000000   -0.0000000065    0.0000000000
  324.3494361606   -0.0135582941    0.0000000000   -0.0760395432   -0.1157310847   -0.0900947898    0.0000000000    0.0000000270    0.0000000000
  325.0537780415   -0.0115821104    0.0000000000   -0.1373259765   -0.1292698175   -0.0890334687    0.0000000000    0.0000000416    0.0000000000
  325.7581199224    0.0000000319    0.0000000000    0.0000000000    0.0000000000    0.0000000000    0.0000000000    0.0000000319    0.0000000000
  326.4624618033   -0.0039270253    0.1274026890   -0.1304606171    0.0000000000    0.0000000000    0.0000000000   -0.0000000102    0.0000000000
  327.1668036843   -0.0026626423    0.0000000000    0.0000000000    0.0000000000   -0.0798801793    0.0000000000    0.0000000314    0.0000000000
  327.8711455652   -0.0024593386    0.1112059190   -0.1082153872   -0.0933919050   -0.1240971367    0.0000000000    0.0000000100    0.0000000000
  328.5754874461   -0.0111970205    0.0000000000    0.0000000000   -0.1250053392   -0.1054527885    0.0000000000    0.0000000111    0.0000000000
  329.2798293270   -0.0025269838    0.1193461214   -0.0964554395    0.0000000000   -0.1052324981    0.0000000000   -0.0000000168    0.0000000000
  329.9841712079   -0.0021629396    0.1145339653    0.0000000000   -0.1107364891   -0.0838251506    0.0000000000   -0.0000000321    0.0000000000
  330.6885130888   -0.0038588528    0.0000000000   -0.1157655809    0.0000000000    0.0000000000    0.0000000000   -0.0000000001    0.0000000000
  331.3928549697   -0.0009510045    0.1159303935   -0.1073352939   -0.1305722373   -0.0763391656    0.0000000000   -0.0000000137    0.0000000000
  332.0971968507    0.0034003314    0.1107004616    0.0000000000   -0.1227902775    0.0000000000    0.0000000000   -0.0000000398    0.0000000000
  332.8015387316    0.0000829545    0.1177715666   -0.1147842838    0.0000000000    0.0000000000    0.0000000000   -0.0000000270    0.0000000000
  333.5058806125   -0.0076559183    0.0000000000   -0.1137053451   -0.1011718139   -0.0837022155    0.0000000000   -0.0000000400    0.0000000000
  334.2102224934   -0.0044400260    0.1117990085   -0.1157136043   -0.0985152587   -0.0840498450    0.0000000000   -0.0000000366    0.0000000000
  334.9145643743   -0.0068145950    0.0000000000   -0.1136275266   -0.1133868215    0.0000000000    0.0000000000   -0.0000000356    0.0000000000
  335.6189062552   -0.0076170583    0.1238066527   -0.0991702160   -0.1072741432    0.0000000000    0.0000000000   -0.0000000616    0.0000000000
  336.3232481361   -0.0035664883    0.1154488024   -0.0976543012   -0.0954632647    0.0000000000    0.0000000000   -0.0000000529    0.0000000000
  337.0275900170   -0.0091832906    0.0000000000   -0.1106903358   -0.0990484062    0.0000000000    0.0000000000   -0.0000000520    0.0000000000
  337.7319318980   -0.0084115620    0.0000000000   -0.0956904030   -0.1243932404   -0.0920963656    0.0000000000   -0.0000000564    0.0000000000
  338.4362737789   -0.0058681534    0.0000000000   -0.1114470734   -0.1174096375    0.0000000000    0.0000000000   -0.0000000343    0.0000000000
  339.1406156598   -0.0017377490    0.1226368865    0.0000000000   -0.0955514518   -0.0774779652    0.0000000000   -0.0000000843    0.0000000000
  339.8449575407    0.0003008625    0.0979340643    0.0000000000    0.0000000000   -0.0825868682    0.0000000000   -0.0000000655    0.0000000000
  340.5492994216    0.0022191877    0.0945241886    0.0000000000    0.0000000000   -0.0868397336    0.0000000000   -0.0000000693    0.0000000000
  341.2536413025   -0.0018624358    0.1015796809   -0.1048340293   -0.1024336579   -0.0861318758    0.0000000000   -0.0000000436    0.0000000000
  341.9579831834    0.0033657837    0.1178043709    0.0000000000    0.0000000000    0.0000000000    0.0000000000   -0.0000000571    0.0000000000
  342.6623250644   -0.0000000663    0.0000000000    0.0000000000    0.0000000000    0.0000000000    0.0000000000   -0.0000000663    0.0000000000
  343.3666669453   -0.0062069861    0.0000000000   -0.1078979295    0.0000000000   -0.0872437804    0.0000000000   -0.0000000563    0.0000000000
  344.0710088262   -0.0154344412    0.0000000000   -0.1358706613    0.0000000000   -0.0901191887    0.0000000000   -0.0000000652    0.0000000000
  344.7753507071   -0.0018858062    0.0000000000    0.0000000000    0.0000000000   -0.0733341035    0.0000000000   -0.0000000740    0.0000000000
  345.4796925880   -0.0056595012    0.0000000000    0.0000000000   -0.1348799703   -0.0731236658    0.0000000000   -0.0000000340    0.0000000000
  346.1840344689   -0.0034190963    0.0000000000    0.0000000000   -0.0888959118    0.0000000000    0.0000000000   -0.0000000237    0.0000000000
  346.8883763498   -0.0000000586    0.0000000000    0.0000000000    0.0000000000    0.0000000000    0.0000000000   -0.0000000586    0.0000000000
  347.5927182308   -0.0000000494    0.0000000000    0.0000000000    0.0000000000    0.0000000000    0.0000000000   -0.0000000494    0.0000000000
  348.2970601117   -0.0000000774    0.0000000000    0.0000000000    0.0000000000    0.0000000000    0.0000000000   -0.0000000774    0.0000000000
  349.0014019926    0.0000000000    0.0000000000    0.0000000000    0.0000000000    0.0000000000    0.0000000000    0.0000000000    0.0000000000
  349.7057438735    0.0000000000    0.0000000000    0.0000000000    0.0000000000    0.0000000000    0.0000000000    0.0000000000    0.0000000000
  350.4100857544    0.0000000000    0.0000000000    0.0000000000    0.0000000000    0.0000000000    0.0000000000    0.0000000000    0.0000000000
  351.1144276353    0.0000000000    0.0000000000    0.0000000000    0.0000000000    0.0000000000    0.0000000000    0.0000000000    0.0000000000
  351.8187695162    0.0049990966    0.0000000000    0.0000000000    0.0000000000    0.0000000000    0.0000000000    0.0000000000    0.0049990966
