 3.37414005883734935E-3
 3.12582362840896355E-3
 3.12908766696956553E-3
 3.13414590138161309E-3
 3.14034252343298181E-3
 3.14647400911516328E-3
 3.15639081790219933E-3
 3.1652802641494171E-3
 3.17764865350589343E-3
 3.18981682308744352E-3
 3.20243413588755521E-3
 3.21676800303688504E-3
 3.22939756945883616E-3
 3.24389666816743416E-3
 3.25779335821302363E-3
 3.27001370888269083E-3
 3.28339398560223428E-3
 3.29416223696393784E-3
 3.30343122781884269E-3
 3.31288170202909127E-3
 3.32017929163774816E-3
 3.32682782026749724E-3
 3.32996647875660745E-3
 3.33095099342228806E-3
 3.32879651472078875E-3
 3.32486272117943349E-3
 3.31668735556961414E-3
 3.30795695394048295E-3
 3.29445383555762583E-3
 3.27708010472305133E-3
 3.25892384621331854E-3
 3.23563950691921343E-3
 3.20892047867468722E-3
 3.17953520427532998E-3
 3.14657223319630974E-3
 3.10981674030075261E-3
 3.07020905994351279E-3
 3.02520718520307708E-3
 2.97872500120985317E-3
 2.92821783595684226E-3
 2.87557839475183208E-3
 2.81810731454795738E-3
 2.75793959375275621E-3
 2.69511200646646576E-3
 2.62923554089120048E-3
 2.55986246344164226E-3
 2.48907783423096829E-3
 2.4145559328332955E-3
 2.33997039417130348E-3
 2.26133741810585764E-3
 2.18184488184988701E-3
 2.10097357641786386E-3
 2.01777408071840414E-3
 1.93370824036021016E-3
 1.84605527469994257E-3
 1.76065704654090882E-3
 1.67334012558234546E-3
 1.58669607633021847E-3
 1.4985040972106678E-3
 1.41144901458012395E-3
 1.32332759256578725E-3
 1.23776736997030512E-3
 1.15046848559380299E-3
 1.06644950892700874E-3
 9.79932518248793905E-4
 8.97135821267880385E-4
 8.18896493689880156E-4
 7.39957623753895177E-4
 6.6261742697604209E-4
 5.86699903127041456E-4
 5.17959451585447983E-4
 4.47734628826745862E-4
 3.81466893451004596E-4
 3.16678788784052756E-4
 2.57134148846788202E-4
 1.99646907899170278E-4
 1.43783219614362912E-4
 9.46148066278962308E-5
 4.62447980764391087E-5
 2.14089077077428414E-6
 -3.90082333590058283E-5
 -7.8112200950664068E-5
 -1.11804042215307708E-4
 -1.44220981238285528E-4
 -1.72548681679818294E-4
 -1.99999107357434758E-4
 -2.22176377950467074E-4
 -2.44836366884410017E-4
 -2.64032235178512931E-4
 -2.80793138000112741E-4
 -2.95397380398576548E-4
 -3.0766680712335237E-4
 -3.19645487949771212E-4
 -3.28550170711844336E-4
 -3.37047286357167186E-4
 -3.43905621292911468E-4
 -3.51274482960961532E-4
 -3.56902236261086303E-4
 -3.6117007070674001E-4
 -3.66297796756731575E-4
 -3.69928185936035936E-4
