# Ion number density
# The last    3 ion types are fixed
# Average over 448365 steps
# z (au)        total        A            Im1          Im2          Im3          N            C            Me           C1           C2           P
0.324582856 0.045220079 0.000000000 0.000000000 0.000000000 0.000000000 0.000000000 0.000000000 0.000000000 0.000000000 0.000000000 0.045220079
0.973748567 0.000000000 0.000000000 0.000000000 0.000000000 0.000000000 0.000000000 0.000000000 0.000000000 0.000000000 0.000000000 0.000000000
1.622914278 0.000000000 0.000000000 0.000000000 0.000000000 0.000000000 0.000000000 0.000000000 0.000000000 0.000000000 0.000000000 0.000000000
2.272079990 0.000000000 0.000000000 0.000000000 0.000000000 0.000000000 0.000000000 0.000000000 0.000000000 0.000000000 0.000000000 0.000000000
2.921245701 0.000000000 0.000000000 0.000000000 0.000000000 0.000000000 0.000000000 0.000000000 0.000000000 0.000000000 0.000000000 0.000000000
3.570411412 0.000000000 0.000000000 0.000000000 0.000000000 0.000000000 0.000000000 0.000000000 0.000000000 0.000000000 0.000000000 0.000000000
4.219577124 0.006783012 0.000000000 0.000000000 0.000000000 0.000000000 0.000000000 0.000000000 0.000000000 0.006783012 0.000000000 0.000000000
4.868742835 0.009272564 0.000000000 0.000000000 0.000000333 0.000000000 0.000002096 0.000000000 0.000000019 0.009270116 0.000000000 0.000000000
5.517908546 0.009603044 0.000000029 0.000000000 0.000014851 0.000000276 0.000060691 0.000008804 0.000022177 0.009496217 0.000000000 0.000000000
6.167074257 0.009813184 0.000032599 0.000023362 0.000101320 0.000041637 0.000251177 0.000271267 0.000273908 0.008817915 0.000000000 0.000000000
6.816239969 0.013075553 0.000203623 0.000202672 0.000156929 0.000227368 0.000189239 0.000270159 0.000294444 0.011531120 0.000000000 0.000000000
7.465405680 0.010116393 0.000202010 0.000196182 0.000105232 0.000296358 0.000099598 0.000096166 0.000076832 0.009044016 0.000000000 0.000000000
8.114571391 0.009821564 0.000089050 0.000191033 0.000106867 0.000237868 0.000092723 0.000034831 0.000025176 0.009044016 0.000000000 0.000000000
8.763737103 0.008246855 0.000102107 0.000139250 0.000098294 0.000236043 0.000147121 0.000038915 0.000023813 0.007461313 0.000000000 0.000000000
9.412902814 0.012737648 0.000042990 0.000074898 0.000039108 0.000198661 0.000150158 0.000176136 0.000072377 0.011983321 0.000000000 0.000000000
10.062068525 0.007268110 0.000007819 0.000056196 0.000073526 0.000090637 0.000119588 0.000184658 0.000178775 0.006556911 0.000000000 0.000000000
10.711234237 0.007585405 0.000042922 0.000075785 0.000146453 0.000024301 0.000095725 0.000061209 0.000129897 0.007009112 0.000000000 0.000000000
11.360399948 0.009250248 0.000142084 0.000112510 0.000241714 0.000021110 0.000085742 0.000024958 0.000030316 0.008591815 0.000000000 0.000000000
12.009565659 0.010722436 0.000153886 0.000084739 0.000245858 0.000135939 0.000105958 0.000027146 0.000020493 0.009948417 0.000000000 0.000000000
12.658731371 0.009452418 0.000219308 0.000178018 0.000149487 0.000165857 0.000079786 0.000032580 0.000035567 0.008591815 0.000000000 0.000000000
13.307897082 0.010212047 0.000114319 0.000222653 0.000099730 0.000086329 0.000048291 0.000072163 0.000072346 0.009496217 0.000000000 0.000000000
13.957062793 0.009416332 0.000147957 0.000192374 0.000120715 0.000038015 0.000037916 0.000133511 0.000154028 0.008591815 0.000000000 0.000000000
14.606228505 0.007524321 0.000317198 0.000110488 0.000173628 0.000009533 0.000029458 0.000144964 0.000182142 0.006556911 0.000000000 0.000000000
15.255394216 0.008781436 0.000391820 0.000089757 0.000146807 0.000014953 0.000047671 0.000208274 0.000194741 0.007687413 0.000000000 0.000000000
15.904559927 0.010107729 0.000204155 0.000077241 0.000106541 0.000063202 0.000131383 0.000217006 0.000264185 0.009044016 0.000000000 0.000000000
16.553725639 0.007756562 0.000063409 0.000126372 0.000059824 0.000131818 0.000315124 0.000215135 0.000287968 0.006556911 0.000000000 0.000000000
17.202891350 0.008975051 0.000027784 0.000215918 0.000038899 0.000122211 0.000281044 0.000180063 0.000195619 0.007913514 0.000000000 0.000000000
17.852057061 0.007445074 0.000088173 0.000312291 0.000067861 0.000195562 0.000191085 0.000171745 0.000087545 0.006330811 0.000000000 0.000000000
18.501222772 0.009525839 0.000165555 0.000181392 0.000123764 0.000330807 0.000128951 0.000149174 0.000080481 0.008365715 0.000000000 0.000000000
19.150388484 0.007914841 0.000246887 0.000072741 0.000143538 0.000227249 0.000161262 0.000093596 0.000186555 0.006783012 0.000000000 0.000000000
19.799554195 0.007818178 0.000335529 0.000111413 0.000156140 0.000122228 0.000204910 0.000174644 0.000382503 0.006330811 0.000000000 0.000000000
20.448719906 0.008740120 0.000433104 0.000201568 0.000143352 0.000105582 0.000163531 0.000344880 0.000338990 0.007009112 0.000000000 0.000000000
21.097885618 0.008479848 0.000264069 0.000125859 0.000166645 0.000159541 0.000208452 0.000328919 0.000217250 0.007009112 0.000000000 0.000000000
21.747051329 0.006978752 0.000184247 0.000019254 0.000236288 0.000256371 0.000278461 0.000311554 0.000266168 0.005426409 0.000000000 0.000000000
22.396217040 0.007053696 0.000073084 0.000040727 0.000367513 0.000225040 0.000335098 0.000279620 0.000306205 0.005426409 0.000000000 0.000000000
23.045382752 0.007271344 0.000011929 0.000097120 0.000415784 0.000090622 0.000311017 0.000307952 0.000384408 0.005652510 0.000000000 0.000000000
23.694548463 0.009235969 0.000023551 0.000098636 0.000382494 0.000123521 0.000287024 0.000313976 0.000319354 0.007687413 0.000000000 0.000000000
24.343714174 0.007204474 0.000143547 0.000103850 0.000240409 0.000143276 0.000244717 0.000288601 0.000161463 0.005878610 0.000000000 0.000000000
24.992879886 0.009254381 0.000279792 0.000163578 0.000173489 0.000133523 0.000210301 0.000251438 0.000128745 0.007913514 0.000000000 0.000000000
25.642045597 0.007634818 0.000200248 0.000219524 0.000146693 0.000141357 0.000242753 0.000060686 0.000066646 0.006556911 0.000000000 0.000000000
26.291211308 0.008202071 0.000219843 0.000274607 0.000104476 0.000147811 0.000159106 0.000024131 0.000036885 0.007235213 0.000000000 0.000000000
26.940377020 0.007687158 0.000289962 0.000384881 0.000086951 0.000194719 0.000065121 0.000018074 0.000090538 0.006556911 0.000000000 0.000000000
27.589542731 0.007435188 0.000254424 0.000482683 0.000120914 0.000301338 0.000051983 0.000027189 0.000091948 0.006104711 0.000000000 0.000000000
28.238708442 0.005728202 0.000228205 0.000343205 0.000205605 0.000265173 0.000056159 0.000070576 0.000037272 0.004522008 0.000000000 0.000000000
28.887874153 0.007910040 0.000246902 0.000173487 0.000266293 0.000217981 0.000056840 0.000142598 0.000022927 0.006783012 0.000000000 0.000000000
29.537039865 0.006928924 0.000293238 0.000286401 0.000254233 0.000204843 0.000081421 0.000114911 0.000041366 0.005652510 0.000000000 0.000000000
30.186205576 0.006178585 0.000252764 0.000396642 0.000237713 0.000195353 0.000140568 0.000082039 0.000125397 0.004748108 0.000000000 0.000000000
30.835371287 0.007436756 0.000170922 0.000359794 0.000293306 0.000145641 0.000245667 0.000119707 0.000223109 0.005878610 0.000000000 0.000000000
31.484536999 0.007348551 0.000136788 0.000350185 0.000425637 0.000149090 0.000391185 0.000283067 0.000186190 0.005426409 0.000000000 0.000000000
32.133702710 0.006875478 0.000159402 0.000322390 0.000312506 0.000260943 0.000404033 0.000264645 0.000177352 0.004974209 0.000000000 0.000000000
32.782868421 0.006860652 0.000150849 0.000244195 0.000220865 0.000478935 0.000289031 0.000355563 0.000147005 0.004974209 0.000000000 0.000000000
33.432034133 0.008030293 0.000161232 0.000138546 0.000195260 0.000619890 0.000172965 0.000249277 0.000162312 0.006330811 0.000000000 0.000000000
34.081199844 0.005952504 0.000252474 0.000148689 0.000193929 0.000535841 0.000128418 0.000167413 0.000229833 0.004295907 0.000000000 0.000000000
34.730365555 0.006297212 0.000258027 0.000159503 0.000191333 0.000389288 0.000103420 0.000194574 0.000252958 0.004748108 0.000000000 0.000000000
35.379531267 0.007894587 0.000232671 0.000130351 0.000212528 0.000335446 0.000086747 0.000145838 0.000194094 0.006556911 0.000000000 0.000000000
36.028696978 0.006864331 0.000197884 0.000164087 0.000232846 0.000295729 0.000082295 0.000069879 0.000169102 0.005652510 0.000000000 0.000000000
36.677862689 0.005698094 0.000160266 0.000241721 0.000174660 0.000212288 0.000093139 0.000076362 0.000217650 0.004522008 0.000000000 0.000000000
37.327028401 0.008975241 0.000237918 0.000317523 0.000131798 0.000183848 0.000112440 0.000117329 0.000186971 0.007687413 0.000000000 0.000000000
37.976194112 0.007040519 0.000360580 0.000338782 0.000147843 0.000135664 0.000124714 0.000132629 0.000147797 0.005652510 0.000000000 0.000000000
38.625359823 0.007663080 0.000414462 0.000326229 0.000208970 0.000104418 0.000143410 0.000146335 0.000214544 0.006104711 0.000000000 0.000000000
39.274525534 0.005704116 0.000493033 0.000244387 0.000218714 0.000081033 0.000191631 0.000178618 0.000226894 0.004069807 0.000000000 0.000000000
39.923691246 0.007318546 0.000448505 0.000122523 0.000134732 0.000087143 0.000307124 0.000316518 0.000249492 0.005652510 0.000000000 0.000000000
40.572856957 0.005635129 0.000345582 0.000070608 0.000095566 0.000157490 0.000322235 0.000331138 0.000242704 0.004069807 0.000000000 0.000000000
41.222022668 0.008664115 0.000207347 0.000087347 0.000106870 0.000256625 0.000260539 0.000297467 0.000212707 0.007235213 0.000000000 0.000000000
41.871188380 0.006292827 0.000111090 0.000154546 0.000165792 0.000305130 0.000261680 0.000295285 0.000251196 0.004748108 0.000000000 0.000000000
42.520354091 0.007969604 0.000047520 0.000230987 0.000258281 0.000223971 0.000287659 0.000299970 0.000290405 0.006330811 0.000000000 0.000000000
43.169519802 0.005376238 0.000023002 0.000255448 0.000391609 0.000194429 0.000320199 0.000264484 0.000309461 0.003617606 0.000000000 0.000000000
43.818685514 0.007405594 0.000154568 0.000181722 0.000359235 0.000208993 0.000324616 0.000200911 0.000323039 0.005652510 0.000000000 0.000000000
44.467851225 0.005698925 0.000107134 0.000158256 0.000194217 0.000208269 0.000351910 0.000299997 0.000309336 0.004069807 0.000000000 0.000000000
45.117016936 0.005740906 0.000105943 0.000170385 0.000160657 0.000203461 0.000360724 0.000378019 0.000291909 0.004069807 0.000000000 0.000000000
45.766182648 0.008784164 0.000218413 0.000223457 0.000172891 0.000189430 0.000316378 0.000358990 0.000295493 0.007009112 0.000000000 0.000000000
46.415348359 0.007426131 0.000183363 0.000185889 0.000165486 0.000117497 0.000266501 0.000285850 0.000342935 0.005878610 0.000000000 0.000000000
47.064514070 0.006301267 0.000078350 0.000162508 0.000127139 0.000083703 0.000280284 0.000266368 0.000328706 0.004974209 0.000000000 0.000000000
47.713679782 0.005281853 0.000072439 0.000126471 0.000087050 0.000087122 0.000278699 0.000316357 0.000243908 0.004069807 0.000000000 0.000000000
48.362845493 0.009310663 0.000082661 0.000091183 0.000073327 0.000116648 0.000242920 0.000366979 0.000197329 0.008139614 0.000000000 0.000000000
49.012011204 0.006562511 0.000093792 0.000083858 0.000078079 0.000144143 0.000239359 0.000300810 0.000196060 0.005426409 0.000000000 0.000000000
49.661176916 0.006934353 0.000118167 0.000087505 0.000088884 0.000142804 0.000274521 0.000247592 0.000322371 0.005652510 0.000000000 0.000000000
50.310342627 0.005020887 0.000183326 0.000077395 0.000112265 0.000127402 0.000275598 0.000248300 0.000378995 0.003617606 0.000000000 0.000000000
50.959508338 0.009153925 0.000229211 0.000104241 0.000135842 0.000105918 0.000254119 0.000284653 0.000352527 0.007687413 0.000000000 0.000000000
51.608674049 0.007007790 0.000377593 0.000131108 0.000180528 0.000065235 0.000266101 0.000236850 0.000323967 0.005426409 0.000000000 0.000000000
52.257839761 0.007288291 0.000259662 0.000100645 0.000277186 0.000061342 0.000201645 0.000229691 0.000279511 0.005878610 0.000000000 0.000000000
52.907005472 0.006947988 0.000176711 0.000094238 0.000344131 0.000053348 0.000176001 0.000230820 0.000220231 0.005652510 0.000000000 0.000000000
53.556171183 0.007713772 0.000105213 0.000116630 0.000291268 0.000058457 0.000182889 0.000227529 0.000174873 0.006556911 0.000000000 0.000000000
54.205336895 0.008998981 0.000101307 0.000155333 0.000192258 0.000079749 0.000214760 0.000164904 0.000177155 0.007913514 0.000000000 0.000000000
54.854502606 0.010560436 0.000120207 0.000188578 0.000130566 0.000110469 0.000210141 0.000146758 0.000157501 0.009496217 0.000000000 0.000000000
55.503668317 0.008545681 0.000149387 0.000215329 0.000111188 0.000123811 0.000185638 0.000158188 0.000140828 0.007461313 0.000000000 0.000000000
56.152834029 0.007845869 0.000153409 0.000219311 0.000111344 0.000125599 0.000171815 0.000159682 0.000121695 0.006783012 0.000000000 0.000000000
56.801999740 0.012665835 0.000153037 0.000252996 0.000120196 0.000115438 0.000210131 0.000167256 0.000115661 0.011531120 0.000000000 0.000000000
57.451165451 0.008517550 0.000151960 0.000267913 0.000127510 0.000141404 0.000256590 0.000200767 0.000136194 0.007235213 0.000000000 0.000000000
58.100331163 0.009096802 0.000175520 0.000199590 0.000144382 0.000212910 0.000291475 0.000221162 0.000164350 0.007687413 0.000000000 0.000000000
58.749496874 0.008517184 0.000209607 0.000152749 0.000175705 0.000262871 0.000290214 0.000211492 0.000205434 0.007009112 0.000000000 0.000000000
59.398662585 0.009117856 0.000163094 0.000164530 0.000182136 0.000260128 0.000238110 0.000200478 0.000221967 0.007687413 0.000000000 0.000000000
60.047828297 0.006880116 0.000142890 0.000183725 0.000155161 0.000222966 0.000153827 0.000222526 0.000146510 0.005652510 0.000000000 0.000000000
60.696994008 0.007492288 0.000163338 0.000176261 0.000156945 0.000214623 0.000120544 0.000197386 0.000132381 0.006330811 0.000000000 0.000000000
61.346159719 0.008222624 0.000178133 0.000167875 0.000167350 0.000230551 0.000122034 0.000160697 0.000186872 0.007009112 0.000000000 0.000000000
61.995325430 0.007441520 0.000206490 0.000156231 0.000188768 0.000225741 0.000135741 0.000151160 0.000272678 0.006104711 0.000000000 0.000000000
62.644491142 0.008134319 0.000214369 0.000146443 0.000227926 0.000171395 0.000175371 0.000144690 0.000271113 0.006783012 0.000000000 0.000000000
63.293656853 0.011012538 0.000224881 0.000111164 0.000226874 0.000155735 0.000205651 0.000151879 0.000214036 0.009722317 0.000000000 0.000000000
63.942822564 0.007983527 0.000205387 0.000117947 0.000188655 0.000151140 0.000200767 0.000174514 0.000162104 0.006783012 0.000000000 0.000000000
64.591988276 0.005041091 0.000142868 0.000180136 0.000139315 0.000141619 0.000173609 0.000261014 0.000158824 0.003843707 0.000000000 0.000000000
65.241153987 0.007677608 0.000090095 0.000155992 0.000099391 0.000141331 0.000164402 0.000258938 0.000210545 0.006556911 0.000000000 0.000000000
65.890319698 0.009597465 0.000079037 0.000107047 0.000074965 0.000153894 0.000180945 0.000196422 0.000213339 0.008591815 0.000000000 0.000000000
66.539485410 0.006305072 0.000093510 0.000118189 0.000076876 0.000180771 0.000265493 0.000170083 0.000199842 0.005200309 0.000000000 0.000000000
67.188651121 0.008740129 0.000139448 0.000161261 0.000083859 0.000182613 0.000325696 0.000192263 0.000193676 0.007461313 0.000000000 0.000000000
67.837816832 0.010425682 0.000162267 0.000158178 0.000095811 0.000139436 0.000354410 0.000249086 0.000222479 0.009044016 0.000000000 0.000000000
68.486982544 0.007806437 0.000143333 0.000157159 0.000112694 0.000097988 0.000339729 0.000328417 0.000296306 0.006330811 0.000000000 0.000000000
69.136148255 0.006773851 0.000152862 0.000167034 0.000141863 0.000094636 0.000316208 0.000369398 0.000331540 0.005200309 0.000000000 0.000000000
69.785313966 0.009135599 0.000167063 0.000183044 0.000150013 0.000116406 0.000304995 0.000410164 0.000342601 0.007461313 0.000000000 0.000000000
70.434479678 0.006939997 0.000202071 0.000139036 0.000135322 0.000111265 0.000327471 0.000380982 0.000443539 0.005200309 0.000000000 0.000000000
71.083645389 0.008997806 0.000167993 0.000116279 0.000121097 0.000109184 0.000368125 0.000373970 0.000505946 0.007235213 0.000000000 0.000000000
71.732811100 0.010557535 0.000091533 0.000099220 0.000100452 0.000141831 0.000408029 0.000440346 0.000458209 0.008817915 0.000000000 0.000000000
72.381976811 0.005096568 0.000060567 0.000061172 0.000076325 0.000164108 0.000447191 0.000467617 0.000428082 0.003391506 0.000000000 0.000000000
73.031142523 0.008234906 0.000061226 0.000026501 0.000067407 0.000145514 0.000470469 0.000501170 0.000405708 0.006556911 0.000000000 0.000000000
73.680308234 0.008402212 0.000063789 0.000025679 0.000079508 0.000116440 0.000474783 0.000457741 0.000401260 0.006783012 0.000000000 0.000000000
74.329473945 0.008207802 0.000076387 0.000044278 0.000096686 0.000111607 0.000442865 0.000426727 0.000452341 0.006556911 0.000000000 0.000000000
74.978639657 0.009144169 0.000093905 0.000111619 0.000100569 0.000115747 0.000393354 0.000394430 0.000473232 0.007461313 0.000000000 0.000000000
75.627805368 0.010005034 0.000178592 0.000157150 0.000098952 0.000082191 0.000346203 0.000388730 0.000387501 0.008365715 0.000000000 0.000000000
76.276971079 0.009445473 0.000196885 0.000071679 0.000102020 0.000084617 0.000329994 0.000379340 0.000367424 0.007913514 0.000000000 0.000000000
76.926136791 0.006805942 0.000107206 0.000066299 0.000106679 0.000111816 0.000316469 0.000328138 0.000342925 0.005426409 0.000000000 0.000000000
77.575302502 0.008391547 0.000154162 0.000079428 0.000134753 0.000121565 0.000295360 0.000276103 0.000321063 0.007009112 0.000000000 0.000000000
78.224468213 0.007005682 0.000196230 0.000119617 0.000146168 0.000103975 0.000251198 0.000219156 0.000316827 0.005652510 0.000000000 0.000000000
78.873633925 0.011001490 0.000174870 0.000174324 0.000139377 0.000091864 0.000214190 0.000212065 0.000272484 0.009722317 0.000000000 0.000000000
79.522799636 0.008684026 0.000163331 0.000172820 0.000127567 0.000081014 0.000192118 0.000267212 0.000218652 0.007461313 0.000000000 0.000000000
80.171965347 0.007892788 0.000291293 0.000156661 0.000118258 0.000082265 0.000192260 0.000283226 0.000211915 0.006556911 0.000000000 0.000000000
80.821131059 0.010016009 0.000186939 0.000133278 0.000106158 0.000092981 0.000248040 0.000204917 0.000225781 0.008817915 0.000000000 0.000000000
81.470296770 0.008594688 0.000098596 0.000115467 0.000108097 0.000089395 0.000317598 0.000167968 0.000236253 0.007461313 0.000000000 0.000000000
82.119462481 0.007541538 0.000112908 0.000088808 0.000125561 0.000097144 0.000345619 0.000220673 0.000220013 0.006330811 0.000000000 0.000000000
82.768628193 0.009449987 0.000111803 0.000074153 0.000150468 0.000131699 0.000332547 0.000292048 0.000217655 0.008139614 0.000000000 0.000000000
83.417793904 0.007919461 0.000102034 0.000070167 0.000146686 0.000152763 0.000356993 0.000334252 0.000199655 0.006556911 0.000000000 0.000000000
84.066959615 0.010605627 0.000081474 0.000083468 0.000133123 0.000166268 0.000376453 0.000319423 0.000175303 0.009270116 0.000000000 0.000000000
84.716125326 0.009869864 0.000071797 0.000086066 0.000120467 0.000170709 0.000376012 0.000267374 0.000185624 0.008591815 0.000000000 0.000000000
85.365291038 0.009337924 0.000099901 0.000099935 0.000114762 0.000167512 0.000418399 0.000304424 0.000219478 0.007913514 0.000000000 0.000000000
86.014456749 0.005235812 0.000132309 0.000133149 0.000113353 0.000154759 0.000396730 0.000414539 0.000273366 0.003617606 0.000000000 0.000000000
86.663622460 0.001649222 0.000154725 0.000185086 0.000116935 0.000167443 0.000331000 0.000387377 0.000306657 0.000000000 0.000000000 0.000000000
87.312788172 0.001738827 0.000177408 0.000206073 0.000136207 0.000223509 0.000337591 0.000323923 0.000334118 0.000000000 0.000000000 0.000000000
87.961953883 0.001988787 0.000212780 0.000192683 0.000162396 0.000299912 0.000373355 0.000343969 0.000403693 0.000000000 0.000000000 0.000000000
88.611119594 0.002297763 0.000198402 0.000215044 0.000195966 0.000377281 0.000460632 0.000374113 0.000476325 0.000000000 0.000000000 0.000000000
89.260285306 0.002634490 0.000202660 0.000257590 0.000234975 0.000418101 0.000575428 0.000449591 0.000496146 0.000000000 0.000000000 0.000000000
89.909451017 0.003270946 0.000267679 0.000335880 0.000309784 0.000465960 0.000716677 0.000611075 0.000563891 0.000000000 0.000000000 0.000000000
90.558616728 0.004041494 0.000400204 0.000449738 0.000395623 0.000542316 0.000767494 0.000783602 0.000702516 0.000000000 0.000000000 0.000000000
91.207782440 0.004527438 0.000627261 0.000497680 0.000440877 0.000617002 0.000762803 0.000826041 0.000755774 0.000000000 0.000000000 0.000000000
91.856948151 0.004451830 0.000887231 0.000494456 0.000415613 0.000594253 0.000611412 0.000738083 0.000710781 0.000000000 0.000000000 0.000000000
92.506113862 0.003777670 0.000780055 0.000482438 0.000370825 0.000504441 0.000429450 0.000626733 0.000583728 0.000000000 0.000000000 0.000000000
93.155279574 0.003006857 0.000489599 0.000431804 0.000340207 0.000399907 0.000331975 0.000519550 0.000493814 0.000000000 0.000000000 0.000000000
93.804445285 0.002532735 0.000345969 0.000371174 0.000357519 0.000319552 0.000302459 0.000387816 0.000448246 0.000000000 0.000000000 0.000000000
94.453610996 0.002420144 0.000342401 0.000366195 0.000378028 0.000280194 0.000324259 0.000295013 0.000434054 0.000000000 0.000000000 0.000000000
95.102776707 0.002592065 0.000409284 0.000403188 0.000425508 0.000271279 0.000368798 0.000291063 0.000422946 0.000000000 0.000000000 0.000000000
95.751942419 0.002738099 0.000408722 0.000480822 0.000447727 0.000275587 0.000406507 0.000311891 0.000406842 0.000000000 0.000000000 0.000000000
96.401108130 0.002833767 0.000388958 0.000541177 0.000439545 0.000306860 0.000420652 0.000350936 0.000385639 0.000000000 0.000000000 0.000000000
97.050273841 0.002985271 0.000426784 0.000547101 0.000432286 0.000370090 0.000437463 0.000396929 0.000374618 0.000000000 0.000000000 0.000000000
97.699439553 0.003198227 0.000494327 0.000516673 0.000456468 0.000455166 0.000443061 0.000438898 0.000393634 0.000000000 0.000000000 0.000000000
98.348605264 0.003411731 0.000522675 0.000483008 0.000534063 0.000511274 0.000437591 0.000496369 0.000426751 0.000000000 0.000000000 0.000000000
98.997770975 0.003389176 0.000438207 0.000468076 0.000552802 0.000576075 0.000412157 0.000504169 0.000437691 0.000000000 0.000000000 0.000000000
99.646936687 0.003192587 0.000373095 0.000470178 0.000522014 0.000564024 0.000394493 0.000425765 0.000443019 0.000000000 0.000000000 0.000000000
100.296102398 0.003019727 0.000382437 0.000473464 0.000489133 0.000503148 0.000366363 0.000375219 0.000429963 0.000000000 0.000000000 0.000000000
100.945268109 0.002924217 0.000402855 0.000454279 0.000462392 0.000433532 0.000386277 0.000364126 0.000420755 0.000000000 0.000000000 0.000000000
101.594433821 0.002846590 0.000401676 0.000411869 0.000416014 0.000393246 0.000418803 0.000363605 0.000441377 0.000000000 0.000000000 0.000000000
102.243599532 0.002868344 0.000425117 0.000356666 0.000399899 0.000404824 0.000433594 0.000394158 0.000454087 0.000000000 0.000000000 0.000000000
102.892765243 0.002920325 0.000437306 0.000333729 0.000368872 0.000422892 0.000448404 0.000453019 0.000456103 0.000000000 0.000000000 0.000000000
103.541930955 0.002941909 0.000450402 0.000316206 0.000355705 0.000443575 0.000445225 0.000478010 0.000452786 0.000000000 0.000000000 0.000000000
104.191096666 0.003016942 0.000462148 0.000313804 0.000366972 0.000466831 0.000454036 0.000486338 0.000466813 0.000000000 0.000000000 0.000000000
104.840262377 0.003057352 0.000494433 0.000354742 0.000347385 0.000453637 0.000458942 0.000491875 0.000456337 0.000000000 0.000000000 0.000000000
105.489428089 0.003154312 0.000526711 0.000426193 0.000351949 0.000465987 0.000469606 0.000478868 0.000434999 0.000000000 0.000000000 0.000000000
106.138593800 0.003241306 0.000506560 0.000479440 0.000364790 0.000512313 0.000473557 0.000464406 0.000440239 0.000000000 0.000000000 0.000000000
106.787759511 0.003250750 0.000475478 0.000496925 0.000376541 0.000528595 0.000477733 0.000462805 0.000432673 0.000000000 0.000000000 0.000000000
107.436925222 0.003233537 0.000439932 0.000503735 0.000402197 0.000519246 0.000461493 0.000465647 0.000441287 0.000000000 0.000000000 0.000000000
108.086090934 0.003179058 0.000424354 0.000517403 0.000436405 0.000458947 0.000431555 0.000455023 0.000455371 0.000000000 0.000000000 0.000000000
108.735256645 0.003146521 0.000413741 0.000550100 0.000482138 0.000406159 0.000409807 0.000431775 0.000452801 0.000000000 0.000000000 0.000000000
109.384422356 0.003053071 0.000392930 0.000522275 0.000535368 0.000367616 0.000403086 0.000395917 0.000435878 0.000000000 0.000000000 0.000000000
110.033588068 0.002991183 0.000394163 0.000490869 0.000572689 0.000359556 0.000397588 0.000361035 0.000415284 0.000000000 0.000000000 0.000000000
110.682753779 0.002954334 0.000385391 0.000449454 0.000579734 0.000348180 0.000408255 0.000363492 0.000419829 0.000000000 0.000000000 0.000000000
111.331919490 0.003039045 0.000391663 0.000456804 0.000562857 0.000344022 0.000445257 0.000399343 0.000439097 0.000000000 0.000000000 0.000000000
111.981085202 0.003133764 0.000408796 0.000473573 0.000518127 0.000337304 0.000496556 0.000446324 0.000453084 0.000000000 0.000000000 0.000000000
112.630250913 0.003262588 0.000428824 0.000479108 0.000516111 0.000334098 0.000534815 0.000495450 0.000474181 0.000000000 0.000000000 0.000000000
113.279416624 0.003325985 0.000423816 0.000461058 0.000502168 0.000325918 0.000573679 0.000551051 0.000488295 0.000000000 0.000000000 0.000000000
113.928582336 0.003364968 0.000438047 0.000416608 0.000468275 0.000333114 0.000587842 0.000614860 0.000506223 0.000000000 0.000000000 0.000000000
114.577748047 0.003354292 0.000457983 0.000390220 0.000430501 0.000365147 0.000569721 0.000619096 0.000521624 0.000000000 0.000000000 0.000000000
115.226913758 0.003397409 0.000511769 0.000399679 0.000435266 0.000391337 0.000544268 0.000572141 0.000542951 0.000000000 0.000000000 0.000000000
115.876079470 0.003373156 0.000540261 0.000379779 0.000433618 0.000427803 0.000514249 0.000545148 0.000532299 0.000000000 0.000000000 0.000000000
116.525245181 0.003198069 0.000490147 0.000359034 0.000435387 0.000430177 0.000468560 0.000513601 0.000501163 0.000000000 0.000000000 0.000000000
117.174410892 0.003083075 0.000444153 0.000349047 0.000446008 0.000452579 0.000426133 0.000483580 0.000481574 0.000000000 0.000000000 0.000000000
117.823576603 0.002997812 0.000409345 0.000376725 0.000453897 0.000474741 0.000395645 0.000427296 0.000460163 0.000000000 0.000000000 0.000000000
118.472742315 0.002941948 0.000383833 0.000402852 0.000452547 0.000497975 0.000389182 0.000380888 0.000434671 0.000000000 0.000000000 0.000000000
119.121908026 0.002880078 0.000383077 0.000401756 0.000449948 0.000493361 0.000382650 0.000360739 0.000408546 0.000000000 0.000000000 0.000000000
119.771073737 0.002924881 0.000391247 0.000434997 0.000460655 0.000503708 0.000365030 0.000373204 0.000396040 0.000000000 0.000000000 0.000000000
120.420239449 0.003001994 0.000411785 0.000499950 0.000451258 0.000486722 0.000372168 0.000376806 0.000403304 0.000000000 0.000000000 0.000000000
121.069405160 0.003044089 0.000437525 0.000522504 0.000421431 0.000466763 0.000367869 0.000387900 0.000440095 0.000000000 0.000000000 0.000000000
121.718570871 0.003061201 0.000454809 0.000520779 0.000417996 0.000458869 0.000369598 0.000383315 0.000455836 0.000000000 0.000000000 0.000000000
122.367736583 0.003031621 0.000469239 0.000527999 0.000434948 0.000445005 0.000368821 0.000367123 0.000418485 0.000000000 0.000000000 0.000000000
123.016902294 0.002968228 0.000485417 0.000480325 0.000449065 0.000421016 0.000377582 0.000357290 0.000397534 0.000000000 0.000000000 0.000000000
123.666068005 0.003004969 0.000514147 0.000474247 0.000448821 0.000408412 0.000391204 0.000372008 0.000396128 0.000000000 0.000000000 0.000000000
124.315233717 0.003053692 0.000553762 0.000452923 0.000451200 0.000409070 0.000394065 0.000403129 0.000389543 0.000000000 0.000000000 0.000000000
124.964399428 0.002996143 0.000527920 0.000446435 0.000457291 0.000386789 0.000386046 0.000422191 0.000369471 0.000000000 0.000000000 0.000000000
125.613565139 0.002958835 0.000487051 0.000452953 0.000466831 0.000398605 0.000360810 0.000428767 0.000363819 0.000000000 0.000000000 0.000000000
126.262730851 0.002974456 0.000455263 0.000456232 0.000475635 0.000426585 0.000372573 0.000391124 0.000397045 0.000000000 0.000000000 0.000000000
126.911896562 0.002942865 0.000470225 0.000428491 0.000469844 0.000427478 0.000364651 0.000360699 0.000421477 0.000000000 0.000000000 0.000000000
127.561062273 0.002945947 0.000474366 0.000417320 0.000458407 0.000425107 0.000371530 0.000355784 0.000443432 0.000000000 0.000000000 0.000000000
128.210227984 0.002998064 0.000488127 0.000412855 0.000455952 0.000431668 0.000391413 0.000379739 0.000438311 0.000000000 0.000000000 0.000000000
128.859393696 0.003060258 0.000478528 0.000424990 0.000471537 0.000439801 0.000412163 0.000415705 0.000417535 0.000000000 0.000000000 0.000000000
129.508559407 0.003098039 0.000458941 0.000423865 0.000475102 0.000454516 0.000434722 0.000447299 0.000403594 0.000000000 0.000000000 0.000000000
130.157725118 0.003082658 0.000430293 0.000442432 0.000475284 0.000434350 0.000466641 0.000436209 0.000397448 0.000000000 0.000000000 0.000000000
130.806890830 0.003093672 0.000379512 0.000473182 0.000484256 0.000443588 0.000483232 0.000423611 0.000406291 0.000000000 0.000000000 0.000000000
131.456056541 0.003070815 0.000340094 0.000505882 0.000459777 0.000449005 0.000485233 0.000434044 0.000396781 0.000000000 0.000000000 0.000000000
132.105222252 0.003077652 0.000322822 0.000514144 0.000450882 0.000464731 0.000479947 0.000460501 0.000384624 0.000000000 0.000000000 0.000000000
132.754387964 0.003110439 0.000338124 0.000485078 0.000452116 0.000475790 0.000491192 0.000473653 0.000394486 0.000000000 0.000000000 0.000000000
133.403553675 0.003159017 0.000367126 0.000444468 0.000454086 0.000486671 0.000521457 0.000458085 0.000427125 0.000000000 0.000000000 0.000000000
134.052719386 0.003279030 0.000425373 0.000411881 0.000472427 0.000511217 0.000548586 0.000460534 0.000449012 0.000000000 0.000000000 0.000000000
134.701885098 0.003304615 0.000437260 0.000411820 0.000453911 0.000509275 0.000554363 0.000492707 0.000445279 0.000000000 0.000000000 0.000000000
135.351050809 0.003233933 0.000444298 0.000414411 0.000427858 0.000485161 0.000529176 0.000500921 0.000432107 0.000000000 0.000000000 0.000000000
136.000216520 0.003138066 0.000407311 0.000420474 0.000437583 0.000439999 0.000491429 0.000513795 0.000427476 0.000000000 0.000000000 0.000000000
136.649382232 0.003072466 0.000393336 0.000411070 0.000421157 0.000406988 0.000470918 0.000505627 0.000463369 0.000000000 0.000000000 0.000000000
137.298547943 0.003062049 0.000414101 0.000407174 0.000411482 0.000392638 0.000458449 0.000488192 0.000490013 0.000000000 0.000000000 0.000000000
137.947713654 0.003011765 0.000409844 0.000386919 0.000427210 0.000361833 0.000456212 0.000468620 0.000501127 0.000000000 0.000000000 0.000000000
138.596879366 0.003081493 0.000430555 0.000427642 0.000477453 0.000347627 0.000439586 0.000465897 0.000492733 0.000000000 0.000000000 0.000000000
139.246045077 0.003189070 0.000477674 0.000487061 0.000526902 0.000334445 0.000439056 0.000444674 0.000479258 0.000000000 0.000000000 0.000000000
139.895210788 0.003255240 0.000521248 0.000514015 0.000551267 0.000328219 0.000438336 0.000446581 0.000455574 0.000000000 0.000000000 0.000000000
140.544376499 0.003231336 0.000549399 0.000525210 0.000536620 0.000329863 0.000423462 0.000426261 0.000440522 0.000000000 0.000000000 0.000000000
141.193542211 0.003179384 0.000541980 0.000490940 0.000506409 0.000343312 0.000412172 0.000418670 0.000465900 0.000000000 0.000000000 0.000000000
141.842707922 0.003110566 0.000521060 0.000468225 0.000450226 0.000358233 0.000394025 0.000420697 0.000498100 0.000000000 0.000000000 0.000000000
142.491873633 0.003061532 0.000491011 0.000420729 0.000416287 0.000390842 0.000401420 0.000440480 0.000500762 0.000000000 0.000000000 0.000000000
143.141039345 0.003040031 0.000438190 0.000384673 0.000413306 0.000420789 0.000415243 0.000454631 0.000513198 0.000000000 0.000000000 0.000000000
143.790205056 0.003099986 0.000402881 0.000375403 0.000423308 0.000440374 0.000436879 0.000488507 0.000532633 0.000000000 0.000000000 0.000000000
144.439370767 0.003166495 0.000376637 0.000384347 0.000430040 0.000438841 0.000467825 0.000527915 0.000540892 0.000000000 0.000000000 0.000000000
145.088536479 0.003217863 0.000388496 0.000389743 0.000439101 0.000442159 0.000477087 0.000532199 0.000549078 0.000000000 0.000000000 0.000000000
145.737702190 0.003214029 0.000417691 0.000378696 0.000418454 0.000417030 0.000510219 0.000535489 0.000536451 0.000000000 0.000000000 0.000000000
146.386867901 0.003188541 0.000441224 0.000382127 0.000410999 0.000393797 0.000517789 0.000522233 0.000520370 0.000000000 0.000000000 0.000000000
147.036033613 0.003130569 0.000459603 0.000396527 0.000392218 0.000376859 0.000507339 0.000481766 0.000516257 0.000000000 0.000000000 0.000000000
147.685199324 0.003112308 0.000418046 0.000430783 0.000382399 0.000407356 0.000500519 0.000477339 0.000495865 0.000000000 0.000000000 0.000000000
148.334365035 0.003080849 0.000370353 0.000459155 0.000388741 0.000416510 0.000497891 0.000466540 0.000481658 0.000000000 0.000000000 0.000000000
148.983530747 0.003082064 0.000370514 0.000451807 0.000401261 0.000426047 0.000501937 0.000476628 0.000453870 0.000000000 0.000000000 0.000000000
149.632696458 0.003178527 0.000401106 0.000459867 0.000402564 0.000425939 0.000517515 0.000511828 0.000459709 0.000000000 0.000000000 0.000000000
150.281862169 0.003364508 0.000430464 0.000444050 0.000427355 0.000459227 0.000552804 0.000568688 0.000481920 0.000000000 0.000000000 0.000000000
150.931027880 0.003456682 0.000428049 0.000435765 0.000433025 0.000502036 0.000594846 0.000575186 0.000487774 0.000000000 0.000000000 0.000000000
151.580193592 0.003369410 0.000406946 0.000427198 0.000449329 0.000519696 0.000562378 0.000525359 0.000478503 0.000000000 0.000000000 0.000000000
152.229359303 0.003225407 0.000376621 0.000424978 0.000454732 0.000490832 0.000515571 0.000478105 0.000484567 0.000000000 0.000000000 0.000000000
152.878525014 0.003053892 0.000387097 0.000415624 0.000448866 0.000444525 0.000458069 0.000439740 0.000459971 0.000000000 0.000000000 0.000000000
153.527690726 0.002895143 0.000382773 0.000395550 0.000437957 0.000427076 0.000413175 0.000409247 0.000429365 0.000000000 0.000000000 0.000000000
154.176856437 0.002813545 0.000388198 0.000382542 0.000427897 0.000412012 0.000392942 0.000405170 0.000404784 0.000000000 0.000000000 0.000000000
154.826022148 0.002824346 0.000413426 0.000392491 0.000420662 0.000406209 0.000400408 0.000396731 0.000394419 0.000000000 0.000000000 0.000000000
155.475187860 0.002892733 0.000430185 0.000421408 0.000406425 0.000431769 0.000415580 0.000391835 0.000395533 0.000000000 0.000000000 0.000000000
156.124353571 0.003028350 0.000471773 0.000451944 0.000400700 0.000475214 0.000448083 0.000381512 0.000399126 0.000000000 0.000000000 0.000000000
156.773519282 0.003169572 0.000486747 0.000455034 0.000412010 0.000533555 0.000482696 0.000400382 0.000399148 0.000000000 0.000000000 0.000000000
157.422684994 0.003205749 0.000484551 0.000438948 0.000409542 0.000546703 0.000481666 0.000444624 0.000399714 0.000000000 0.000000000 0.000000000
158.071850705 0.003189452 0.000484398 0.000442959 0.000422895 0.000552838 0.000446343 0.000462874 0.000377145 0.000000000 0.000000000 0.000000000
158.721016416 0.003136990 0.000470514 0.000456220 0.000431527 0.000513885 0.000425294 0.000468398 0.000371152 0.000000000 0.000000000 0.000000000
159.370182128 0.003069267 0.000483653 0.000455267 0.000437581 0.000479040 0.000386433 0.000440175 0.000387118 0.000000000 0.000000000 0.000000000
160.019347839 0.002990840 0.000463949 0.000467995 0.000432298 0.000441457 0.000364455 0.000404814 0.000415873 0.000000000 0.000000000 0.000000000
160.668513550 0.002921537 0.000446343 0.000477991 0.000423538 0.000422272 0.000352791 0.000377096 0.000421505 0.000000000 0.000000000 0.000000000
161.317679262 0.002870192 0.000423174 0.000478915 0.000410622 0.000411058 0.000351412 0.000362387 0.000432623 0.000000000 0.000000000 0.000000000
161.966844973 0.002880560 0.000410716 0.000472058 0.000426154 0.000423901 0.000349617 0.000360813 0.000437301 0.000000000 0.000000000 0.000000000
162.616010684 0.002975348 0.000431248 0.000456873 0.000426364 0.000447446 0.000359473 0.000391713 0.000462231 0.000000000 0.000000000 0.000000000
163.265176395 0.003014299 0.000424669 0.000450186 0.000420819 0.000468511 0.000378860 0.000393486 0.000477768 0.000000000 0.000000000 0.000000000
163.914342107 0.002985553 0.000427486 0.000421337 0.000414685 0.000477822 0.000397080 0.000377100 0.000470044 0.000000000 0.000000000 0.000000000
164.563507818 0.002995790 0.000444859 0.000417245 0.000406059 0.000458981 0.000429740 0.000397095 0.000441811 0.000000000 0.000000000 0.000000000
165.212673529 0.003018882 0.000480439 0.000416781 0.000387084 0.000455476 0.000435352 0.000429372 0.000414380 0.000000000 0.000000000 0.000000000
165.861839241 0.003052769 0.000479245 0.000407627 0.000395299 0.000445758 0.000448259 0.000473878 0.000402703 0.000000000 0.000000000 0.000000000
166.511004952 0.003143661 0.000471714 0.000413521 0.000382731 0.000457647 0.000476100 0.000499563 0.000442384 0.000000000 0.000000000 0.000000000
167.160170663 0.003228683 0.000486243 0.000408774 0.000370917 0.000467444 0.000497332 0.000517865 0.000480107 0.000000000 0.000000000 0.000000000
167.809336375 0.003182193 0.000468857 0.000409914 0.000354387 0.000450801 0.000503637 0.000501514 0.000493084 0.000000000 0.000000000 0.000000000
168.458502086 0.003106863 0.000436319 0.000404687 0.000363010 0.000433808 0.000505797 0.000477476 0.000485766 0.000000000 0.000000000 0.000000000
169.107667797 0.003053256 0.000388875 0.000409768 0.000373182 0.000436676 0.000489647 0.000475522 0.000479585 0.000000000 0.000000000 0.000000000
169.756833509 0.003051849 0.000378159 0.000407062 0.000395553 0.000431320 0.000475605 0.000496636 0.000467515 0.000000000 0.000000000 0.000000000
170.405999220 0.003173920 0.000417000 0.000422353 0.000418448 0.000461601 0.000476792 0.000497971 0.000479755 0.000000000 0.000000000 0.000000000
171.055164931 0.003205439 0.000425181 0.000432106 0.000436731 0.000469002 0.000473509 0.000490184 0.000478726 0.000000000 0.000000000 0.000000000
171.704330643 0.003207738 0.000398447 0.000449668 0.000469863 0.000469870 0.000490141 0.000473156 0.000456593 0.000000000 0.000000000 0.000000000
172.353496354 0.003152185 0.000373274 0.000464141 0.000492879 0.000459814 0.000481547 0.000436694 0.000443835 0.000000000 0.000000000 0.000000000
173.002662065 0.003086419 0.000358687 0.000461048 0.000495328 0.000439002 0.000478089 0.000424401 0.000429863 0.000000000 0.000000000 0.000000000
173.651827776 0.003132493 0.000383990 0.000489036 0.000495702 0.000433235 0.000470075 0.000430959 0.000429497 0.000000000 0.000000000 0.000000000
174.300993488 0.003128838 0.000395443 0.000505493 0.000470714 0.000427899 0.000460284 0.000437494 0.000431510 0.000000000 0.000000000 0.000000000
174.950159199 0.003117633 0.000406143 0.000515319 0.000442893 0.000408571 0.000463099 0.000446793 0.000434816 0.000000000 0.000000000 0.000000000
175.599324910 0.003126531 0.000422763 0.000486175 0.000450821 0.000400705 0.000467878 0.000463707 0.000434483 0.000000000 0.000000000 0.000000000
176.248490622 0.003179402 0.000441775 0.000446691 0.000457590 0.000385996 0.000484630 0.000500987 0.000461733 0.000000000 0.000000000 0.000000000
176.897656333 0.003195846 0.000474947 0.000390243 0.000462643 0.000366852 0.000489807 0.000522899 0.000488455 0.000000000 0.000000000 0.000000000
177.546822044 0.003148470 0.000499222 0.000329271 0.000449881 0.000357116 0.000498049 0.000512317 0.000502615 0.000000000 0.000000000 0.000000000
178.195987756 0.003141273 0.000486788 0.000324447 0.000457960 0.000368136 0.000500892 0.000489267 0.000513784 0.000000000 0.000000000 0.000000000
178.845153467 0.003220328 0.000491078 0.000361756 0.000461008 0.000402312 0.000500893 0.000482042 0.000521239 0.000000000 0.000000000 0.000000000
179.494319178 0.003247979 0.000480500 0.000392984 0.000491830 0.000419131 0.000493856 0.000477412 0.000492265 0.000000000 0.000000000 0.000000000
180.143484890 0.003171693 0.000429044 0.000400576 0.000477357 0.000400369 0.000493922 0.000491373 0.000479052 0.000000000 0.000000000 0.000000000
180.792650601 0.003101178 0.000391927 0.000379503 0.000455730 0.000384213 0.000495927 0.000503423 0.000490456 0.000000000 0.000000000 0.000000000
181.441816312 0.003060406 0.000367260 0.000389973 0.000432234 0.000383644 0.000485175 0.000507110 0.000495010 0.000000000 0.000000000 0.000000000
182.090982024 0.003058651 0.000374995 0.000400369 0.000406802 0.000394247 0.000474252 0.000512424 0.000495562 0.000000000 0.000000000 0.000000000
182.740147735 0.003102820 0.000395082 0.000418423 0.000383598 0.000422689 0.000462991 0.000506750 0.000513287 0.000000000 0.000000000 0.000000000
183.389313446 0.003159338 0.000408750 0.000462475 0.000379905 0.000450416 0.000450032 0.000486934 0.000520826 0.000000000 0.000000000 0.000000000
184.038479157 0.003193744 0.000428361 0.000503354 0.000389888 0.000467338 0.000434847 0.000466994 0.000502963 0.000000000 0.000000000 0.000000000
184.687644869 0.003162796 0.000428130 0.000530715 0.000407466 0.000461933 0.000438898 0.000421826 0.000473827 0.000000000 0.000000000 0.000000000
185.336810580 0.003078604 0.000440746 0.000490594 0.000422096 0.000444431 0.000431718 0.000402069 0.000446951 0.000000000 0.000000000 0.000000000
185.985976291 0.003020065 0.000434354 0.000449034 0.000448655 0.000419813 0.000438685 0.000406293 0.000423232 0.000000000 0.000000000 0.000000000
186.635142003 0.003023198 0.000434877 0.000438917 0.000469159 0.000402378 0.000440232 0.000420383 0.000417252 0.000000000 0.000000000 0.000000000
187.284307714 0.003066616 0.000434027 0.000436882 0.000484239 0.000417493 0.000439136 0.000429268 0.000425571 0.000000000 0.000000000 0.000000000
187.933473425 0.003113527 0.000462238 0.000455882 0.000460104 0.000431577 0.000434260 0.000430746 0.000438720 0.000000000 0.000000000 0.000000000
188.582639137 0.003082327 0.000458105 0.000436024 0.000436924 0.000420954 0.000458982 0.000439958 0.000431380 0.000000000 0.000000000 0.000000000
189.231804848 0.003039957 0.000440391 0.000418607 0.000411818 0.000400439 0.000488143 0.000451435 0.000429125 0.000000000 0.000000000 0.000000000
189.880970559 0.003023871 0.000402518 0.000406763 0.000390672 0.000404528 0.000499014 0.000477773 0.000442603 0.000000000 0.000000000 0.000000000
190.530136271 0.003145749 0.000403860 0.000406702 0.000393430 0.000406669 0.000514312 0.000529361 0.000491414 0.000000000 0.000000000 0.000000000
191.179301982 0.003206306 0.000425112 0.000396540 0.000396949 0.000409313 0.000500547 0.000566181 0.000511665 0.000000000 0.000000000 0.000000000
191.828467693 0.003210018 0.000434025 0.000415015 0.000415104 0.000399593 0.000478957 0.000549658 0.000517666 0.000000000 0.000000000 0.000000000
192.477633405 0.003145097 0.000422205 0.000430532 0.000423478 0.000407759 0.000462191 0.000497263 0.000501668 0.000000000 0.000000000 0.000000000
193.126799116 0.003121432 0.000417319 0.000445358 0.000452214 0.000436024 0.000441806 0.000454611 0.000474099 0.000000000 0.000000000 0.000000000
193.775964827 0.003044361 0.000430086 0.000426257 0.000472081 0.000456679 0.000421257 0.000407999 0.000430004 0.000000000 0.000000000 0.000000000
194.425130539 0.002985352 0.000445938 0.000405406 0.000493324 0.000457847 0.000401784 0.000386468 0.000394585 0.000000000 0.000000000 0.000000000
195.074296250 0.002898441 0.000461928 0.000390358 0.000486713 0.000471090 0.000379514 0.000347283 0.000361554 0.000000000 0.000000000 0.000000000
195.723461961 0.002861480 0.000480268 0.000401175 0.000477107 0.000474149 0.000356061 0.000329702 0.000343020 0.000000000 0.000000000 0.000000000
196.372627672 0.002847441 0.000484993 0.000447948 0.000457038 0.000482860 0.000334310 0.000322315 0.000317978 0.000000000 0.000000000 0.000000000
197.021793384 0.002810153 0.000452970 0.000478388 0.000425519 0.000507430 0.000321795 0.000308870 0.000315179 0.000000000 0.000000000 0.000000000
197.670959095 0.002817989 0.000433500 0.000495230 0.000423926 0.000522756 0.000326163 0.000299901 0.000316511 0.000000000 0.000000000 0.000000000
198.320124806 0.002877506 0.000457131 0.000511974 0.000411422 0.000538193 0.000336393 0.000305415 0.000316977 0.000000000 0.000000000 0.000000000
198.969290518 0.002916164 0.000461818 0.000522085 0.000406110 0.000534573 0.000328447 0.000329142 0.000333989 0.000000000 0.000000000 0.000000000
199.618456229 0.002959349 0.000477209 0.000511881 0.000422814 0.000513705 0.000335225 0.000352596 0.000345920 0.000000000 0.000000000 0.000000000
200.267621940 0.002984303 0.000490855 0.000500453 0.000434543 0.000481790 0.000354130 0.000366070 0.000356461 0.000000000 0.000000000 0.000000000
200.916787652 0.003007799 0.000482647 0.000497838 0.000447944 0.000441292 0.000373428 0.000379941 0.000384708 0.000000000 0.000000000 0.000000000
201.565953363 0.003045542 0.000444602 0.000490898 0.000447378 0.000422271 0.000398058 0.000405090 0.000437246 0.000000000 0.000000000 0.000000000
202.215119074 0.003078582 0.000418043 0.000471060 0.000464457 0.000400783 0.000417405 0.000439306 0.000467528 0.000000000 0.000000000 0.000000000
202.864284786 0.003060479 0.000394646 0.000414425 0.000466325 0.000370816 0.000432000 0.000458173 0.000524095 0.000000000 0.000000000 0.000000000
203.513450497 0.003083505 0.000404400 0.000360097 0.000469061 0.000358441 0.000459857 0.000480765 0.000550885 0.000000000 0.000000000 0.000000000
204.162616208 0.003157556 0.000447630 0.000347384 0.000495238 0.000340063 0.000466782 0.000505215 0.000555244 0.000000000 0.000000000 0.000000000
204.811781920 0.003191437 0.000500291 0.000312757 0.000507069 0.000332198 0.000512202 0.000509435 0.000517485 0.000000000 0.000000000 0.000000000
205.460947631 0.003284167 0.000528999 0.000300020 0.000506540 0.000329719 0.000563996 0.000531946 0.000522947 0.000000000 0.000000000 0.000000000
206.110113342 0.003369875 0.000492906 0.000325341 0.000510825 0.000331622 0.000610379 0.000587769 0.000511033 0.000000000 0.000000000 0.000000000
206.759279053 0.003398827 0.000398372 0.000382074 0.000518089 0.000345765 0.000662554 0.000586153 0.000505820 0.000000000 0.000000000 0.000000000
207.408444765 0.003349581 0.000308797 0.000428688 0.000476413 0.000345318 0.000667420 0.000609771 0.000513173 0.000000000 0.000000000 0.000000000
208.057610476 0.003305412 0.000309498 0.000442402 0.000424832 0.000348868 0.000621401 0.000629965 0.000528446 0.000000000 0.000000000 0.000000000
208.706776187 0.003282619 0.000345853 0.000470056 0.000376609 0.000359463 0.000573193 0.000610911 0.000546534 0.000000000 0.000000000 0.000000000
209.355941899 0.003296625 0.000367425 0.000493948 0.000354519 0.000368925 0.000563852 0.000586022 0.000561933 0.000000000 0.000000000 0.000000000
210.005107610 0.003344527 0.000375244 0.000498369 0.000340299 0.000410249 0.000568633 0.000572895 0.000578838 0.000000000 0.000000000 0.000000000
210.654273321 0.003386160 0.000361655 0.000496013 0.000340591 0.000455404 0.000559595 0.000570912 0.000601989 0.000000000 0.000000000 0.000000000
211.303439033 0.003329936 0.000358918 0.000450228 0.000347154 0.000473141 0.000542823 0.000547231 0.000610441 0.000000000 0.000000000 0.000000000
211.952604744 0.003318182 0.000358039 0.000421292 0.000360090 0.000489856 0.000532047 0.000542946 0.000613911 0.000000000 0.000000000 0.000000000
212.601770455 0.003274268 0.000367670 0.000403072 0.000386977 0.000481480 0.000534091 0.000535359 0.000565619 0.000000000 0.000000000 0.000000000
213.250936167 0.003192741 0.000363669 0.000388007 0.000376211 0.000464432 0.000545577 0.000533903 0.000520941 0.000000000 0.000000000 0.000000000
213.900101878 0.003154852 0.000362439 0.000362581 0.000367031 0.000454379 0.000581589 0.000521965 0.000504868 0.000000000 0.000000000 0.000000000
214.549267589 0.003119642 0.000408095 0.000334267 0.000345033 0.000439113 0.000592240 0.000512306 0.000488588 0.000000000 0.000000000 0.000000000
215.198433301 0.003097221 0.000443047 0.000302776 0.000348883 0.000408077 0.000563077 0.000533635 0.000497727 0.000000000 0.000000000 0.000000000
215.847599012 0.003123159 0.000440555 0.000293856 0.000357608 0.000390505 0.000539148 0.000586834 0.000514652 0.000000000 0.000000000 0.000000000
216.496764723 0.003170259 0.000454554 0.000305036 0.000360592 0.000373731 0.000512773 0.000609447 0.000554126 0.000000000 0.000000000 0.000000000
217.145930434 0.003248728 0.000454155 0.000340599 0.000385033 0.000372699 0.000493037 0.000598461 0.000604744 0.000000000 0.000000000 0.000000000
217.795096146 0.003264221 0.000458358 0.000364647 0.000386993 0.000375063 0.000494211 0.000546434 0.000638516 0.000000000 0.000000000 0.000000000
218.444261857 0.003246001 0.000458054 0.000399501 0.000388161 0.000400603 0.000487161 0.000493771 0.000618751 0.000000000 0.000000000 0.000000000
219.093427568 0.003208936 0.000444024 0.000436501 0.000400556 0.000419673 0.000485668 0.000467282 0.000555230 0.000000000 0.000000000 0.000000000
219.742593280 0.003146580 0.000453772 0.000430223 0.000407602 0.000418401 0.000479545 0.000458589 0.000498447 0.000000000 0.000000000 0.000000000
220.391758991 0.003063110 0.000420609 0.000430262 0.000398710 0.000427688 0.000465730 0.000450153 0.000469959 0.000000000 0.000000000 0.000000000
221.040924702 0.002994049 0.000370048 0.000448994 0.000384319 0.000430895 0.000458435 0.000454787 0.000446571 0.000000000 0.000000000 0.000000000
221.690090414 0.002991222 0.000351677 0.000463914 0.000396504 0.000430194 0.000460675 0.000456758 0.000431500 0.000000000 0.000000000 0.000000000
222.339256125 0.003055810 0.000378171 0.000456446 0.000412110 0.000444852 0.000473804 0.000454533 0.000435895 0.000000000 0.000000000 0.000000000
222.988421836 0.003189440 0.000399351 0.000462251 0.000428587 0.000466772 0.000480846 0.000491144 0.000460490 0.000000000 0.000000000 0.000000000
223.637587548 0.003357335 0.000422751 0.000461213 0.000459435 0.000489092 0.000489675 0.000526681 0.000508487 0.000000000 0.000000000 0.000000000
224.286753259 0.003515942 0.000433682 0.000443344 0.000507601 0.000480040 0.000511485 0.000575725 0.000564065 0.000000000 0.000000000 0.000000000
224.935918970 0.003532966 0.000444556 0.000420067 0.000539070 0.000422797 0.000533564 0.000579718 0.000593194 0.000000000 0.000000000 0.000000000
225.585084682 0.003350732 0.000409872 0.000401159 0.000531512 0.000369163 0.000515624 0.000528985 0.000594416 0.000000000 0.000000000 0.000000000
226.234250393 0.003104586 0.000376965 0.000399388 0.000517639 0.000300278 0.000502138 0.000465113 0.000543065 0.000000000 0.000000000 0.000000000
226.883416104 0.002889365 0.000379539 0.000385292 0.000485882 0.000258976 0.000493865 0.000412713 0.000473098 0.000000000 0.000000000 0.000000000
227.532581816 0.002757839 0.000393532 0.000408004 0.000435397 0.000230088 0.000478774 0.000397765 0.000414279 0.000000000 0.000000000 0.000000000
228.181747527 0.002705308 0.000484741 0.000392855 0.000379196 0.000242144 0.000448423 0.000388719 0.000369230 0.000000000 0.000000000 0.000000000
228.830913238 0.002663865 0.000518933 0.000365495 0.000331218 0.000259614 0.000423077 0.000421853 0.000343675 0.000000000 0.000000000 0.000000000
229.480078949 0.002772970 0.000513179 0.000393129 0.000300223 0.000297847 0.000438736 0.000474787 0.000355068 0.000000000 0.000000000 0.000000000
230.129244661 0.003232372 0.000503747 0.000503101 0.000300377 0.000406797 0.000515077 0.000552860 0.000450413 0.000000000 0.000000000 0.000000000
230.778410372 0.003911787 0.000482300 0.000596101 0.000336148 0.000585669 0.000637201 0.000667156 0.000607212 0.000000000 0.000000000 0.000000000
231.427576083 0.004553637 0.000454656 0.000573370 0.000414486 0.000711353 0.000797534 0.000838139 0.000764099 0.000000000 0.000000000 0.000000000
232.076741795 0.004599609 0.000427483 0.000476342 0.000504713 0.000679333 0.000849276 0.000846976 0.000815486 0.000000000 0.000000000 0.000000000
232.725907506 0.003947442 0.000333300 0.000380372 0.000505093 0.000556918 0.000763655 0.000677561 0.000730544 0.000000000 0.000000000 0.000000000
233.375073217 0.003142393 0.000235973 0.000298961 0.000389924 0.000424826 0.000681770 0.000544822 0.000566118 0.000000000 0.000000000 0.000000000
234.024238929 0.002559483 0.000194082 0.000273126 0.000255251 0.000325238 0.000554605 0.000470260 0.000486922 0.000000000 0.000000000 0.000000000
234.673404640 0.002269494 0.000134081 0.000265885 0.000212103 0.000289058 0.000426184 0.000460816 0.000481368 0.000000000 0.000000000 0.000000000
235.322570351 0.001961529 0.000081491 0.000212899 0.000202231 0.000281932 0.000351303 0.000442770 0.000388903 0.000000000 0.000000000 0.000000000
235.971736063 0.001731025 0.000069166 0.000165601 0.000191840 0.000219072 0.000340868 0.000401168 0.000343312 0.000000000 0.000000000 0.000000000
236.620901774 0.001629971 0.000079026 0.000142326 0.000164434 0.000187177 0.000329566 0.000348864 0.000378578 0.000000000 0.000000000 0.000000000
237.270067485 0.007287905 0.000111261 0.000123764 0.000135333 0.000174227 0.000321988 0.000334772 0.000434049 0.000000000 0.005652510 0.000000000
237.919233197 0.010220113 0.000135196 0.000102157 0.000123038 0.000139246 0.000283501 0.000273045 0.000346015 0.000000000 0.008817915 0.000000000
238.568398908 0.008093227 0.000149168 0.000106596 0.000129049 0.000133554 0.000260958 0.000261920 0.000268970 0.000000000 0.006783012 0.000000000
239.217564619 0.011586418 0.000136976 0.000121538 0.000274835 0.000126385 0.000256548 0.000267426 0.000228191 0.000000000 0.010174518 0.000000000
239.866730330 0.007091076 0.000113198 0.000108092 0.000145788 0.000107616 0.000236664 0.000273747 0.000227360 0.000000000 0.005878610 0.000000000
240.515896042 0.009048023 0.000112209 0.000079733 0.000095989 0.000098288 0.000237768 0.000249129 0.000261394 0.000000000 0.007913514 0.000000000
241.165061753 0.007757575 0.000122156 0.000091255 0.000110035 0.000104577 0.000247276 0.000241684 0.000283681 0.000000000 0.006556911 0.000000000
241.814227464 0.010304509 0.000133151 0.000115922 0.000103241 0.000093331 0.000236171 0.000257489 0.000321189 0.000000000 0.009044016 0.000000000
242.463393176 0.008554590 0.000143368 0.000146889 0.000109863 0.000084717 0.000225559 0.000255473 0.000353507 0.000000000 0.007235213 0.000000000
243.112558887 0.009661924 0.000139339 0.000287951 0.000142592 0.000115261 0.000227719 0.000261768 0.000347680 0.000000000 0.008139614 0.000000000
243.761724598 0.008902452 0.000124827 0.000143438 0.000143563 0.000145610 0.000242124 0.000295668 0.000345908 0.000000000 0.007461313 0.000000000
244.410890310 0.010251274 0.000093641 0.000100517 0.000154838 0.000136450 0.000258693 0.000349021 0.000340197 0.000000000 0.008817915 0.000000000
245.060056021 0.007097594 0.000066070 0.000133079 0.000164894 0.000125877 0.000315408 0.000333884 0.000305872 0.000000000 0.005652510 0.000000000
245.709221732 0.008164623 0.000048150 0.000192402 0.000159972 0.000109433 0.000351247 0.000254529 0.000265878 0.000000000 0.006783012 0.000000000
246.358387444 0.006960150 0.000042983 0.000245045 0.000159036 0.000103134 0.000285921 0.000237427 0.000234094 0.000000000 0.005652510 0.000000000
247.007553155 0.009941869 0.000058485 0.000237003 0.000144062 0.000122005 0.000260071 0.000297222 0.000231207 0.000000000 0.008591815 0.000000000
247.656718866 0.008838742 0.000126133 0.000197551 0.000161613 0.000132772 0.000249163 0.000260872 0.000249324 0.000000000 0.007461313 0.000000000
248.305884578 0.007829745 0.000230627 0.000107384 0.000185317 0.000282407 0.000232770 0.000201503 0.000258925 0.000000000 0.006330811 0.000000000
248.955050289 0.009280923 0.000229884 0.000083889 0.000185402 0.000166087 0.000214982 0.000228763 0.000258404 0.000000000 0.007913514 0.000000000
249.604216000 0.007349958 0.000242964 0.000115720 0.000169074 0.000150632 0.000221158 0.000245420 0.000326381 0.000000000 0.005878610 0.000000000
250.253381712 0.007827689 0.000202439 0.000186774 0.000162175 0.000134888 0.000239767 0.000276913 0.000293922 0.000000000 0.006330811 0.000000000
250.902547423 0.005617254 0.000157513 0.000190623 0.000158907 0.000131131 0.000268370 0.000318916 0.000321988 0.000000000 0.004069807 0.000000000
251.551713134 0.010434492 0.000152711 0.000146192 0.000138381 0.000150707 0.000286927 0.000346521 0.000395137 0.000000000 0.008817915 0.000000000
252.200878845 0.008568844 0.000128070 0.000117892 0.000112669 0.000164219 0.000327186 0.000319184 0.000390513 0.000000000 0.007009112 0.000000000
252.850044557 0.006972818 0.000104764 0.000119604 0.000102429 0.000124413 0.000389699 0.000365417 0.000340083 0.000000000 0.005426409 0.000000000
253.499210268 0.008292896 0.000124684 0.000112177 0.000105236 0.000097233 0.000390197 0.000387787 0.000292570 0.000000000 0.006783012 0.000000000
254.148375979 0.007864743 0.000137723 0.000081479 0.000126849 0.000087485 0.000339442 0.000296743 0.000238111 0.000000000 0.006556911 0.000000000
254.797541691 0.007992237 0.000117284 0.000094129 0.000144277 0.000105586 0.000265864 0.000244344 0.000237741 0.000000000 0.006783012 0.000000000
255.446707402 0.009568265 0.000095511 0.000130385 0.000139644 0.000145895 0.000231174 0.000213140 0.000246803 0.000000000 0.008365715 0.000000000
256.095873113 0.008927255 0.000080770 0.000164248 0.000122266 0.000191819 0.000218291 0.000212803 0.000249645 0.000000000 0.007687413 0.000000000
256.745038825 0.006022095 0.000087662 0.000181694 0.000105265 0.000219204 0.000205995 0.000220783 0.000253383 0.000000000 0.004748108 0.000000000
257.394204536 0.009254764 0.000131247 0.000162468 0.000106949 0.000238601 0.000201015 0.000241408 0.000259562 0.000000000 0.007913514 0.000000000
258.043370247 0.007929500 0.000152258 0.000126205 0.000129326 0.000180686 0.000229362 0.000279615 0.000275137 0.000000000 0.006556911 0.000000000
258.692535959 0.004951704 0.000111123 0.000096734 0.000161559 0.000117890 0.000283959 0.000282435 0.000280396 0.000000000 0.003617606 0.000000000
259.341701670 0.010654022 0.000083635 0.000082011 0.000197707 0.000086968 0.000332334 0.000309897 0.000291354 0.000000000 0.009270116 0.000000000
259.990867381 0.008920073 0.000079349 0.000092275 0.000202236 0.000072280 0.000363116 0.000335651 0.000313854 0.000000000 0.007461313 0.000000000
260.640033093 0.008221089 0.000096171 0.000101675 0.000184914 0.000070684 0.000347094 0.000318530 0.000319009 0.000000000 0.006783012 0.000000000
261.289198804 0.007783857 0.000147388 0.000109335 0.000161306 0.000096193 0.000321202 0.000311564 0.000306058 0.000000000 0.006330811 0.000000000
261.938364515 0.009491292 0.000192998 0.000137004 0.000153241 0.000132129 0.000301612 0.000331343 0.000329453 0.000000000 0.007913514 0.000000000
262.587530226 0.007069681 0.000201652 0.000179835 0.000144358 0.000151493 0.000285243 0.000331604 0.000349086 0.000000000 0.005426409 0.000000000
263.236695938 0.007674417 0.000169916 0.000198465 0.000142855 0.000133161 0.000265289 0.000310453 0.000349568 0.000000000 0.006104711 0.000000000
263.885861649 0.010332395 0.000138943 0.000210961 0.000146130 0.000162173 0.000243201 0.000281246 0.000331826 0.000000000 0.008817915 0.000000000
264.535027360 0.006916727 0.000160184 0.000244807 0.000149967 0.000164974 0.000221999 0.000249271 0.000299116 0.000000000 0.005426409 0.000000000
265.184193072 0.009086543 0.000177326 0.000239245 0.000148652 0.000127135 0.000212542 0.000226441 0.000267790 0.000000000 0.007687413 0.000000000
265.833358783 0.010522709 0.000140837 0.000223982 0.000134856 0.000113454 0.000202769 0.000208458 0.000228237 0.000000000 0.009270116 0.000000000
266.482524494 0.010012179 0.000118702 0.000196109 0.000125908 0.000130551 0.000208459 0.000218123 0.000196412 0.000000000 0.008817915 0.000000000
267.131690206 0.007964370 0.000115160 0.000144535 0.000130598 0.000153530 0.000236885 0.000231595 0.000169057 0.000000000 0.006783012 0.000000000
267.780855917 0.010369494 0.000087669 0.000092722 0.000132700 0.000145148 0.000259452 0.000223595 0.000158091 0.000000000 0.009270116 0.000000000
268.430021628 0.011019270 0.000052490 0.000066196 0.000144043 0.000137792 0.000302693 0.000194763 0.000172875 0.000000000 0.009948417 0.000000000
269.079187340 0.008240503 0.000065679 0.000068151 0.000181145 0.000156763 0.000332413 0.000228387 0.000198852 0.000000000 0.007009112 0.000000000
269.728353051 0.006368653 0.000125329 0.000071886 0.000175336 0.000153583 0.000333370 0.000293959 0.000240980 0.000000000 0.004974209 0.000000000
270.377518762 0.008233014 0.000210380 0.000069662 0.000113226 0.000154825 0.000305666 0.000318659 0.000277583 0.000000000 0.006783012 0.000000000
271.026684474 0.007397042 0.000317562 0.000065968 0.000101257 0.000150292 0.000293691 0.000309373 0.000280288 0.000000000 0.005878610 0.000000000
271.675850185 0.007223901 0.000348689 0.000090195 0.000118926 0.000146451 0.000273418 0.000313081 0.000280631 0.000000000 0.005652510 0.000000000
272.325015896 0.007922691 0.000153516 0.000177352 0.000147250 0.000245146 0.000262121 0.000331765 0.000274729 0.000000000 0.006330811 0.000000000
272.974181607 0.005887275 0.000068406 0.000196566 0.000157923 0.000197209 0.000230689 0.000263387 0.000251088 0.000000000 0.004522008 0.000000000
273.623347319 0.006544827 0.000059353 0.000205962 0.000144606 0.000122433 0.000200530 0.000164685 0.000220849 0.000000000 0.005426409 0.000000000
274.272513030 0.007213844 0.000059432 0.000234245 0.000146419 0.000120388 0.000185832 0.000140595 0.000222223 0.000000000 0.006104711 0.000000000
274.921678741 0.008395495 0.000068103 0.000186444 0.000162763 0.000134904 0.000196406 0.000173436 0.000238226 0.000000000 0.007235213 0.000000000
275.570844453 0.005041166 0.000067452 0.000138261 0.000161726 0.000173339 0.000225478 0.000215544 0.000215660 0.000000000 0.003843707 0.000000000
276.220010164 0.007853789 0.000070894 0.000146241 0.000135185 0.000188614 0.000240847 0.000277317 0.000237780 0.000000000 0.006556911 0.000000000
276.869175875 0.006586665 0.000087548 0.000180341 0.000117751 0.000220148 0.000242132 0.000273703 0.000264734 0.000000000 0.005200309 0.000000000
277.518341587 0.008064387 0.000106781 0.000189588 0.000100756 0.000247097 0.000216196 0.000213237 0.000207722 0.000000000 0.006783012 0.000000000
278.167507298 0.005582466 0.000136601 0.000165035 0.000112028 0.000262795 0.000245373 0.000166643 0.000198083 0.000000000 0.004295907 0.000000000
278.816673009 0.005095272 0.000201049 0.000140117 0.000101499 0.000296260 0.000302488 0.000200185 0.000236067 0.000000000 0.003617606 0.000000000
279.465838721 0.007261605 0.000240021 0.000146743 0.000108318 0.000253662 0.000313191 0.000300897 0.000246263 0.000000000 0.005652510 0.000000000
280.115004432 0.005316448 0.000230578 0.000158143 0.000136802 0.000146253 0.000308483 0.000273397 0.000219084 0.000000000 0.003843707 0.000000000
280.764170143 0.007789897 0.000198077 0.000186460 0.000163384 0.000126993 0.000297622 0.000233849 0.000252700 0.000000000 0.006330811 0.000000000
281.413335855 0.006530043 0.000246781 0.000224752 0.000184439 0.000129087 0.000276126 0.000256240 0.000238410 0.000000000 0.004974209 0.000000000
282.062501566 0.008450111 0.000330356 0.000193573 0.000215063 0.000152787 0.000265212 0.000295944 0.000214165 0.000000000 0.006783012 0.000000000
282.711667277 0.006707485 0.000282397 0.000181404 0.000246131 0.000196704 0.000275800 0.000322970 0.000227871 0.000000000 0.004974209 0.000000000
283.360832989 0.005615338 0.000202008 0.000167640 0.000258204 0.000219876 0.000291342 0.000359574 0.000272987 0.000000000 0.003843707 0.000000000
284.009998700 0.007252421 0.000167546 0.000152586 0.000268301 0.000223999 0.000258957 0.000394030 0.000360593 0.000000000 0.005426409 0.000000000
284.659164411 0.008344886 0.000166489 0.000169612 0.000265395 0.000158251 0.000213556 0.000331219 0.000483451 0.000000000 0.006556911 0.000000000
285.308330122 0.007492315 0.000174892 0.000187838 0.000230984 0.000128113 0.000199207 0.000219167 0.000473505 0.000000000 0.005878610 0.000000000
285.957495834 0.007977602 0.000170604 0.000230220 0.000188321 0.000167696 0.000177741 0.000168817 0.000317293 0.000000000 0.006556911 0.000000000
286.606661545 0.005855328 0.000172963 0.000240889 0.000150796 0.000239851 0.000137286 0.000172352 0.000219184 0.000000000 0.004522008 0.000000000
287.255827256 0.007433578 0.000210171 0.000258088 0.000139431 0.000229500 0.000137761 0.000182724 0.000171193 0.000000000 0.006104711 0.000000000
287.904992968 0.007354125 0.000287781 0.000288795 0.000164798 0.000225399 0.000163563 0.000180468 0.000164711 0.000000000 0.005878610 0.000000000
288.554158679 0.005860467 0.000285252 0.000278252 0.000218043 0.000258369 0.000189903 0.000165394 0.000169348 0.000000000 0.004295907 0.000000000
289.203324390 0.006442524 0.000281806 0.000255593 0.000289365 0.000283779 0.000218300 0.000170889 0.000194684 0.000000000 0.004748108 0.000000000
289.852490102 0.007435219 0.000286451 0.000287896 0.000321882 0.000227596 0.000233141 0.000190162 0.000235583 0.000000000 0.005652510 0.000000000
290.501655813 0.007362502 0.000249194 0.000275893 0.000312876 0.000200423 0.000243404 0.000207271 0.000220931 0.000000000 0.005652510 0.000000000
291.150821524 0.006577661 0.000228640 0.000204774 0.000286852 0.000193845 0.000245905 0.000248087 0.000195349 0.000000000 0.004974209 0.000000000
291.799987236 0.007720595 0.000293674 0.000153944 0.000279945 0.000158421 0.000258322 0.000276914 0.000194665 0.000000000 0.006104711 0.000000000
292.449152947 0.007377903 0.000349870 0.000197495 0.000255173 0.000153561 0.000269969 0.000282460 0.000216866 0.000000000 0.005652510 0.000000000
293.098318658 0.005922134 0.000311875 0.000171655 0.000234869 0.000155132 0.000252778 0.000266376 0.000233542 0.000000000 0.004295907 0.000000000
293.747484370 0.007157546 0.000229136 0.000156090 0.000215665 0.000207730 0.000238466 0.000235983 0.000221965 0.000000000 0.005652510 0.000000000
294.396650081 0.008627151 0.000140748 0.000169264 0.000223120 0.000208839 0.000227490 0.000221225 0.000201252 0.000000000 0.007235213 0.000000000
295.045815792 0.006720110 0.000126638 0.000180485 0.000243117 0.000142168 0.000206176 0.000201156 0.000193960 0.000000000 0.005426409 0.000000000
295.694981503 0.006052230 0.000127544 0.000197309 0.000278897 0.000125072 0.000181507 0.000186440 0.000207352 0.000000000 0.004748108 0.000000000
296.344147215 0.010084851 0.000129304 0.000211061 0.000255153 0.000109430 0.000172305 0.000168576 0.000221105 0.000000000 0.008817915 0.000000000
296.993312926 0.007311222 0.000139930 0.000188781 0.000216026 0.000097058 0.000178646 0.000157428 0.000228641 0.000000000 0.006104711 0.000000000
297.642478637 0.008240223 0.000129618 0.000172663 0.000196439 0.000102076 0.000227528 0.000194008 0.000208779 0.000000000 0.007009112 0.000000000
298.291644349 0.009360900 0.000103912 0.000144846 0.000195019 0.000118251 0.000267145 0.000222447 0.000169665 0.000000000 0.008139614 0.000000000
298.940810060 0.005731987 0.000097917 0.000133221 0.000182747 0.000145372 0.000256942 0.000243429 0.000150351 0.000000000 0.004522008 0.000000000
299.589975771 0.008938119 0.000103098 0.000144730 0.000182880 0.000182062 0.000229148 0.000256554 0.000152234 0.000000000 0.007687413 0.000000000
300.239141483 0.006531948 0.000115005 0.000172243 0.000203230 0.000244198 0.000218095 0.000226621 0.000152246 0.000000000 0.005200309 0.000000000
300.888307194 0.007216676 0.000131205 0.000199549 0.000154691 0.000263794 0.000235589 0.000190288 0.000162950 0.000000000 0.005878610 0.000000000
301.537472905 0.007489664 0.000156924 0.000204440 0.000101189 0.000237316 0.000248230 0.000198632 0.000238222 0.000000000 0.006104711 0.000000000
302.186638617 0.007787332 0.000179000 0.000221546 0.000071303 0.000195954 0.000217870 0.000213803 0.000357046 0.000000000 0.006330811 0.000000000
302.835804328 0.009350601 0.000155479 0.000235160 0.000095889 0.000159053 0.000197077 0.000207070 0.000387358 0.000000000 0.007913514 0.000000000
303.484970039 0.007306055 0.000130959 0.000209316 0.000118837 0.000258913 0.000220521 0.000287652 0.000201247 0.000000000 0.005878610 0.000000000
304.134135751 0.007755038 0.000131530 0.000160012 0.000114845 0.000153933 0.000255346 0.000257922 0.000124538 0.000000000 0.006556911 0.000000000
304.783301462 0.009282087 0.000183971 0.000142922 0.000095442 0.000118056 0.000270980 0.000210371 0.000120729 0.000000000 0.008139614 0.000000000
305.432467173 0.007786362 0.000189224 0.000153103 0.000093485 0.000155648 0.000222386 0.000226977 0.000188628 0.000000000 0.006556911 0.000000000
306.081632885 0.008953655 0.000133006 0.000134981 0.000108323 0.000140648 0.000228191 0.000251070 0.000270024 0.000000000 0.007687413 0.000000000
306.730798596 0.008657312 0.000129867 0.000089550 0.000110739 0.000128195 0.000234586 0.000255291 0.000247771 0.000000000 0.007461313 0.000000000
307.379964307 0.009907732 0.000122806 0.000070106 0.000105882 0.000135821 0.000192028 0.000238788 0.000224386 0.000000000 0.008817915 0.000000000
308.029130018 0.008171889 0.000138089 0.000058440 0.000107280 0.000104905 0.000125856 0.000174570 0.000227536 0.000000000 0.007235213 0.000000000
308.678295730 0.006623203 0.000150511 0.000054308 0.000135356 0.000066293 0.000079730 0.000078269 0.000180126 0.000000000 0.005878610 0.000000000
309.327461441 0.011061759 0.000105648 0.000159289 0.000170861 0.000039254 0.000062044 0.000034584 0.000089460 0.000000000 0.010400618 0.000000000
309.976627152 0.008756140 0.000075280 0.000191679 0.000202881 0.000038778 0.000048424 0.000027413 0.000032071 0.000000000 0.008139614 0.000000000
310.625792864 0.009570401 0.000102588 0.000117174 0.000147803 0.000078369 0.000037317 0.000025460 0.000017674 0.000000000 0.009044016 0.000000000
311.274958575 0.011202756 0.000134166 0.000131053 0.000117156 0.000119512 0.000033976 0.000023886 0.000016288 0.000000000 0.010626719 0.000000000
311.924124286 0.007994024 0.000101578 0.000110622 0.000109158 0.000121694 0.000051748 0.000020244 0.000017666 0.000000000 0.007461313 0.000000000
312.573289998 0.008165562 0.000072341 0.000099208 0.000095844 0.000091429 0.000070476 0.000023511 0.000025340 0.000000000 0.007687413 0.000000000
313.222455709 0.007495487 0.000074208 0.000103895 0.000074391 0.000083675 0.000077593 0.000036384 0.000036229 0.000000000 0.007009112 0.000000000
313.871621420 0.011478123 0.000096456 0.000155707 0.000054672 0.000123347 0.000074099 0.000069249 0.000051775 0.000000000 0.010852819 0.000000000
314.520787132 0.008715616 0.000126147 0.000162858 0.000048445 0.000163095 0.000088523 0.000131732 0.000081304 0.000000000 0.007913514 0.000000000
315.169952843 0.010640492 0.000139602 0.000128745 0.000050920 0.000181454 0.000113723 0.000179588 0.000124144 0.000000000 0.009722317 0.000000000
315.819118554 0.010428956 0.000132882 0.000143171 0.000074891 0.000226344 0.000148530 0.000227796 0.000205226 0.000000000 0.009270116 0.000000000
316.468284266 0.011835824 0.000075975 0.000072177 0.000129841 0.000338291 0.000207059 0.000274607 0.000337255 0.000000000 0.010400618 0.000000000
317.117449977 0.010662032 0.000005543 0.000003584 0.000148363 0.000074873 0.000171707 0.000109356 0.000200188 0.000000000 0.009948417 0.000000000
317.766615688 0.009162111 0.000000000 0.000000011 0.000050381 0.000000501 0.000044956 0.000002639 0.000019607 0.000000000 0.009044016 0.000000000
318.415781399 0.009955802 0.000000000 0.000000000 0.000004818 0.000000000 0.000002458 0.000000004 0.000000105 0.000000000 0.009948417 0.000000000
319.064947111 0.003843784 0.000000000 0.000000000 0.000000050 0.000000000 0.000000027 0.000000000 0.000000000 0.000000000 0.003843707 0.000000000
319.714112822 0.000000000 0.000000000 0.000000000 0.000000000 0.000000000 0.000000000 0.000000000 0.000000000 0.000000000 0.000000000 0.000000000
320.363278533 0.000000000 0.000000000 0.000000000 0.000000000 0.000000000 0.000000000 0.000000000 0.000000000 0.000000000 0.000000000 0.000000000
321.012444245 0.000000000 0.000000000 0.000000000 0.000000000 0.000000000 0.000000000 0.000000000 0.000000000 0.000000000 0.000000000 0.000000000
321.661609956 0.000000000 0.000000000 0.000000000 0.000000000 0.000000000 0.000000000 0.000000000 0.000000000 0.000000000 0.000000000 0.000000000
322.310775667 0.000000000 0.000000000 0.000000000 0.000000000 0.000000000 0.000000000 0.000000000 0.000000000 0.000000000 0.000000000 0.000000000
322.959941379 0.045220079 0.000000000 0.000000000 0.000000000 0.000000000 0.000000000 0.000000000 0.000000000 0.000000000 0.000000000 0.045220079
323.609107090 0.000000000 0.000000000 0.000000000 0.000000000 0.000000000 0.000000000 0.000000000 0.000000000 0.000000000 0.000000000 0.000000000
324.258272801 0.000000000 0.000000000 0.000000000 0.000000000 0.000000000 0.000000000 0.000000000 0.000000000 0.000000000 0.000000000 0.000000000
