# Ion number density
# The last    3 ion types are fixed
# Average over 578865 steps
# z (au)        total        A            Im1          Im2          Im3          N            C            Me           C1           C2           P
0.299713564 0.048972299 0.000000000 0.000000000 0.000000000 0.000000000 0.000000000 0.000000000 0.000000000 0.000000000 0.000000000 0.048972299
0.899140693 0.000000000 0.000000000 0.000000000 0.000000000 0.000000000 0.000000000 0.000000000 0.000000000 0.000000000 0.000000000 0.000000000
1.498567822 0.000000000 0.000000000 0.000000000 0.000000000 0.000000000 0.000000000 0.000000000 0.000000000 0.000000000 0.000000000 0.000000000
2.097994951 0.000000000 0.000000000 0.000000000 0.000000000 0.000000000 0.000000000 0.000000000 0.000000000 0.000000000 0.000000000 0.000000000
2.697422080 0.000000000 0.000000000 0.000000000 0.000000000 0.000000000 0.000000000 0.000000000 0.000000000 0.000000000 0.000000000 0.000000000
3.296849209 0.000000000 0.000000000 0.000000000 0.000000000 0.000000000 0.000000000 0.000000000 0.000000000 0.000000000 0.000000000 0.000000000
3.896276338 0.001958892 0.000000000 0.000000000 0.000000000 0.000000000 0.000000000 0.000000000 0.000000000 0.001958892 0.000000000 0.000000000
4.495703467 0.010284209 0.000000000 0.000000000 0.000000026 0.000000000 0.000000000 0.000000000 0.000000000 0.010284183 0.000000000 0.000000000
5.095130596 0.007836723 0.000000000 0.000000000 0.000001155 0.000000000 0.000000000 0.000000000 0.000000000 0.007835568 0.000000000 0.000000000
5.694557725 0.009562708 0.000000000 0.000000000 0.000013110 0.000000000 0.000000000 0.000000000 0.000000000 0.009549598 0.000000000 0.000000000
6.293984854 0.008859729 0.000000140 0.000000495 0.000039612 0.000004468 0.000000000 0.000000000 0.000000000 0.008815014 0.000000000 0.000000000
6.893411983 0.012734888 0.000050713 0.000014181 0.000059022 0.000123036 0.000000000 0.000000000 0.000000000 0.012487936 0.000000000 0.000000000
7.492839112 0.009120363 0.000293466 0.000065560 0.000073122 0.000118062 0.000000000 0.000000000 0.000000000 0.008570152 0.000000000 0.000000000
8.092266241 0.009177541 0.000153638 0.000087514 0.000094516 0.000026830 0.000000028 0.000000000 0.000000000 0.008815014 0.000000000 0.000000000
8.691693370 0.008378789 0.000059923 0.000048224 0.000125671 0.000064369 0.000000173 0.000000000 0.000000000 0.008080429 0.000000000 0.000000000
9.291120499 0.011634994 0.000122951 0.000020904 0.000134494 0.000092504 0.000000513 0.000000000 0.000000000 0.011263629 0.000000000 0.000000000
9.890547628 0.007668525 0.000148436 0.000023265 0.000128505 0.000021270 0.000001087 0.000000118 0.000000000 0.007345845 0.000000000 0.000000000
10.489974757 0.007429172 0.000141698 0.000062508 0.000111228 0.000010664 0.000001928 0.000000162 0.000000000 0.007100983 0.000000000 0.000000000
11.089401886 0.008450873 0.000133143 0.000129608 0.000077351 0.000027717 0.000001852 0.000000671 0.000000101 0.008080429 0.000000000 0.000000000
11.688829015 0.009114143 0.000110694 0.000099570 0.000053554 0.000032131 0.000001217 0.000001417 0.000000544 0.008815014 0.000000000 0.000000000
12.288256144 0.009681588 0.000107604 0.000169748 0.000049674 0.000041184 0.000000933 0.000002043 0.000005664 0.009304737 0.000000000 0.000000000
12.887683273 0.009522654 0.000089076 0.000209013 0.000055143 0.000064531 0.000000849 0.000001766 0.000042400 0.009059875 0.000000000 0.000000000
13.487110402 0.010712731 0.000038920 0.000149336 0.000059405 0.000120992 0.000000906 0.000001304 0.000057686 0.010284183 0.000000000 0.000000000
14.086537531 0.007485519 0.000012512 0.000116599 0.000055692 0.000162572 0.000002877 0.000005524 0.000028760 0.007100983 0.000000000 0.000000000
14.685964660 0.007418229 0.000016003 0.000065057 0.000047668 0.000113461 0.000007180 0.000035010 0.000032867 0.007100983 0.000000000 0.000000000
15.285391789 0.007949045 0.000084032 0.000039531 0.000039744 0.000082209 0.000017376 0.000057791 0.000037656 0.007590706 0.000000000 0.000000000
15.884818918 0.009758754 0.000122325 0.000047306 0.000049195 0.000124936 0.000050248 0.000033167 0.000026840 0.009304737 0.000000000 0.000000000
16.484246047 0.007763311 0.000110408 0.000082768 0.000133965 0.000169035 0.000110011 0.000035683 0.000020458 0.007100983 0.000000000 0.000000000
17.083673176 0.008277447 0.000096439 0.000123093 0.000199505 0.000267490 0.000141488 0.000073694 0.000029893 0.007345845 0.000000000 0.000000000
17.683100305 0.007593062 0.000094501 0.000129354 0.000077851 0.000319137 0.000140661 0.000165459 0.000054840 0.006611260 0.000000000 0.000000000
18.282527434 0.009643477 0.000137661 0.000188760 0.000092847 0.000231253 0.000124446 0.000196635 0.000101722 0.008570152 0.000000000 0.000000000
18.881954563 0.007022336 0.000143918 0.000251188 0.000139225 0.000163502 0.000122339 0.000137575 0.000187913 0.005876676 0.000000000 0.000000000
19.481381692 0.008290333 0.000109025 0.000139663 0.000147022 0.000107423 0.000120045 0.000097491 0.000223820 0.007345845 0.000000000 0.000000000
20.080808821 0.007144110 0.000162107 0.000061281 0.000154074 0.000075649 0.000088670 0.000072670 0.000163261 0.006366399 0.000000000 0.000000000
20.680235950 0.008210103 0.000266069 0.000082241 0.000190206 0.000067125 0.000063173 0.000081804 0.000113640 0.007345845 0.000000000 0.000000000
21.279663079 0.007134867 0.000260036 0.000119424 0.000269611 0.000104488 0.000051676 0.000103498 0.000104595 0.006121537 0.000000000 0.000000000
21.879090208 0.006001826 0.000199465 0.000178143 0.000302968 0.000176422 0.000042106 0.000107486 0.000098006 0.004897230 0.000000000 0.000000000
22.478517337 0.007109764 0.000115221 0.000196310 0.000237877 0.000252153 0.000040618 0.000088965 0.000057082 0.006121537 0.000000000 0.000000000
23.077944465 0.006506037 0.000109127 0.000119031 0.000253122 0.000263845 0.000052432 0.000059540 0.000017126 0.005631814 0.000000000 0.000000000
23.677371594 0.008210652 0.000160498 0.000139008 0.000253636 0.000206256 0.000072450 0.000028647 0.000004312 0.007345845 0.000000000 0.000000000
24.276798723 0.007256335 0.000203975 0.000236568 0.000213246 0.000155635 0.000067530 0.000011990 0.000000991 0.006366399 0.000000000 0.000000000
24.876225852 0.008330421 0.000239198 0.000366364 0.000199216 0.000116280 0.000056070 0.000006111 0.000001337 0.007345845 0.000000000 0.000000000
25.475652981 0.008180802 0.000321560 0.000398340 0.000194090 0.000090475 0.000069484 0.000003486 0.000002385 0.007100983 0.000000000 0.000000000
26.075080110 0.006689634 0.000388218 0.000330738 0.000170502 0.000066757 0.000077639 0.000017727 0.000006239 0.005631814 0.000000000 0.000000000
26.674507239 0.010133911 0.000348875 0.000338046 0.000131402 0.000099824 0.000061890 0.000061133 0.000032867 0.009059875 0.000000000 0.000000000
27.273934368 0.006532061 0.000282491 0.000326795 0.000089492 0.000209036 0.000045233 0.000077276 0.000114784 0.005386953 0.000000000 0.000000000
27.873361497 0.006218337 0.000212680 0.000179812 0.000092177 0.000283528 0.000063390 0.000060135 0.000184524 0.005142091 0.000000000 0.000000000
28.472788626 0.006909596 0.000138529 0.000081462 0.000125525 0.000285156 0.000105340 0.000091987 0.000204922 0.005876676 0.000000000 0.000000000
29.072215755 0.007149591 0.000120561 0.000054340 0.000154229 0.000240372 0.000110095 0.000162065 0.000186391 0.006121537 0.000000000 0.000000000
29.671642884 0.006690996 0.000126509 0.000051909 0.000192793 0.000219695 0.000120739 0.000197954 0.000149584 0.005631814 0.000000000 0.000000000
30.271070013 0.006297249 0.000091852 0.000063476 0.000246445 0.000205872 0.000173035 0.000242312 0.000132165 0.005142091 0.000000000 0.000000000
30.870497142 0.007001512 0.000110233 0.000114886 0.000337096 0.000211591 0.000227875 0.000253334 0.000114683 0.005631814 0.000000000 0.000000000
31.469924271 0.007519897 0.000226312 0.000207109 0.000384888 0.000224441 0.000239554 0.000214622 0.000146295 0.005876676 0.000000000 0.000000000
32.069351400 0.006473628 0.000272868 0.000305745 0.000425278 0.000263539 0.000230823 0.000155926 0.000167080 0.004652368 0.000000000 0.000000000
32.668778529 0.007676178 0.000196296 0.000398523 0.000463718 0.000256154 0.000239536 0.000126543 0.000118732 0.005876676 0.000000000 0.000000000
33.268205658 0.007848845 0.000129231 0.000502939 0.000410497 0.000265006 0.000213703 0.000127249 0.000078684 0.006121537 0.000000000 0.000000000
33.867632787 0.006347639 0.000176311 0.000526236 0.000338937 0.000315500 0.000143155 0.000111395 0.000083736 0.004652368 0.000000000 0.000000000
34.467059916 0.004677952 0.000257946 0.000459825 0.000283545 0.000191507 0.000096411 0.000121692 0.000083825 0.003183199 0.000000000 0.000000000
35.066487045 0.006138362 0.000303079 0.000291685 0.000209700 0.000131732 0.000085937 0.000129348 0.000089651 0.004897230 0.000000000 0.000000000
35.665914174 0.009288282 0.000309471 0.000203210 0.000163017 0.000226045 0.000085612 0.000111284 0.000109214 0.008080429 0.000000000 0.000000000
36.265341303 0.005181920 0.000253871 0.000190715 0.000186124 0.000308429 0.000096515 0.000093527 0.000134955 0.003917784 0.000000000 0.000000000
36.864768432 0.006389679 0.000160675 0.000175238 0.000264722 0.000233531 0.000129020 0.000099248 0.000185154 0.005142091 0.000000000 0.000000000
37.464195561 0.009295856 0.000113252 0.000097812 0.000288866 0.000172784 0.000164968 0.000142228 0.000235518 0.008080429 0.000000000 0.000000000
38.063622690 0.008398604 0.000174000 0.000086683 0.000216233 0.000195645 0.000171283 0.000198095 0.000255682 0.007100983 0.000000000 0.000000000
38.663049819 0.006350390 0.000240719 0.000179636 0.000161860 0.000213255 0.000198934 0.000209369 0.000249387 0.004897230 0.000000000 0.000000000
39.262476948 0.006094686 0.000364600 0.000329197 0.000126745 0.000224924 0.000217933 0.000172501 0.000251280 0.004407507 0.000000000 0.000000000
39.861904077 0.006904487 0.000442266 0.000358746 0.000094990 0.000233156 0.000205897 0.000196375 0.000230966 0.005142091 0.000000000 0.000000000
40.461331206 0.005981053 0.000296499 0.000257515 0.000120864 0.000200764 0.000190851 0.000300182 0.000206871 0.004407507 0.000000000 0.000000000
41.060758335 0.008523981 0.000183341 0.000107369 0.000160120 0.000195561 0.000170905 0.000381188 0.000224513 0.007100983 0.000000000 0.000000000
41.660185464 0.006308983 0.000187747 0.000067707 0.000204569 0.000212796 0.000156484 0.000286990 0.000295460 0.004897230 0.000000000 0.000000000
42.259612593 0.006557734 0.000234012 0.000061973 0.000261610 0.000156467 0.000194712 0.000187840 0.000319029 0.005142091 0.000000000 0.000000000
42.859039722 0.007034434 0.000227995 0.000088066 0.000284804 0.000136092 0.000233602 0.000163166 0.000268893 0.005631814 0.000000000 0.000000000
43.458466851 0.005494015 0.000121680 0.000132468 0.000245479 0.000262128 0.000194070 0.000179015 0.000196530 0.004162645 0.000000000 0.000000000
44.057893980 0.006176340 0.000114018 0.000179574 0.000162165 0.000356549 0.000155704 0.000188005 0.000123095 0.004897230 0.000000000 0.000000000
44.657321109 0.005363095 0.000286532 0.000190952 0.000100097 0.000271613 0.000136507 0.000141967 0.000072781 0.004162645 0.000000000 0.000000000
45.256748238 0.005944147 0.000290349 0.000171883 0.000079257 0.000232594 0.000141013 0.000081468 0.000050351 0.004897230 0.000000000 0.000000000
45.856175366 0.007798528 0.000145137 0.000147262 0.000122202 0.000295342 0.000137213 0.000051050 0.000044201 0.006856122 0.000000000 0.000000000
46.455602495 0.006747430 0.000098929 0.000118405 0.000174519 0.000277020 0.000120763 0.000039878 0.000041241 0.005876676 0.000000000 0.000000000
47.055029624 0.005871013 0.000101665 0.000115458 0.000145290 0.000175901 0.000097915 0.000048584 0.000044108 0.005142091 0.000000000 0.000000000
47.654456753 0.004906063 0.000111734 0.000177221 0.000107814 0.000151222 0.000062960 0.000068648 0.000063818 0.004162645 0.000000000 0.000000000
48.253883882 0.008680449 0.000126481 0.000216452 0.000093705 0.000190955 0.000042096 0.000074237 0.000100954 0.007835568 0.000000000 0.000000000
48.853311011 0.006587593 0.000135965 0.000305290 0.000093079 0.000176378 0.000041639 0.000068171 0.000135257 0.005631814 0.000000000 0.000000000
49.452738140 0.006387302 0.000116107 0.000352898 0.000105331 0.000119158 0.000054125 0.000084651 0.000168078 0.005386953 0.000000000 0.000000000
50.052165269 0.005230077 0.000098795 0.000316968 0.000161458 0.000097289 0.000070156 0.000127060 0.000195705 0.004162645 0.000000000 0.000000000
50.651592398 0.006572196 0.000100017 0.000209549 0.000248252 0.000137033 0.000105323 0.000218004 0.000167065 0.005386953 0.000000000 0.000000000
51.251019527 0.008624371 0.000166997 0.000150403 0.000289275 0.000205967 0.000163245 0.000210110 0.000092529 0.007345845 0.000000000 0.000000000
51.850446656 0.006446893 0.000516833 0.000127190 0.000275927 0.000273175 0.000184500 0.000110908 0.000061128 0.004897230 0.000000000 0.000000000
52.449873785 0.008549901 0.000267696 0.000113408 0.000227217 0.000284723 0.000153276 0.000093327 0.000064409 0.007345845 0.000000000 0.000000000
53.049300914 0.007390991 0.000247574 0.000105693 0.000187090 0.000174646 0.000147929 0.000084177 0.000077483 0.006366399 0.000000000 0.000000000
53.648728043 0.005690988 0.000219215 0.000116225 0.000211026 0.000177949 0.000150961 0.000089854 0.000073390 0.004652368 0.000000000 0.000000000
54.248155172 0.010539086 0.000148528 0.000178049 0.000192530 0.000194337 0.000148912 0.000072218 0.000054915 0.009549598 0.000000000 0.000000000
54.847582301 0.009778700 0.000075701 0.000269790 0.000180136 0.000211628 0.000132530 0.000058444 0.000035456 0.008815014 0.000000000 0.000000000
55.447009430 0.008873239 0.000127618 0.000298693 0.000189530 0.000216805 0.000107396 0.000071570 0.000026058 0.007835568 0.000000000 0.000000000
56.046436559 0.008605909 0.000181466 0.000243614 0.000195021 0.000168438 0.000092999 0.000104364 0.000029299 0.007590706 0.000000000 0.000000000
56.645863688 0.010042491 0.000162207 0.000219190 0.000183178 0.000146438 0.000089367 0.000122347 0.000059890 0.009059875 0.000000000 0.000000000
57.245290817 0.010309297 0.000139487 0.000212572 0.000150323 0.000158232 0.000088101 0.000110340 0.000145506 0.009304737 0.000000000 0.000000000
57.844717946 0.009596539 0.000154489 0.000175977 0.000127737 0.000130118 0.000089821 0.000106494 0.000241751 0.008570152 0.000000000 0.000000000
58.444145075 0.005894015 0.000164350 0.000119358 0.000122843 0.000127706 0.000084125 0.000141970 0.000236432 0.004897230 0.000000000 0.000000000
59.043572204 0.009834314 0.000171721 0.000083258 0.000138658 0.000196018 0.000082156 0.000160278 0.000187210 0.008815014 0.000000000 0.000000000
59.642999333 0.007753637 0.000217945 0.000081744 0.000140810 0.000290857 0.000091491 0.000140929 0.000178600 0.006611260 0.000000000 0.000000000
60.242426462 0.007266521 0.000243149 0.000110728 0.000116571 0.000275721 0.000105933 0.000141984 0.000150899 0.006121537 0.000000000 0.000000000
60.841853591 0.007003029 0.000229433 0.000167797 0.000111127 0.000191450 0.000153699 0.000160814 0.000112033 0.005876676 0.000000000 0.000000000
61.441280720 0.008230231 0.000237334 0.000177561 0.000142528 0.000141627 0.000227877 0.000100668 0.000101654 0.007100983 0.000000000 0.000000000
62.040707849 0.007706487 0.000259900 0.000104330 0.000187152 0.000130707 0.000200720 0.000084754 0.000127662 0.006611260 0.000000000 0.000000000
62.640134978 0.007260730 0.000285695 0.000088541 0.000245683 0.000152516 0.000139469 0.000100884 0.000126404 0.006121537 0.000000000 0.000000000
63.239562107 0.010417841 0.000369296 0.000163451 0.000301945 0.000150969 0.000116386 0.000152020 0.000103898 0.009059875 0.000000000 0.000000000
63.838989236 0.009595992 0.000145397 0.000289924 0.000300632 0.000124406 0.000129423 0.000181207 0.000099710 0.008325291 0.000000000 0.000000000
64.438416365 0.005137966 0.000149885 0.000308754 0.000238984 0.000111436 0.000143493 0.000161663 0.000105967 0.003917784 0.000000000 0.000000000
65.037843494 0.005951167 0.000133708 0.000260137 0.000194615 0.000088364 0.000125836 0.000134327 0.000116950 0.004897230 0.000000000 0.000000000
65.637270623 0.010497425 0.000067161 0.000219520 0.000170981 0.000075429 0.000109346 0.000154321 0.000151066 0.009549598 0.000000000 0.000000000
66.236697752 0.006305564 0.000033765 0.000164188 0.000151927 0.000086746 0.000109106 0.000173953 0.000198927 0.005386953 0.000000000 0.000000000
66.836124881 0.007036053 0.000036095 0.000120137 0.000149604 0.000126476 0.000127798 0.000141980 0.000212425 0.006121537 0.000000000 0.000000000
67.435552010 0.008592466 0.000073425 0.000133957 0.000158394 0.000159394 0.000156519 0.000128414 0.000191657 0.007590706 0.000000000 0.000000000
68.034979139 0.010773039 0.000120612 0.000221626 0.000148812 0.000218673 0.000186108 0.000150169 0.000177442 0.009549598 0.000000000 0.000000000
68.634406267 0.007159875 0.000106232 0.000205911 0.000132232 0.000283840 0.000206538 0.000178910 0.000169536 0.005876676 0.000000000 0.000000000
69.233833396 0.007542659 0.000115784 0.000129760 0.000115684 0.000235748 0.000237942 0.000190509 0.000150832 0.006366399 0.000000000 0.000000000
69.833260525 0.007695483 0.000359934 0.000090475 0.000116002 0.000159106 0.000258156 0.000210108 0.000135302 0.006366399 0.000000000 0.000000000
70.432687654 0.006571748 0.000240462 0.000051806 0.000121324 0.000103938 0.000251936 0.000227712 0.000187618 0.005386953 0.000000000 0.000000000
71.032114783 0.008070672 0.000278891 0.000028501 0.000130374 0.000077857 0.000217198 0.000229398 0.000252332 0.006856122 0.000000000 0.000000000
71.631541912 0.010845263 0.000302292 0.000036163 0.000133983 0.000099398 0.000208204 0.000260274 0.000255352 0.009549598 0.000000000 0.000000000
72.230969041 0.005157107 0.000176207 0.000073183 0.000112742 0.000128871 0.000220757 0.000281213 0.000246351 0.003917784 0.000000000 0.000000000
72.830396170 0.006665245 0.000173830 0.000161959 0.000086067 0.000140520 0.000222846 0.000273101 0.000219970 0.005386953 0.000000000 0.000000000
73.429823299 0.007835935 0.000127704 0.000251083 0.000074247 0.000156562 0.000223850 0.000210433 0.000180796 0.006611260 0.000000000 0.000000000
74.029250428 0.008265249 0.000075612 0.000267536 0.000092908 0.000172327 0.000232456 0.000159198 0.000164229 0.007100983 0.000000000 0.000000000
74.628677557 0.007901225 0.000054772 0.000190416 0.000146285 0.000122549 0.000209303 0.000144474 0.000177304 0.006856122 0.000000000 0.000000000
75.228104686 0.009328585 0.000084176 0.000132969 0.000216491 0.000074835 0.000158964 0.000139001 0.000196859 0.008325291 0.000000000 0.000000000
75.827531815 0.008722640 0.000163105 0.000125463 0.000293095 0.000072069 0.000131836 0.000148366 0.000198000 0.007590706 0.000000000 0.000000000
76.426958944 0.008214101 0.000151542 0.000118430 0.000258477 0.000100657 0.000135600 0.000172251 0.000176162 0.007100983 0.000000000 0.000000000
77.026386073 0.006153624 0.000070971 0.000110219 0.000186109 0.000146080 0.000147481 0.000189951 0.000160723 0.005142091 0.000000000 0.000000000
77.625813202 0.008819118 0.000044183 0.000112552 0.000160658 0.000164471 0.000164774 0.000192394 0.000144519 0.007835568 0.000000000 0.000000000
78.225240331 0.006385947 0.000071892 0.000111989 0.000122040 0.000172561 0.000183380 0.000186503 0.000150629 0.005386953 0.000000000 0.000000000
78.824667460 0.011311411 0.000110181 0.000104779 0.000085682 0.000164645 0.000211383 0.000179554 0.000171004 0.010284183 0.000000000 0.000000000
79.424094589 0.007200469 0.000125665 0.000112059 0.000064702 0.000163637 0.000232935 0.000196117 0.000183816 0.006121537 0.000000000 0.000000000
80.023521718 0.009220509 0.000176004 0.000107011 0.000069373 0.000157316 0.000237637 0.000209667 0.000183071 0.008080429 0.000000000 0.000000000
80.622948847 0.008613383 0.000344172 0.000107068 0.000082762 0.000130229 0.000232069 0.000199271 0.000171966 0.007345845 0.000000000 0.000000000
81.222375976 0.010289056 0.000151487 0.000109730 0.000107554 0.000094063 0.000211822 0.000169892 0.000139770 0.009304737 0.000000000 0.000000000
81.821803105 0.007753356 0.000154184 0.000131647 0.000129046 0.000059801 0.000167067 0.000136320 0.000119168 0.006856122 0.000000000 0.000000000
82.421230234 0.007183843 0.000132049 0.000144810 0.000130726 0.000057775 0.000133590 0.000112407 0.000106086 0.006366399 0.000000000 0.000000000
83.020657363 0.008215201 0.000167813 0.000160650 0.000128159 0.000094747 0.000113690 0.000110815 0.000093482 0.007345845 0.000000000 0.000000000
83.620084492 0.010002667 0.000244462 0.000179458 0.000122613 0.000101926 0.000104550 0.000110287 0.000079495 0.009059875 0.000000000 0.000000000
84.219511621 0.008226693 0.000218368 0.000170884 0.000123692 0.000092999 0.000095858 0.000096113 0.000082934 0.007345845 0.000000000 0.000000000
84.818938750 0.010125298 0.000171061 0.000124149 0.000142146 0.000089980 0.000102184 0.000090858 0.000100182 0.009304737 0.000000000 0.000000000
85.418365879 0.008705040 0.000167281 0.000099106 0.000187286 0.000106173 0.000099590 0.000091735 0.000118302 0.007835568 0.000000000 0.000000000
86.017793008 0.004168224 0.000178174 0.000127825 0.000232376 0.000129428 0.000096093 0.000092724 0.000128402 0.003183199 0.000000000 0.000000000
86.617220137 0.001183621 0.000208296 0.000180961 0.000264221 0.000195198 0.000098785 0.000109489 0.000126670 0.000000000 0.000000000 0.000000000
87.216647266 0.001415255 0.000272080 0.000240608 0.000254826 0.000286544 0.000113260 0.000119147 0.000128790 0.000000000 0.000000000 0.000000000
87.816074395 0.001611337 0.000328395 0.000256916 0.000251514 0.000384737 0.000123193 0.000121831 0.000144751 0.000000000 0.000000000 0.000000000
88.415501524 0.001809989 0.000361299 0.000238797 0.000311015 0.000448923 0.000129485 0.000144387 0.000176084 0.000000000 0.000000000 0.000000000
89.014928653 0.002032314 0.000341340 0.000252021 0.000375617 0.000505335 0.000153590 0.000198424 0.000205989 0.000000000 0.000000000 0.000000000
89.614355782 0.002222785 0.000360807 0.000262001 0.000397443 0.000528177 0.000225953 0.000233313 0.000215090 0.000000000 0.000000000 0.000000000
90.213782911 0.002514200 0.000434889 0.000333530 0.000395206 0.000559888 0.000284051 0.000263367 0.000243270 0.000000000 0.000000000 0.000000000
90.813210040 0.002984218 0.000556433 0.000469980 0.000429495 0.000633264 0.000315394 0.000291979 0.000287674 0.000000000 0.000000000 0.000000000
91.412637168 0.003482246 0.000778475 0.000580086 0.000460028 0.000722511 0.000296055 0.000318772 0.000326319 0.000000000 0.000000000 0.000000000
92.012064297 0.003591147 0.000915555 0.000719720 0.000431440 0.000697133 0.000251140 0.000283619 0.000292541 0.000000000 0.000000000 0.000000000
92.611491426 0.003202623 0.000821679 0.000737171 0.000369606 0.000618409 0.000206789 0.000226816 0.000222153 0.000000000 0.000000000 0.000000000
93.210918555 0.002636526 0.000597754 0.000657161 0.000323270 0.000522216 0.000175629 0.000187567 0.000172928 0.000000000 0.000000000 0.000000000
93.810345684 0.002237961 0.000424119 0.000566896 0.000330503 0.000436514 0.000153308 0.000174277 0.000152344 0.000000000 0.000000000 0.000000000
94.409772813 0.002155925 0.000389965 0.000488204 0.000372508 0.000456141 0.000138189 0.000167980 0.000142936 0.000000000 0.000000000 0.000000000
95.009199942 0.002274685 0.000418857 0.000502797 0.000445011 0.000481806 0.000134576 0.000144758 0.000146880 0.000000000 0.000000000 0.000000000
95.608627071 0.002377474 0.000406038 0.000531455 0.000536903 0.000481804 0.000153932 0.000110314 0.000157026 0.000000000 0.000000000 0.000000000
96.208054200 0.002431268 0.000352490 0.000522499 0.000615763 0.000481566 0.000195147 0.000096914 0.000166889 0.000000000 0.000000000 0.000000000
96.807481329 0.002455580 0.000316663 0.000520820 0.000614247 0.000459615 0.000234592 0.000123943 0.000185699 0.000000000 0.000000000 0.000000000
97.406908458 0.002502630 0.000345754 0.000486052 0.000570181 0.000427373 0.000251194 0.000200460 0.000221616 0.000000000 0.000000000 0.000000000
98.006335587 0.002654825 0.000387563 0.000488622 0.000560132 0.000400447 0.000254005 0.000296815 0.000267241 0.000000000 0.000000000 0.000000000
98.605762716 0.002866794 0.000446280 0.000501176 0.000555404 0.000400415 0.000275546 0.000379961 0.000308013 0.000000000 0.000000000 0.000000000
99.205189845 0.003125082 0.000524495 0.000504521 0.000544328 0.000425345 0.000333249 0.000431916 0.000361229 0.000000000 0.000000000 0.000000000
99.804616974 0.003345672 0.000636276 0.000507958 0.000528045 0.000480131 0.000364344 0.000429401 0.000399518 0.000000000 0.000000000 0.000000000
100.404044103 0.003141216 0.000594886 0.000447429 0.000506033 0.000504881 0.000366033 0.000362669 0.000359285 0.000000000 0.000000000 0.000000000
101.003471232 0.002805170 0.000478548 0.000395569 0.000525665 0.000494283 0.000334545 0.000282095 0.000294464 0.000000000 0.000000000 0.000000000
101.602898361 0.002582952 0.000468779 0.000372248 0.000531935 0.000463360 0.000276137 0.000235845 0.000234648 0.000000000 0.000000000 0.000000000
102.202325490 0.002489840 0.000515803 0.000393870 0.000511044 0.000445770 0.000225734 0.000200875 0.000196744 0.000000000 0.000000000 0.000000000
102.801752619 0.002440709 0.000551993 0.000438607 0.000476586 0.000424520 0.000189335 0.000180703 0.000178966 0.000000000 0.000000000 0.000000000
103.401179748 0.002440275 0.000607612 0.000461583 0.000440870 0.000400172 0.000177932 0.000176162 0.000175944 0.000000000 0.000000000 0.000000000
104.000606877 0.002517368 0.000611306 0.000494612 0.000451069 0.000404156 0.000188247 0.000186194 0.000181784 0.000000000 0.000000000 0.000000000
104.600034006 0.002644970 0.000575268 0.000515504 0.000483911 0.000458574 0.000204091 0.000204172 0.000203451 0.000000000 0.000000000 0.000000000
105.199461135 0.002748040 0.000497571 0.000560938 0.000512444 0.000508398 0.000211767 0.000218132 0.000238789 0.000000000 0.000000000 0.000000000
105.798888264 0.002742128 0.000426447 0.000587215 0.000525010 0.000498169 0.000220494 0.000228948 0.000255846 0.000000000 0.000000000 0.000000000
106.398315393 0.002782515 0.000416438 0.000602179 0.000513173 0.000495441 0.000235481 0.000241410 0.000278393 0.000000000 0.000000000 0.000000000
106.997742522 0.002812058 0.000408493 0.000577704 0.000506390 0.000486220 0.000264249 0.000265494 0.000303508 0.000000000 0.000000000 0.000000000
107.597169651 0.002902734 0.000464301 0.000546814 0.000521269 0.000476288 0.000281128 0.000305500 0.000307433 0.000000000 0.000000000 0.000000000
108.196596780 0.002941816 0.000485728 0.000533611 0.000544275 0.000494399 0.000276237 0.000317300 0.000290266 0.000000000 0.000000000 0.000000000
108.796023909 0.002817803 0.000434093 0.000505374 0.000550643 0.000508934 0.000257437 0.000301383 0.000259940 0.000000000 0.000000000 0.000000000
109.395451038 0.002619455 0.000376242 0.000481583 0.000528804 0.000497158 0.000239620 0.000262841 0.000233207 0.000000000 0.000000000 0.000000000
109.994878167 0.002483460 0.000352408 0.000485450 0.000491020 0.000484879 0.000230533 0.000208904 0.000230265 0.000000000 0.000000000 0.000000000
110.594305296 0.002442805 0.000392082 0.000494859 0.000447714 0.000472845 0.000218784 0.000183852 0.000232669 0.000000000 0.000000000 0.000000000
111.193732425 0.002472345 0.000492070 0.000469539 0.000416318 0.000504448 0.000207370 0.000174897 0.000207702 0.000000000 0.000000000 0.000000000
111.793159554 0.002518681 0.000576380 0.000440457 0.000392275 0.000559237 0.000209356 0.000169098 0.000171880 0.000000000 0.000000000 0.000000000
112.392586683 0.002525052 0.000592188 0.000422068 0.000414629 0.000567794 0.000216814 0.000180521 0.000131037 0.000000000 0.000000000 0.000000000
112.992013812 0.002548574 0.000590454 0.000403389 0.000438663 0.000552067 0.000225211 0.000210609 0.000128181 0.000000000 0.000000000 0.000000000
113.591440940 0.002545693 0.000566618 0.000368022 0.000443659 0.000557668 0.000228397 0.000225317 0.000156012 0.000000000 0.000000000 0.000000000
114.190868069 0.002573431 0.000542148 0.000404357 0.000438748 0.000580080 0.000216129 0.000207987 0.000183983 0.000000000 0.000000000 0.000000000
114.790295198 0.002643074 0.000545926 0.000463685 0.000431621 0.000610443 0.000212556 0.000182366 0.000196477 0.000000000 0.000000000 0.000000000
115.389722327 0.002723742 0.000579543 0.000531936 0.000456751 0.000607969 0.000194880 0.000170345 0.000182318 0.000000000 0.000000000 0.000000000
115.989149456 0.002713515 0.000576670 0.000562919 0.000509187 0.000575130 0.000168525 0.000165002 0.000156084 0.000000000 0.000000000 0.000000000
116.588576585 0.002650264 0.000547827 0.000532818 0.000548808 0.000548506 0.000151642 0.000170407 0.000150254 0.000000000 0.000000000 0.000000000
117.188003714 0.002549195 0.000484953 0.000504801 0.000575015 0.000508726 0.000141666 0.000174774 0.000159260 0.000000000 0.000000000 0.000000000
117.787430843 0.002486945 0.000407893 0.000499430 0.000596970 0.000480297 0.000140805 0.000174320 0.000187229 0.000000000 0.000000000 0.000000000
118.386857972 0.002488549 0.000376165 0.000522031 0.000586477 0.000476788 0.000144862 0.000178481 0.000203744 0.000000000 0.000000000 0.000000000
118.986285101 0.002494941 0.000388714 0.000555665 0.000558532 0.000464637 0.000144526 0.000168021 0.000214847 0.000000000 0.000000000 0.000000000
119.585712230 0.002421970 0.000399999 0.000587459 0.000539925 0.000437915 0.000140859 0.000128207 0.000187604 0.000000000 0.000000000 0.000000000
120.185139359 0.002361262 0.000417636 0.000628568 0.000498360 0.000412385 0.000139498 0.000108115 0.000156699 0.000000000 0.000000000 0.000000000
120.784566488 0.002382726 0.000479739 0.000650054 0.000461827 0.000415416 0.000146120 0.000095375 0.000134196 0.000000000 0.000000000 0.000000000
121.383993617 0.002513825 0.000560024 0.000643048 0.000455213 0.000475241 0.000150046 0.000107214 0.000123040 0.000000000 0.000000000 0.000000000
121.983420746 0.002658117 0.000610109 0.000623115 0.000478578 0.000555569 0.000142275 0.000137213 0.000111258 0.000000000 0.000000000 0.000000000
122.582847875 0.002744912 0.000641288 0.000569558 0.000507280 0.000600964 0.000144008 0.000169907 0.000111907 0.000000000 0.000000000 0.000000000
123.182275004 0.002803490 0.000659441 0.000543498 0.000545380 0.000605604 0.000131541 0.000191923 0.000126104 0.000000000 0.000000000 0.000000000
123.781702133 0.002744972 0.000646205 0.000484302 0.000558823 0.000611392 0.000119925 0.000170013 0.000154313 0.000000000 0.000000000 0.000000000
124.381129262 0.002567037 0.000609196 0.000402562 0.000547771 0.000569011 0.000120108 0.000145972 0.000172417 0.000000000 0.000000000 0.000000000
124.980556391 0.002381662 0.000557012 0.000336507 0.000540681 0.000503001 0.000132774 0.000130943 0.000180745 0.000000000 0.000000000 0.000000000
125.579983520 0.002320802 0.000524857 0.000323839 0.000532260 0.000477496 0.000158582 0.000127257 0.000176510 0.000000000 0.000000000 0.000000000
126.179410649 0.002293550 0.000503658 0.000345034 0.000509534 0.000452658 0.000189513 0.000143413 0.000149742 0.000000000 0.000000000 0.000000000
126.778837778 0.002316130 0.000476655 0.000401925 0.000491624 0.000426147 0.000215457 0.000178624 0.000125698 0.000000000 0.000000000 0.000000000
127.378264907 0.002408937 0.000457880 0.000461544 0.000495194 0.000455916 0.000220949 0.000190863 0.000126591 0.000000000 0.000000000 0.000000000
127.977692036 0.002556587 0.000461476 0.000513216 0.000534430 0.000496291 0.000209238 0.000197662 0.000144273 0.000000000 0.000000000 0.000000000
128.577119165 0.002680822 0.000479918 0.000577129 0.000525563 0.000520999 0.000192708 0.000205067 0.000179438 0.000000000 0.000000000 0.000000000
129.176546294 0.002843256 0.000497906 0.000664090 0.000530060 0.000532227 0.000178004 0.000221911 0.000219059 0.000000000 0.000000000 0.000000000
129.775973423 0.002962683 0.000505647 0.000708813 0.000527966 0.000539029 0.000180066 0.000232124 0.000269038 0.000000000 0.000000000 0.000000000
130.375400552 0.002965682 0.000530430 0.000659405 0.000523375 0.000540015 0.000202787 0.000221653 0.000288017 0.000000000 0.000000000 0.000000000
130.974827681 0.002831698 0.000531517 0.000552495 0.000485321 0.000539916 0.000231998 0.000211018 0.000279433 0.000000000 0.000000000 0.000000000
131.574254810 0.002641454 0.000479049 0.000467098 0.000445696 0.000520730 0.000263356 0.000205462 0.000260063 0.000000000 0.000000000 0.000000000
132.173681939 0.002592562 0.000397966 0.000458324 0.000423178 0.000531419 0.000286550 0.000241106 0.000254018 0.000000000 0.000000000 0.000000000
132.773109068 0.002666491 0.000330123 0.000491493 0.000436372 0.000542217 0.000306860 0.000297716 0.000261709 0.000000000 0.000000000 0.000000000
133.372536197 0.002721953 0.000330432 0.000494434 0.000476841 0.000503832 0.000322041 0.000322674 0.000271701 0.000000000 0.000000000 0.000000000
133.971963326 0.002746333 0.000361873 0.000463816 0.000496762 0.000418321 0.000334226 0.000365733 0.000305602 0.000000000 0.000000000 0.000000000
134.571390455 0.002762092 0.000416723 0.000426819 0.000511371 0.000357350 0.000340149 0.000371302 0.000338378 0.000000000 0.000000000 0.000000000
135.170817584 0.002806550 0.000536182 0.000402240 0.000527666 0.000318583 0.000348091 0.000350617 0.000323171 0.000000000 0.000000000 0.000000000
135.770244713 0.002906361 0.000665479 0.000392840 0.000547073 0.000330443 0.000333377 0.000328919 0.000308229 0.000000000 0.000000000 0.000000000
136.369671841 0.002989188 0.000711655 0.000436108 0.000544914 0.000366754 0.000314297 0.000306512 0.000308949 0.000000000 0.000000000 0.000000000
136.969098970 0.003026722 0.000670652 0.000502581 0.000542059 0.000399466 0.000304014 0.000298614 0.000309336 0.000000000 0.000000000 0.000000000
137.568526099 0.002936402 0.000552963 0.000540069 0.000544115 0.000421353 0.000292447 0.000288447 0.000297008 0.000000000 0.000000000 0.000000000
138.167953228 0.002783664 0.000459681 0.000493678 0.000564286 0.000438186 0.000281407 0.000274939 0.000271488 0.000000000 0.000000000 0.000000000
138.767380357 0.002621216 0.000384929 0.000439756 0.000568774 0.000445675 0.000279400 0.000258242 0.000244438 0.000000000 0.000000000 0.000000000
139.366807486 0.002566087 0.000339404 0.000454752 0.000544590 0.000462693 0.000273921 0.000247051 0.000243676 0.000000000 0.000000000 0.000000000
139.966234615 0.002664349 0.000367056 0.000520753 0.000538171 0.000482827 0.000269727 0.000249826 0.000235991 0.000000000 0.000000000 0.000000000
140.565661744 0.002810064 0.000470638 0.000572993 0.000544602 0.000479576 0.000253632 0.000255454 0.000233169 0.000000000 0.000000000 0.000000000
141.165088873 0.002868449 0.000532873 0.000550343 0.000579387 0.000493349 0.000227734 0.000245660 0.000239104 0.000000000 0.000000000 0.000000000
141.764516002 0.002853125 0.000550269 0.000545413 0.000620145 0.000489251 0.000186241 0.000215383 0.000246422 0.000000000 0.000000000 0.000000000
142.363943131 0.002817050 0.000553967 0.000547606 0.000637492 0.000478447 0.000157292 0.000200461 0.000241785 0.000000000 0.000000000 0.000000000
142.963370260 0.002753561 0.000543822 0.000563662 0.000610648 0.000474843 0.000134789 0.000190639 0.000235158 0.000000000 0.000000000 0.000000000
143.562797389 0.002625892 0.000514338 0.000534413 0.000555253 0.000484281 0.000139622 0.000186557 0.000211427 0.000000000 0.000000000 0.000000000
144.162224518 0.002454295 0.000458634 0.000495693 0.000490384 0.000482441 0.000157464 0.000175724 0.000193954 0.000000000 0.000000000 0.000000000
144.761651647 0.002428958 0.000462779 0.000493711 0.000441836 0.000489455 0.000189742 0.000162158 0.000189277 0.000000000 0.000000000 0.000000000
145.361078776 0.002485434 0.000499245 0.000510792 0.000424881 0.000472192 0.000230014 0.000163386 0.000184924 0.000000000 0.000000000 0.000000000
145.960505905 0.002475093 0.000495612 0.000462479 0.000434463 0.000456745 0.000252134 0.000177949 0.000195711 0.000000000 0.000000000 0.000000000
146.559933034 0.002504533 0.000511667 0.000425798 0.000467717 0.000462569 0.000240724 0.000203385 0.000192673 0.000000000 0.000000000 0.000000000
147.159360163 0.002612484 0.000536079 0.000408202 0.000487244 0.000524975 0.000234432 0.000230233 0.000191320 0.000000000 0.000000000 0.000000000
147.758787292 0.002688678 0.000504098 0.000456305 0.000469894 0.000588726 0.000229108 0.000250370 0.000190175 0.000000000 0.000000000 0.000000000
148.358214421 0.002749624 0.000473485 0.000527349 0.000455713 0.000611492 0.000222477 0.000254284 0.000204825 0.000000000 0.000000000 0.000000000
148.957641550 0.002843422 0.000505607 0.000593458 0.000435223 0.000597264 0.000222332 0.000252139 0.000237399 0.000000000 0.000000000 0.000000000
149.557068679 0.002883287 0.000569636 0.000610841 0.000438764 0.000532422 0.000231904 0.000254748 0.000244972 0.000000000 0.000000000 0.000000000
150.156495808 0.002787794 0.000559250 0.000561126 0.000451640 0.000483600 0.000254868 0.000244445 0.000232866 0.000000000 0.000000000 0.000000000
150.755922937 0.002668563 0.000489225 0.000480664 0.000471419 0.000483979 0.000281736 0.000225924 0.000235617 0.000000000 0.000000000 0.000000000
151.355350066 0.002636047 0.000442442 0.000409413 0.000492847 0.000509154 0.000300059 0.000237170 0.000244962 0.000000000 0.000000000 0.000000000
151.954777195 0.002715279 0.000445707 0.000417898 0.000513477 0.000516508 0.000304566 0.000270982 0.000246142 0.000000000 0.000000000 0.000000000
152.554204324 0.002743323 0.000451033 0.000470621 0.000535272 0.000471413 0.000287278 0.000286857 0.000240848 0.000000000 0.000000000 0.000000000
153.153631453 0.002695043 0.000437507 0.000486589 0.000565993 0.000421204 0.000274454 0.000277886 0.000231410 0.000000000 0.000000000 0.000000000
153.753058582 0.002649740 0.000431112 0.000479483 0.000572268 0.000432044 0.000249283 0.000270547 0.000215003 0.000000000 0.000000000 0.000000000
154.352485711 0.002624147 0.000427712 0.000492642 0.000560020 0.000439580 0.000223221 0.000263217 0.000217755 0.000000000 0.000000000 0.000000000
154.951912840 0.002610232 0.000429858 0.000517555 0.000544865 0.000445526 0.000204414 0.000238678 0.000229338 0.000000000 0.000000000 0.000000000
155.551339969 0.002640317 0.000469666 0.000560442 0.000526328 0.000434681 0.000197579 0.000197411 0.000254209 0.000000000 0.000000000 0.000000000
156.150767098 0.002701132 0.000529351 0.000576095 0.000532785 0.000417881 0.000183730 0.000186703 0.000274588 0.000000000 0.000000000 0.000000000
156.750194227 0.002802180 0.000609683 0.000587805 0.000543850 0.000426838 0.000169164 0.000192072 0.000272768 0.000000000 0.000000000 0.000000000
157.349621356 0.002737906 0.000589321 0.000531323 0.000559249 0.000454978 0.000162663 0.000193590 0.000246782 0.000000000 0.000000000 0.000000000
157.949048485 0.002638387 0.000541521 0.000472463 0.000537154 0.000495096 0.000155035 0.000197951 0.000239167 0.000000000 0.000000000 0.000000000
158.548475614 0.002592403 0.000541581 0.000407885 0.000506377 0.000522606 0.000159031 0.000205646 0.000249275 0.000000000 0.000000000 0.000000000
159.147902742 0.002567627 0.000558787 0.000380093 0.000470556 0.000518705 0.000185033 0.000201315 0.000253137 0.000000000 0.000000000 0.000000000
159.747329871 0.002628797 0.000582158 0.000408379 0.000468277 0.000508972 0.000220637 0.000196906 0.000243468 0.000000000 0.000000000 0.000000000
160.346757000 0.002684035 0.000611058 0.000456458 0.000463017 0.000483945 0.000239941 0.000211810 0.000217806 0.000000000 0.000000000 0.000000000
160.946184129 0.002682330 0.000608803 0.000501003 0.000459965 0.000460830 0.000250388 0.000218296 0.000183046 0.000000000 0.000000000 0.000000000
161.545611258 0.002548559 0.000525582 0.000536980 0.000435189 0.000437130 0.000236555 0.000218898 0.000158225 0.000000000 0.000000000 0.000000000
162.145038387 0.002464455 0.000406913 0.000575689 0.000412365 0.000446773 0.000248181 0.000222176 0.000152359 0.000000000 0.000000000 0.000000000
162.744465516 0.002506095 0.000356427 0.000598647 0.000408066 0.000485777 0.000252933 0.000231181 0.000173064 0.000000000 0.000000000 0.000000000
163.343892645 0.002626135 0.000393973 0.000583178 0.000426814 0.000530724 0.000246172 0.000241980 0.000203293 0.000000000 0.000000000 0.000000000
163.943319774 0.002750714 0.000464887 0.000514566 0.000461033 0.000584021 0.000241497 0.000246718 0.000237990 0.000000000 0.000000000 0.000000000
164.542746903 0.002803533 0.000500637 0.000450523 0.000472841 0.000636229 0.000228095 0.000246977 0.000268231 0.000000000 0.000000000 0.000000000
165.142174032 0.002741807 0.000478249 0.000390371 0.000472756 0.000684070 0.000206371 0.000230543 0.000279448 0.000000000 0.000000000 0.000000000
165.741601161 0.002611468 0.000428463 0.000370116 0.000450226 0.000675433 0.000186985 0.000223730 0.000276515 0.000000000 0.000000000 0.000000000
166.341028290 0.002519613 0.000382151 0.000398310 0.000411847 0.000647810 0.000176520 0.000228734 0.000274239 0.000000000 0.000000000 0.000000000
166.940455419 0.002547823 0.000394061 0.000469974 0.000371744 0.000622233 0.000179346 0.000222131 0.000288332 0.000000000 0.000000000 0.000000000
167.539882548 0.002617938 0.000438086 0.000514683 0.000336778 0.000601227 0.000197627 0.000217627 0.000311910 0.000000000 0.000000000 0.000000000
168.139309677 0.002578027 0.000496239 0.000473832 0.000323122 0.000509872 0.000222978 0.000250402 0.000301581 0.000000000 0.000000000 0.000000000
168.738736806 0.002581425 0.000512534 0.000452350 0.000344274 0.000463458 0.000269985 0.000277879 0.000260945 0.000000000 0.000000000 0.000000000
169.338163935 0.002648451 0.000509730 0.000452572 0.000392018 0.000470220 0.000305282 0.000279253 0.000239376 0.000000000 0.000000000 0.000000000
169.937591064 0.002656186 0.000481469 0.000439544 0.000429444 0.000478230 0.000324064 0.000271030 0.000232403 0.000000000 0.000000000 0.000000000
170.537018193 0.002698527 0.000488913 0.000434543 0.000453921 0.000467858 0.000325733 0.000292814 0.000234745 0.000000000 0.000000000 0.000000000
171.136445322 0.002796567 0.000577677 0.000411350 0.000460697 0.000465084 0.000318163 0.000304315 0.000259281 0.000000000 0.000000000 0.000000000
171.735872451 0.002861074 0.000624821 0.000386276 0.000452098 0.000483643 0.000314619 0.000309892 0.000289724 0.000000000 0.000000000 0.000000000
172.335299580 0.002856086 0.000583464 0.000379619 0.000449815 0.000517998 0.000298400 0.000309138 0.000317651 0.000000000 0.000000000 0.000000000
172.934726709 0.002754550 0.000524253 0.000402889 0.000448212 0.000523673 0.000271447 0.000282394 0.000301683 0.000000000 0.000000000 0.000000000
173.534153838 0.002593865 0.000453900 0.000445380 0.000447177 0.000483404 0.000250039 0.000259423 0.000254542 0.000000000 0.000000000 0.000000000
174.133580967 0.002510692 0.000407150 0.000484441 0.000447879 0.000455883 0.000237273 0.000243287 0.000234780 0.000000000 0.000000000 0.000000000
174.733008096 0.002509948 0.000371847 0.000453907 0.000448666 0.000489646 0.000245281 0.000241163 0.000259439 0.000000000 0.000000000 0.000000000
175.332435225 0.002666132 0.000372837 0.000480421 0.000453005 0.000541420 0.000254452 0.000262187 0.000301810 0.000000000 0.000000000 0.000000000
175.931862354 0.002828899 0.000399863 0.000549675 0.000453239 0.000565966 0.000270805 0.000295450 0.000293902 0.000000000 0.000000000 0.000000000
176.531289483 0.002850939 0.000400759 0.000610264 0.000430878 0.000567952 0.000270103 0.000282940 0.000288044 0.000000000 0.000000000 0.000000000
177.130716612 0.002736349 0.000386994 0.000573746 0.000424686 0.000562989 0.000263990 0.000259382 0.000264563 0.000000000 0.000000000 0.000000000
177.730143741 0.002701203 0.000410391 0.000557525 0.000468002 0.000533498 0.000253519 0.000237554 0.000240713 0.000000000 0.000000000 0.000000000
178.329570870 0.002760707 0.000507817 0.000551522 0.000510581 0.000494686 0.000247677 0.000218909 0.000229514 0.000000000 0.000000000 0.000000000
178.928997999 0.002804189 0.000557178 0.000560397 0.000546744 0.000447546 0.000248268 0.000214409 0.000229646 0.000000000 0.000000000 0.000000000
179.528425128 0.002812157 0.000538718 0.000554998 0.000584397 0.000412945 0.000260355 0.000234323 0.000226419 0.000000000 0.000000000 0.000000000
180.127852257 0.002748118 0.000502096 0.000498630 0.000605188 0.000395183 0.000266046 0.000241378 0.000239597 0.000000000 0.000000000 0.000000000
180.727279386 0.002695772 0.000508033 0.000466517 0.000604493 0.000388650 0.000261270 0.000239323 0.000227487 0.000000000 0.000000000 0.000000000
181.326706515 0.002654485 0.000520796 0.000429896 0.000588327 0.000377882 0.000256240 0.000253772 0.000227571 0.000000000 0.000000000 0.000000000
181.926133643 0.002694717 0.000531804 0.000407842 0.000568744 0.000391608 0.000266950 0.000275396 0.000252374 0.000000000 0.000000000 0.000000000
182.525560772 0.002717329 0.000518010 0.000395752 0.000553986 0.000378624 0.000281351 0.000312590 0.000277015 0.000000000 0.000000000 0.000000000
183.124987901 0.002768057 0.000531663 0.000413473 0.000554355 0.000385283 0.000290791 0.000321606 0.000270887 0.000000000 0.000000000 0.000000000
183.724415030 0.002825477 0.000556842 0.000444126 0.000577234 0.000394354 0.000308521 0.000285480 0.000258921 0.000000000 0.000000000 0.000000000
184.323842159 0.002883624 0.000580186 0.000464245 0.000626250 0.000408951 0.000313880 0.000265225 0.000224889 0.000000000 0.000000000 0.000000000
184.923269288 0.002883891 0.000578491 0.000489747 0.000619279 0.000440977 0.000292821 0.000260170 0.000202406 0.000000000 0.000000000 0.000000000
185.522696417 0.002802060 0.000529582 0.000502919 0.000567995 0.000468459 0.000266035 0.000261760 0.000205310 0.000000000 0.000000000 0.000000000
186.122123546 0.002715901 0.000478678 0.000523265 0.000507646 0.000489726 0.000235485 0.000241692 0.000239409 0.000000000 0.000000000 0.000000000
186.721550675 0.002655002 0.000442267 0.000562339 0.000439837 0.000496789 0.000221345 0.000229428 0.000262997 0.000000000 0.000000000 0.000000000
187.320977804 0.002600806 0.000401379 0.000591901 0.000407784 0.000479239 0.000217126 0.000227013 0.000276363 0.000000000 0.000000000 0.000000000
187.920404933 0.002641979 0.000374001 0.000611556 0.000416605 0.000490245 0.000233082 0.000228453 0.000288035 0.000000000 0.000000000 0.000000000
188.519832062 0.002664483 0.000334432 0.000598048 0.000428582 0.000521560 0.000265508 0.000227018 0.000289336 0.000000000 0.000000000 0.000000000
189.119259191 0.002639990 0.000315528 0.000519244 0.000405415 0.000569685 0.000296746 0.000241115 0.000292256 0.000000000 0.000000000 0.000000000
189.718686320 0.002637730 0.000336990 0.000433281 0.000392406 0.000597089 0.000304047 0.000275522 0.000298394 0.000000000 0.000000000 0.000000000
190.318113449 0.002689902 0.000364362 0.000367759 0.000406599 0.000628408 0.000309973 0.000330497 0.000282305 0.000000000 0.000000000 0.000000000
190.917540578 0.002809344 0.000400439 0.000361857 0.000433069 0.000642250 0.000329607 0.000367701 0.000274421 0.000000000 0.000000000 0.000000000
191.516967707 0.002842046 0.000470747 0.000372524 0.000441859 0.000595372 0.000345745 0.000352798 0.000263000 0.000000000 0.000000000 0.000000000
192.116394836 0.002962577 0.000565888 0.000417755 0.000464901 0.000558635 0.000340718 0.000334611 0.000280069 0.000000000 0.000000000 0.000000000
192.715821965 0.003024839 0.000653997 0.000433446 0.000460557 0.000531830 0.000329471 0.000335572 0.000279967 0.000000000 0.000000000 0.000000000
193.315249094 0.002956671 0.000638926 0.000443953 0.000447616 0.000494518 0.000311535 0.000321721 0.000298401 0.000000000 0.000000000 0.000000000
193.914676223 0.002781070 0.000567592 0.000448258 0.000444622 0.000426731 0.000300973 0.000281501 0.000311393 0.000000000 0.000000000 0.000000000
194.514103352 0.002674614 0.000567218 0.000447233 0.000441944 0.000354851 0.000284972 0.000256403 0.000321993 0.000000000 0.000000000 0.000000000
195.113530481 0.002653010 0.000578344 0.000455692 0.000422128 0.000325712 0.000281098 0.000273614 0.000316422 0.000000000 0.000000000 0.000000000
195.712957610 0.002609479 0.000527197 0.000478447 0.000415588 0.000321825 0.000264697 0.000310772 0.000290953 0.000000000 0.000000000 0.000000000
196.312384739 0.002619496 0.000446771 0.000514357 0.000491856 0.000343381 0.000240665 0.000321534 0.000260931 0.000000000 0.000000000 0.000000000
196.911811868 0.002743008 0.000388064 0.000521729 0.000638427 0.000396701 0.000231213 0.000302082 0.000264793 0.000000000 0.000000000 0.000000000
197.511238997 0.002935500 0.000422662 0.000501661 0.000774105 0.000474793 0.000238040 0.000242488 0.000281751 0.000000000 0.000000000 0.000000000
198.110666126 0.003108212 0.000500994 0.000516417 0.000884750 0.000462151 0.000250550 0.000213577 0.000279774 0.000000000 0.000000000 0.000000000
198.710093255 0.003073450 0.000502748 0.000522108 0.000940241 0.000399016 0.000242974 0.000194683 0.000271679 0.000000000 0.000000000 0.000000000
199.309520384 0.002915678 0.000481365 0.000492835 0.000859732 0.000346910 0.000245335 0.000233778 0.000255722 0.000000000 0.000000000 0.000000000
199.908947513 0.002787570 0.000462310 0.000497266 0.000764721 0.000325999 0.000259761 0.000252662 0.000224851 0.000000000 0.000000000 0.000000000
200.508374642 0.002724827 0.000454333 0.000622939 0.000658232 0.000309092 0.000246845 0.000232274 0.000201114 0.000000000 0.000000000 0.000000000
201.107801771 0.002674879 0.000427326 0.000781304 0.000562526 0.000291368 0.000203007 0.000204401 0.000204946 0.000000000 0.000000000 0.000000000
201.707228900 0.002535156 0.000419111 0.000762647 0.000518345 0.000292873 0.000175683 0.000158129 0.000208367 0.000000000 0.000000000 0.000000000
202.306656029 0.002300693 0.000425024 0.000581220 0.000488063 0.000307160 0.000159222 0.000145098 0.000194907 0.000000000 0.000000000 0.000000000
202.906083158 0.002170648 0.000476974 0.000486305 0.000439748 0.000328289 0.000137899 0.000139043 0.000162391 0.000000000 0.000000000 0.000000000
203.505510287 0.002124619 0.000547811 0.000436301 0.000373457 0.000330805 0.000129364 0.000165846 0.000141034 0.000000000 0.000000000 0.000000000
204.104937416 0.002103779 0.000615180 0.000362354 0.000311035 0.000339258 0.000130676 0.000200598 0.000144679 0.000000000 0.000000000 0.000000000
204.704364544 0.002411202 0.000774566 0.000399799 0.000282171 0.000406654 0.000159445 0.000209939 0.000178628 0.000000000 0.000000000 0.000000000
205.303791673 0.002945523 0.000938051 0.000512344 0.000306497 0.000557015 0.000211062 0.000208408 0.000212145 0.000000000 0.000000000 0.000000000
205.903218802 0.003501881 0.000915584 0.000653904 0.000380968 0.000756759 0.000283518 0.000240909 0.000270239 0.000000000 0.000000000 0.000000000
206.502645931 0.003775042 0.000650344 0.000719987 0.000464945 0.000934062 0.000360653 0.000325336 0.000319715 0.000000000 0.000000000 0.000000000
207.102073060 0.003600225 0.000386871 0.000708161 0.000480662 0.000868614 0.000449825 0.000372792 0.000333302 0.000000000 0.000000000 0.000000000
207.701500189 0.003133336 0.000245385 0.000514047 0.000451906 0.000679121 0.000493532 0.000394001 0.000355345 0.000000000 0.000000000 0.000000000
208.300927318 0.002515573 0.000145189 0.000292853 0.000394018 0.000531211 0.000420750 0.000388282 0.000343270 0.000000000 0.000000000 0.000000000
208.900354447 0.001977563 0.000104221 0.000196193 0.000314694 0.000439430 0.000305770 0.000314079 0.000303175 0.000000000 0.000000000 0.000000000
209.499781576 0.001793495 0.000123807 0.000190959 0.000311281 0.000421608 0.000218875 0.000282322 0.000244642 0.000000000 0.000000000 0.000000000
210.099208705 0.001756727 0.000136775 0.000269451 0.000276424 0.000386398 0.000170179 0.000268829 0.000248672 0.000000000 0.000000000 0.000000000
210.698635834 0.001634957 0.000118617 0.000275317 0.000225807 0.000335050 0.000142984 0.000236260 0.000300922 0.000000000 0.000000000 0.000000000
211.298062963 0.001459084 0.000084565 0.000227894 0.000205279 0.000288477 0.000141445 0.000191240 0.000320185 0.000000000 0.000000000 0.000000000
211.897490092 0.001223693 0.000094874 0.000162315 0.000159834 0.000230522 0.000143622 0.000158065 0.000274462 0.000000000 0.000000000 0.000000000
212.496917221 0.007892343 0.000139787 0.000095775 0.000114846 0.000187394 0.000155722 0.000142327 0.000200369 0.000000000 0.006856122 0.000000000
213.096344350 0.009736742 0.000183367 0.000068360 0.000090822 0.000143853 0.000160321 0.000145588 0.000129416 0.000000000 0.008815014 0.000000000
213.695771479 0.008047211 0.000241905 0.000098702 0.000080257 0.000119615 0.000163401 0.000138776 0.000103573 0.000000000 0.007100983 0.000000000
214.295198608 0.011040213 0.000263638 0.000136218 0.000076649 0.000114180 0.000157242 0.000143205 0.000109759 0.000000000 0.010039321 0.000000000
214.894625737 0.007670213 0.000221727 0.000134926 0.000074280 0.000128537 0.000167131 0.000165723 0.000166629 0.000000000 0.006611260 0.000000000
215.494052866 0.009481139 0.000130023 0.000108509 0.000064778 0.000154760 0.000213792 0.000244632 0.000239354 0.000000000 0.008325291 0.000000000
216.093479995 0.006953724 0.000055649 0.000086773 0.000067477 0.000168500 0.000226773 0.000242924 0.000228951 0.000000000 0.005876676 0.000000000
216.692907124 0.008187434 0.000040493 0.000057962 0.000071689 0.000167563 0.000171003 0.000157901 0.000174980 0.000000000 0.007345845 0.000000000
217.292334253 0.009860797 0.000054672 0.000035482 0.000070615 0.000195226 0.000135128 0.000130353 0.000179447 0.000000000 0.009059875 0.000000000
217.891761382 0.007701231 0.000067529 0.000032436 0.000069656 0.000231814 0.000116132 0.000132970 0.000194572 0.000000000 0.006856122 0.000000000
218.491188511 0.008511152 0.000064454 0.000055916 0.000079533 0.000487505 0.000127997 0.000170948 0.000178953 0.000000000 0.007345845 0.000000000
219.090615640 0.009815000 0.000102835 0.000123790 0.000085007 0.000234118 0.000139669 0.000177943 0.000136624 0.000000000 0.008815014 0.000000000
219.690042769 0.008656543 0.000115656 0.000188378 0.000083425 0.000331895 0.000114448 0.000123007 0.000109029 0.000000000 0.007590706 0.000000000
220.289469898 0.007433076 0.000119246 0.000142809 0.000091830 0.000397253 0.000095647 0.000096060 0.000123832 0.000000000 0.006366399 0.000000000
220.888897027 0.007679771 0.000106974 0.000338827 0.000128172 0.000175131 0.000087831 0.000094124 0.000137451 0.000000000 0.006611260 0.000000000
221.488324156 0.007034419 0.000075695 0.000268721 0.000139030 0.000101830 0.000093289 0.000093896 0.000140420 0.000000000 0.006121537 0.000000000
222.087751285 0.009262651 0.000060129 0.000325283 0.000126072 0.000088842 0.000112339 0.000099937 0.000124758 0.000000000 0.008325291 0.000000000
222.687178414 0.008691159 0.000094244 0.000391459 0.000149056 0.000093555 0.000134544 0.000117643 0.000119952 0.000000000 0.007590706 0.000000000
223.286605543 0.008524982 0.000183888 0.000227165 0.000192552 0.000096228 0.000155886 0.000155664 0.000167755 0.000000000 0.007345845 0.000000000
223.886032672 0.008147280 0.000123486 0.000136907 0.000212259 0.000082235 0.000148273 0.000160937 0.000182199 0.000000000 0.007100983 0.000000000
224.485459801 0.007833382 0.000107083 0.000158332 0.000235841 0.000081053 0.000130145 0.000131276 0.000133530 0.000000000 0.006856122 0.000000000
225.084886930 0.007166161 0.000106460 0.000190871 0.000287208 0.000109580 0.000123560 0.000123384 0.000103560 0.000000000 0.006121537 0.000000000
225.684314059 0.005354428 0.000111570 0.000191490 0.000360030 0.000170228 0.000107125 0.000149442 0.000101897 0.000000000 0.004162645 0.000000000
226.283741188 0.007841167 0.000199713 0.000168290 0.000325091 0.000169704 0.000100271 0.000150005 0.000116833 0.000000000 0.006611260 0.000000000
226.883168317 0.010517344 0.000572682 0.000139366 0.000319447 0.000121067 0.000090844 0.000101404 0.000112658 0.000000000 0.009059875 0.000000000
227.482595445 0.006313004 0.000276669 0.000124640 0.000404119 0.000112007 0.000090369 0.000066597 0.000096512 0.000000000 0.005142091 0.000000000
228.082022574 0.007648515 0.000251576 0.000130417 0.000281011 0.000129912 0.000107134 0.000058924 0.000078281 0.000000000 0.006611260 0.000000000
228.681449703 0.007186982 0.000187281 0.000139670 0.000147647 0.000113525 0.000109164 0.000059658 0.000063638 0.000000000 0.006366399 0.000000000
229.280876832 0.006610609 0.000144985 0.000138701 0.000138809 0.000097333 0.000088598 0.000056952 0.000068554 0.000000000 0.005876676 0.000000000
229.880303961 0.008101748 0.000126975 0.000175158 0.000143864 0.000098202 0.000065011 0.000063685 0.000083007 0.000000000 0.007345845 0.000000000
230.479731090 0.009618986 0.000120313 0.000198063 0.000150191 0.000117998 0.000059725 0.000068767 0.000088916 0.000000000 0.008815014 0.000000000
231.079158219 0.007746610 0.000186633 0.000189229 0.000152404 0.000145350 0.000068843 0.000078243 0.000069786 0.000000000 0.006856122 0.000000000
231.678585348 0.005735220 0.000317732 0.000174785 0.000142033 0.000166929 0.000083793 0.000114592 0.000082988 0.000000000 0.004652368 0.000000000
232.278012477 0.009377566 0.000172547 0.000122774 0.000125909 0.000179578 0.000092142 0.000149109 0.000210215 0.000000000 0.008325291 0.000000000
232.877439606 0.008661999 0.000209520 0.000102848 0.000142232 0.000207326 0.000094082 0.000137999 0.000177285 0.000000000 0.007590706 0.000000000
233.476866735 0.005495501 0.000228485 0.000124285 0.000183750 0.000230018 0.000121000 0.000098959 0.000101498 0.000000000 0.004407507 0.000000000
234.076293864 0.006485544 0.000154105 0.000116970 0.000199401 0.000208115 0.000150109 0.000177262 0.000092630 0.000000000 0.005386953 0.000000000
234.675720993 0.010296149 0.000078681 0.000107258 0.000208290 0.000176770 0.000140488 0.000177955 0.000101970 0.000000000 0.009304737 0.000000000
235.275148122 0.007339998 0.000047258 0.000144406 0.000204277 0.000149135 0.000176685 0.000136597 0.000115241 0.000000000 0.006366399 0.000000000
235.874575251 0.008725859 0.000035568 0.000190133 0.000181219 0.000130547 0.000291564 0.000197090 0.000109032 0.000000000 0.007590706 0.000000000
236.474002380 0.006897149 0.000048353 0.000219574 0.000190381 0.000139736 0.000161410 0.000157917 0.000103101 0.000000000 0.005876676 0.000000000
237.073429509 0.009088323 0.000098158 0.000218503 0.000219606 0.000196142 0.000070467 0.000094709 0.000110309 0.000000000 0.008080429 0.000000000
237.672856638 0.006906988 0.000148132 0.000191533 0.000233439 0.000221493 0.000050730 0.000063426 0.000121560 0.000000000 0.005876676 0.000000000
238.272283767 0.007095397 0.000176880 0.000180772 0.000213335 0.000195678 0.000040827 0.000045486 0.000120882 0.000000000 0.006121537 0.000000000
238.871710896 0.007940824 0.000180156 0.000181368 0.000198724 0.000147040 0.000037378 0.000022555 0.000072620 0.000000000 0.007100983 0.000000000
239.471138025 0.007624755 0.000233489 0.000162468 0.000193134 0.000105142 0.000033400 0.000014828 0.000026172 0.000000000 0.006856122 0.000000000
240.070565154 0.008961243 0.000351635 0.000153876 0.000199355 0.000117525 0.000034373 0.000013772 0.000010277 0.000000000 0.008080429 0.000000000
240.669992283 0.007825514 0.000311656 0.000231524 0.000183559 0.000164574 0.000048093 0.000020235 0.000009750 0.000000000 0.006856122 0.000000000
241.269419412 0.011238196 0.000182236 0.000363372 0.000156138 0.000137638 0.000069232 0.000033242 0.000012157 0.000000000 0.010284183 0.000000000
241.868846541 0.009453080 0.000125334 0.000356766 0.000129692 0.000111268 0.000082149 0.000059891 0.000017829 0.000000000 0.008570152 0.000000000
242.468273670 0.006218954 0.000142585 0.000277307 0.000098343 0.000127833 0.000070217 0.000080437 0.000035279 0.000000000 0.005386953 0.000000000
243.067700799 0.010821677 0.000191413 0.000200737 0.000074912 0.000132522 0.000044891 0.000077183 0.000060698 0.000000000 0.010039321 0.000000000
243.667127928 0.011675839 0.000191187 0.000109013 0.000052869 0.000133802 0.000028623 0.000060353 0.000081225 0.000000000 0.011018767 0.000000000
244.266555057 0.006988235 0.000147920 0.000073181 0.000054708 0.000181386 0.000027436 0.000054216 0.000082991 0.000000000 0.006366399 0.000000000
244.865982186 0.005582340 0.000107983 0.000073367 0.000079422 0.000254154 0.000040747 0.000047680 0.000081757 0.000000000 0.004897230 0.000000000
245.465409315 0.007865159 0.000060087 0.000080207 0.000138242 0.000280039 0.000081389 0.000050036 0.000074176 0.000000000 0.007100983 0.000000000
246.064836444 0.006676284 0.000031574 0.000077587 0.000238800 0.000187964 0.000129738 0.000061120 0.000072825 0.000000000 0.005876676 0.000000000
246.664263573 0.005711707 0.000240450 0.000067319 0.000279768 0.000135611 0.000150924 0.000088647 0.000096620 0.000000000 0.004652368 0.000000000
247.263690702 0.008871571 0.000004750 0.000062819 0.000214624 0.000101983 0.000125317 0.000161777 0.000119871 0.000000000 0.008080429 0.000000000
247.863117831 0.004061295 0.000017116 0.000058977 0.000138843 0.000070744 0.000081782 0.000157103 0.000108669 0.000000000 0.003428061 0.000000000
248.462544960 0.005761253 0.000067548 0.000099838 0.000110617 0.000066777 0.000061524 0.000110672 0.000102185 0.000000000 0.005142091 0.000000000
249.061972089 0.007113144 0.000176209 0.000146325 0.000113701 0.000076755 0.000058167 0.000076744 0.000098843 0.000000000 0.006366399 0.000000000
249.661399218 0.005915084 0.000210515 0.000095632 0.000126179 0.000084898 0.000064260 0.000083755 0.000107754 0.000000000 0.005142091 0.000000000
250.260826346 0.008129300 0.000183883 0.000093821 0.000131578 0.000096042 0.000077426 0.000081930 0.000118774 0.000000000 0.007345845 0.000000000
250.860253475 0.004687005 0.000159743 0.000131911 0.000092792 0.000132217 0.000066485 0.000078379 0.000107693 0.000000000 0.003917784 0.000000000
251.459680604 0.007682427 0.000126866 0.000215558 0.000069413 0.000192998 0.000043223 0.000060479 0.000117768 0.000000000 0.006856122 0.000000000
252.059107733 0.006197358 0.000137971 0.000203810 0.000114907 0.000183234 0.000028828 0.000037870 0.000103785 0.000000000 0.005386953 0.000000000
252.658534862 0.007605795 0.000171784 0.000145708 0.000163488 0.000135318 0.000029366 0.000041850 0.000062159 0.000000000 0.006856122 0.000000000
253.257961991 0.004407515 0.000142315 0.000094319 0.000196966 0.000173397 0.000033754 0.000059430 0.000034412 0.000000000 0.003672922 0.000000000
253.857389120 0.005021224 0.000182128 0.000065856 0.000212674 0.000268889 0.000040640 0.000070186 0.000018206 0.000000000 0.004162645 0.000000000
254.456816249 0.006549838 0.000226413 0.000079000 0.000246615 0.000255659 0.000046346 0.000052897 0.000011094 0.000000000 0.005631814 0.000000000
255.056243378 0.004290449 0.000211385 0.000133971 0.000313518 0.000300461 0.000060621 0.000028180 0.000059113 0.000000000 0.003183199 0.000000000
255.655670507 0.008362007 0.000184870 0.000197117 0.000350175 0.000295346 0.000078050 0.000025624 0.000129840 0.000000000 0.007100983 0.000000000
256.255097636 0.005623726 0.000232172 0.000262244 0.000258550 0.000248574 0.000080456 0.000043660 0.000090562 0.000000000 0.004407507 0.000000000
256.854524765 0.008750719 0.000320499 0.000380121 0.000157292 0.000219265 0.000086772 0.000126107 0.000114817 0.000000000 0.007345845 0.000000000
257.453951894 0.005535697 0.000297928 0.000535008 0.000125205 0.000199339 0.000094230 0.000185012 0.000181190 0.000000000 0.003917784 0.000000000
258.053379023 0.007830301 0.000241906 0.000482174 0.000155364 0.000209337 0.000092716 0.000155280 0.000127124 0.000000000 0.006366399 0.000000000
258.652806152 0.004485146 0.000236887 0.000311400 0.000195149 0.000266401 0.000110171 0.000133170 0.000048769 0.000000000 0.003183199 0.000000000
259.252233281 0.006851245 0.000281029 0.000183450 0.000207701 0.000284420 0.000140027 0.000083801 0.000039003 0.000000000 0.005631814 0.000000000
259.851660410 0.007660427 0.000251042 0.000114282 0.000232772 0.000220289 0.000137817 0.000044117 0.000048848 0.000000000 0.006611260 0.000000000
260.451087539 0.007068098 0.000141081 0.000112349 0.000260507 0.000253946 0.000112877 0.000026746 0.000039055 0.000000000 0.006121537 0.000000000
261.050514668 0.008005152 0.000099472 0.000128076 0.000233385 0.000297418 0.000089014 0.000029227 0.000027578 0.000000000 0.007100983 0.000000000
261.649941797 0.005055929 0.000133968 0.000140856 0.000230697 0.000243455 0.000079569 0.000036801 0.000027937 0.000000000 0.004162645 0.000000000
262.249368926 0.006686069 0.000210811 0.000196856 0.000293685 0.000205610 0.000060579 0.000055770 0.000030944 0.000000000 0.005631814 0.000000000
262.848796055 0.007842006 0.000299775 0.000211182 0.000342790 0.000229658 0.000035922 0.000083215 0.000028204 0.000000000 0.006611260 0.000000000
263.448223184 0.006825492 0.000425433 0.000221325 0.000355990 0.000284678 0.000022444 0.000091812 0.000036856 0.000000000 0.005386953 0.000000000
264.047650313 0.004810237 0.000499304 0.000265138 0.000355069 0.000347511 0.000026944 0.000074751 0.000058321 0.000000000 0.003183199 0.000000000
264.647077442 0.007489910 0.000386957 0.000306957 0.000321211 0.000431400 0.000038370 0.000049777 0.000078562 0.000000000 0.005876676 0.000000000
265.246504571 0.006799961 0.000198890 0.000387355 0.000281872 0.000377862 0.000050306 0.000040553 0.000076170 0.000000000 0.005386953 0.000000000
265.845931700 0.006992761 0.000226927 0.000496167 0.000234028 0.000231434 0.000057717 0.000047901 0.000066773 0.000000000 0.005631814 0.000000000
266.445358829 0.005846432 0.000272185 0.000457838 0.000168486 0.000155925 0.000051033 0.000038526 0.000050070 0.000000000 0.004652368 0.000000000
267.044785958 0.007180364 0.000156124 0.000281623 0.000162235 0.000126833 0.000043598 0.000017044 0.000026509 0.000000000 0.006366399 0.000000000
267.644213087 0.006086811 0.000099601 0.000175311 0.000190439 0.000143547 0.000067833 0.000008129 0.000014999 0.000000000 0.005386953 0.000000000
268.243640216 0.005246270 0.000139885 0.000171536 0.000204141 0.000183972 0.000117757 0.000011849 0.000009623 0.000000000 0.004407507 0.000000000
268.843067345 0.006634994 0.000249557 0.000181171 0.000176759 0.000213946 0.000130481 0.000040964 0.000010301 0.000000000 0.005631814 0.000000000
269.442494474 0.008714468 0.000342222 0.000174714 0.000145933 0.000221172 0.000090582 0.000127716 0.000021422 0.000000000 0.007590706 0.000000000
270.041921603 0.005390208 0.000412070 0.000204344 0.000151866 0.000179605 0.000064618 0.000174147 0.000040910 0.000000000 0.004162645 0.000000000
270.641348732 0.006808665 0.000393295 0.000175352 0.000205763 0.000154989 0.000073489 0.000098446 0.000075517 0.000000000 0.005631814 0.000000000
271.240775861 0.008355983 0.000318130 0.000173989 0.000245825 0.000178874 0.000104735 0.000090484 0.000142962 0.000000000 0.007100983 0.000000000
271.840202990 0.009044801 0.000222879 0.000227246 0.000292723 0.000255729 0.000108309 0.000133775 0.000213435 0.000000000 0.007590706 0.000000000
272.439630119 0.007651710 0.000172676 0.000185695 0.000378034 0.000236259 0.000064436 0.000076297 0.000171914 0.000000000 0.006366399 0.000000000
273.039057247 0.008645962 0.000138425 0.000199919 0.000373110 0.000173828 0.000043864 0.000032874 0.000093236 0.000000000 0.007590706 0.000000000
273.638484376 0.008845923 0.000092301 0.000141668 0.000263505 0.000147584 0.000035219 0.000042982 0.000042233 0.000000000 0.008080429 0.000000000
274.237911505 0.004356323 0.000094656 0.000130873 0.000148444 0.000118106 0.000035496 0.000063230 0.000092596 0.000000000 0.003672922 0.000000000
274.837338634 0.010333165 0.000137760 0.000167801 0.000085323 0.000089969 0.000046311 0.000095942 0.000160463 0.000000000 0.009549598 0.000000000
275.436765763 0.004606658 0.000250452 0.000164737 0.000062746 0.000089727 0.000084381 0.000114902 0.000166789 0.000000000 0.003672922 0.000000000
276.036192892 0.007284041 0.000330073 0.000138377 0.000077732 0.000141204 0.000112777 0.000121249 0.000241092 0.000000000 0.006121537 0.000000000
276.635620021 0.007119854 0.000236200 0.000167716 0.000185278 0.000202157 0.000131824 0.000199988 0.000364878 0.000000000 0.005631814 0.000000000
277.235047150 0.009000957 0.000101337 0.000264456 0.000344489 0.000196020 0.000167336 0.000304552 0.000276923 0.000000000 0.007345845 0.000000000
277.834474279 0.008176271 0.000063611 0.000227084 0.000307845 0.000163635 0.000219127 0.000370872 0.000212836 0.000000000 0.006611260 0.000000000
278.433901408 0.006461213 0.000056599 0.000171060 0.000240832 0.000171591 0.000266051 0.000217941 0.000195048 0.000000000 0.005142091 0.000000000
279.033328537 0.009441107 0.000103254 0.000211236 0.000302121 0.000271220 0.000263549 0.000092676 0.000116622 0.000000000 0.008080429 0.000000000
279.632755666 0.008426199 0.000301373 0.000239612 0.000306236 0.000159666 0.000169414 0.000092904 0.000056010 0.000000000 0.007100983 0.000000000
280.232182795 0.008684640 0.000266027 0.000259510 0.000156908 0.000120432 0.000102293 0.000128398 0.000060366 0.000000000 0.007590706 0.000000000
280.831609924 0.008008486 0.000144690 0.000203480 0.000093741 0.000084428 0.000134130 0.000137534 0.000109501 0.000000000 0.007100983 0.000000000
281.431037053 0.007975726 0.000237046 0.000160111 0.000071061 0.000092726 0.000200567 0.000173437 0.000184657 0.000000000 0.006856122 0.000000000
282.030464182 0.009134002 0.000310679 0.000116379 0.000061743 0.000119821 0.000158784 0.000127674 0.000158494 0.000000000 0.008080429 0.000000000
282.629891311 0.009728640 0.000223764 0.000181277 0.000065899 0.000148569 0.000093559 0.000105962 0.000094595 0.000000000 0.008815014 0.000000000
283.229318440 0.007808020 0.000143053 0.000262542 0.000055859 0.000211790 0.000079955 0.000103582 0.000095118 0.000000000 0.006856122 0.000000000
283.828745569 0.007135298 0.000127603 0.000148959 0.000039681 0.000207387 0.000070883 0.000080526 0.000093860 0.000000000 0.006366399 0.000000000
284.428172698 0.011432024 0.000073678 0.000099702 0.000133626 0.000129858 0.000073113 0.000073030 0.000075112 0.000000000 0.010773906 0.000000000
285.027599827 0.009010596 0.000038271 0.000077191 0.000123984 0.000228570 0.000073081 0.000083876 0.000060333 0.000000000 0.008325291 0.000000000
285.627026956 0.009477880 0.000076998 0.000042994 0.000068439 0.000269416 0.000078381 0.000083766 0.000042871 0.000000000 0.008815014 0.000000000
286.226454085 0.011025769 0.000179351 0.000051711 0.000088219 0.000237965 0.000086288 0.000065582 0.000032471 0.000000000 0.010284183 0.000000000
286.825881214 0.009016975 0.000147675 0.000103286 0.000105286 0.000168947 0.000084658 0.000047237 0.000034596 0.000000000 0.008325291 0.000000000
287.425308343 0.007840248 0.000069662 0.000102967 0.000095387 0.000082750 0.000078489 0.000030397 0.000034751 0.000000000 0.007345845 0.000000000
288.024735472 0.006741388 0.000011927 0.000082880 0.000109964 0.000045857 0.000075066 0.000021888 0.000027407 0.000000000 0.006366399 0.000000000
288.624162601 0.010698099 0.000002890 0.000120217 0.000100825 0.000044340 0.000080954 0.000038571 0.000026119 0.000000000 0.010284183 0.000000000
289.223589730 0.010293330 0.000004016 0.000147206 0.000075513 0.000076836 0.000078606 0.000079757 0.000036937 0.000000000 0.009794460 0.000000000
289.823016859 0.008756704 0.000026641 0.000167837 0.000057500 0.000158379 0.000075955 0.000114843 0.000075120 0.000000000 0.008080429 0.000000000
290.422443988 0.010564583 0.000114271 0.000196594 0.000073667 0.000309867 0.000078765 0.000127126 0.000114695 0.000000000 0.009549598 0.000000000
291.021871117 0.010595697 0.000206581 0.000265730 0.000136254 0.000349359 0.000079379 0.000119423 0.000134233 0.000000000 0.009304737 0.000000000
291.621298246 0.011160038 0.000131206 0.000089167 0.000197590 0.000213550 0.000075261 0.000066717 0.000102367 0.000000000 0.010284183 0.000000000
292.220725375 0.010116612 0.000000188 0.000008366 0.000182924 0.000028266 0.000051768 0.000014661 0.000035980 0.000000000 0.009794460 0.000000000
292.820152504 0.009638000 0.000000000 0.000000216 0.000065526 0.000000421 0.000017244 0.000000702 0.000004292 0.000000000 0.009549598 0.000000000
293.419579633 0.008823361 0.000000000 0.000000000 0.000005284 0.000000000 0.000002960 0.000000000 0.000000103 0.000000000 0.008815014 0.000000000
294.019006762 0.007346305 0.000000000 0.000000000 0.000000123 0.000000000 0.000000337 0.000000000 0.000000000 0.000000000 0.007345845 0.000000000
294.618433891 0.000000000 0.000000000 0.000000000 0.000000000 0.000000000 0.000000000 0.000000000 0.000000000 0.000000000 0.000000000 0.000000000
295.217861019 0.000000000 0.000000000 0.000000000 0.000000000 0.000000000 0.000000000 0.000000000 0.000000000 0.000000000 0.000000000 0.000000000
295.817288148 0.000000000 0.000000000 0.000000000 0.000000000 0.000000000 0.000000000 0.000000000 0.000000000 0.000000000 0.000000000 0.000000000
296.416715277 0.000000000 0.000000000 0.000000000 0.000000000 0.000000000 0.000000000 0.000000000 0.000000000 0.000000000 0.000000000 0.000000000
297.016142406 0.000000000 0.000000000 0.000000000 0.000000000 0.000000000 0.000000000 0.000000000 0.000000000 0.000000000 0.000000000 0.000000000
297.615569535 0.048972299 0.000000000 0.000000000 0.000000000 0.000000000 0.000000000 0.000000000 0.000000000 0.000000000 0.000000000 0.048972299
298.214996664 0.000000000 0.000000000 0.000000000 0.000000000 0.000000000 0.000000000 0.000000000 0.000000000 0.000000000 0.000000000 0.000000000
298.814423793 0.000000000 0.000000000 0.000000000 0.000000000 0.000000000 0.000000000 0.000000000 0.000000000 0.000000000 0.000000000 0.000000000
299.413850922 0.000000000 0.000000000 0.000000000 0.000000000 0.000000000 0.000000000 0.000000000 0.000000000 0.000000000 0.000000000 0.000000000
