# Ion number density
# The last    3 ion types are fixed
# Average over 662632 steps
# z (au)        total        A            Im1          Im2          Im3          N            C            Me           C1           C2           P
0.322762837 0.045475069 0.000000000 0.000000000 0.000000000 0.000000000 0.000000000 0.000000000 0.000000000 0.000000000 0.000000000 0.045475069
0.968288512 0.000000000 0.000000000 0.000000000 0.000000000 0.000000000 0.000000000 0.000000000 0.000000000 0.000000000 0.000000000 0.000000000
1.613814187 0.000000000 0.000000000 0.000000000 0.000000000 0.000000000 0.000000000 0.000000000 0.000000000 0.000000000 0.000000000 0.000000000
2.259339862 0.000000000 0.000000000 0.000000000 0.000000000 0.000000000 0.000000000 0.000000000 0.000000000 0.000000000 0.000000000 0.000000000
2.904865537 0.000000000 0.000000000 0.000000000 0.000000000 0.000000000 0.000000000 0.000000000 0.000000000 0.000000000 0.000000000 0.000000000
3.550391212 0.000000000 0.000000000 0.000000000 0.000000000 0.000000000 0.000000000 0.000000000 0.000000000 0.000000000 0.000000000 0.000000000
4.195916887 0.006366577 0.000000000 0.000000000 0.000000002 0.000000000 0.000000065 0.000000000 0.000000000 0.006366510 0.000000000 0.000000000
4.841442561 0.009554417 0.000000000 0.000000000 0.000001818 0.000000000 0.000002579 0.000000014 0.000000242 0.009549765 0.000000000 0.000000000
5.486968236 0.008485082 0.000000005 0.000000000 0.000013900 0.000000155 0.000033966 0.000001981 0.000022185 0.008412888 0.000000000 0.000000000
6.132493911 0.009903578 0.000002718 0.000000036 0.000025605 0.000011277 0.000104849 0.000060930 0.000148399 0.009549765 0.000000000 0.000000000
6.778019586 0.011656709 0.000110420 0.000004257 0.000022495 0.000072143 0.000135226 0.000182130 0.000216020 0.010914017 0.000000000 0.000000000
7.423545261 0.010702671 0.000256517 0.000019093 0.000022336 0.000131058 0.000130798 0.000213756 0.000151974 0.009777140 0.000000000 0.000000000
8.069070936 0.009551161 0.000156126 0.000027997 0.000035566 0.000128751 0.000107229 0.000131057 0.000096800 0.008867638 0.000000000 0.000000000
8.714596611 0.008732447 0.000097604 0.000029220 0.000066414 0.000113392 0.000074654 0.000079683 0.000085969 0.008185512 0.000000000 0.000000000
9.360122286 0.011852672 0.000063007 0.000032139 0.000075046 0.000094252 0.000048317 0.000060261 0.000110883 0.011368767 0.000000000 0.000000000
10.005647960 0.007137408 0.000038924 0.000049138 0.000102535 0.000076750 0.000058754 0.000076315 0.000141108 0.006593885 0.000000000 0.000000000
10.651173635 0.008182475 0.000070207 0.000063244 0.000121896 0.000062724 0.000097919 0.000128062 0.000135036 0.007503386 0.000000000 0.000000000
11.296699310 0.008568286 0.000204317 0.000077858 0.000131357 0.000046613 0.000146341 0.000129111 0.000101926 0.007730762 0.000000000 0.000000000
11.942224985 0.011392845 0.000315940 0.000130840 0.000131661 0.000044772 0.000128020 0.000096874 0.000085471 0.010459266 0.000000000 0.000000000
12.587750660 0.009951999 0.000234822 0.000210313 0.000137280 0.000050646 0.000074733 0.000081283 0.000067910 0.009095014 0.000000000 0.000000000
13.233276335 0.009613634 0.000122771 0.000257314 0.000123140 0.000058624 0.000076051 0.000058906 0.000049191 0.008867638 0.000000000 0.000000000
13.878802010 0.009753699 0.000083123 0.000232755 0.000109235 0.000081084 0.000061770 0.000058254 0.000032464 0.009095014 0.000000000 0.000000000
14.524327684 0.007022322 0.000070523 0.000199101 0.000116461 0.000125740 0.000052708 0.000055748 0.000035530 0.006366510 0.000000000 0.000000000
15.169853359 0.007507755 0.000061472 0.000133994 0.000159211 0.000162590 0.000067373 0.000044553 0.000057301 0.006821260 0.000000000 0.000000000
15.815379034 0.009496689 0.000062947 0.000147937 0.000215090 0.000207359 0.000101984 0.000054530 0.000066580 0.008640263 0.000000000 0.000000000
16.460904709 0.009390355 0.000079891 0.000158204 0.000273160 0.000159835 0.000146683 0.000095279 0.000064415 0.008412888 0.000000000 0.000000000
17.106430384 0.008879309 0.000121973 0.000141725 0.000396940 0.000124749 0.000165982 0.000119569 0.000077609 0.007730762 0.000000000 0.000000000
17.751956059 0.007637718 0.000218227 0.000161174 0.000350293 0.000133733 0.000138017 0.000152071 0.000117694 0.006366510 0.000000000 0.000000000
18.397481734 0.009134202 0.000280782 0.000257390 0.000215786 0.000145516 0.000117342 0.000175014 0.000211610 0.007730762 0.000000000 0.000000000
19.043007409 0.008131564 0.000267706 0.000287230 0.000200471 0.000142980 0.000134217 0.000146347 0.000358728 0.006593885 0.000000000 0.000000000
19.688533083 0.008299731 0.000228121 0.000207503 0.000189481 0.000155181 0.000173272 0.000154496 0.000370417 0.006821260 0.000000000 0.000000000
20.334058758 0.008527522 0.000325698 0.000171437 0.000167118 0.000122365 0.000187125 0.000263845 0.000241299 0.007048636 0.000000000 0.000000000
20.979584433 0.008476334 0.000239077 0.000121869 0.000169440 0.000145437 0.000215048 0.000348360 0.000188469 0.007048636 0.000000000 0.000000000
21.625110108 0.006658178 0.000161565 0.000067850 0.000162860 0.000243242 0.000230811 0.000373673 0.000188545 0.005229633 0.000000000 0.000000000
22.270635783 0.007651053 0.000185167 0.000065016 0.000145807 0.000166786 0.000260645 0.000281367 0.000179755 0.006366510 0.000000000 0.000000000
22.916161458 0.006144540 0.000311916 0.000137838 0.000128270 0.000133122 0.000239645 0.000216656 0.000202210 0.004774882 0.000000000 0.000000000
23.561687133 0.009224455 0.000383071 0.000270937 0.000114985 0.000143844 0.000226503 0.000141829 0.000212523 0.007730762 0.000000000 0.000000000
24.207212807 0.007234467 0.000229414 0.000303470 0.000118298 0.000206648 0.000312826 0.000142736 0.000236692 0.005684384 0.000000000 0.000000000
24.852738482 0.008991841 0.000103079 0.000221749 0.000122880 0.000243934 0.000234760 0.000236423 0.000325629 0.007503386 0.000000000 0.000000000
25.498264157 0.007914461 0.000047616 0.000195999 0.000126486 0.000214153 0.000109509 0.000135203 0.000264235 0.006821260 0.000000000 0.000000000
26.143789832 0.007381683 0.000038926 0.000191840 0.000151738 0.000183163 0.000099626 0.000128165 0.000221716 0.006366510 0.000000000 0.000000000
26.789315507 0.009485353 0.000082886 0.000195141 0.000134240 0.000180775 0.000115231 0.000169065 0.000195128 0.008412888 0.000000000 0.000000000
27.434841182 0.006037326 0.000119961 0.000222725 0.000130625 0.000273257 0.000141848 0.000193977 0.000180051 0.004774882 0.000000000 0.000000000
28.080366857 0.006814023 0.000133582 0.000183679 0.000179180 0.000332736 0.000166083 0.000189045 0.000172710 0.005457008 0.000000000 0.000000000
28.725892531 0.008672824 0.000156868 0.000144062 0.000253545 0.000293594 0.000186472 0.000196518 0.000165754 0.007276011 0.000000000 0.000000000
29.371418206 0.007165866 0.000216933 0.000144780 0.000274182 0.000300687 0.000193975 0.000210558 0.000140368 0.005684384 0.000000000 0.000000000
30.016943881 0.005578136 0.000222697 0.000139859 0.000221107 0.000336892 0.000208943 0.000229071 0.000126810 0.004092756 0.000000000 0.000000000
30.662469556 0.007216393 0.000231317 0.000141291 0.000168423 0.000327307 0.000265952 0.000242850 0.000154869 0.005684384 0.000000000 0.000000000
31.307995231 0.008139131 0.000328864 0.000201050 0.000147221 0.000336605 0.000351272 0.000229842 0.000177768 0.006366510 0.000000000 0.000000000
31.953520906 0.006434018 0.000381474 0.000315831 0.000156769 0.000204106 0.000432432 0.000227455 0.000168443 0.004547507 0.000000000 0.000000000
32.599046581 0.007872426 0.000374608 0.000345676 0.000194385 0.000127232 0.000387314 0.000320823 0.000210629 0.005911759 0.000000000 0.000000000
33.244572256 0.007889808 0.000247304 0.000318717 0.000223062 0.000211840 0.000250886 0.000364324 0.000361915 0.005911759 0.000000000 0.000000000
33.890097930 0.006251996 0.000151591 0.000281148 0.000217701 0.000233132 0.000187828 0.000241229 0.000391861 0.004547507 0.000000000 0.000000000
34.535623605 0.005384853 0.000152973 0.000266776 0.000242979 0.000258003 0.000149665 0.000178228 0.000270848 0.003865381 0.000000000 0.000000000
35.181149280 0.006614267 0.000132431 0.000230449 0.000272503 0.000277135 0.000126269 0.000182100 0.000163747 0.005229633 0.000000000 0.000000000
35.826674955 0.008844256 0.000124651 0.000229004 0.000263632 0.000274218 0.000125057 0.000197580 0.000126727 0.007503386 0.000000000 0.000000000
36.472200630 0.004942055 0.000159582 0.000184826 0.000252828 0.000244993 0.000163885 0.000157401 0.000140534 0.003638006 0.000000000 0.000000000
37.117726305 0.008228607 0.000235118 0.000178833 0.000256973 0.000186431 0.000235821 0.000134478 0.000179693 0.006821260 0.000000000 0.000000000
37.763251980 0.007870950 0.000248244 0.000222808 0.000329621 0.000219759 0.000322855 0.000181351 0.000207178 0.006139134 0.000000000 0.000000000
38.408777654 0.008079169 0.000136589 0.000288349 0.000314995 0.000167751 0.000336375 0.000232757 0.000235843 0.006366510 0.000000000 0.000000000
39.054303329 0.007165108 0.000147807 0.000350129 0.000220673 0.000132342 0.000301513 0.000293422 0.000262214 0.005457008 0.000000000 0.000000000
39.699829004 0.005176293 0.000216939 0.000313217 0.000185717 0.000181868 0.000298054 0.000323105 0.000246763 0.003410630 0.000000000 0.000000000
40.345354679 0.007461560 0.000272244 0.000207608 0.000145163 0.000277443 0.000319594 0.000321695 0.000233429 0.005684384 0.000000000 0.000000000
40.990880354 0.007948730 0.000334049 0.000170785 0.000138562 0.000266871 0.000319385 0.000324900 0.000255043 0.006139134 0.000000000 0.000000000
41.636406029 0.007426405 0.000305506 0.000166608 0.000169876 0.000215347 0.000313992 0.000324049 0.000246643 0.005684384 0.000000000 0.000000000
42.281931704 0.006943655 0.000259586 0.000151087 0.000226060 0.000193844 0.000317130 0.000307431 0.000258884 0.005229633 0.000000000 0.000000000
42.927457378 0.006931450 0.000206062 0.000143410 0.000249865 0.000167706 0.000340565 0.000299806 0.000294402 0.005229633 0.000000000 0.000000000
43.572983053 0.006279775 0.000160437 0.000125470 0.000226458 0.000144208 0.000355898 0.000356641 0.000363156 0.004547507 0.000000000 0.000000000
44.218508728 0.006204214 0.000153375 0.000131045 0.000163690 0.000111195 0.000312582 0.000384213 0.000400607 0.004547507 0.000000000 0.000000000
44.864034403 0.005553592 0.000076402 0.000156564 0.000144449 0.000093040 0.000256046 0.000313101 0.000421235 0.004092756 0.000000000 0.000000000
45.509560078 0.007137923 0.000045290 0.000190173 0.000162511 0.000107230 0.000247316 0.000285826 0.000415195 0.005684384 0.000000000 0.000000000
46.155085753 0.007833185 0.000052518 0.000176877 0.000147698 0.000132454 0.000271910 0.000307128 0.000378090 0.006366510 0.000000000 0.000000000
46.800611428 0.008030735 0.000098285 0.000131089 0.000116980 0.000126297 0.000310467 0.000295078 0.000358653 0.006593885 0.000000000 0.000000000
47.446137103 0.004829749 0.000201444 0.000093573 0.000109500 0.000124881 0.000330469 0.000254743 0.000304508 0.003410630 0.000000000 0.000000000
48.091662777 0.009572148 0.000213825 0.000095078 0.000112762 0.000137273 0.000327166 0.000263356 0.000237176 0.008185512 0.000000000 0.000000000
48.737188452 0.006433471 0.000139929 0.000120575 0.000145131 0.000171719 0.000309664 0.000335048 0.000209147 0.005002258 0.000000000 0.000000000
49.382714127 0.006995087 0.000083456 0.000125535 0.000195578 0.000155859 0.000314637 0.000407393 0.000255620 0.005457008 0.000000000 0.000000000
50.028239802 0.005891355 0.000080484 0.000134757 0.000195533 0.000116549 0.000338257 0.000361444 0.000344198 0.004320132 0.000000000 0.000000000
50.673765477 0.007827669 0.000098786 0.000172479 0.000175866 0.000107714 0.000365463 0.000391806 0.000376420 0.006139134 0.000000000 0.000000000
51.319291152 0.008202498 0.000163002 0.000203828 0.000165946 0.000147377 0.000411305 0.000382596 0.000361935 0.006366510 0.000000000 0.000000000
51.964816827 0.006585101 0.000285275 0.000179289 0.000159520 0.000200994 0.000395369 0.000284606 0.000305168 0.004774882 0.000000000 0.000000000
52.610342501 0.009420725 0.000148401 0.000172985 0.000169740 0.000200982 0.000308886 0.000316589 0.000372380 0.007730762 0.000000000 0.000000000
53.255868176 0.007237978 0.000123516 0.000169172 0.000176140 0.000151901 0.000284850 0.000320854 0.000327163 0.005684384 0.000000000 0.000000000
53.901393851 0.006537733 0.000091229 0.000143668 0.000162823 0.000121336 0.000273505 0.000256712 0.000258826 0.005229633 0.000000000 0.000000000
54.546919526 0.012327517 0.000074794 0.000119593 0.000146548 0.000115720 0.000258951 0.000222847 0.000247672 0.011141392 0.000000000 0.000000000
55.192445201 0.010721341 0.000085680 0.000123802 0.000118590 0.000113951 0.000220246 0.000229661 0.000279647 0.009549765 0.000000000 0.000000000
55.837970876 0.006883291 0.000107629 0.000130526 0.000098337 0.000111313 0.000190897 0.000251543 0.000308662 0.005684384 0.000000000 0.000000000
56.483496551 0.010087491 0.000143262 0.000146236 0.000085946 0.000105471 0.000198228 0.000253984 0.000286726 0.008867638 0.000000000 0.000000000
57.129022226 0.011301037 0.000187847 0.000145819 0.000098182 0.000095973 0.000240603 0.000260561 0.000267536 0.010004515 0.000000000 0.000000000
57.774547900 0.009617737 0.000244555 0.000118648 0.000158845 0.000094944 0.000288641 0.000268644 0.000257948 0.008185512 0.000000000 0.000000000
58.420073575 0.006528863 0.000223910 0.000106444 0.000231164 0.000099579 0.000322106 0.000263935 0.000279467 0.005002258 0.000000000 0.000000000
59.065599250 0.010241360 0.000244075 0.000104105 0.000190423 0.000126232 0.000335673 0.000287917 0.000312671 0.008640263 0.000000000 0.000000000
59.711124925 0.007482828 0.000262253 0.000095600 0.000167631 0.000187588 0.000261396 0.000291183 0.000305418 0.005911759 0.000000000 0.000000000
60.356650600 0.007138442 0.000227599 0.000103189 0.000154800 0.000205691 0.000208810 0.000300402 0.000253567 0.005684384 0.000000000 0.000000000
61.002176275 0.009817971 0.000189714 0.000120023 0.000146304 0.000150635 0.000228108 0.000334258 0.000236041 0.008412888 0.000000000 0.000000000
61.647701950 0.006892939 0.000165760 0.000172844 0.000168134 0.000128556 0.000266242 0.000260178 0.000274217 0.005457008 0.000000000 0.000000000
62.293227624 0.009082651 0.000119540 0.000244299 0.000202116 0.000129325 0.000264087 0.000210042 0.000409855 0.007503386 0.000000000 0.000000000
62.938753299 0.008431096 0.000178138 0.000240350 0.000206490 0.000124780 0.000243935 0.000250028 0.000366115 0.006821260 0.000000000 0.000000000
63.584278974 0.010219122 0.000176290 0.000215718 0.000172792 0.000192687 0.000240566 0.000390939 0.000189867 0.008640263 0.000000000 0.000000000
64.229804649 0.006810369 0.000068158 0.000218647 0.000130781 0.000223555 0.000302967 0.000266349 0.000142903 0.005457008 0.000000000 0.000000000
64.875330324 0.006019606 0.000074752 0.000225517 0.000107211 0.000205624 0.000248823 0.000203299 0.000179499 0.004774882 0.000000000 0.000000000
65.520855999 0.009930500 0.000100035 0.000206187 0.000095031 0.000242940 0.000203758 0.000175949 0.000266339 0.008640263 0.000000000 0.000000000
66.166381674 0.006989934 0.000098353 0.000189366 0.000094586 0.000289186 0.000194021 0.000139491 0.000300548 0.005684384 0.000000000 0.000000000
66.811907348 0.007494819 0.000091778 0.000154539 0.000109577 0.000345258 0.000181588 0.000174423 0.000298522 0.006139134 0.000000000 0.000000000
67.457433023 0.009441191 0.000125148 0.000118600 0.000129293 0.000340890 0.000202453 0.000262919 0.000303750 0.007958137 0.000000000 0.000000000
68.102958698 0.010217115 0.000170894 0.000122020 0.000130208 0.000217730 0.000269929 0.000270332 0.000168365 0.008867638 0.000000000 0.000000000
68.748484373 0.007024900 0.000192631 0.000183112 0.000142861 0.000134371 0.000318790 0.000252597 0.000116154 0.005684384 0.000000000 0.000000000
69.394010048 0.007639907 0.000242766 0.000171785 0.000152491 0.000087538 0.000361438 0.000361475 0.000123280 0.006139134 0.000000000 0.000000000
70.039535723 0.007799629 0.000218554 0.000081310 0.000177138 0.000072510 0.000386063 0.000279103 0.000218442 0.006366510 0.000000000 0.000000000
70.685061398 0.007089664 0.000128671 0.000104204 0.000224482 0.000065258 0.000478873 0.000292398 0.000338770 0.005457008 0.000000000 0.000000000
71.330587073 0.010674653 0.000119039 0.000209490 0.000250900 0.000066115 0.000378108 0.000388700 0.000394662 0.008867638 0.000000000 0.000000000
71.976112747 0.008228735 0.000207721 0.000232249 0.000225126 0.000083463 0.000324662 0.000369997 0.000419007 0.006366510 0.000000000 0.000000000
72.621638422 0.006088002 0.000252370 0.000250641 0.000206168 0.000094463 0.000265661 0.000364995 0.000333572 0.004320132 0.000000000 0.000000000
73.267164097 0.008675101 0.000173071 0.000229480 0.000211410 0.000109152 0.000190227 0.000344907 0.000368217 0.007048636 0.000000000 0.000000000
73.912689772 0.007989804 0.000127837 0.000214299 0.000236851 0.000167902 0.000277249 0.000246373 0.000352782 0.006366510 0.000000000 0.000000000
74.558215447 0.009116992 0.000090798 0.000204372 0.000247009 0.000233235 0.000221718 0.000347042 0.000269431 0.007503386 0.000000000 0.000000000
75.203741122 0.009382608 0.000075428 0.000190536 0.000214186 0.000209067 0.000254438 0.000220230 0.000260586 0.007958137 0.000000000 0.000000000
75.849266797 0.008696646 0.000066662 0.000127563 0.000142037 0.000179824 0.000242943 0.000167335 0.000266896 0.007503386 0.000000000 0.000000000
76.494792471 0.008499080 0.000072610 0.000080922 0.000099812 0.000196150 0.000144209 0.000170531 0.000231460 0.007503386 0.000000000 0.000000000
77.140318146 0.006222718 0.000110632 0.000067124 0.000111781 0.000200801 0.000135925 0.000177602 0.000189221 0.005229633 0.000000000 0.000000000
77.785843821 0.007951547 0.000206016 0.000072415 0.000126459 0.000165630 0.000185283 0.000179938 0.000194546 0.006821260 0.000000000 0.000000000
78.431369496 0.009317509 0.000316819 0.000107164 0.000137230 0.000202582 0.000226145 0.000176722 0.000192710 0.007958137 0.000000000 0.000000000
79.076895171 0.009823389 0.000288959 0.000151673 0.000138516 0.000221985 0.000241569 0.000198638 0.000169162 0.008412888 0.000000000 0.000000000
79.722420846 0.008525047 0.000182687 0.000161143 0.000135370 0.000145251 0.000243882 0.000228644 0.000152060 0.007276011 0.000000000 0.000000000
80.367946521 0.008225809 0.000332462 0.000146684 0.000121664 0.000116720 0.000258866 0.000247621 0.000180531 0.006821260 0.000000000 0.000000000
81.013472195 0.010271324 0.000124894 0.000108830 0.000103571 0.000112080 0.000265384 0.000249181 0.000212370 0.009095014 0.000000000 0.000000000
81.658997870 0.007789120 0.000066590 0.000128474 0.000098214 0.000126442 0.000257257 0.000225564 0.000292693 0.006593885 0.000000000 0.000000000
82.304523545 0.007910442 0.000032129 0.000172850 0.000101485 0.000144681 0.000270065 0.000260219 0.000335128 0.006593885 0.000000000 0.000000000
82.950049220 0.008784720 0.000024107 0.000162071 0.000099984 0.000145888 0.000285305 0.000316653 0.000247326 0.007503386 0.000000000 0.000000000
83.595574895 0.010340587 0.000034114 0.000125575 0.000088899 0.000162877 0.000290335 0.000349199 0.000194576 0.009095014 0.000000000 0.000000000
84.241100570 0.008480201 0.000057488 0.000118512 0.000087642 0.000170303 0.000299440 0.000281632 0.000189173 0.007276011 0.000000000 0.000000000
84.886626245 0.010820274 0.000120919 0.000126284 0.000114999 0.000145043 0.000331113 0.000215927 0.000216224 0.009549765 0.000000000 0.000000000
85.532151920 0.010044086 0.000180229 0.000132747 0.000176807 0.000162878 0.000309684 0.000204513 0.000236964 0.008640263 0.000000000 0.000000000
86.177677594 0.001723344 0.000196829 0.000145009 0.000214918 0.000214119 0.000243676 0.000208749 0.000272670 0.000227375 0.000000000 0.000000000
86.823203269 0.001683007 0.000177239 0.000195735 0.000221439 0.000316901 0.000230450 0.000246782 0.000294461 0.000000000 0.000000000 0.000000000
87.468728944 0.001877375 0.000179776 0.000238836 0.000242431 0.000353069 0.000247050 0.000296129 0.000320082 0.000000000 0.000000000 0.000000000
88.114254619 0.002078370 0.000219871 0.000260316 0.000303774 0.000308845 0.000276823 0.000357809 0.000350931 0.000000000 0.000000000 0.000000000
88.759780294 0.002369163 0.000251657 0.000307720 0.000323836 0.000309086 0.000359872 0.000402657 0.000414336 0.000000000 0.000000000 0.000000000
89.405305969 0.002758008 0.000221866 0.000355637 0.000337907 0.000385124 0.000517914 0.000444854 0.000494706 0.000000000 0.000000000 0.000000000
90.050831644 0.003445258 0.000225714 0.000354971 0.000407578 0.000538939 0.000712087 0.000544275 0.000661694 0.000000000 0.000000000 0.000000000
90.696357318 0.004280835 0.000333808 0.000389118 0.000509280 0.000624643 0.000814670 0.000788727 0.000820588 0.000000000 0.000000000 0.000000000
91.341882993 0.004653062 0.000621240 0.000512034 0.000497233 0.000562889 0.000781764 0.000863944 0.000813959 0.000000000 0.000000000 0.000000000
91.987408668 0.004347425 0.000803156 0.000618122 0.000425697 0.000471200 0.000633791 0.000733070 0.000662389 0.000000000 0.000000000 0.000000000
92.632934343 0.003690056 0.000765212 0.000553536 0.000384715 0.000354894 0.000513112 0.000606702 0.000511886 0.000000000 0.000000000 0.000000000
93.278460018 0.003032639 0.000596226 0.000430049 0.000365951 0.000245430 0.000451718 0.000528839 0.000414426 0.000000000 0.000000000 0.000000000
93.923985693 0.002712982 0.000502978 0.000382776 0.000363881 0.000182807 0.000433651 0.000458536 0.000388353 0.000000000 0.000000000 0.000000000
94.569511368 0.002593484 0.000458679 0.000334454 0.000351871 0.000184996 0.000424719 0.000435370 0.000403395 0.000000000 0.000000000 0.000000000
95.215037043 0.002607222 0.000386932 0.000343173 0.000359959 0.000228765 0.000426208 0.000422411 0.000439774 0.000000000 0.000000000 0.000000000
95.860562717 0.002748309 0.000300392 0.000381208 0.000382445 0.000309612 0.000439753 0.000438256 0.000496645 0.000000000 0.000000000 0.000000000
96.506088392 0.002930131 0.000264195 0.000412723 0.000411665 0.000430716 0.000445770 0.000434540 0.000530522 0.000000000 0.000000000 0.000000000
97.151614067 0.003170402 0.000297832 0.000452597 0.000458709 0.000567113 0.000451588 0.000405410 0.000537151 0.000000000 0.000000000 0.000000000
97.797139742 0.003376663 0.000388932 0.000463735 0.000533668 0.000623984 0.000447770 0.000426030 0.000492543 0.000000000 0.000000000 0.000000000
98.442665417 0.003497622 0.000474063 0.000455677 0.000609182 0.000585923 0.000449660 0.000461458 0.000461659 0.000000000 0.000000000 0.000000000
99.088191092 0.003424395 0.000484793 0.000458845 0.000616758 0.000522762 0.000439005 0.000467005 0.000435227 0.000000000 0.000000000 0.000000000
99.733716767 0.003243879 0.000426988 0.000485614 0.000557331 0.000504895 0.000440430 0.000451334 0.000377287 0.000000000 0.000000000 0.000000000
100.379242441 0.003120228 0.000393003 0.000544612 0.000507256 0.000462503 0.000454967 0.000418545 0.000339341 0.000000000 0.000000000 0.000000000
101.024768116 0.003010662 0.000358329 0.000548740 0.000463083 0.000440220 0.000470157 0.000381081 0.000349052 0.000000000 0.000000000 0.000000000
101.670293791 0.002931976 0.000338071 0.000568581 0.000427229 0.000415192 0.000457007 0.000350979 0.000374916 0.000000000 0.000000000 0.000000000
102.315819466 0.002853871 0.000365107 0.000528277 0.000399998 0.000398705 0.000420970 0.000358632 0.000382183 0.000000000 0.000000000 0.000000000
102.961345141 0.002856671 0.000461572 0.000463581 0.000376704 0.000387918 0.000385231 0.000412888 0.000368776 0.000000000 0.000000000 0.000000000
103.606870816 0.002953281 0.000590578 0.000391916 0.000387883 0.000371610 0.000383177 0.000452886 0.000375232 0.000000000 0.000000000 0.000000000
104.252396491 0.003056588 0.000645268 0.000370749 0.000395617 0.000365296 0.000402493 0.000469591 0.000407575 0.000000000 0.000000000 0.000000000
104.897922165 0.003169898 0.000633474 0.000402476 0.000443313 0.000372676 0.000407318 0.000464835 0.000445808 0.000000000 0.000000000 0.000000000
105.543447840 0.003256311 0.000595156 0.000472272 0.000473878 0.000383615 0.000412158 0.000445404 0.000473828 0.000000000 0.000000000 0.000000000
106.188973515 0.003217409 0.000504391 0.000474187 0.000484889 0.000424284 0.000407504 0.000428433 0.000493722 0.000000000 0.000000000 0.000000000
106.834499190 0.003131686 0.000432674 0.000414126 0.000490392 0.000476846 0.000409171 0.000415543 0.000492933 0.000000000 0.000000000 0.000000000
107.480024865 0.003001530 0.000390938 0.000375280 0.000501823 0.000466834 0.000385026 0.000401968 0.000479661 0.000000000 0.000000000 0.000000000
108.125550540 0.002968395 0.000420613 0.000376857 0.000535241 0.000424208 0.000364333 0.000380776 0.000466367 0.000000000 0.000000000 0.000000000
108.771076215 0.002954479 0.000448455 0.000385880 0.000544129 0.000401244 0.000357506 0.000369030 0.000448235 0.000000000 0.000000000 0.000000000
109.416601890 0.002880036 0.000427921 0.000398838 0.000529509 0.000386805 0.000362050 0.000363792 0.000411120 0.000000000 0.000000000 0.000000000
110.062127564 0.002843892 0.000371879 0.000427745 0.000501002 0.000408869 0.000370928 0.000378643 0.000384826 0.000000000 0.000000000 0.000000000
110.707653239 0.002913070 0.000359558 0.000455523 0.000471087 0.000446568 0.000402493 0.000394118 0.000383725 0.000000000 0.000000000 0.000000000
111.353178914 0.003127346 0.000392662 0.000517186 0.000473656 0.000476549 0.000451331 0.000410038 0.000405924 0.000000000 0.000000000 0.000000000
111.998704589 0.003275810 0.000420283 0.000547868 0.000485699 0.000494992 0.000484431 0.000433274 0.000409264 0.000000000 0.000000000 0.000000000
112.644230264 0.003358978 0.000436155 0.000553779 0.000502189 0.000510110 0.000488418 0.000459025 0.000409302 0.000000000 0.000000000 0.000000000
113.289755939 0.003401589 0.000488417 0.000535495 0.000497152 0.000492806 0.000491028 0.000493142 0.000403550 0.000000000 0.000000000 0.000000000
113.935281614 0.003323633 0.000519671 0.000494528 0.000462110 0.000444585 0.000494747 0.000517239 0.000390754 0.000000000 0.000000000 0.000000000
114.580807288 0.003229681 0.000526355 0.000480631 0.000419272 0.000399277 0.000498828 0.000507909 0.000397409 0.000000000 0.000000000 0.000000000
115.226332963 0.003094742 0.000488145 0.000478292 0.000390750 0.000359846 0.000491077 0.000476363 0.000410270 0.000000000 0.000000000 0.000000000
115.871858638 0.003055255 0.000467263 0.000514176 0.000387899 0.000358796 0.000471832 0.000421989 0.000433301 0.000000000 0.000000000 0.000000000
116.517384313 0.002978205 0.000441548 0.000529691 0.000384194 0.000379880 0.000426332 0.000374863 0.000441698 0.000000000 0.000000000 0.000000000
117.162909988 0.002907096 0.000410057 0.000498846 0.000358579 0.000410741 0.000411078 0.000365317 0.000452476 0.000000000 0.000000000 0.000000000
117.808435663 0.002870961 0.000381011 0.000435120 0.000347813 0.000454656 0.000410779 0.000392568 0.000449013 0.000000000 0.000000000 0.000000000
118.453961338 0.002922985 0.000399337 0.000376707 0.000365714 0.000510961 0.000413296 0.000413705 0.000443265 0.000000000 0.000000000 0.000000000
119.099487012 0.003033547 0.000458047 0.000324095 0.000406530 0.000541533 0.000390141 0.000452107 0.000461095 0.000000000 0.000000000 0.000000000
119.745012687 0.003166354 0.000501959 0.000317358 0.000428607 0.000560568 0.000386157 0.000480201 0.000491504 0.000000000 0.000000000 0.000000000
120.390538362 0.003238932 0.000480711 0.000351582 0.000423127 0.000552628 0.000398530 0.000500586 0.000531769 0.000000000 0.000000000 0.000000000
121.036064037 0.003223968 0.000422898 0.000397707 0.000387388 0.000531202 0.000421970 0.000516419 0.000546383 0.000000000 0.000000000 0.000000000
121.681589712 0.003156669 0.000359635 0.000421926 0.000360648 0.000526372 0.000448118 0.000496671 0.000543300 0.000000000 0.000000000 0.000000000
122.327115387 0.003114347 0.000360212 0.000435898 0.000344966 0.000517682 0.000460543 0.000471062 0.000523984 0.000000000 0.000000000 0.000000000
122.972641062 0.003043201 0.000419087 0.000436403 0.000356698 0.000485311 0.000456529 0.000423905 0.000465269 0.000000000 0.000000000 0.000000000
123.618166737 0.003009477 0.000491900 0.000416258 0.000389549 0.000462245 0.000438193 0.000401959 0.000409373 0.000000000 0.000000000 0.000000000
124.263692411 0.002991000 0.000510464 0.000397151 0.000437250 0.000456770 0.000414178 0.000409128 0.000366058 0.000000000 0.000000000 0.000000000
124.909218086 0.002942792 0.000504572 0.000396583 0.000462620 0.000427448 0.000402566 0.000410726 0.000338277 0.000000000 0.000000000 0.000000000
125.554743761 0.002927044 0.000494150 0.000409262 0.000467622 0.000402240 0.000401932 0.000396713 0.000355124 0.000000000 0.000000000 0.000000000
126.200269436 0.002981572 0.000493734 0.000421489 0.000483530 0.000401834 0.000424867 0.000379653 0.000376464 0.000000000 0.000000000 0.000000000
126.845795111 0.003021040 0.000494734 0.000412854 0.000501263 0.000418876 0.000435530 0.000372681 0.000385101 0.000000000 0.000000000 0.000000000
127.491320786 0.003073554 0.000491703 0.000432159 0.000507167 0.000455731 0.000424891 0.000374021 0.000387882 0.000000000 0.000000000 0.000000000
128.136846461 0.003106370 0.000455440 0.000458152 0.000490514 0.000501752 0.000421426 0.000393502 0.000385584 0.000000000 0.000000000 0.000000000
128.782372135 0.003143459 0.000394652 0.000515447 0.000475929 0.000532235 0.000426722 0.000414542 0.000383932 0.000000000 0.000000000 0.000000000
129.427897810 0.003115237 0.000366735 0.000538580 0.000463501 0.000530680 0.000405504 0.000421626 0.000388610 0.000000000 0.000000000 0.000000000
130.073423485 0.003067358 0.000374840 0.000585102 0.000463816 0.000467692 0.000390285 0.000407704 0.000377919 0.000000000 0.000000000 0.000000000
130.718949160 0.003008595 0.000387872 0.000604146 0.000466381 0.000418716 0.000384652 0.000381378 0.000365450 0.000000000 0.000000000 0.000000000
131.364474835 0.002972196 0.000422612 0.000571398 0.000470566 0.000397573 0.000375324 0.000367332 0.000367390 0.000000000 0.000000000 0.000000000
132.010000510 0.002996324 0.000447551 0.000552157 0.000491328 0.000399565 0.000364276 0.000365154 0.000376294 0.000000000 0.000000000 0.000000000
132.655526185 0.002999363 0.000452181 0.000515231 0.000510633 0.000406948 0.000355800 0.000381931 0.000376639 0.000000000 0.000000000 0.000000000
133.301051860 0.003052399 0.000484233 0.000476636 0.000538590 0.000431662 0.000351121 0.000388584 0.000381574 0.000000000 0.000000000 0.000000000
133.946577534 0.003046458 0.000521539 0.000439021 0.000546669 0.000446783 0.000359600 0.000371759 0.000361087 0.000000000 0.000000000 0.000000000
134.592103209 0.003064465 0.000545123 0.000435039 0.000545321 0.000430903 0.000383374 0.000377191 0.000347514 0.000000000 0.000000000 0.000000000
135.237628884 0.003057572 0.000565021 0.000419400 0.000540891 0.000399161 0.000406856 0.000379083 0.000347160 0.000000000 0.000000000 0.000000000
135.883154559 0.003009335 0.000563861 0.000392761 0.000535760 0.000376364 0.000416643 0.000376488 0.000347457 0.000000000 0.000000000 0.000000000
136.528680234 0.002951733 0.000538911 0.000401423 0.000523204 0.000369335 0.000403150 0.000367015 0.000348696 0.000000000 0.000000000 0.000000000
137.174205909 0.002872636 0.000487040 0.000457242 0.000492966 0.000377786 0.000382982 0.000338839 0.000335781 0.000000000 0.000000000 0.000000000
137.819731584 0.002828652 0.000445669 0.000505716 0.000473376 0.000404072 0.000370902 0.000314669 0.000314249 0.000000000 0.000000000 0.000000000
138.465257258 0.002846641 0.000410734 0.000519259 0.000464040 0.000460287 0.000357863 0.000312271 0.000322186 0.000000000 0.000000000 0.000000000
139.110782933 0.002890696 0.000385888 0.000495975 0.000471934 0.000500035 0.000349474 0.000329175 0.000358215 0.000000000 0.000000000 0.000000000
139.756308608 0.003004184 0.000409473 0.000454944 0.000471022 0.000534833 0.000352683 0.000372149 0.000409080 0.000000000 0.000000000 0.000000000
140.401834283 0.003073066 0.000424013 0.000433044 0.000454530 0.000534100 0.000368431 0.000405591 0.000453356 0.000000000 0.000000000 0.000000000
141.047359958 0.003150899 0.000417757 0.000429678 0.000445729 0.000543221 0.000373344 0.000440227 0.000500943 0.000000000 0.000000000 0.000000000
141.692885633 0.003253184 0.000427096 0.000428664 0.000433363 0.000539774 0.000393282 0.000480257 0.000550748 0.000000000 0.000000000 0.000000000
142.338411308 0.003308643 0.000449918 0.000442605 0.000399890 0.000527963 0.000421382 0.000508772 0.000558112 0.000000000 0.000000000 0.000000000
142.983936982 0.003258579 0.000456679 0.000456762 0.000368408 0.000482798 0.000445658 0.000518159 0.000530115 0.000000000 0.000000000 0.000000000
143.629462657 0.003166546 0.000469967 0.000444106 0.000334455 0.000439404 0.000477384 0.000490152 0.000511078 0.000000000 0.000000000 0.000000000
144.274988332 0.003057743 0.000459641 0.000395754 0.000315263 0.000418009 0.000515655 0.000461579 0.000491842 0.000000000 0.000000000 0.000000000
144.920514007 0.002966108 0.000414887 0.000342360 0.000330658 0.000388324 0.000532919 0.000468646 0.000488314 0.000000000 0.000000000 0.000000000
145.566039682 0.002966526 0.000368312 0.000315406 0.000356921 0.000376830 0.000553643 0.000491494 0.000503920 0.000000000 0.000000000 0.000000000
146.211565357 0.003090185 0.000406564 0.000282177 0.000386179 0.000377444 0.000568118 0.000538117 0.000531586 0.000000000 0.000000000 0.000000000
146.857091032 0.003299419 0.000482354 0.000284721 0.000393024 0.000386725 0.000589890 0.000590872 0.000571832 0.000000000 0.000000000 0.000000000
147.502616707 0.003451510 0.000505731 0.000312604 0.000377417 0.000408133 0.000622467 0.000628258 0.000596900 0.000000000 0.000000000 0.000000000
148.148142381 0.003539616 0.000448679 0.000367798 0.000367285 0.000406540 0.000642402 0.000689053 0.000617859 0.000000000 0.000000000 0.000000000
148.793668056 0.003587274 0.000379892 0.000434033 0.000366106 0.000422332 0.000652749 0.000700737 0.000631426 0.000000000 0.000000000 0.000000000
149.439193731 0.003666587 0.000356224 0.000515681 0.000368818 0.000429985 0.000658563 0.000703315 0.000634001 0.000000000 0.000000000 0.000000000
150.084719406 0.003655982 0.000344757 0.000565167 0.000380244 0.000412975 0.000642102 0.000673889 0.000636848 0.000000000 0.000000000 0.000000000
150.730245081 0.003481592 0.000315477 0.000547527 0.000389788 0.000399848 0.000622300 0.000605439 0.000601212 0.000000000 0.000000000 0.000000000
151.375770756 0.003293456 0.000302462 0.000474597 0.000394770 0.000408112 0.000595145 0.000554628 0.000563742 0.000000000 0.000000000 0.000000000
152.021296431 0.003170506 0.000297086 0.000390799 0.000426397 0.000423870 0.000571194 0.000523389 0.000537772 0.000000000 0.000000000 0.000000000
152.666822105 0.003119976 0.000292615 0.000337993 0.000460654 0.000448483 0.000538361 0.000523990 0.000517881 0.000000000 0.000000000 0.000000000
153.312347780 0.003111096 0.000327577 0.000329466 0.000481976 0.000460124 0.000513256 0.000509008 0.000489690 0.000000000 0.000000000 0.000000000
153.957873455 0.003149828 0.000372750 0.000373487 0.000489002 0.000453693 0.000507444 0.000488759 0.000464691 0.000000000 0.000000000 0.000000000
154.603399130 0.003170635 0.000406822 0.000444747 0.000485314 0.000438601 0.000509789 0.000458362 0.000427000 0.000000000 0.000000000 0.000000000
155.248924805 0.003198102 0.000449631 0.000463663 0.000471490 0.000438197 0.000510865 0.000454977 0.000409278 0.000000000 0.000000000 0.000000000
155.894450480 0.003192667 0.000512333 0.000448112 0.000443057 0.000461923 0.000488610 0.000449067 0.000389566 0.000000000 0.000000000 0.000000000
156.539976155 0.003232374 0.000579150 0.000432031 0.000433983 0.000474737 0.000474241 0.000450803 0.000387429 0.000000000 0.000000000 0.000000000
157.185501829 0.003206130 0.000617251 0.000432482 0.000430428 0.000450696 0.000457365 0.000428549 0.000389359 0.000000000 0.000000000 0.000000000
157.831027504 0.003172732 0.000582219 0.000468725 0.000430321 0.000412701 0.000434360 0.000425258 0.000419148 0.000000000 0.000000000 0.000000000
158.476553179 0.003087309 0.000502193 0.000522541 0.000433602 0.000369020 0.000414423 0.000416343 0.000429187 0.000000000 0.000000000 0.000000000
159.122078854 0.003026223 0.000440196 0.000528026 0.000471497 0.000331507 0.000402313 0.000402957 0.000449727 0.000000000 0.000000000 0.000000000
159.767604529 0.003033920 0.000430953 0.000500083 0.000498396 0.000321707 0.000404706 0.000405884 0.000472191 0.000000000 0.000000000 0.000000000
160.413130204 0.003072262 0.000405120 0.000475243 0.000529895 0.000327849 0.000412471 0.000434981 0.000486703 0.000000000 0.000000000 0.000000000
161.058655879 0.003076966 0.000390689 0.000432710 0.000553236 0.000357328 0.000408155 0.000450126 0.000484723 0.000000000 0.000000000 0.000000000
161.704181554 0.003131688 0.000384395 0.000428058 0.000590032 0.000400645 0.000406586 0.000463438 0.000458534 0.000000000 0.000000000 0.000000000
162.349707228 0.003111935 0.000389824 0.000425790 0.000563940 0.000445372 0.000410097 0.000452869 0.000424042 0.000000000 0.000000000 0.000000000
162.995232903 0.003068937 0.000397172 0.000447888 0.000512386 0.000467877 0.000407963 0.000425590 0.000410061 0.000000000 0.000000000 0.000000000
163.640758578 0.003094490 0.000451070 0.000456191 0.000477205 0.000494746 0.000401412 0.000388265 0.000425601 0.000000000 0.000000000 0.000000000
164.286284253 0.003104806 0.000476634 0.000457675 0.000440120 0.000520493 0.000387504 0.000374243 0.000448136 0.000000000 0.000000000 0.000000000
164.931809928 0.003115639 0.000492454 0.000461918 0.000401663 0.000536933 0.000395875 0.000381245 0.000445551 0.000000000 0.000000000 0.000000000
165.577335603 0.003067184 0.000493093 0.000477542 0.000365834 0.000515002 0.000394500 0.000389588 0.000431625 0.000000000 0.000000000 0.000000000
166.222861278 0.003057533 0.000510316 0.000467188 0.000346499 0.000480423 0.000415349 0.000414336 0.000423422 0.000000000 0.000000000 0.000000000
166.868386952 0.003059043 0.000529545 0.000427839 0.000325083 0.000472828 0.000452659 0.000432838 0.000418250 0.000000000 0.000000000 0.000000000
167.513912627 0.003016927 0.000490751 0.000387619 0.000322853 0.000457287 0.000482647 0.000449401 0.000426371 0.000000000 0.000000000 0.000000000
168.159438302 0.003040697 0.000445232 0.000382279 0.000348090 0.000466196 0.000478772 0.000470626 0.000449502 0.000000000 0.000000000 0.000000000
168.804963977 0.003149359 0.000422001 0.000392565 0.000383347 0.000465304 0.000475592 0.000515878 0.000494672 0.000000000 0.000000000 0.000000000
169.450489652 0.003219076 0.000415801 0.000374122 0.000400686 0.000440526 0.000474984 0.000543527 0.000569431 0.000000000 0.000000000 0.000000000
170.096015327 0.003322281 0.000396873 0.000359410 0.000410511 0.000385104 0.000532768 0.000585668 0.000651946 0.000000000 0.000000000 0.000000000
170.741541002 0.003498552 0.000382918 0.000357085 0.000405191 0.000351751 0.000625890 0.000641916 0.000733802 0.000000000 0.000000000 0.000000000
171.387066677 0.003606195 0.000345686 0.000361161 0.000382302 0.000337522 0.000696380 0.000714832 0.000768312 0.000000000 0.000000000 0.000000000
172.032592351 0.003606087 0.000322128 0.000354598 0.000370437 0.000332914 0.000717871 0.000736333 0.000771806 0.000000000 0.000000000 0.000000000
172.678118026 0.003552333 0.000350710 0.000345075 0.000361339 0.000345219 0.000692047 0.000727955 0.000729988 0.000000000 0.000000000 0.000000000
173.323643701 0.003480962 0.000365882 0.000318956 0.000368732 0.000365523 0.000664477 0.000713079 0.000684311 0.000000000 0.000000000 0.000000000
173.969169376 0.003436582 0.000341262 0.000330977 0.000386003 0.000376321 0.000648774 0.000706405 0.000646840 0.000000000 0.000000000 0.000000000
174.614695051 0.003441804 0.000329416 0.000362443 0.000394831 0.000389451 0.000660933 0.000691366 0.000613363 0.000000000 0.000000000 0.000000000
175.260220726 0.003486835 0.000358813 0.000390151 0.000393457 0.000397276 0.000676822 0.000667140 0.000603176 0.000000000 0.000000000 0.000000000
175.905746401 0.003454843 0.000409647 0.000382926 0.000404144 0.000412127 0.000651842 0.000598511 0.000595645 0.000000000 0.000000000 0.000000000
176.551272075 0.003419185 0.000421291 0.000401675 0.000407251 0.000426191 0.000623717 0.000554078 0.000584981 0.000000000 0.000000000 0.000000000
177.196797750 0.003374938 0.000418168 0.000427342 0.000404886 0.000435397 0.000598603 0.000534749 0.000555794 0.000000000 0.000000000 0.000000000
177.842323425 0.003300337 0.000430113 0.000445082 0.000401084 0.000432000 0.000561441 0.000522957 0.000507661 0.000000000 0.000000000 0.000000000
178.487849100 0.003221090 0.000418607 0.000448455 0.000401152 0.000445918 0.000541236 0.000516862 0.000448861 0.000000000 0.000000000 0.000000000
179.133374775 0.003179474 0.000412572 0.000465207 0.000407167 0.000472857 0.000508979 0.000503798 0.000408894 0.000000000 0.000000000 0.000000000
179.778900450 0.003135170 0.000412245 0.000484468 0.000399335 0.000481978 0.000474352 0.000481384 0.000401408 0.000000000 0.000000000 0.000000000
180.424426125 0.003082943 0.000417992 0.000484505 0.000416193 0.000472675 0.000454742 0.000434496 0.000402340 0.000000000 0.000000000 0.000000000
181.069951799 0.003103327 0.000424321 0.000508839 0.000436415 0.000472714 0.000439446 0.000409134 0.000412458 0.000000000 0.000000000 0.000000000
181.715477474 0.003075213 0.000401004 0.000514677 0.000472168 0.000448588 0.000415409 0.000402950 0.000420418 0.000000000 0.000000000 0.000000000
182.361003149 0.003043959 0.000402475 0.000500234 0.000489881 0.000419211 0.000394775 0.000406146 0.000431236 0.000000000 0.000000000 0.000000000
183.006528824 0.003008941 0.000446128 0.000455544 0.000495045 0.000397456 0.000364605 0.000402059 0.000448103 0.000000000 0.000000000 0.000000000
183.652054499 0.003026777 0.000507406 0.000422087 0.000491982 0.000381315 0.000346848 0.000393455 0.000483683 0.000000000 0.000000000 0.000000000
184.297580174 0.003051327 0.000556090 0.000413521 0.000476946 0.000366929 0.000358520 0.000372584 0.000506739 0.000000000 0.000000000 0.000000000
184.943105849 0.003076894 0.000560483 0.000436309 0.000470846 0.000368795 0.000362820 0.000387108 0.000490532 0.000000000 0.000000000 0.000000000
185.588631524 0.003127777 0.000519213 0.000469675 0.000473267 0.000383060 0.000388415 0.000422914 0.000471235 0.000000000 0.000000000 0.000000000
186.234157198 0.003137094 0.000482518 0.000449892 0.000480516 0.000412872 0.000423877 0.000434531 0.000452890 0.000000000 0.000000000 0.000000000
186.879682873 0.003111154 0.000448618 0.000416198 0.000467516 0.000429341 0.000461457 0.000433458 0.000454566 0.000000000 0.000000000 0.000000000
187.525208548 0.003121021 0.000435190 0.000400290 0.000457201 0.000433263 0.000491011 0.000443657 0.000460408 0.000000000 0.000000000 0.000000000
188.170734223 0.003150788 0.000427163 0.000383616 0.000446704 0.000432968 0.000521669 0.000480474 0.000458194 0.000000000 0.000000000 0.000000000
188.816259898 0.003210823 0.000423710 0.000393225 0.000461621 0.000427917 0.000530015 0.000532068 0.000442267 0.000000000 0.000000000 0.000000000
189.461785573 0.003297853 0.000422878 0.000424413 0.000456061 0.000421183 0.000550075 0.000569767 0.000453477 0.000000000 0.000000000 0.000000000
190.107311248 0.003341428 0.000405728 0.000419310 0.000432808 0.000429867 0.000575174 0.000594056 0.000484485 0.000000000 0.000000000 0.000000000
190.752836922 0.003374690 0.000387582 0.000425853 0.000420229 0.000456924 0.000588521 0.000568530 0.000527052 0.000000000 0.000000000 0.000000000
191.398362597 0.003426971 0.000405903 0.000425176 0.000420724 0.000458308 0.000588508 0.000557364 0.000570987 0.000000000 0.000000000 0.000000000
192.043888272 0.003374940 0.000396620 0.000424110 0.000413303 0.000452124 0.000561039 0.000564553 0.000563191 0.000000000 0.000000000 0.000000000
192.689413947 0.003332792 0.000376986 0.000440284 0.000386069 0.000450724 0.000549977 0.000568113 0.000560641 0.000000000 0.000000000 0.000000000
193.334939622 0.003305214 0.000364815 0.000459448 0.000367369 0.000458012 0.000530509 0.000566901 0.000558160 0.000000000 0.000000000 0.000000000
193.980465297 0.003252016 0.000358632 0.000432255 0.000377227 0.000470086 0.000513144 0.000546340 0.000554332 0.000000000 0.000000000 0.000000000
194.625990972 0.003174940 0.000348696 0.000390329 0.000384751 0.000506077 0.000501824 0.000510676 0.000532587 0.000000000 0.000000000 0.000000000
195.271516647 0.003108228 0.000362465 0.000361842 0.000374714 0.000497711 0.000513823 0.000482162 0.000515513 0.000000000 0.000000000 0.000000000
195.917042321 0.003093971 0.000373922 0.000366627 0.000371123 0.000481890 0.000510876 0.000468376 0.000521156 0.000000000 0.000000000 0.000000000
196.562567996 0.003091547 0.000405848 0.000385705 0.000368009 0.000467948 0.000491863 0.000467054 0.000505119 0.000000000 0.000000000 0.000000000
197.208093671 0.003111026 0.000458232 0.000388661 0.000371278 0.000445857 0.000472937 0.000468830 0.000505231 0.000000000 0.000000000 0.000000000
197.853619346 0.003215809 0.000533261 0.000407730 0.000372977 0.000405192 0.000476411 0.000501611 0.000518627 0.000000000 0.000000000 0.000000000
198.499145021 0.003346173 0.000586021 0.000435330 0.000381581 0.000367268 0.000493042 0.000538479 0.000544452 0.000000000 0.000000000 0.000000000
199.144670696 0.003411377 0.000545878 0.000466920 0.000396374 0.000357779 0.000520538 0.000580212 0.000543676 0.000000000 0.000000000 0.000000000
199.790196371 0.003384657 0.000483638 0.000472215 0.000430943 0.000336527 0.000550726 0.000596329 0.000514280 0.000000000 0.000000000 0.000000000
200.435722045 0.003286831 0.000438736 0.000454663 0.000468447 0.000329685 0.000552562 0.000548405 0.000494333 0.000000000 0.000000000 0.000000000
201.081247720 0.003210926 0.000425160 0.000434787 0.000490540 0.000370093 0.000523427 0.000488708 0.000478211 0.000000000 0.000000000 0.000000000
201.726773395 0.003152326 0.000416840 0.000435825 0.000523947 0.000412508 0.000464695 0.000442803 0.000455708 0.000000000 0.000000000 0.000000000
202.372299070 0.003044953 0.000395647 0.000454379 0.000513117 0.000425412 0.000415558 0.000409730 0.000431109 0.000000000 0.000000000 0.000000000
203.017824745 0.002906809 0.000353333 0.000447330 0.000489345 0.000444121 0.000378142 0.000374080 0.000420459 0.000000000 0.000000000 0.000000000
203.663350420 0.002812370 0.000324363 0.000438071 0.000459022 0.000476947 0.000353301 0.000351608 0.000409058 0.000000000 0.000000000 0.000000000
204.308876095 0.002837262 0.000353959 0.000427895 0.000438359 0.000508143 0.000358331 0.000349072 0.000401503 0.000000000 0.000000000 0.000000000
204.954401769 0.002942525 0.000387090 0.000440304 0.000446134 0.000524754 0.000378265 0.000349393 0.000416586 0.000000000 0.000000000 0.000000000
205.599927444 0.003105171 0.000451390 0.000458943 0.000446721 0.000543039 0.000398869 0.000379975 0.000426236 0.000000000 0.000000000 0.000000000
206.245453119 0.003248101 0.000492747 0.000514889 0.000414267 0.000558785 0.000424960 0.000416580 0.000425873 0.000000000 0.000000000 0.000000000
206.890978794 0.003275467 0.000543760 0.000529044 0.000363989 0.000530418 0.000455644 0.000446799 0.000405812 0.000000000 0.000000000 0.000000000
207.536504469 0.003274372 0.000590366 0.000507876 0.000342134 0.000470264 0.000485342 0.000478124 0.000400264 0.000000000 0.000000000 0.000000000
208.182030144 0.003231221 0.000581965 0.000487444 0.000339563 0.000439218 0.000494444 0.000489046 0.000399542 0.000000000 0.000000000 0.000000000
208.827555819 0.003180456 0.000527492 0.000459994 0.000359828 0.000415278 0.000502491 0.000502060 0.000413312 0.000000000 0.000000000 0.000000000
209.473081494 0.003182190 0.000466879 0.000445081 0.000384284 0.000416024 0.000525169 0.000500321 0.000444432 0.000000000 0.000000000 0.000000000
210.118607168 0.003144979 0.000402021 0.000392739 0.000410460 0.000413694 0.000561196 0.000494577 0.000470292 0.000000000 0.000000000 0.000000000
210.764132843 0.003132772 0.000334330 0.000342367 0.000435197 0.000399891 0.000595882 0.000532734 0.000492373 0.000000000 0.000000000 0.000000000
211.409658518 0.003131952 0.000291127 0.000312411 0.000452152 0.000385205 0.000607898 0.000564225 0.000518934 0.000000000 0.000000000 0.000000000
212.055184193 0.003135724 0.000260514 0.000318076 0.000446827 0.000381147 0.000585892 0.000581440 0.000561828 0.000000000 0.000000000 0.000000000
212.700709868 0.003181822 0.000287500 0.000344120 0.000432801 0.000387868 0.000564461 0.000573662 0.000591411 0.000000000 0.000000000 0.000000000
213.346235543 0.003399427 0.000342986 0.000404301 0.000447876 0.000418315 0.000583028 0.000597109 0.000605814 0.000000000 0.000000000 0.000000000
213.991761218 0.003609254 0.000395524 0.000508375 0.000460288 0.000466376 0.000574538 0.000608775 0.000595377 0.000000000 0.000000000 0.000000000
214.637286892 0.003701304 0.000411894 0.000551169 0.000470720 0.000512851 0.000564228 0.000606069 0.000584372 0.000000000 0.000000000 0.000000000
215.282812567 0.003563968 0.000397423 0.000507058 0.000442217 0.000524021 0.000529924 0.000592140 0.000571187 0.000000000 0.000000000 0.000000000
215.928338242 0.003322152 0.000396091 0.000448995 0.000417300 0.000490812 0.000488672 0.000549219 0.000531064 0.000000000 0.000000000 0.000000000
216.573863917 0.003142807 0.000459068 0.000426813 0.000406516 0.000437587 0.000458183 0.000488207 0.000466433 0.000000000 0.000000000 0.000000000
217.219389592 0.002964688 0.000500831 0.000432766 0.000430500 0.000408064 0.000403238 0.000387409 0.000401882 0.000000000 0.000000000 0.000000000
217.864915267 0.002801711 0.000502576 0.000423763 0.000441684 0.000375775 0.000361408 0.000325204 0.000371300 0.000000000 0.000000000 0.000000000
218.510440942 0.002683370 0.000474990 0.000397763 0.000454681 0.000366779 0.000340601 0.000291036 0.000357520 0.000000000 0.000000000 0.000000000
219.155966616 0.002680974 0.000498147 0.000378185 0.000471396 0.000384020 0.000318610 0.000281648 0.000348969 0.000000000 0.000000000 0.000000000
219.801492291 0.002796678 0.000545975 0.000404646 0.000492555 0.000411964 0.000311696 0.000281642 0.000348199 0.000000000 0.000000000 0.000000000
220.447017966 0.003001485 0.000601654 0.000430108 0.000535068 0.000456918 0.000320629 0.000295538 0.000361569 0.000000000 0.000000000 0.000000000
221.092543641 0.003186910 0.000623092 0.000438061 0.000589454 0.000476644 0.000340571 0.000332375 0.000386712 0.000000000 0.000000000 0.000000000
221.738069316 0.003292402 0.000565595 0.000427977 0.000634444 0.000447493 0.000380459 0.000422534 0.000413901 0.000000000 0.000000000 0.000000000
222.383594991 0.003378536 0.000502127 0.000419149 0.000663819 0.000412878 0.000434079 0.000509478 0.000437005 0.000000000 0.000000000 0.000000000
223.029120666 0.003371308 0.000471883 0.000414936 0.000669599 0.000348835 0.000483464 0.000530233 0.000452357 0.000000000 0.000000000 0.000000000
223.674646341 0.003268262 0.000389273 0.000462341 0.000634682 0.000295604 0.000509008 0.000518849 0.000458506 0.000000000 0.000000000 0.000000000
224.320172015 0.003166638 0.000322271 0.000562283 0.000549746 0.000267877 0.000504792 0.000473943 0.000485726 0.000000000 0.000000000 0.000000000
224.965697690 0.003135212 0.000335856 0.000643436 0.000455919 0.000254650 0.000495640 0.000438571 0.000511141 0.000000000 0.000000000 0.000000000
225.611223365 0.002984865 0.000332259 0.000601597 0.000399000 0.000266270 0.000480218 0.000430002 0.000475521 0.000000000 0.000000000 0.000000000
226.256749040 0.002849396 0.000311120 0.000586329 0.000379229 0.000294582 0.000470950 0.000396030 0.000411156 0.000000000 0.000000000 0.000000000
226.902274715 0.002777494 0.000310353 0.000531177 0.000370150 0.000305638 0.000481171 0.000406162 0.000372842 0.000000000 0.000000000 0.000000000
227.547800390 0.002925593 0.000366926 0.000442769 0.000383800 0.000358464 0.000522676 0.000468501 0.000382458 0.000000000 0.000000000 0.000000000
228.193326065 0.003294856 0.000479668 0.000467517 0.000372436 0.000454617 0.000547950 0.000560275 0.000412392 0.000000000 0.000000000 0.000000000
228.838851739 0.003874329 0.000575556 0.000606070 0.000344087 0.000580718 0.000593614 0.000674884 0.000499401 0.000000000 0.000000000 0.000000000
229.484377414 0.004409199 0.000504742 0.000607292 0.000334594 0.000744785 0.000720631 0.000815768 0.000681387 0.000000000 0.000000000 0.000000000
230.129903089 0.004640584 0.000426219 0.000453275 0.000361195 0.000765048 0.000842078 0.000951708 0.000841060 0.000000000 0.000000000 0.000000000
230.775428764 0.004203188 0.000396296 0.000345198 0.000415108 0.000610959 0.000793137 0.000806506 0.000835985 0.000000000 0.000000000 0.000000000
231.420954439 0.003315650 0.000410554 0.000225174 0.000422209 0.000425437 0.000611864 0.000541554 0.000678857 0.000000000 0.000000000 0.000000000
232.066480114 0.002545189 0.000369673 0.000137177 0.000375890 0.000377055 0.000450655 0.000340054 0.000494685 0.000000000 0.000000000 0.000000000
232.712005789 0.002064178 0.000366498 0.000109456 0.000332828 0.000294443 0.000308657 0.000291298 0.000360999 0.000000000 0.000000000 0.000000000
233.357531464 0.001854855 0.000361495 0.000122789 0.000283184 0.000219074 0.000224365 0.000329925 0.000314023 0.000000000 0.000000000 0.000000000
234.003057138 0.001574454 0.000247089 0.000144246 0.000204777 0.000164007 0.000190818 0.000259661 0.000363857 0.000000000 0.000000000 0.000000000
234.648582813 0.001409936 0.000169735 0.000154295 0.000157833 0.000136345 0.000188802 0.000194016 0.000408910 0.000000000 0.000000000 0.000000000
235.294108488 0.005062355 0.000192380 0.000198207 0.000130012 0.000113678 0.000205129 0.000218800 0.000366143 0.000000000 0.003638006 0.000000000
235.939634163 0.009376721 0.000239779 0.000321604 0.000120151 0.000103298 0.000183540 0.000222385 0.000227828 0.000000000 0.007958137 0.000000000
236.585159838 0.009967054 0.000283826 0.000328486 0.000106475 0.000099914 0.000158988 0.000219896 0.000129205 0.000000000 0.008640263 0.000000000
237.230685513 0.010278869 0.000242188 0.000212843 0.000090211 0.000115920 0.000176351 0.000225093 0.000121250 0.000000000 0.009095014 0.000000000
237.876211188 0.007922894 0.000176143 0.000132029 0.000079350 0.000134950 0.000189862 0.000218704 0.000170595 0.000000000 0.006821260 0.000000000
238.521736862 0.009375143 0.000158189 0.000112840 0.000091541 0.000164579 0.000206740 0.000195011 0.000260731 0.000000000 0.008185512 0.000000000
239.167262537 0.007673792 0.000144350 0.000099449 0.000150267 0.000242349 0.000204508 0.000158408 0.000307951 0.000000000 0.006366510 0.000000000
239.812788212 0.008560005 0.000119265 0.000081065 0.000186034 0.000318135 0.000184345 0.000115923 0.000279226 0.000000000 0.007276011 0.000000000
240.458313887 0.009568798 0.000083698 0.000070350 0.000152440 0.000217512 0.000158808 0.000146468 0.000326634 0.000000000 0.008412888 0.000000000
241.103839562 0.008172461 0.000082936 0.000063710 0.000109107 0.000098509 0.000180689 0.000337439 0.000251435 0.000000000 0.007048636 0.000000000
241.749365237 0.008485574 0.000050859 0.000045305 0.000085648 0.000069940 0.000346975 0.000416347 0.000194488 0.000000000 0.007276011 0.000000000
242.394890912 0.010732448 0.000022364 0.000050367 0.000084864 0.000072762 0.000418699 0.000318579 0.000215049 0.000000000 0.009549765 0.000000000
243.040416586 0.007416889 0.000048477 0.000110484 0.000123128 0.000090375 0.000364081 0.000294717 0.000246493 0.000000000 0.006139134 0.000000000
243.685942261 0.008801187 0.000131078 0.000149970 0.000206442 0.000115953 0.000398564 0.000281699 0.000241469 0.000000000 0.007276011 0.000000000
244.331467936 0.006333934 0.000184546 0.000156482 0.000243253 0.000133055 0.000369074 0.000249681 0.000222962 0.000000000 0.004774882 0.000000000
244.976993611 0.008989830 0.000137565 0.000216818 0.000159798 0.000194298 0.000310512 0.000247882 0.000219572 0.000000000 0.007503386 0.000000000
245.622519286 0.009950259 0.000093912 0.000163897 0.000103694 0.000221616 0.000233987 0.000259023 0.000233868 0.000000000 0.008640263 0.000000000
246.268044961 0.009038434 0.000146186 0.000089677 0.000087337 0.000159187 0.000205712 0.000291064 0.000328508 0.000000000 0.007730762 0.000000000
246.913570636 0.008380753 0.000139280 0.000103944 0.000062580 0.000123551 0.000217503 0.000323110 0.000362150 0.000000000 0.007048636 0.000000000
247.559096311 0.007853235 0.000109439 0.000087926 0.000044385 0.000192392 0.000232768 0.000271946 0.000320494 0.000000000 0.006593885 0.000000000
248.204621985 0.007737363 0.000110362 0.000144695 0.000038339 0.000259452 0.000255249 0.000232317 0.000330439 0.000000000 0.006366510 0.000000000
248.850147660 0.005467244 0.000125305 0.000241858 0.000038185 0.000275480 0.000248727 0.000311552 0.000360758 0.000000000 0.003865381 0.000000000
249.495673335 0.009696852 0.000300628 0.000180158 0.000042850 0.000248815 0.000265732 0.000349828 0.000350704 0.000000000 0.007958137 0.000000000
250.141199010 0.009058495 0.000221672 0.000127384 0.000050399 0.000182062 0.000297588 0.000363019 0.000312986 0.000000000 0.007503386 0.000000000
250.786724685 0.006663773 0.000114194 0.000108605 0.000075738 0.000157174 0.000316339 0.000359936 0.000302154 0.000000000 0.005229633 0.000000000
251.432250360 0.008408240 0.000176658 0.000098856 0.000119261 0.000126131 0.000325657 0.000329277 0.000411138 0.000000000 0.006821260 0.000000000
252.077776035 0.007693868 0.000225233 0.000084834 0.000142542 0.000101251 0.000413559 0.000395345 0.000419345 0.000000000 0.005911759 0.000000000
252.723301709 0.007740488 0.000191138 0.000089651 0.000154143 0.000106542 0.000301916 0.000213354 0.000317235 0.000000000 0.006366510 0.000000000
253.368827384 0.009695206 0.000121763 0.000089564 0.000142610 0.000144471 0.000289252 0.000237060 0.000257599 0.000000000 0.008412888 0.000000000
254.014353059 0.010215203 0.000084256 0.000077090 0.000136262 0.000250994 0.000306786 0.000291867 0.000200311 0.000000000 0.008867638 0.000000000
254.659878734 0.005668077 0.000063012 0.000121736 0.000127460 0.000080284 0.000333252 0.000243373 0.000151455 0.000000000 0.004547507 0.000000000
255.305404409 0.009287530 0.000099219 0.000369457 0.000128691 0.000102802 0.000413284 0.000297725 0.000145590 0.000000000 0.007730762 0.000000000
255.950930084 0.008853318 0.000161646 0.000207619 0.000131485 0.000156779 0.000425842 0.000326163 0.000167774 0.000000000 0.007276011 0.000000000
256.596455759 0.006102377 0.000160209 0.000185767 0.000123677 0.000193514 0.000338707 0.000350251 0.000202746 0.000000000 0.004547507 0.000000000
257.241981433 0.007203120 0.000105186 0.000172676 0.000109355 0.000136701 0.000351183 0.000368774 0.000274861 0.000000000 0.005684384 0.000000000
257.887507108 0.011323066 0.000062880 0.000156189 0.000115168 0.000099642 0.000341583 0.000366008 0.000404455 0.000000000 0.009777140 0.000000000
258.533032783 0.008014853 0.000044748 0.000124668 0.000143581 0.000087177 0.000340708 0.000350734 0.000556725 0.000000000 0.006366510 0.000000000
259.178558458 0.008916693 0.000031315 0.000102002 0.000275978 0.000074775 0.000287567 0.000356260 0.000512785 0.000000000 0.007276011 0.000000000
259.824084133 0.008103060 0.000037871 0.000077124 0.000275761 0.000090941 0.000248858 0.000366093 0.000412529 0.000000000 0.006593885 0.000000000
260.469609808 0.007243467 0.000081227 0.000065725 0.000127020 0.000105593 0.000226643 0.000354511 0.000370989 0.000000000 0.005911759 0.000000000
261.115135483 0.007701250 0.000173067 0.000067029 0.000096778 0.000115389 0.000221121 0.000322367 0.000338990 0.000000000 0.006366510 0.000000000
261.760661158 0.008117158 0.000221712 0.000069940 0.000118439 0.000126749 0.000243300 0.000247896 0.000267861 0.000000000 0.006821260 0.000000000
262.406186832 0.008545828 0.000211988 0.000080724 0.000140219 0.000178103 0.000262334 0.000197510 0.000198938 0.000000000 0.007276011 0.000000000
263.051712507 0.009199206 0.000210231 0.000103597 0.000142399 0.000224956 0.000281261 0.000165965 0.000112661 0.000000000 0.007958137 0.000000000
263.697238182 0.007991579 0.000239244 0.000134062 0.000126777 0.000193205 0.000260826 0.000136102 0.000080104 0.000000000 0.006821260 0.000000000
264.342763857 0.011383142 0.000282250 0.000168486 0.000114726 0.000166499 0.000192544 0.000145669 0.000081078 0.000000000 0.010231891 0.000000000
264.988289532 0.009967097 0.000213130 0.000187931 0.000113378 0.000146684 0.000166337 0.000156807 0.000115191 0.000000000 0.008867638 0.000000000
265.633815207 0.007192653 0.000115804 0.000177386 0.000123469 0.000141396 0.000156408 0.000163634 0.000175421 0.000000000 0.006139134 0.000000000
266.279340882 0.009958575 0.000084697 0.000161966 0.000141978 0.000130569 0.000159941 0.000172991 0.000238794 0.000000000 0.008867638 0.000000000
266.924866556 0.010884929 0.000066683 0.000159023 0.000164580 0.000111019 0.000161968 0.000196227 0.000248289 0.000000000 0.009777140 0.000000000
267.570392231 0.007089827 0.000078785 0.000228998 0.000187671 0.000095832 0.000177462 0.000201887 0.000207435 0.000000000 0.005911759 0.000000000
268.215917906 0.006957212 0.000119030 0.000280452 0.000198416 0.000106396 0.000201961 0.000181944 0.000184631 0.000000000 0.005684384 0.000000000
268.861443581 0.008549728 0.000115585 0.000225534 0.000210516 0.000123557 0.000229070 0.000177485 0.000191969 0.000000000 0.007276011 0.000000000
269.506969256 0.006049247 0.000057246 0.000130021 0.000217501 0.000099486 0.000263931 0.000214769 0.000291411 0.000000000 0.004774882 0.000000000
270.152494931 0.008895403 0.000050080 0.000077736 0.000219418 0.000068071 0.000308474 0.000309683 0.000358554 0.000000000 0.007503386 0.000000000
270.798020606 0.005651305 0.000078700 0.000069830 0.000215955 0.000051595 0.000304915 0.000364613 0.000245564 0.000000000 0.004320132 0.000000000
271.443546281 0.005597190 0.000133064 0.000088478 0.000213746 0.000046888 0.000269315 0.000331608 0.000193958 0.000000000 0.004320132 0.000000000
272.089071955 0.007828502 0.000179595 0.000117416 0.000203797 0.000055976 0.000222845 0.000264063 0.000190925 0.000000000 0.006593885 0.000000000
272.734597630 0.007289782 0.000189598 0.000121850 0.000169477 0.000063297 0.000196491 0.000192740 0.000217195 0.000000000 0.006139134 0.000000000
273.380123305 0.007001503 0.000145629 0.000137290 0.000132609 0.000068562 0.000188818 0.000156107 0.000260730 0.000000000 0.005911759 0.000000000
274.025648980 0.005423380 0.000120412 0.000155335 0.000120029 0.000085100 0.000188918 0.000164118 0.000269339 0.000000000 0.004320132 0.000000000
274.671174655 0.007578027 0.000135056 0.000165451 0.000135257 0.000143571 0.000205599 0.000194284 0.000232299 0.000000000 0.006366510 0.000000000
275.316700330 0.007645789 0.000181375 0.000140708 0.000139146 0.000187234 0.000222932 0.000209571 0.000198314 0.000000000 0.006366510 0.000000000
275.962226005 0.006531033 0.000204928 0.000108039 0.000115417 0.000187955 0.000244394 0.000228520 0.000212147 0.000000000 0.005229633 0.000000000
276.607751679 0.005913592 0.000213384 0.000094581 0.000108716 0.000178017 0.000268602 0.000254064 0.000248721 0.000000000 0.004547507 0.000000000
277.253277354 0.006097996 0.000186307 0.000092525 0.000115413 0.000155286 0.000267436 0.000259872 0.000246275 0.000000000 0.004774882 0.000000000
277.898803029 0.005156069 0.000166359 0.000133528 0.000123425 0.000135605 0.000251627 0.000262869 0.000217276 0.000000000 0.003865381 0.000000000
278.544328704 0.007265243 0.000175075 0.000181044 0.000137427 0.000150022 0.000254802 0.000285917 0.000169200 0.000000000 0.005911759 0.000000000
279.189854379 0.006485144 0.000182031 0.000168569 0.000178485 0.000188014 0.000277066 0.000287018 0.000201704 0.000000000 0.005002258 0.000000000
279.835380054 0.008495418 0.000166838 0.000164972 0.000205987 0.000205759 0.000315443 0.000314514 0.000300645 0.000000000 0.006821260 0.000000000
280.480905729 0.006146016 0.000140874 0.000210578 0.000183384 0.000236941 0.000365305 0.000313451 0.000375351 0.000000000 0.004320132 0.000000000
281.126431403 0.008436833 0.000096693 0.000257676 0.000161898 0.000285635 0.000397209 0.000275983 0.000367852 0.000000000 0.006593885 0.000000000
281.771957078 0.004783155 0.000081411 0.000233129 0.000145846 0.000304900 0.000411249 0.000332042 0.000318698 0.000000000 0.002955879 0.000000000
282.417482753 0.006781334 0.000065537 0.000194296 0.000141291 0.000261572 0.000420585 0.000426436 0.000269361 0.000000000 0.005002258 0.000000000
283.063008428 0.009034166 0.000047412 0.000201799 0.000151893 0.000209237 0.000444816 0.000445258 0.000257740 0.000000000 0.007276011 0.000000000
283.708534103 0.009502238 0.000043043 0.000241381 0.000158577 0.000203987 0.000420644 0.000413793 0.000290052 0.000000000 0.007730762 0.000000000
284.354059778 0.006010429 0.000053547 0.000244834 0.000169222 0.000194248 0.000334071 0.000357980 0.000336396 0.000000000 0.004320132 0.000000000
284.999585453 0.006278597 0.000090110 0.000182103 0.000210006 0.000169345 0.000212286 0.000269159 0.000370706 0.000000000 0.004774882 0.000000000
285.645111128 0.009378592 0.000150731 0.000115714 0.000272219 0.000138324 0.000153722 0.000228371 0.000361373 0.000000000 0.007958137 0.000000000
286.290636802 0.005970156 0.000259286 0.000075617 0.000292262 0.000128727 0.000150757 0.000203491 0.000312510 0.000000000 0.004547507 0.000000000
286.936162477 0.005164838 0.000448705 0.000080534 0.000237743 0.000118303 0.000179946 0.000195492 0.000266108 0.000000000 0.003638006 0.000000000
287.581688152 0.006867458 0.000501179 0.000148713 0.000223072 0.000115999 0.000219712 0.000184978 0.000244172 0.000000000 0.005229633 0.000000000
288.227213827 0.007286164 0.000423673 0.000199883 0.000214900 0.000086696 0.000239841 0.000206166 0.000230621 0.000000000 0.005684384 0.000000000
288.872739502 0.007365318 0.000448479 0.000198088 0.000189640 0.000073596 0.000227410 0.000238339 0.000305381 0.000000000 0.005684384 0.000000000
289.518265177 0.006870783 0.000411475 0.000227290 0.000167080 0.000066484 0.000201537 0.000285811 0.000281475 0.000000000 0.005229633 0.000000000
290.163790852 0.007707839 0.000284940 0.000257198 0.000164148 0.000070174 0.000232719 0.000314726 0.000244800 0.000000000 0.006139134 0.000000000
290.809316526 0.006240070 0.000236693 0.000220283 0.000185146 0.000101802 0.000248045 0.000238254 0.000234964 0.000000000 0.004774882 0.000000000
291.454842201 0.006883678 0.000234818 0.000168879 0.000219349 0.000166768 0.000194859 0.000224242 0.000217755 0.000000000 0.005457008 0.000000000
292.100367876 0.007551402 0.000206978 0.000180328 0.000250836 0.000165098 0.000186375 0.000194894 0.000227760 0.000000000 0.006139134 0.000000000
292.745893551 0.006775101 0.000127529 0.000202302 0.000241132 0.000172778 0.000169492 0.000165840 0.000239019 0.000000000 0.005457008 0.000000000
293.391419226 0.006477909 0.000066837 0.000195176 0.000210772 0.000238776 0.000146569 0.000157375 0.000232770 0.000000000 0.005229633 0.000000000
294.036944901 0.007723181 0.000034476 0.000164643 0.000211745 0.000257886 0.000131921 0.000147934 0.000180692 0.000000000 0.006593885 0.000000000
294.682470576 0.008979946 0.000037320 0.000145781 0.000236503 0.000207753 0.000125332 0.000138696 0.000130424 0.000000000 0.007958137 0.000000000
295.327996250 0.006474070 0.000040033 0.000192716 0.000226628 0.000233347 0.000114185 0.000104367 0.000105786 0.000000000 0.005457008 0.000000000
295.973521925 0.009083664 0.000065015 0.000276161 0.000227285 0.000261949 0.000116496 0.000087959 0.000090663 0.000000000 0.007958137 0.000000000
296.619047600 0.008901752 0.000107797 0.000338877 0.000200574 0.000229890 0.000108280 0.000119772 0.000065800 0.000000000 0.007730762 0.000000000
297.264573275 0.005305065 0.000149881 0.000360420 0.000144943 0.000237831 0.000111767 0.000142063 0.000065403 0.000000000 0.004092756 0.000000000
297.910098950 0.010154180 0.000240283 0.000197920 0.000110888 0.000199408 0.000130098 0.000105317 0.000075252 0.000000000 0.009095014 0.000000000
298.555624625 0.005828257 0.000348416 0.000098544 0.000080818 0.000240000 0.000130802 0.000070593 0.000084199 0.000000000 0.004774882 0.000000000
299.201150300 0.006709664 0.000372781 0.000091437 0.000064402 0.000264158 0.000087038 0.000055548 0.000089917 0.000000000 0.005684384 0.000000000
299.846675975 0.006924201 0.000295887 0.000204567 0.000072631 0.000194587 0.000060195 0.000063278 0.000121298 0.000000000 0.005911759 0.000000000
300.492201649 0.007219730 0.000242000 0.000182799 0.000136637 0.000193899 0.000081274 0.000090793 0.000153195 0.000000000 0.006139134 0.000000000
301.137727324 0.008794984 0.000221943 0.000127006 0.000211181 0.000272685 0.000151270 0.000132619 0.000174893 0.000000000 0.007503386 0.000000000
301.783252999 0.008375423 0.000221496 0.000063296 0.000204295 0.000147325 0.000230900 0.000224740 0.000234736 0.000000000 0.007048636 0.000000000
302.428778674 0.006921507 0.000236381 0.000062353 0.000196762 0.000088522 0.000238184 0.000325355 0.000316943 0.000000000 0.005457008 0.000000000
303.074304349 0.009909204 0.000191713 0.000089433 0.000175813 0.000118277 0.000162983 0.000219714 0.000311008 0.000000000 0.008640263 0.000000000
303.719830024 0.007297014 0.000141595 0.000158786 0.000125994 0.000154618 0.000147677 0.000204746 0.000224464 0.000000000 0.006139134 0.000000000
304.365355699 0.008644224 0.000145907 0.000200648 0.000150559 0.000101866 0.000157749 0.000217590 0.000166519 0.000000000 0.007503386 0.000000000
305.010881373 0.008734642 0.000108986 0.000134800 0.000162374 0.000099366 0.000164265 0.000194067 0.000140022 0.000000000 0.007730762 0.000000000
305.656407048 0.010250219 0.000056944 0.000153776 0.000128439 0.000111618 0.000183401 0.000146732 0.000146921 0.000000000 0.009322389 0.000000000
306.301932723 0.007678965 0.000040356 0.000173902 0.000161053 0.000104324 0.000191636 0.000104382 0.000082051 0.000000000 0.006821260 0.000000000
306.947458398 0.007694186 0.000028819 0.000165943 0.000163625 0.000176897 0.000158459 0.000125762 0.000053422 0.000000000 0.006821260 0.000000000
307.592984073 0.010428847 0.000040958 0.000120014 0.000129778 0.000263256 0.000125319 0.000147088 0.000052668 0.000000000 0.009549765 0.000000000
308.238509748 0.010662220 0.000099033 0.000200920 0.000142498 0.000166850 0.000130111 0.000077017 0.000068652 0.000000000 0.009777140 0.000000000
308.884035423 0.009476884 0.000086550 0.000165795 0.000152881 0.000107526 0.000166692 0.000066559 0.000090618 0.000000000 0.008640263 0.000000000
309.529561098 0.010344155 0.000029275 0.000203499 0.000083839 0.000100840 0.000198917 0.000087348 0.000090673 0.000000000 0.009549765 0.000000000
310.175086772 0.008627034 0.000020798 0.000133063 0.000067836 0.000047529 0.000206672 0.000116768 0.000076231 0.000000000 0.007958137 0.000000000
310.820612447 0.008025406 0.000033901 0.000059679 0.000054988 0.000013842 0.000147976 0.000136503 0.000075130 0.000000000 0.007503386 0.000000000
311.466138122 0.007654664 0.000123959 0.000033630 0.000057895 0.000012489 0.000124389 0.000153870 0.000099795 0.000000000 0.007048636 0.000000000
312.111663797 0.011581494 0.000145447 0.000080333 0.000071561 0.000023345 0.000082956 0.000147293 0.000116542 0.000000000 0.010914017 0.000000000
312.757189472 0.008416504 0.000097561 0.000077712 0.000091976 0.000059519 0.000067991 0.000166060 0.000124921 0.000000000 0.007730762 0.000000000
313.402715147 0.010854331 0.000123397 0.000085897 0.000083182 0.000139242 0.000093869 0.000153217 0.000171012 0.000000000 0.010004515 0.000000000
314.048240822 0.010670973 0.000070857 0.000165287 0.000076338 0.000319975 0.000165974 0.000217775 0.000332378 0.000000000 0.009322389 0.000000000
314.693766496 0.012487247 0.000004935 0.000050555 0.000080191 0.000312026 0.000318846 0.000466940 0.000567113 0.000000000 0.010686641 0.000000000
315.339292171 0.010060714 0.000000000 0.000000339 0.000058879 0.000101160 0.000366258 0.000228587 0.000210477 0.000000000 0.009095014 0.000000000
315.984817846 0.009212501 0.000000000 0.000000000 0.000017001 0.000000101 0.000088377 0.000003004 0.000009006 0.000000000 0.009095014 0.000000000
316.630343521 0.010008140 0.000000000 0.000000000 0.000000960 0.000000000 0.000002665 0.000000000 0.000000000 0.000000000 0.010004515 0.000000000
317.275869196 0.003638018 0.000000000 0.000000000 0.000000012 0.000000000 0.000000000 0.000000000 0.000000000 0.000000000 0.003638006 0.000000000
317.921394871 0.000000000 0.000000000 0.000000000 0.000000000 0.000000000 0.000000000 0.000000000 0.000000000 0.000000000 0.000000000 0.000000000
318.566920546 0.000000000 0.000000000 0.000000000 0.000000000 0.000000000 0.000000000 0.000000000 0.000000000 0.000000000 0.000000000 0.000000000
319.212446220 0.000000000 0.000000000 0.000000000 0.000000000 0.000000000 0.000000000 0.000000000 0.000000000 0.000000000 0.000000000 0.000000000
319.857971895 0.000000000 0.000000000 0.000000000 0.000000000 0.000000000 0.000000000 0.000000000 0.000000000 0.000000000 0.000000000 0.000000000
320.503497570 0.000000000 0.000000000 0.000000000 0.000000000 0.000000000 0.000000000 0.000000000 0.000000000 0.000000000 0.000000000 0.000000000
321.149023245 0.045475069 0.000000000 0.000000000 0.000000000 0.000000000 0.000000000 0.000000000 0.000000000 0.000000000 0.000000000 0.045475069
321.794548920 0.000000000 0.000000000 0.000000000 0.000000000 0.000000000 0.000000000 0.000000000 0.000000000 0.000000000 0.000000000 0.000000000
322.440074595 0.000000000 0.000000000 0.000000000 0.000000000 0.000000000 0.000000000 0.000000000 0.000000000 0.000000000 0.000000000 0.000000000
