# Ion number density
# The last    3 ion types are fixed
# Average over     378000 steps
# z (au)        total        A            Im1          Im2          Im3          N            C            Me           C1           C2           P         
  0.444203471  0.033042656  0.000000000  0.000000000  0.000000000  0.000000000  0.000000000  0.000000000  0.000000000  0.000000000  0.000000000  0.033042656
  1.332610412  0.000000000  0.000000000  0.000000000  0.000000000  0.000000000  0.000000000  0.000000000  0.000000000  0.000000000  0.000000000  0.000000000
  2.221017354  0.000000000  0.000000000  0.000000000  0.000000000  0.000000000  0.000000000  0.000000000  0.000000000  0.000000000  0.000000000  0.000000000
  3.109424296  0.000000000  0.000000000  0.000000000  0.000000000  0.000000000  0.000000000  0.000000000  0.000000000  0.000000000  0.000000000  0.000000000
  3.997831237  0.003801092  0.000000000  0.000000000  0.000000000  0.000000000  0.000001187  0.000000000  0.000000000  0.003799905  0.000000000  0.000000000
  4.886238179  0.009334627  0.000000000  0.000000000  0.000013268  0.000000000  0.000182149  0.000052370  0.000000109  0.009086730  0.000000000  0.000000000
  5.774645120  0.010438550  0.000165224  0.000095745  0.000156978  0.000012959  0.000328113  0.000268868  0.000158718  0.009251944  0.000000000  0.000000000
  6.663052062  0.011992717  0.000072395  0.000073407  0.000143656  0.000272131  0.000240255  0.000151145  0.000300866  0.010738863  0.000000000  0.000000000
  7.551459004  0.010688410  0.000334006  0.000040373  0.000019822  0.000259247  0.000142229  0.000254269  0.000221308  0.009417157  0.000000000  0.000000000
  8.439865945  0.009205917  0.000083216  0.000096325  0.000005780  0.000089323  0.000142883  0.000303544  0.000224180  0.008260664  0.000000000  0.000000000
  9.328272887  0.011134138  0.000011485  0.000142090  0.000017313  0.000018863  0.000148628  0.000190980  0.000196342  0.010408437  0.000000000  0.000000000
 10.216679828  0.008049803  0.000003344  0.000073170  0.000077408  0.000012430  0.000161557  0.000156109  0.000296401  0.007269384  0.000000000  0.000000000
 11.105086770  0.008339830  0.000014097  0.000081307  0.000107776  0.000009529  0.000210222  0.000193678  0.000288624  0.007434598  0.000000000  0.000000000
 11.993493711  0.010306020  0.000057957  0.000067950  0.000080364  0.000009863  0.000274208  0.000248038  0.000150484  0.009417157  0.000000000  0.000000000
 12.881900653  0.010759489  0.000167343  0.000097214  0.000061824  0.000020871  0.000274305  0.000241147  0.000149201  0.009747583  0.000000000  0.000000000
 13.770307595  0.009608862  0.000198365  0.000056694  0.000050430  0.000045238  0.000206351  0.000232640  0.000228055  0.008591090  0.000000000  0.000000000
 14.658714536  0.007695687  0.000064353  0.000038548  0.000071353  0.000084388  0.000155722  0.000198834  0.000308745  0.006773744  0.000000000  0.000000000
 15.547121478  0.009918852  0.000028046  0.000126006  0.000075058  0.000099752  0.000163946  0.000204910  0.000299617  0.008921517  0.000000000  0.000000000
 16.435528419  0.007621150  0.000023054  0.000160652  0.000092863  0.000205359  0.000175788  0.000165242  0.000189660  0.006608531  0.000000000  0.000000000
 17.323935361  0.008724150  0.000056242  0.000106849  0.000161760  0.000286633  0.000175351  0.000175175  0.000162329  0.007599811  0.000000000  0.000000000
 18.212342303  0.009206170  0.000244720  0.000118176  0.000231355  0.000202967  0.000298733  0.000193775  0.000151421  0.007765024  0.000000000  0.000000000
 19.100749244  0.008926853  0.000174971  0.000131159  0.000241982  0.000252541  0.000405212  0.000227648  0.000223956  0.007269384  0.000000000  0.000000000
 19.989156186  0.007782487  0.000140821  0.000087567  0.000184454  0.000208580  0.000342999  0.000384434  0.000320741  0.006112891  0.000000000  0.000000000
 20.877563127  0.008540147  0.000169003  0.000128504  0.000122494  0.000154369  0.000296419  0.000544938  0.000350676  0.006773744  0.000000000  0.000000000
 21.765970069  0.007423785  0.000173671  0.000332915  0.000140185  0.000208227  0.000315505  0.000425143  0.000376101  0.005452038  0.000000000  0.000000000
 22.654377011  0.006840890  0.000261675  0.000358981  0.000112115  0.000118031  0.000309961  0.000308748  0.000414981  0.004956398  0.000000000  0.000000000
 23.542783952  0.009320328  0.000239166  0.000248408  0.000079737  0.000064598  0.000251533  0.000188896  0.000317753  0.007930237  0.000000000  0.000000000
 24.431190894  0.007090546  0.000114156  0.000157599  0.000111704  0.000084122  0.000194880  0.000119274  0.000195918  0.006112891  0.000000000  0.000000000
 25.319597835  0.008398753  0.000043473  0.000119416  0.000124865  0.000190336  0.000187934  0.000140944  0.000157189  0.007434598  0.000000000  0.000000000
 26.208004777  0.008030375  0.000058209  0.000125027  0.000181634  0.000183309  0.000210274  0.000180998  0.000151966  0.006938958  0.000000000  0.000000000
 27.096411719  0.007800506  0.000209010  0.000114093  0.000275571  0.000142186  0.000230379  0.000206165  0.000179784  0.006443318  0.000000000  0.000000000
 27.984818660  0.006616947  0.000305364  0.000128949  0.000264827  0.000170237  0.000289926  0.000259797  0.000241448  0.004956398  0.000000000  0.000000000
 28.873225602  0.008364453  0.000331029  0.000175535  0.000198409  0.000194383  0.000262771  0.000383167  0.000375841  0.006443318  0.000000000  0.000000000
 29.761632543  0.007357777  0.000264816  0.000173877  0.000162729  0.000148975  0.000299566  0.000293618  0.000396945  0.005617251  0.000000000  0.000000000
 30.650039485  0.006984203  0.000207344  0.000151068  0.000238582  0.000157628  0.000341790  0.000292890  0.000308075  0.005286825  0.000000000  0.000000000
 31.538446426  0.007411319  0.000140440  0.000165687  0.000256839  0.000206567  0.000361057  0.000405060  0.000258417  0.005617251  0.000000000  0.000000000
 32.426853368  0.006804431  0.000149772  0.000199690  0.000213789  0.000247017  0.000362815  0.000393496  0.000281453  0.004956398  0.000000000  0.000000000
 33.315260310  0.007866290  0.000206440  0.000172921  0.000180315  0.000406205  0.000404942  0.000359085  0.000353917  0.005782465  0.000000000  0.000000000
 34.203667251  0.006513430  0.000218103  0.000248795  0.000183683  0.000340970  0.000426241  0.000384468  0.000415625  0.004295545  0.000000000  0.000000000
 35.092074193  0.007882209  0.000173686  0.000237030  0.000194793  0.000195267  0.000356617  0.000369450  0.000407687  0.005947678  0.000000000  0.000000000
 35.980481134  0.007517089  0.000146561  0.000188194  0.000188977  0.000092364  0.000330187  0.000374967  0.000413374  0.005782465  0.000000000  0.000000000
 36.868888076  0.006294825  0.000126209  0.000144361  0.000175017  0.000076464  0.000439686  0.000407122  0.000465208  0.004460759  0.000000000  0.000000000
 37.757295018  0.009401209  0.000141606  0.000204933  0.000178948  0.000089938  0.000555364  0.000524772  0.000436264  0.007269384  0.000000000  0.000000000
 38.645701959  0.008618675  0.000111609  0.000306635  0.000168850  0.000130325  0.000550484  0.000473018  0.000434436  0.006443318  0.000000000  0.000000000
 39.534108901  0.005441564  0.000176887  0.000204648  0.000204437  0.000159811  0.000532165  0.000389099  0.000470253  0.003304266  0.000000000  0.000000000
 40.422515842  0.007618055  0.000203297  0.000118481  0.000226313  0.000155026  0.000465304  0.000465952  0.000366430  0.005617251  0.000000000  0.000000000
 41.310922784  0.008313130  0.000220863  0.000150715  0.000231732  0.000096339  0.000384396  0.000548534  0.000402446  0.006278105  0.000000000  0.000000000
 42.199329726  0.007868463  0.000190653  0.000211247  0.000214896  0.000092581  0.000415176  0.000528088  0.000433357  0.005782465  0.000000000  0.000000000
 43.087736667  0.005900344  0.000112306  0.000181821  0.000195306  0.000120532  0.000472581  0.000403472  0.000449208  0.003965119  0.000000000  0.000000000
 43.976143609  0.006748787  0.000131165  0.000155758  0.000139401  0.000168207  0.000453430  0.000343782  0.000400647  0.004956398  0.000000000  0.000000000
 44.864550550  0.005828418  0.000090641  0.000152795  0.000107442  0.000206922  0.000423172  0.000343259  0.000373855  0.004130332  0.000000000  0.000000000
 45.752957492  0.008150463  0.000071391  0.000121863  0.000109955  0.000176298  0.000417257  0.000388388  0.000421992  0.006443318  0.000000000  0.000000000
 46.641364434  0.008076844  0.000104378  0.000085471  0.000092206  0.000182958  0.000413479  0.000464225  0.000456023  0.006278105  0.000000000  0.000000000
 47.529771375  0.005598728  0.000112123  0.000053077  0.000084728  0.000107467  0.000401737  0.000458663  0.000415815  0.003965119  0.000000000  0.000000000
 48.418178317  0.008847678  0.000096639  0.000089891  0.000075126  0.000069189  0.000429253  0.000431787  0.000386409  0.007269384  0.000000000  0.000000000
 49.306585258  0.007204942  0.000097143  0.000123118  0.000083309  0.000057824  0.000446027  0.000450893  0.000494590  0.005452038  0.000000000  0.000000000
 50.194992200  0.006447816  0.000081714  0.000106845  0.000101039  0.000065147  0.000504321  0.000539505  0.000753699  0.004295545  0.000000000  0.000000000
 51.083399141  0.009149327  0.000095762  0.000095739  0.000088406  0.000082813  0.000481127  0.000606177  0.000595133  0.007104171  0.000000000  0.000000000
 51.971806083  0.007382737  0.000099920  0.000084954  0.000079295  0.000110459  0.000440608  0.000612829  0.000502635  0.005452038  0.000000000  0.000000000
 52.860213025  0.008364078  0.000099458  0.000074166  0.000074985  0.000134681  0.000624490  0.000439641  0.000473340  0.006443318  0.000000000  0.000000000
 53.748619966  0.007258523  0.000076821  0.000068443  0.000066424  0.000096118  0.000441544  0.000405070  0.000486852  0.005617251  0.000000000  0.000000000
 54.637026908  0.011328647  0.000037217  0.000066376  0.000059023  0.000084268  0.000417989  0.000419480  0.000496710  0.009747583  0.000000000  0.000000000
 55.525433849  0.008892132  0.000039071  0.000049330  0.000058909  0.000082419  0.000429391  0.000474315  0.000489313  0.007269384  0.000000000  0.000000000
 56.413840791  0.010558749  0.000082710  0.000059313  0.000061098  0.000082767  0.000470702  0.000467703  0.000412939  0.008921517  0.000000000  0.000000000
 57.302247733  0.010607836  0.000285996  0.000078948  0.000062212  0.000068098  0.000515772  0.000456049  0.000384457  0.008756304  0.000000000  0.000000000
 58.190654674  0.009420521  0.000120089  0.000069702  0.000056389  0.000052286  0.000550387  0.000499581  0.000472277  0.007599811  0.000000000  0.000000000
 59.079061616  0.009603070  0.000101526  0.000059193  0.000059462  0.000043754  0.000592666  0.000543860  0.000602797  0.007599811  0.000000000  0.000000000
 59.967468557  0.008171676  0.000082519  0.000049024  0.000066358  0.000044955  0.000558059  0.000611130  0.000646738  0.006112891  0.000000000  0.000000000
 60.855875499  0.008739496  0.000074800  0.000046903  0.000066985  0.000050687  0.000563653  0.000677430  0.000650508  0.006608531  0.000000000  0.000000000
 61.744282441  0.008587377  0.000068617  0.000058006  0.000065867  0.000057154  0.000611346  0.000705912  0.000742370  0.006278105  0.000000000  0.000000000
 62.632689382  0.009145840  0.000055450  0.000064104  0.000070925  0.000055614  0.000659419  0.000688968  0.000777615  0.006773744  0.000000000  0.000000000
 63.521096324  0.011116067  0.000039578  0.000068950  0.000073680  0.000058549  0.000638076  0.000656884  0.000658833  0.008921517  0.000000000  0.000000000
 64.409503265  0.006865155  0.000034676  0.000076057  0.000079298  0.000053409  0.000583118  0.000578637  0.000503562  0.004956398  0.000000000  0.000000000
 65.297910207  0.008715516  0.000033863  0.000077372  0.000084713  0.000039916  0.000546887  0.000506233  0.000487574  0.006938958  0.000000000  0.000000000
 66.186317149  0.007680294  0.000036672  0.000078872  0.000082997  0.000044756  0.000548305  0.000475889  0.000465125  0.005947678  0.000000000  0.000000000
 67.074724090  0.009317604  0.000036647  0.000061123  0.000071081  0.000043743  0.000606072  0.000540073  0.000524267  0.007434598  0.000000000  0.000000000
 67.963131032  0.010629379  0.000036119  0.000051296  0.000053113  0.000044562  0.000706978  0.000584604  0.000561616  0.008591090  0.000000000  0.000000000
 68.851537973  0.007814805  0.000046105  0.000051386  0.000040366  0.000052867  0.000742795  0.000688461  0.000575574  0.005617251  0.000000000  0.000000000
 69.739944915  0.008902330  0.000062054  0.000038225  0.000038875  0.000053452  0.000674018  0.000756167  0.000671008  0.006608531  0.000000000  0.000000000
 70.628351856  0.007988544  0.000064888  0.000027655  0.000197440  0.000048838  0.000651710  0.000715735  0.000830241  0.005452038  0.000000000  0.000000000
 71.516758798  0.011545981  0.000054845  0.000025242  0.000026751  0.000046574  0.000641129  0.000692071  0.000807424  0.009251944  0.000000000  0.000000000
 72.405165740  0.005906039  0.000053998  0.000024193  0.000021687  0.000040560  0.000637856  0.000724322  0.000768732  0.003634692  0.000000000  0.000000000
 73.293572681  0.009004158  0.000055195  0.000023433  0.000020486  0.000035631  0.000683250  0.000722055  0.000690364  0.006773744  0.000000000  0.000000000
 74.181979623  0.009476847  0.000050534  0.000189975  0.000025575  0.000032766  0.000697666  0.000738434  0.000637726  0.007104171  0.000000000  0.000000000
 75.070386564  0.010083068  0.000042030  0.000030257  0.000026386  0.000034488  0.000687630  0.000617335  0.000714705  0.007930237  0.000000000  0.000000000
 75.958793506  0.009411281  0.000031533  0.000032050  0.000029438  0.000038231  0.000665561  0.000575753  0.000604116  0.007434598  0.000000000  0.000000000
 76.847200448  0.007841804  0.000018373  0.000041391  0.000026855  0.000041231  0.000634158  0.000601538  0.000530580  0.005947678  0.000000000  0.000000000
 77.735607389  0.008738221  0.000021263  0.000043338  0.000029899  0.000134287  0.000606481  0.000607286  0.000521923  0.006773744  0.000000000  0.000000000
 78.624014331  0.010052863  0.000027530  0.000044475  0.000037755  0.000112889  0.000578373  0.000581730  0.000574660  0.008095451  0.000000000  0.000000000
 79.512421272  0.009869669  0.000026008  0.000046928  0.000042841  0.000040626  0.000526615  0.000534313  0.000556889  0.008095451  0.000000000  0.000000000
 80.400828214  0.008636982  0.000022919  0.000044311  0.000049994  0.000043745  0.000505851  0.000502721  0.000528483  0.006938958  0.000000000  0.000000000
 81.289235156  0.009784981  0.000019323  0.000040732  0.000048163  0.000045618  0.000513977  0.000499083  0.000522634  0.008095451  0.000000000  0.000000000
 82.177642097  0.008352341  0.000030800  0.000044620  0.000044956  0.000043566  0.000537440  0.000501009  0.000541418  0.006608531  0.000000000  0.000000000
 83.066049039  0.009230524  0.000044076  0.000042773  0.000042313  0.000041181  0.000548554  0.000546313  0.000530717  0.007434598  0.000000000  0.000000000
 83.954455980  0.010379089  0.000048729  0.000031689  0.000043371  0.000039144  0.000557012  0.000557743  0.000510311  0.008591090  0.000000000  0.000000000
 84.842862922  0.010768885  0.000049462  0.000027130  0.000046420  0.000038504  0.000577256  0.000560842  0.000547755  0.008921517  0.000000000  0.000000000
 85.731269864  0.007848851  0.000056030  0.000035592  0.000053466  0.000039975  0.000636124  0.000603296  0.000641903  0.005782465  0.000000000  0.000000000
 86.619676805  0.002385283  0.000069015  0.000045600  0.000058783  0.000041226  0.000724180  0.000702024  0.000744455  0.000000000  0.000000000  0.000000000
 87.508083747  0.002712229  0.000073583  0.000051635  0.000075125  0.000050660  0.000810175  0.000810452  0.000840599  0.000000000  0.000000000  0.000000000
 88.396490688  0.003171546  0.000083110  0.000064910  0.000093391  0.000062556  0.000946830  0.000950935  0.000969815  0.000000000  0.000000000  0.000000000
 89.284897630  0.003973202  0.000098288  0.000075845  0.000126085  0.000088024  0.001259214  0.001138489  0.001187257  0.000000000  0.000000000  0.000000000
 90.173304572  0.005434602  0.000137826  0.000107605  0.000165886  0.000143624  0.001695366  0.001546381  0.001637914  0.000000000  0.000000000  0.000000000
 91.061711513  0.006533596  0.000189754  0.000155148  0.000172703  0.000194269  0.001828697  0.002002830  0.001990195  0.000000000  0.000000000  0.000000000
 91.950118455  0.005889328  0.000220005  0.000195048  0.000138947  0.000200762  0.001527251  0.001844454  0.001762860  0.000000000  0.000000000  0.000000000
 92.838525396  0.004671843  0.000200846  0.000184639  0.000115384  0.000168150  0.001250665  0.001463896  0.001288264  0.000000000  0.000000000  0.000000000
 93.726932338  0.003991635  0.000146147  0.000168793  0.000115442  0.000136552  0.001162827  0.001192519  0.001069353  0.000000000  0.000000000  0.000000000
 94.615339279  0.003815527  0.000122459  0.000161343  0.000124407  0.000124727  0.001196773  0.001028418  0.001057399  0.000000000  0.000000000  0.000000000
 95.503746221  0.004035814  0.000118291  0.000170172  0.000138785  0.000132321  0.001287990  0.001045609  0.001142646  0.000000000  0.000000000  0.000000000
 96.392153163  0.004465582  0.000125806  0.000183657  0.000151500  0.000150048  0.001358100  0.001204130  0.001292340  0.000000000  0.000000000  0.000000000
 97.280560104  0.004951191  0.000147940  0.000178084  0.000161270  0.000174734  0.001429033  0.001406598  0.001453532  0.000000000  0.000000000  0.000000000
 98.168967046  0.005129186  0.000182670  0.000170282  0.000158330  0.000190468  0.001385018  0.001527604  0.001514814  0.000000000  0.000000000  0.000000000
 99.057373987  0.004946970  0.000186494  0.000155744  0.000154016  0.000196063  0.001325179  0.001486329  0.001443145  0.000000000  0.000000000  0.000000000
 99.945780929  0.004640846  0.000163602  0.000145149  0.000160779  0.000170789  0.001279142  0.001380900  0.001340486  0.000000000  0.000000000  0.000000000
100.834187871  0.004475204  0.000149735  0.000147960  0.000154600  0.000148643  0.001301801  0.001294611  0.001277856  0.000000000  0.000000000  0.000000000
101.722594812  0.004434314  0.000146836  0.000143470  0.000149203  0.000141838  0.001348372  0.001252350  0.001252245  0.000000000  0.000000000  0.000000000
102.611001754  0.004456491  0.000144541  0.000142291  0.000142835  0.000137307  0.001367531  0.001252566  0.001269420  0.000000000  0.000000000  0.000000000
103.499408695  0.004630478  0.000155383  0.000133226  0.000148795  0.000132986  0.001386635  0.001339806  0.001333648  0.000000000  0.000000000  0.000000000
104.387815637  0.004776018  0.000165196  0.000133691  0.000155765  0.000132581  0.001380821  0.001397437  0.001410528  0.000000000  0.000000000  0.000000000
105.276222579  0.004839072  0.000156040  0.000141805  0.000151123  0.000146799  0.001365876  0.001431073  0.001446356  0.000000000  0.000000000  0.000000000
106.164629520  0.004834941  0.000148017  0.000149115  0.000140425  0.000153160  0.001370391  0.001430156  0.001443676  0.000000000  0.000000000  0.000000000
107.053036462  0.004752288  0.000139725  0.000150170  0.000141086  0.000149316  0.001355957  0.001408981  0.001407052  0.000000000  0.000000000  0.000000000
107.941443403  0.004650932  0.000126811  0.000156698  0.000137235  0.000145689  0.001339967  0.001372485  0.001372046  0.000000000  0.000000000  0.000000000
108.829850345  0.004611350  0.000126478  0.000149914  0.000135917  0.000132297  0.001366270  0.001335580  0.001364894  0.000000000  0.000000000  0.000000000
109.718257287  0.004631683  0.000140614  0.000138669  0.000135954  0.000134056  0.001392288  0.001334850  0.001355252  0.000000000  0.000000000  0.000000000
110.606664228  0.004658247  0.000149768  0.000123073  0.000141580  0.000137596  0.001384186  0.001365892  0.001356154  0.000000000  0.000000000  0.000000000
111.495071170  0.004713818  0.000158438  0.000133695  0.000146462  0.000135821  0.001378651  0.001386656  0.001374096  0.000000000  0.000000000  0.000000000
112.383478111  0.004760183  0.000155398  0.000138018  0.000147488  0.000140287  0.001386181  0.001399398  0.001393413  0.000000000  0.000000000  0.000000000
113.271885053  0.004807392  0.000158228  0.000141766  0.000147852  0.000148577  0.001399052  0.001412030  0.001399887  0.000000000  0.000000000  0.000000000
114.160291994  0.004755813  0.000142910  0.000140015  0.000147674  0.000143639  0.001387385  0.001399300  0.001394890  0.000000000  0.000000000  0.000000000
115.048698936  0.004735952  0.000137741  0.000157602  0.000147763  0.000137958  0.001376877  0.001391318  0.001386692  0.000000000  0.000000000  0.000000000
115.937105878  0.004675979  0.000135518  0.000148097  0.000150634  0.000141224  0.001360074  0.001377749  0.001362684  0.000000000  0.000000000  0.000000000
116.825512819  0.004634588  0.000133709  0.000140961  0.000155874  0.000143635  0.001354002  0.001347177  0.001359229  0.000000000  0.000000000  0.000000000
117.713919761  0.004598200  0.000134241  0.000144997  0.000153202  0.000147192  0.001340370  0.001320232  0.001357967  0.000000000  0.000000000  0.000000000
118.602326702  0.004653621  0.000149033  0.000146953  0.000157113  0.000143843  0.001362377  0.001334638  0.001359663  0.000000000  0.000000000  0.000000000
119.490733644  0.004699299  0.000162170  0.000152688  0.000155305  0.000149068  0.001348039  0.001355349  0.001376679  0.000000000  0.000000000  0.000000000
120.379140586  0.004738234  0.000162700  0.000159027  0.000158200  0.000151828  0.001357578  0.001383323  0.001365578  0.000000000  0.000000000  0.000000000
121.267547527  0.004727096  0.000167805  0.000155471  0.000153502  0.000143533  0.001371890  0.001379065  0.001355829  0.000000000  0.000000000  0.000000000
122.155954469  0.004684178  0.000158385  0.000148089  0.000147679  0.000137643  0.001375357  0.001373359  0.001343666  0.000000000  0.000000000  0.000000000
123.044361410  0.004693472  0.000160474  0.000146952  0.000143562  0.000137099  0.001384185  0.001360301  0.001360900  0.000000000  0.000000000  0.000000000
123.932768352  0.004713178  0.000136398  0.000142908  0.000147548  0.000140345  0.001381538  0.001368983  0.001395458  0.000000000  0.000000000  0.000000000
124.821175294  0.004712873  0.000133106  0.000145468  0.000135421  0.000130075  0.001383964  0.001373688  0.001411152  0.000000000  0.000000000  0.000000000
125.709582235  0.004720874  0.000125576  0.000136676  0.000123500  0.000126235  0.001379173  0.001414296  0.001415418  0.000000000  0.000000000  0.000000000
126.597989177  0.004759586  0.000121413  0.000123654  0.000124551  0.000125109  0.001412808  0.001424644  0.001427406  0.000000000  0.000000000  0.000000000
127.486396118  0.004844700  0.000126834  0.000116739  0.000122571  0.000121446  0.001454462  0.001451525  0.001451123  0.000000000  0.000000000  0.000000000
128.374803060  0.004889904  0.000123597  0.000113606  0.000118742  0.000122642  0.001476546  0.001466215  0.001468555  0.000000000  0.000000000  0.000000000
129.263210002  0.004887528  0.000111792  0.000112675  0.000121643  0.000114001  0.001475372  0.001474785  0.001477261  0.000000000  0.000000000  0.000000000
130.151616943  0.004886008  0.000108325  0.000116312  0.000123737  0.000105176  0.001481755  0.001483197  0.001467507  0.000000000  0.000000000  0.000000000
131.040023885  0.004877405  0.000101227  0.000117647  0.000118001  0.000099972  0.001500879  0.001491380  0.001448299  0.000000000  0.000000000  0.000000000
131.928430826  0.004906981  0.000099637  0.000102653  0.000114955  0.000097669  0.001517396  0.001499058  0.001475613  0.000000000  0.000000000  0.000000000
132.816837768  0.004936149  0.000092328  0.000105998  0.000110685  0.000097125  0.001529585  0.001502670  0.001497758  0.000000000  0.000000000  0.000000000
133.705244709  0.004955720  0.000084358  0.000114989  0.000112637  0.000088277  0.001523131  0.001508702  0.001523626  0.000000000  0.000000000  0.000000000
134.593651651  0.004960542  0.000086355  0.000108085  0.000108562  0.000092222  0.001528121  0.001528014  0.001509183  0.000000000  0.000000000  0.000000000
135.482058593  0.004976562  0.000087548  0.000097894  0.000102319  0.000098729  0.001533090  0.001543801  0.001513181  0.000000000  0.000000000  0.000000000
136.370465534  0.005025112  0.000083615  0.000093977  0.000099257  0.000100336  0.001560342  0.001544518  0.001543067  0.000000000  0.000000000  0.000000000
137.258872476  0.004997965  0.000081788  0.000097024  0.000089212  0.000102558  0.001558316  0.001536250  0.001532817  0.000000000  0.000000000  0.000000000
138.147279417  0.004970965  0.000083946  0.000089239  0.000083236  0.000106559  0.001551963  0.001536000  0.001520023  0.000000000  0.000000000  0.000000000
139.035686359  0.004993392  0.000080002  0.000078087  0.000073292  0.000105857  0.001559647  0.001556143  0.001540364  0.000000000  0.000000000  0.000000000
139.924093301  0.005020370  0.000076430  0.000073160  0.000068607  0.000101412  0.001573996  0.001570671  0.001556094  0.000000000  0.000000000  0.000000000
140.812500242  0.005022114  0.000075148  0.000071314  0.000064925  0.000094836  0.001560491  0.001576023  0.001579376  0.000000000  0.000000000  0.000000000
141.700907184  0.005030713  0.000081972  0.000074188  0.000063944  0.000095515  0.001559029  0.001588421  0.001567645  0.000000000  0.000000000  0.000000000
142.589314125  0.005028911  0.000084973  0.000069640  0.000067118  0.000098772  0.001566162  0.001581610  0.001560636  0.000000000  0.000000000  0.000000000
143.477721067  0.004985774  0.000088162  0.000076496  0.000072532  0.000094484  0.001556780  0.001546191  0.001551129  0.000000000  0.000000000  0.000000000
144.366128009  0.004969821  0.000080378  0.000079686  0.000076281  0.000081986  0.001550942  0.001534688  0.001565860  0.000000000  0.000000000  0.000000000
145.254534950  0.004968705  0.000081646  0.000088502  0.000084340  0.000079669  0.001542991  0.001528140  0.001563416  0.000000000  0.000000000  0.000000000
146.142941892  0.004944073  0.000092891  0.000087813  0.000087696  0.000080149  0.001522048  0.001529706  0.001543770  0.000000000  0.000000000  0.000000000
147.031348833  0.004949202  0.000099906  0.000088730  0.000093016  0.000083040  0.001525753  0.001532194  0.001526563  0.000000000  0.000000000  0.000000000
147.919755775  0.004959879  0.000095667  0.000092978  0.000097964  0.000085561  0.001522059  0.001542924  0.001522726  0.000000000  0.000000000  0.000000000
148.808162717  0.005056889  0.000099016  0.000095491  0.000104599  0.000090492  0.001558106  0.001562938  0.001546247  0.000000000  0.000000000  0.000000000
149.696569658  0.005033883  0.000089984  0.000092587  0.000103969  0.000094600  0.001563551  0.001551199  0.001537993  0.000000000  0.000000000  0.000000000
150.584976600  0.004992794  0.000088099  0.000091849  0.000102231  0.000095840  0.001547659  0.001552293  0.001514822  0.000000000  0.000000000  0.000000000
151.473383541  0.004905701  0.000083113  0.000093006  0.000105709  0.000101547  0.001521381  0.001508294  0.001492651  0.000000000  0.000000000  0.000000000
152.361790483  0.004858137  0.000083322  0.000099061  0.000104739  0.000104256  0.001503621  0.001468427  0.001494711  0.000000000  0.000000000  0.000000000
153.250197424  0.004857010  0.000089285  0.000112709  0.000100679  0.000112977  0.001497507  0.001470010  0.001473844  0.000000000  0.000000000  0.000000000
154.138604366  0.004893570  0.000100390  0.000121922  0.000103367  0.000108165  0.001512974  0.001469099  0.001477653  0.000000000  0.000000000  0.000000000
155.027011308  0.004934908  0.000100384  0.000127865  0.000111744  0.000110382  0.001517311  0.001494579  0.001472643  0.000000000  0.000000000  0.000000000
155.915418249  0.004989947  0.000104800  0.000127881  0.000109379  0.000109824  0.001514531  0.001533714  0.001489818  0.000000000  0.000000000  0.000000000
156.803825191  0.004992426  0.000107258  0.000121039  0.000107643  0.000111347  0.001513210  0.001536994  0.001494936  0.000000000  0.000000000  0.000000000
157.692232132  0.004970937  0.000096497  0.000113950  0.000109216  0.000111184  0.001524069  0.001518242  0.001497780  0.000000000  0.000000000  0.000000000
158.580639074  0.004895366  0.000087009  0.000105868  0.000108577  0.000110437  0.001517907  0.001485504  0.001480063  0.000000000  0.000000000  0.000000000
159.469046016  0.004846096  0.000080802  0.000097256  0.000107794  0.000102924  0.001520512  0.001470050  0.001466759  0.000000000  0.000000000  0.000000000
160.357452957  0.004870044  0.000081466  0.000099676  0.000102745  0.000100906  0.001516187  0.001488252  0.001480813  0.000000000  0.000000000  0.000000000
161.245859899  0.004924707  0.000088930  0.000098263  0.000097258  0.000101103  0.001519792  0.001520075  0.001499286  0.000000000  0.000000000  0.000000000
162.134266840  0.004992118  0.000097184  0.000094027  0.000093358  0.000097235  0.001535714  0.001540931  0.001533669  0.000000000  0.000000000  0.000000000
163.022673782  0.005021839  0.000098747  0.000085478  0.000093680  0.000097806  0.001544346  0.001549995  0.001551786  0.000000000  0.000000000  0.000000000
163.911080724  0.005014649  0.000100252  0.000080701  0.000090526  0.000092335  0.001518208  0.001563136  0.001569492  0.000000000  0.000000000  0.000000000
164.799487665  0.004963297  0.000104552  0.000085713  0.000091137  0.000088500  0.001506597  0.001528944  0.001557854  0.000000000  0.000000000  0.000000000
165.687894607  0.004913715  0.000106635  0.000087487  0.000085071  0.000080118  0.001494842  0.001520994  0.001538567  0.000000000  0.000000000  0.000000000
166.576301548  0.004883083  0.000108743  0.000087131  0.000084304  0.000077507  0.001493469  0.001491889  0.001540040  0.000000000  0.000000000  0.000000000
167.464708490  0.004950296  0.000111063  0.000090781  0.000083080  0.000082674  0.001507541  0.001520508  0.001554650  0.000000000  0.000000000  0.000000000
168.353115432  0.004929416  0.000105544  0.000087831  0.000084755  0.000083986  0.001504622  0.001509706  0.001552972  0.000000000  0.000000000  0.000000000
169.241522373  0.004969923  0.000104157  0.000089917  0.000082768  0.000084268  0.001520208  0.001534799  0.001553806  0.000000000  0.000000000  0.000000000
170.129929315  0.004987362  0.000104150  0.000080965  0.000078634  0.000083810  0.001530449  0.001555438  0.001553915  0.000000000  0.000000000  0.000000000
171.018336256  0.004991394  0.000107348  0.000076506  0.000075807  0.000083524  0.001516421  0.001564171  0.001567617  0.000000000  0.000000000  0.000000000
171.906743198  0.004992685  0.000108261  0.000073192  0.000078057  0.000082671  0.001514866  0.001553036  0.001582602  0.000000000  0.000000000  0.000000000
172.795150139  0.004975281  0.000107050  0.000079330  0.000085035  0.000081159  0.001504202  0.001539190  0.001579314  0.000000000  0.000000000  0.000000000
173.683557081  0.004974720  0.000106084  0.000079118  0.000088682  0.000075818  0.001515734  0.001525396  0.001583888  0.000000000  0.000000000  0.000000000
174.571964023  0.004952077  0.000102621  0.000080750  0.000087758  0.000071943  0.001515023  0.001526690  0.001567293  0.000000000  0.000000000  0.000000000
175.460370964  0.004955362  0.000100951  0.000082399  0.000090543  0.000071724  0.001504839  0.001542358  0.001562547  0.000000000  0.000000000  0.000000000
176.348777906  0.004995870  0.000092432  0.000082040  0.000089605  0.000072505  0.001525179  0.001571220  0.001562890  0.000000000  0.000000000  0.000000000
177.237184847  0.004976543  0.000090960  0.000079056  0.000090619  0.000081189  0.001538452  0.001541634  0.001554631  0.000000000  0.000000000  0.000000000
178.125591789  0.004962835  0.000105681  0.000078025  0.000079729  0.000091449  0.001528804  0.001520751  0.001558396  0.000000000  0.000000000  0.000000000
179.013998731  0.004926422  0.000108265  0.000084205  0.000076907  0.000099468  0.001511724  0.001520750  0.001525103  0.000000000  0.000000000  0.000000000
179.902405672  0.004886865  0.000106132  0.000086511  0.000082099  0.000104518  0.001493705  0.001503946  0.001509955  0.000000000  0.000000000  0.000000000
180.790812614  0.004893659  0.000101073  0.000095021  0.000089405  0.000105111  0.001498510  0.001490648  0.001513891  0.000000000  0.000000000  0.000000000
181.679219555  0.004921496  0.000100084  0.000113618  0.000085770  0.000109604  0.001497869  0.001502434  0.001512116  0.000000000  0.000000000  0.000000000
182.567626497  0.004933870  0.000101331  0.000109129  0.000091632  0.000108937  0.001510597  0.001518522  0.001493721  0.000000000  0.000000000  0.000000000
183.456033439  0.004936821  0.000101790  0.000112793  0.000098114  0.000111116  0.001504184  0.001506858  0.001501965  0.000000000  0.000000000  0.000000000
184.344440380  0.004906488  0.000100780  0.000117818  0.000101018  0.000111610  0.001497027  0.001488986  0.001489249  0.000000000  0.000000000  0.000000000
185.232847322  0.004873911  0.000099712  0.000108841  0.000111710  0.000113620  0.001484065  0.001482101  0.001473862  0.000000000  0.000000000  0.000000000
186.121254263  0.004841742  0.000101816  0.000107251  0.000119863  0.000110605  0.001474770  0.001467266  0.001460172  0.000000000  0.000000000  0.000000000
187.009661205  0.004881547  0.000096019  0.000107238  0.000124708  0.000106541  0.001501791  0.001476686  0.001468564  0.000000000  0.000000000  0.000000000
187.898068147  0.004907875  0.000091795  0.000113252  0.000122320  0.000104699  0.001508840  0.001480880  0.001486089  0.000000000  0.000000000  0.000000000
188.786475088  0.004914182  0.000092493  0.000108221  0.000114613  0.000106642  0.001524149  0.001492297  0.001475767  0.000000000  0.000000000  0.000000000
189.674882030  0.004895473  0.000097764  0.000108362  0.000106280  0.000112417  0.001498091  0.001500651  0.001471907  0.000000000  0.000000000  0.000000000
190.563288971  0.004925273  0.000100795  0.000107188  0.000107304  0.000115640  0.001508099  0.001511526  0.001474721  0.000000000  0.000000000  0.000000000
191.451695913  0.004937052  0.000105565  0.000108340  0.000102937  0.000109325  0.001525991  0.001510462  0.001474431  0.000000000  0.000000000  0.000000000
192.340102854  0.004922917  0.000101111  0.000108129  0.000100515  0.000108099  0.001502354  0.001509894  0.001492816  0.000000000  0.000000000  0.000000000
193.228509796  0.004927649  0.000107309  0.000107607  0.000097017  0.000108116  0.001497123  0.001499622  0.001510855  0.000000000  0.000000000  0.000000000
194.116916738  0.004926943  0.000101951  0.000101515  0.000096559  0.000102755  0.001508084  0.001497489  0.001518589  0.000000000  0.000000000  0.000000000
195.005323679  0.004916456  0.000098341  0.000102737  0.000094749  0.000097835  0.001512198  0.001490097  0.001520498  0.000000000  0.000000000  0.000000000
195.893730621  0.004926259  0.000093981  0.000095324  0.000097850  0.000095917  0.001524685  0.001503365  0.001515137  0.000000000  0.000000000  0.000000000
196.782137562  0.004928529  0.000081527  0.000088582  0.000099568  0.000088795  0.001525222  0.001528451  0.001516384  0.000000000  0.000000000  0.000000000
197.670544504  0.004989830  0.000076220  0.000090006  0.000096781  0.000084174  0.001560830  0.001563773  0.001518048  0.000000000  0.000000000  0.000000000
198.558951446  0.005046918  0.000075171  0.000091498  0.000090890  0.000084917  0.001577105  0.001575406  0.001551930  0.000000000  0.000000000  0.000000000
199.447358387  0.005067901  0.000081858  0.000080702  0.000093095  0.000079605  0.001566632  0.001578315  0.001587693  0.000000000  0.000000000  0.000000000
200.335765329  0.005069526  0.000085101  0.000081180  0.000090293  0.000073447  0.001577297  0.001574412  0.001587795  0.000000000  0.000000000  0.000000000
201.224172270  0.005011954  0.000090986  0.000083639  0.000091230  0.000068783  0.001551933  0.001556908  0.001568475  0.000000000  0.000000000  0.000000000
202.112579212  0.004969008  0.000088319  0.000086350  0.000088451  0.000072711  0.001545065  0.001546852  0.001541261  0.000000000  0.000000000  0.000000000
203.000986154  0.004993665  0.000083432  0.000083110  0.000083670  0.000079934  0.001554018  0.001557341  0.001552160  0.000000000  0.000000000  0.000000000
203.889393095  0.005004251  0.000079319  0.000079372  0.000077372  0.000081361  0.001572849  0.001558595  0.001555383  0.000000000  0.000000000  0.000000000
204.777800037  0.005053968  0.000080557  0.000081538  0.000079188  0.000076947  0.001588695  0.001564881  0.001582161  0.000000000  0.000000000  0.000000000
205.666206978  0.005057965  0.000078621  0.000078650  0.000083608  0.000079418  0.001572131  0.001585531  0.001580007  0.000000000  0.000000000  0.000000000
206.554613920  0.005065028  0.000081754  0.000072961  0.000084740  0.000080458  0.001564447  0.001601530  0.001579138  0.000000000  0.000000000  0.000000000
207.443020862  0.005070665  0.000078304  0.000067472  0.000080155  0.000078704  0.001580108  0.001592097  0.001593826  0.000000000  0.000000000  0.000000000
208.331427803  0.005019722  0.000076136  0.000068824  0.000076374  0.000075240  0.001568628  0.001566621  0.001587900  0.000000000  0.000000000  0.000000000
209.219834745  0.005024113  0.000073387  0.000074586  0.000078439  0.000072812  0.001584287  0.001574244  0.001566358  0.000000000  0.000000000  0.000000000
210.108241686  0.005051030  0.000075563  0.000082447  0.000074869  0.000073161  0.001598602  0.001582682  0.001563707  0.000000000  0.000000000  0.000000000
210.996648628  0.005083698  0.000070562  0.000090171  0.000079904  0.000074349  0.001621187  0.001584185  0.001563340  0.000000000  0.000000000  0.000000000
211.885055569  0.005096034  0.000068803  0.000087392  0.000079334  0.000073169  0.001620383  0.001596663  0.001570290  0.000000000  0.000000000  0.000000000
212.773462511  0.005061495  0.000062045  0.000086261  0.000085064  0.000075328  0.001585344  0.001596801  0.001570652  0.000000000  0.000000000  0.000000000
213.661869453  0.005062629  0.000059609  0.000081425  0.000090788  0.000080675  0.001588297  0.001590362  0.001571473  0.000000000  0.000000000  0.000000000
214.550276394  0.005070580  0.000066047  0.000080294  0.000087311  0.000083338  0.001571510  0.001587343  0.001594736  0.000000000  0.000000000  0.000000000
215.438683336  0.005043882  0.000073987  0.000077537  0.000086417  0.000081325  0.001573608  0.001559305  0.001591704  0.000000000  0.000000000  0.000000000
216.327090277  0.005011042  0.000077628  0.000073756  0.000085102  0.000084835  0.001568117  0.001547318  0.001574285  0.000000000  0.000000000  0.000000000
217.215497219  0.004944669  0.000078345  0.000083211  0.000075787  0.000092477  0.001540151  0.001537740  0.001536957  0.000000000  0.000000000  0.000000000
218.103904161  0.004989421  0.000087747  0.000084730  0.000073844  0.000094095  0.001554584  0.001561600  0.001532821  0.000000000  0.000000000  0.000000000
218.992311102  0.005011359  0.000096107  0.000085738  0.000070662  0.000094203  0.001566450  0.001561343  0.001536855  0.000000000  0.000000000  0.000000000
219.880718044  0.005011470  0.000104327  0.000082088  0.000066151  0.000090850  0.001554038  0.001553111  0.001560905  0.000000000  0.000000000  0.000000000
220.769124985  0.005049326  0.000102160  0.000080900  0.000075688  0.000090976  0.001541509  0.001567156  0.001590936  0.000000000  0.000000000  0.000000000
221.657531927  0.004970205  0.000093843  0.000076978  0.000075293  0.000092639  0.001523184  0.001547181  0.001561087  0.000000000  0.000000000  0.000000000
222.545938869  0.004926389  0.000089607  0.000081325  0.000076285  0.000090104  0.001517184  0.001530851  0.001541032  0.000000000  0.000000000  0.000000000
223.434345810  0.004920964  0.000094111  0.000085869  0.000079335  0.000089664  0.001516304  0.001521622  0.001534059  0.000000000  0.000000000  0.000000000
224.322752752  0.004946278  0.000096029  0.000085424  0.000085639  0.000090505  0.001523795  0.001525127  0.001539758  0.000000000  0.000000000  0.000000000
225.211159693  0.004970101  0.000094346  0.000088140  0.000095774  0.000091259  0.001543094  0.001527040  0.001530448  0.000000000  0.000000000  0.000000000
226.099566635  0.004962564  0.000092417  0.000098421  0.000095276  0.000093251  0.001536244  0.001530765  0.001516191  0.000000000  0.000000000  0.000000000
226.987973577  0.004963321  0.000096117  0.000101296  0.000099333  0.000092333  0.001522756  0.001532405  0.001519081  0.000000000  0.000000000  0.000000000
227.876380518  0.004962196  0.000092909  0.000113873  0.000105444  0.000095898  0.001513875  0.001526871  0.001513325  0.000000000  0.000000000  0.000000000
228.764787460  0.004949847  0.000095138  0.000111950  0.000108295  0.000103828  0.001512806  0.001503898  0.001513931  0.000000000  0.000000000  0.000000000
229.653194401  0.004923638  0.000099035  0.000102601  0.000108747  0.000101977  0.001516364  0.001498325  0.001496588  0.000000000  0.000000000  0.000000000
230.541601343  0.004902218  0.000096839  0.000103559  0.000113885  0.000099433  0.001504050  0.001484356  0.001500096  0.000000000  0.000000000  0.000000000
231.430008285  0.004931027  0.000103305  0.000104822  0.000106251  0.000097027  0.001506283  0.001502372  0.001510969  0.000000000  0.000000000  0.000000000
232.318415226  0.004935659  0.000092504  0.000103475  0.000105407  0.000095139  0.001521518  0.001519206  0.001498410  0.000000000  0.000000000  0.000000000
233.206822168  0.004960719  0.000090332  0.000102275  0.000105522  0.000101431  0.001540660  0.001522924  0.001497574  0.000000000  0.000000000  0.000000000
234.095229109  0.004963725  0.000092878  0.000095639  0.000103816  0.000098199  0.001530209  0.001525655  0.001517329  0.000000000  0.000000000  0.000000000
234.983636051  0.004941367  0.000094104  0.000090601  0.000098194  0.000092821  0.001508531  0.001529904  0.001527211  0.000000000  0.000000000  0.000000000
235.872042992  0.004959408  0.000098265  0.000091250  0.000097089  0.000091024  0.001516972  0.001529066  0.001535742  0.000000000  0.000000000  0.000000000
236.760449934  0.004952428  0.000097284  0.000092880  0.000091736  0.000084660  0.001518965  0.001523488  0.001543414  0.000000000  0.000000000  0.000000000
237.648856876  0.004970577  0.000101974  0.000087289  0.000087470  0.000089345  0.001541930  0.001522374  0.001540194  0.000000000  0.000000000  0.000000000
238.537263817  0.005012983  0.000097560  0.000093102  0.000088493  0.000091855  0.001539074  0.001550346  0.001552554  0.000000000  0.000000000  0.000000000
239.425670759  0.005016545  0.000100524  0.000092666  0.000083736  0.000085644  0.001541230  0.001561693  0.001551052  0.000000000  0.000000000  0.000000000
240.314077700  0.004954052  0.000092149  0.000085598  0.000077994  0.000079609  0.001528376  0.001551520  0.001538806  0.000000000  0.000000000  0.000000000
241.202484642  0.004978413  0.000086133  0.000078166  0.000075779  0.000074470  0.001545745  0.001545541  0.001572579  0.000000000  0.000000000  0.000000000
242.090891584  0.004972696  0.000081296  0.000076357  0.000074811  0.000076957  0.001555448  0.001537284  0.001570543  0.000000000  0.000000000  0.000000000
242.979298525  0.004988719  0.000087361  0.000075516  0.000071406  0.000083015  0.001545130  0.001542322  0.001583969  0.000000000  0.000000000  0.000000000
243.867705467  0.005017484  0.000088011  0.000070637  0.000069029  0.000076922  0.001542902  0.001570207  0.001599775  0.000000000  0.000000000  0.000000000
244.756112408  0.005029984  0.000082330  0.000068279  0.000069293  0.000076024  0.001560713  0.001588155  0.001585190  0.000000000  0.000000000  0.000000000
245.644519350  0.005066126  0.000084124  0.000075156  0.000074698  0.000080981  0.001565460  0.001594560  0.001591147  0.000000000  0.000000000  0.000000000
246.532926292  0.005050396  0.000079188  0.000067348  0.000073861  0.000084946  0.001571735  0.001575573  0.001597743  0.000000000  0.000000000  0.000000000
247.421333233  0.005054740  0.000081544  0.000069120  0.000070435  0.000081408  0.001571006  0.001590895  0.001590332  0.000000000  0.000000000  0.000000000
248.309740175  0.005049310  0.000086876  0.000073469  0.000071769  0.000076337  0.001577604  0.001586127  0.001577127  0.000000000  0.000000000  0.000000000
249.198147116  0.005015153  0.000085278  0.000071182  0.000078159  0.000076381  0.001571754  0.001574685  0.001557714  0.000000000  0.000000000  0.000000000
250.086554058  0.004980036  0.000088784  0.000076047  0.000082962  0.000080986  0.001547179  0.001555750  0.001548329  0.000000000  0.000000000  0.000000000
250.974961000  0.004982562  0.000090647  0.000078848  0.000083871  0.000087605  0.001550223  0.001547205  0.001544163  0.000000000  0.000000000  0.000000000
251.863367941  0.004959724  0.000090082  0.000090505  0.000090504  0.000092976  0.001523553  0.001534993  0.001537111  0.000000000  0.000000000  0.000000000
252.751774883  0.004933947  0.000088057  0.000098720  0.000093434  0.000098528  0.001519183  0.001509842  0.001526183  0.000000000  0.000000000  0.000000000
253.640181824  0.004918870  0.000091279  0.000105628  0.000101070  0.000105769  0.001513305  0.001500100  0.001501718  0.000000000  0.000000000  0.000000000
254.528588766  0.004943479  0.000098073  0.000122312  0.000103834  0.000109209  0.001517159  0.001517463  0.001475428  0.000000000  0.000000000  0.000000000
255.416995707  0.004881215  0.000093013  0.000124722  0.000115912  0.000115941  0.001508229  0.001474873  0.001448526  0.000000000  0.000000000  0.000000000
256.305402649  0.004859808  0.000097830  0.000123500  0.000122760  0.000126221  0.001492570  0.001457956  0.001438971  0.000000000  0.000000000  0.000000000
257.193809591  0.004821624  0.000098988  0.000123118  0.000125110  0.000132544  0.001481297  0.001427447  0.001433119  0.000000000  0.000000000  0.000000000
258.082216532  0.004811146  0.000102730  0.000128310  0.000130080  0.000130189  0.001466940  0.001440563  0.001412333  0.000000000  0.000000000  0.000000000
258.970623474  0.004824275  0.000104425  0.000133036  0.000134006  0.000133132  0.001458554  0.001439320  0.001421803  0.000000000  0.000000000  0.000000000
259.859030415  0.004863678  0.000108238  0.000130051  0.000133242  0.000119802  0.001458872  0.001462644  0.001450829  0.000000000  0.000000000  0.000000000
260.747437357  0.004893667  0.000118843  0.000126198  0.000130331  0.000112722  0.001469472  0.001472454  0.001463647  0.000000000  0.000000000  0.000000000
261.635844299  0.004847934  0.000117458  0.000121961  0.000124208  0.000114041  0.001467438  0.001460752  0.001442076  0.000000000  0.000000000  0.000000000
262.524251240  0.004824874  0.000118354  0.000112651  0.000123998  0.000113238  0.001474059  0.001453693  0.001428882  0.000000000  0.000000000  0.000000000
263.412658182  0.004829452  0.000118800  0.000111326  0.000124450  0.000119145  0.001453383  0.001466061  0.001436289  0.000000000  0.000000000  0.000000000
264.301065123  0.004845299  0.000115466  0.000111269  0.000123948  0.000122531  0.001474631  0.001461019  0.001436435  0.000000000  0.000000000  0.000000000
265.189472065  0.004832289  0.000111340  0.000121017  0.000126279  0.000115384  0.001474517  0.001447723  0.001436029  0.000000000  0.000000000  0.000000000
266.077879007  0.004818375  0.000112265  0.000126578  0.000121980  0.000106976  0.001463569  0.001442151  0.001444855  0.000000000  0.000000000  0.000000000
266.966285948  0.004877371  0.000110094  0.000135350  0.000118950  0.000106478  0.001485696  0.001449421  0.001471382  0.000000000  0.000000000  0.000000000
267.854692890  0.004899284  0.000106717  0.000124742  0.000119671  0.000109577  0.001476833  0.001489323  0.001472420  0.000000000  0.000000000  0.000000000
268.743099831  0.004885316  0.000104820  0.000113797  0.000117700  0.000117597  0.001472936  0.001496911  0.001461554  0.000000000  0.000000000  0.000000000
269.631506773  0.004897288  0.000097989  0.000119206  0.000121441  0.000116014  0.001478598  0.001484141  0.001479899  0.000000000  0.000000000  0.000000000
270.519913715  0.004871018  0.000096950  0.000109957  0.000118435  0.000115162  0.001472695  0.001471425  0.001486393  0.000000000  0.000000000  0.000000000
271.408320656  0.004829757  0.000107082  0.000102400  0.000111728  0.000117040  0.001445147  0.001452497  0.001493862  0.000000000  0.000000000  0.000000000
272.296727598  0.004782378  0.000116177  0.000098322  0.000105321  0.000110977  0.001437845  0.001443170  0.001470565  0.000000000  0.000000000  0.000000000
273.185134539  0.004783399  0.000125720  0.000100617  0.000097957  0.000113354  0.001448466  0.001447686  0.001449599  0.000000000  0.000000000  0.000000000
274.073541481  0.004833867  0.000131825  0.000109425  0.000097053  0.000117495  0.001457624  0.001466280  0.001454165  0.000000000  0.000000000  0.000000000
274.961948422  0.004858262  0.000144300  0.000107505  0.000096162  0.000120024  0.001468507  0.001459762  0.001462003  0.000000000  0.000000000  0.000000000
275.850355364  0.004855276  0.000144518  0.000111616  0.000100301  0.000118968  0.001441708  0.001478526  0.001459639  0.000000000  0.000000000  0.000000000
276.738762306  0.004834717  0.000137488  0.000119718  0.000107615  0.000118843  0.001411218  0.001475800  0.001464035  0.000000000  0.000000000  0.000000000
277.627169247  0.004775770  0.000130990  0.000129900  0.000119115  0.000126789  0.001404620  0.001418003  0.001446353  0.000000000  0.000000000  0.000000000
278.515576189  0.004744883  0.000136112  0.000124072  0.000130292  0.000137470  0.001398237  0.001387989  0.001430712  0.000000000  0.000000000  0.000000000
279.403983130  0.004700759  0.000136089  0.000120949  0.000129581  0.000132917  0.001389466  0.001375292  0.001416466  0.000000000  0.000000000  0.000000000
280.292390072  0.004702240  0.000120797  0.000131546  0.000126087  0.000121314  0.001390507  0.001390285  0.001421704  0.000000000  0.000000000  0.000000000
281.180797014  0.004727872  0.000121368  0.000133613  0.000122054  0.000131197  0.001403566  0.001393426  0.001422648  0.000000000  0.000000000  0.000000000
282.069203955  0.004778432  0.000128278  0.000141208  0.000122286  0.000135634  0.001429959  0.001409224  0.001411842  0.000000000  0.000000000  0.000000000
282.957610897  0.004825248  0.000132992  0.000136064  0.000119007  0.000146225  0.001446585  0.001435908  0.001408467  0.000000000  0.000000000  0.000000000
283.846017838  0.004852046  0.000125054  0.000133150  0.000124250  0.000142847  0.001446486  0.001456207  0.001424052  0.000000000  0.000000000  0.000000000
284.734424780  0.004825497  0.000115532  0.000125595  0.000123677  0.000141284  0.001449567  0.001459141  0.001410702  0.000000000  0.000000000  0.000000000
285.622831722  0.004810156  0.000121246  0.000122165  0.000122090  0.000128439  0.001454261  0.001443002  0.001418951  0.000000000  0.000000000  0.000000000
286.511238663  0.004767598  0.000119526  0.000122750  0.000124535  0.000127263  0.001411867  0.001423876  0.001437782  0.000000000  0.000000000  0.000000000
287.399645605  0.004767061  0.000118672  0.000121692  0.000126791  0.000122899  0.001417220  0.001425653  0.001434134  0.000000000  0.000000000  0.000000000
288.288052546  0.004792988  0.000123311  0.000121647  0.000126575  0.000113963  0.001419183  0.001428261  0.001460048  0.000000000  0.000000000  0.000000000
289.176459488  0.004795276  0.000133354  0.000119631  0.000120982  0.000111064  0.001414644  0.001427576  0.001468026  0.000000000  0.000000000  0.000000000
290.064866430  0.004784638  0.000133449  0.000115860  0.000119393  0.000110938  0.001414508  0.001419966  0.001470524  0.000000000  0.000000000  0.000000000
290.953273371  0.004850773  0.000141000  0.000116598  0.000124259  0.000102267  0.001435878  0.001460543  0.001470229  0.000000000  0.000000000  0.000000000
291.841680313  0.004844336  0.000152185  0.000119291  0.000122254  0.000106227  0.001433752  0.001459106  0.001451521  0.000000000  0.000000000  0.000000000
292.730087254  0.004776568  0.000140228  0.000110748  0.000121020  0.000110691  0.001417459  0.001435157  0.001441265  0.000000000  0.000000000  0.000000000
293.618494196  0.004745455  0.000126196  0.000113415  0.000124598  0.000112273  0.001420400  0.001414630  0.001433944  0.000000000  0.000000000  0.000000000
294.506901137  0.004763824  0.000131076  0.000120789  0.000124923  0.000111593  0.001417233  0.001417184  0.001441027  0.000000000  0.000000000  0.000000000
295.395308079  0.004785229  0.000133740  0.000112453  0.000132268  0.000114561  0.001413404  0.001446257  0.001432546  0.000000000  0.000000000  0.000000000
296.283715021  0.004789191  0.000133119  0.000122171  0.000140922  0.000127752  0.001399171  0.001430237  0.001435818  0.000000000  0.000000000  0.000000000
297.172121962  0.004785567  0.000141732  0.000133356  0.000143400  0.000135200  0.001413335  0.001405239  0.001413305  0.000000000  0.000000000  0.000000000
298.060528904  0.004761440  0.000139593  0.000149673  0.000148048  0.000138251  0.001407685  0.001396228  0.001381963  0.000000000  0.000000000  0.000000000
298.948935845  0.004725831  0.000134179  0.000161163  0.000146799  0.000150301  0.001392661  0.001387881  0.001352848  0.000000000  0.000000000  0.000000000
299.837342787  0.004698116  0.000128107  0.000161423  0.000146730  0.000157967  0.001392606  0.001359908  0.001351374  0.000000000  0.000000000  0.000000000
300.725749729  0.004659744  0.000130984  0.000153256  0.000147526  0.000158525  0.001377808  0.001354695  0.001336950  0.000000000  0.000000000  0.000000000
301.614156670  0.004633615  0.000132152  0.000149820  0.000154975  0.000161876  0.001364236  0.001343727  0.001326829  0.000000000  0.000000000  0.000000000
302.502563612  0.004657720  0.000131530  0.000155007  0.000161020  0.000159909  0.001379206  0.001335795  0.001335253  0.000000000  0.000000000  0.000000000
303.390970553  0.004685289  0.000131947  0.000162082  0.000162728  0.000165918  0.001372392  0.001356931  0.001333290  0.000000000  0.000000000  0.000000000
304.279377495  0.004738680  0.000139636  0.000160602  0.000160114  0.000165247  0.001377165  0.001387463  0.001348452  0.000000000  0.000000000  0.000000000
305.167784437  0.004698828  0.000137231  0.000161421  0.000156157  0.000160652  0.001386254  0.001363880  0.001333233  0.000000000  0.000000000  0.000000000
306.056191378  0.004660559  0.000139871  0.000169163  0.000151614  0.000150214  0.001376951  0.001349604  0.001323142  0.000000000  0.000000000  0.000000000
306.944598320  0.004681748  0.000136074  0.000158007  0.000149248  0.000141432  0.001392153  0.001356996  0.001347837  0.000000000  0.000000000  0.000000000
307.833005261  0.004699407  0.000143403  0.000153782  0.000148254  0.000135927  0.001391049  0.001371691  0.001355301  0.000000000  0.000000000  0.000000000
308.721412203  0.004715677  0.000141110  0.000135747  0.000136909  0.000130815  0.001397949  0.001385280  0.001387868  0.000000000  0.000000000  0.000000000
309.609819145  0.004742628  0.000141499  0.000126561  0.000135676  0.000129385  0.001400707  0.001401066  0.001407734  0.000000000  0.000000000  0.000000000
310.498226086  0.004755162  0.000135182  0.000122064  0.000131515  0.000127973  0.001400830  0.001421820  0.001415778  0.000000000  0.000000000  0.000000000
311.386633028  0.004756152  0.000129560  0.000121069  0.000129810  0.000132523  0.001377655  0.001423995  0.001441541  0.000000000  0.000000000  0.000000000
312.275039969  0.004734210  0.000135906  0.000118350  0.000131372  0.000132624  0.001372160  0.001410987  0.001432812  0.000000000  0.000000000  0.000000000
313.163446911  0.004702876  0.000134975  0.000121393  0.000127115  0.000137738  0.001384106  0.001377289  0.001420260  0.000000000  0.000000000  0.000000000
314.051853852  0.004690035  0.000136165  0.000120916  0.000134050  0.000137728  0.001390858  0.001376339  0.001393979  0.000000000  0.000000000  0.000000000
314.940260794  0.004719918  0.000144792  0.000131625  0.000137189  0.000126809  0.001393066  0.001397112  0.001389325  0.000000000  0.000000000  0.000000000
315.828667736  0.004725339  0.000145384  0.000138172  0.000137330  0.000133800  0.001379961  0.001397424  0.001393268  0.000000000  0.000000000  0.000000000
316.717074677  0.004734771  0.000163791  0.000148870  0.000144120  0.000128310  0.001373334  0.001394287  0.001382059  0.000000000  0.000000000  0.000000000
317.605481619  0.004685043  0.000171096  0.000145452  0.000155259  0.000130583  0.001352897  0.001377753  0.001352003  0.000000000  0.000000000  0.000000000
318.493888560  0.004618113  0.000167867  0.000153250  0.000165392  0.000138956  0.001336877  0.001321916  0.001333854  0.000000000  0.000000000  0.000000000
319.382295502  0.004620765  0.000164506  0.000161952  0.000171269  0.000147458  0.001316908  0.001315511  0.001343160  0.000000000  0.000000000  0.000000000
320.270702444  0.004634649  0.000157226  0.000177805  0.000168989  0.000155099  0.001309848  0.001310536  0.001355146  0.000000000  0.000000000  0.000000000
321.159109385  0.004631644  0.000152773  0.000179377  0.000158028  0.000157418  0.001323095  0.001321624  0.001339329  0.000000000  0.000000000  0.000000000
322.047516327  0.004636929  0.000146791  0.000168030  0.000156772  0.000155818  0.001326667  0.001336623  0.001346229  0.000000000  0.000000000  0.000000000
322.935923268  0.004652076  0.000144981  0.000155011  0.000153019  0.000151805  0.001353449  0.001359915  0.001333896  0.000000000  0.000000000  0.000000000
323.824330210  0.004661914  0.000147854  0.000142845  0.000148905  0.000152142  0.001376532  0.001352935  0.001340701  0.000000000  0.000000000  0.000000000
324.712737152  0.004700267  0.000148478  0.000138938  0.000145153  0.000147919  0.001393379  0.001366733  0.001359667  0.000000000  0.000000000  0.000000000
325.601144093  0.004696969  0.000143583  0.000140706  0.000141883  0.000143986  0.001398511  0.001365827  0.001362473  0.000000000  0.000000000  0.000000000
326.489551035  0.004734688  0.000138631  0.000141742  0.000142480  0.000137579  0.001382117  0.001411346  0.001380792  0.000000000  0.000000000  0.000000000
327.377957976  0.004730812  0.000138529  0.000142320  0.000139228  0.000129972  0.001385027  0.001397681  0.001398055  0.000000000  0.000000000  0.000000000
328.266364918  0.004698873  0.000137628  0.000143198  0.000135986  0.000132095  0.001365801  0.001372081  0.001412085  0.000000000  0.000000000  0.000000000
329.154771860  0.004674048  0.000140913  0.000137707  0.000137768  0.000131696  0.001357717  0.001372304  0.001395942  0.000000000  0.000000000  0.000000000
330.043178801  0.004760422  0.000147397  0.000132885  0.000140645  0.000130694  0.001375946  0.001412376  0.001420477  0.000000000  0.000000000  0.000000000
330.931585743  0.004786040  0.000137060  0.000129282  0.000132795  0.000135748  0.001403875  0.001415553  0.001431727  0.000000000  0.000000000  0.000000000
331.819992684  0.004803239  0.000134259  0.000129403  0.000124847  0.000137646  0.001442053  0.001412453  0.001422579  0.000000000  0.000000000  0.000000000
332.708399626  0.004772370  0.000134148  0.000124268  0.000117098  0.000133099  0.001438356  0.001417938  0.001407463  0.000000000  0.000000000  0.000000000
333.596806567  0.004753667  0.000125695  0.000115198  0.000109282  0.000132525  0.001446099  0.001415573  0.001409295  0.000000000  0.000000000  0.000000000
334.485213509  0.004758215  0.000123650  0.000115477  0.000106894  0.000121819  0.001440545  0.001421336  0.001428495  0.000000000  0.000000000  0.000000000
335.373620451  0.004831992  0.000115389  0.000108091  0.000108129  0.000119916  0.001459286  0.001464836  0.001456345  0.000000000  0.000000000  0.000000000
336.262027392  0.004913702  0.000107642  0.000114187  0.000102798  0.000107290  0.001470869  0.001499810  0.001511105  0.000000000  0.000000000  0.000000000
337.150434334  0.004992203  0.000097604  0.000111709  0.000102107  0.000104321  0.001485692  0.001557520  0.001533251  0.000000000  0.000000000  0.000000000
338.038841275  0.005087863  0.000095767  0.000103057  0.000102152  0.000104802  0.001542314  0.001584655  0.001555115  0.000000000  0.000000000  0.000000000
338.927248217  0.005010140  0.000087267  0.000107443  0.000094178  0.000103045  0.001558746  0.001527508  0.001531953  0.000000000  0.000000000  0.000000000
339.815655159  0.004881261  0.000086982  0.000105055  0.000095549  0.000098355  0.001534472  0.001458990  0.001501859  0.000000000  0.000000000  0.000000000
340.704062100  0.004784668  0.000086808  0.000087822  0.000100965  0.000091437  0.001501605  0.001443222  0.001472810  0.000000000  0.000000000  0.000000000
341.592469042  0.004715940  0.000088624  0.000081385  0.000105827  0.000088299  0.001446173  0.001444734  0.001460898  0.000000000  0.000000000  0.000000000
342.480875983  0.004779186  0.000102823  0.000080692  0.000105774  0.000093685  0.001429917  0.001494410  0.001471886  0.000000000  0.000000000  0.000000000
343.369282925  0.005022885  0.000123903  0.000090815  0.000104739  0.000097661  0.001451227  0.001594549  0.001559991  0.000000000  0.000000000  0.000000000
344.257689867  0.005292310  0.000140807  0.000091668  0.000110257  0.000100877  0.001537003  0.001667469  0.001644230  0.000000000  0.000000000  0.000000000
345.146096808  0.005350633  0.000145448  0.000098649  0.000114725  0.000093633  0.001595322  0.001655020  0.001647836  0.000000000  0.000000000  0.000000000
346.034503750  0.005012604  0.000134088  0.000104279  0.000110755  0.000085274  0.001578317  0.001462490  0.001537400  0.000000000  0.000000000  0.000000000
346.922910691  0.004581391  0.000108690  0.000097913  0.000113692  0.000067306  0.001490111  0.001292990  0.001410688  0.000000000  0.000000000  0.000000000
347.811317633  0.004211171  0.000089088  0.000090685  0.000104463  0.000059616  0.001360808  0.001208516  0.001297995  0.000000000  0.000000000  0.000000000
348.699724575  0.004146570  0.000085265  0.000095546  0.000094489  0.000068159  0.001286993  0.001273787  0.001242331  0.000000000  0.000000000  0.000000000
349.588131516  0.004509627  0.000096578  0.000117994  0.000088647  0.000095829  0.001320267  0.001466322  0.001323990  0.000000000  0.000000000  0.000000000
350.476538458  0.005561492  0.000108489  0.000145653  0.000090727  0.000136608  0.001556945  0.001817357  0.001705714  0.000000000  0.000000000  0.000000000
351.364945399  0.006700945  0.000114083  0.000146294  0.000103981  0.000161172  0.001939207  0.002155402  0.002080807  0.000000000  0.000000000  0.000000000
352.253352341  0.006135262  0.000076455  0.000095411  0.000099341  0.000136616  0.001999933  0.001875451  0.001852056  0.000000000  0.000000000  0.000000000
353.141759282  0.004759892  0.000050491  0.000069237  0.000076078  0.000100951  0.001612442  0.001430663  0.001420031  0.000000000  0.000000000  0.000000000
354.030166224  0.003765600  0.000039256  0.000068096  0.000047034  0.000083798  0.001195225  0.001176519  0.001155672  0.000000000  0.000000000  0.000000000
354.918573166  0.003099233  0.000043937  0.000044839  0.000035214  0.000066741  0.000937838  0.001001743  0.000968921  0.000000000  0.000000000  0.000000000
355.806980107  0.002591240  0.000043362  0.000028195  0.000031522  0.000045480  0.000798325  0.000784580  0.000859777  0.000000000  0.000000000  0.000000000
356.695387049  0.005823379  0.000032600  0.000014038  0.000022728  0.000029544  0.000729793  0.000629558  0.000730426  0.000000000  0.003634692  0.000000000
357.583793990  0.010287557  0.000021593  0.000010392  0.000019358  0.000021203  0.000646939  0.000558900  0.000583294  0.000000000  0.008425877  0.000000000
358.472200932  0.010034555  0.000018914  0.000013859  0.000014188  0.000019322  0.000567001  0.000596655  0.000543952  0.000000000  0.008260664  0.000000000
359.360607874  0.008775330  0.000027601  0.000015189  0.000013922  0.000022016  0.000548484  0.000628357  0.000580803  0.000000000  0.006938958  0.000000000
360.249014815  0.009147553  0.000093578  0.000013484  0.000013774  0.000015231  0.000540667  0.000558858  0.000642577  0.000000000  0.007269384  0.000000000
361.137421757  0.009562907  0.000103744  0.000013170  0.000016970  0.000016937  0.000507552  0.000483873  0.000655637  0.000000000  0.007765024  0.000000000
362.025828698  0.010167658  0.000039896  0.000012429  0.000021601  0.000016121  0.000454557  0.000468140  0.000563824  0.000000000  0.008591090  0.000000000
362.914235640  0.008262840  0.000055107  0.000011430  0.000027834  0.000015815  0.000461848  0.000504822  0.000577452  0.000000000  0.006608531  0.000000000
363.802642582  0.010926585  0.000064743  0.000021991  0.000037219  0.000026132  0.000485363  0.000596713  0.000607694  0.000000000  0.009086730  0.000000000
364.691049523  0.007937389  0.000088302  0.000032061  0.000035176  0.000034224  0.000536756  0.000580706  0.000517273  0.000000000  0.006112891  0.000000000
365.579456465  0.007943635  0.000081360  0.000039101  0.000036298  0.000039738  0.000633585  0.000532738  0.000467924  0.000000000  0.006112891  0.000000000
366.467863406  0.009779927  0.000064493  0.000042196  0.000042337  0.000042868  0.000600511  0.000525043  0.000532241  0.000000000  0.007930237  0.000000000
367.356270348  0.009563488  0.000040048  0.000045509  0.000039007  0.000052733  0.000695825  0.000556309  0.000534247  0.000000000  0.007599811  0.000000000
368.244677290  0.009318065  0.000027929  0.000063227  0.000033392  0.000348356  0.000691886  0.000677577  0.000536741  0.000000000  0.006938958  0.000000000
369.133084231  0.008576589  0.000020019  0.000062629  0.000173468  0.000057085  0.000649534  0.000671401  0.000664350  0.000000000  0.006278105  0.000000000
370.021491173  0.007524408  0.000015633  0.000045653  0.000057162  0.000076394  0.000661242  0.000707644  0.000673856  0.000000000  0.005286825  0.000000000
370.909898114  0.009877952  0.000013332  0.000205043  0.000046115  0.000082462  0.000687611  0.000730751  0.000678041  0.000000000  0.007434598  0.000000000
371.798305056  0.009030406  0.000022659  0.000033533  0.000056117  0.000109098  0.000699289  0.000733645  0.000767535  0.000000000  0.006608531  0.000000000
372.686711998  0.008117573  0.000036269  0.000052616  0.000059691  0.000117404  0.000614529  0.000644021  0.000645366  0.000000000  0.005947678  0.000000000
373.575118939  0.008583275  0.000039527  0.000206619  0.000063092  0.000089388  0.000601361  0.000612617  0.000527353  0.000000000  0.006443318  0.000000000
374.463525881  0.009929044  0.000049883  0.000090552  0.000067983  0.000076814  0.000599861  0.000518312  0.000595402  0.000000000  0.007930237  0.000000000
375.351932822  0.009467612  0.000100874  0.000070217  0.000070980  0.000047643  0.000469422  0.000433479  0.000509972  0.000000000  0.007765024  0.000000000
376.240339764  0.006779088  0.000102205  0.000073391  0.000076889  0.000036110  0.000392136  0.000423399  0.000388134  0.000000000  0.005286825  0.000000000
377.128746705  0.009800978  0.000099165  0.000111908  0.000112750  0.000049510  0.000392767  0.000407176  0.000367039  0.000000000  0.008260664  0.000000000
378.017153647  0.006046330  0.000141413  0.000151715  0.000283723  0.000064559  0.000419472  0.000334264  0.000355639  0.000000000  0.004295545  0.000000000
378.905560589  0.009879828  0.000221690  0.000127681  0.000116259  0.000071572  0.000601764  0.000392344  0.000418281  0.000000000  0.007930237  0.000000000
379.793967530  0.009057065  0.000147521  0.000096422  0.000116061  0.000075666  0.000457096  0.000642453  0.000582888  0.000000000  0.006938958  0.000000000
380.682374472  0.008885536  0.000138874  0.000113907  0.000105315  0.000077932  0.000504421  0.000541535  0.000629808  0.000000000  0.006773744  0.000000000
381.570781413  0.009690681  0.000101985  0.000092927  0.000100589  0.000104330  0.000512191  0.000618263  0.000725798  0.000000000  0.007434598  0.000000000
382.459188355  0.007848971  0.000073865  0.000047620  0.000109067  0.000137587  0.000513267  0.000628354  0.000556746  0.000000000  0.005782465  0.000000000
383.347595297  0.010002904  0.000046064  0.000054848  0.000111894  0.000101904  0.000629653  0.000580336  0.000547969  0.000000000  0.007930237  0.000000000
384.236002238  0.007438526  0.000022098  0.000066173  0.000093278  0.000087745  0.000586688  0.000484633  0.000480659  0.000000000  0.005617251  0.000000000
385.124409180  0.009661906  0.000031220  0.000069162  0.000083490  0.000080713  0.000483893  0.000423880  0.000394097  0.000000000  0.008095451  0.000000000
386.012816121  0.011504478  0.000089607  0.000085021  0.000081077  0.000094208  0.000439017  0.000431197  0.000371554  0.000000000  0.009912797  0.000000000
386.901223063  0.008081725  0.000094991  0.000121939  0.000078339  0.000066650  0.000401702  0.000447041  0.000427746  0.000000000  0.006443318  0.000000000
387.789630005  0.012020542  0.000052523  0.000144095  0.000072856  0.000075412  0.000418201  0.000400599  0.000448421  0.000000000  0.010408437  0.000000000
388.678036946  0.008811207  0.000061456  0.000154557  0.000079142  0.000084904  0.000455802  0.000431538  0.000439637  0.000000000  0.007104171  0.000000000
389.566443888  0.007430045  0.000091301  0.000136414  0.000095624  0.000088049  0.000447089  0.000469504  0.000484813  0.000000000  0.005617251  0.000000000
390.454850829  0.008197405  0.000149814  0.000079610  0.000120437  0.000104745  0.000453418  0.000416115  0.000429947  0.000000000  0.006443318  0.000000000
391.343257771  0.008489393  0.000233308  0.000056456  0.000112159  0.000102498  0.000489445  0.000505435  0.000381561  0.000000000  0.006608531  0.000000000
392.231664713  0.006100534  0.000103371  0.000079719  0.000090767  0.000106516  0.000445873  0.000482416  0.000496328  0.000000000  0.004295545  0.000000000
393.120071654  0.007339966  0.000112773  0.000168015  0.000095265  0.000143934  0.000432668  0.000330576  0.000439484  0.000000000  0.005617251  0.000000000
394.008478596  0.007282733  0.000115489  0.000181965  0.000112450  0.000127191  0.000374033  0.000390607  0.000363745  0.000000000  0.005617251  0.000000000
394.896885537  0.007756445  0.000093721  0.000072353  0.000113820  0.000069875  0.000338667  0.000395334  0.000394571  0.000000000  0.006278105  0.000000000
395.785292479  0.007428311  0.000074592  0.000066916  0.000106771  0.000099392  0.000356125  0.000363981  0.000412856  0.000000000  0.005947678  0.000000000
396.673699420  0.007273289  0.000105470  0.000093477  0.000116443  0.000228178  0.000346579  0.000343720  0.000422172  0.000000000  0.005617251  0.000000000
397.562106362  0.006778888  0.000127304  0.000103879  0.000112612  0.000225242  0.000353660  0.000363218  0.000371361  0.000000000  0.005121612  0.000000000
398.450513304  0.006355440  0.000103312  0.000094155  0.000083418  0.000202232  0.000417918  0.000423953  0.000404481  0.000000000  0.004625972  0.000000000
399.338920245  0.005565131  0.000152865  0.000076190  0.000078833  0.000163244  0.000473860  0.000474900  0.000510548  0.000000000  0.003634692  0.000000000
400.227327187  0.008657371  0.000139449  0.000096121  0.000090332  0.000183707  0.000537202  0.000485329  0.000516700  0.000000000  0.006608531  0.000000000
401.115734128  0.007901089  0.000142876  0.000156131  0.000080296  0.000175747  0.000460691  0.000503436  0.000434234  0.000000000  0.005947678  0.000000000
402.004141070  0.006495641  0.000234715  0.000181837  0.000075258  0.000221057  0.000410740  0.000526679  0.000384597  0.000000000  0.004460759  0.000000000
402.892548012  0.006806261  0.000248826  0.000151972  0.000083232  0.000190761  0.000444310  0.000451678  0.000444297  0.000000000  0.004791185  0.000000000
403.780954953  0.006609095  0.000185800  0.000089890  0.000105320  0.000156574  0.000482898  0.000476164  0.000486477  0.000000000  0.004625972  0.000000000
404.669361895  0.008950810  0.000112894  0.000121315  0.000165103  0.000100413  0.000565883  0.000476967  0.000469277  0.000000000  0.006938958  0.000000000
405.557768836  0.009059617  0.000080026  0.000221254  0.000191063  0.000062941  0.000552888  0.000491132  0.000521355  0.000000000  0.006938958  0.000000000
406.446175778  0.006981251  0.000083703  0.000207781  0.000175029  0.000045331  0.000459439  0.000424057  0.000464301  0.000000000  0.005121612  0.000000000
407.334582720  0.007614016  0.000127418  0.000230213  0.000199417  0.000048003  0.000435832  0.000387963  0.000402704  0.000000000  0.005782465  0.000000000
408.222989661  0.006249068  0.000125692  0.000267247  0.000269316  0.000111375  0.000448242  0.000443724  0.000453140  0.000000000  0.004130332  0.000000000
409.111396603  0.007514509  0.000125406  0.000223583  0.000244825  0.000147653  0.000466464  0.000519545  0.000500208  0.000000000  0.005286825  0.000000000
409.999803544  0.007972106  0.000179452  0.000118041  0.000243659  0.000132864  0.000454486  0.000616999  0.000444140  0.000000000  0.005782465  0.000000000
410.888210486  0.007285495  0.000146961  0.000099480  0.000216989  0.000158747  0.000433029  0.000490086  0.000453378  0.000000000  0.005286825  0.000000000
411.776617428  0.007745468  0.000218184  0.000119390  0.000233738  0.000235677  0.000394588  0.000321664  0.000439762  0.000000000  0.005782465  0.000000000
412.665024369  0.006215120  0.000351967  0.000058737  0.000207902  0.000152278  0.000383368  0.000268702  0.000331406  0.000000000  0.004460759  0.000000000
413.553431311  0.008268316  0.000246572  0.000058617  0.000118970  0.000106797  0.000350819  0.000280261  0.000332535  0.000000000  0.006773744  0.000000000
414.441838252  0.007414726  0.000150383  0.000129451  0.000079218  0.000131080  0.000306412  0.000330534  0.000339971  0.000000000  0.005947678  0.000000000
415.330245194  0.006502652  0.000091886  0.000191632  0.000067445  0.000130487  0.000322653  0.000418349  0.000323800  0.000000000  0.004956398  0.000000000
416.218652135  0.009400667  0.000072565  0.000242398  0.000083608  0.000114487  0.000414263  0.000368808  0.000339514  0.000000000  0.007765024  0.000000000
417.107059077  0.008274734  0.000048295  0.000181711  0.000125577  0.000138477  0.000434181  0.000266680  0.000306068  0.000000000  0.006773744  0.000000000
417.995466019  0.009408038  0.000008380  0.000181488  0.000145773  0.000222578  0.000371007  0.000331988  0.000216587  0.000000000  0.007930237  0.000000000
418.883872960  0.007819801  0.000023906  0.000205405  0.000169920  0.000299541  0.000231265  0.000396832  0.000214827  0.000000000  0.006278105  0.000000000
419.772279902  0.006480608  0.000089412  0.000181359  0.000238783  0.000196681  0.000199438  0.000250809  0.000367728  0.000000000  0.004956398  0.000000000
420.660686843  0.007637311  0.000131716  0.000132483  0.000262860  0.000193827  0.000236819  0.000204742  0.000361973  0.000000000  0.006112891  0.000000000
421.549093785  0.007685891  0.000154836  0.000108763  0.000150084  0.000139252  0.000220878  0.000341457  0.000292517  0.000000000  0.006278105  0.000000000
422.437500727  0.008452231  0.000196186  0.000071662  0.000130812  0.000099764  0.000207833  0.000289796  0.000352008  0.000000000  0.007104171  0.000000000
423.325907668  0.008031693  0.000309233  0.000130848  0.000171035  0.000150629  0.000245763  0.000187670  0.000227983  0.000000000  0.006608531  0.000000000
424.214314610  0.009129713  0.000480661  0.000193303  0.000130104  0.000083766  0.000263823  0.000183441  0.000194803  0.000000000  0.007599811  0.000000000
425.102721551  0.007378519  0.000422312  0.000131786  0.000082198  0.000059235  0.000237552  0.000158238  0.000174307  0.000000000  0.006112891  0.000000000
425.991128493  0.009218445  0.000271358  0.000061667  0.000220752  0.000032744  0.000150976  0.000185993  0.000199504  0.000000000  0.008095451  0.000000000
426.879535435  0.009600167  0.000205242  0.000048953  0.000047591  0.000028203  0.000138782  0.000246682  0.000293622  0.000000000  0.008591090  0.000000000
427.767942376  0.007834304  0.000124546  0.000070805  0.000048681  0.000045452  0.000149369  0.000200256  0.000256237  0.000000000  0.006938958  0.000000000
428.656349318  0.009169017  0.000048579  0.000199204  0.000061062  0.000084718  0.000144477  0.000209147  0.000161166  0.000000000  0.008260664  0.000000000
429.544756259  0.010452148  0.000020907  0.000167675  0.000080582  0.000156056  0.000176278  0.000133997  0.000134283  0.000000000  0.009582370  0.000000000
430.433163201  0.010553197  0.000023629  0.000194132  0.000149010  0.000149589  0.000193231  0.000127435  0.000133799  0.000000000  0.009582370  0.000000000
431.321570143  0.009060235  0.000020687  0.000337605  0.000233365  0.000088701  0.000156533  0.000120486  0.000172621  0.000000000  0.007930237  0.000000000
432.209977084  0.008307730  0.000022496  0.000102743  0.000232422  0.000073609  0.000126048  0.000139201  0.000176613  0.000000000  0.007434598  0.000000000
433.098384026  0.010336424  0.000034883  0.000075617  0.000143271  0.000092629  0.000129116  0.000156867  0.000121670  0.000000000  0.009582370  0.000000000
433.986790967  0.008519765  0.000035180  0.000041963  0.000052700  0.000126900  0.000165790  0.000187350  0.000144858  0.000000000  0.007765024  0.000000000
434.875197909  0.010793906  0.000023935  0.000102097  0.000061918  0.000399248  0.000223770  0.000245756  0.000154812  0.000000000  0.009582370  0.000000000
435.763604850  0.011776332  0.000074047  0.000239086  0.000078496  0.000144102  0.000326818  0.000315355  0.000189992  0.000000000  0.010408437  0.000000000
436.652011792  0.010780537  0.000090380  0.000031659  0.000072731  0.000178848  0.000360327  0.000348795  0.000445853  0.000000000  0.009251944  0.000000000
437.540418734  0.010398083  0.000000000  0.000000000  0.000183631  0.000000046  0.000660297  0.000346680  0.000285912  0.000000000  0.008921517  0.000000000
438.428825675  0.007952346  0.000000000  0.000000000  0.000000679  0.000000000  0.000003648  0.000165168  0.000183040  0.000000000  0.007599811  0.000000000
439.317232617  0.000000000  0.000000000  0.000000000  0.000000000  0.000000000  0.000000000  0.000000000  0.000000000  0.000000000  0.000000000  0.000000000
440.205639558  0.000000000  0.000000000  0.000000000  0.000000000  0.000000000  0.000000000  0.000000000  0.000000000  0.000000000  0.000000000  0.000000000
441.094046500  0.000000000  0.000000000  0.000000000  0.000000000  0.000000000  0.000000000  0.000000000  0.000000000  0.000000000  0.000000000  0.000000000
441.982453442  0.033042656  0.000000000  0.000000000  0.000000000  0.000000000  0.000000000  0.000000000  0.000000000  0.000000000  0.000000000  0.033042656
442.870860383  0.000000000  0.000000000  0.000000000  0.000000000  0.000000000  0.000000000  0.000000000  0.000000000  0.000000000  0.000000000  0.000000000
443.759267325  0.000000000  0.000000000  0.000000000  0.000000000  0.000000000  0.000000000  0.000000000  0.000000000  0.000000000  0.000000000  0.000000000
