  0.20000000000000001             4597        2214        4601
  0.40000000000000002             4598        2215        4599
  0.60000000000000009             4595        2215        4602
  0.80000000000000004             4594        2217        4601
   1.0000000000000000             4595        2218        4599
   1.2000000000000002             4592        2223        4597
   1.4000000000000001             4594        2221        4597
   1.6000000000000001             4594        2220        4598
   1.8000000000000000             4595        2218        4599
   2.0000000000000000             4594        2221        4597
   2.2000000000000002             4593        2220        4599
   2.4000000000000004             4593        2217        4602
   2.6000000000000001             4592        2219        4601
   2.8000000000000003             4594        2216        4602
   3.0000000000000000             4596        2218        4598
   3.2000000000000002             4598        2217        4597
   3.4000000000000004             4595        2215        4602
   3.6000000000000001             4598        2211        4603
   3.8000000000000003             4596        2216        4600
   4.0000000000000000             4594        2220        4598
   4.2000000000000002             4597        2216        4599
   4.4000000000000004             4594        2214        4604
   4.6000000000000005             4593        2220        4599
   4.8000000000000007             4592        2222        4598
   5.0000000000000000             4592        2220        4600
   5.2000000000000002             4595        2219        4598
   5.4000000000000004             4595        2216        4601
   5.6000000000000005             4596        2217        4599
   5.8000000000000007             4599        2212        4601
   6.0000000000000000             4599        2209        4604
   6.2000000000000002             4598        2207        4607
   6.4000000000000004             4598        2212        4602
   6.6000000000000005             4595        2217        4600
   6.8000000000000007             4598        2214        4600
   7.0000000000000000             4599        2212        4601
   7.2000000000000002             4598        2214        4600
   7.4000000000000004             4598        2212        4602
   7.6000000000000005             4598        2215        4599
   7.8000000000000007             4598        2219        4595
   8.0000000000000000             4596        2216        4600
   8.2000000000000011             4597        2212        4603
   8.4000000000000004             4601        2207        4604
   8.5999999999999996             4597        2211        4604
   8.8000000000000007             4595        2213        4604
   9.0000000000000000             4597        2211        4604
   9.2000000000000011             4594        2215        4603
   9.4000000000000004             4592        2218        4602
   9.6000000000000014             4591        2219        4602
   9.8000000000000007             4594        2220        4598
   10.000000000000000             4596        2210        4606
   10.200000000000001             4595        2212        4605
   10.400000000000000             4597        2209        4606
   10.600000000000001             4595        2214        4603
   10.800000000000001             4598        2208        4606
   11.000000000000000             4594        2215        4603
   11.200000000000001             4599        2211        4602
   11.400000000000000             4600        2213        4599
   11.600000000000001             4598        2215        4599
   11.800000000000001             4601        2211        4600
   12.000000000000000             4598        2215        4599
   12.200000000000001             4596        2217        4599
   12.400000000000000             4598        2213        4601
   12.600000000000001             4599        2213        4600
   12.800000000000001             4595        2215        4602
   13.000000000000000             4594        2218        4600
   13.200000000000001             4596        2218        4598
   13.400000000000000             4594        2220        4598
   13.600000000000001             4592        2222        4598
   13.800000000000001             4591        2223        4598
   14.000000000000000             4593        2220        4599
   14.200000000000001             4595        2220        4597
   14.400000000000000             4595        2218        4599
   14.600000000000001             4598        2212        4602
   14.800000000000001             4597        2214        4601
   15.000000000000000             4600        2209        4603
   15.200000000000001             4597        2213        4602
   15.400000000000000             4599        2210        4603
   15.600000000000001             4598        2217        4597
   15.800000000000001             4597        2217        4598
   16.000000000000000             4594        2218        4600
   16.199999999999999             4596        2217        4599
   16.400000000000002             4590        2222        4600
   16.600000000000001             4590        2221        4601
   16.800000000000001             4590        2223        4599
   17.000000000000000             4593        2218        4601
   17.199999999999999             4595        2216        4601
   17.400000000000002             4596        2215        4601
   17.600000000000001             4600        2211        4601
   17.800000000000001             4599        2210        4603
   18.000000000000000             4594        2217        4601
   18.199999999999999             4591        2220        4601
   18.400000000000002             4589        2220        4603
   18.600000000000001             4591        2216        4605
   18.800000000000001             4593        2216        4603
   19.000000000000000             4596        2212        4604
   19.200000000000003             4593        2217        4602
   19.400000000000002             4590        2221        4601
   19.600000000000001             4596        2215        4601
   19.800000000000001             4596        2216        4600
   20.000000000000000             4594        2217        4601
   20.200000000000003             4592        2219        4601
   20.400000000000002             4595        2216        4601
   20.600000000000001             4592        2218        4602
   20.800000000000001             4595        2217        4600
   21.000000000000000             4595        2215        4602
   21.200000000000003             4596        2216        4600
   21.400000000000002             4595        2220        4597
   21.600000000000001             4596        2216        4600
   21.800000000000001             4594        2217        4601
   22.000000000000000             4590        2221        4601
   22.200000000000003             4592        2220        4600
   22.400000000000002             4594        2218        4600
   22.600000000000001             4596        2213        4603
   22.800000000000001             4596        2216        4600
   23.000000000000000             4599        2216        4597
   23.200000000000003             4598        2214        4600
   23.400000000000002             4598        2214        4600
   23.600000000000001             4600        2210        4602
   23.800000000000001             4597        2215        4600
   24.000000000000000             4595        2215        4602
   24.200000000000003             4593        2219        4600
   24.400000000000002             4597        2216        4599
   24.600000000000001             4599        2212        4601
   24.800000000000001             4595        2218        4599
   25.000000000000000             4595        2220        4597
   25.200000000000003             4597        2214        4601
   25.400000000000002             4597        2216        4599
   25.600000000000001             4602        2213        4597
   25.800000000000001             4602        2210        4600
   26.000000000000000             4595        2214        4603
   26.200000000000003             4595        2216        4601
   26.400000000000002             4597        2215        4600
   26.600000000000001             4598        2214        4600
   26.800000000000001             4596        2215        4601
   27.000000000000000             4596        2215        4601
   27.200000000000003             4598        2213        4601
   27.400000000000002             4592        2219        4601
   27.600000000000001             4596        2214        4602
   27.800000000000001             4599        2213        4600
   28.000000000000000             4603        2205        4604
   28.200000000000003             4599        2211        4602
   28.400000000000002             4597        2214        4601
   28.600000000000001             4597        2215        4600
   28.800000000000001             4594        2217        4601
   29.000000000000000             4596        2219        4597
   29.200000000000003             4599        2214        4599
   29.400000000000002             4596        2216        4600
   29.600000000000001             4596        2216        4600
   29.800000000000001             4596        2217        4599
   30.000000000000000             4596        2217        4599
   30.200000000000003             4592        2222        4598
   30.400000000000002             4599        2217        4596
   30.600000000000001             4600        2215        4597
   30.800000000000001             4599        2216        4597
   31.000000000000000             4596        2217        4599
   31.200000000000003             4599        2219        4594
   31.400000000000002             4598        2217        4597
   31.600000000000001             4594        2219        4599
   31.800000000000001             4597        2219        4596
   32.000000000000000             4597        2215        4600
   32.200000000000003             4594        2219        4599
   32.399999999999999             4594        2220        4598
   32.600000000000001             4594        2222        4596
   32.800000000000004             4589        2224        4599
   33.000000000000000             4595        2220        4597
   33.200000000000003             4598        2214        4600
   33.399999999999999             4602        2209        4601
   33.600000000000001             4597        2211        4604
   33.800000000000004             4598        2208        4606
   34.000000000000000             4598        2209        4605
   34.200000000000003             4597        2212        4603
   34.399999999999999             4597        2214        4601
   34.600000000000001             4596        2213        4603
   34.800000000000004             4595        2214        4603
   35.000000000000000             4596        2209        4607
   35.200000000000003             4595        2213        4604
   35.399999999999999             4593        2212        4607
   35.600000000000001             4592        2221        4599
   35.800000000000004             4592        2220        4600
   36.000000000000000             4596        2218        4598
   36.200000000000003             4593        2218        4601
   36.399999999999999             4593        2221        4598
   36.600000000000001             4594        2220        4598
   36.800000000000004             4593        2221        4598
   37.000000000000000             4593        2221        4598
   37.200000000000003             4593        2219        4600
   37.399999999999999             4594        2219        4599
   37.600000000000001             4600        2211        4601
   37.800000000000004             4595        2217        4600
   38.000000000000000             4592        2220        4600
   38.200000000000003             4588        2224        4600
   38.400000000000006             4590        2222        4600
   38.600000000000001             4597        2215        4600
   38.800000000000004             4599        2216        4597
   39.000000000000000             4594        2220        4598
   39.200000000000003             4592        2224        4596
   39.400000000000006             4593        2221        4598
   39.600000000000001             4593        2222        4597
   39.800000000000004             4592        2222        4598
   40.000000000000000             4596        2218        4598
   40.200000000000003             4596        2218        4598
   40.400000000000006             4595        2221        4596
   40.600000000000001             4594        2220        4598
   40.800000000000004             4594        2219        4599
   41.000000000000000             4596        2218        4598
   41.200000000000003             4595        2219        4598
   41.400000000000006             4591        2223        4598
   41.600000000000001             4588        2226        4598
   41.800000000000004             4586        2231        4595
   42.000000000000000             4589        2229        4594
   42.200000000000003             4589        2225        4598
   42.400000000000006             4592        2224        4596
   42.600000000000001             4592        2224        4596
   42.800000000000004             4594        2226        4592
   43.000000000000000             4592        2223        4597
   43.200000000000003             4594        2221        4597
   43.400000000000006             4595        2220        4597
   43.600000000000001             4595        2219        4598
   43.800000000000004             4591        2225        4596
   44.000000000000000             4589        2229        4594
   44.200000000000003             4589        2226        4597
   44.400000000000006             4589        2222        4601
   44.600000000000001             4593        2220        4599
   44.800000000000004             4595        2222        4595
   45.000000000000000             4590        2228        4594
   45.200000000000003             4596        2221        4595
   45.400000000000006             4596        2219        4597
   45.600000000000001             4593        2224        4595
   45.800000000000004             4593        2224        4595
   46.000000000000000             4593        2225        4594
   46.200000000000003             4591        2227        4594
   46.400000000000006             4590        2227        4595
   46.600000000000001             4588        2229        4595
   46.800000000000004             4589        2225        4598
   47.000000000000000             4587        2229        4596
   47.200000000000003             4584        2233        4595
   47.400000000000006             4585        2234        4593
   47.600000000000001             4588        2230        4594
   47.800000000000004             4592        2225        4595
   48.000000000000000             4592        2227        4593
   48.200000000000003             4596        2225        4591
   48.400000000000006             4597        2225        4590
   48.600000000000001             4592        2231        4589
   48.800000000000004             4598        2225        4589
   49.000000000000000             4595        2229        4588
   49.200000000000003             4595        2229        4588
   49.400000000000006             4591        2228        4593
   49.600000000000001             4594        2226        4592
   49.800000000000004             4590        2232        4590
   50.000000000000000             4588        2234        4590
   50.200000000000003             4588        2234        4590
   50.400000000000006             4586        2235        4591
   50.600000000000001             4591        2231        4590
   50.800000000000004             4591        2231        4590
   51.000000000000000             4591        2229        4592
   51.200000000000003             4590        2231        4591
   51.400000000000006             4595        2226        4591
   51.600000000000001             4597        2225        4590
   51.800000000000004             4598        2225        4589
   52.000000000000000             4596        2224        4592
   52.200000000000003             4598        2222        4592
   52.400000000000006             4599        2217        4596
   52.600000000000001             4598        2221        4593
   52.800000000000004             4598        2225        4589
   53.000000000000000             4595        2224        4593
   53.200000000000003             4593        2227        4592
   53.400000000000006             4599        2223        4590
   53.600000000000001             4596        2225        4591
   53.800000000000004             4593        2226        4593
   54.000000000000000             4596        2224        4592
   54.200000000000003             4590        2232        4590
   54.400000000000006             4591        2231        4590
   54.600000000000001             4590        2230        4592
   54.800000000000004             4587        2234        4591
   55.000000000000000             4593        2229        4590
   55.200000000000003             4591        2230        4591
   55.400000000000006             4590        2230        4592
   55.600000000000001             4590        2234        4588
   55.800000000000004             4597        2225        4590
   56.000000000000000             4592        2230        4590
   56.200000000000003             4594        2228        4590
   56.400000000000006             4593        2227        4592
   56.600000000000001             4590        2229        4593
   56.800000000000004             4593        2226        4593
   57.000000000000000             4587        2235        4590
   57.200000000000003             4590        2233        4589
   57.400000000000006             4593        2226        4593
   57.600000000000001             4591        2228        4593
   57.800000000000004             4590        2232        4590
   58.000000000000000             4591        2231        4590
   58.200000000000003             4592        2227        4593
   58.400000000000006             4597        2220        4595
   58.600000000000001             4596        2222        4594
   58.800000000000004             4598        2220        4594
   59.000000000000000             4595        2223        4594
   59.200000000000003             4595        2225        4592
   59.400000000000006             4592        2225        4595
   59.600000000000001             4595        2221        4596
   59.800000000000004             4592        2226        4594
   60.000000000000000             4591        2226        4595
   60.200000000000003             4593        2225        4594
   60.400000000000006             4594        2226        4592
   60.600000000000001             4591        2232        4589
   60.800000000000004             4591        2232        4589
   61.000000000000000             4588        2232        4592
   61.200000000000003             4591        2230        4591
   61.400000000000006             4589        2233        4590
   61.600000000000001             4591        2230        4591
   61.800000000000004             4592        2228        4592
   62.000000000000000             4593        2228        4591
   62.200000000000003             4596        2222        4594
   62.400000000000006             4591        2228        4593
   62.600000000000001             4592        2226        4594
   62.800000000000004             4593        2225        4594
   63.000000000000000             4594        2223        4595
   63.200000000000003             4595        2223        4594
   63.400000000000006             4590        2228        4594
   63.600000000000001             4588        2230        4594
   63.800000000000004             4592        2230        4590
   64.000000000000000             4588        2234        4590
   64.200000000000003             4590        2234        4588
   64.400000000000006             4590        2233        4589
   64.600000000000009             4591        2232        4589
   64.799999999999997             4593        2229        4590
   65.000000000000000             4594        2229        4589
   65.200000000000003             4592        2230        4590
   65.400000000000006             4592        2230        4590
   65.600000000000009             4591        2228        4593
   65.799999999999997             4593        2229        4590
   66.000000000000000             4593        2228        4591
   66.200000000000003             4592        2230        4590
   66.400000000000006             4599        2221        4592
   66.600000000000009             4592        2227        4593
   66.799999999999997             4592        2229        4591
   67.000000000000000             4593        2228        4591
   67.200000000000003             4596        2225        4591
   67.400000000000006             4594        2232        4586
   67.600000000000009             4592        2229        4591
   67.799999999999997             4598        2222        4592
   68.000000000000000             4599        2221        4592
   68.200000000000003             4593        2228        4591
   68.400000000000006             4597        2226        4589
   68.600000000000009             4596        2223        4593
   68.799999999999997             4600        2218        4594
   69.000000000000000             4596        2219        4597
   69.200000000000003             4594        2225        4593
   69.400000000000006             4593        2225        4594
   69.600000000000009             4592        2230        4590
   69.799999999999997             4587        2236        4589
   70.000000000000000             4593        2225        4594
   70.200000000000003             4594        2227        4591
   70.400000000000006             4598        2223        4591
   70.600000000000009             4598        2219        4595
   70.799999999999997             4594        2225        4593
   71.000000000000000             4597        2222        4593
   71.200000000000003             4598        2220        4594
   71.400000000000006             4596        2223        4593
   71.600000000000009             4593        2225        4594
   71.799999999999997             4596        2223        4593
   72.000000000000000             4592        2220        4600
   72.200000000000003             4591        2222        4599
   72.400000000000006             4590        2226        4596
   72.600000000000009             4592        2225        4595
   72.799999999999997             4592        2226        4594
   73.000000000000000             4593        2226        4593
   73.200000000000003             4597        2219        4596
   73.400000000000006             4593        2226        4593
   73.600000000000009             4594        2226        4592
   73.799999999999997             4593        2227        4592
   74.000000000000000             4597        2224        4591
   74.200000000000003             4599        2222        4591
   74.400000000000006             4598        2220        4594
   74.600000000000009             4595        2224        4593
   74.799999999999997             4597        2222        4593
   75.000000000000000             4595        2225        4592
   75.200000000000003             4595        2227        4590
   75.400000000000006             4597        2221        4594
   75.600000000000009             4597        2225        4590
   75.799999999999997             4598        2222        4592
   76.000000000000000             4595        2222        4595
   76.200000000000003             4595        2223        4594
   76.400000000000006             4594        2223        4595
   76.600000000000009             4595        2224        4593
   76.800000000000011             4597        2222        4593
   77.000000000000000             4595        2223        4594
   77.200000000000003             4595        2226        4591
   77.400000000000006             4597        2221        4594
   77.600000000000009             4599        2220        4593
   77.800000000000011             4598        2222        4592
   78.000000000000000             4597        2223        4592
   78.200000000000003             4599        2218        4595
   78.400000000000006             4598        2219        4595
   78.600000000000009             4597        2223        4592
   78.800000000000011             4599        2218        4595
   79.000000000000000             4598        2221        4593
   79.200000000000003             4596        2220        4596
   79.400000000000006             4598        2220        4594
   79.600000000000009             4597        2220        4595
   79.800000000000011             4599        2220        4593
   80.000000000000000             4600        2219        4593
   80.200000000000003             4600        2219        4593
   80.400000000000006             4597        2222        4593
   80.600000000000009             4602        2218        4592
   80.800000000000011             4595        2226        4591
   81.000000000000000             4597        2225        4590
   81.200000000000003             4593        2231        4588
   81.400000000000006             4595        2228        4589
   81.600000000000009             4599        2223        4590
   81.800000000000011             4598        2223        4591
   82.000000000000000             4596        2225        4591
   82.200000000000003             4595        2225        4592
   82.400000000000006             4596        2225        4591
   82.600000000000009             4595        2227        4590
   82.800000000000011             4597        2224        4591
   83.000000000000000             4600        2222        4590
   83.200000000000003             4596        2224        4592
   83.400000000000006             4594        2226        4592
   83.600000000000009             4597        2222        4593
   83.800000000000011             4595        2223        4594
   84.000000000000000             4598        2220        4594
   84.200000000000003             4600        2221        4591
   84.400000000000006             4601        2220        4591
   84.600000000000009             4597        2224        4591
   84.800000000000011             4594        2226        4592
   85.000000000000000             4595        2226        4591
   85.200000000000003             4595        2224        4593
   85.400000000000006             4597        2222        4593
   85.600000000000009             4595        2225        4592
   85.800000000000011             4598        2224        4590
   86.000000000000000             4596        2224        4592
   86.200000000000003             4595        2225        4592
   86.400000000000006             4592        2226        4594
   86.600000000000009             4595        2226        4591
   86.800000000000011             4595        2221        4596
   87.000000000000000             4597        2219        4596
   87.200000000000003             4597        2219        4596
   87.400000000000006             4595        2224        4593
   87.600000000000009             4595        2223        4594
   87.800000000000011             4594        2223        4595
   88.000000000000000             4598        2222        4592
   88.200000000000003             4593        2226        4593
   88.400000000000006             4594        2228        4590
   88.600000000000009             4596        2219        4597
   88.800000000000011             4593        2225        4594
   89.000000000000000             4592        2224        4596
   89.200000000000003             4592        2225        4595
   89.400000000000006             4596        2222        4594
   89.600000000000009             4598        2221        4593
   89.800000000000011             4594        2225        4593
   90.000000000000000             4599        2217        4596
   90.200000000000003             4597        2220        4595
   90.400000000000006             4596        2221        4595
   90.600000000000009             4595        2223        4594
   90.800000000000011             4598        2220        4594
   91.000000000000000             4598        2222        4592
   91.200000000000003             4596        2224        4592
   91.400000000000006             4596        2226        4590
   91.600000000000009             4599        2222        4591
   91.800000000000011             4596        2226        4590
   92.000000000000000             4598        2221        4593
   92.200000000000003             4596        2223        4593
   92.400000000000006             4598        2224        4590
   92.600000000000009             4601        2220        4591
   92.800000000000011             4602        2214        4596
   93.000000000000000             4597        2220        4595
   93.200000000000003             4596        2220        4596
   93.400000000000006             4595        2223        4594
   93.600000000000009             4595        2223        4594
   93.800000000000011             4598        2221        4593
   94.000000000000000             4598        2219        4595
   94.200000000000003             4599        2220        4593
   94.400000000000006             4595        2224        4593
   94.600000000000009             4598        2223        4591
   94.800000000000011             4595        2226        4591
   95.000000000000000             4591        2228        4593
   95.200000000000003             4594        2224        4594
   95.400000000000006             4595        2224        4593
   95.600000000000009             4594        2225        4593
   95.800000000000011             4594        2227        4591
   96.000000000000000             4593        2225        4594
   96.200000000000003             4594        2226        4592
   96.400000000000006             4593        2230        4589
   96.600000000000009             4595        2225        4592
   96.800000000000011             4596        2224        4592
   97.000000000000000             4595        2228        4589
   97.200000000000003             4597        2225        4590
   97.400000000000006             4595        2228        4589
   97.600000000000009             4598        2225        4589
   97.800000000000011             4596        2223        4593
   98.000000000000000             4599        2224        4589
   98.200000000000003             4598        2224        4590
   98.400000000000006             4600        2223        4589
   98.600000000000009             4602        2221        4589
   98.800000000000011             4600        2220        4592
   99.000000000000000             4600        2218        4594
   99.200000000000003             4600        2218        4594
   99.400000000000006             4599        2220        4593
   99.600000000000009             4598        2220        4594
   99.800000000000011             4597        2219        4596
   100.00000000000000             4595        2219        4598
   100.20000000000000             4594        2226        4592
   100.40000000000001             4596        2226        4590
   100.60000000000001             4596        2226        4590
   100.80000000000001             4596        2224        4592
   101.00000000000000             4594        2226        4592
   101.20000000000000             4593        2225        4594
   101.40000000000001             4596        2225        4591
   101.60000000000001             4593        2225        4594
   101.80000000000001             4590        2229        4593
   102.00000000000000             4595        2223        4594
   102.20000000000000             4597        2221        4594
   102.40000000000001             4595        2227        4590
   102.60000000000001             4597        2224        4591
   102.80000000000001             4596        2225        4591
   103.00000000000000             4594        2228        4590
   103.20000000000000             4592        2230        4590
   103.40000000000001             4594        2231        4587
   103.60000000000001             4594        2230        4588
   103.80000000000001             4595        2228        4589
   104.00000000000000             4593        2232        4587
   104.20000000000000             4597        2227        4588
   104.40000000000001             4598        2228        4586
   104.60000000000001             4595        2232        4585
   104.80000000000001             4596        2229        4587
   105.00000000000000             4598        2227        4587
   105.20000000000000             4599        2227        4586
   105.40000000000001             4594        2230        4588
   105.60000000000001             4599        2225        4588
   105.80000000000001             4596        2225        4591
   106.00000000000000             4597        2228        4587
   106.20000000000000             4594        2231        4587
   106.40000000000001             4599        2221        4592
   106.60000000000001             4597        2225        4590
   106.80000000000001             4589        2232        4591
   107.00000000000000             4593        2230        4589
   107.20000000000000             4592        2225        4595
   107.40000000000001             4590        2231        4591
   107.60000000000001             4590        2231        4591
   107.80000000000001             4592        2231        4589
   108.00000000000000             4594        2228        4590
   108.20000000000000             4593        2229        4590
   108.40000000000001             4590        2234        4588
   108.60000000000001             4588        2233        4591
   108.80000000000001             4588        2234        4590
   109.00000000000000             4588        2230        4594
   109.20000000000000             4592        2230        4590
   109.40000000000001             4591        2233        4588
   109.60000000000001             4589        2233        4590
   109.80000000000001             4587        2232        4593
   110.00000000000000             4590        2231        4591
   110.20000000000000             4590        2227        4595
   110.40000000000001             4589        2229        4594
   110.60000000000001             4589        2228        4595
   110.80000000000001             4588        2225        4599
   111.00000000000000             4589        2224        4599
   111.20000000000000             4590        2223        4599
   111.40000000000001             4593        2222        4597
   111.60000000000001             4593        2219        4600
   111.80000000000001             4592        2221        4599
   112.00000000000000             4591        2229        4592
   112.20000000000000             4589        2232        4591
   112.40000000000001             4588        2231        4593
   112.60000000000001             4592        2227        4593
   112.80000000000001             4588        2231        4593
   113.00000000000000             4591        2229        4592
   113.20000000000000             4592        2229        4591
   113.40000000000001             4589        2231        4592
   113.60000000000001             4590        2230        4592
   113.80000000000001             4586        2235        4591
   114.00000000000000             4591        2227        4594
   114.20000000000000             4590        2228        4594
   114.40000000000001             4590        2229        4593
   114.60000000000001             4593        2225        4594
   114.80000000000001             4589        2228        4595
   115.00000000000000             4592        2226        4594
   115.20000000000000             4592        2226        4594
   115.40000000000001             4588        2229        4595
   115.60000000000001             4590        2231        4591
   115.80000000000001             4586        2229        4597
   116.00000000000000             4588        2230        4594
   116.20000000000000             4589        2230        4593
   116.40000000000001             4589        2230        4593
   116.60000000000001             4591        2229        4592
   116.80000000000001             4592        2226        4594
   117.00000000000000             4590        2226        4596
   117.20000000000000             4595        2222        4595
   117.40000000000001             4596        2220        4596
   117.60000000000001             4596        2221        4595
   117.80000000000001             4597        2220        4595
   118.00000000000000             4598        2221        4593
   118.20000000000000             4594        2226        4592
   118.40000000000001             4592        2224        4596
   118.60000000000001             4589        2227        4596
   118.80000000000001             4589        2227        4596
   119.00000000000000             4591        2225        4596
   119.20000000000000             4591        2222        4599
   119.40000000000001             4594        2223        4595
   119.60000000000001             4591        2226        4595
   119.80000000000001             4593        2226        4593
   120.00000000000000             4592        2224        4596
   120.20000000000000             4592        2225        4595
   120.40000000000001             4590        2226        4596
   120.60000000000001             4590        2226        4596
   120.80000000000001             4596        2220        4596
   121.00000000000000             4597        2217        4598
   121.20000000000000             4598        2219        4595
   121.40000000000001             4595        2217        4600
   121.60000000000001             4596        2218        4598
   121.80000000000001             4592        2224        4596
   122.00000000000000             4590        2225        4597
   122.20000000000000             4591        2226        4595
   122.40000000000001             4594        2225        4593
   122.60000000000001             4592        2231        4589
   122.80000000000001             4591        2230        4591
   123.00000000000000             4590        2231        4591
   123.20000000000000             4593        2229        4590
   123.40000000000001             4595        2229        4588
   123.60000000000001             4590        2230        4592
   123.80000000000001             4592        2231        4589
   124.00000000000000             4588        2235        4589
   124.20000000000000             4589        2229        4594
   124.40000000000001             4591        2227        4594
   124.60000000000001             4592        2228        4592
   124.80000000000001             4592        2227        4593
   125.00000000000000             4587        2233        4592
   125.20000000000000             4592        2227        4593
   125.40000000000001             4594        2225        4593
   125.60000000000001             4591        2229        4592
   125.80000000000001             4588        2232        4592
   126.00000000000000             4592        2228        4592
   126.20000000000000             4592        2228        4592
   126.40000000000001             4595        2227        4590
   126.60000000000001             4594        2228        4590
   126.80000000000001             4590        2232        4590
   127.00000000000000             4592        2232        4588
   127.20000000000000             4591        2232        4589
   127.40000000000001             4592        2232        4588
   127.60000000000001             4591        2232        4589
   127.80000000000001             4591        2233        4588
   128.00000000000000             4591        2229        4592
   128.20000000000002             4589        2231        4592
   128.40000000000001             4589        2234        4589
   128.59999999999999             4590        2228        4594
   128.80000000000001             4592        2225        4595
   129.00000000000000             4594        2226        4592
   129.20000000000002             4595        2228        4589
   129.40000000000001             4592        2231        4589
   129.59999999999999             4593        2229        4590
   129.80000000000001             4592        2230        4590
   130.00000000000000             4593        2227        4592
   130.20000000000002             4590        2232        4590
   130.40000000000001             4590        2231        4591
   130.59999999999999             4588        2231        4593
   130.80000000000001             4587        2231        4594
   131.00000000000000             4593        2226        4593
   131.20000000000002             4590        2227        4595
   131.40000000000001             4589        2227        4596
   131.59999999999999             4593        2222        4597
   131.80000000000001             4590        2226        4596
   132.00000000000000             4589        2230        4593
   132.20000000000002             4592        2228        4592
   132.40000000000001             4595        2223        4594
   132.59999999999999             4595        2220        4597
   132.80000000000001             4596        2224        4592
   133.00000000000000             4595        2223        4594
   133.20000000000002             4590        2227        4595
   133.40000000000001             4592        2226        4594
   133.59999999999999             4590        2228        4594
   133.80000000000001             4593        2225        4594
   134.00000000000000             4590        2225        4597
   134.20000000000002             4589        2231        4592
   134.40000000000001             4592        2228        4592
   134.59999999999999             4590        2227        4595
   134.80000000000001             4589        2226        4597
   135.00000000000000             4589        2230        4593
   135.20000000000002             4592        2224        4596
   135.40000000000001             4590        2230        4592
   135.59999999999999             4594        2221        4597
   135.80000000000001             4596        2223        4593
   136.00000000000000             4592        2228        4592
   136.20000000000002             4593        2226        4593
   136.40000000000001             4594        2225        4593
   136.59999999999999             4593        2225        4594
   136.80000000000001             4598        2220        4594
   137.00000000000000             4598        2220        4594
   137.20000000000002             4596        2223        4593
   137.40000000000001             4596        2225        4591
   137.59999999999999             4598        2217        4597
   137.80000000000001             4597        2219        4596
   138.00000000000000             4594        2223        4595
   138.20000000000002             4594        2222        4596
   138.40000000000001             4594        2222        4596
   138.59999999999999             4597        2219        4596
   138.80000000000001             4595        2222        4595
   139.00000000000000             4600        2217        4595
   139.20000000000002             4599        2216        4597
   139.40000000000001             4598        2221        4593
   139.59999999999999             4599        2217        4596
   139.80000000000001             4601        2217        4594
   140.00000000000000             4598        2219        4595
   140.20000000000002             4594        2223        4595
   140.40000000000001             4594        2223        4595
   140.59999999999999             4593        2225        4594
   140.80000000000001             4592        2228        4592
   141.00000000000000             4592        2226        4594
   141.20000000000002             4593        2222        4597
   141.40000000000001             4593        2223        4596
   141.59999999999999             4590        2227        4595
   141.80000000000001             4593        2228        4591
   142.00000000000000             4594        2224        4594
   142.20000000000002             4593        2224        4595
   142.40000000000001             4592        2225        4595
   142.59999999999999             4591        2229        4592
   142.80000000000001             4593        2221        4598
   143.00000000000000             4593        2226        4593
   143.20000000000002             4593        2226        4593
   143.40000000000001             4596        2221        4595
   143.59999999999999             4593        2224        4595
   143.80000000000001             4592        2226        4594
   144.00000000000000             4592        2227        4593
   144.20000000000002             4592        2223        4597
   144.40000000000001             4592        2226        4594
   144.59999999999999             4594        2223        4595
   144.80000000000001             4595        2220        4597
   145.00000000000000             4598        2218        4596
   145.20000000000002             4598        2219        4595
   145.40000000000001             4597        2219        4596
   145.59999999999999             4600        2220        4592
   145.80000000000001             4596        2221        4595
   146.00000000000000             4595        2222        4595
   146.20000000000002             4597        2219        4596
   146.40000000000001             4596        2222        4594
   146.59999999999999             4596        2222        4594
   146.80000000000001             4596        2223        4593
   147.00000000000000             4593        2223        4596
   147.20000000000002             4597        2218        4597
   147.40000000000001             4594        2221        4597
   147.59999999999999             4594        2223        4595
   147.80000000000001             4593        2223        4596
   148.00000000000000             4594        2224        4594
   148.20000000000002             4595        2222        4595
   148.40000000000001             4591        2224        4597
   148.59999999999999             4591        2224        4597
   148.80000000000001             4596        2225        4591
   149.00000000000000             4596        2222        4594
   149.20000000000002             4598        2223        4591
   149.40000000000001             4597        2223        4592
   149.59999999999999             4596        2225        4591
   149.80000000000001             4595        2225        4592
   150.00000000000000             4595        2220        4597
   150.20000000000002             4594        2220        4598
   150.40000000000001             4592        2223        4597
   150.59999999999999             4592        2227        4593
   150.80000000000001             4593        2222        4597
   151.00000000000000             4595        2223        4594
   151.20000000000002             4593        2220        4599
   151.40000000000001             4592        2219        4601
   151.59999999999999             4593        2221        4598
   151.80000000000001             4594        2220        4598
   152.00000000000000             4590        2222        4600
   152.20000000000002             4591        2221        4600
   152.40000000000001             4595        2220        4597
   152.59999999999999             4592        2221        4599
   152.80000000000001             4595        2218        4599
   153.00000000000000             4597        2218        4597
   153.20000000000002             4597        2216        4599
   153.40000000000001             4593        2218        4601
   153.60000000000002             4597        2219        4596
   153.80000000000001             4596        2215        4601
   154.00000000000000             4596        2216        4600
   154.20000000000002             4594        2220        4598
   154.40000000000001             4593        2219        4600
   154.60000000000002             4588        2225        4599
   154.80000000000001             4590        2226        4596
   155.00000000000000             4588        2230        4594
   155.20000000000002             4592        2223        4597
   155.40000000000001             4592        2224        4596
   155.60000000000002             4595        2220        4597
   155.80000000000001             4597        2219        4596
   156.00000000000000             4595        2222        4595
   156.20000000000002             4591        2223        4598
   156.40000000000001             4591        2225        4596
   156.60000000000002             4591        2223        4598
   156.80000000000001             4594        2223        4595
   157.00000000000000             4593        2226        4593
   157.20000000000002             4590        2226        4596
   157.40000000000001             4591        2224        4597
   157.60000000000002             4593        2219        4600
   157.80000000000001             4595        2219        4598
   158.00000000000000             4593        2221        4598
   158.20000000000002             4596        2221        4595
   158.40000000000001             4594        2225        4593
   158.60000000000002             4591        2226        4595
   158.80000000000001             4588        2230        4594
   159.00000000000000             4593        2225        4594
   159.20000000000002             4595        2223        4594
   159.40000000000001             4597        2223        4592
   159.60000000000002             4599        2215        4598
   159.80000000000001             4594        2220        4598
   160.00000000000000             4597        2216        4599
   160.20000000000002             4594        2218        4600
   160.40000000000001             4594        2220        4598
   160.60000000000002             4593        2224        4595
   160.80000000000001             4597        2221        4594
   161.00000000000000             4593        2228        4591
   161.20000000000002             4590        2230        4592
   161.40000000000001             4591        2230        4591
   161.60000000000002             4591        2229        4592
   161.80000000000001             4594        2227        4591
   162.00000000000000             4596        2224        4592
   162.20000000000002             4596        2224        4592
   162.40000000000001             4592        2231        4589
   162.60000000000002             4593        2229        4590
   162.80000000000001             4594        2229        4589
   163.00000000000000             4596        2226        4590
   163.20000000000002             4602        2220        4590
   163.40000000000001             4597        2222        4593
   163.60000000000002             4597        2222        4593
   163.80000000000001             4599        2222        4591
   164.00000000000000             4596        2228        4588
   164.20000000000002             4588        2236        4588
   164.40000000000001             4594        2228        4590
   164.60000000000002             4594        2226        4592
   164.80000000000001             4591        2229        4592
   165.00000000000000             4594        2222        4596
   165.20000000000002             4591        2224        4597
   165.40000000000001             4593        2221        4598
   165.60000000000002             4592        2227        4593
   165.80000000000001             4591        2230        4591
   166.00000000000000             4593        2227        4592
   166.20000000000002             4595        2223        4594
   166.40000000000001             4594        2222        4596
   166.60000000000002             4597        2220        4595
   166.80000000000001             4595        2223        4594
   167.00000000000000             4595        2223        4594
   167.20000000000002             4596        2221        4595
   167.40000000000001             4595        2221        4596
   167.60000000000002             4593        2223        4596
   167.80000000000001             4594        2221        4597
   168.00000000000000             4594        2223        4595
   168.20000000000002             4594        2224        4594
   168.40000000000001             4595        2223        4594
   168.60000000000002             4595        2222        4595
   168.80000000000001             4596        2226        4590
   169.00000000000000             4597        2221        4594
   169.20000000000002             4595        2219        4598
   169.40000000000001             4598        2216        4598
   169.60000000000002             4596        2220        4596
   169.80000000000001             4598        2218        4596
   170.00000000000000             4592        2225        4595
   170.20000000000002             4594        2224        4594
   170.40000000000001             4593        2223        4596
   170.60000000000002             4596        2221        4595
   170.80000000000001             4596        2222        4594
   171.00000000000000             4593        2226        4593
   171.20000000000002             4590        2231        4591
   171.40000000000001             4594        2224        4594
   171.60000000000002             4591        2227        4594
   171.80000000000001             4592        2224        4596
   172.00000000000000             4593        2223        4596
   172.20000000000002             4593        2224        4595
   172.40000000000001             4593        2227        4592
   172.60000000000002             4595        2221        4596
   172.80000000000001             4592        2221        4599
   173.00000000000000             4591        2221        4600
   173.20000000000002             4595        2219        4598
   173.40000000000001             4593        2223        4596
   173.60000000000002             4592        2224        4596
   173.80000000000001             4593        2225        4594
   174.00000000000000             4592        2226        4594
   174.20000000000002             4594        2221        4597
   174.40000000000001             4592        2225        4595
   174.60000000000002             4591        2227        4594
   174.80000000000001             4593        2223        4596
   175.00000000000000             4594        2219        4599
   175.20000000000002             4595        2219        4598
   175.40000000000001             4598        2217        4597
   175.60000000000002             4594        2221        4597
   175.80000000000001             4598        2219        4595
   176.00000000000000             4598        2218        4596
   176.20000000000002             4594        2223        4595
   176.40000000000001             4595        2220        4597
   176.60000000000002             4595        2222        4595
   176.80000000000001             4594        2222        4596
   177.00000000000000             4596        2220        4596
   177.20000000000002             4595        2223        4594
   177.40000000000001             4598        2221        4593
   177.60000000000002             4594        2224        4594
   177.80000000000001             4589        2226        4597
   178.00000000000000             4594        2222        4596
   178.20000000000002             4597        2220        4595
   178.40000000000001             4595        2221        4596
   178.60000000000002             4595        2223        4594
   178.80000000000001             4597        2221        4594
   179.00000000000000             4593        2225        4594
   179.20000000000002             4591        2222        4599
   179.40000000000001             4588        2224        4600
   179.60000000000002             4590        2224        4598
   179.80000000000001             4594        2220        4598
   180.00000000000000             4595        2219        4598
   180.20000000000002             4599        2217        4596
   180.40000000000001             4598        2218        4596
   180.60000000000002             4597        2221        4594
   180.80000000000001             4594        2222        4596
   181.00000000000000             4597        2222        4593
   181.20000000000002             4594        2223        4595
   181.40000000000001             4592        2226        4594
   181.60000000000002             4592        2229        4591
   181.80000000000001             4593        2228        4591
   182.00000000000000             4591        2226        4595
   182.20000000000002             4593        2225        4594
   182.40000000000001             4595        2223        4594
   182.60000000000002             4594        2225        4593
   182.80000000000001             4595        2222        4595
   183.00000000000000             4597        2222        4593
   183.20000000000002             4596        2223        4593
   183.40000000000001             4595        2225        4592
   183.60000000000002             4593        2225        4594
   183.80000000000001             4590        2230        4592
   184.00000000000000             4587        2231        4594
   184.20000000000002             4588        2226        4598
   184.40000000000001             4590        2226        4596
   184.60000000000002             4593        2222        4597
   184.80000000000001             4594        2222        4596
   185.00000000000000             4596        2221        4595
   185.20000000000002             4595        2220        4597
   185.40000000000001             4593        2224        4595
   185.60000000000002             4595        2221        4596
   185.80000000000001             4591        2223        4598
   186.00000000000000             4595        2220        4597
   186.20000000000002             4597        2218        4597
   186.40000000000001             4595        2214        4603
   186.60000000000002             4597        2216        4599
   186.80000000000001             4595        2219        4598
   187.00000000000000             4595        2220        4597
   187.20000000000002             4597        2218        4597
   187.40000000000001             4596        2220        4596
   187.60000000000002             4597        2220        4595
   187.80000000000001             4594        2222        4596
   188.00000000000000             4598        2221        4593
   188.20000000000002             4595        2224        4593
   188.40000000000001             4596        2223        4593
   188.60000000000002             4598        2221        4593
   188.80000000000001             4597        2221        4594
   189.00000000000000             4595        2223        4594
   189.20000000000002             4594        2224        4594
   189.40000000000001             4598        2216        4598
   189.60000000000002             4596        2218        4598
   189.80000000000001             4597        2216        4599
   190.00000000000000             4593        2221        4598
   190.20000000000002             4594        2222        4596
   190.40000000000001             4593        2222        4597
   190.60000000000002             4597        2219        4596
   190.80000000000001             4595        2220        4597
   191.00000000000000             4596        2219        4597
   191.20000000000002             4594        2224        4594
   191.40000000000001             4595        2221        4596
   191.60000000000002             4593        2224        4595
   191.80000000000001             4596        2222        4594
   192.00000000000000             4593        2225        4594
   192.20000000000002             4596        2219        4597
   192.40000000000001             4590        2225        4597
   192.60000000000002             4595        2221        4596
   192.80000000000001             4594        2219        4599
   193.00000000000000             4591        2222        4599
   193.20000000000002             4594        2221        4597
   193.40000000000001             4593        2221        4598
   193.60000000000002             4593        2224        4595
   193.80000000000001             4595        2223        4594
   194.00000000000000             4594        2225        4593
   194.20000000000002             4595        2221        4596
   194.40000000000001             4593        2221        4598
   194.60000000000002             4594        2224        4594
   194.80000000000001             4597        2219        4596
   195.00000000000000             4595        2220        4597
   195.20000000000002             4594        2219        4599
   195.40000000000001             4596        2219        4597
   195.60000000000002             4595        2221        4596
   195.80000000000001             4597        2218        4597
   196.00000000000000             4595        2219        4598
   196.20000000000002             4590        2224        4598
   196.40000000000001             4593        2221        4598
   196.60000000000002             4592        2222        4598
   196.80000000000001             4593        2221        4598
   197.00000000000000             4594        2221        4597
   197.20000000000002             4594        2221        4597
   197.40000000000001             4594        2221        4597
   197.60000000000002             4594        2221        4597
   197.80000000000001             4594        2218        4600
   198.00000000000000             4593        2220        4599
   198.20000000000002             4596        2215        4601
   198.40000000000001             4596        2218        4598
   198.60000000000002             4593        2220        4599
   198.80000000000001             4593        2221        4598
   199.00000000000000             4594        2224        4594
   199.20000000000002             4597        2221        4594
   199.40000000000001             4597        2218        4597
   199.60000000000002             4599        2217        4596
   199.80000000000001             4595        2221        4596
   200.00000000000000             4594        2221        4597
