# Ion number density
# The last    3 ion types are fixed
# Average over 460465 steps
# z (au)        total        A            Im1          Im2          Im3          N            C            Me           C1           C2           P
0.324582856 0.045220079 0.000000000 0.000000000 0.000000000 0.000000000 0.000000000 0.000000000 0.000000000 0.000000000 0.000000000 0.045220079
0.973748567 0.000000000 0.000000000 0.000000000 0.000000000 0.000000000 0.000000000 0.000000000 0.000000000 0.000000000 0.000000000 0.000000000
1.622914278 0.000000000 0.000000000 0.000000000 0.000000000 0.000000000 0.000000000 0.000000000 0.000000000 0.000000000 0.000000000 0.000000000
2.272079990 0.000000000 0.000000000 0.000000000 0.000000000 0.000000000 0.000000000 0.000000000 0.000000000 0.000000000 0.000000000 0.000000000
2.921245701 0.000000000 0.000000000 0.000000000 0.000000000 0.000000000 0.000000000 0.000000000 0.000000000 0.000000000 0.000000000 0.000000000
3.570411412 0.000000000 0.000000000 0.000000000 0.000000000 0.000000000 0.000000000 0.000000000 0.000000000 0.000000000 0.000000000 0.000000000
4.219577124 0.006783012 0.000000000 0.000000000 0.000000000 0.000000000 0.000000000 0.000000000 0.000000000 0.006783012 0.000000000 0.000000000
4.868742835 0.009272451 0.000000000 0.000000000 0.000000208 0.000000000 0.000002097 0.000000000 0.000000030 0.009270116 0.000000000 0.000000000
5.517908546 0.009595336 0.000000000 0.000000008 0.000014596 0.000002270 0.000057463 0.000006702 0.000018080 0.009496217 0.000000000 0.000000000
6.167074257 0.009876276 0.000029085 0.000024574 0.000086147 0.000066243 0.000277711 0.000293462 0.000281140 0.008817915 0.000000000 0.000000000
6.816239969 0.013001567 0.000207224 0.000202679 0.000137386 0.000237639 0.000179929 0.000240343 0.000265247 0.011531120 0.000000000 0.000000000
7.465405680 0.010112999 0.000207051 0.000203689 0.000098779 0.000309159 0.000073215 0.000090261 0.000086829 0.009044016 0.000000000 0.000000000
8.114571391 0.009820942 0.000081425 0.000179523 0.000098231 0.000276583 0.000073750 0.000040013 0.000027402 0.009044016 0.000000000 0.000000000
8.763737103 0.008191512 0.000102535 0.000127790 0.000088740 0.000244172 0.000114834 0.000032174 0.000019954 0.007461313 0.000000000 0.000000000
9.412902814 0.012647831 0.000046164 0.000071124 0.000050317 0.000186220 0.000127009 0.000123923 0.000059752 0.011983321 0.000000000 0.000000000
10.062068525 0.007189587 0.000007814 0.000055388 0.000076159 0.000071982 0.000133255 0.000151235 0.000136844 0.006556911 0.000000000 0.000000000
10.711234237 0.007638489 0.000058386 0.000080149 0.000155518 0.000017029 0.000129311 0.000085375 0.000103608 0.007009112 0.000000000 0.000000000
11.360399948 0.009367879 0.000170109 0.000135097 0.000247187 0.000021701 0.000099730 0.000043848 0.000058391 0.008591815 0.000000000 0.000000000
12.009565659 0.010781986 0.000184967 0.000119682 0.000227828 0.000121189 0.000105552 0.000042038 0.000032314 0.009948417 0.000000000 0.000000000
12.658731371 0.009476475 0.000220703 0.000193047 0.000151706 0.000144760 0.000082539 0.000061096 0.000030810 0.008591815 0.000000000 0.000000000
13.307897082 0.010213732 0.000102011 0.000206795 0.000119726 0.000076780 0.000057263 0.000083236 0.000071703 0.009496217 0.000000000 0.000000000
13.957062793 0.009402205 0.000130738 0.000154558 0.000141741 0.000029885 0.000045571 0.000131522 0.000176375 0.008591815 0.000000000 0.000000000
14.606228505 0.007523068 0.000285960 0.000099496 0.000171341 0.000010119 0.000028564 0.000142086 0.000228592 0.006556911 0.000000000 0.000000000
15.255394216 0.008740860 0.000352454 0.000088398 0.000134464 0.000021838 0.000034448 0.000202031 0.000219813 0.007687413 0.000000000 0.000000000
15.904559927 0.010116986 0.000215420 0.000077865 0.000125765 0.000075914 0.000121337 0.000211724 0.000244945 0.009044016 0.000000000 0.000000000
16.553725639 0.007764120 0.000088478 0.000137402 0.000101233 0.000128207 0.000295977 0.000196312 0.000259600 0.006556911 0.000000000 0.000000000
17.202891350 0.009013524 0.000062372 0.000237383 0.000075680 0.000120693 0.000262032 0.000153818 0.000188031 0.007913514 0.000000000 0.000000000
17.852057061 0.007457403 0.000116666 0.000315901 0.000076860 0.000177998 0.000187422 0.000161572 0.000090173 0.006330811 0.000000000 0.000000000
18.501222772 0.009557288 0.000184019 0.000184867 0.000107148 0.000307909 0.000157371 0.000175126 0.000075135 0.008365715 0.000000000 0.000000000
19.150388484 0.007914309 0.000234258 0.000086763 0.000144358 0.000213240 0.000129052 0.000147440 0.000176186 0.006783012 0.000000000 0.000000000
19.799554195 0.007745365 0.000321562 0.000104658 0.000184330 0.000116426 0.000158734 0.000167836 0.000361008 0.006330811 0.000000000 0.000000000
20.448719906 0.008682995 0.000420066 0.000169380 0.000181119 0.000108877 0.000162925 0.000262139 0.000369375 0.007009112 0.000000000 0.000000000
21.097885618 0.008475148 0.000227733 0.000114042 0.000168860 0.000171260 0.000226592 0.000296919 0.000260631 0.007009112 0.000000000 0.000000000
21.747051329 0.006982726 0.000168533 0.000022326 0.000204511 0.000265839 0.000284462 0.000336301 0.000274345 0.005426409 0.000000000 0.000000000
22.396217040 0.007044575 0.000068140 0.000039819 0.000313942 0.000232402 0.000324327 0.000313187 0.000326349 0.005426409 0.000000000 0.000000000
23.045382752 0.007303703 0.000042175 0.000099282 0.000371958 0.000112155 0.000318529 0.000323840 0.000383254 0.005652510 0.000000000 0.000000000
23.694548463 0.009304188 0.000057529 0.000122872 0.000365674 0.000149160 0.000310385 0.000325692 0.000285462 0.007687413 0.000000000 0.000000000
24.343714174 0.007235726 0.000155465 0.000114593 0.000219158 0.000143996 0.000283603 0.000306513 0.000133786 0.005878610 0.000000000 0.000000000
24.992879886 0.009198102 0.000263780 0.000158510 0.000132789 0.000122938 0.000225611 0.000255808 0.000125150 0.007913514 0.000000000 0.000000000
25.642045597 0.007602727 0.000190371 0.000185274 0.000110151 0.000128413 0.000258107 0.000081903 0.000091597 0.006556911 0.000000000 0.000000000
26.291211308 0.008219639 0.000227524 0.000234395 0.000097955 0.000145683 0.000182248 0.000036370 0.000060251 0.007235213 0.000000000 0.000000000
26.940377020 0.007728956 0.000293689 0.000368592 0.000111538 0.000204707 0.000078881 0.000026336 0.000088301 0.006556911 0.000000000 0.000000000
27.589542731 0.007429943 0.000218667 0.000467208 0.000136239 0.000327592 0.000061971 0.000033348 0.000080209 0.006104711 0.000000000 0.000000000
28.238708442 0.005716994 0.000179511 0.000317228 0.000235839 0.000289443 0.000073255 0.000061717 0.000037993 0.004522008 0.000000000 0.000000000
28.887874153 0.008016441 0.000252096 0.000218924 0.000284669 0.000227661 0.000074287 0.000137683 0.000038108 0.006783012 0.000000000 0.000000000
29.537039865 0.006944308 0.000276820 0.000312140 0.000243540 0.000170692 0.000081049 0.000134330 0.000073227 0.005652510 0.000000000 0.000000000
30.186205576 0.006129422 0.000240199 0.000394565 0.000217713 0.000124065 0.000130295 0.000118287 0.000156190 0.004748108 0.000000000 0.000000000
30.835371287 0.007444455 0.000198958 0.000389267 0.000315914 0.000097187 0.000202372 0.000142731 0.000219414 0.005878610 0.000000000 0.000000000
31.484536999 0.007331739 0.000181125 0.000351176 0.000463327 0.000138045 0.000339414 0.000245136 0.000187107 0.005426409 0.000000000 0.000000000
32.133702710 0.006909192 0.000184191 0.000336443 0.000348894 0.000286828 0.000389829 0.000239732 0.000149066 0.004974209 0.000000000 0.000000000
32.782868421 0.006839170 0.000157171 0.000235993 0.000239353 0.000506553 0.000323361 0.000283044 0.000119487 0.004974209 0.000000000 0.000000000
33.432034133 0.008049099 0.000171538 0.000106718 0.000196403 0.000705121 0.000197862 0.000213916 0.000126730 0.006330811 0.000000000 0.000000000
34.081199844 0.005931220 0.000253313 0.000134594 0.000196377 0.000561992 0.000126293 0.000188593 0.000174151 0.004295907 0.000000000 0.000000000
34.730365555 0.006175160 0.000236161 0.000131691 0.000201051 0.000348285 0.000094897 0.000203176 0.000211791 0.004748108 0.000000000 0.000000000
35.379531267 0.007814403 0.000216256 0.000126301 0.000201030 0.000284946 0.000080323 0.000144715 0.000203919 0.006556911 0.000000000 0.000000000
36.028696978 0.006806798 0.000178568 0.000183096 0.000160162 0.000254045 0.000085534 0.000078033 0.000214851 0.005652510 0.000000000 0.000000000
36.677862689 0.005658249 0.000165692 0.000251403 0.000110943 0.000182929 0.000098942 0.000081700 0.000244633 0.004522008 0.000000000 0.000000000
37.327028401 0.009010943 0.000245785 0.000337447 0.000120853 0.000152960 0.000115524 0.000136975 0.000213986 0.007687413 0.000000000 0.000000000
37.976194112 0.007180525 0.000364746 0.000374379 0.000172393 0.000150746 0.000124638 0.000166552 0.000174561 0.005652510 0.000000000 0.000000000
38.625359823 0.007781527 0.000454966 0.000335608 0.000206002 0.000136390 0.000145974 0.000161897 0.000235979 0.006104711 0.000000000 0.000000000
39.274525534 0.005772268 0.000522856 0.000205428 0.000190739 0.000124207 0.000210287 0.000187970 0.000260974 0.004069807 0.000000000 0.000000000
39.923691246 0.007385112 0.000462006 0.000089821 0.000129618 0.000136806 0.000316787 0.000325351 0.000272213 0.005652510 0.000000000 0.000000000
40.572856957 0.005640693 0.000311690 0.000053141 0.000106869 0.000182361 0.000317567 0.000344007 0.000255250 0.004069807 0.000000000 0.000000000
41.222022668 0.008603378 0.000161709 0.000092843 0.000139779 0.000235287 0.000233884 0.000310418 0.000194245 0.007235213 0.000000000 0.000000000
41.871188380 0.006192316 0.000086525 0.000173080 0.000206565 0.000237350 0.000236870 0.000276897 0.000226921 0.004748108 0.000000000 0.000000000
42.520354091 0.007894957 0.000036397 0.000273322 0.000310169 0.000157945 0.000280553 0.000247537 0.000258222 0.006330811 0.000000000 0.000000000
43.169519802 0.005371675 0.000029571 0.000308647 0.000436091 0.000171452 0.000302075 0.000234045 0.000272189 0.003617606 0.000000000 0.000000000
43.818685514 0.007380368 0.000159202 0.000202711 0.000363686 0.000205972 0.000310161 0.000194038 0.000292090 0.005652510 0.000000000 0.000000000
44.467851225 0.005707296 0.000131219 0.000168191 0.000202622 0.000201286 0.000357066 0.000275359 0.000301745 0.004069807 0.000000000 0.000000000
45.117016936 0.005801167 0.000085041 0.000229061 0.000181589 0.000197625 0.000370256 0.000373125 0.000294662 0.004069807 0.000000000 0.000000000
45.766182648 0.008827942 0.000175850 0.000290143 0.000193271 0.000177908 0.000354946 0.000348249 0.000278462 0.007009112 0.000000000 0.000000000
46.415348359 0.007488768 0.000188063 0.000218982 0.000185068 0.000114590 0.000304180 0.000283389 0.000315886 0.005878610 0.000000000 0.000000000
47.064514070 0.006364973 0.000092101 0.000108960 0.000160668 0.000095021 0.000298933 0.000321233 0.000313850 0.004974209 0.000000000 0.000000000
47.713679782 0.005293943 0.000071314 0.000062475 0.000114616 0.000100348 0.000279853 0.000358903 0.000236628 0.004069807 0.000000000 0.000000000
48.362845493 0.009224495 0.000063342 0.000056872 0.000073045 0.000127399 0.000236877 0.000323630 0.000203716 0.008139614 0.000000000 0.000000000
49.012011204 0.006517288 0.000065832 0.000053942 0.000063242 0.000152259 0.000255796 0.000272162 0.000227646 0.005426409 0.000000000 0.000000000
49.661176916 0.007015623 0.000120854 0.000049377 0.000070709 0.000150189 0.000309367 0.000277651 0.000384964 0.005652510 0.000000000 0.000000000
50.310342627 0.005125088 0.000235175 0.000043527 0.000077665 0.000137337 0.000290520 0.000297951 0.000425306 0.003617606 0.000000000 0.000000000
50.959508338 0.009303502 0.000279276 0.000073212 0.000097271 0.000139265 0.000266082 0.000359244 0.000401739 0.007687413 0.000000000 0.000000000
51.608674049 0.007195501 0.000430737 0.000119202 0.000165137 0.000142306 0.000272116 0.000303460 0.000336134 0.005426409 0.000000000 0.000000000
52.257839761 0.007314778 0.000204270 0.000134159 0.000252379 0.000130808 0.000189993 0.000253299 0.000271261 0.005878610 0.000000000 0.000000000
52.907005472 0.006899981 0.000173105 0.000128642 0.000290768 0.000102345 0.000142436 0.000204304 0.000205871 0.005652510 0.000000000 0.000000000
53.556171183 0.007607851 0.000129305 0.000110013 0.000241363 0.000069696 0.000159351 0.000164267 0.000176943 0.006556911 0.000000000 0.000000000
54.205336895 0.008819244 0.000093577 0.000120337 0.000156268 0.000077625 0.000174308 0.000107113 0.000176501 0.007913514 0.000000000 0.000000000
54.854502606 0.010368216 0.000085935 0.000146636 0.000132015 0.000102193 0.000158660 0.000095838 0.000150723 0.009496217 0.000000000 0.000000000
55.503668317 0.008477560 0.000112216 0.000227226 0.000147704 0.000127109 0.000160183 0.000118284 0.000123525 0.007461313 0.000000000 0.000000000
56.152834029 0.008008678 0.000141227 0.000334105 0.000155420 0.000139064 0.000193885 0.000149318 0.000112646 0.006783012 0.000000000 0.000000000
56.801999740 0.012783738 0.000164788 0.000300729 0.000145193 0.000132215 0.000226579 0.000178569 0.000104546 0.011531120 0.000000000 0.000000000
57.451165451 0.008455230 0.000161901 0.000205023 0.000130057 0.000125942 0.000252273 0.000222914 0.000121908 0.007235213 0.000000000 0.000000000
58.100331163 0.008973416 0.000179886 0.000159276 0.000134538 0.000161155 0.000257892 0.000235386 0.000157870 0.007687413 0.000000000 0.000000000
58.749496874 0.008368538 0.000212887 0.000130719 0.000156859 0.000229272 0.000253323 0.000198692 0.000177673 0.007009112 0.000000000 0.000000000
59.398662585 0.009007389 0.000187148 0.000129232 0.000183377 0.000225051 0.000227961 0.000179979 0.000187229 0.007687413 0.000000000 0.000000000
60.047828297 0.006901939 0.000174625 0.000145689 0.000175311 0.000208016 0.000183266 0.000199994 0.000162530 0.005652510 0.000000000 0.000000000
60.696994008 0.007654896 0.000198345 0.000163622 0.000152505 0.000240972 0.000154815 0.000218141 0.000195686 0.006330811 0.000000000 0.000000000
61.346159719 0.008365088 0.000190334 0.000186376 0.000145225 0.000281685 0.000138702 0.000173687 0.000239966 0.007009112 0.000000000 0.000000000
61.995325430 0.007478177 0.000171241 0.000197703 0.000173771 0.000228811 0.000156007 0.000161113 0.000284820 0.006104711 0.000000000 0.000000000
62.644491142 0.008142543 0.000176110 0.000197826 0.000216903 0.000165977 0.000192140 0.000164955 0.000245621 0.006783012 0.000000000 0.000000000
63.293656853 0.011000009 0.000203341 0.000141591 0.000225459 0.000149974 0.000213580 0.000172887 0.000170862 0.009722317 0.000000000 0.000000000
63.942822564 0.008015846 0.000223549 0.000130207 0.000180348 0.000132973 0.000210416 0.000202299 0.000153042 0.006783012 0.000000000 0.000000000
64.591988276 0.005074577 0.000122589 0.000205022 0.000158175 0.000131628 0.000173618 0.000262704 0.000177134 0.003843707 0.000000000 0.000000000
65.241153987 0.007725105 0.000078079 0.000181900 0.000144752 0.000126739 0.000163919 0.000228731 0.000244074 0.006556911 0.000000000 0.000000000
65.890319698 0.009673182 0.000076996 0.000129505 0.000108706 0.000116973 0.000190345 0.000190639 0.000268203 0.008591815 0.000000000 0.000000000
66.539485410 0.006373193 0.000098355 0.000148116 0.000097044 0.000126247 0.000258316 0.000203764 0.000241042 0.005200309 0.000000000 0.000000000
67.188651121 0.008739158 0.000133714 0.000151521 0.000101062 0.000137351 0.000287045 0.000248958 0.000218196 0.007461313 0.000000000 0.000000000
67.837816832 0.010463601 0.000163182 0.000165575 0.000105410 0.000114964 0.000288669 0.000319298 0.000262485 0.009044016 0.000000000 0.000000000
68.486982544 0.007842370 0.000200437 0.000146412 0.000107493 0.000098964 0.000303025 0.000348815 0.000306411 0.006330811 0.000000000 0.000000000
69.136148255 0.006708457 0.000172725 0.000131050 0.000121176 0.000110852 0.000331793 0.000331589 0.000308963 0.005200309 0.000000000 0.000000000
69.785313966 0.009127555 0.000163597 0.000138051 0.000150689 0.000183434 0.000368640 0.000356318 0.000305511 0.007461313 0.000000000 0.000000000
70.434479678 0.006921375 0.000162353 0.000122027 0.000139514 0.000183096 0.000403859 0.000327170 0.000383048 0.005200309 0.000000000 0.000000000
71.083645389 0.008828097 0.000128960 0.000099768 0.000122390 0.000134487 0.000396932 0.000291864 0.000418485 0.007235213 0.000000000 0.000000000
71.732811100 0.010348140 0.000079127 0.000106950 0.000129044 0.000122493 0.000374982 0.000360517 0.000357110 0.008817915 0.000000000 0.000000000
72.381976811 0.004921068 0.000064483 0.000086335 0.000107365 0.000130288 0.000394819 0.000420209 0.000326066 0.003391506 0.000000000 0.000000000
73.031142523 0.008097212 0.000058434 0.000045795 0.000075868 0.000130018 0.000417456 0.000475503 0.000337226 0.006556911 0.000000000 0.000000000
73.680308234 0.008312083 0.000060699 0.000051377 0.000069722 0.000084862 0.000426890 0.000463358 0.000372165 0.006783012 0.000000000 0.000000000
74.329473945 0.008201497 0.000055113 0.000077887 0.000075972 0.000088879 0.000408779 0.000452281 0.000485675 0.006556911 0.000000000 0.000000000
74.978639657 0.009227571 0.000047834 0.000145523 0.000102711 0.000102623 0.000370983 0.000431613 0.000564971 0.007461313 0.000000000 0.000000000
75.627805368 0.010139407 0.000101658 0.000189450 0.000140224 0.000095600 0.000357991 0.000406416 0.000482354 0.008365715 0.000000000 0.000000000
76.276971079 0.009562395 0.000145141 0.000100986 0.000121732 0.000102852 0.000362410 0.000399549 0.000416211 0.007913514 0.000000000 0.000000000
76.926136791 0.006930656 0.000089841 0.000064038 0.000124707 0.000117086 0.000376372 0.000369022 0.000363182 0.005426409 0.000000000 0.000000000
77.575302502 0.008390273 0.000103272 0.000051258 0.000133876 0.000106899 0.000334888 0.000324620 0.000326349 0.007009112 0.000000000 0.000000000
78.224468213 0.006950527 0.000161197 0.000054418 0.000134735 0.000090892 0.000281241 0.000267424 0.000308109 0.005652510 0.000000000 0.000000000
78.873633925 0.010961725 0.000197359 0.000084608 0.000131139 0.000086346 0.000238302 0.000225212 0.000276442 0.009722317 0.000000000 0.000000000
79.522799636 0.008653884 0.000169931 0.000131274 0.000122763 0.000087831 0.000225390 0.000217699 0.000237683 0.007461313 0.000000000 0.000000000
80.171965347 0.007863580 0.000277597 0.000146089 0.000114238 0.000085803 0.000223756 0.000225973 0.000233212 0.006556911 0.000000000 0.000000000
80.821131059 0.010064871 0.000205853 0.000136557 0.000090758 0.000080371 0.000217754 0.000237574 0.000278087 0.008817915 0.000000000 0.000000000
81.470296770 0.008596230 0.000104107 0.000119474 0.000079512 0.000071776 0.000256568 0.000218598 0.000284882 0.007461313 0.000000000 0.000000000
82.119462481 0.007544773 0.000111140 0.000099451 0.000080253 0.000092137 0.000309652 0.000263010 0.000258319 0.006330811 0.000000000 0.000000000
82.768628193 0.009527529 0.000116763 0.000084109 0.000080738 0.000162683 0.000342582 0.000347487 0.000253554 0.008139614 0.000000000 0.000000000
83.417793904 0.007971075 0.000096164 0.000071200 0.000077014 0.000207316 0.000342482 0.000364235 0.000255752 0.006556911 0.000000000 0.000000000
84.066959615 0.010650078 0.000073579 0.000082637 0.000090186 0.000208872 0.000333423 0.000358020 0.000233244 0.009270116 0.000000000 0.000000000
84.716125326 0.009924753 0.000060901 0.000082272 0.000111411 0.000204345 0.000320561 0.000312559 0.000240889 0.008591815 0.000000000 0.000000000
85.365291038 0.009241695 0.000064407 0.000091635 0.000145015 0.000187637 0.000334180 0.000242819 0.000262486 0.007913514 0.000000000 0.000000000
86.014456749 0.005033854 0.000083161 0.000139518 0.000157420 0.000179551 0.000308916 0.000251070 0.000296611 0.003617606 0.000000000 0.000000000
86.663622460 0.001460906 0.000100618 0.000187972 0.000159311 0.000206024 0.000265488 0.000250122 0.000291372 0.000000000 0.000000000 0.000000000
87.312788172 0.001513572 0.000122498 0.000207105 0.000165674 0.000222987 0.000258916 0.000273953 0.000262438 0.000000000 0.000000000 0.000000000
87.961953883 0.001731143 0.000226188 0.000220543 0.000179049 0.000250181 0.000297878 0.000296316 0.000260987 0.000000000 0.000000000 0.000000000
88.611119594 0.002124113 0.000303351 0.000260308 0.000224228 0.000334770 0.000369136 0.000300935 0.000331383 0.000000000 0.000000000 0.000000000
89.260285306 0.002678413 0.000376521 0.000298146 0.000294053 0.000423138 0.000462168 0.000364813 0.000459575 0.000000000 0.000000000 0.000000000
89.909451017 0.003424941 0.000424513 0.000333733 0.000354034 0.000481947 0.000647652 0.000588452 0.000594609 0.000000000 0.000000000 0.000000000
90.558616728 0.004166301 0.000542575 0.000424442 0.000410645 0.000581212 0.000767349 0.000758351 0.000681726 0.000000000 0.000000000 0.000000000
91.207782440 0.004554437 0.000676684 0.000487477 0.000428323 0.000671038 0.000760131 0.000795060 0.000735724 0.000000000 0.000000000 0.000000000
91.856948151 0.004352980 0.000719855 0.000516742 0.000382079 0.000670136 0.000625163 0.000717483 0.000721523 0.000000000 0.000000000 0.000000000
92.506113862 0.003632478 0.000626315 0.000503134 0.000337401 0.000555474 0.000470398 0.000583806 0.000555951 0.000000000 0.000000000 0.000000000
93.155279574 0.002881163 0.000441279 0.000436070 0.000334388 0.000411337 0.000382418 0.000478636 0.000397035 0.000000000 0.000000000 0.000000000
93.804445285 0.002474950 0.000320842 0.000382977 0.000340689 0.000330798 0.000363328 0.000410043 0.000326274 0.000000000 0.000000000 0.000000000
94.453610996 0.002438213 0.000284297 0.000402245 0.000384904 0.000306122 0.000402158 0.000344211 0.000314278 0.000000000 0.000000000 0.000000000
95.102776707 0.002615504 0.000303864 0.000498195 0.000404446 0.000310035 0.000436024 0.000335792 0.000327148 0.000000000 0.000000000 0.000000000
95.751942419 0.002856491 0.000331208 0.000563663 0.000457888 0.000327543 0.000431255 0.000354826 0.000390108 0.000000000 0.000000000 0.000000000
96.401108130 0.002953389 0.000344366 0.000560199 0.000493736 0.000346501 0.000406681 0.000368415 0.000433492 0.000000000 0.000000000 0.000000000
97.050273841 0.003037331 0.000393341 0.000551874 0.000500099 0.000378563 0.000383696 0.000380077 0.000449681 0.000000000 0.000000000 0.000000000
97.699439553 0.003108286 0.000449941 0.000482743 0.000511121 0.000425103 0.000373715 0.000399324 0.000466338 0.000000000 0.000000000 0.000000000
98.348605264 0.003267131 0.000511486 0.000463019 0.000549986 0.000478848 0.000392184 0.000417253 0.000454355 0.000000000 0.000000000 0.000000000
98.997770975 0.003335718 0.000539820 0.000458033 0.000559374 0.000513098 0.000406631 0.000439866 0.000418895 0.000000000 0.000000000 0.000000000
99.646936687 0.003242792 0.000519407 0.000450601 0.000541027 0.000504276 0.000414490 0.000425213 0.000387777 0.000000000 0.000000000 0.000000000
100.296102398 0.003090878 0.000487084 0.000442218 0.000507140 0.000488658 0.000406209 0.000403776 0.000355794 0.000000000 0.000000000 0.000000000
100.945268109 0.002921122 0.000454024 0.000418508 0.000456366 0.000443632 0.000401584 0.000387837 0.000359170 0.000000000 0.000000000 0.000000000
101.594433821 0.002829639 0.000439394 0.000394105 0.000437398 0.000413256 0.000390762 0.000372928 0.000381796 0.000000000 0.000000000 0.000000000
102.243599532 0.002810249 0.000471224 0.000368606 0.000438041 0.000382459 0.000373700 0.000376701 0.000399518 0.000000000 0.000000000 0.000000000
102.892765243 0.002816093 0.000506016 0.000360643 0.000424060 0.000385370 0.000367723 0.000364838 0.000407444 0.000000000 0.000000000 0.000000000
103.541930955 0.002886924 0.000489041 0.000386199 0.000435868 0.000396117 0.000386080 0.000369050 0.000424569 0.000000000 0.000000000 0.000000000
104.191096666 0.002963776 0.000479570 0.000415281 0.000418256 0.000430101 0.000402852 0.000390684 0.000427031 0.000000000 0.000000000 0.000000000
104.840262377 0.003055358 0.000475430 0.000433240 0.000412170 0.000430425 0.000419158 0.000444061 0.000440873 0.000000000 0.000000000 0.000000000
105.489428089 0.003216304 0.000473919 0.000485200 0.000421700 0.000443540 0.000446290 0.000490344 0.000455312 0.000000000 0.000000000 0.000000000
106.138593800 0.003289871 0.000423638 0.000499023 0.000441985 0.000460478 0.000476389 0.000507829 0.000480529 0.000000000 0.000000000 0.000000000
106.787759511 0.003272649 0.000395391 0.000455158 0.000443322 0.000461640 0.000508801 0.000497334 0.000511002 0.000000000 0.000000000 0.000000000
107.436925222 0.003291252 0.000370932 0.000468154 0.000464664 0.000444447 0.000520382 0.000521029 0.000501646 0.000000000 0.000000000 0.000000000
108.086090934 0.003315239 0.000362964 0.000491108 0.000466549 0.000420898 0.000529630 0.000534123 0.000509966 0.000000000 0.000000000 0.000000000
108.735256645 0.003287753 0.000360077 0.000506029 0.000473712 0.000385979 0.000527895 0.000526764 0.000507295 0.000000000 0.000000000 0.000000000
109.384422356 0.003195758 0.000368422 0.000472188 0.000460842 0.000376331 0.000494342 0.000523361 0.000500273 0.000000000 0.000000000 0.000000000
110.033588068 0.003118111 0.000395370 0.000407323 0.000440612 0.000387884 0.000481138 0.000505238 0.000500546 0.000000000 0.000000000 0.000000000
110.682753779 0.003076351 0.000409378 0.000368777 0.000411956 0.000409438 0.000481095 0.000481423 0.000514285 0.000000000 0.000000000 0.000000000
111.331919490 0.003107953 0.000409707 0.000380313 0.000384244 0.000430344 0.000519802 0.000472697 0.000510845 0.000000000 0.000000000 0.000000000
111.981085202 0.003198567 0.000421871 0.000394153 0.000371207 0.000431263 0.000551551 0.000507389 0.000521133 0.000000000 0.000000000 0.000000000
112.630250913 0.003245294 0.000397898 0.000403304 0.000380704 0.000417139 0.000595261 0.000531983 0.000519006 0.000000000 0.000000000 0.000000000
113.279416624 0.003286999 0.000404937 0.000404669 0.000394515 0.000404377 0.000606134 0.000555054 0.000517315 0.000000000 0.000000000 0.000000000
113.928582336 0.003277088 0.000416540 0.000382686 0.000388562 0.000406384 0.000599648 0.000563343 0.000519924 0.000000000 0.000000000 0.000000000
114.577748047 0.003305618 0.000451676 0.000377104 0.000392428 0.000401885 0.000569174 0.000591858 0.000521494 0.000000000 0.000000000 0.000000000
115.226913758 0.003350308 0.000496752 0.000410652 0.000414494 0.000403206 0.000514846 0.000586607 0.000523750 0.000000000 0.000000000 0.000000000
115.876079470 0.003337149 0.000521311 0.000414291 0.000439432 0.000415498 0.000465625 0.000561465 0.000519528 0.000000000 0.000000000 0.000000000
116.525245181 0.003259404 0.000491075 0.000406100 0.000451162 0.000420729 0.000435118 0.000520542 0.000534680 0.000000000 0.000000000 0.000000000
117.174410892 0.003119767 0.000430517 0.000396608 0.000450400 0.000428322 0.000407595 0.000452317 0.000554007 0.000000000 0.000000000 0.000000000
117.823576603 0.003002645 0.000389005 0.000416084 0.000460690 0.000407652 0.000391454 0.000402765 0.000534996 0.000000000 0.000000000 0.000000000
118.472742315 0.002922293 0.000370257 0.000454994 0.000458361 0.000389833 0.000385183 0.000380818 0.000482847 0.000000000 0.000000000 0.000000000
119.121908026 0.002875945 0.000376578 0.000489872 0.000460328 0.000379860 0.000370841 0.000380525 0.000417939 0.000000000 0.000000000 0.000000000
119.771073737 0.002907651 0.000400879 0.000506528 0.000443556 0.000405393 0.000397033 0.000381081 0.000373181 0.000000000 0.000000000 0.000000000
120.420239449 0.003015363 0.000463950 0.000472663 0.000449455 0.000453291 0.000433672 0.000381371 0.000360960 0.000000000 0.000000000 0.000000000
121.069405160 0.003088971 0.000478574 0.000436046 0.000435047 0.000500229 0.000455375 0.000404491 0.000379208 0.000000000 0.000000000 0.000000000
121.718570871 0.003093953 0.000455262 0.000390547 0.000439717 0.000531474 0.000450816 0.000427393 0.000398744 0.000000000 0.000000000 0.000000000
122.367736583 0.003045285 0.000442563 0.000394794 0.000469288 0.000508246 0.000414479 0.000434988 0.000380927 0.000000000 0.000000000 0.000000000
123.016902294 0.002994112 0.000454432 0.000414978 0.000476071 0.000489020 0.000379947 0.000409377 0.000370286 0.000000000 0.000000000 0.000000000
123.666068005 0.002998607 0.000492627 0.000465447 0.000467480 0.000485679 0.000369552 0.000362612 0.000355210 0.000000000 0.000000000 0.000000000
124.315233717 0.003045330 0.000519978 0.000514607 0.000466292 0.000470237 0.000365955 0.000337223 0.000371038 0.000000000 0.000000000 0.000000000
124.964399428 0.003038105 0.000513599 0.000552432 0.000481397 0.000421214 0.000354223 0.000341522 0.000373718 0.000000000 0.000000000 0.000000000
125.613565139 0.002978772 0.000486887 0.000537664 0.000489356 0.000387068 0.000358923 0.000348164 0.000370710 0.000000000 0.000000000 0.000000000
126.262730851 0.002900332 0.000435854 0.000510036 0.000483201 0.000380757 0.000359063 0.000365562 0.000365858 0.000000000 0.000000000 0.000000000
126.911896562 0.002896113 0.000404917 0.000482136 0.000461373 0.000392270 0.000382037 0.000398696 0.000374686 0.000000000 0.000000000 0.000000000
127.561062273 0.002968546 0.000403235 0.000476502 0.000471885 0.000418689 0.000405320 0.000415263 0.000377651 0.000000000 0.000000000 0.000000000
128.210227984 0.003117145 0.000442277 0.000456804 0.000483943 0.000460210 0.000443376 0.000422278 0.000408258 0.000000000 0.000000000 0.000000000
128.859393696 0.003179208 0.000460158 0.000434410 0.000483385 0.000466636 0.000466542 0.000441330 0.000426748 0.000000000 0.000000000 0.000000000
129.508559407 0.003115506 0.000478464 0.000396082 0.000474874 0.000436948 0.000460989 0.000435089 0.000433059 0.000000000 0.000000000 0.000000000
130.157725118 0.003037334 0.000479331 0.000396354 0.000465942 0.000408052 0.000431021 0.000434104 0.000422530 0.000000000 0.000000000 0.000000000
130.806890830 0.002979574 0.000455328 0.000418282 0.000470844 0.000406546 0.000408566 0.000406785 0.000413222 0.000000000 0.000000000 0.000000000
131.456056541 0.003023950 0.000429677 0.000451025 0.000493063 0.000438573 0.000414859 0.000387261 0.000409492 0.000000000 0.000000000 0.000000000
132.105222252 0.003068518 0.000421468 0.000478293 0.000488823 0.000454458 0.000433578 0.000385229 0.000406670 0.000000000 0.000000000 0.000000000
132.754387964 0.003123019 0.000428086 0.000469340 0.000503457 0.000428985 0.000463589 0.000422780 0.000406781 0.000000000 0.000000000 0.000000000
133.403553675 0.003130011 0.000405658 0.000448839 0.000503307 0.000391323 0.000498325 0.000465346 0.000417213 0.000000000 0.000000000 0.000000000
134.052719386 0.003119556 0.000388552 0.000415753 0.000469232 0.000379173 0.000498110 0.000515124 0.000453612 0.000000000 0.000000000 0.000000000
134.701885098 0.003164268 0.000381180 0.000382954 0.000449285 0.000389626 0.000509315 0.000545662 0.000506246 0.000000000 0.000000000 0.000000000
135.351050809 0.003183600 0.000387269 0.000374957 0.000437193 0.000414262 0.000506591 0.000532681 0.000530647 0.000000000 0.000000000 0.000000000
136.000216520 0.003225711 0.000411136 0.000385915 0.000430291 0.000462300 0.000504458 0.000525329 0.000506282 0.000000000 0.000000000 0.000000000
136.649382232 0.003245914 0.000423704 0.000411546 0.000434247 0.000461746 0.000514247 0.000501372 0.000499051 0.000000000 0.000000000 0.000000000
137.298547943 0.003234074 0.000415512 0.000430764 0.000433829 0.000444994 0.000533682 0.000491663 0.000483630 0.000000000 0.000000000 0.000000000
137.947713654 0.003179322 0.000387321 0.000456270 0.000425254 0.000403781 0.000528741 0.000488824 0.000489132 0.000000000 0.000000000 0.000000000
138.596879366 0.003071878 0.000364415 0.000453086 0.000417191 0.000359628 0.000497365 0.000493251 0.000486942 0.000000000 0.000000000 0.000000000
139.246045077 0.003077555 0.000404484 0.000457430 0.000429244 0.000336487 0.000458732 0.000499038 0.000492139 0.000000000 0.000000000 0.000000000
139.895210788 0.003192019 0.000489271 0.000460305 0.000453198 0.000346768 0.000424636 0.000509197 0.000508642 0.000000000 0.000000000 0.000000000
140.544376499 0.003221311 0.000537699 0.000443900 0.000453384 0.000385144 0.000397851 0.000482596 0.000520738 0.000000000 0.000000000 0.000000000
141.193542211 0.003172065 0.000555424 0.000418490 0.000449743 0.000398415 0.000393445 0.000440274 0.000516274 0.000000000 0.000000000 0.000000000
141.842707922 0.003114438 0.000516510 0.000427060 0.000446676 0.000394114 0.000405207 0.000426187 0.000498684 0.000000000 0.000000000 0.000000000
142.491873633 0.003134691 0.000505082 0.000456849 0.000458226 0.000398434 0.000413529 0.000416766 0.000485806 0.000000000 0.000000000 0.000000000
143.141039345 0.003083527 0.000476671 0.000443399 0.000463676 0.000413856 0.000421927 0.000401597 0.000462401 0.000000000 0.000000000 0.000000000
143.790205056 0.003048293 0.000465819 0.000416075 0.000464209 0.000425048 0.000425758 0.000409449 0.000441935 0.000000000 0.000000000 0.000000000
144.439370767 0.002988991 0.000422341 0.000387528 0.000475308 0.000430881 0.000429950 0.000414531 0.000428451 0.000000000 0.000000000 0.000000000
145.088536479 0.002938060 0.000394626 0.000389552 0.000480451 0.000426422 0.000416329 0.000417583 0.000413097 0.000000000 0.000000000 0.000000000
145.737702190 0.002891218 0.000387148 0.000390552 0.000477224 0.000425294 0.000417952 0.000401169 0.000391880 0.000000000 0.000000000 0.000000000
146.386867901 0.002939216 0.000404854 0.000401412 0.000461550 0.000412691 0.000463014 0.000416960 0.000378734 0.000000000 0.000000000 0.000000000
147.036033613 0.003072168 0.000419438 0.000456138 0.000445805 0.000406407 0.000488194 0.000450200 0.000405987 0.000000000 0.000000000 0.000000000
147.685199324 0.003221417 0.000407148 0.000517480 0.000421589 0.000424468 0.000521619 0.000487621 0.000441493 0.000000000 0.000000000 0.000000000
148.334365035 0.003315378 0.000391966 0.000563348 0.000413464 0.000431086 0.000525613 0.000526152 0.000463750 0.000000000 0.000000000 0.000000000
148.983530747 0.003335491 0.000389647 0.000575939 0.000397789 0.000429690 0.000510981 0.000545349 0.000486096 0.000000000 0.000000000 0.000000000
149.632696458 0.003324975 0.000400023 0.000558060 0.000374457 0.000452904 0.000515456 0.000520957 0.000503118 0.000000000 0.000000000 0.000000000
150.281862169 0.003241893 0.000411686 0.000488007 0.000362662 0.000486505 0.000507169 0.000496684 0.000489182 0.000000000 0.000000000 0.000000000
150.931027880 0.003135330 0.000400767 0.000406722 0.000355292 0.000540968 0.000496760 0.000470293 0.000464529 0.000000000 0.000000000 0.000000000
151.580193592 0.003020583 0.000399358 0.000320446 0.000353505 0.000566838 0.000469941 0.000456594 0.000453903 0.000000000 0.000000000 0.000000000
152.229359303 0.002956338 0.000419223 0.000299567 0.000351655 0.000544773 0.000451745 0.000438447 0.000450927 0.000000000 0.000000000 0.000000000
152.878525014 0.002919686 0.000408530 0.000316148 0.000345820 0.000513325 0.000443203 0.000449107 0.000443554 0.000000000 0.000000000 0.000000000
153.527690726 0.002895680 0.000388979 0.000363863 0.000342579 0.000460105 0.000442151 0.000443146 0.000454855 0.000000000 0.000000000 0.000000000
154.176856437 0.002955345 0.000400236 0.000389430 0.000345282 0.000447649 0.000447149 0.000456326 0.000469274 0.000000000 0.000000000 0.000000000
154.826022148 0.002988061 0.000428530 0.000385112 0.000359997 0.000456269 0.000445948 0.000455766 0.000456438 0.000000000 0.000000000 0.000000000
155.475187860 0.003079632 0.000469855 0.000388917 0.000380670 0.000476605 0.000451724 0.000462955 0.000448907 0.000000000 0.000000000 0.000000000
156.124353571 0.003151662 0.000508920 0.000391386 0.000423939 0.000472822 0.000470108 0.000452123 0.000432363 0.000000000 0.000000000 0.000000000
156.773519282 0.003188293 0.000504913 0.000427183 0.000476252 0.000455587 0.000491291 0.000431755 0.000401311 0.000000000 0.000000000 0.000000000
157.422684994 0.003188505 0.000488057 0.000429773 0.000498196 0.000468050 0.000496962 0.000432747 0.000374721 0.000000000 0.000000000 0.000000000
158.071850705 0.003163053 0.000436097 0.000450410 0.000488786 0.000494856 0.000481276 0.000445705 0.000365922 0.000000000 0.000000000 0.000000000
158.721016416 0.003090343 0.000400631 0.000469385 0.000471741 0.000480853 0.000448675 0.000445222 0.000373836 0.000000000 0.000000000 0.000000000
159.370182128 0.003018327 0.000366653 0.000485625 0.000467461 0.000466309 0.000414054 0.000427398 0.000390828 0.000000000 0.000000000 0.000000000
160.019347839 0.002962748 0.000390343 0.000487095 0.000466281 0.000429374 0.000378749 0.000393772 0.000417135 0.000000000 0.000000000 0.000000000
160.668513550 0.002948792 0.000418967 0.000497292 0.000455065 0.000424823 0.000359595 0.000368699 0.000424351 0.000000000 0.000000000 0.000000000
161.317679262 0.002915703 0.000414155 0.000493283 0.000424758 0.000419435 0.000357264 0.000356024 0.000450784 0.000000000 0.000000000 0.000000000
161.966844973 0.002924083 0.000409287 0.000483034 0.000416021 0.000439201 0.000354795 0.000364546 0.000457200 0.000000000 0.000000000 0.000000000
162.616010684 0.002992329 0.000428741 0.000483874 0.000414615 0.000446408 0.000351869 0.000408629 0.000458193 0.000000000 0.000000000 0.000000000
163.265176395 0.003058891 0.000492309 0.000450459 0.000392392 0.000454586 0.000353037 0.000430185 0.000485922 0.000000000 0.000000000 0.000000000
163.914342107 0.003121767 0.000537954 0.000433823 0.000379732 0.000469737 0.000376254 0.000442443 0.000481825 0.000000000 0.000000000 0.000000000
164.563507818 0.003150693 0.000549901 0.000411353 0.000382135 0.000483232 0.000414956 0.000452042 0.000457072 0.000000000 0.000000000 0.000000000
165.212673529 0.003112085 0.000511932 0.000411381 0.000396767 0.000454081 0.000458155 0.000442797 0.000436973 0.000000000 0.000000000 0.000000000
165.861839241 0.003092329 0.000479478 0.000392786 0.000426747 0.000427115 0.000469997 0.000450668 0.000445539 0.000000000 0.000000000 0.000000000
166.511004952 0.003071384 0.000443652 0.000384097 0.000449733 0.000403872 0.000472231 0.000461870 0.000455929 0.000000000 0.000000000 0.000000000
167.160170663 0.003108633 0.000456111 0.000374597 0.000454231 0.000383108 0.000475171 0.000486906 0.000478509 0.000000000 0.000000000 0.000000000
167.809336375 0.003123371 0.000465058 0.000378354 0.000444916 0.000386752 0.000471161 0.000483593 0.000493538 0.000000000 0.000000000 0.000000000
168.458502086 0.003060622 0.000444239 0.000385861 0.000450027 0.000391740 0.000459132 0.000452868 0.000476755 0.000000000 0.000000000 0.000000000
169.107667797 0.003041574 0.000396873 0.000398358 0.000459180 0.000415660 0.000462596 0.000446352 0.000462555 0.000000000 0.000000000 0.000000000
169.756833509 0.003046781 0.000370079 0.000414666 0.000473124 0.000432738 0.000455055 0.000452693 0.000448425 0.000000000 0.000000000 0.000000000
170.405999220 0.003057956 0.000376931 0.000452555 0.000476438 0.000428479 0.000447435 0.000455574 0.000420543 0.000000000 0.000000000 0.000000000
171.055164931 0.003133478 0.000411294 0.000508288 0.000471154 0.000426082 0.000452216 0.000453088 0.000411357 0.000000000 0.000000000 0.000000000
171.704330643 0.003202188 0.000422610 0.000554240 0.000473118 0.000431572 0.000462302 0.000449162 0.000409185 0.000000000 0.000000000 0.000000000
172.353496354 0.003247283 0.000422869 0.000552533 0.000472240 0.000459169 0.000477311 0.000439125 0.000424035 0.000000000 0.000000000 0.000000000
173.002662065 0.003250172 0.000405769 0.000538337 0.000485976 0.000457767 0.000480231 0.000431649 0.000450443 0.000000000 0.000000000 0.000000000
173.651827776 0.003220236 0.000412622 0.000485075 0.000476429 0.000455370 0.000488980 0.000452352 0.000449407 0.000000000 0.000000000 0.000000000
174.300993488 0.003211852 0.000425738 0.000439201 0.000484199 0.000441864 0.000493236 0.000473400 0.000454213 0.000000000 0.000000000 0.000000000
174.950159199 0.003218573 0.000434362 0.000410693 0.000485991 0.000423367 0.000483293 0.000497230 0.000483635 0.000000000 0.000000000 0.000000000
175.599324910 0.003207739 0.000430837 0.000412125 0.000471138 0.000388422 0.000469641 0.000518323 0.000517252 0.000000000 0.000000000 0.000000000
176.248490622 0.003122412 0.000447216 0.000414001 0.000438815 0.000344750 0.000449601 0.000515520 0.000512508 0.000000000 0.000000000 0.000000000
176.897656333 0.003009560 0.000464389 0.000400984 0.000429305 0.000300806 0.000430886 0.000479969 0.000503221 0.000000000 0.000000000 0.000000000
177.546822044 0.002986958 0.000459145 0.000398841 0.000414515 0.000306579 0.000432807 0.000454998 0.000520073 0.000000000 0.000000000 0.000000000
178.195987756 0.003043389 0.000471044 0.000391871 0.000408861 0.000324206 0.000452570 0.000451145 0.000543692 0.000000000 0.000000000 0.000000000
178.845153467 0.003113197 0.000477303 0.000392136 0.000412950 0.000351761 0.000478494 0.000468064 0.000532489 0.000000000 0.000000000 0.000000000
179.494319178 0.003206536 0.000465406 0.000384814 0.000456278 0.000366517 0.000532511 0.000490113 0.000510897 0.000000000 0.000000000 0.000000000
180.143484890 0.003297752 0.000469764 0.000383386 0.000490283 0.000377087 0.000558426 0.000522323 0.000496483 0.000000000 0.000000000 0.000000000
180.792650601 0.003279863 0.000452884 0.000399247 0.000488805 0.000390617 0.000562289 0.000523500 0.000462521 0.000000000 0.000000000 0.000000000
181.441816312 0.003250722 0.000416725 0.000412732 0.000481108 0.000412434 0.000553949 0.000528952 0.000444821 0.000000000 0.000000000 0.000000000
182.090982024 0.003233947 0.000381544 0.000434247 0.000451372 0.000458487 0.000524548 0.000544920 0.000438830 0.000000000 0.000000000 0.000000000
182.740147735 0.003251248 0.000368042 0.000477011 0.000433778 0.000499484 0.000482411 0.000534192 0.000456330 0.000000000 0.000000000 0.000000000
183.389313446 0.003205079 0.000345002 0.000466900 0.000429739 0.000529320 0.000442381 0.000506939 0.000484797 0.000000000 0.000000000 0.000000000
184.038479157 0.003129172 0.000359745 0.000447164 0.000425000 0.000522950 0.000418101 0.000469096 0.000487116 0.000000000 0.000000000 0.000000000
184.687644869 0.003023186 0.000378676 0.000419268 0.000407703 0.000513182 0.000416060 0.000422006 0.000466291 0.000000000 0.000000000 0.000000000
185.336810580 0.002950802 0.000389403 0.000428059 0.000393546 0.000500601 0.000427501 0.000372958 0.000438733 0.000000000 0.000000000 0.000000000
185.985976291 0.002980255 0.000409564 0.000450326 0.000375744 0.000500010 0.000450541 0.000367451 0.000426620 0.000000000 0.000000000 0.000000000
186.635142003 0.003007314 0.000439572 0.000478736 0.000364613 0.000499278 0.000448709 0.000370012 0.000406395 0.000000000 0.000000000 0.000000000
187.284307714 0.002997118 0.000458398 0.000487183 0.000361520 0.000472144 0.000448669 0.000374067 0.000395136 0.000000000 0.000000000 0.000000000
187.933473425 0.003013620 0.000465758 0.000457729 0.000367664 0.000438034 0.000468177 0.000394339 0.000421918 0.000000000 0.000000000 0.000000000
188.582639137 0.003089615 0.000468799 0.000432901 0.000383926 0.000422641 0.000484135 0.000453854 0.000443360 0.000000000 0.000000000 0.000000000
189.231804848 0.003185054 0.000488889 0.000419895 0.000386073 0.000393182 0.000504889 0.000517356 0.000474770 0.000000000 0.000000000 0.000000000
189.880970559 0.003284359 0.000496936 0.000386050 0.000401643 0.000349728 0.000538551 0.000581714 0.000529738 0.000000000 0.000000000 0.000000000
190.530136271 0.003402833 0.000467555 0.000387661 0.000432472 0.000352604 0.000542728 0.000652860 0.000566953 0.000000000 0.000000000 0.000000000
191.179301982 0.003366799 0.000438225 0.000388582 0.000457572 0.000353090 0.000522571 0.000632530 0.000574229 0.000000000 0.000000000 0.000000000
191.828467693 0.003227977 0.000367950 0.000390360 0.000466903 0.000348791 0.000508949 0.000588086 0.000556939 0.000000000 0.000000000 0.000000000
192.477633405 0.003147455 0.000346957 0.000418967 0.000474295 0.000360801 0.000477845 0.000533099 0.000535492 0.000000000 0.000000000 0.000000000
193.126799116 0.003146224 0.000382544 0.000427960 0.000480993 0.000371390 0.000455072 0.000491336 0.000536929 0.000000000 0.000000000 0.000000000
193.775964827 0.003126192 0.000414457 0.000431379 0.000492799 0.000384174 0.000437299 0.000449683 0.000516401 0.000000000 0.000000000 0.000000000
194.425130539 0.003018649 0.000419810 0.000425569 0.000479413 0.000405929 0.000407174 0.000404078 0.000476675 0.000000000 0.000000000 0.000000000
195.074296250 0.002978947 0.000441826 0.000423201 0.000478308 0.000427280 0.000387049 0.000372745 0.000448538 0.000000000 0.000000000 0.000000000
195.723461961 0.002953420 0.000456807 0.000434796 0.000466345 0.000455988 0.000379464 0.000349753 0.000410266 0.000000000 0.000000000 0.000000000
196.372627672 0.002924753 0.000472154 0.000452548 0.000428029 0.000478805 0.000371604 0.000346629 0.000374983 0.000000000 0.000000000 0.000000000
197.021793384 0.002877713 0.000477545 0.000453490 0.000408242 0.000469384 0.000378913 0.000334919 0.000355221 0.000000000 0.000000000 0.000000000
197.670959095 0.002951377 0.000506626 0.000458597 0.000392822 0.000477230 0.000397302 0.000355722 0.000363079 0.000000000 0.000000000 0.000000000
198.320124806 0.002945207 0.000497759 0.000454890 0.000381058 0.000468594 0.000401343 0.000376196 0.000365367 0.000000000 0.000000000 0.000000000
198.969290518 0.002986746 0.000481326 0.000455933 0.000381419 0.000474721 0.000418828 0.000415310 0.000359209 0.000000000 0.000000000 0.000000000
199.618456229 0.003006317 0.000443532 0.000445776 0.000391642 0.000515812 0.000412051 0.000428478 0.000369028 0.000000000 0.000000000 0.000000000
200.267621940 0.003048529 0.000424014 0.000427963 0.000415866 0.000549962 0.000406447 0.000441139 0.000383138 0.000000000 0.000000000 0.000000000
200.916787652 0.003082858 0.000415236 0.000422758 0.000446157 0.000535866 0.000408313 0.000432284 0.000422244 0.000000000 0.000000000 0.000000000
201.565953363 0.003101948 0.000421015 0.000418566 0.000459960 0.000505472 0.000421897 0.000418744 0.000456293 0.000000000 0.000000000 0.000000000
202.215119074 0.003084967 0.000428368 0.000424644 0.000468126 0.000448326 0.000451274 0.000411376 0.000452853 0.000000000 0.000000000 0.000000000
202.864284786 0.003091665 0.000432139 0.000454080 0.000485681 0.000418248 0.000463840 0.000409692 0.000427983 0.000000000 0.000000000 0.000000000
203.513450497 0.003033241 0.000397447 0.000472546 0.000472914 0.000384234 0.000455506 0.000427628 0.000422967 0.000000000 0.000000000 0.000000000
204.162616208 0.002934132 0.000361054 0.000437464 0.000458351 0.000358220 0.000443025 0.000441351 0.000434665 0.000000000 0.000000000 0.000000000
204.811781920 0.002955119 0.000347759 0.000418472 0.000456505 0.000354594 0.000459550 0.000465779 0.000452459 0.000000000 0.000000000 0.000000000
205.460947631 0.003048734 0.000365382 0.000436165 0.000449241 0.000360230 0.000494690 0.000480178 0.000462848 0.000000000 0.000000000 0.000000000
206.110113342 0.003160010 0.000399781 0.000436273 0.000458020 0.000378765 0.000520041 0.000499094 0.000468037 0.000000000 0.000000000 0.000000000
206.759279053 0.003245798 0.000438765 0.000433921 0.000447785 0.000422202 0.000543380 0.000499062 0.000460683 0.000000000 0.000000000 0.000000000
207.408444765 0.003289389 0.000470351 0.000430309 0.000430773 0.000442678 0.000544814 0.000507468 0.000462997 0.000000000 0.000000000 0.000000000
208.057610476 0.003276468 0.000495534 0.000423462 0.000399562 0.000444618 0.000511064 0.000531867 0.000470361 0.000000000 0.000000000 0.000000000
208.706776187 0.003272902 0.000512606 0.000404974 0.000381157 0.000438483 0.000500879 0.000542589 0.000492214 0.000000000 0.000000000 0.000000000
209.355941899 0.003299542 0.000499436 0.000416819 0.000373184 0.000447921 0.000510991 0.000523441 0.000527752 0.000000000 0.000000000 0.000000000
210.005107610 0.003279530 0.000461180 0.000436461 0.000344302 0.000467137 0.000531355 0.000500381 0.000538715 0.000000000 0.000000000 0.000000000
210.654273321 0.003230214 0.000401692 0.000436877 0.000326386 0.000467551 0.000553372 0.000515553 0.000528782 0.000000000 0.000000000 0.000000000
211.303439033 0.003204603 0.000327180 0.000414548 0.000346672 0.000476987 0.000569823 0.000540558 0.000528834 0.000000000 0.000000000 0.000000000
211.952604744 0.003168631 0.000286952 0.000373746 0.000368475 0.000449995 0.000580522 0.000561780 0.000547161 0.000000000 0.000000000 0.000000000
212.601770455 0.003110022 0.000270857 0.000343303 0.000371059 0.000435037 0.000579933 0.000571446 0.000538386 0.000000000 0.000000000 0.000000000
213.250936167 0.003118338 0.000292731 0.000334780 0.000359352 0.000422779 0.000558685 0.000588184 0.000561827 0.000000000 0.000000000 0.000000000
213.900101878 0.003224922 0.000320585 0.000345167 0.000358949 0.000440193 0.000560914 0.000599838 0.000599275 0.000000000 0.000000000 0.000000000
214.549267589 0.003235702 0.000345225 0.000356154 0.000359814 0.000422512 0.000551806 0.000580467 0.000619724 0.000000000 0.000000000 0.000000000
215.198433301 0.003317054 0.000396583 0.000398250 0.000370777 0.000425741 0.000533141 0.000569204 0.000623357 0.000000000 0.000000000 0.000000000
215.847599012 0.003373895 0.000461685 0.000421046 0.000387199 0.000415814 0.000506154 0.000568915 0.000613082 0.000000000 0.000000000 0.000000000
216.496764723 0.003379732 0.000489226 0.000437576 0.000416820 0.000397842 0.000496927 0.000566266 0.000575075 0.000000000 0.000000000 0.000000000
217.145930434 0.003406016 0.000518767 0.000454432 0.000450157 0.000375217 0.000503504 0.000556941 0.000546999 0.000000000 0.000000000 0.000000000
217.795096146 0.003334814 0.000523815 0.000435073 0.000434072 0.000367466 0.000513518 0.000541387 0.000519485 0.000000000 0.000000000 0.000000000
218.444261857 0.003244826 0.000522882 0.000413171 0.000420047 0.000352526 0.000533379 0.000499375 0.000503446 0.000000000 0.000000000 0.000000000
219.093427568 0.003125737 0.000478912 0.000388725 0.000389460 0.000355430 0.000564049 0.000455145 0.000494017 0.000000000 0.000000000 0.000000000
219.742593280 0.003054102 0.000426327 0.000372540 0.000375222 0.000371017 0.000566386 0.000455152 0.000487458 0.000000000 0.000000000 0.000000000
220.391758991 0.003031288 0.000358484 0.000387684 0.000379181 0.000409649 0.000530859 0.000478873 0.000486558 0.000000000 0.000000000 0.000000000
221.040924702 0.003019103 0.000335058 0.000398756 0.000370954 0.000423457 0.000507335 0.000508730 0.000474813 0.000000000 0.000000000 0.000000000
221.690090414 0.003053559 0.000355181 0.000407356 0.000400706 0.000416552 0.000463312 0.000529533 0.000480920 0.000000000 0.000000000 0.000000000
222.339256125 0.003136717 0.000389669 0.000406268 0.000417909 0.000428493 0.000454294 0.000539405 0.000500679 0.000000000 0.000000000 0.000000000
222.988421836 0.003258564 0.000434675 0.000409994 0.000434370 0.000434984 0.000457388 0.000535626 0.000551527 0.000000000 0.000000000 0.000000000
223.637587548 0.003415497 0.000475834 0.000420378 0.000472549 0.000446748 0.000469214 0.000535987 0.000594786 0.000000000 0.000000000 0.000000000
224.286753259 0.003549050 0.000465651 0.000441556 0.000496999 0.000474367 0.000501759 0.000548709 0.000620009 0.000000000 0.000000000 0.000000000
224.935918970 0.003559607 0.000401674 0.000453379 0.000516133 0.000482733 0.000539439 0.000553359 0.000612889 0.000000000 0.000000000 0.000000000
225.585084682 0.003443081 0.000360930 0.000473902 0.000527691 0.000436300 0.000555829 0.000524725 0.000563705 0.000000000 0.000000000 0.000000000
226.234250393 0.003159557 0.000339219 0.000491497 0.000510722 0.000370592 0.000528475 0.000439897 0.000479156 0.000000000 0.000000000 0.000000000
226.883416104 0.002945379 0.000337988 0.000500713 0.000470742 0.000317912 0.000488473 0.000404825 0.000424728 0.000000000 0.000000000 0.000000000
227.532581816 0.002764980 0.000368576 0.000468881 0.000420259 0.000261680 0.000450951 0.000410636 0.000383996 0.000000000 0.000000000 0.000000000
228.181747527 0.002647999 0.000413651 0.000401517 0.000381185 0.000235244 0.000447148 0.000407662 0.000361591 0.000000000 0.000000000 0.000000000
228.830913238 0.002639906 0.000454354 0.000372354 0.000369249 0.000226078 0.000444748 0.000419752 0.000353372 0.000000000 0.000000000 0.000000000
229.480078949 0.002795535 0.000491230 0.000389937 0.000386372 0.000232642 0.000456311 0.000471465 0.000367578 0.000000000 0.000000000 0.000000000
230.129244661 0.003244675 0.000562363 0.000464619 0.000408290 0.000324511 0.000505140 0.000535119 0.000444633 0.000000000 0.000000000 0.000000000
230.778410372 0.003947230 0.000624499 0.000526432 0.000422498 0.000498754 0.000617955 0.000658493 0.000598599 0.000000000 0.000000000 0.000000000
231.427576083 0.004540940 0.000564406 0.000521239 0.000455188 0.000579333 0.000766718 0.000849170 0.000804886 0.000000000 0.000000000 0.000000000
232.076741795 0.004611961 0.000449678 0.000460825 0.000469598 0.000584920 0.000842429 0.000896511 0.000908001 0.000000000 0.000000000 0.000000000
232.725907506 0.004054595 0.000375305 0.000362381 0.000437575 0.000531293 0.000782297 0.000751821 0.000813922 0.000000000 0.000000000 0.000000000
233.375073217 0.003309638 0.000327822 0.000282021 0.000350397 0.000434551 0.000657686 0.000595492 0.000661668 0.000000000 0.000000000 0.000000000
234.024238929 0.002703670 0.000247933 0.000227465 0.000273421 0.000348552 0.000526231 0.000501048 0.000579020 0.000000000 0.000000000 0.000000000
234.673404640 0.002216776 0.000145600 0.000197095 0.000230735 0.000308959 0.000435758 0.000436543 0.000462086 0.000000000 0.000000000 0.000000000
235.322570351 0.001860247 0.000090662 0.000196652 0.000200403 0.000275679 0.000381362 0.000386688 0.000328800 0.000000000 0.000000000 0.000000000
235.971736063 0.001659184 0.000068383 0.000211534 0.000178982 0.000217784 0.000350148 0.000343549 0.000288803 0.000000000 0.000000000 0.000000000
236.620901774 0.001602168 0.000078535 0.000210234 0.000174874 0.000187859 0.000326157 0.000322744 0.000301764 0.000000000 0.000000000 0.000000000
237.270067485 0.007218328 0.000086440 0.000181253 0.000183464 0.000187120 0.000303457 0.000284672 0.000339414 0.000000000 0.005652510 0.000000000
237.919233197 0.010128225 0.000101495 0.000156651 0.000172180 0.000168896 0.000264830 0.000189302 0.000256956 0.000000000 0.008817915 0.000000000
238.568398908 0.007992728 0.000127978 0.000107605 0.000156596 0.000161941 0.000255528 0.000205204 0.000194865 0.000000000 0.006783012 0.000000000
239.217564619 0.011416739 0.000154080 0.000067225 0.000223291 0.000145001 0.000232746 0.000241185 0.000178694 0.000000000 0.010174518 0.000000000
239.866730330 0.007024674 0.000151915 0.000064740 0.000156241 0.000132316 0.000208163 0.000242229 0.000190461 0.000000000 0.005878610 0.000000000
240.515896042 0.009047001 0.000145031 0.000082564 0.000138879 0.000112755 0.000203427 0.000235749 0.000215082 0.000000000 0.007913514 0.000000000
241.165061753 0.007843106 0.000163825 0.000142938 0.000205593 0.000086472 0.000217526 0.000232604 0.000237238 0.000000000 0.006556911 0.000000000
241.814227464 0.010337506 0.000191072 0.000174872 0.000105599 0.000083018 0.000239715 0.000242680 0.000256534 0.000000000 0.009044016 0.000000000
242.463393176 0.008538579 0.000194019 0.000164121 0.000081952 0.000092436 0.000244627 0.000248176 0.000278037 0.000000000 0.007235213 0.000000000
243.112558887 0.009551004 0.000148955 0.000239441 0.000071976 0.000161743 0.000231913 0.000255577 0.000301785 0.000000000 0.008139614 0.000000000
243.761724598 0.008784318 0.000084273 0.000168787 0.000091424 0.000180890 0.000209618 0.000261276 0.000326737 0.000000000 0.007461313 0.000000000
244.410890310 0.010096811 0.000038521 0.000102618 0.000110554 0.000123767 0.000232155 0.000289555 0.000381725 0.000000000 0.008817915 0.000000000
245.060056021 0.007007192 0.000023283 0.000144778 0.000113232 0.000093709 0.000304971 0.000314447 0.000360264 0.000000000 0.005652510 0.000000000
245.709221732 0.008153305 0.000023980 0.000176261 0.000114663 0.000126002 0.000362460 0.000278544 0.000288382 0.000000000 0.006783012 0.000000000
246.358387444 0.006979766 0.000041590 0.000173785 0.000115966 0.000183107 0.000297257 0.000283112 0.000232441 0.000000000 0.005652510 0.000000000
247.007553155 0.009951428 0.000086691 0.000170043 0.000109624 0.000167404 0.000256536 0.000322172 0.000247143 0.000000000 0.008591815 0.000000000
247.656718866 0.008867211 0.000150559 0.000158429 0.000117875 0.000139272 0.000282492 0.000275406 0.000281865 0.000000000 0.007461313 0.000000000
248.305884578 0.007829689 0.000210085 0.000115307 0.000144204 0.000276941 0.000281863 0.000214219 0.000256258 0.000000000 0.006330811 0.000000000
248.955050289 0.009346807 0.000222298 0.000105394 0.000170952 0.000213361 0.000240178 0.000245363 0.000235746 0.000000000 0.007913514 0.000000000
249.604216000 0.007390118 0.000236106 0.000127059 0.000185337 0.000194959 0.000224350 0.000268361 0.000275335 0.000000000 0.005878610 0.000000000
250.253381712 0.007837451 0.000195849 0.000191507 0.000174788 0.000167140 0.000235777 0.000285891 0.000255688 0.000000000 0.006330811 0.000000000
250.902547423 0.005563197 0.000139733 0.000187664 0.000138318 0.000160312 0.000271726 0.000282820 0.000312817 0.000000000 0.004069807 0.000000000
251.551713134 0.010360188 0.000166111 0.000143168 0.000102051 0.000146852 0.000320869 0.000325810 0.000337412 0.000000000 0.008817915 0.000000000
252.200878845 0.008551400 0.000171905 0.000116828 0.000102403 0.000140437 0.000348190 0.000349452 0.000313072 0.000000000 0.007009112 0.000000000
252.850044557 0.006857131 0.000131833 0.000108829 0.000120841 0.000131110 0.000343208 0.000311178 0.000283723 0.000000000 0.005426409 0.000000000
253.499210268 0.008158732 0.000131592 0.000110744 0.000123945 0.000118719 0.000309923 0.000297025 0.000283771 0.000000000 0.006783012 0.000000000
254.148375979 0.007898409 0.000126993 0.000101226 0.000142799 0.000105418 0.000283522 0.000275561 0.000305980 0.000000000 0.006556911 0.000000000
254.797541691 0.008120772 0.000115651 0.000099491 0.000170735 0.000094421 0.000259303 0.000286289 0.000311871 0.000000000 0.006783012 0.000000000
255.446707402 0.009677172 0.000106499 0.000117179 0.000174056 0.000102398 0.000233031 0.000278748 0.000299547 0.000000000 0.008365715 0.000000000
256.095873113 0.008983633 0.000087832 0.000128846 0.000171443 0.000120010 0.000238385 0.000264915 0.000284790 0.000000000 0.007687413 0.000000000
256.745038825 0.005950940 0.000078533 0.000129435 0.000144757 0.000152199 0.000237107 0.000207449 0.000253351 0.000000000 0.004748108 0.000000000
257.394204536 0.009151022 0.000117322 0.000141317 0.000117296 0.000159284 0.000233754 0.000207205 0.000261332 0.000000000 0.007913514 0.000000000
258.043370247 0.007821277 0.000146418 0.000133464 0.000102519 0.000128598 0.000241988 0.000248440 0.000262939 0.000000000 0.006556911 0.000000000
258.692535959 0.004822841 0.000128638 0.000117692 0.000096023 0.000095547 0.000255797 0.000274175 0.000237362 0.000000000 0.003617606 0.000000000
259.341701670 0.010561237 0.000129475 0.000121494 0.000113531 0.000092369 0.000294352 0.000300885 0.000239015 0.000000000 0.009270116 0.000000000
259.990867381 0.008948262 0.000134129 0.000130426 0.000136057 0.000099429 0.000349279 0.000334367 0.000303263 0.000000000 0.007461313 0.000000000
260.640033093 0.008333150 0.000141565 0.000155554 0.000137595 0.000102244 0.000363682 0.000313986 0.000335511 0.000000000 0.006783012 0.000000000
261.289198804 0.007889161 0.000147493 0.000140130 0.000139802 0.000145052 0.000316217 0.000324071 0.000345584 0.000000000 0.006330811 0.000000000
261.938364515 0.009508365 0.000173058 0.000131654 0.000152395 0.000176168 0.000276558 0.000343786 0.000341232 0.000000000 0.007913514 0.000000000
262.587530226 0.007017992 0.000176610 0.000175987 0.000169700 0.000167968 0.000247070 0.000325009 0.000329239 0.000000000 0.005426409 0.000000000
263.236695938 0.007609687 0.000138657 0.000213263 0.000185478 0.000148561 0.000247295 0.000261982 0.000309741 0.000000000 0.006104711 0.000000000
263.885861649 0.010258150 0.000098027 0.000199040 0.000191394 0.000191577 0.000254150 0.000228009 0.000278038 0.000000000 0.008817915 0.000000000
264.535027360 0.006839974 0.000116792 0.000183683 0.000191652 0.000216339 0.000247212 0.000219263 0.000238623 0.000000000 0.005426409 0.000000000
265.184193072 0.009024912 0.000134358 0.000173435 0.000177623 0.000174508 0.000230966 0.000221440 0.000225169 0.000000000 0.007687413 0.000000000
265.833358783 0.010485577 0.000104211 0.000184386 0.000145525 0.000125765 0.000205777 0.000217843 0.000231955 0.000000000 0.009270116 0.000000000
266.482524494 0.009989522 0.000090324 0.000168398 0.000129810 0.000115477 0.000195239 0.000222708 0.000249651 0.000000000 0.008817915 0.000000000
267.131690206 0.007932515 0.000101094 0.000122366 0.000129715 0.000108120 0.000194991 0.000230205 0.000263012 0.000000000 0.006783012 0.000000000
267.780855917 0.010414727 0.000108481 0.000095013 0.000134781 0.000084388 0.000217434 0.000234411 0.000270102 0.000000000 0.009270116 0.000000000
268.430021628 0.011166510 0.000122004 0.000094220 0.000144683 0.000065588 0.000269430 0.000250615 0.000271554 0.000000000 0.009948417 0.000000000
269.079187340 0.008377455 0.000145790 0.000093285 0.000160668 0.000063496 0.000329815 0.000294485 0.000280805 0.000000000 0.007009112 0.000000000
269.728353051 0.006487178 0.000194672 0.000078068 0.000142980 0.000072172 0.000369054 0.000340439 0.000315583 0.000000000 0.004974209 0.000000000
270.377518762 0.008288758 0.000252978 0.000058032 0.000101669 0.000085003 0.000363304 0.000344673 0.000300089 0.000000000 0.006783012 0.000000000
271.026684474 0.007409518 0.000331048 0.000052137 0.000087850 0.000097087 0.000332194 0.000362066 0.000268525 0.000000000 0.005878610 0.000000000
271.675850185 0.007188819 0.000335046 0.000063196 0.000086805 0.000114987 0.000304092 0.000362850 0.000269333 0.000000000 0.005652510 0.000000000
272.325015896 0.007883805 0.000149417 0.000125499 0.000098978 0.000233241 0.000287953 0.000349906 0.000308000 0.000000000 0.006330811 0.000000000
272.974181607 0.005983221 0.000074196 0.000188816 0.000116627 0.000166916 0.000284032 0.000296559 0.000334068 0.000000000 0.004522008 0.000000000
273.623347319 0.006662496 0.000048051 0.000165779 0.000127824 0.000167275 0.000236933 0.000178772 0.000311452 0.000000000 0.005426409 0.000000000
274.272513030 0.007223096 0.000049710 0.000141228 0.000133523 0.000161888 0.000188739 0.000167625 0.000275673 0.000000000 0.006104711 0.000000000
274.921678741 0.008351579 0.000058840 0.000098678 0.000149425 0.000148255 0.000176552 0.000232768 0.000251848 0.000000000 0.007235213 0.000000000
275.570844453 0.005047136 0.000068761 0.000117088 0.000172525 0.000151635 0.000236385 0.000260957 0.000196080 0.000000000 0.003843707 0.000000000
276.220010164 0.007873456 0.000072569 0.000172194 0.000170514 0.000176757 0.000291123 0.000248608 0.000184778 0.000000000 0.006556911 0.000000000
276.869175875 0.006648394 0.000080080 0.000232121 0.000150534 0.000226497 0.000286584 0.000277023 0.000195246 0.000000000 0.005200309 0.000000000
277.518341587 0.008219790 0.000089940 0.000278197 0.000131471 0.000257667 0.000238180 0.000239781 0.000201543 0.000000000 0.006783012 0.000000000
278.167507298 0.005676185 0.000110932 0.000232918 0.000146155 0.000275779 0.000233734 0.000162062 0.000218697 0.000000000 0.004295907 0.000000000
278.816673009 0.005035207 0.000163353 0.000155978 0.000142577 0.000269702 0.000274723 0.000174179 0.000237090 0.000000000 0.003617606 0.000000000
279.465838721 0.007175886 0.000220318 0.000149348 0.000136182 0.000242430 0.000288205 0.000256968 0.000229926 0.000000000 0.005652510 0.000000000
280.115004432 0.005172760 0.000204500 0.000154182 0.000131964 0.000187502 0.000257744 0.000200603 0.000192557 0.000000000 0.003843707 0.000000000
280.764170143 0.007635382 0.000190807 0.000186829 0.000128289 0.000174075 0.000245050 0.000180583 0.000198939 0.000000000 0.006330811 0.000000000
281.413335855 0.006416481 0.000248386 0.000243072 0.000142888 0.000167693 0.000246214 0.000207574 0.000186446 0.000000000 0.004974209 0.000000000
282.062501566 0.008312804 0.000291819 0.000220624 0.000159385 0.000186703 0.000257963 0.000245228 0.000168069 0.000000000 0.006783012 0.000000000
282.711667277 0.006629240 0.000277002 0.000190745 0.000188274 0.000228524 0.000276460 0.000302879 0.000191148 0.000000000 0.004974209 0.000000000
283.360832989 0.005629604 0.000239894 0.000194387 0.000220878 0.000230066 0.000277591 0.000365481 0.000257602 0.000000000 0.003843707 0.000000000
284.009998700 0.007268970 0.000220846 0.000189194 0.000245898 0.000242533 0.000235405 0.000355513 0.000353172 0.000000000 0.005426409 0.000000000
284.659164411 0.008271087 0.000217319 0.000169815 0.000220640 0.000178336 0.000214805 0.000298838 0.000414423 0.000000000 0.006556911 0.000000000
285.308330122 0.007415748 0.000208411 0.000143496 0.000206718 0.000150053 0.000207717 0.000245399 0.000375345 0.000000000 0.005878610 0.000000000
285.957495834 0.007897378 0.000196896 0.000111525 0.000191559 0.000176337 0.000177495 0.000191561 0.000295092 0.000000000 0.006556911 0.000000000
286.606661545 0.005798062 0.000221983 0.000117939 0.000192690 0.000204488 0.000131737 0.000173054 0.000234164 0.000000000 0.004522008 0.000000000
287.255827256 0.007402151 0.000219648 0.000170067 0.000209962 0.000215313 0.000132949 0.000159245 0.000190255 0.000000000 0.006104711 0.000000000
287.904992968 0.007363160 0.000256701 0.000244318 0.000241367 0.000223110 0.000160560 0.000164035 0.000194458 0.000000000 0.005878610 0.000000000
288.554158679 0.005918056 0.000262913 0.000247370 0.000298609 0.000235815 0.000187617 0.000171852 0.000217972 0.000000000 0.004295907 0.000000000
289.203324390 0.006391041 0.000239395 0.000255888 0.000348404 0.000220657 0.000192742 0.000170420 0.000215428 0.000000000 0.004748108 0.000000000
289.852490102 0.007332992 0.000253644 0.000321269 0.000352558 0.000133002 0.000191472 0.000222071 0.000206465 0.000000000 0.005652510 0.000000000
290.501655813 0.007341506 0.000258123 0.000359073 0.000336837 0.000101183 0.000226814 0.000232317 0.000174648 0.000000000 0.005652510 0.000000000
291.150821524 0.006703036 0.000310714 0.000311552 0.000339720 0.000110996 0.000276541 0.000218242 0.000161062 0.000000000 0.004974209 0.000000000
291.799987236 0.007797666 0.000338344 0.000254474 0.000323807 0.000133418 0.000270521 0.000205120 0.000167272 0.000000000 0.006104711 0.000000000
292.449152947 0.007300149 0.000350411 0.000227000 0.000234183 0.000152408 0.000264632 0.000223421 0.000195585 0.000000000 0.005652510 0.000000000
293.098318658 0.005929359 0.000327382 0.000223004 0.000176474 0.000175020 0.000256293 0.000251706 0.000223573 0.000000000 0.004295907 0.000000000
293.747484370 0.007126686 0.000193667 0.000190286 0.000168890 0.000206507 0.000235267 0.000257211 0.000222348 0.000000000 0.005652510 0.000000000
294.396650081 0.008579875 0.000113367 0.000160284 0.000178050 0.000240804 0.000217045 0.000227560 0.000207553 0.000000000 0.007235213 0.000000000
295.045815792 0.006740195 0.000093978 0.000214147 0.000213689 0.000209860 0.000179718 0.000198741 0.000203653 0.000000000 0.005426409 0.000000000
295.694981503 0.006098298 0.000084667 0.000263485 0.000237397 0.000182581 0.000160055 0.000198159 0.000223845 0.000000000 0.004748108 0.000000000
296.344147215 0.010132073 0.000107271 0.000211701 0.000222551 0.000156013 0.000156595 0.000193046 0.000266981 0.000000000 0.008817915 0.000000000
296.993312926 0.007351550 0.000117858 0.000142391 0.000193044 0.000165670 0.000167789 0.000186472 0.000273617 0.000000000 0.006104711 0.000000000
297.642478637 0.008202211 0.000104260 0.000116867 0.000173170 0.000132687 0.000218258 0.000192275 0.000255582 0.000000000 0.007009112 0.000000000
298.291644349 0.009321647 0.000083468 0.000091703 0.000179553 0.000112939 0.000254402 0.000245350 0.000214618 0.000000000 0.008139614 0.000000000
298.940810060 0.005701706 0.000109874 0.000078647 0.000175717 0.000133369 0.000259079 0.000260241 0.000162770 0.000000000 0.004522008 0.000000000
299.589975771 0.008934684 0.000173417 0.000101380 0.000178782 0.000156036 0.000253200 0.000249435 0.000135019 0.000000000 0.007687413 0.000000000
300.239141483 0.006520427 0.000209174 0.000149342 0.000174407 0.000206029 0.000245512 0.000194643 0.000141012 0.000000000 0.005200309 0.000000000
300.888307194 0.007261650 0.000227625 0.000199024 0.000116673 0.000230158 0.000249495 0.000163886 0.000196178 0.000000000 0.005878610 0.000000000
301.537472905 0.007668489 0.000235065 0.000225732 0.000079210 0.000223138 0.000262881 0.000239784 0.000297968 0.000000000 0.006104711 0.000000000
302.186638617 0.007931324 0.000203868 0.000206847 0.000068788 0.000183545 0.000251999 0.000312374 0.000373091 0.000000000 0.006330811 0.000000000
302.835804328 0.009418611 0.000162900 0.000165588 0.000089559 0.000140808 0.000242128 0.000307888 0.000396225 0.000000000 0.007913514 0.000000000
303.484970039 0.007402521 0.000125630 0.000161834 0.000141888 0.000249572 0.000255250 0.000341504 0.000248232 0.000000000 0.005878610 0.000000000
304.134135751 0.007915262 0.000105331 0.000201832 0.000165566 0.000161136 0.000277196 0.000266487 0.000180803 0.000000000 0.006556911 0.000000000
304.783301462 0.009308727 0.000095959 0.000204376 0.000141398 0.000101673 0.000268998 0.000185969 0.000170740 0.000000000 0.008139614 0.000000000
305.432467173 0.007663220 0.000091601 0.000160333 0.000114403 0.000128664 0.000216271 0.000198264 0.000196773 0.000000000 0.006556911 0.000000000
306.081632885 0.008753453 0.000073928 0.000094418 0.000100931 0.000142303 0.000214479 0.000215429 0.000224551 0.000000000 0.007687413 0.000000000
306.730798596 0.008496382 0.000089574 0.000068129 0.000102536 0.000159232 0.000237331 0.000200087 0.000178179 0.000000000 0.007461313 0.000000000
307.379964307 0.009886700 0.000106611 0.000064664 0.000120336 0.000142584 0.000228703 0.000231426 0.000174460 0.000000000 0.008817915 0.000000000
308.029130018 0.008277151 0.000116546 0.000059692 0.000149282 0.000103186 0.000162828 0.000230691 0.000219713 0.000000000 0.007235213 0.000000000
308.678295730 0.006725249 0.000114379 0.000058386 0.000176610 0.000073097 0.000109151 0.000119913 0.000195103 0.000000000 0.005878610 0.000000000
309.327461441 0.011129352 0.000097013 0.000152988 0.000180741 0.000054393 0.000085041 0.000050090 0.000108468 0.000000000 0.010400618 0.000000000
309.976627152 0.008821831 0.000101393 0.000193433 0.000188440 0.000050920 0.000062789 0.000038542 0.000046700 0.000000000 0.008139614 0.000000000
310.625792864 0.009684698 0.000157770 0.000126634 0.000140736 0.000085116 0.000053797 0.000043928 0.000032700 0.000000000 0.009044016 0.000000000
311.274958575 0.011285918 0.000168156 0.000139997 0.000116298 0.000111922 0.000048076 0.000043375 0.000031376 0.000000000 0.010626719 0.000000000
311.924124286 0.008037278 0.000138871 0.000125462 0.000101016 0.000090871 0.000053802 0.000034703 0.000031238 0.000000000 0.007461313 0.000000000
312.573289998 0.008182040 0.000087553 0.000108351 0.000099177 0.000069991 0.000061081 0.000033279 0.000035193 0.000000000 0.007687413 0.000000000
313.222455709 0.007481143 0.000064993 0.000105368 0.000088812 0.000071911 0.000054157 0.000039246 0.000047543 0.000000000 0.007009112 0.000000000
313.871621420 0.011399856 0.000076318 0.000140018 0.000067228 0.000090911 0.000054131 0.000059701 0.000058730 0.000000000 0.010852819 0.000000000
314.520787132 0.008609036 0.000113215 0.000166158 0.000059669 0.000121586 0.000066257 0.000094206 0.000074432 0.000000000 0.007913514 0.000000000
315.169952843 0.010636309 0.000150009 0.000184228 0.000070649 0.000168025 0.000098053 0.000139483 0.000103545 0.000000000 0.009722317 0.000000000
315.819118554 0.010520934 0.000143719 0.000201319 0.000098332 0.000308885 0.000134237 0.000195634 0.000168691 0.000000000 0.009270116 0.000000000
316.468284266 0.011969287 0.000075119 0.000072682 0.000148573 0.000438084 0.000222590 0.000287680 0.000323942 0.000000000 0.010400618 0.000000000
317.117449977 0.010698740 0.000005117 0.000004805 0.000129978 0.000079124 0.000196038 0.000137135 0.000198125 0.000000000 0.009948417 0.000000000
317.766615688 0.009146684 0.000000000 0.000000045 0.000034435 0.000000293 0.000049325 0.000002561 0.000016010 0.000000000 0.009044016 0.000000000
318.415781399 0.009956506 0.000000000 0.000000000 0.000004473 0.000000000 0.000003576 0.000000005 0.000000034 0.000000000 0.009948417 0.000000000
319.064947111 0.003843842 0.000000000 0.000000000 0.000000103 0.000000000 0.000000032 0.000000000 0.000000000 0.000000000 0.003843707 0.000000000
319.714112822 0.000000000 0.000000000 0.000000000 0.000000000 0.000000000 0.000000000 0.000000000 0.000000000 0.000000000 0.000000000 0.000000000
320.363278533 0.000000000 0.000000000 0.000000000 0.000000000 0.000000000 0.000000000 0.000000000 0.000000000 0.000000000 0.000000000 0.000000000
321.012444245 0.000000000 0.000000000 0.000000000 0.000000000 0.000000000 0.000000000 0.000000000 0.000000000 0.000000000 0.000000000 0.000000000
321.661609956 0.000000000 0.000000000 0.000000000 0.000000000 0.000000000 0.000000000 0.000000000 0.000000000 0.000000000 0.000000000 0.000000000
322.310775667 0.000000000 0.000000000 0.000000000 0.000000000 0.000000000 0.000000000 0.000000000 0.000000000 0.000000000 0.000000000 0.000000000
322.959941379 0.045220079 0.000000000 0.000000000 0.000000000 0.000000000 0.000000000 0.000000000 0.000000000 0.000000000 0.000000000 0.045220079
323.609107090 0.000000000 0.000000000 0.000000000 0.000000000 0.000000000 0.000000000 0.000000000 0.000000000 0.000000000 0.000000000 0.000000000
324.258272801 0.000000000 0.000000000 0.000000000 0.000000000 0.000000000 0.000000000 0.000000000 0.000000000 0.000000000 0.000000000 0.000000000
