# Ion number density
# The last    3 ion types are fixed
# Average over 486734 steps
# z (au)        total        A            Im1          Im2          Im3          N            C            Me           C1           C2           P
0.299713564 0.048972299 0.000000000 0.000000000 0.000000000 0.000000000 0.000000000 0.000000000 0.000000000 0.000000000 0.000000000 0.048972299
0.899140693 0.000000000 0.000000000 0.000000000 0.000000000 0.000000000 0.000000000 0.000000000 0.000000000 0.000000000 0.000000000 0.000000000
1.498567822 0.000000000 0.000000000 0.000000000 0.000000000 0.000000000 0.000000000 0.000000000 0.000000000 0.000000000 0.000000000 0.000000000
2.097994951 0.000000000 0.000000000 0.000000000 0.000000000 0.000000000 0.000000000 0.000000000 0.000000000 0.000000000 0.000000000 0.000000000
2.697422080 0.000000000 0.000000000 0.000000000 0.000000000 0.000000000 0.000000000 0.000000000 0.000000000 0.000000000 0.000000000 0.000000000
3.296849209 0.000000000 0.000000000 0.000000000 0.000000000 0.000000000 0.000000000 0.000000000 0.000000000 0.000000000 0.000000000 0.000000000
3.896276338 0.001958892 0.000000000 0.000000000 0.000000000 0.000000000 0.000000000 0.000000000 0.000000000 0.001958892 0.000000000 0.000000000
4.495703467 0.010284183 0.000000000 0.000000000 0.000000000 0.000000000 0.000000000 0.000000000 0.000000000 0.010284183 0.000000000 0.000000000
5.095130596 0.007836266 0.000000000 0.000000000 0.000000000 0.000000000 0.000000453 0.000000000 0.000000245 0.007835568 0.000000000 0.000000000
5.694557725 0.009656622 0.000000000 0.000000000 0.000000000 0.000000077 0.000048062 0.000014915 0.000043970 0.009549598 0.000000000 0.000000000
6.293984854 0.009465540 0.000000481 0.000000569 0.000000000 0.000007687 0.000179488 0.000210819 0.000251480 0.008815014 0.000000000 0.000000000
6.893411983 0.013025791 0.000050700 0.000018199 0.000000000 0.000064067 0.000137689 0.000108922 0.000158277 0.012487936 0.000000000 0.000000000
7.492839112 0.009307343 0.000162199 0.000041247 0.000000301 0.000118914 0.000105614 0.000191299 0.000117617 0.008570152 0.000000000 0.000000000
8.092266241 0.009323629 0.000034102 0.000057903 0.000001136 0.000070390 0.000089924 0.000126774 0.000128386 0.008815014 0.000000000 0.000000000
8.691693370 0.008327223 0.000007827 0.000076311 0.000006487 0.000023482 0.000058840 0.000039255 0.000034594 0.008080429 0.000000000 0.000000000
9.291120499 0.011447700 0.000020525 0.000046962 0.000033136 0.000015441 0.000038678 0.000025394 0.000003936 0.011263629 0.000000000 0.000000000
9.890547628 0.007573778 0.000052634 0.000003578 0.000091825 0.000032581 0.000028305 0.000015767 0.000003244 0.007345845 0.000000000 0.000000000
10.489974757 0.007440901 0.000097368 0.000001040 0.000117073 0.000079025 0.000033273 0.000008976 0.000003161 0.007100983 0.000000000 0.000000000
11.089401886 0.008455083 0.000127697 0.000004010 0.000081786 0.000107895 0.000041440 0.000007639 0.000004187 0.008080429 0.000000000 0.000000000
11.688829015 0.009243170 0.000142466 0.000030325 0.000063484 0.000099712 0.000066438 0.000018352 0.000007378 0.008815014 0.000000000 0.000000000
12.288256144 0.009882162 0.000174949 0.000097419 0.000054805 0.000084095 0.000096092 0.000049753 0.000020310 0.009304737 0.000000000 0.000000000
12.887683273 0.009735519 0.000154955 0.000102400 0.000043985 0.000144351 0.000094690 0.000085919 0.000049344 0.009059875 0.000000000 0.000000000
13.487110402 0.010797781 0.000083649 0.000049819 0.000056280 0.000110873 0.000059187 0.000076832 0.000076959 0.010284183 0.000000000 0.000000000
14.086537531 0.007571684 0.000077834 0.000080591 0.000108938 0.000063850 0.000027530 0.000047226 0.000064731 0.007100983 0.000000000 0.000000000
14.685964660 0.007782747 0.000091620 0.000152063 0.000133835 0.000138636 0.000022389 0.000057137 0.000086084 0.007100983 0.000000000 0.000000000
15.285391789 0.008596412 0.000106521 0.000207017 0.000120268 0.000206488 0.000065202 0.000148332 0.000151877 0.007590706 0.000000000 0.000000000
15.884818918 0.010248086 0.000109218 0.000214132 0.000155392 0.000134766 0.000115249 0.000119232 0.000095361 0.009304737 0.000000000 0.000000000
16.484246047 0.007946576 0.000157531 0.000149063 0.000260531 0.000107909 0.000061618 0.000036676 0.000072265 0.007100983 0.000000000 0.000000000
17.083673176 0.008338624 0.000163049 0.000202372 0.000358493 0.000136145 0.000028744 0.000040592 0.000063384 0.007345845 0.000000000 0.000000000
17.683100305 0.007617209 0.000095948 0.000321636 0.000310124 0.000170390 0.000032273 0.000041227 0.000034351 0.006611260 0.000000000 0.000000000
18.282527434 0.009526267 0.000069107 0.000371380 0.000274558 0.000154804 0.000044640 0.000019400 0.000022225 0.008570152 0.000000000 0.000000000
18.881954563 0.007020307 0.000313507 0.000308339 0.000303941 0.000144246 0.000029953 0.000014941 0.000028705 0.005876676 0.000000000 0.000000000
19.481381692 0.008308933 0.000205864 0.000144016 0.000305064 0.000222504 0.000018163 0.000022038 0.000045440 0.007345845 0.000000000 0.000000000
20.080808821 0.007248101 0.000240376 0.000080377 0.000200385 0.000255545 0.000017390 0.000022007 0.000065623 0.006366399 0.000000000 0.000000000
20.680235950 0.008221571 0.000350956 0.000102007 0.000107799 0.000177466 0.000019837 0.000030000 0.000087662 0.007345845 0.000000000 0.000000000
21.279663079 0.007030289 0.000360582 0.000213602 0.000097626 0.000084132 0.000024992 0.000042915 0.000084903 0.006121537 0.000000000 0.000000000
21.879090208 0.005901594 0.000271786 0.000332072 0.000154537 0.000071849 0.000028933 0.000064584 0.000080606 0.004897230 0.000000000 0.000000000
22.478517337 0.007342427 0.000321084 0.000302073 0.000235299 0.000137038 0.000049939 0.000089457 0.000086000 0.006121537 0.000000000 0.000000000
23.077944465 0.006899721 0.000392794 0.000173956 0.000244232 0.000179431 0.000099113 0.000091279 0.000087101 0.005631814 0.000000000 0.000000000
23.677371594 0.008433353 0.000276645 0.000077833 0.000226753 0.000211516 0.000146756 0.000083356 0.000064650 0.007345845 0.000000000 0.000000000
24.276798723 0.007437645 0.000121455 0.000052708 0.000226334 0.000330378 0.000180778 0.000122430 0.000037163 0.006366399 0.000000000 0.000000000
24.876225852 0.008336819 0.000031679 0.000125379 0.000243542 0.000232433 0.000180349 0.000156774 0.000020816 0.007345845 0.000000000 0.000000000
25.475652981 0.007972435 0.000013243 0.000192759 0.000216897 0.000128360 0.000151817 0.000151810 0.000016565 0.007100983 0.000000000 0.000000000
26.075080110 0.006516343 0.000038767 0.000213363 0.000206503 0.000149619 0.000120570 0.000120195 0.000035513 0.005631814 0.000000000 0.000000000
26.674507239 0.010045527 0.000113503 0.000217884 0.000182144 0.000219414 0.000066720 0.000092507 0.000093478 0.009059875 0.000000000 0.000000000
27.273934368 0.006328256 0.000185199 0.000183107 0.000168210 0.000198310 0.000029991 0.000040605 0.000135880 0.005386953 0.000000000 0.000000000
27.873361497 0.006078961 0.000245947 0.000231234 0.000179857 0.000145041 0.000016339 0.000013644 0.000104808 0.005142091 0.000000000 0.000000000
28.472788626 0.006842447 0.000246431 0.000276614 0.000175022 0.000193641 0.000011532 0.000009738 0.000052793 0.005876676 0.000000000 0.000000000
29.072215755 0.007200333 0.000223848 0.000286900 0.000241165 0.000279258 0.000007519 0.000011255 0.000028850 0.006121537 0.000000000 0.000000000
29.671642884 0.006826964 0.000214895 0.000296813 0.000289955 0.000323503 0.000005771 0.000009163 0.000055050 0.005631814 0.000000000 0.000000000
30.271070013 0.006174869 0.000171770 0.000216839 0.000275140 0.000247076 0.000008813 0.000010070 0.000103070 0.005142091 0.000000000 0.000000000
30.870497142 0.006484733 0.000151084 0.000181541 0.000230044 0.000167263 0.000016741 0.000028570 0.000077677 0.005631814 0.000000000 0.000000000
31.469924271 0.006880653 0.000182046 0.000259796 0.000197957 0.000206897 0.000036947 0.000090085 0.000030250 0.005876676 0.000000000 0.000000000
32.069351400 0.005907444 0.000262097 0.000280021 0.000217687 0.000311366 0.000068478 0.000102054 0.000013372 0.004652368 0.000000000 0.000000000
32.668778529 0.007362674 0.000355731 0.000259680 0.000300061 0.000414094 0.000105769 0.000041868 0.000008794 0.005876676 0.000000000 0.000000000
33.268205658 0.007737108 0.000477954 0.000240147 0.000313634 0.000427724 0.000102883 0.000039894 0.000013335 0.006121537 0.000000000 0.000000000
33.867632787 0.006182938 0.000504015 0.000290701 0.000256836 0.000349404 0.000061961 0.000039149 0.000028504 0.004652368 0.000000000 0.000000000
34.467059916 0.004542117 0.000381824 0.000319823 0.000212128 0.000306292 0.000048977 0.000035918 0.000053955 0.003183199 0.000000000 0.000000000
35.066487045 0.006049332 0.000244429 0.000303223 0.000207076 0.000256643 0.000045756 0.000037349 0.000057626 0.004897230 0.000000000 0.000000000
35.665914174 0.009096915 0.000164255 0.000255907 0.000243048 0.000221206 0.000041066 0.000043878 0.000047126 0.008080429 0.000000000 0.000000000
36.265341303 0.004967462 0.000153690 0.000270453 0.000277229 0.000226195 0.000036336 0.000050434 0.000035342 0.003917784 0.000000000 0.000000000
36.864768432 0.006280924 0.000126444 0.000303941 0.000288436 0.000287174 0.000045912 0.000058052 0.000028871 0.005142091 0.000000000 0.000000000
37.464195561 0.009254771 0.000151707 0.000352551 0.000269038 0.000228403 0.000069020 0.000063807 0.000039816 0.008080429 0.000000000 0.000000000
38.063622690 0.008232030 0.000149935 0.000298048 0.000304162 0.000180351 0.000088304 0.000062707 0.000047540 0.007100983 0.000000000 0.000000000
38.663049819 0.006009668 0.000194156 0.000192258 0.000365489 0.000161497 0.000088846 0.000062878 0.000047314 0.004897230 0.000000000 0.000000000
39.262476948 0.005510639 0.000200964 0.000168854 0.000383016 0.000151912 0.000077389 0.000072430 0.000048567 0.004407507 0.000000000 0.000000000
39.861904077 0.006236051 0.000174677 0.000193505 0.000317763 0.000214524 0.000062196 0.000067001 0.000064293 0.005142091 0.000000000 0.000000000
40.461331206 0.005587210 0.000236026 0.000249552 0.000239050 0.000279929 0.000045228 0.000055460 0.000074458 0.004407507 0.000000000 0.000000000
41.060758335 0.008374781 0.000391071 0.000276038 0.000196134 0.000249902 0.000035903 0.000056162 0.000068588 0.007100983 0.000000000 0.000000000
41.660185464 0.006310466 0.000503136 0.000320979 0.000177078 0.000260575 0.000037224 0.000051695 0.000062550 0.004897230 0.000000000 0.000000000
42.259612593 0.006414640 0.000447603 0.000228692 0.000146289 0.000265499 0.000047646 0.000058067 0.000078754 0.005142091 0.000000000 0.000000000
42.859039722 0.006715204 0.000295664 0.000200561 0.000096447 0.000224365 0.000072986 0.000080710 0.000112656 0.005631814 0.000000000 0.000000000
43.458466851 0.005133586 0.000173078 0.000187167 0.000081747 0.000168540 0.000108690 0.000106259 0.000145460 0.004162645 0.000000000 0.000000000
44.057893980 0.005932851 0.000257936 0.000139126 0.000082740 0.000159852 0.000137815 0.000117551 0.000140601 0.004897230 0.000000000 0.000000000
44.657321109 0.005092375 0.000175359 0.000103135 0.000099665 0.000179058 0.000162417 0.000100633 0.000109462 0.004162645 0.000000000 0.000000000
45.256748238 0.005908834 0.000184690 0.000109480 0.000116517 0.000219987 0.000170684 0.000105667 0.000104579 0.004897230 0.000000000 0.000000000
45.856175366 0.007913001 0.000108322 0.000137001 0.000148168 0.000238056 0.000186263 0.000141964 0.000097105 0.006856122 0.000000000 0.000000000
46.455602495 0.007015848 0.000047866 0.000154725 0.000201870 0.000245100 0.000194660 0.000194243 0.000100709 0.005876676 0.000000000 0.000000000
47.055029624 0.006302243 0.000060603 0.000177562 0.000195130 0.000190679 0.000180207 0.000238122 0.000117849 0.005142091 0.000000000 0.000000000
47.654456753 0.005238931 0.000088653 0.000156868 0.000162924 0.000141438 0.000169892 0.000211229 0.000145280 0.004162645 0.000000000 0.000000000
48.253883882 0.008852364 0.000099408 0.000129447 0.000137954 0.000134817 0.000170518 0.000170374 0.000174279 0.007835568 0.000000000 0.000000000
48.853311011 0.006680976 0.000081965 0.000160515 0.000100022 0.000137235 0.000189196 0.000158626 0.000221601 0.005631814 0.000000000 0.000000000
49.452738140 0.006535821 0.000056142 0.000137818 0.000083998 0.000138235 0.000226263 0.000205857 0.000300555 0.005386953 0.000000000 0.000000000
50.052165269 0.005416417 0.000035042 0.000164281 0.000107080 0.000136706 0.000233430 0.000248359 0.000328873 0.004162645 0.000000000 0.000000000
50.651592398 0.006689104 0.000035915 0.000142635 0.000131670 0.000147696 0.000239707 0.000321095 0.000283433 0.005386953 0.000000000 0.000000000
51.251019527 0.008615521 0.000039963 0.000104495 0.000140679 0.000192393 0.000256855 0.000328957 0.000206334 0.007345845 0.000000000 0.000000000
51.850446656 0.006335526 0.000283533 0.000127000 0.000145580 0.000261452 0.000257668 0.000198462 0.000164602 0.004897230 0.000000000 0.000000000
52.449873785 0.008498715 0.000054059 0.000156459 0.000136183 0.000316368 0.000178234 0.000159985 0.000151584 0.007345845 0.000000000 0.000000000
53.049300914 0.007365021 0.000102347 0.000132811 0.000133792 0.000211850 0.000155419 0.000131117 0.000131287 0.006366399 0.000000000 0.000000000
53.648728043 0.005620611 0.000182019 0.000139661 0.000146015 0.000130996 0.000134341 0.000102620 0.000132591 0.004652368 0.000000000 0.000000000
54.248155172 0.010576826 0.000224367 0.000180458 0.000147884 0.000096494 0.000129357 0.000108619 0.000140047 0.009549598 0.000000000 0.000000000
54.847582301 0.009838282 0.000249726 0.000153949 0.000139121 0.000094259 0.000127855 0.000127057 0.000131301 0.008815014 0.000000000 0.000000000
55.447009430 0.008856559 0.000238431 0.000145837 0.000136281 0.000132721 0.000105675 0.000134486 0.000127560 0.007835568 0.000000000 0.000000000
56.046436559 0.008577629 0.000179589 0.000180162 0.000155164 0.000147242 0.000077408 0.000134532 0.000112825 0.007590706 0.000000000 0.000000000
56.645863688 0.009982958 0.000191761 0.000160925 0.000175494 0.000103150 0.000060102 0.000115677 0.000115975 0.009059875 0.000000000 0.000000000
57.245290817 0.010214794 0.000231846 0.000143509 0.000167412 0.000102170 0.000050073 0.000076187 0.000138860 0.009304737 0.000000000 0.000000000
57.844717946 0.009593034 0.000255688 0.000163387 0.000184510 0.000159590 0.000045771 0.000058492 0.000155443 0.008570152 0.000000000 0.000000000
58.444145075 0.006005331 0.000209443 0.000180092 0.000257485 0.000178026 0.000059830 0.000055410 0.000167816 0.004897230 0.000000000 0.000000000
59.043572204 0.009945007 0.000202440 0.000164654 0.000298539 0.000117252 0.000098560 0.000078621 0.000169927 0.008815014 0.000000000 0.000000000
59.642999333 0.007836324 0.000236110 0.000148915 0.000276757 0.000089037 0.000152796 0.000148399 0.000173049 0.006611260 0.000000000 0.000000000
60.242426462 0.007479650 0.000242009 0.000210603 0.000251348 0.000136043 0.000190102 0.000183832 0.000144175 0.006121537 0.000000000 0.000000000
60.841853591 0.007285733 0.000224437 0.000274779 0.000283028 0.000185132 0.000189437 0.000163270 0.000088974 0.005876676 0.000000000 0.000000000
61.441280720 0.008378771 0.000179533 0.000239380 0.000311139 0.000164714 0.000175701 0.000158371 0.000048951 0.007100983 0.000000000 0.000000000
62.040707849 0.007650709 0.000076525 0.000161773 0.000299169 0.000122111 0.000177351 0.000141636 0.000060884 0.006611260 0.000000000 0.000000000
62.640134978 0.007040909 0.000030001 0.000158859 0.000247571 0.000127938 0.000180016 0.000109569 0.000065417 0.006121537 0.000000000 0.000000000
63.239562107 0.010002833 0.000045433 0.000195810 0.000211621 0.000151377 0.000153096 0.000103243 0.000082377 0.009059875 0.000000000 0.000000000
63.838989236 0.009391068 0.000132269 0.000198668 0.000214762 0.000144392 0.000126793 0.000131716 0.000117177 0.008325291 0.000000000 0.000000000
64.438416365 0.005105084 0.000199818 0.000181497 0.000223542 0.000140421 0.000123613 0.000180293 0.000138117 0.003917784 0.000000000 0.000000000
65.037843494 0.006040285 0.000177313 0.000147498 0.000184828 0.000174893 0.000142952 0.000181170 0.000134401 0.004897230 0.000000000 0.000000000
65.637270623 0.010669716 0.000129173 0.000210037 0.000137257 0.000198295 0.000170886 0.000141669 0.000132800 0.009549598 0.000000000 0.000000000
66.236697752 0.006560139 0.000124242 0.000339215 0.000100521 0.000169984 0.000189540 0.000117996 0.000131690 0.005386953 0.000000000 0.000000000
66.836124881 0.007290552 0.000119904 0.000323345 0.000087449 0.000143644 0.000192151 0.000141779 0.000160743 0.006121537 0.000000000 0.000000000
67.435552010 0.008651310 0.000079759 0.000222189 0.000089879 0.000147247 0.000169466 0.000179767 0.000172296 0.007590706 0.000000000 0.000000000
68.034979139 0.010448373 0.000082102 0.000123856 0.000078360 0.000171133 0.000134481 0.000177183 0.000131658 0.009549598 0.000000000 0.000000000
68.634406267 0.006805410 0.000198554 0.000091723 0.000080153 0.000159475 0.000101501 0.000177221 0.000120107 0.005876676 0.000000000 0.000000000
69.233833396 0.007427032 0.000317647 0.000091387 0.000107525 0.000157278 0.000089372 0.000145372 0.000152052 0.006366399 0.000000000 0.000000000
69.833260525 0.007524131 0.000333021 0.000105350 0.000126695 0.000205254 0.000092374 0.000090682 0.000204356 0.006366399 0.000000000 0.000000000
70.432687654 0.006549467 0.000247301 0.000108787 0.000158396 0.000240056 0.000113163 0.000073715 0.000221096 0.005386953 0.000000000 0.000000000
71.032114783 0.007972032 0.000152668 0.000101220 0.000173453 0.000314235 0.000151191 0.000079747 0.000143395 0.006856122 0.000000000 0.000000000
71.631541912 0.010775582 0.000164190 0.000115345 0.000161905 0.000394572 0.000194201 0.000101507 0.000094263 0.009549598 0.000000000 0.000000000
72.230969041 0.005210477 0.000260992 0.000130556 0.000118022 0.000350101 0.000199325 0.000149799 0.000083899 0.003917784 0.000000000 0.000000000
72.830396170 0.006601326 0.000231210 0.000145733 0.000083478 0.000265102 0.000156678 0.000197861 0.000134309 0.005386953 0.000000000 0.000000000
73.429823299 0.007706817 0.000137942 0.000171955 0.000075361 0.000185564 0.000126650 0.000208770 0.000189313 0.006611260 0.000000000 0.000000000
74.029250428 0.008221759 0.000127971 0.000193952 0.000097470 0.000152407 0.000122279 0.000262844 0.000163854 0.007100983 0.000000000 0.000000000
74.628677557 0.008171823 0.000148511 0.000239294 0.000142380 0.000161596 0.000206918 0.000221088 0.000195914 0.006856122 0.000000000 0.000000000
75.228104686 0.009698256 0.000175485 0.000263029 0.000179945 0.000172154 0.000223785 0.000126210 0.000232357 0.008325291 0.000000000 0.000000000
75.827531815 0.008853418 0.000196844 0.000215084 0.000218196 0.000150499 0.000141236 0.000126194 0.000214659 0.007590706 0.000000000 0.000000000
76.426958944 0.008245683 0.000183838 0.000169137 0.000231117 0.000122249 0.000137986 0.000150511 0.000149862 0.007100983 0.000000000 0.000000000
77.026386073 0.006125715 0.000134592 0.000122353 0.000171448 0.000101218 0.000165746 0.000170638 0.000117630 0.005142091 0.000000000 0.000000000
77.625813202 0.008942675 0.000113485 0.000093607 0.000113950 0.000303012 0.000173256 0.000186512 0.000123284 0.007835568 0.000000000 0.000000000
78.225240331 0.006311259 0.000120183 0.000076332 0.000121589 0.000128668 0.000172818 0.000179441 0.000125276 0.005386953 0.000000000 0.000000000
78.824667460 0.011198232 0.000162097 0.000074770 0.000130101 0.000102322 0.000161023 0.000149973 0.000133762 0.010284183 0.000000000 0.000000000
79.424094589 0.007063380 0.000216806 0.000084816 0.000142209 0.000131436 0.000115507 0.000116724 0.000134344 0.006121537 0.000000000 0.000000000
80.023521718 0.009396523 0.000255081 0.000406945 0.000187475 0.000169811 0.000070973 0.000087599 0.000138209 0.008080429 0.000000000 0.000000000
80.622948847 0.008527560 0.000249294 0.000255087 0.000209122 0.000181831 0.000046262 0.000082919 0.000157200 0.007345845 0.000000000 0.000000000
81.222375976 0.010479463 0.000210675 0.000340828 0.000208157 0.000143969 0.000045640 0.000079749 0.000145708 0.009304737 0.000000000 0.000000000
81.821803105 0.007944923 0.000183737 0.000377391 0.000173975 0.000099230 0.000063327 0.000068370 0.000122771 0.006856122 0.000000000 0.000000000
82.421230234 0.007286887 0.000179411 0.000269124 0.000156606 0.000066756 0.000080682 0.000050276 0.000117633 0.006366399 0.000000000 0.000000000
83.020657363 0.008157965 0.000168727 0.000166513 0.000139453 0.000079758 0.000082460 0.000060463 0.000114745 0.007345845 0.000000000 0.000000000
83.620084492 0.009876525 0.000112073 0.000099496 0.000135623 0.000160173 0.000086499 0.000101223 0.000121562 0.009059875 0.000000000 0.000000000
84.219511621 0.008364225 0.000067433 0.000049203 0.000291137 0.000245817 0.000102921 0.000138344 0.000123525 0.007345845 0.000000000 0.000000000
84.818938750 0.010301073 0.000054856 0.000031113 0.000210510 0.000251623 0.000152492 0.000172241 0.000123500 0.009304737 0.000000000 0.000000000
85.418365879 0.008922421 0.000081583 0.000032737 0.000103386 0.000253111 0.000229786 0.000229920 0.000156330 0.007835568 0.000000000 0.000000000
86.017793008 0.004616163 0.000120040 0.000031968 0.000113162 0.000293915 0.000282292 0.000320537 0.000271050 0.003183199 0.000000000 0.000000000
86.617220137 0.001642747 0.000138307 0.000049642 0.000131212 0.000291908 0.000328913 0.000298736 0.000404028 0.000000000 0.000000000 0.000000000
87.216647266 0.001715769 0.000150612 0.000116864 0.000171476 0.000287812 0.000383933 0.000254905 0.000350166 0.000000000 0.000000000 0.000000000
87.816074395 0.001878590 0.000212321 0.000211112 0.000208458 0.000312887 0.000377166 0.000269222 0.000287425 0.000000000 0.000000000 0.000000000
88.415501524 0.002148381 0.000272598 0.000294126 0.000228535 0.000380930 0.000371737 0.000359371 0.000241083 0.000000000 0.000000000 0.000000000
89.014928653 0.002384161 0.000294679 0.000348526 0.000230243 0.000448382 0.000376884 0.000441946 0.000243501 0.000000000 0.000000000 0.000000000
89.614355782 0.002574645 0.000299630 0.000371203 0.000303934 0.000442575 0.000419129 0.000437915 0.000300259 0.000000000 0.000000000 0.000000000
90.213782911 0.003006191 0.000401118 0.000363209 0.000446769 0.000401480 0.000494249 0.000476613 0.000422753 0.000000000 0.000000000 0.000000000
90.813210040 0.003544615 0.000542157 0.000370216 0.000545995 0.000475918 0.000510305 0.000559286 0.000540737 0.000000000 0.000000000 0.000000000
91.412637168 0.003784104 0.000570948 0.000477866 0.000584186 0.000661900 0.000421090 0.000523530 0.000544585 0.000000000 0.000000000 0.000000000
92.012064297 0.003722826 0.000694216 0.000658959 0.000535626 0.000754206 0.000293977 0.000359604 0.000426239 0.000000000 0.000000000 0.000000000
92.611491426 0.003480870 0.000843414 0.000825979 0.000485975 0.000600908 0.000202147 0.000211526 0.000310921 0.000000000 0.000000000 0.000000000
93.210918555 0.002937386 0.000740706 0.000785048 0.000475973 0.000409583 0.000146874 0.000131116 0.000248086 0.000000000 0.000000000 0.000000000
93.810345684 0.002425116 0.000521916 0.000657036 0.000463259 0.000335936 0.000123563 0.000105479 0.000217927 0.000000000 0.000000000 0.000000000
94.409772813 0.002132556 0.000382788 0.000570570 0.000443568 0.000323895 0.000118989 0.000112035 0.000180710 0.000000000 0.000000000 0.000000000
95.009199942 0.002074970 0.000335445 0.000529176 0.000441653 0.000336629 0.000125899 0.000147985 0.000158184 0.000000000 0.000000000 0.000000000
95.608627071 0.002106208 0.000359294 0.000463779 0.000455918 0.000351630 0.000152760 0.000168754 0.000154072 0.000000000 0.000000000 0.000000000
96.208054200 0.002298377 0.000422075 0.000424010 0.000517791 0.000361087 0.000194363 0.000185908 0.000193144 0.000000000 0.000000000 0.000000000
96.807481329 0.002518856 0.000505041 0.000369157 0.000554624 0.000376471 0.000223806 0.000217818 0.000271939 0.000000000 0.000000000 0.000000000
97.406908458 0.002715752 0.000512693 0.000353939 0.000578308 0.000435900 0.000239671 0.000253879 0.000341364 0.000000000 0.000000000 0.000000000
98.006335587 0.002859806 0.000561648 0.000347956 0.000557548 0.000518390 0.000253934 0.000267623 0.000352705 0.000000000 0.000000000 0.000000000
98.605762716 0.002980992 0.000635623 0.000413145 0.000550218 0.000554088 0.000269093 0.000251256 0.000307569 0.000000000 0.000000000 0.000000000
99.205189845 0.003150195 0.000682434 0.000495174 0.000580652 0.000566062 0.000292829 0.000284800 0.000248243 0.000000000 0.000000000 0.000000000
99.804616974 0.003251372 0.000631987 0.000552919 0.000639891 0.000532936 0.000316854 0.000367963 0.000208822 0.000000000 0.000000000 0.000000000
100.404044103 0.003161370 0.000538119 0.000552291 0.000668064 0.000477266 0.000316869 0.000403086 0.000205675 0.000000000 0.000000000 0.000000000
101.003471232 0.002942742 0.000475672 0.000502402 0.000668687 0.000414841 0.000315413 0.000342216 0.000223512 0.000000000 0.000000000 0.000000000
101.602898361 0.002703977 0.000405646 0.000476766 0.000636733 0.000379324 0.000277789 0.000273112 0.000254607 0.000000000 0.000000000 0.000000000
102.202325490 0.002461006 0.000339747 0.000462295 0.000621262 0.000343101 0.000221820 0.000202271 0.000270512 0.000000000 0.000000000 0.000000000
102.801752619 0.002342721 0.000373993 0.000457978 0.000604854 0.000317264 0.000154919 0.000154937 0.000278778 0.000000000 0.000000000 0.000000000
103.401179748 0.002393743 0.000462348 0.000501636 0.000579635 0.000324350 0.000135182 0.000138878 0.000251713 0.000000000 0.000000000 0.000000000
104.000606877 0.002477287 0.000483860 0.000570373 0.000534984 0.000388379 0.000139593 0.000158672 0.000201426 0.000000000 0.000000000 0.000000000
104.600034006 0.002574713 0.000489629 0.000618451 0.000514305 0.000464840 0.000163194 0.000170775 0.000153519 0.000000000 0.000000000 0.000000000
105.199461135 0.002660908 0.000518607 0.000603060 0.000501519 0.000580474 0.000180905 0.000168029 0.000108315 0.000000000 0.000000000 0.000000000
105.798888264 0.002688386 0.000539166 0.000600311 0.000491577 0.000637218 0.000191168 0.000149415 0.000079532 0.000000000 0.000000000 0.000000000
106.398315393 0.002627106 0.000508097 0.000626201 0.000486501 0.000629413 0.000182749 0.000127290 0.000066854 0.000000000 0.000000000 0.000000000
106.997742522 0.002642272 0.000536844 0.000686665 0.000492448 0.000573815 0.000167568 0.000109543 0.000075389 0.000000000 0.000000000 0.000000000
107.597169651 0.002698586 0.000642035 0.000714181 0.000478584 0.000510150 0.000143505 0.000107470 0.000102662 0.000000000 0.000000000 0.000000000
108.196596780 0.002594293 0.000676873 0.000608322 0.000462659 0.000476155 0.000125724 0.000103486 0.000141075 0.000000000 0.000000000 0.000000000
108.796023909 0.002473942 0.000638467 0.000479619 0.000451772 0.000507305 0.000108247 0.000114386 0.000174146 0.000000000 0.000000000 0.000000000
109.395451038 0.002370892 0.000524363 0.000465519 0.000419537 0.000546212 0.000100880 0.000132606 0.000181775 0.000000000 0.000000000 0.000000000
109.994878167 0.002334675 0.000464745 0.000475829 0.000377014 0.000577394 0.000106391 0.000163422 0.000169878 0.000000000 0.000000000 0.000000000
110.594305296 0.002367193 0.000427770 0.000481021 0.000407748 0.000602994 0.000130507 0.000170858 0.000146294 0.000000000 0.000000000 0.000000000
111.193732425 0.002525189 0.000462251 0.000477011 0.000474934 0.000635500 0.000171372 0.000162261 0.000141859 0.000000000 0.000000000 0.000000000
111.793159554 0.002574878 0.000480086 0.000423554 0.000517364 0.000657243 0.000189795 0.000160075 0.000146761 0.000000000 0.000000000 0.000000000
112.392586683 0.002554813 0.000500442 0.000340162 0.000533387 0.000642800 0.000204810 0.000168791 0.000164420 0.000000000 0.000000000 0.000000000
112.992013812 0.002539805 0.000530665 0.000296461 0.000553654 0.000568883 0.000206045 0.000191830 0.000192266 0.000000000 0.000000000 0.000000000
113.591440940 0.002587831 0.000553132 0.000317459 0.000571245 0.000492089 0.000217153 0.000222386 0.000214367 0.000000000 0.000000000 0.000000000
114.190868069 0.002621242 0.000564445 0.000348928 0.000576297 0.000436756 0.000237220 0.000236411 0.000221185 0.000000000 0.000000000 0.000000000
114.790295198 0.002572636 0.000501933 0.000398884 0.000544289 0.000424861 0.000246167 0.000228188 0.000228314 0.000000000 0.000000000 0.000000000
115.389722327 0.002570601 0.000408400 0.000518883 0.000491497 0.000454696 0.000243502 0.000220633 0.000232991 0.000000000 0.000000000 0.000000000
115.989149456 0.002640830 0.000364080 0.000651449 0.000444230 0.000480731 0.000215132 0.000235958 0.000249250 0.000000000 0.000000000 0.000000000
116.588576585 0.002720544 0.000398552 0.000695058 0.000420470 0.000509937 0.000199479 0.000243447 0.000253601 0.000000000 0.000000000 0.000000000
117.188003714 0.002732912 0.000411951 0.000649238 0.000438824 0.000537214 0.000195597 0.000244178 0.000255909 0.000000000 0.000000000 0.000000000
117.787430843 0.002808710 0.000505589 0.000581530 0.000481606 0.000553246 0.000197687 0.000230797 0.000258255 0.000000000 0.000000000 0.000000000
118.386857972 0.002822778 0.000615382 0.000488855 0.000503968 0.000570404 0.000200164 0.000200760 0.000243245 0.000000000 0.000000000 0.000000000
118.986285101 0.002741721 0.000647473 0.000405383 0.000502475 0.000566755 0.000218788 0.000182173 0.000218674 0.000000000 0.000000000 0.000000000
119.585712230 0.002703862 0.000654274 0.000381811 0.000521268 0.000554205 0.000223510 0.000178330 0.000190464 0.000000000 0.000000000 0.000000000
120.185139359 0.002731292 0.000586593 0.000414757 0.000564842 0.000525828 0.000245564 0.000219023 0.000174686 0.000000000 0.000000000 0.000000000
120.784566488 0.002697171 0.000458599 0.000466222 0.000565675 0.000495018 0.000268630 0.000274708 0.000168318 0.000000000 0.000000000 0.000000000
121.383993617 0.002638191 0.000395909 0.000516237 0.000531955 0.000469912 0.000271814 0.000289561 0.000162801 0.000000000 0.000000000 0.000000000
121.983420746 0.002510944 0.000381746 0.000541150 0.000485190 0.000422491 0.000268831 0.000242225 0.000169311 0.000000000 0.000000000 0.000000000
122.582847875 0.002423869 0.000412058 0.000523003 0.000512413 0.000367416 0.000244565 0.000187883 0.000176531 0.000000000 0.000000000 0.000000000
123.182275004 0.002474787 0.000461973 0.000532480 0.000548898 0.000339328 0.000224921 0.000168091 0.000199097 0.000000000 0.000000000 0.000000000
123.781702133 0.002601277 0.000462528 0.000571042 0.000567525 0.000366102 0.000218982 0.000171141 0.000243956 0.000000000 0.000000000 0.000000000
124.381129262 0.002785363 0.000508197 0.000614874 0.000563672 0.000437065 0.000205992 0.000191246 0.000264316 0.000000000 0.000000000 0.000000000
124.980556391 0.002902671 0.000553898 0.000631780 0.000573228 0.000508606 0.000176142 0.000213334 0.000245685 0.000000000 0.000000000 0.000000000
125.579983520 0.002956408 0.000542642 0.000622691 0.000617915 0.000566150 0.000161416 0.000221107 0.000224486 0.000000000 0.000000000 0.000000000
126.179410649 0.002815124 0.000478925 0.000534491 0.000595432 0.000597984 0.000165835 0.000229925 0.000212532 0.000000000 0.000000000 0.000000000
126.778837778 0.002645574 0.000437283 0.000459279 0.000546000 0.000600112 0.000182561 0.000223645 0.000196693 0.000000000 0.000000000 0.000000000
127.378264907 0.002549870 0.000454110 0.000411939 0.000503264 0.000548086 0.000217711 0.000221652 0.000193108 0.000000000 0.000000000 0.000000000
127.977692036 0.002616499 0.000536279 0.000423427 0.000464851 0.000517962 0.000257374 0.000218519 0.000198086 0.000000000 0.000000000 0.000000000
128.577119165 0.002744810 0.000631332 0.000487539 0.000447806 0.000503851 0.000259538 0.000216978 0.000197767 0.000000000 0.000000000 0.000000000
129.176546294 0.002675880 0.000630492 0.000488832 0.000423966 0.000475665 0.000239434 0.000221934 0.000195557 0.000000000 0.000000000 0.000000000
129.775973423 0.002507713 0.000570473 0.000489846 0.000412122 0.000430224 0.000211053 0.000199848 0.000194146 0.000000000 0.000000000 0.000000000
130.375400552 0.002385689 0.000541976 0.000469816 0.000423846 0.000382401 0.000175189 0.000188927 0.000203534 0.000000000 0.000000000 0.000000000
130.974827681 0.002505478 0.000574959 0.000533771 0.000445492 0.000373422 0.000162873 0.000207017 0.000207944 0.000000000 0.000000000 0.000000000
131.574254810 0.002690294 0.000613809 0.000589431 0.000475254 0.000403059 0.000175573 0.000214942 0.000218228 0.000000000 0.000000000 0.000000000
132.173681939 0.002774528 0.000588315 0.000589319 0.000492830 0.000471461 0.000190361 0.000222326 0.000219916 0.000000000 0.000000000 0.000000000
132.773109068 0.002674850 0.000492874 0.000535776 0.000513780 0.000532463 0.000205158 0.000196246 0.000198554 0.000000000 0.000000000 0.000000000
133.372536197 0.002559067 0.000390636 0.000486053 0.000556318 0.000586119 0.000195436 0.000171330 0.000173173 0.000000000 0.000000000 0.000000000
133.971963326 0.002454955 0.000288155 0.000466650 0.000598031 0.000610490 0.000175088 0.000150454 0.000166087 0.000000000 0.000000000 0.000000000
134.571390455 0.002437020 0.000295289 0.000443649 0.000624158 0.000636488 0.000161687 0.000136449 0.000139301 0.000000000 0.000000000 0.000000000
135.170817584 0.002475087 0.000337196 0.000415963 0.000629247 0.000705111 0.000150446 0.000119654 0.000117470 0.000000000 0.000000000 0.000000000
135.770244713 0.002524971 0.000404522 0.000410365 0.000621736 0.000739385 0.000154092 0.000096486 0.000098386 0.000000000 0.000000000 0.000000000
136.369671841 0.002575500 0.000464023 0.000474958 0.000589415 0.000701464 0.000156499 0.000092019 0.000097123 0.000000000 0.000000000 0.000000000
136.969098970 0.002654841 0.000557776 0.000573967 0.000520304 0.000627957 0.000145417 0.000106191 0.000123228 0.000000000 0.000000000 0.000000000
137.568526099 0.002724621 0.000657488 0.000636269 0.000466598 0.000531916 0.000143158 0.000129417 0.000159776 0.000000000 0.000000000 0.000000000
138.167953228 0.002681844 0.000689325 0.000619874 0.000423297 0.000461605 0.000140809 0.000165754 0.000181180 0.000000000 0.000000000 0.000000000
138.767380357 0.002517984 0.000640041 0.000556316 0.000404388 0.000382754 0.000138840 0.000184049 0.000211594 0.000000000 0.000000000 0.000000000
139.366807486 0.002487070 0.000595676 0.000528449 0.000385485 0.000342419 0.000154258 0.000229270 0.000251513 0.000000000 0.000000000 0.000000000
139.966234615 0.002526857 0.000569934 0.000492711 0.000378813 0.000333655 0.000176148 0.000273756 0.000301840 0.000000000 0.000000000 0.000000000
140.565661744 0.002618478 0.000583566 0.000469639 0.000396435 0.000330964 0.000209548 0.000299162 0.000329164 0.000000000 0.000000000 0.000000000
141.165088873 0.002741073 0.000575782 0.000459927 0.000442287 0.000360335 0.000259954 0.000317266 0.000325523 0.000000000 0.000000000 0.000000000
141.764516002 0.002865819 0.000563622 0.000449853 0.000477983 0.000405425 0.000334789 0.000337407 0.000296739 0.000000000 0.000000000 0.000000000
142.363943131 0.002940348 0.000523416 0.000461053 0.000519012 0.000461123 0.000385026 0.000330903 0.000259815 0.000000000 0.000000000 0.000000000
142.963370260 0.002933809 0.000491855 0.000448911 0.000532986 0.000510888 0.000406423 0.000306159 0.000236586 0.000000000 0.000000000 0.000000000
143.562797389 0.002912004 0.000443199 0.000485356 0.000506899 0.000568608 0.000386999 0.000289002 0.000231941 0.000000000 0.000000000 0.000000000
144.162224518 0.002771768 0.000408403 0.000480550 0.000461286 0.000576854 0.000334797 0.000279545 0.000230332 0.000000000 0.000000000 0.000000000
144.761651647 0.002689205 0.000371813 0.000454134 0.000450082 0.000618413 0.000270543 0.000289755 0.000234465 0.000000000 0.000000000 0.000000000
145.361078776 0.002705169 0.000332822 0.000485542 0.000485146 0.000658893 0.000231770 0.000276342 0.000234654 0.000000000 0.000000000 0.000000000
145.960505905 0.002673627 0.000322082 0.000539896 0.000517269 0.000643970 0.000192090 0.000234290 0.000224030 0.000000000 0.000000000 0.000000000
146.559933034 0.002579715 0.000338891 0.000567574 0.000530533 0.000559686 0.000170047 0.000196058 0.000216925 0.000000000 0.000000000 0.000000000
147.159360163 0.002467005 0.000356391 0.000557352 0.000513448 0.000474417 0.000155887 0.000165568 0.000243942 0.000000000 0.000000000 0.000000000
147.758787292 0.002506889 0.000441024 0.000588052 0.000487447 0.000432711 0.000147301 0.000148248 0.000262106 0.000000000 0.000000000 0.000000000
148.358214421 0.002599136 0.000530503 0.000579631 0.000477505 0.000457802 0.000166517 0.000139107 0.000248072 0.000000000 0.000000000 0.000000000
148.957641550 0.002663736 0.000555222 0.000541849 0.000488874 0.000505618 0.000199829 0.000151297 0.000221046 0.000000000 0.000000000 0.000000000
149.557068679 0.002755825 0.000574261 0.000497717 0.000477284 0.000569014 0.000233988 0.000199841 0.000203719 0.000000000 0.000000000 0.000000000
150.156495808 0.002871402 0.000616597 0.000418465 0.000472106 0.000596690 0.000283293 0.000271635 0.000212616 0.000000000 0.000000000 0.000000000
150.755922937 0.002981156 0.000669360 0.000382767 0.000459961 0.000549343 0.000334539 0.000348345 0.000236840 0.000000000 0.000000000 0.000000000
151.355350066 0.002860279 0.000653812 0.000355304 0.000436734 0.000480596 0.000329234 0.000353580 0.000251020 0.000000000 0.000000000 0.000000000
151.954777195 0.002772001 0.000632332 0.000369422 0.000434808 0.000436713 0.000310487 0.000327009 0.000261229 0.000000000 0.000000000 0.000000000
152.554204324 0.002643531 0.000573752 0.000376800 0.000432380 0.000398285 0.000271804 0.000303039 0.000287470 0.000000000 0.000000000 0.000000000
153.153631453 0.002574609 0.000506223 0.000376802 0.000434698 0.000395851 0.000252391 0.000273313 0.000335332 0.000000000 0.000000000 0.000000000
153.753058582 0.002616826 0.000464522 0.000400455 0.000462179 0.000406959 0.000250105 0.000261291 0.000371315 0.000000000 0.000000000 0.000000000
154.352485711 0.002719844 0.000429578 0.000428795 0.000512204 0.000455138 0.000261823 0.000254831 0.000377475 0.000000000 0.000000000 0.000000000
154.951912840 0.002777802 0.000406008 0.000461664 0.000513771 0.000511233 0.000270333 0.000282223 0.000332571 0.000000000 0.000000000 0.000000000
155.551339969 0.002823412 0.000404847 0.000528388 0.000472612 0.000538716 0.000282793 0.000289181 0.000306874 0.000000000 0.000000000 0.000000000
156.150767098 0.002820747 0.000381230 0.000562390 0.000468355 0.000525850 0.000298636 0.000280840 0.000303448 0.000000000 0.000000000 0.000000000
156.750194227 0.002882989 0.000387550 0.000589207 0.000509844 0.000504624 0.000301742 0.000297111 0.000292912 0.000000000 0.000000000 0.000000000
157.349621356 0.002923451 0.000368049 0.000596651 0.000537164 0.000488314 0.000324774 0.000318968 0.000289531 0.000000000 0.000000000 0.000000000
157.949048485 0.002895979 0.000385473 0.000570706 0.000535999 0.000463847 0.000323148 0.000345872 0.000270933 0.000000000 0.000000000 0.000000000
158.548475614 0.002917339 0.000431086 0.000556884 0.000503111 0.000466373 0.000328775 0.000370236 0.000260874 0.000000000 0.000000000 0.000000000
159.147902742 0.002930203 0.000467302 0.000548979 0.000494210 0.000477521 0.000323575 0.000354964 0.000263651 0.000000000 0.000000000 0.000000000
159.747329871 0.002898678 0.000477171 0.000559822 0.000504118 0.000493214 0.000306691 0.000298008 0.000259654 0.000000000 0.000000000 0.000000000
160.346757000 0.002834037 0.000477546 0.000561179 0.000527126 0.000503201 0.000298271 0.000233534 0.000233179 0.000000000 0.000000000 0.000000000
160.946184129 0.002778786 0.000492561 0.000528582 0.000530257 0.000506702 0.000289651 0.000213504 0.000217528 0.000000000 0.000000000 0.000000000
161.545611258 0.002682808 0.000518418 0.000470534 0.000521104 0.000471070 0.000263663 0.000229493 0.000208527 0.000000000 0.000000000 0.000000000
162.145038387 0.002540869 0.000572303 0.000406194 0.000504647 0.000427602 0.000216781 0.000211410 0.000201933 0.000000000 0.000000000 0.000000000
162.744465516 0.002431481 0.000615755 0.000375423 0.000509380 0.000392372 0.000170091 0.000169784 0.000198676 0.000000000 0.000000000 0.000000000
163.343892645 0.002427831 0.000625441 0.000387760 0.000495528 0.000391992 0.000159166 0.000162326 0.000205618 0.000000000 0.000000000 0.000000000
163.943319774 0.002545975 0.000625020 0.000409185 0.000516449 0.000403838 0.000183928 0.000189074 0.000218480 0.000000000 0.000000000 0.000000000
164.542746903 0.002635978 0.000577541 0.000418380 0.000567140 0.000421534 0.000209737 0.000219159 0.000222487 0.000000000 0.000000000 0.000000000
165.142174032 0.002668632 0.000489285 0.000472796 0.000614661 0.000433296 0.000217170 0.000207131 0.000234292 0.000000000 0.000000000 0.000000000
165.741601161 0.002703195 0.000449709 0.000537826 0.000615658 0.000446834 0.000223041 0.000200188 0.000229939 0.000000000 0.000000000 0.000000000
166.341028290 0.002745163 0.000465660 0.000605878 0.000578119 0.000468951 0.000213601 0.000207256 0.000205698 0.000000000 0.000000000 0.000000000
166.940455419 0.002716094 0.000473660 0.000637174 0.000514708 0.000469105 0.000220304 0.000205355 0.000195789 0.000000000 0.000000000 0.000000000
167.539882548 0.002692032 0.000486487 0.000639949 0.000450233 0.000481179 0.000220552 0.000225192 0.000188441 0.000000000 0.000000000 0.000000000
168.139309677 0.002693870 0.000472575 0.000609682 0.000432646 0.000518000 0.000222212 0.000243479 0.000195275 0.000000000 0.000000000 0.000000000
168.738736806 0.002692109 0.000464930 0.000536206 0.000429067 0.000582932 0.000216727 0.000248180 0.000214066 0.000000000 0.000000000 0.000000000
169.338163935 0.002698690 0.000439137 0.000514912 0.000434613 0.000611446 0.000212147 0.000224604 0.000261831 0.000000000 0.000000000 0.000000000
169.937591064 0.002657533 0.000362920 0.000511250 0.000444249 0.000602035 0.000222126 0.000210252 0.000304702 0.000000000 0.000000000 0.000000000
170.537018193 0.002696927 0.000352047 0.000531541 0.000461178 0.000595308 0.000221043 0.000217256 0.000318555 0.000000000 0.000000000 0.000000000
171.136445322 0.002722906 0.000402279 0.000501566 0.000476580 0.000584868 0.000226083 0.000242759 0.000288771 0.000000000 0.000000000 0.000000000
171.735872451 0.002706938 0.000491144 0.000406026 0.000455602 0.000553390 0.000245464 0.000289467 0.000265843 0.000000000 0.000000000 0.000000000
172.335299580 0.002709997 0.000596604 0.000316709 0.000431229 0.000522969 0.000275680 0.000316948 0.000249857 0.000000000 0.000000000 0.000000000
172.934726709 0.002703845 0.000662357 0.000301709 0.000414350 0.000473550 0.000283375 0.000310016 0.000258488 0.000000000 0.000000000 0.000000000
173.534153838 0.002691418 0.000621682 0.000345727 0.000430978 0.000431230 0.000267935 0.000306388 0.000287479 0.000000000 0.000000000 0.000000000
174.133580967 0.002759954 0.000566533 0.000422978 0.000460420 0.000443582 0.000259510 0.000292428 0.000314503 0.000000000 0.000000000 0.000000000
174.733008096 0.002808910 0.000545270 0.000470159 0.000510720 0.000452118 0.000238909 0.000266035 0.000325701 0.000000000 0.000000000 0.000000000
175.332435225 0.002786133 0.000515904 0.000497066 0.000552660 0.000436727 0.000236141 0.000237882 0.000309753 0.000000000 0.000000000 0.000000000
175.931862354 0.002773687 0.000516277 0.000517575 0.000586952 0.000401987 0.000234055 0.000227757 0.000289084 0.000000000 0.000000000 0.000000000
176.531289483 0.002684790 0.000511507 0.000535243 0.000583864 0.000369854 0.000231755 0.000212061 0.000240507 0.000000000 0.000000000 0.000000000
177.130716612 0.002543375 0.000514685 0.000532548 0.000537304 0.000358785 0.000217387 0.000188870 0.000193797 0.000000000 0.000000000 0.000000000
177.730143741 0.002453670 0.000490343 0.000509821 0.000518604 0.000396579 0.000205216 0.000177644 0.000155462 0.000000000 0.000000000 0.000000000
178.329570870 0.002527421 0.000456977 0.000523946 0.000545893 0.000453203 0.000190593 0.000190172 0.000166637 0.000000000 0.000000000 0.000000000
178.928997999 0.002680603 0.000433046 0.000566224 0.000549542 0.000544305 0.000180854 0.000193387 0.000213244 0.000000000 0.000000000 0.000000000
179.528425128 0.002829175 0.000448784 0.000600398 0.000505555 0.000640254 0.000164899 0.000208077 0.000261207 0.000000000 0.000000000 0.000000000
180.127852257 0.002949728 0.000485064 0.000634619 0.000462575 0.000666060 0.000167843 0.000235017 0.000298550 0.000000000 0.000000000 0.000000000
180.727279386 0.002859459 0.000520988 0.000572606 0.000445419 0.000616259 0.000174836 0.000245163 0.000284187 0.000000000 0.000000000 0.000000000
181.326706515 0.002669213 0.000516107 0.000481518 0.000441064 0.000550294 0.000179834 0.000240853 0.000259543 0.000000000 0.000000000 0.000000000
181.926133643 0.002611751 0.000527710 0.000419719 0.000430552 0.000514159 0.000209943 0.000237805 0.000271863 0.000000000 0.000000000 0.000000000
182.525560772 0.002667246 0.000547685 0.000386684 0.000419455 0.000500032 0.000273704 0.000243550 0.000296135 0.000000000 0.000000000 0.000000000
183.124987901 0.002710388 0.000535294 0.000403370 0.000415048 0.000489821 0.000322161 0.000263715 0.000280979 0.000000000 0.000000000 0.000000000
183.724415030 0.002690223 0.000485669 0.000456829 0.000414590 0.000471177 0.000343463 0.000290464 0.000228030 0.000000000 0.000000000 0.000000000
184.323842159 0.002640381 0.000456570 0.000455808 0.000403313 0.000490020 0.000320390 0.000320719 0.000193562 0.000000000 0.000000000 0.000000000
184.923269288 0.002549569 0.000443521 0.000425491 0.000412822 0.000488623 0.000294424 0.000306516 0.000178172 0.000000000 0.000000000 0.000000000
185.522696417 0.002522265 0.000435893 0.000429796 0.000443884 0.000510041 0.000271463 0.000264851 0.000166336 0.000000000 0.000000000 0.000000000
186.122123546 0.002645662 0.000446993 0.000456216 0.000488297 0.000559895 0.000277749 0.000234420 0.000182091 0.000000000 0.000000000 0.000000000
186.721550675 0.002766361 0.000500203 0.000440229 0.000533578 0.000564237 0.000281324 0.000221150 0.000225639 0.000000000 0.000000000 0.000000000
187.320977804 0.002846108 0.000546874 0.000430202 0.000573976 0.000521824 0.000288147 0.000197626 0.000287459 0.000000000 0.000000000 0.000000000
187.920404933 0.002872702 0.000530978 0.000464748 0.000597617 0.000486418 0.000278378 0.000190951 0.000323614 0.000000000 0.000000000 0.000000000
188.519832062 0.002872615 0.000470385 0.000528043 0.000575533 0.000482888 0.000263243 0.000210695 0.000341828 0.000000000 0.000000000 0.000000000
189.119259191 0.002923852 0.000422970 0.000602620 0.000501461 0.000502194 0.000250404 0.000306980 0.000337222 0.000000000 0.000000000 0.000000000
189.718686320 0.002911711 0.000371875 0.000653759 0.000441120 0.000509475 0.000232627 0.000384229 0.000318626 0.000000000 0.000000000 0.000000000
190.318113449 0.002828044 0.000353668 0.000624425 0.000425830 0.000495494 0.000233757 0.000402733 0.000292137 0.000000000 0.000000000 0.000000000
190.917540578 0.002795222 0.000414617 0.000562988 0.000433939 0.000453739 0.000276916 0.000368057 0.000284964 0.000000000 0.000000000 0.000000000
191.516967707 0.002806208 0.000500567 0.000487642 0.000464852 0.000427243 0.000321000 0.000304689 0.000300215 0.000000000 0.000000000 0.000000000
192.116394836 0.002730829 0.000508477 0.000447443 0.000480739 0.000413202 0.000310511 0.000254802 0.000315654 0.000000000 0.000000000 0.000000000
192.715821965 0.002627258 0.000507722 0.000419506 0.000468091 0.000422727 0.000269670 0.000241248 0.000298295 0.000000000 0.000000000 0.000000000
193.315249094 0.002672228 0.000544821 0.000385404 0.000486518 0.000459905 0.000255526 0.000264886 0.000275167 0.000000000 0.000000000 0.000000000
193.914676223 0.002770170 0.000615747 0.000391098 0.000510980 0.000456672 0.000269127 0.000270276 0.000256271 0.000000000 0.000000000 0.000000000
194.514103352 0.002820732 0.000667566 0.000403230 0.000505891 0.000437618 0.000278447 0.000276375 0.000251605 0.000000000 0.000000000 0.000000000
195.113530481 0.002669790 0.000612133 0.000415126 0.000472756 0.000374866 0.000273014 0.000250131 0.000271765 0.000000000 0.000000000 0.000000000
195.712957610 0.002528905 0.000518795 0.000452263 0.000463314 0.000346255 0.000265919 0.000195388 0.000286973 0.000000000 0.000000000 0.000000000
196.312384739 0.002477118 0.000480011 0.000471870 0.000500429 0.000345710 0.000230121 0.000180272 0.000268706 0.000000000 0.000000000 0.000000000
196.911811868 0.002642599 0.000496971 0.000516430 0.000601413 0.000407873 0.000197545 0.000190187 0.000232179 0.000000000 0.000000000 0.000000000
197.511238997 0.002874559 0.000530098 0.000554498 0.000677868 0.000493582 0.000176149 0.000244194 0.000198170 0.000000000 0.000000000 0.000000000
198.110666126 0.002969857 0.000479534 0.000592282 0.000720938 0.000548544 0.000181457 0.000276605 0.000170497 0.000000000 0.000000000 0.000000000
198.710093255 0.002892403 0.000382520 0.000564006 0.000738078 0.000567084 0.000219359 0.000271155 0.000150202 0.000000000 0.000000000 0.000000000
199.309520384 0.002856719 0.000324951 0.000531085 0.000758174 0.000563123 0.000270911 0.000256721 0.000151754 0.000000000 0.000000000 0.000000000
199.908947513 0.002835762 0.000368673 0.000479908 0.000679306 0.000579274 0.000315677 0.000235993 0.000176930 0.000000000 0.000000000 0.000000000
200.508374642 0.002799665 0.000429403 0.000500749 0.000540953 0.000610190 0.000290607 0.000217553 0.000210209 0.000000000 0.000000000 0.000000000
201.107801771 0.002670140 0.000444273 0.000559811 0.000440845 0.000561357 0.000248959 0.000186104 0.000228792 0.000000000 0.000000000 0.000000000
201.707228900 0.002525790 0.000443023 0.000620440 0.000383239 0.000459918 0.000256202 0.000151086 0.000211882 0.000000000 0.000000000 0.000000000
202.306656029 0.002426859 0.000427182 0.000646240 0.000358006 0.000379459 0.000273144 0.000149055 0.000193774 0.000000000 0.000000000 0.000000000
202.906083158 0.002290608 0.000391283 0.000578942 0.000353515 0.000330164 0.000266941 0.000186053 0.000183710 0.000000000 0.000000000 0.000000000
203.505510287 0.002170015 0.000381282 0.000454914 0.000336529 0.000304931 0.000248385 0.000257142 0.000186831 0.000000000 0.000000000 0.000000000
204.104937416 0.002238966 0.000458024 0.000409289 0.000328469 0.000279319 0.000239635 0.000321941 0.000202289 0.000000000 0.000000000 0.000000000
204.704364544 0.002578376 0.000607445 0.000489449 0.000332494 0.000328383 0.000232947 0.000343518 0.000244140 0.000000000 0.000000000 0.000000000
205.303791673 0.003169357 0.000817820 0.000651216 0.000338680 0.000479712 0.000250730 0.000329617 0.000301582 0.000000000 0.000000000 0.000000000
205.903218802 0.003728897 0.000960021 0.000736463 0.000380213 0.000671633 0.000279964 0.000305571 0.000395032 0.000000000 0.000000000 0.000000000
206.502645931 0.003837434 0.000829530 0.000616566 0.000516422 0.000768281 0.000321417 0.000293992 0.000491227 0.000000000 0.000000000 0.000000000
207.102073060 0.003503485 0.000599569 0.000443626 0.000502864 0.000776861 0.000369721 0.000315159 0.000495685 0.000000000 0.000000000 0.000000000
207.701500189 0.003262288 0.000423819 0.000323512 0.000616687 0.000675294 0.000390132 0.000405442 0.000427400 0.000000000 0.000000000 0.000000000
208.300927318 0.002913116 0.000342936 0.000282258 0.000498264 0.000500885 0.000383698 0.000503269 0.000401806 0.000000000 0.000000000 0.000000000
208.900354447 0.002547467 0.000295643 0.000283977 0.000427297 0.000338347 0.000367757 0.000485136 0.000349310 0.000000000 0.000000000 0.000000000
209.499781576 0.002215006 0.000231896 0.000253918 0.000407891 0.000286342 0.000337576 0.000411058 0.000286323 0.000000000 0.000000000 0.000000000
210.099208705 0.002060693 0.000202801 0.000370616 0.000358085 0.000295794 0.000299433 0.000275924 0.000258040 0.000000000 0.000000000 0.000000000
210.698635834 0.001686748 0.000186724 0.000248317 0.000289294 0.000275326 0.000261809 0.000181871 0.000243407 0.000000000 0.000000000 0.000000000
211.298062963 0.001396347 0.000187703 0.000189334 0.000205292 0.000224716 0.000223486 0.000143166 0.000222650 0.000000000 0.000000000 0.000000000
211.897490092 0.001245892 0.000178669 0.000198584 0.000145685 0.000207855 0.000186129 0.000134714 0.000194256 0.000000000 0.000000000 0.000000000
212.496917221 0.007974885 0.000164263 0.000172210 0.000115091 0.000183181 0.000157345 0.000160140 0.000166534 0.000000000 0.006856122 0.000000000
213.096344350 0.009899708 0.000159802 0.000142130 0.000106149 0.000169478 0.000167157 0.000190126 0.000149853 0.000000000 0.008815014 0.000000000
213.695771479 0.008129139 0.000126874 0.000135466 0.000095857 0.000168667 0.000185891 0.000184712 0.000130689 0.000000000 0.007100983 0.000000000
214.295198608 0.010975986 0.000082545 0.000138215 0.000101735 0.000160098 0.000208989 0.000150839 0.000094243 0.000000000 0.010039321 0.000000000
214.894625737 0.007482611 0.000073860 0.000144564 0.000108146 0.000149721 0.000229270 0.000099484 0.000066306 0.000000000 0.006611260 0.000000000
215.494052866 0.009262329 0.000098255 0.000155405 0.000129445 0.000185500 0.000211219 0.000089214 0.000067999 0.000000000 0.008325291 0.000000000
216.093479995 0.007011850 0.000110748 0.000165900 0.000161245 0.000323535 0.000166796 0.000120610 0.000086340 0.000000000 0.005876676 0.000000000
216.692907124 0.008362429 0.000156439 0.000159968 0.000173765 0.000120007 0.000115018 0.000171193 0.000120194 0.000000000 0.007345845 0.000000000
217.292334253 0.010131627 0.000187841 0.000156757 0.000156704 0.000113869 0.000099112 0.000203205 0.000154263 0.000000000 0.009059875 0.000000000
217.891761382 0.007936503 0.000176710 0.000172902 0.000159734 0.000112788 0.000100434 0.000170633 0.000187180 0.000000000 0.006856122 0.000000000
218.491188511 0.008393430 0.000162083 0.000157849 0.000164680 0.000111684 0.000115684 0.000135691 0.000199915 0.000000000 0.007345845 0.000000000
219.090615640 0.009881486 0.000162570 0.000121168 0.000162028 0.000101543 0.000142274 0.000130290 0.000246598 0.000000000 0.008815014 0.000000000
219.690042769 0.008639663 0.000144961 0.000118043 0.000144242 0.000114085 0.000164741 0.000146510 0.000216375 0.000000000 0.007590706 0.000000000
220.289469898 0.007369077 0.000111751 0.000127691 0.000122603 0.000158249 0.000166697 0.000153178 0.000162508 0.000000000 0.006366399 0.000000000
220.888897027 0.007553292 0.000084617 0.000124687 0.000106535 0.000177657 0.000153444 0.000154343 0.000140748 0.000000000 0.006611260 0.000000000
221.488324156 0.006992997 0.000085774 0.000093107 0.000113638 0.000148046 0.000153382 0.000148891 0.000128622 0.000000000 0.006121537 0.000000000
222.087751285 0.009183479 0.000104778 0.000075556 0.000135270 0.000119541 0.000152582 0.000144661 0.000125800 0.000000000 0.008325291 0.000000000
222.687178414 0.008520257 0.000101414 0.000122877 0.000160071 0.000119820 0.000142461 0.000144071 0.000138837 0.000000000 0.007590706 0.000000000
223.286605543 0.008444964 0.000111279 0.000171478 0.000181373 0.000148081 0.000142616 0.000183562 0.000160730 0.000000000 0.007345845 0.000000000
223.886032672 0.008276360 0.000132534 0.000125134 0.000185946 0.000212801 0.000149763 0.000200300 0.000168899 0.000000000 0.007100983 0.000000000
224.485459801 0.008081639 0.000159313 0.000152017 0.000178285 0.000253364 0.000143815 0.000162383 0.000176339 0.000000000 0.006856122 0.000000000
225.084886930 0.007368224 0.000184822 0.000188472 0.000186002 0.000218408 0.000147571 0.000129243 0.000192170 0.000000000 0.006121537 0.000000000
225.684314059 0.005421621 0.000209456 0.000193059 0.000178846 0.000181119 0.000160769 0.000130348 0.000205378 0.000000000 0.004162645 0.000000000
226.283741188 0.007842077 0.000206364 0.000183243 0.000153452 0.000136190 0.000157914 0.000167620 0.000226033 0.000000000 0.006611260 0.000000000
226.883168317 0.010248466 0.000171519 0.000159318 0.000137632 0.000128872 0.000161404 0.000231684 0.000198161 0.000000000 0.009059875 0.000000000
227.482595445 0.006228596 0.000163436 0.000107566 0.000126994 0.000136699 0.000174533 0.000242073 0.000135202 0.000000000 0.005142091 0.000000000
228.082022574 0.007673775 0.000191655 0.000114331 0.000143585 0.000143008 0.000167818 0.000194014 0.000108103 0.000000000 0.006611260 0.000000000
228.681449703 0.007419266 0.000206537 0.000159157 0.000157084 0.000155534 0.000153795 0.000119211 0.000101548 0.000000000 0.006366399 0.000000000
229.280876832 0.006828781 0.000176954 0.000175407 0.000136915 0.000163761 0.000123116 0.000076456 0.000099498 0.000000000 0.005876676 0.000000000
229.880303961 0.008212794 0.000191058 0.000144225 0.000116503 0.000172825 0.000086108 0.000058939 0.000097291 0.000000000 0.007345845 0.000000000
230.479731090 0.009578778 0.000195519 0.000118547 0.000113971 0.000148958 0.000061431 0.000048643 0.000076693 0.000000000 0.008815014 0.000000000
231.079158219 0.007603176 0.000204331 0.000130053 0.000131636 0.000126769 0.000049918 0.000041827 0.000062522 0.000000000 0.006856122 0.000000000
231.678585348 0.005479919 0.000242719 0.000141871 0.000169681 0.000120919 0.000050781 0.000038905 0.000062675 0.000000000 0.004652368 0.000000000
232.278012477 0.009215809 0.000262462 0.000144588 0.000178946 0.000139186 0.000057524 0.000039582 0.000068229 0.000000000 0.008325291 0.000000000
232.877439606 0.008539751 0.000234633 0.000166287 0.000159786 0.000172733 0.000072666 0.000050796 0.000092143 0.000000000 0.007590706 0.000000000
233.476866735 0.005364168 0.000153449 0.000191575 0.000138843 0.000200103 0.000085872 0.000081652 0.000105168 0.000000000 0.004407507 0.000000000
234.076293864 0.006287875 0.000086832 0.000193257 0.000133775 0.000189531 0.000088936 0.000110705 0.000097887 0.000000000 0.005386953 0.000000000
234.675720993 0.010175248 0.000056576 0.000184101 0.000143077 0.000174926 0.000084052 0.000134692 0.000093088 0.000000000 0.009304737 0.000000000
235.275148122 0.007271344 0.000057322 0.000189149 0.000180891 0.000175515 0.000086602 0.000120759 0.000094707 0.000000000 0.006366399 0.000000000
235.874575251 0.008622590 0.000096431 0.000226645 0.000222293 0.000197072 0.000095298 0.000108170 0.000085974 0.000000000 0.007590706 0.000000000
236.474002380 0.007055897 0.000180363 0.000243158 0.000248152 0.000221521 0.000119622 0.000097596 0.000068811 0.000000000 0.005876676 0.000000000
237.073429509 0.009157402 0.000220504 0.000200718 0.000223716 0.000178683 0.000126602 0.000065869 0.000060880 0.000000000 0.008080429 0.000000000
237.672856638 0.006785335 0.000183607 0.000159523 0.000196525 0.000140469 0.000103155 0.000058410 0.000066970 0.000000000 0.005876676 0.000000000
238.272283767 0.006966686 0.000142117 0.000178184 0.000165928 0.000146342 0.000083249 0.000057271 0.000072059 0.000000000 0.006121537 0.000000000
238.871710896 0.007977270 0.000131786 0.000186800 0.000148245 0.000158207 0.000071091 0.000060339 0.000119820 0.000000000 0.007100983 0.000000000
239.471138025 0.007785813 0.000133069 0.000169113 0.000152338 0.000158913 0.000069213 0.000081226 0.000165819 0.000000000 0.006856122 0.000000000
240.070565154 0.008991297 0.000124423 0.000151503 0.000166499 0.000146262 0.000077147 0.000102495 0.000142539 0.000000000 0.008080429 0.000000000
240.669992283 0.007771395 0.000153689 0.000126108 0.000177020 0.000126171 0.000096673 0.000132801 0.000102811 0.000000000 0.006856122 0.000000000
241.269419412 0.011223533 0.000184514 0.000112283 0.000171486 0.000109963 0.000114844 0.000161224 0.000085036 0.000000000 0.010284183 0.000000000
241.868846541 0.009491573 0.000181856 0.000124768 0.000145413 0.000103087 0.000121375 0.000172365 0.000072556 0.000000000 0.008570152 0.000000000
242.468273670 0.006256927 0.000156526 0.000117045 0.000139620 0.000112023 0.000130110 0.000140052 0.000074598 0.000000000 0.005386953 0.000000000
243.067700799 0.010911801 0.000165928 0.000110916 0.000147247 0.000138413 0.000134873 0.000102197 0.000072906 0.000000000 0.010039321 0.000000000
243.667127928 0.011906997 0.000157975 0.000129286 0.000139925 0.000142711 0.000143105 0.000089082 0.000086146 0.000000000 0.011018767 0.000000000
244.266555057 0.007176185 0.000140435 0.000119074 0.000123940 0.000100760 0.000143128 0.000084719 0.000097730 0.000000000 0.006366399 0.000000000
244.865982186 0.005589808 0.000110450 0.000071537 0.000132247 0.000082860 0.000108083 0.000079641 0.000107761 0.000000000 0.004897230 0.000000000
245.465409315 0.007775308 0.000119771 0.000041119 0.000147570 0.000096716 0.000071151 0.000083926 0.000114072 0.000000000 0.007100983 0.000000000
246.064836444 0.006560192 0.000173901 0.000045547 0.000131753 0.000091245 0.000058198 0.000080474 0.000102399 0.000000000 0.005876676 0.000000000
246.664263573 0.005321607 0.000176169 0.000077533 0.000121247 0.000086511 0.000059525 0.000067954 0.000080300 0.000000000 0.004652368 0.000000000
247.263690702 0.008738736 0.000135699 0.000119802 0.000119204 0.000084311 0.000069430 0.000059975 0.000069885 0.000000000 0.008080429 0.000000000
247.863117831 0.004154317 0.000121424 0.000128046 0.000140275 0.000108876 0.000088123 0.000064433 0.000075080 0.000000000 0.003428061 0.000000000
248.462544960 0.006040143 0.000116508 0.000170978 0.000179761 0.000169677 0.000113321 0.000077299 0.000070508 0.000000000 0.005142091 0.000000000
249.061972089 0.007330893 0.000074404 0.000261728 0.000176035 0.000205923 0.000108606 0.000087502 0.000050296 0.000000000 0.006366399 0.000000000
249.661399218 0.005943728 0.000036844 0.000195484 0.000134912 0.000173107 0.000127389 0.000090913 0.000042988 0.000000000 0.005142091 0.000000000
250.260826346 0.008057988 0.000044153 0.000138523 0.000100459 0.000134806 0.000148523 0.000105881 0.000039799 0.000000000 0.007345845 0.000000000
250.860253475 0.004574009 0.000065196 0.000089498 0.000076663 0.000106769 0.000147287 0.000111492 0.000059320 0.000000000 0.003917784 0.000000000
251.459680604 0.007579884 0.000101250 0.000077753 0.000077552 0.000136793 0.000121899 0.000131475 0.000077041 0.000000000 0.006856122 0.000000000
252.059107733 0.006288932 0.000147117 0.000118585 0.000082914 0.000184500 0.000106920 0.000169283 0.000092661 0.000000000 0.005386953 0.000000000
252.658534862 0.007787776 0.000130187 0.000175577 0.000091745 0.000159135 0.000091540 0.000151617 0.000131853 0.000000000 0.006856122 0.000000000
253.257961991 0.004628483 0.000102242 0.000209532 0.000092174 0.000173243 0.000078499 0.000107318 0.000192553 0.000000000 0.003672922 0.000000000
253.857389120 0.005142770 0.000112516 0.000216753 0.000120484 0.000195368 0.000075562 0.000081487 0.000177954 0.000000000 0.004162645 0.000000000
254.456816249 0.006578220 0.000129930 0.000206479 0.000194557 0.000144230 0.000062779 0.000065244 0.000143188 0.000000000 0.005631814 0.000000000
255.056243378 0.004128337 0.000164902 0.000181472 0.000276426 0.000125192 0.000042331 0.000061264 0.000093550 0.000000000 0.003183199 0.000000000
255.655670507 0.008159052 0.000217171 0.000204148 0.000298372 0.000152873 0.000043349 0.000067169 0.000074988 0.000000000 0.007100983 0.000000000
256.255097636 0.005596624 0.000275036 0.000252267 0.000244899 0.000191298 0.000057896 0.000071253 0.000096469 0.000000000 0.004407507 0.000000000
256.854524765 0.008681804 0.000311816 0.000231957 0.000235395 0.000270629 0.000066148 0.000083352 0.000136663 0.000000000 0.007345845 0.000000000
257.453951894 0.005270461 0.000331887 0.000141711 0.000239471 0.000301117 0.000069818 0.000095729 0.000172944 0.000000000 0.003917784 0.000000000
258.053379023 0.007664387 0.000346606 0.000137833 0.000245070 0.000244994 0.000080061 0.000086788 0.000156636 0.000000000 0.006366399 0.000000000
258.652806152 0.004411991 0.000302040 0.000199872 0.000261222 0.000202742 0.000080006 0.000088444 0.000094465 0.000000000 0.003183199 0.000000000
259.252233281 0.006661252 0.000200204 0.000216658 0.000163976 0.000219465 0.000066907 0.000101970 0.000060256 0.000000000 0.005631814 0.000000000
259.851660410 0.007526630 0.000204013 0.000160688 0.000117745 0.000203149 0.000053356 0.000115132 0.000061286 0.000000000 0.006611260 0.000000000
260.451087539 0.007098705 0.000301609 0.000154679 0.000130558 0.000144460 0.000068590 0.000107073 0.000070199 0.000000000 0.006121537 0.000000000
261.050514668 0.008154258 0.000362471 0.000196052 0.000168306 0.000127341 0.000087911 0.000062977 0.000048218 0.000000000 0.007100983 0.000000000
261.649941797 0.005235813 0.000310350 0.000193864 0.000200807 0.000216124 0.000095309 0.000028962 0.000027752 0.000000000 0.004162645 0.000000000
262.249368926 0.006674289 0.000189620 0.000159241 0.000250045 0.000304903 0.000092911 0.000022115 0.000023641 0.000000000 0.005631814 0.000000000
262.848796055 0.007791741 0.000139453 0.000223303 0.000351208 0.000316859 0.000089852 0.000032172 0.000027635 0.000000000 0.006611260 0.000000000
263.448223184 0.006791389 0.000168646 0.000386532 0.000366379 0.000310990 0.000085285 0.000054582 0.000032023 0.000000000 0.005386953 0.000000000
264.047650313 0.004692773 0.000243547 0.000393673 0.000313973 0.000368558 0.000068610 0.000074376 0.000046836 0.000000000 0.003183199 0.000000000
264.647077442 0.007303842 0.000236200 0.000321591 0.000282711 0.000352645 0.000054646 0.000093931 0.000085443 0.000000000 0.005876676 0.000000000
265.246504571 0.006663704 0.000133852 0.000288886 0.000296656 0.000279283 0.000054559 0.000086558 0.000136957 0.000000000 0.005386953 0.000000000
265.845931700 0.006898113 0.000124977 0.000266250 0.000362681 0.000231082 0.000071909 0.000065218 0.000144182 0.000000000 0.005631814 0.000000000
266.445358829 0.005973804 0.000195826 0.000248449 0.000398859 0.000188205 0.000118585 0.000065131 0.000106380 0.000000000 0.004652368 0.000000000
267.044785958 0.007731238 0.000282118 0.000270454 0.000345016 0.000156327 0.000144493 0.000107721 0.000058710 0.000000000 0.006366399 0.000000000
267.644213087 0.006875048 0.000392944 0.000243784 0.000262764 0.000205923 0.000142653 0.000187633 0.000052393 0.000000000 0.005386953 0.000000000
268.243640216 0.005957570 0.000427259 0.000251846 0.000236721 0.000210287 0.000156048 0.000184328 0.000083577 0.000000000 0.004407507 0.000000000
268.843067345 0.007042365 0.000296954 0.000275717 0.000216673 0.000199060 0.000172136 0.000112464 0.000137548 0.000000000 0.005631814 0.000000000
269.442494474 0.008741145 0.000173232 0.000263683 0.000188365 0.000134780 0.000168176 0.000091711 0.000130492 0.000000000 0.007590706 0.000000000
270.041921603 0.005072809 0.000118237 0.000251650 0.000123126 0.000084914 0.000143845 0.000118669 0.000069723 0.000000000 0.004162645 0.000000000
270.641348732 0.006534307 0.000100029 0.000304136 0.000089074 0.000082239 0.000118279 0.000147602 0.000061132 0.000000000 0.005631814 0.000000000
271.240775861 0.008103299 0.000138374 0.000344213 0.000092473 0.000102824 0.000081356 0.000140149 0.000102925 0.000000000 0.007100983 0.000000000
271.840202990 0.008605640 0.000146752 0.000250500 0.000133373 0.000175411 0.000054702 0.000083972 0.000170223 0.000000000 0.007590706 0.000000000
272.439630119 0.007438870 0.000161331 0.000120823 0.000202173 0.000303359 0.000041326 0.000061359 0.000182100 0.000000000 0.006366399 0.000000000
273.039057247 0.008549902 0.000228774 0.000079931 0.000201933 0.000250919 0.000035542 0.000048716 0.000113380 0.000000000 0.007590706 0.000000000
273.638484376 0.008948439 0.000258334 0.000083690 0.000192604 0.000187893 0.000028805 0.000054841 0.000061842 0.000000000 0.008080429 0.000000000
274.237911505 0.004625994 0.000185366 0.000087550 0.000354110 0.000179640 0.000020287 0.000065033 0.000061086 0.000000000 0.003672922 0.000000000
274.837338634 0.010489276 0.000092713 0.000085267 0.000445070 0.000169996 0.000017741 0.000047958 0.000080933 0.000000000 0.009549598 0.000000000
275.436765763 0.004594258 0.000087741 0.000180444 0.000339918 0.000155099 0.000031756 0.000032836 0.000093542 0.000000000 0.003672922 0.000000000
276.036192892 0.007218988 0.000168596 0.000427550 0.000202959 0.000100913 0.000055694 0.000049460 0.000092278 0.000000000 0.006121537 0.000000000
276.635620021 0.006571464 0.000261045 0.000260379 0.000121769 0.000055656 0.000066783 0.000081389 0.000092629 0.000000000 0.005631814 0.000000000
277.235047150 0.008228685 0.000271644 0.000103183 0.000090483 0.000131653 0.000077049 0.000097648 0.000111182 0.000000000 0.007345845 0.000000000
277.834474279 0.007626205 0.000275168 0.000119063 0.000097857 0.000231325 0.000114833 0.000075935 0.000100763 0.000000000 0.006611260 0.000000000
278.433901408 0.006145539 0.000299175 0.000165810 0.000124531 0.000107705 0.000155994 0.000074739 0.000075493 0.000000000 0.005142091 0.000000000
279.033328537 0.009073077 0.000288449 0.000171098 0.000144326 0.000101721 0.000117533 0.000109096 0.000060424 0.000000000 0.008080429 0.000000000
279.632755666 0.008223810 0.000315004 0.000161252 0.000135566 0.000186207 0.000093786 0.000164452 0.000066559 0.000000000 0.007100983 0.000000000
280.232182795 0.008636476 0.000180500 0.000125763 0.000089285 0.000248165 0.000138168 0.000140910 0.000122978 0.000000000 0.007590706 0.000000000
280.831609924 0.007966155 0.000032271 0.000075718 0.000056844 0.000194184 0.000141167 0.000129472 0.000235514 0.000000000 0.007100983 0.000000000
281.431037053 0.007686117 0.000012985 0.000068850 0.000050176 0.000143088 0.000121445 0.000160762 0.000272689 0.000000000 0.006856122 0.000000000
282.030464182 0.008860857 0.000026424 0.000063648 0.000054514 0.000171291 0.000106156 0.000159659 0.000198734 0.000000000 0.008080429 0.000000000
282.629891311 0.009504086 0.000050238 0.000071466 0.000071970 0.000125563 0.000094984 0.000131621 0.000143231 0.000000000 0.008815014 0.000000000
283.229318440 0.007583462 0.000101921 0.000076384 0.000086961 0.000100613 0.000090412 0.000160460 0.000110589 0.000000000 0.006856122 0.000000000
283.828745569 0.007182134 0.000162938 0.000085895 0.000085946 0.000145959 0.000080010 0.000173740 0.000081246 0.000000000 0.006366399 0.000000000
284.428172698 0.011547493 0.000134310 0.000107919 0.000061487 0.000188024 0.000089253 0.000123639 0.000068956 0.000000000 0.010773906 0.000000000
285.027599827 0.009149113 0.000077246 0.000259437 0.000065767 0.000153654 0.000143085 0.000068430 0.000056203 0.000000000 0.008325291 0.000000000
285.627026956 0.009592747 0.000101941 0.000224027 0.000079822 0.000119114 0.000163941 0.000052489 0.000036398 0.000000000 0.008815014 0.000000000
286.226454085 0.010991607 0.000148178 0.000198677 0.000082528 0.000100067 0.000110826 0.000049279 0.000017869 0.000000000 0.010284183 0.000000000
286.825881214 0.008855357 0.000100589 0.000140127 0.000081153 0.000085017 0.000081486 0.000031802 0.000009893 0.000000000 0.008325291 0.000000000
287.425308343 0.007711735 0.000049417 0.000063727 0.000080238 0.000082090 0.000066014 0.000017028 0.000007376 0.000000000 0.007345845 0.000000000
288.024735472 0.006665135 0.000026414 0.000023206 0.000093083 0.000090011 0.000048392 0.000011728 0.000005903 0.000000000 0.006366399 0.000000000
288.624162601 0.010580840 0.000024446 0.000006823 0.000112426 0.000093464 0.000033716 0.000019550 0.000006232 0.000000000 0.010284183 0.000000000
289.223589730 0.010094882 0.000055703 0.000003570 0.000081643 0.000099269 0.000024195 0.000028508 0.000007535 0.000000000 0.009794460 0.000000000
289.823016859 0.008460091 0.000070156 0.000024656 0.000115740 0.000105732 0.000017615 0.000033589 0.000012173 0.000000000 0.008080429 0.000000000
290.422443988 0.010048987 0.000054813 0.000162158 0.000093679 0.000124083 0.000015682 0.000029345 0.000019628 0.000000000 0.009549598 0.000000000
291.021871117 0.009700358 0.000017379 0.000059666 0.000054271 0.000201748 0.000011807 0.000016135 0.000034616 0.000000000 0.009304737 0.000000000
291.621298246 0.010473481 0.000000943 0.000002865 0.000023271 0.000110052 0.000008450 0.000007280 0.000036437 0.000000000 0.010284183 0.000000000
292.220725375 0.009824635 0.000000000 0.000000000 0.000007356 0.000001721 0.000004805 0.000000941 0.000015352 0.000000000 0.009794460 0.000000000
292.820152504 0.009552483 0.000000000 0.000000000 0.000000743 0.000000000 0.000001005 0.000000000 0.000001137 0.000000000 0.009549598 0.000000000
293.419579633 0.008815044 0.000000000 0.000000000 0.000000009 0.000000000 0.000000007 0.000000000 0.000000015 0.000000000 0.008815014 0.000000000
294.019006762 0.007345845 0.000000000 0.000000000 0.000000000 0.000000000 0.000000000 0.000000000 0.000000000 0.000000000 0.007345845 0.000000000
294.618433891 0.000000000 0.000000000 0.000000000 0.000000000 0.000000000 0.000000000 0.000000000 0.000000000 0.000000000 0.000000000 0.000000000
295.217861019 0.000000000 0.000000000 0.000000000 0.000000000 0.000000000 0.000000000 0.000000000 0.000000000 0.000000000 0.000000000 0.000000000
295.817288148 0.000000000 0.000000000 0.000000000 0.000000000 0.000000000 0.000000000 0.000000000 0.000000000 0.000000000 0.000000000 0.000000000
296.416715277 0.000000000 0.000000000 0.000000000 0.000000000 0.000000000 0.000000000 0.000000000 0.000000000 0.000000000 0.000000000 0.000000000
297.016142406 0.000000000 0.000000000 0.000000000 0.000000000 0.000000000 0.000000000 0.000000000 0.000000000 0.000000000 0.000000000 0.000000000
297.615569535 0.048972299 0.000000000 0.000000000 0.000000000 0.000000000 0.000000000 0.000000000 0.000000000 0.000000000 0.000000000 0.048972299
298.214996664 0.000000000 0.000000000 0.000000000 0.000000000 0.000000000 0.000000000 0.000000000 0.000000000 0.000000000 0.000000000 0.000000000
298.814423793 0.000000000 0.000000000 0.000000000 0.000000000 0.000000000 0.000000000 0.000000000 0.000000000 0.000000000 0.000000000 0.000000000
299.413850922 0.000000000 0.000000000 0.000000000 0.000000000 0.000000000 0.000000000 0.000000000 0.000000000 0.000000000 0.000000000 0.000000000
