  0.20000000000000001             4427        1555        4460
  0.40000000000000002             4426        1551        4465
  0.60000000000000009             4427        1551        4464
  0.80000000000000004             4429        1548        4465
   1.0000000000000000             4427        1548        4467
   1.2000000000000002             4428        1544        4470
   1.4000000000000001             4425        1547        4470
   1.6000000000000001             4428        1545        4469
   1.8000000000000000             4427        1547        4468
   2.0000000000000000             4427        1547        4468
   2.2000000000000002             4426        1549        4467
   2.4000000000000004             4430        1545        4467
   2.6000000000000001             4430        1547        4465
   2.8000000000000003             4429        1550        4463
   3.0000000000000000             4431        1545        4466
   3.2000000000000002             4427        1551        4464
   3.4000000000000004             4427        1550        4465
   3.6000000000000001             4426        1550        4466
   3.8000000000000003             4425        1553        4464
   4.0000000000000000             4427        1552        4463
   4.2000000000000002             4428        1552        4462
   4.4000000000000004             4425        1553        4464
   4.6000000000000005             4426        1555        4461
   4.8000000000000007             4426        1556        4460
   5.0000000000000000             4427        1551        4464
   5.2000000000000002             4428        1551        4463
   5.4000000000000004             4427        1551        4464
   5.6000000000000005             4425        1551        4466
   5.8000000000000007             4426        1552        4464
   6.0000000000000000             4427        1552        4463
   6.2000000000000002             4427        1551        4464
   6.4000000000000004             4428        1550        4464
   6.6000000000000005             4428        1549        4465
   6.8000000000000007             4428        1548        4466
   7.0000000000000000             4427        1550        4465
   7.2000000000000002             4425        1552        4465
   7.4000000000000004             4424        1554        4464
   7.6000000000000005             4426        1550        4466
   7.8000000000000007             4428        1548        4466
   8.0000000000000000             4430        1547        4465
   8.2000000000000011             4429        1548        4465
   8.4000000000000004             4428        1547        4467
   8.5999999999999996             4427        1546        4469
   8.8000000000000007             4423        1549        4470
   9.0000000000000000             4427        1546        4469
   9.2000000000000011             4426        1551        4465
   9.4000000000000004             4426        1551        4465
   9.6000000000000014             4429        1548        4465
   9.8000000000000007             4427        1549        4466
   10.000000000000000             4426        1550        4466
   10.200000000000001             4427        1549        4466
   10.400000000000000             4426        1551        4465
   10.600000000000001             4427        1551        4464
   10.800000000000001             4425        1555        4462
   11.000000000000000             4425        1554        4463
   11.200000000000001             4427        1551        4464
   11.400000000000000             4424        1555        4463
   11.600000000000001             4426        1552        4464
   11.800000000000001             4425        1552        4465
   12.000000000000000             4426        1551        4465
   12.200000000000001             4428        1549        4465
   12.400000000000000             4427        1553        4462
   12.600000000000001             4428        1551        4463
   12.800000000000001             4425        1554        4463
   13.000000000000000             4426        1551        4465
   13.200000000000001             4426        1552        4464
   13.400000000000000             4426        1552        4464
   13.600000000000001             4425        1552        4465
   13.800000000000001             4424        1554        4464
   14.000000000000000             4426        1552        4464
   14.200000000000001             4428        1552        4462
   14.400000000000000             4426        1552        4464
   14.600000000000001             4424        1554        4464
   14.800000000000001             4427        1551        4464
   15.000000000000000             4427        1552        4463
   15.200000000000001             4429        1552        4461
   15.400000000000000             4425        1554        4463
   15.600000000000001             4425        1554        4463
   15.800000000000001             4426        1552        4464
   16.000000000000000             4423        1557        4462
   16.199999999999999             4425        1555        4462
   16.400000000000002             4428        1551        4463
   16.600000000000001             4428        1551        4463
   16.800000000000001             4427        1552        4463
   17.000000000000000             4429        1551        4462
   17.199999999999999             4428        1554        4460
   17.400000000000002             4430        1552        4460
   17.600000000000001             4427        1553        4462
   17.800000000000001             4427        1552        4463
   18.000000000000000             4429        1551        4462
   18.199999999999999             4429        1551        4462
   18.400000000000002             4428        1551        4463
   18.600000000000001             4430        1549        4463
   18.800000000000001             4429        1552        4461
   19.000000000000000             4427        1554        4461
   19.200000000000003             4427        1554        4461
   19.400000000000002             4426        1558        4458
   19.600000000000001             4428        1552        4462
   19.800000000000001             4426        1555        4461
   20.000000000000000             4428        1551        4463
   20.200000000000003             4427        1551        4464
   20.400000000000002             4429        1551        4462
   20.600000000000001             4428        1551        4463
   20.800000000000001             4427        1555        4460
   21.000000000000000             4428        1551        4463
   21.200000000000003             4426        1554        4462
   21.400000000000002             4426        1554        4462
   21.600000000000001             4426        1551        4465
   21.800000000000001             4425        1549        4468
   22.000000000000000             4424        1551        4467
   22.200000000000003             4425        1551        4466
   22.400000000000002             4425        1552        4465
   22.600000000000001             4425        1553        4464
   22.800000000000001             4424        1552        4466
   23.000000000000000             4427        1551        4464
   23.200000000000003             4426        1554        4462
   23.400000000000002             4426        1555        4461
   23.600000000000001             4426        1554        4462
   23.800000000000001             4425        1551        4466
   24.000000000000000             4424        1556        4462
   24.200000000000003             4425        1554        4463
   24.400000000000002             4424        1556        4462
   24.600000000000001             4429        1552        4461
   24.800000000000001             4429        1549        4464
   25.000000000000000             4428        1549        4465
   25.200000000000003             4429        1549        4464
   25.400000000000002             4428        1551        4463
   25.600000000000001             4428        1549        4465
   25.800000000000001             4427        1551        4464
   26.000000000000000             4427        1553        4462
   26.200000000000003             4426        1553        4463
   26.400000000000002             4424        1557        4461
   26.600000000000001             4426        1557        4459
   26.800000000000001             4425        1556        4461
   27.000000000000000             4428        1554        4460
   27.200000000000003             4426        1553        4463
   27.400000000000002             4426        1554        4462
   27.600000000000001             4427        1554        4461
   27.800000000000001             4426        1552        4464
   28.000000000000000             4427        1553        4462
   28.200000000000003             4427        1551        4464
   28.400000000000002             4426        1552        4464
   28.600000000000001             4427        1550        4465
   28.800000000000001             4429        1549        4464
   29.000000000000000             4425        1552        4465
   29.200000000000003             4425        1552        4465
   29.400000000000002             4427        1552        4463
   29.600000000000001             4426        1553        4463
   29.800000000000001             4427        1552        4463
   30.000000000000000             4426        1552        4464
   30.200000000000003             4426        1550        4466
   30.400000000000002             4426        1550        4466
   30.600000000000001             4427        1549        4466
   30.800000000000001             4426        1551        4465
   31.000000000000000             4428        1548        4466
   31.200000000000003             4427        1548        4467
   31.400000000000002             4423        1553        4466
   31.600000000000001             4424        1552        4466
   31.800000000000001             4425        1553        4464
   32.000000000000000             4425        1553        4464
   32.200000000000003             4426        1551        4465
   32.399999999999999             4426        1552        4464
   32.600000000000001             4427        1550        4465
   32.800000000000004             4425        1551        4466
   33.000000000000000             4425        1551        4466
   33.200000000000003             4425        1551        4466
   33.399999999999999             4426        1554        4462
   33.600000000000001             4424        1555        4463
   33.800000000000004             4427        1552        4463
   34.000000000000000             4426        1552        4464
   34.200000000000003             4428        1551        4463
   34.399999999999999             4427        1554        4461
   34.600000000000001             4426        1556        4460
   34.800000000000004             4426        1559        4457
   35.000000000000000             4426        1558        4458
   35.200000000000003             4428        1556        4458
   35.399999999999999             4425        1559        4458
   35.600000000000001             4425        1558        4459
   35.800000000000004             4425        1560        4457
   36.000000000000000             4427        1557        4458
   36.200000000000003             4429        1552        4461
   36.399999999999999             4428        1552        4462
   36.600000000000001             4427        1551        4464
   36.800000000000004             4428        1549        4465
   37.000000000000000             4426        1551        4465
   37.200000000000003             4425        1551        4466
   37.399999999999999             4427        1550        4465
   37.600000000000001             4427        1552        4463
   37.800000000000004             4425        1555        4462
   38.000000000000000             4427        1552        4463
   38.200000000000003             4429        1548        4465
   38.400000000000006             4428        1551        4463
   38.600000000000001             4429        1549        4464
   38.800000000000004             4428        1550        4464
   39.000000000000000             4427        1551        4464
   39.200000000000003             4427        1553        4462
   39.400000000000006             4428        1553        4461
   39.600000000000001             4429        1550        4463
   39.800000000000004             4428        1549        4465
   40.000000000000000             4427        1552        4463
   40.200000000000003             4427        1552        4463
   40.400000000000006             4428        1551        4463
   40.600000000000001             4429        1549        4464
   40.800000000000004             4428        1551        4463
   41.000000000000000             4431        1549        4462
   41.200000000000003             4432        1550        4460
   41.400000000000006             4431        1549        4462
   41.600000000000001             4429        1550        4463
   41.800000000000004             4428        1552        4462
   42.000000000000000             4427        1552        4463
   42.200000000000003             4428        1550        4464
   42.400000000000006             4427        1553        4462
   42.600000000000001             4427        1552        4463
   42.800000000000004             4426        1556        4460
   43.000000000000000             4425        1554        4463
   43.200000000000003             4428        1551        4463
   43.400000000000006             4428        1550        4464
   43.600000000000001             4429        1550        4463
   43.800000000000004             4427        1553        4462
   44.000000000000000             4430        1550        4462
   44.200000000000003             4430        1549        4463
   44.400000000000006             4428        1552        4462
   44.600000000000001             4428        1551        4463
   44.800000000000004             4428        1552        4462
   45.000000000000000             4429        1550        4463
   45.200000000000003             4430        1548        4464
   45.400000000000006             4430        1549        4463
   45.600000000000001             4431        1550        4461
   45.800000000000004             4428        1551        4463
   46.000000000000000             4428        1550        4464
   46.200000000000003             4429        1550        4463
   46.400000000000006             4426        1553        4463
   46.600000000000001             4427        1552        4463
   46.800000000000004             4427        1554        4461
   47.000000000000000             4429        1552        4461
   47.200000000000003             4429        1553        4460
   47.400000000000006             4429        1553        4460
   47.600000000000001             4429        1552        4461
   47.800000000000004             4429        1553        4460
   48.000000000000000             4430        1552        4460
   48.200000000000003             4431        1549        4462
   48.400000000000006             4432        1552        4458
   48.600000000000001             4431        1550        4461
   48.800000000000004             4430        1551        4461
   49.000000000000000             4431        1548        4463
   49.200000000000003             4430        1549        4463
   49.400000000000006             4431        1547        4464
   49.600000000000001             4432        1548        4462
   49.800000000000004             4431        1549        4462
   50.000000000000000             4430        1551        4461
   50.200000000000003             4432        1550        4460
   50.400000000000006             4432        1553        4457
   50.600000000000001             4433        1551        4458
   50.800000000000004             4431        1552        4459
   51.000000000000000             4430        1550        4462
   51.200000000000003             4430        1552        4460
   51.400000000000006             4429        1553        4460
   51.600000000000001             4430        1548        4464
   51.800000000000004             4430        1549        4463
   52.000000000000000             4431        1548        4463
   52.200000000000003             4432        1546        4464
   52.400000000000006             4431        1547        4464
   52.600000000000001             4431        1551        4460
   52.800000000000004             4430        1547        4465
   53.000000000000000             4431        1548        4463
   53.200000000000003             4432        1546        4464
   53.400000000000006             4431        1547        4464
   53.600000000000001             4429        1551        4462
   53.800000000000004             4430        1550        4462
   54.000000000000000             4430        1551        4461
   54.200000000000003             4427        1553        4462
   54.400000000000006             4427        1554        4461
   54.600000000000001             4428        1551        4463
   54.800000000000004             4428        1550        4464
   55.000000000000000             4428        1552        4462
   55.200000000000003             4430        1548        4464
   55.400000000000006             4431        1548        4463
   55.600000000000001             4434        1544        4464
   55.800000000000004             4427        1553        4462
   56.000000000000000             4430        1550        4462
   56.200000000000003             4432        1547        4463
   56.400000000000006             4432        1547        4463
   56.600000000000001             4432        1548        4462
   56.800000000000004             4433        1544        4465
   57.000000000000000             4431        1548        4463
   57.200000000000003             4432        1547        4463
   57.400000000000006             4433        1549        4460
   57.600000000000001             4431        1552        4459
   57.800000000000004             4428        1557        4457
   58.000000000000000             4430        1553        4459
   58.200000000000003             4430        1552        4460
   58.400000000000006             4429        1554        4459
   58.600000000000001             4428        1554        4460
   58.800000000000004             4432        1550        4460
   59.000000000000000             4433        1550        4459
   59.200000000000003             4431        1549        4462
   59.400000000000006             4431        1550        4461
   59.600000000000001             4433        1549        4460
   59.800000000000004             4431        1549        4462
   60.000000000000000             4430        1550        4462
   60.200000000000003             4429        1551        4462
   60.400000000000006             4428        1552        4462
   60.600000000000001             4430        1552        4460
   60.800000000000004             4428        1551        4463
   61.000000000000000             4430        1552        4460
   61.200000000000003             4432        1549        4461
   61.400000000000006             4428        1555        4459
   61.600000000000001             4429        1552        4461
   61.800000000000004             4429        1553        4460
   62.000000000000000             4427        1555        4460
   62.200000000000003             4430        1550        4462
   62.400000000000006             4428        1552        4462
   62.600000000000001             4427        1555        4460
   62.800000000000004             4426        1553        4463
   63.000000000000000             4430        1554        4458
   63.200000000000003             4427        1554        4461
   63.400000000000006             4426        1558        4458
   63.600000000000001             4428        1554        4460
   63.800000000000004             4431        1551        4460
   64.000000000000000             4430        1550        4462
   64.200000000000003             4429        1554        4459
   64.400000000000006             4428        1555        4459
   64.600000000000009             4432        1551        4459
   64.799999999999997             4432        1549        4461
   65.000000000000000             4433        1549        4460
   65.200000000000003             4430        1551        4461
   65.400000000000006             4431        1550        4461
   65.600000000000009             4431        1549        4462
   65.799999999999997             4429        1552        4461
   66.000000000000000             4428        1555        4459
   66.200000000000003             4429        1553        4460
   66.400000000000006             4430        1553        4459
   66.600000000000009             4430        1554        4458
   66.799999999999997             4429        1555        4458
   67.000000000000000             4430        1554        4458
   67.200000000000003             4433        1551        4458
   67.400000000000006             4430        1554        4458
   67.600000000000009             4430        1551        4461
   67.799999999999997             4430        1552        4460
   68.000000000000000             4430        1552        4460
   68.200000000000003             4426        1556        4460
   68.400000000000006             4427        1554        4461
   68.600000000000009             4427        1555        4460
   68.799999999999997             4429        1553        4460
   69.000000000000000             4429        1551        4462
   69.200000000000003             4428        1553        4461
   69.400000000000006             4427        1556        4459
   69.600000000000009             4425        1559        4458
   69.799999999999997             4426        1556        4460
   70.000000000000000             4427        1556        4459
   70.200000000000003             4428        1554        4460
   70.400000000000006             4430        1554        4458
   70.600000000000009             4429        1555        4458
   70.799999999999997             4431        1552        4459
   71.000000000000000             4428        1557        4457
   71.200000000000003             4430        1557        4455
   71.400000000000006             4430        1553        4459
   71.600000000000009             4428        1556        4458
   71.799999999999997             4429        1553        4460
   72.000000000000000             4430        1554        4458
   72.200000000000003             4429        1554        4459
   72.400000000000006             4430        1550        4462
   72.600000000000009             4427        1556        4459
   72.799999999999997             4430        1553        4459
   73.000000000000000             4431        1551        4460
   73.200000000000003             4431        1554        4457
   73.400000000000006             4431        1551        4460
   73.600000000000009             4432        1552        4458
   73.799999999999997             4428        1556        4458
   74.000000000000000             4426        1556        4460
   74.200000000000003             4425        1559        4458
   74.400000000000006             4427        1555        4460
   74.600000000000009             4427        1557        4458
   74.799999999999997             4426        1557        4459
   75.000000000000000             4426        1559        4457
   75.200000000000003             4428        1556        4458
   75.400000000000006             4428        1558        4456
   75.600000000000009             4428        1554        4460
   75.799999999999997             4427        1554        4461
   76.000000000000000             4426        1555        4461
   76.200000000000003             4426        1558        4458
   76.400000000000006             4427        1558        4457
   76.600000000000009             4427        1559        4456
   76.800000000000011             4427        1556        4459
   77.000000000000000             4427        1554        4461
   77.200000000000003             4429        1557        4456
   77.400000000000006             4429        1555        4458
   77.600000000000009             4427        1557        4458
   77.800000000000011             4430        1551        4461
   78.000000000000000             4426        1555        4461
   78.200000000000003             4428        1552        4462
   78.400000000000006             4431        1552        4459
   78.600000000000009             4430        1552        4460
   78.800000000000011             4428        1556        4458
   79.000000000000000             4427        1554        4461
   79.200000000000003             4429        1553        4460
   79.400000000000006             4425        1557        4460
   79.600000000000009             4428        1555        4459
   79.800000000000011             4429        1552        4461
   80.000000000000000             4433        1547        4462
   80.200000000000003             4433        1550        4459
   80.400000000000006             4433        1550        4459
   80.600000000000009             4432        1552        4458
   80.800000000000011             4432        1551        4459
   81.000000000000000             4429        1555        4458
   81.200000000000003             4427        1557        4458
   81.400000000000006             4430        1552        4460
   81.600000000000009             4429        1554        4459
   81.800000000000011             4426        1559        4457
   82.000000000000000             4429        1554        4459
   82.200000000000003             4430        1553        4459
   82.400000000000006             4430        1549        4463
   82.600000000000009             4427        1556        4459
   82.800000000000011             4427        1554        4461
   83.000000000000000             4426        1556        4460
   83.200000000000003             4425        1554        4463
   83.400000000000006             4427        1554        4461
   83.600000000000009             4426        1553        4463
   83.800000000000011             4425        1558        4459
   84.000000000000000             4428        1554        4460
   84.200000000000003             4427        1553        4462
   84.400000000000006             4427        1555        4460
   84.600000000000009             4425        1557        4460
   84.800000000000011             4425        1558        4459
   85.000000000000000             4426        1559        4457
   85.200000000000003             4427        1555        4460
   85.400000000000006             4428        1553        4461
   85.600000000000009             4428        1553        4461
   85.800000000000011             4426        1553        4463
   86.000000000000000             4428        1551        4463
   86.200000000000003             4427        1553        4462
   86.400000000000006             4427        1552        4463
   86.600000000000009             4426        1557        4459
   86.800000000000011             4428        1553        4461
   87.000000000000000             4428        1555        4459
   87.200000000000003             4425        1558        4459
   87.400000000000006             4427        1553        4462
   87.600000000000009             4427        1554        4461
   87.800000000000011             4426        1555        4461
   88.000000000000000             4427        1555        4460
   88.200000000000003             4425        1558        4459
   88.400000000000006             4427        1551        4464
   88.600000000000009             4428        1550        4464
   88.800000000000011             4427        1554        4461
   89.000000000000000             4427        1554        4461
   89.200000000000003             4429        1551        4462
   89.400000000000006             4427        1553        4462
   89.600000000000009             4429        1554        4459
   89.800000000000011             4428        1553        4461
   90.000000000000000             4429        1554        4459
   90.200000000000003             4428        1556        4458
   90.400000000000006             4426        1557        4459
   90.600000000000009             4427        1555        4460
   90.800000000000011             4427        1558        4457
   91.000000000000000             4427        1558        4457
   91.200000000000003             4427        1557        4458
   91.400000000000006             4427        1556        4459
   91.600000000000009             4430        1551        4461
   91.800000000000011             4430        1551        4461
   92.000000000000000             4430        1552        4460
   92.200000000000003             4428        1551        4463
   92.400000000000006             4429        1549        4464
   92.600000000000009             4428        1548        4466
   92.800000000000011             4427        1550        4465
   93.000000000000000             4427        1552        4463
   93.200000000000003             4429        1550        4463
   93.400000000000006             4427        1553        4462
   93.600000000000009             4429        1549        4464
   93.800000000000011             4428        1551        4463
   94.000000000000000             4427        1553        4462
   94.200000000000003             4427        1555        4460
   94.400000000000006             4427        1554        4461
   94.600000000000009             4426        1551        4465
   94.800000000000011             4429        1548        4465
   95.000000000000000             4424        1553        4465
   95.200000000000003             4428        1551        4463
   95.400000000000006             4429        1548        4465
   95.600000000000009             4428        1549        4465
   95.800000000000011             4427        1550        4465
   96.000000000000000             4427        1549        4466
   96.200000000000003             4430        1548        4464
   96.400000000000006             4426        1553        4463
   96.600000000000009             4430        1550        4462
   96.800000000000011             4428        1552        4462
   97.000000000000000             4428        1553        4461
   97.200000000000003             4429        1553        4460
   97.400000000000006             4429        1554        4459
   97.600000000000009             4429        1554        4459
   97.800000000000011             4428        1551        4463
   98.000000000000000             4430        1554        4458
   98.200000000000003             4430        1552        4460
   98.400000000000006             4430        1551        4461
   98.600000000000009             4432        1550        4460
   98.800000000000011             4428        1557        4457
   99.000000000000000             4431        1553        4458
   99.200000000000003             4432        1550        4460
   99.400000000000006             4430        1552        4460
   99.600000000000009             4431        1550        4461
   99.800000000000011             4428        1550        4464
   100.00000000000000             4427        1552        4463
   100.20000000000000             4429        1553        4460
   100.40000000000001             4429        1553        4460
   100.60000000000001             4430        1552        4460
   100.80000000000001             4431        1551        4460
   101.00000000000000             4431        1551        4460
   101.20000000000000             4433        1549        4460
   101.40000000000001             4431        1552        4459
   101.60000000000001             4429        1552        4461
   101.80000000000001             4430        1550        4462
   102.00000000000000             4429        1552        4461
   102.20000000000000             4431        1551        4460
   102.40000000000001             4432        1548        4462
   102.60000000000001             4432        1549        4461
   102.80000000000001             4431        1550        4461
   103.00000000000000             4428        1554        4460
   103.20000000000000             4429        1551        4462
   103.40000000000001             4430        1553        4459
   103.60000000000001             4428        1552        4462
   103.80000000000001             4426        1554        4462
   104.00000000000000             4427        1555        4460
   104.20000000000000             4431        1555        4456
   104.40000000000001             4432        1550        4460
   104.60000000000001             4430        1552        4460
   104.80000000000001             4431        1550        4461
   105.00000000000000             4433        1548        4461
   105.20000000000000             4430        1552        4460
   105.40000000000001             4430        1549        4463
   105.60000000000001             4431        1549        4462
   105.80000000000001             4429        1553        4460
   106.00000000000000             4433        1546        4463
   106.20000000000000             4431        1547        4464
   106.40000000000001             4429        1549        4464
   106.60000000000001             4431        1548        4463
   106.80000000000001             4433        1547        4462
   107.00000000000000             4432        1550        4460
   107.20000000000000             4432        1551        4459
   107.40000000000001             4432        1552        4458
   107.60000000000001             4432        1555        4455
   107.80000000000001             4432        1551        4459
   108.00000000000000             4431        1554        4457
   108.20000000000000             4433        1551        4458
   108.40000000000001             4432        1549        4461
   108.60000000000001             4430        1549        4463
   108.80000000000001             4430        1551        4461
   109.00000000000000             4430        1552        4460
   109.20000000000000             4431        1551        4460
   109.40000000000001             4430        1552        4460
   109.60000000000001             4431        1550        4461
   109.80000000000001             4431        1551        4460
   110.00000000000000             4430        1556        4456
   110.20000000000000             4429        1555        4458
   110.40000000000001             4430        1549        4463
   110.60000000000001             4431        1551        4460
   110.80000000000001             4427        1552        4463
   111.00000000000000             4429        1553        4460
   111.20000000000000             4432        1550        4460
   111.40000000000001             4431        1553        4458
   111.60000000000001             4432        1553        4457
   111.80000000000001             4428        1556        4458
   112.00000000000000             4428        1555        4459
   112.20000000000000             4430        1551        4461
   112.40000000000001             4430        1549        4463
   112.60000000000001             4429        1551        4462
   112.80000000000001             4429        1554        4459
   113.00000000000000             4427        1558        4457
   113.20000000000000             4429        1560        4453
   113.40000000000001             4426        1561        4455
   113.60000000000001             4428        1555        4459
   113.80000000000001             4429        1558        4455
   114.00000000000000             4427        1559        4456
   114.20000000000000             4430        1556        4456
   114.40000000000001             4431        1554        4457
   114.60000000000001             4430        1555        4457
   114.80000000000001             4429        1556        4457
   115.00000000000000             4428        1555        4459
   115.20000000000000             4430        1553        4459
   115.40000000000001             4430        1551        4461
   115.60000000000001             4428        1553        4461
   115.80000000000001             4431        1552        4459
   116.00000000000000             4428        1554        4460
   116.20000000000000             4430        1550        4462
   116.40000000000001             4431        1552        4459
   116.60000000000001             4430        1552        4460
   116.80000000000001             4425        1554        4463
   117.00000000000000             4428        1552        4462
   117.20000000000000             4428        1554        4460
   117.40000000000001             4426        1557        4459
   117.60000000000001             4427        1554        4461
   117.80000000000001             4428        1554        4460
   118.00000000000000             4426        1555        4461
   118.20000000000000             4428        1553        4461
   118.40000000000001             4427        1556        4459
   118.60000000000001             4428        1555        4459
   118.80000000000001             4425        1558        4459
   119.00000000000000             4426        1557        4459
   119.20000000000000             4428        1555        4459
   119.40000000000001             4426        1558        4458
   119.60000000000001             4427        1558        4457
   119.80000000000001             4427        1556        4459
   120.00000000000000             4426        1557        4459
   120.20000000000000             4427        1555        4460
   120.40000000000001             4425        1556        4461
   120.60000000000001             4425        1554        4463
   120.80000000000001             4427        1550        4465
   121.00000000000000             4425        1554        4463
   121.20000000000000             4426        1553        4463
   121.40000000000001             4427        1555        4460
   121.60000000000001             4424        1558        4460
   121.80000000000001             4425        1557        4460
   122.00000000000000             4426        1556        4460
   122.20000000000000             4426        1555        4461
   122.40000000000001             4427        1556        4459
   122.60000000000001             4427        1555        4460
   122.80000000000001             4430        1549        4463
   123.00000000000000             4431        1548        4463
   123.20000000000000             4429        1549        4464
   123.40000000000001             4429        1549        4464
   123.60000000000001             4425        1555        4462
   123.80000000000001             4428        1552        4462
   124.00000000000000             4429        1552        4461
   124.20000000000000             4430        1552        4460
   124.40000000000001             4429        1553        4460
   124.60000000000001             4430        1550        4462
   124.80000000000001             4430        1551        4461
   125.00000000000000             4429        1554        4459
   125.20000000000000             4428        1555        4459
   125.40000000000001             4422        1559        4461
   125.60000000000001             4423        1558        4461
   125.80000000000001             4425        1559        4458
   126.00000000000000             4424        1558        4460
   126.20000000000000             4426        1556        4460
   126.40000000000001             4425        1558        4459
   126.60000000000001             4424        1559        4459
   126.80000000000001             4423        1560        4459
   127.00000000000000             4423        1560        4459
   127.20000000000000             4424        1560        4458
   127.40000000000001             4424        1558        4460
   127.60000000000001             4426        1557        4459
   127.80000000000001             4426        1557        4459
   128.00000000000000             4425        1558        4459
   128.20000000000002             4424        1560        4458
   128.40000000000001             4424        1560        4458
   128.59999999999999             4427        1558        4457
   128.80000000000001             4426        1557        4459
   129.00000000000000             4426        1558        4458
   129.20000000000002             4427        1558        4457
   129.40000000000001             4428        1557        4457
   129.59999999999999             4428        1558        4456
   129.80000000000001             4428        1557        4457
   130.00000000000000             4425        1558        4459
   130.20000000000002             4428        1555        4459
   130.40000000000001             4429        1553        4460
   130.59999999999999             4432        1549        4461
   130.80000000000001             4431        1553        4458
   131.00000000000000             4427        1555        4460
   131.20000000000002             4431        1552        4459
   131.40000000000001             4430        1556        4456
   131.59999999999999             4429        1557        4456
   131.80000000000001             4424        1559        4459
   132.00000000000000             4426        1558        4458
   132.20000000000002             4427        1556        4459
   132.40000000000001             4426        1557        4459
   132.59999999999999             4428        1556        4458
   132.80000000000001             4429        1556        4457
   133.00000000000000             4428        1558        4456
   133.20000000000002             4430        1555        4457
   133.40000000000001             4431        1554        4457
   133.59999999999999             4429        1558        4455
   133.80000000000001             4426        1559        4457
   134.00000000000000             4428        1556        4458
   134.20000000000002             4431        1552        4459
   134.40000000000001             4429        1554        4459
   134.59999999999999             4429        1555        4458
   134.80000000000001             4427        1558        4457
   135.00000000000000             4425        1560        4457
   135.20000000000002             4426        1556        4460
   135.40000000000001             4428        1554        4460
   135.59999999999999             4427        1556        4459
   135.80000000000001             4429        1555        4458
   136.00000000000000             4427        1554        4461
   136.20000000000002             4426        1557        4459
   136.40000000000001             4425        1560        4457
   136.59999999999999             4426        1557        4459
   136.80000000000001             4427        1558        4457
   137.00000000000000             4427        1556        4459
   137.20000000000002             4424        1559        4459
   137.40000000000001             4426        1556        4460
   137.59999999999999             4426        1558        4458
   137.80000000000001             4425        1558        4459
   138.00000000000000             4428        1554        4460
   138.20000000000002             4429        1554        4459
   138.40000000000001             4425        1558        4459
   138.59999999999999             4425        1556        4461
   138.80000000000001             4424        1558        4460
   139.00000000000000             4425        1557        4460
   139.20000000000002             4425        1559        4458
   139.40000000000001             4430        1553        4459
   139.59999999999999             4425        1553        4464
   139.80000000000001             4426        1555        4461
   140.00000000000000             4422        1561        4459
   140.20000000000002             4425        1557        4460
   140.40000000000001             4423        1558        4461
   140.59999999999999             4424        1557        4461
   140.80000000000001             4426        1556        4460
   141.00000000000000             4425        1560        4457
   141.20000000000002             4427        1556        4459
   141.40000000000001             4428        1556        4458
   141.59999999999999             4429        1554        4459
   141.80000000000001             4427        1555        4460
   142.00000000000000             4428        1555        4459
   142.20000000000002             4428        1555        4459
   142.40000000000001             4428        1554        4460
   142.59999999999999             4428        1555        4459
   142.80000000000001             4429        1555        4458
   143.00000000000000             4425        1558        4459
   143.20000000000002             4428        1557        4457
   143.40000000000001             4427        1557        4458
   143.59999999999999             4426        1555        4461
   143.80000000000001             4431        1549        4462
   144.00000000000000             4431        1549        4462
   144.20000000000002             4431        1551        4460
   144.40000000000001             4427        1553        4462
   144.59999999999999             4427        1552        4463
   144.80000000000001             4426        1556        4460
   145.00000000000000             4428        1557        4457
   145.20000000000002             4429        1554        4459
   145.40000000000001             4426        1555        4461
   145.59999999999999             4427        1555        4460
   145.80000000000001             4428        1551        4463
   146.00000000000000             4427        1551        4464
   146.20000000000002             4423        1560        4459
   146.40000000000001             4424        1559        4459
   146.59999999999999             4426        1555        4461
   146.80000000000001             4424        1557        4461
   147.00000000000000             4428        1556        4458
   147.20000000000002             4426        1556        4460
   147.40000000000001             4425        1556        4461
   147.59999999999999             4426        1555        4461
   147.80000000000001             4428        1553        4461
   148.00000000000000             4427        1553        4462
   148.20000000000002             4428        1554        4460
   148.40000000000001             4428        1554        4460
   148.59999999999999             4425        1557        4460
   148.80000000000001             4425        1556        4461
   149.00000000000000             4430        1554        4458
   149.20000000000002             4429        1555        4458
   149.40000000000001             4429        1556        4457
   149.59999999999999             4427        1559        4456
   149.80000000000001             4428        1556        4458
   150.00000000000000             4428        1558        4456
   150.20000000000002             4426        1556        4460
   150.40000000000001             4426        1556        4460
   150.59999999999999             4425        1557        4460
   150.80000000000001             4422        1561        4459
   151.00000000000000             4430        1553        4459
   151.20000000000002             4427        1558        4457
   151.40000000000001             4426        1556        4460
   151.59999999999999             4426        1558        4458
   151.80000000000001             4427        1558        4457
   152.00000000000000             4429        1554        4459
   152.20000000000002             4429        1556        4457
   152.40000000000001             4431        1550        4461
   152.59999999999999             4430        1552        4460
   152.80000000000001             4428        1552        4462
   153.00000000000000             4432        1549        4461
   153.20000000000002             4432        1552        4458
   153.40000000000001             4429        1552        4461
   153.60000000000002             4428        1550        4464
   153.80000000000001             4429        1552        4461
   154.00000000000000             4430        1552        4460
   154.20000000000002             4429        1553        4460
   154.40000000000001             4427        1556        4459
   154.60000000000002             4431        1552        4459
   154.80000000000001             4430        1556        4456
   155.00000000000000             4428        1554        4460
   155.20000000000002             4428        1554        4460
   155.40000000000001             4428        1554        4460
   155.60000000000002             4428        1554        4460
   155.80000000000001             4430        1550        4462
   156.00000000000000             4426        1553        4463
   156.20000000000002             4430        1548        4464
   156.40000000000001             4427        1552        4463
   156.60000000000002             4430        1554        4458
   156.80000000000001             4429        1554        4459
   157.00000000000000             4431        1552        4459
   157.20000000000002             4428        1556        4458
   157.40000000000001             4428        1555        4459
   157.60000000000002             4429        1553        4460
   157.80000000000001             4428        1555        4459
   158.00000000000000             4429        1554        4459
   158.20000000000002             4426        1556        4460
   158.40000000000001             4428        1554        4460
   158.60000000000002             4428        1554        4460
   158.80000000000001             4429        1552        4461
   159.00000000000000             4428        1554        4460
   159.20000000000002             4429        1553        4460
   159.40000000000001             4432        1551        4459
   159.60000000000002             4427        1557        4458
   159.80000000000001             4430        1555        4457
   160.00000000000000             4427        1557        4458
   160.20000000000002             4427        1556        4459
   160.40000000000001             4429        1553        4460
   160.60000000000002             4428        1555        4459
   160.80000000000001             4431        1551        4460
   161.00000000000000             4429        1557        4456
   161.20000000000002             4427        1560        4455
   161.40000000000001             4430        1554        4458
   161.60000000000002             4429        1555        4458
   161.80000000000001             4427        1555        4460
   162.00000000000000             4428        1554        4460
   162.20000000000002             4428        1552        4462
   162.40000000000001             4427        1551        4464
   162.60000000000002             4428        1550        4464
   162.80000000000001             4427        1556        4459
   163.00000000000000             4428        1553        4461
   163.20000000000002             4428        1558        4456
   163.40000000000001             4429        1556        4457
   163.60000000000002             4430        1554        4458
   163.80000000000001             4428        1556        4458
   164.00000000000000             4430        1552        4460
   164.20000000000002             4427        1555        4460
   164.40000000000001             4429        1555        4458
   164.60000000000002             4429        1553        4460
   164.80000000000001             4429        1552        4461
   165.00000000000000             4427        1553        4462
   165.20000000000002             4429        1552        4461
   165.40000000000001             4427        1554        4461
   165.60000000000002             4426        1554        4462
   165.80000000000001             4429        1553        4460
   166.00000000000000             4428        1554        4460
   166.20000000000002             4430        1551        4461
   166.40000000000001             4430        1549        4463
   166.60000000000002             4428        1550        4464
   166.80000000000001             4428        1552        4462
   167.00000000000000             4429        1552        4461
   167.20000000000002             4429        1550        4463
   167.40000000000001             4431        1547        4464
   167.60000000000002             4429        1553        4460
   167.80000000000001             4431        1552        4459
   168.00000000000000             4429        1554        4459
   168.20000000000002             4428        1554        4460
   168.40000000000001             4431        1548        4463
   168.60000000000002             4426        1556        4460
   168.80000000000001             4427        1555        4460
   169.00000000000000             4428        1554        4460
   169.20000000000002             4427        1553        4462
   169.40000000000001             4430        1550        4462
   169.60000000000002             4429        1552        4461
   169.80000000000001             4430        1550        4462
   170.00000000000000             4430        1546        4466
   170.20000000000002             4428        1548        4466
   170.40000000000001             4428        1551        4463
   170.60000000000002             4426        1553        4463
   170.80000000000001             4429        1551        4462
   171.00000000000000             4427        1555        4460
   171.20000000000002             4426        1555        4461
   171.40000000000001             4424        1559        4459
   171.60000000000002             4426        1559        4457
   171.80000000000001             4431        1550        4461
   172.00000000000000             4429        1550        4463
   172.20000000000002             4428        1552        4462
   172.40000000000001             4430        1551        4461
   172.60000000000002             4428        1554        4460
   172.80000000000001             4427        1555        4460
   173.00000000000000             4429        1555        4458
   173.20000000000002             4430        1553        4459
   173.40000000000001             4430        1553        4459
   173.60000000000002             4430        1558        4454
   173.80000000000001             4427        1559        4456
   174.00000000000000             4427        1558        4457
   174.20000000000002             4429        1556        4457
   174.40000000000001             4428        1555        4459
   174.60000000000002             4429        1553        4460
   174.80000000000001             4426        1557        4459
   175.00000000000000             4427        1558        4457
   175.20000000000002             4429        1557        4456
   175.40000000000001             4427        1559        4456
   175.60000000000002             4431        1553        4458
   175.80000000000001             4430        1551        4461
   176.00000000000000             4430        1552        4460
   176.20000000000002             4431        1550        4461
   176.40000000000001             4429        1550        4463
   176.60000000000002             4430        1552        4460
   176.80000000000001             4429        1551        4462
   177.00000000000000             4428        1554        4460
   177.20000000000002             4428        1554        4460
   177.40000000000001             4426        1556        4460
   177.60000000000002             4428        1554        4460
   177.80000000000001             4429        1554        4459
   178.00000000000000             4430        1550        4462
   178.20000000000002             4431        1551        4460
   178.40000000000001             4432        1548        4462
   178.60000000000002             4428        1552        4462
   178.80000000000001             4429        1553        4460
   179.00000000000000             4428        1553        4461
   179.20000000000002             4427        1553        4462
   179.40000000000001             4426        1554        4462
   179.60000000000002             4425        1558        4459
   179.80000000000001             4428        1556        4458
   180.00000000000000             4428        1553        4461
   180.20000000000002             4427        1556        4459
   180.40000000000001             4425        1557        4460
   180.60000000000002             4425        1559        4458
   180.80000000000001             4426        1559        4457
   181.00000000000000             4426        1559        4457
   181.20000000000002             4426        1557        4459
   181.40000000000001             4425        1559        4458
   181.60000000000002             4427        1558        4457
   181.80000000000001             4429        1552        4461
   182.00000000000000             4427        1555        4460
   182.20000000000002             4428        1551        4463
   182.40000000000001             4427        1554        4461
   182.60000000000002             4426        1552        4464
   182.80000000000001             4427        1553        4462
   183.00000000000000             4426        1555        4461
   183.20000000000002             4426        1555        4461
   183.40000000000001             4427        1558        4457
   183.60000000000002             4424        1559        4459
   183.80000000000001             4424        1559        4459
   184.00000000000000             4426        1558        4458
   184.20000000000002             4428        1553        4461
   184.40000000000001             4428        1552        4462
   184.60000000000002             4425        1557        4460
   184.80000000000001             4427        1556        4459
   185.00000000000000             4426        1557        4459
   185.20000000000002             4427        1555        4460
   185.40000000000001             4425        1556        4461
   185.60000000000002             4424        1556        4462
   185.80000000000001             4427        1558        4457
   186.00000000000000             4426        1558        4458
   186.20000000000002             4429        1554        4459
   186.40000000000001             4429        1555        4458
   186.60000000000002             4427        1556        4459
   186.80000000000001             4428        1555        4459
   187.00000000000000             4426        1555        4461
   187.20000000000002             4424        1554        4464
   187.40000000000001             4425        1552        4465
   187.60000000000002             4423        1555        4464
   187.80000000000001             4426        1555        4461
   188.00000000000000             4426        1555        4461
   188.20000000000002             4425        1555        4462
   188.40000000000001             4424        1556        4462
   188.60000000000002             4425        1554        4463
   188.80000000000001             4425        1557        4460
   189.00000000000000             4424        1557        4461
   189.20000000000002             4427        1555        4460
   189.40000000000001             4428        1554        4460
   189.60000000000002             4425        1558        4459
   189.80000000000001             4427        1553        4462
   190.00000000000000             4428        1552        4462
   190.20000000000002             4427        1555        4460
   190.40000000000001             4428        1555        4459
   190.60000000000002             4427        1555        4460
   190.80000000000001             4426        1555        4461
   191.00000000000000             4426        1554        4462
   191.20000000000002             4427        1553        4462
   191.40000000000001             4426        1556        4460
   191.60000000000002             4426        1556        4460
   191.80000000000001             4428        1554        4460
   192.00000000000000             4424        1562        4456
   192.20000000000002             4428        1561        4453
   192.40000000000001             4426        1562        4454
   192.60000000000002             4428        1560        4454
   192.80000000000001             4426        1559        4457
   193.00000000000000             4429        1556        4457
   193.20000000000002             4428        1555        4459
   193.40000000000001             4427        1558        4457
   193.60000000000002             4425        1563        4454
   193.80000000000001             4424        1563        4455
   194.00000000000000             4425        1562        4455
   194.20000000000002             4427        1561        4454
   194.40000000000001             4429        1557        4456
   194.60000000000002             4424        1560        4458
   194.80000000000001             4426        1556        4460
   195.00000000000000             4425        1559        4458
   195.20000000000002             4426        1558        4458
   195.40000000000001             4426        1554        4462
   195.60000000000002             4426        1556        4460
   195.80000000000001             4425        1556        4461
   196.00000000000000             4424        1558        4460
   196.20000000000002             4422        1559        4461
   196.40000000000001             4424        1559        4459
   196.60000000000002             4422        1562        4458
   196.80000000000001             4422        1560        4460
   197.00000000000000             4423        1563        4456
   197.20000000000002             4421        1561        4460
   197.40000000000001             4422        1563        4457
   197.60000000000002             4422        1566        4454
   197.80000000000001             4423        1564        4455
   198.00000000000000             4422        1562        4458
   198.20000000000002             4420        1565        4457
   198.40000000000001             4422        1562        4458
   198.60000000000002             4420        1564        4458
   198.80000000000001             4422        1564        4456
   199.00000000000000             4424        1562        4456
   199.20000000000002             4422        1561        4459
   199.40000000000001             4423        1561        4458
   199.60000000000002             4425        1558        4459
   199.80000000000001             4424        1557        4461
   200.00000000000000             4425        1560        4457
