# Ion number density
# The last    3 ion types are fixed
# Average over 444877 steps
# z (au)        total        A            Im1          Im2          Im3          N            C            Me           C1           C2           P
0.297445870 0.049345658 0.000000000 0.000000000 0.000000000 0.000000000 0.000000000 0.000000000 0.000000000 0.000000000 0.000000000 0.049345658
0.892337611 0.000000000 0.000000000 0.000000000 0.000000000 0.000000000 0.000000000 0.000000000 0.000000000 0.000000000 0.000000000 0.000000000
1.487229352 0.000000000 0.000000000 0.000000000 0.000000000 0.000000000 0.000000000 0.000000000 0.000000000 0.000000000 0.000000000 0.000000000
2.082121093 0.000000000 0.000000000 0.000000000 0.000000000 0.000000000 0.000000000 0.000000000 0.000000000 0.000000000 0.000000000 0.000000000
2.677012834 0.000000000 0.000000000 0.000000000 0.000000000 0.000000000 0.000000000 0.000000000 0.000000000 0.000000000 0.000000000 0.000000000
3.271904575 0.000000000 0.000000000 0.000000000 0.000000000 0.000000000 0.000000000 0.000000000 0.000000000 0.000000000 0.000000000 0.000000000
3.866796316 0.001727098 0.000000000 0.000000000 0.000000000 0.000000000 0.000000000 0.000000000 0.000000000 0.001727098 0.000000000 0.000000000
4.461688056 0.009623150 0.000000000 0.000000000 0.000000036 0.000000000 0.000000712 0.000000000 0.000000000 0.009622403 0.000000000 0.000000000
5.056579797 0.008666653 0.000000000 0.000000000 0.000002873 0.000000000 0.000027582 0.000000026 0.000000681 0.008635490 0.000000000 0.000000000
5.651471538 0.009673073 0.000000000 0.000000000 0.000031925 0.000000802 0.000208049 0.000025566 0.000031056 0.009375675 0.000000000 0.000000000
6.246363279 0.010326522 0.000001808 0.000000847 0.000095596 0.000028793 0.000449148 0.000359451 0.000261932 0.009128947 0.000000000 0.000000000
6.841255020 0.013159320 0.000062153 0.000020236 0.000115304 0.000147955 0.000350157 0.000397346 0.000469939 0.011596230 0.000000000 0.000000000
7.436146761 0.010580813 0.000161001 0.000052156 0.000077172 0.000224006 0.000221000 0.000361750 0.000354782 0.009128947 0.000000000 0.000000000
8.031038502 0.010254829 0.000069294 0.000069728 0.000031786 0.000180525 0.000174118 0.000304282 0.000296149 0.009128947 0.000000000 0.000000000
8.625930242 0.008972627 0.000026889 0.000085882 0.000010612 0.000108929 0.000152541 0.000231476 0.000214265 0.008142034 0.000000000 0.000000000
9.220821983 0.011575535 0.000026923 0.000082479 0.000006111 0.000057295 0.000200814 0.000166951 0.000178918 0.010856045 0.000000000 0.000000000
9.815713724 0.007840944 0.000032038 0.000048858 0.000005040 0.000044460 0.000223001 0.000148006 0.000184420 0.007155120 0.000000000 0.000000000
10.410605465 0.008566359 0.000035829 0.000037327 0.000006330 0.000070010 0.000158409 0.000166226 0.000196922 0.007895305 0.000000000 0.000000000
11.005497206 0.008599027 0.000039397 0.000065822 0.000008335 0.000111955 0.000108116 0.000164736 0.000205361 0.007895305 0.000000000 0.000000000
11.600388947 0.007626190 0.000037207 0.000110409 0.000016154 0.000104663 0.000111079 0.000159075 0.000179211 0.006908392 0.000000000 0.000000000
12.195280688 0.011011548 0.000042116 0.000124898 0.000029586 0.000050746 0.000130286 0.000145336 0.000125992 0.010362588 0.000000000 0.000000000
12.790172429 0.010543504 0.000119382 0.000122837 0.000043766 0.000023306 0.000154331 0.000104392 0.000106357 0.009869132 0.000000000 0.000000000
13.385064169 0.009908511 0.000249008 0.000092448 0.000056344 0.000014612 0.000167734 0.000088740 0.000110677 0.009128947 0.000000000 0.000000000
13.979955910 0.009472389 0.000301971 0.000056909 0.000072881 0.000018255 0.000174833 0.000102055 0.000109996 0.008635490 0.000000000 0.000000000
14.574847651 0.007292015 0.000262637 0.000060199 0.000122788 0.000052908 0.000158739 0.000128073 0.000091735 0.006414936 0.000000000 0.000000000
15.169739392 0.007937065 0.000171035 0.000141918 0.000193556 0.000114692 0.000158913 0.000166904 0.000081654 0.006908392 0.000000000 0.000000000
15.764631133 0.010540280 0.000072001 0.000261278 0.000196484 0.000160490 0.000179292 0.000189565 0.000105494 0.009375675 0.000000000 0.000000000
16.359522874 0.009530520 0.000027474 0.000208028 0.000164294 0.000147796 0.000214421 0.000215798 0.000163947 0.008388762 0.000000000 0.000000000
16.954414615 0.008570427 0.000020395 0.000192169 0.000132012 0.000125306 0.000233996 0.000229906 0.000234794 0.007401849 0.000000000 0.000000000
17.549306355 0.006629276 0.000068053 0.000177979 0.000131644 0.000111722 0.000220116 0.000215846 0.000275893 0.005428022 0.000000000 0.000000000
18.144198096 0.009887052 0.000172822 0.000130467 0.000174948 0.000099667 0.000185821 0.000194073 0.000293765 0.008635490 0.000000000 0.000000000
18.739089837 0.007870637 0.000192690 0.000181624 0.000305535 0.000092088 0.000176354 0.000180793 0.000326617 0.006414936 0.000000000 0.000000000
19.333981578 0.009649810 0.000150356 0.000137327 0.000361685 0.000078656 0.000184792 0.000218362 0.000376599 0.008142034 0.000000000 0.000000000
19.928873319 0.006386776 0.000137568 0.000067588 0.000265519 0.000056830 0.000212623 0.000324280 0.000387802 0.004934566 0.000000000 0.000000000
20.523765060 0.009062367 0.000128430 0.000039148 0.000189172 0.000048337 0.000251687 0.000395812 0.000361204 0.007648577 0.000000000 0.000000000
21.118656801 0.008549504 0.000161481 0.000034309 0.000169220 0.000061150 0.000275708 0.000326728 0.000365787 0.007155120 0.000000000 0.000000000
21.713548541 0.006406700 0.000243896 0.000034939 0.000151599 0.000131137 0.000238593 0.000303442 0.000368529 0.004934566 0.000000000 0.000000000
22.308440282 0.007993787 0.000277613 0.000049578 0.000129998 0.000252819 0.000215366 0.000334074 0.000319404 0.006414936 0.000000000 0.000000000
22.903332023 0.006829221 0.000240373 0.000108564 0.000126285 0.000320801 0.000264378 0.000364013 0.000223513 0.005181294 0.000000000 0.000000000
23.498223764 0.009787791 0.000244511 0.000224202 0.000127915 0.000292081 0.000335123 0.000259132 0.000162793 0.008142034 0.000000000 0.000000000
24.093115505 0.005123031 0.000212174 0.000247417 0.000115145 0.000190677 0.000332005 0.000192372 0.000132317 0.003700924 0.000000000 0.000000000
24.688007246 0.009522512 0.000114680 0.000231892 0.000099374 0.000128296 0.000274564 0.000154616 0.000130327 0.008388762 0.000000000 0.000000000
25.282898987 0.008675733 0.000064734 0.000238160 0.000075218 0.000111393 0.000256037 0.000147723 0.000133892 0.007648577 0.000000000 0.000000000
25.877790727 0.007221886 0.000086406 0.000234705 0.000066584 0.000120905 0.000242432 0.000163969 0.000138677 0.006168207 0.000000000 0.000000000
26.472682468 0.008272823 0.000149251 0.000195061 0.000074036 0.000145515 0.000227247 0.000178045 0.000148548 0.007155120 0.000000000 0.000000000
27.067574209 0.008658489 0.000183081 0.000178846 0.000156525 0.000167223 0.000216524 0.000183228 0.000171213 0.007401849 0.000000000 0.000000000
27.662465950 0.006808799 0.000147764 0.000251275 0.000197169 0.000169312 0.000227980 0.000199092 0.000188183 0.005428022 0.000000000 0.000000000
28.257357691 0.006036730 0.000104338 0.000210045 0.000166623 0.000198397 0.000237619 0.000230375 0.000201493 0.004687838 0.000000000 0.000000000
28.852249432 0.008612965 0.000128801 0.000156928 0.000170385 0.000251968 0.000241171 0.000266275 0.000242317 0.007155120 0.000000000 0.000000000
29.447141173 0.007238424 0.000176347 0.000137693 0.000194580 0.000280896 0.000235748 0.000265958 0.000272453 0.005674751 0.000000000 0.000000000
30.042032913 0.005909558 0.000231850 0.000152055 0.000234568 0.000252703 0.000250182 0.000303608 0.000290210 0.004194381 0.000000000 0.000000000
30.636924654 0.007138550 0.000250733 0.000175223 0.000249180 0.000191870 0.000286399 0.000286901 0.000270221 0.005428022 0.000000000 0.000000000
31.231816395 0.008254204 0.000238303 0.000170908 0.000218567 0.000157499 0.000290000 0.000272154 0.000245110 0.006661664 0.000000000 0.000000000
31.826708136 0.005986676 0.000218755 0.000151559 0.000174129 0.000177484 0.000322375 0.000269713 0.000231552 0.004441109 0.000000000 0.000000000
32.421599877 0.007277657 0.000200431 0.000168215 0.000153354 0.000196786 0.000365060 0.000268823 0.000250238 0.005674751 0.000000000 0.000000000
33.016491618 0.006816074 0.000199905 0.000160778 0.000144674 0.000227542 0.000330790 0.000272098 0.000298992 0.005181294 0.000000000 0.000000000
33.611383359 0.007872191 0.000215018 0.000143266 0.000140084 0.000318651 0.000289484 0.000285618 0.000311864 0.006168207 0.000000000 0.000000000
34.206275099 0.004917208 0.000201277 0.000150730 0.000141306 0.000360600 0.000254369 0.000306439 0.000295020 0.003207468 0.000000000 0.000000000
34.801166840 0.007090744 0.000197432 0.000181351 0.000150996 0.000289997 0.000250377 0.000311593 0.000280974 0.005428022 0.000000000 0.000000000
35.396058581 0.008235088 0.000206071 0.000214543 0.000160342 0.000171131 0.000244924 0.000309706 0.000266706 0.006661664 0.000000000 0.000000000
35.990950322 0.006722658 0.000197168 0.000225252 0.000151223 0.000117090 0.000250431 0.000287316 0.000312883 0.005181294 0.000000000 0.000000000
36.585842063 0.006235695 0.000137711 0.000205278 0.000152883 0.000106274 0.000287783 0.000273611 0.000384318 0.004687838 0.000000000 0.000000000
37.180733804 0.008628989 0.000110128 0.000230421 0.000152630 0.000108978 0.000360711 0.000321555 0.000436175 0.006908392 0.000000000 0.000000000
37.775625545 0.008035421 0.000110866 0.000269687 0.000156407 0.000129028 0.000402272 0.000395985 0.000402970 0.006168207 0.000000000 0.000000000
38.370517286 0.008813839 0.000130140 0.000295835 0.000161148 0.000147019 0.000372263 0.000420581 0.000378459 0.006908392 0.000000000 0.000000000
38.965409026 0.007286602 0.000181247 0.000217974 0.000173246 0.000141101 0.000356316 0.000393729 0.000394968 0.005428022 0.000000000 0.000000000
39.560300767 0.004480568 0.000167379 0.000148124 0.000183067 0.000140563 0.000344688 0.000386774 0.000395962 0.002714011 0.000000000 0.000000000
40.155192508 0.008410965 0.000181766 0.000107239 0.000195740 0.000129802 0.000351142 0.000390849 0.000392763 0.006661664 0.000000000 0.000000000
40.750084249 0.005704713 0.000208298 0.000094940 0.000207230 0.000102820 0.000363309 0.000384456 0.000396008 0.003947653 0.000000000 0.000000000
41.344975990 0.008878418 0.000250844 0.000086714 0.000193820 0.000074377 0.000366696 0.000374307 0.000376540 0.007155120 0.000000000 0.000000000
41.939867731 0.006364031 0.000242907 0.000070428 0.000181095 0.000066442 0.000354635 0.000375566 0.000385122 0.004687838 0.000000000 0.000000000
42.534759472 0.008281323 0.000195643 0.000067277 0.000185040 0.000065331 0.000360076 0.000349898 0.000396395 0.006661664 0.000000000 0.000000000
43.129651212 0.005049488 0.000143756 0.000067325 0.000166768 0.000059965 0.000393961 0.000369149 0.000394367 0.003454196 0.000000000 0.000000000
43.724542953 0.007278571 0.000120894 0.000058605 0.000124457 0.000064027 0.000418555 0.000419970 0.000397312 0.005674751 0.000000000 0.000000000
44.319434694 0.005534170 0.000118449 0.000067783 0.000095651 0.000075584 0.000404470 0.000409406 0.000415174 0.003947653 0.000000000 0.000000000
44.914326435 0.005451540 0.000128841 0.000081946 0.000085495 0.000092189 0.000368885 0.000358763 0.000387768 0.003947653 0.000000000 0.000000000
45.509218176 0.007425786 0.000153329 0.000089137 0.000082926 0.000108599 0.000343918 0.000361514 0.000364886 0.005921479 0.000000000 0.000000000
46.104109917 0.007985714 0.000155938 0.000092684 0.000080833 0.000119727 0.000341673 0.000389752 0.000390171 0.006414936 0.000000000 0.000000000
46.699001658 0.008438510 0.000117220 0.000085535 0.000074057 0.000113778 0.000351183 0.000377075 0.000411269 0.006908392 0.000000000 0.000000000
47.293893398 0.005588547 0.000066648 0.000081157 0.000067189 0.000097198 0.000356377 0.000335704 0.000389892 0.004194381 0.000000000 0.000000000
47.888785139 0.006453831 0.000045354 0.000069721 0.000064461 0.000094996 0.000342392 0.000297840 0.000357772 0.005181294 0.000000000 0.000000000
48.483676880 0.008630335 0.000049551 0.000066815 0.000065734 0.000101002 0.000320136 0.000298752 0.000326496 0.007401849 0.000000000 0.000000000
49.078568621 0.006734756 0.000061115 0.000080438 0.000072834 0.000105066 0.000332650 0.000335448 0.000319184 0.005428022 0.000000000 0.000000000
49.673460362 0.007124781 0.000068398 0.000098500 0.000085067 0.000118563 0.000362655 0.000377787 0.000339060 0.005674751 0.000000000 0.000000000
50.268352103 0.005352219 0.000073113 0.000117776 0.000094584 0.000118968 0.000427313 0.000463950 0.000355590 0.003700924 0.000000000 0.000000000
50.863243844 0.009447316 0.000076162 0.000133750 0.000098807 0.000130548 0.000498942 0.000533248 0.000327282 0.007648577 0.000000000 0.000000000
51.458135584 0.006679035 0.000072446 0.000128390 0.000119720 0.000149619 0.000517255 0.000413857 0.000343183 0.004934566 0.000000000 0.000000000
52.053027325 0.007163732 0.000066950 0.000136018 0.000146150 0.000199906 0.000479736 0.000385440 0.000321509 0.005428022 0.000000000 0.000000000
52.647919066 0.008819341 0.000075957 0.000151322 0.000173916 0.000201493 0.000432623 0.000348770 0.000280138 0.007155120 0.000000000 0.000000000
53.242810807 0.006866859 0.000083268 0.000159944 0.000169366 0.000151046 0.000338073 0.000275710 0.000261430 0.005428022 0.000000000 0.000000000
53.837702548 0.007213381 0.000096891 0.000152247 0.000147639 0.000120794 0.000259746 0.000264969 0.000249616 0.005921479 0.000000000 0.000000000
54.432594289 0.011600025 0.000106018 0.000144852 0.000138793 0.000106278 0.000237574 0.000251393 0.000252529 0.010362588 0.000000000 0.000000000
55.027486030 0.010102048 0.000117351 0.000140879 0.000122086 0.000098266 0.000239000 0.000250977 0.000251270 0.008882219 0.000000000 0.000000000
55.622377770 0.007629072 0.000117594 0.000145446 0.000113961 0.000101964 0.000237515 0.000236989 0.000260668 0.006414936 0.000000000 0.000000000
56.217269511 0.009119405 0.000109738 0.000172595 0.000106252 0.000095494 0.000238182 0.000231163 0.000270676 0.007895305 0.000000000 0.000000000
56.812161252 0.011813745 0.000110679 0.000169180 0.000099688 0.000072851 0.000256244 0.000225010 0.000270777 0.010609317 0.000000000 0.000000000
57.407052993 0.009385012 0.000137169 0.000139437 0.000107399 0.000056847 0.000298216 0.000239246 0.000264665 0.008142034 0.000000000 0.000000000
58.001944734 0.009316620 0.000186619 0.000094865 0.000124080 0.000050829 0.000363639 0.000300281 0.000301001 0.007895305 0.000000000 0.000000000
58.596836475 0.007056369 0.000210504 0.000077147 0.000129323 0.000054864 0.000427621 0.000384136 0.000344752 0.005428022 0.000000000 0.000000000
59.191728216 0.010571940 0.000172034 0.000062321 0.000118367 0.000063029 0.000468093 0.000416570 0.000389307 0.008882219 0.000000000 0.000000000
59.786619956 0.008030203 0.000128850 0.000053042 0.000101984 0.000075020 0.000447847 0.000412355 0.000396169 0.006414936 0.000000000 0.000000000
60.381511697 0.006543306 0.000117958 0.000057060 0.000090475 0.000081243 0.000410281 0.000441471 0.000410253 0.004934566 0.000000000 0.000000000
60.976403438 0.009328430 0.000133346 0.000067113 0.000079232 0.000080628 0.000420705 0.000471931 0.000426899 0.007648577 0.000000000 0.000000000
61.571295179 0.007683672 0.000130547 0.000079275 0.000073290 0.000084398 0.000433066 0.000488987 0.000472631 0.005921479 0.000000000 0.000000000
62.166186920 0.009487538 0.000104974 0.000081117 0.000072606 0.000070513 0.000457651 0.000499956 0.000552143 0.007648577 0.000000000 0.000000000
62.761078661 0.008085294 0.000094058 0.000077047 0.000068825 0.000059890 0.000462975 0.000533980 0.000620312 0.006168207 0.000000000 0.000000000
63.355970402 0.011243633 0.000089701 0.000066504 0.000066019 0.000059245 0.000466936 0.000564322 0.000555230 0.009375675 0.000000000 0.000000000
63.950862143 0.009052345 0.000082480 0.000057193 0.000068970 0.000061678 0.000442343 0.000454560 0.000483272 0.007401849 0.000000000 0.000000000
64.545753883 0.005756852 0.000080107 0.000050089 0.000069705 0.000063479 0.000405985 0.000426506 0.000466599 0.004194381 0.000000000 0.000000000
65.140645624 0.007694273 0.000081749 0.000046634 0.000064499 0.000062889 0.000407927 0.000399343 0.000463025 0.006168207 0.000000000 0.000000000
65.735537365 0.008870891 0.000074698 0.000046835 0.000057304 0.000067043 0.000411542 0.000382487 0.000429133 0.007401849 0.000000000 0.000000000
66.330429106 0.007100361 0.000065606 0.000046564 0.000053682 0.000064070 0.000418385 0.000386115 0.000391189 0.005674751 0.000000000 0.000000000
66.925320847 0.008638326 0.000053403 0.000050350 0.000047687 0.000055866 0.000442197 0.000456782 0.000376920 0.007155120 0.000000000 0.000000000
67.520212588 0.009154463 0.000048927 0.000056915 0.000041806 0.000058506 0.000476149 0.000454615 0.000368968 0.007648577 0.000000000 0.000000000
68.115104329 0.010746313 0.000055196 0.000065443 0.000043165 0.000068691 0.000537898 0.000439115 0.000407859 0.009128947 0.000000000 0.000000000
68.709996069 0.007575646 0.000065204 0.000060823 0.000045241 0.000073061 0.000609650 0.000459102 0.000587814 0.005674751 0.000000000 0.000000000
69.304887810 0.008254487 0.000063101 0.000051070 0.000043733 0.000069761 0.000620079 0.000536571 0.000455236 0.006414936 0.000000000 0.000000000
69.899779551 0.008667084 0.000056805 0.000044445 0.000044395 0.000067855 0.000613508 0.000734561 0.000443851 0.006661664 0.000000000 0.000000000
70.494671292 0.007436994 0.000061125 0.000043256 0.000048237 0.000071888 0.000638507 0.000635288 0.000510670 0.005428022 0.000000000 0.000000000
71.089563033 0.008969980 0.000063380 0.000044708 0.000052284 0.000073439 0.000656328 0.000588488 0.000582961 0.006908392 0.000000000 0.000000000
71.684454774 0.011073446 0.000069396 0.000046025 0.000056719 0.000078654 0.000530395 0.000557854 0.000605457 0.009128947 0.000000000 0.000000000
72.279346515 0.005332893 0.000078202 0.000056273 0.000069195 0.000076658 0.000490292 0.000540985 0.000567093 0.003454196 0.000000000 0.000000000
72.874238255 0.008493900 0.000076806 0.000075745 0.000064369 0.000074416 0.000531611 0.000516823 0.000492467 0.006661664 0.000000000 0.000000000
73.469129996 0.007456325 0.000065453 0.000094319 0.000060626 0.000070152 0.000509033 0.000540966 0.000441025 0.005674751 0.000000000 0.000000000
74.064021737 0.009613721 0.000061171 0.000105926 0.000055993 0.000069114 0.000493017 0.000494445 0.000438750 0.007895305 0.000000000 0.000000000
74.658913478 0.007616245 0.000069419 0.000086323 0.000056071 0.000068408 0.000488609 0.000410541 0.000515395 0.005921479 0.000000000 0.000000000
75.253805219 0.010509812 0.000082202 0.000070433 0.000058947 0.000065575 0.000488069 0.000402767 0.000459602 0.008882219 0.000000000 0.000000000
75.848696960 0.008968941 0.000117671 0.000064860 0.000057025 0.000062110 0.000461032 0.000413595 0.000390798 0.007401849 0.000000000 0.000000000
76.443588701 0.008404176 0.000109416 0.000065620 0.000057854 0.000062117 0.000436788 0.000409042 0.000354946 0.006908392 0.000000000 0.000000000
77.038480441 0.006953093 0.000110393 0.000059043 0.000068491 0.000074128 0.000440866 0.000421162 0.000350988 0.005428022 0.000000000 0.000000000
77.633372182 0.009171654 0.000130219 0.000058416 0.000072566 0.000072208 0.000439696 0.000402441 0.000347532 0.007648577 0.000000000 0.000000000
78.228263923 0.006953670 0.000130792 0.000059346 0.000061405 0.000066228 0.000446348 0.000404577 0.000356952 0.005428022 0.000000000 0.000000000
78.823155664 0.011637739 0.000112364 0.000057077 0.000052911 0.000054401 0.000435536 0.000422533 0.000387056 0.010115860 0.000000000 0.000000000
79.418047405 0.007918260 0.000088427 0.000049761 0.000043553 0.000050190 0.000431061 0.000424968 0.000415363 0.006414936 0.000000000 0.000000000
80.012939146 0.009104803 0.000064817 0.000038076 0.000039100 0.000042830 0.000436556 0.000413542 0.000421304 0.007648577 0.000000000 0.000000000
80.607830887 0.009060627 0.000058881 0.000030644 0.000036084 0.000035262 0.000441789 0.000400513 0.000408876 0.007648577 0.000000000 0.000000000
81.202722627 0.011043640 0.000067810 0.000031969 0.000036956 0.000031073 0.000452821 0.000398813 0.000401795 0.009622403 0.000000000 0.000000000
81.797614368 0.007603831 0.000069750 0.000032729 0.000037379 0.000028787 0.000457607 0.000412957 0.000396415 0.006168207 0.000000000 0.000000000
82.392506109 0.008391255 0.000070437 0.000034299 0.000038520 0.000030153 0.000455924 0.000451110 0.000402421 0.006908392 0.000000000 0.000000000
82.987397850 0.008956171 0.000087139 0.000038446 0.000044572 0.000031901 0.000470711 0.000468626 0.000412928 0.007401849 0.000000000 0.000000000
83.582289591 0.010023890 0.000095366 0.000046194 0.000048964 0.000033214 0.000500499 0.000476898 0.000433995 0.008388762 0.000000000 0.000000000
84.177181332 0.009282368 0.000091993 0.000041287 0.000051054 0.000033018 0.000496214 0.000463470 0.000456756 0.007648577 0.000000000 0.000000000
84.772073073 0.010517763 0.000082729 0.000035778 0.000052028 0.000032546 0.000510485 0.000453616 0.000468364 0.008882219 0.000000000 0.000000000
85.366964813 0.010089848 0.000077757 0.000029910 0.000047880 0.000036267 0.000547651 0.000491169 0.000470452 0.008388762 0.000000000 0.000000000
85.961856554 0.005765110 0.000084302 0.000029698 0.000045076 0.000045600 0.000577825 0.000558682 0.000476274 0.003947653 0.000000000 0.000000000
86.556748295 0.001933284 0.000111007 0.000031014 0.000050867 0.000052971 0.000602918 0.000589781 0.000494727 0.000000000 0.000000000 0.000000000
87.151640036 0.002033362 0.000137688 0.000040599 0.000055596 0.000060845 0.000628505 0.000603549 0.000506579 0.000000000 0.000000000 0.000000000
87.746531777 0.002247247 0.000165700 0.000044886 0.000059928 0.000068986 0.000661002 0.000650005 0.000596739 0.000000000 0.000000000 0.000000000
88.341423518 0.002539852 0.000177744 0.000056287 0.000077018 0.000085658 0.000710067 0.000710109 0.000722969 0.000000000 0.000000000 0.000000000
88.936315259 0.002902266 0.000190946 0.000068788 0.000094832 0.000100638 0.000825633 0.000777474 0.000843956 0.000000000 0.000000000 0.000000000
89.531207000 0.003422518 0.000236226 0.000088810 0.000117739 0.000124202 0.001025981 0.000880000 0.000949561 0.000000000 0.000000000 0.000000000
90.126098740 0.004148187 0.000303802 0.000115379 0.000155151 0.000168690 0.001193135 0.001089413 0.001122618 0.000000000 0.000000000 0.000000000
90.720990481 0.004890302 0.000412257 0.000149794 0.000188103 0.000229334 0.001263961 0.001331016 0.001315837 0.000000000 0.000000000 0.000000000
91.315882222 0.005191325 0.000502782 0.000191802 0.000208754 0.000299143 0.001124458 0.001419666 0.001444720 0.000000000 0.000000000 0.000000000
91.910773963 0.004890428 0.000514014 0.000224730 0.000210848 0.000351357 0.000910692 0.001282546 0.001396241 0.000000000 0.000000000 0.000000000
92.505665704 0.004227320 0.000410946 0.000247731 0.000189498 0.000344713 0.000748375 0.001068028 0.001218028 0.000000000 0.000000000 0.000000000
93.100557445 0.003587832 0.000263155 0.000264399 0.000190298 0.000297178 0.000663554 0.000884153 0.001025095 0.000000000 0.000000000 0.000000000
93.695449186 0.003206293 0.000189086 0.000258041 0.000202019 0.000254988 0.000646681 0.000766361 0.000889118 0.000000000 0.000000000 0.000000000
94.290340926 0.003002693 0.000161878 0.000258393 0.000210221 0.000223381 0.000657559 0.000686203 0.000805057 0.000000000 0.000000000 0.000000000
94.885232667 0.002966387 0.000172895 0.000273868 0.000221968 0.000204382 0.000709356 0.000624551 0.000759366 0.000000000 0.000000000 0.000000000
95.480124408 0.003066424 0.000188154 0.000309768 0.000235002 0.000209633 0.000767729 0.000622627 0.000733511 0.000000000 0.000000000 0.000000000
96.075016149 0.003266458 0.000220420 0.000341642 0.000254306 0.000216199 0.000836463 0.000680807 0.000716619 0.000000000 0.000000000 0.000000000
96.669907890 0.003499879 0.000251130 0.000349534 0.000274467 0.000235486 0.000873003 0.000761629 0.000754630 0.000000000 0.000000000 0.000000000
97.264799631 0.003777345 0.000272883 0.000340506 0.000296528 0.000271220 0.000916081 0.000861639 0.000818486 0.000000000 0.000000000 0.000000000
97.859691372 0.003934350 0.000304839 0.000305933 0.000310231 0.000297317 0.000940115 0.000915601 0.000860313 0.000000000 0.000000000 0.000000000
98.454583112 0.004010688 0.000334661 0.000299987 0.000315976 0.000308752 0.000907623 0.000952999 0.000890692 0.000000000 0.000000000 0.000000000
99.049474853 0.003951523 0.000326060 0.000298248 0.000327494 0.000312885 0.000859233 0.000947249 0.000880355 0.000000000 0.000000000 0.000000000
99.644366594 0.003863020 0.000318802 0.000292842 0.000326102 0.000313626 0.000846388 0.000915526 0.000849736 0.000000000 0.000000000 0.000000000
100.239258335 0.003705721 0.000301416 0.000282110 0.000327677 0.000295056 0.000812553 0.000875619 0.000811290 0.000000000 0.000000000 0.000000000
100.834150076 0.003566790 0.000276374 0.000296800 0.000317269 0.000275618 0.000801681 0.000810537 0.000788511 0.000000000 0.000000000 0.000000000
101.429041817 0.003439125 0.000276996 0.000289984 0.000309732 0.000266275 0.000779804 0.000763852 0.000752482 0.000000000 0.000000000 0.000000000
102.023933558 0.003364791 0.000283176 0.000273733 0.000300990 0.000257692 0.000782301 0.000721049 0.000745851 0.000000000 0.000000000 0.000000000
102.618825298 0.003353446 0.000275139 0.000284681 0.000292453 0.000250909 0.000790146 0.000715458 0.000744659 0.000000000 0.000000000 0.000000000
103.213717039 0.003395176 0.000275642 0.000296987 0.000287796 0.000257155 0.000794866 0.000733280 0.000749450 0.000000000 0.000000000 0.000000000
103.808608780 0.003446871 0.000282038 0.000296172 0.000294826 0.000249966 0.000786434 0.000770416 0.000767019 0.000000000 0.000000000 0.000000000
104.403500521 0.003543230 0.000294357 0.000297129 0.000292046 0.000271535 0.000783378 0.000798418 0.000806367 0.000000000 0.000000000 0.000000000
104.998392262 0.003651981 0.000303881 0.000299078 0.000301324 0.000282031 0.000797913 0.000830287 0.000837467 0.000000000 0.000000000 0.000000000
105.593284003 0.003675980 0.000308305 0.000285694 0.000296675 0.000294727 0.000794377 0.000848971 0.000847229 0.000000000 0.000000000 0.000000000
106.188175744 0.003647135 0.000308757 0.000284317 0.000302529 0.000298180 0.000784862 0.000819059 0.000849431 0.000000000 0.000000000 0.000000000
106.783067484 0.003620764 0.000301371 0.000280070 0.000305495 0.000304075 0.000778164 0.000804073 0.000847515 0.000000000 0.000000000 0.000000000
107.377959225 0.003590934 0.000298292 0.000285697 0.000294193 0.000304889 0.000783246 0.000792379 0.000832239 0.000000000 0.000000000 0.000000000
107.972850966 0.003527014 0.000300278 0.000279093 0.000287809 0.000301459 0.000760314 0.000775505 0.000822557 0.000000000 0.000000000 0.000000000
108.567742707 0.003488926 0.000295674 0.000280434 0.000279313 0.000277468 0.000761741 0.000788899 0.000805397 0.000000000 0.000000000 0.000000000
109.162634448 0.003492821 0.000293516 0.000270135 0.000277153 0.000269323 0.000788222 0.000796537 0.000797935 0.000000000 0.000000000 0.000000000
109.757526189 0.003493821 0.000288298 0.000264781 0.000274287 0.000272101 0.000791814 0.000796172 0.000806368 0.000000000 0.000000000 0.000000000
110.352417930 0.003515514 0.000279449 0.000250739 0.000284589 0.000271575 0.000817375 0.000803310 0.000808477 0.000000000 0.000000000 0.000000000
110.947309670 0.003543161 0.000291979 0.000253250 0.000289772 0.000265724 0.000819850 0.000806864 0.000815722 0.000000000 0.000000000 0.000000000
111.542201411 0.003592910 0.000293505 0.000262730 0.000288336 0.000265139 0.000833917 0.000817634 0.000831649 0.000000000 0.000000000 0.000000000
112.137093152 0.003601610 0.000290403 0.000263210 0.000291468 0.000260768 0.000822524 0.000837787 0.000835449 0.000000000 0.000000000 0.000000000
112.731984893 0.003626129 0.000291670 0.000268348 0.000282939 0.000262516 0.000840144 0.000845442 0.000835071 0.000000000 0.000000000 0.000000000
113.326876634 0.003656665 0.000278122 0.000278896 0.000278808 0.000262130 0.000862856 0.000856706 0.000839146 0.000000000 0.000000000 0.000000000
113.921768375 0.003692267 0.000286692 0.000278665 0.000286351 0.000272569 0.000856459 0.000858272 0.000853259 0.000000000 0.000000000 0.000000000
114.516660116 0.003697667 0.000280286 0.000290072 0.000283406 0.000265841 0.000846964 0.000875265 0.000855833 0.000000000 0.000000000 0.000000000
115.111551857 0.003684569 0.000273637 0.000287649 0.000290599 0.000262011 0.000849330 0.000857025 0.000864317 0.000000000 0.000000000 0.000000000
115.706443597 0.003688463 0.000252604 0.000292295 0.000289347 0.000261088 0.000857441 0.000870930 0.000864758 0.000000000 0.000000000 0.000000000
116.301335338 0.003634572 0.000245023 0.000291288 0.000299428 0.000266771 0.000841429 0.000846409 0.000844223 0.000000000 0.000000000 0.000000000
116.896227079 0.003631751 0.000254178 0.000303074 0.000288987 0.000263996 0.000846297 0.000844432 0.000830786 0.000000000 0.000000000 0.000000000
117.491118820 0.003604729 0.000255205 0.000302767 0.000279880 0.000262739 0.000844854 0.000820627 0.000838656 0.000000000 0.000000000 0.000000000
118.086010561 0.003602883 0.000263322 0.000300360 0.000281758 0.000270436 0.000861274 0.000806707 0.000819026 0.000000000 0.000000000 0.000000000
118.680902302 0.003606197 0.000265139 0.000290745 0.000281790 0.000271644 0.000853366 0.000819224 0.000824290 0.000000000 0.000000000 0.000000000
119.275794043 0.003641195 0.000268897 0.000297821 0.000276946 0.000269463 0.000860012 0.000841953 0.000826102 0.000000000 0.000000000 0.000000000
119.870685783 0.003658303 0.000269916 0.000297317 0.000267229 0.000269473 0.000864847 0.000865894 0.000823627 0.000000000 0.000000000 0.000000000
120.465577524 0.003634209 0.000260221 0.000274237 0.000269909 0.000287740 0.000849296 0.000868884 0.000823923 0.000000000 0.000000000 0.000000000
121.060469265 0.003666960 0.000262956 0.000267434 0.000261364 0.000290796 0.000865873 0.000883427 0.000835111 0.000000000 0.000000000 0.000000000
121.655361006 0.003636402 0.000274336 0.000250128 0.000261474 0.000282930 0.000873025 0.000856224 0.000838284 0.000000000 0.000000000 0.000000000
122.250252747 0.003622970 0.000276727 0.000249653 0.000253775 0.000273459 0.000855036 0.000843358 0.000870962 0.000000000 0.000000000 0.000000000
122.845144488 0.003630458 0.000298867 0.000246766 0.000253481 0.000271455 0.000848283 0.000835611 0.000875995 0.000000000 0.000000000 0.000000000
123.440036229 0.003645539 0.000279290 0.000252182 0.000251084 0.000281657 0.000852124 0.000847759 0.000881444 0.000000000 0.000000000 0.000000000
124.034927969 0.003637967 0.000282782 0.000257496 0.000251361 0.000272880 0.000838719 0.000843051 0.000891678 0.000000000 0.000000000 0.000000000
124.629819710 0.003636778 0.000267155 0.000243541 0.000254158 0.000262102 0.000846777 0.000863547 0.000899498 0.000000000 0.000000000 0.000000000
125.224711451 0.003691520 0.000261421 0.000244521 0.000251124 0.000268240 0.000859111 0.000902808 0.000904295 0.000000000 0.000000000 0.000000000
125.819603192 0.003699155 0.000271680 0.000244036 0.000254581 0.000263802 0.000871212 0.000887800 0.000906045 0.000000000 0.000000000 0.000000000
126.414494933 0.003691101 0.000259745 0.000237383 0.000242993 0.000250579 0.000871332 0.000916158 0.000912913 0.000000000 0.000000000 0.000000000
127.009386674 0.003669465 0.000247554 0.000245245 0.000243688 0.000254134 0.000856205 0.000926271 0.000896367 0.000000000 0.000000000 0.000000000
127.604278415 0.003656256 0.000249616 0.000239127 0.000237634 0.000262441 0.000855948 0.000902667 0.000908823 0.000000000 0.000000000 0.000000000
128.199170155 0.003670087 0.000265473 0.000242133 0.000243614 0.000269079 0.000868659 0.000879403 0.000901728 0.000000000 0.000000000 0.000000000
128.794061896 0.003684502 0.000288998 0.000246779 0.000249478 0.000269230 0.000870621 0.000866538 0.000892857 0.000000000 0.000000000 0.000000000
129.388953637 0.003689199 0.000291061 0.000256954 0.000259661 0.000269225 0.000878369 0.000843164 0.000890765 0.000000000 0.000000000 0.000000000
129.983845378 0.003645062 0.000287817 0.000271779 0.000274484 0.000262543 0.000859512 0.000833108 0.000855819 0.000000000 0.000000000 0.000000000
130.578737119 0.003654852 0.000290354 0.000273586 0.000285088 0.000272520 0.000844135 0.000844522 0.000844648 0.000000000 0.000000000 0.000000000
131.173628860 0.003659591 0.000291797 0.000283119 0.000294582 0.000270915 0.000843829 0.000840733 0.000834615 0.000000000 0.000000000 0.000000000
131.768520601 0.003611642 0.000267648 0.000279687 0.000280294 0.000261353 0.000833516 0.000847119 0.000842024 0.000000000 0.000000000 0.000000000
132.363412341 0.003643268 0.000279466 0.000293836 0.000281575 0.000257082 0.000846823 0.000850456 0.000834031 0.000000000 0.000000000 0.000000000
132.958304082 0.003633153 0.000274766 0.000296520 0.000284440 0.000263309 0.000839251 0.000848980 0.000825888 0.000000000 0.000000000 0.000000000
133.553195823 0.003625381 0.000264831 0.000290550 0.000289374 0.000266679 0.000846422 0.000837373 0.000830151 0.000000000 0.000000000 0.000000000
134.148087564 0.003622200 0.000244167 0.000288671 0.000288198 0.000261420 0.000868907 0.000834892 0.000835944 0.000000000 0.000000000 0.000000000
134.742979305 0.003653871 0.000251206 0.000304475 0.000281745 0.000271965 0.000866386 0.000836277 0.000841815 0.000000000 0.000000000 0.000000000
135.337871046 0.003638753 0.000254745 0.000297547 0.000285056 0.000276650 0.000858417 0.000825488 0.000840852 0.000000000 0.000000000 0.000000000
135.932762787 0.003642234 0.000252777 0.000287076 0.000284993 0.000288774 0.000858854 0.000842724 0.000827036 0.000000000 0.000000000 0.000000000
136.527654528 0.003680321 0.000255237 0.000290673 0.000287922 0.000292657 0.000865109 0.000851994 0.000836728 0.000000000 0.000000000 0.000000000
137.122546268 0.003654451 0.000273044 0.000293464 0.000274041 0.000283106 0.000852819 0.000841432 0.000836545 0.000000000 0.000000000 0.000000000
137.717438009 0.003654866 0.000279808 0.000283752 0.000287483 0.000282916 0.000850486 0.000849190 0.000821231 0.000000000 0.000000000 0.000000000
138.312329750 0.003672111 0.000275134 0.000282210 0.000274832 0.000277019 0.000861940 0.000875822 0.000825154 0.000000000 0.000000000 0.000000000
138.907221491 0.003674363 0.000284746 0.000276303 0.000269097 0.000277065 0.000880074 0.000853243 0.000833836 0.000000000 0.000000000 0.000000000
139.502113232 0.003656017 0.000274317 0.000256136 0.000278475 0.000281404 0.000875269 0.000847850 0.000842567 0.000000000 0.000000000 0.000000000
140.097004973 0.003696919 0.000272746 0.000261844 0.000284592 0.000280299 0.000858294 0.000880845 0.000858298 0.000000000 0.000000000 0.000000000
140.691896714 0.003688115 0.000258137 0.000262914 0.000282510 0.000273834 0.000864416 0.000882876 0.000863428 0.000000000 0.000000000 0.000000000
141.286788454 0.003693635 0.000265648 0.000257702 0.000271299 0.000275319 0.000876807 0.000889123 0.000857737 0.000000000 0.000000000 0.000000000
141.881680195 0.003660330 0.000271021 0.000262366 0.000263671 0.000271194 0.000870249 0.000853278 0.000868551 0.000000000 0.000000000 0.000000000
142.476571936 0.003704434 0.000282356 0.000263816 0.000260618 0.000262236 0.000881762 0.000870250 0.000883396 0.000000000 0.000000000 0.000000000
143.071463677 0.003654220 0.000270874 0.000259490 0.000258862 0.000251687 0.000862417 0.000871193 0.000879698 0.000000000 0.000000000 0.000000000
143.666355418 0.003698030 0.000266324 0.000258268 0.000259165 0.000253126 0.000881097 0.000892551 0.000887497 0.000000000 0.000000000 0.000000000
144.261247159 0.003709655 0.000263471 0.000258984 0.000259675 0.000252619 0.000887643 0.000886928 0.000900337 0.000000000 0.000000000 0.000000000
144.856138900 0.003728789 0.000262335 0.000264116 0.000260739 0.000259316 0.000880353 0.000889017 0.000912913 0.000000000 0.000000000 0.000000000
145.451030640 0.003754764 0.000265181 0.000265867 0.000259231 0.000260847 0.000889671 0.000898140 0.000915826 0.000000000 0.000000000 0.000000000
146.045922381 0.003707842 0.000259822 0.000250962 0.000253361 0.000271220 0.000879149 0.000890954 0.000902375 0.000000000 0.000000000 0.000000000
146.640814122 0.003698844 0.000260485 0.000240254 0.000253496 0.000268719 0.000879056 0.000894206 0.000902628 0.000000000 0.000000000 0.000000000
147.235705863 0.003713655 0.000259810 0.000245246 0.000252782 0.000265409 0.000884608 0.000908409 0.000897391 0.000000000 0.000000000 0.000000000
147.830597604 0.003674800 0.000264539 0.000238728 0.000253434 0.000268682 0.000886074 0.000882377 0.000880966 0.000000000 0.000000000 0.000000000
148.425489345 0.003630863 0.000253086 0.000251936 0.000257152 0.000268572 0.000860505 0.000867688 0.000871925 0.000000000 0.000000000 0.000000000
149.020381086 0.003633464 0.000252752 0.000252037 0.000265591 0.000273099 0.000860043 0.000855728 0.000874213 0.000000000 0.000000000 0.000000000
149.615272826 0.003657273 0.000285968 0.000259871 0.000271906 0.000266455 0.000845120 0.000859305 0.000868647 0.000000000 0.000000000 0.000000000
150.210164567 0.003664581 0.000292359 0.000269662 0.000285389 0.000270422 0.000844508 0.000848187 0.000854054 0.000000000 0.000000000 0.000000000
150.805056308 0.003636069 0.000278599 0.000287313 0.000284592 0.000273895 0.000847562 0.000840946 0.000823162 0.000000000 0.000000000 0.000000000
151.399948049 0.003642053 0.000276013 0.000302155 0.000302320 0.000262856 0.000852761 0.000825400 0.000820549 0.000000000 0.000000000 0.000000000
151.994839790 0.003658467 0.000279913 0.000311782 0.000309109 0.000261778 0.000849086 0.000834331 0.000812469 0.000000000 0.000000000 0.000000000
152.589731531 0.003638897 0.000278191 0.000306650 0.000313720 0.000268912 0.000834014 0.000828904 0.000808506 0.000000000 0.000000000 0.000000000
153.184623272 0.003617728 0.000290527 0.000318001 0.000310630 0.000270149 0.000806254 0.000823369 0.000798798 0.000000000 0.000000000 0.000000000
153.779515012 0.003557801 0.000280358 0.000304795 0.000308435 0.000271159 0.000802327 0.000800885 0.000789842 0.000000000 0.000000000 0.000000000
154.374406753 0.003542004 0.000285778 0.000307612 0.000297300 0.000275624 0.000801411 0.000779448 0.000794830 0.000000000 0.000000000 0.000000000
154.969298494 0.003546317 0.000295160 0.000303300 0.000296069 0.000279356 0.000798901 0.000777774 0.000795757 0.000000000 0.000000000 0.000000000
155.564190235 0.003512596 0.000298243 0.000293582 0.000285987 0.000278832 0.000805421 0.000769110 0.000781421 0.000000000 0.000000000 0.000000000
156.159081976 0.003519408 0.000291351 0.000293256 0.000281423 0.000287011 0.000812873 0.000781615 0.000771878 0.000000000 0.000000000 0.000000000
156.753973717 0.003540124 0.000273792 0.000284181 0.000281586 0.000290862 0.000825496 0.000808703 0.000775504 0.000000000 0.000000000 0.000000000
157.348865458 0.003588798 0.000261688 0.000284092 0.000281305 0.000301809 0.000853451 0.000822099 0.000784355 0.000000000 0.000000000 0.000000000
157.943757198 0.003622843 0.000266270 0.000281501 0.000276347 0.000301058 0.000865800 0.000832382 0.000799486 0.000000000 0.000000000 0.000000000
158.538648939 0.003661783 0.000259610 0.000292942 0.000275538 0.000293270 0.000877207 0.000841391 0.000821825 0.000000000 0.000000000 0.000000000
159.133540680 0.003681882 0.000255895 0.000288658 0.000272864 0.000291308 0.000869126 0.000868449 0.000835584 0.000000000 0.000000000 0.000000000
159.728432421 0.003686211 0.000254924 0.000273788 0.000268027 0.000297811 0.000868728 0.000872932 0.000850000 0.000000000 0.000000000 0.000000000
160.323324162 0.003671593 0.000255717 0.000286217 0.000269113 0.000286736 0.000876828 0.000858377 0.000838603 0.000000000 0.000000000 0.000000000
160.918215903 0.003669394 0.000253653 0.000285465 0.000275363 0.000281594 0.000868542 0.000857654 0.000847124 0.000000000 0.000000000 0.000000000
161.513107644 0.003646586 0.000250954 0.000281270 0.000277045 0.000269906 0.000856685 0.000857114 0.000853612 0.000000000 0.000000000 0.000000000
162.107999385 0.003634000 0.000245545 0.000270703 0.000266645 0.000272406 0.000862603 0.000861248 0.000854850 0.000000000 0.000000000 0.000000000
162.702891125 0.003653620 0.000243630 0.000268500 0.000267757 0.000274493 0.000880316 0.000858175 0.000860750 0.000000000 0.000000000 0.000000000
163.297782866 0.003656851 0.000243215 0.000265580 0.000259415 0.000280772 0.000879422 0.000873199 0.000855248 0.000000000 0.000000000 0.000000000
163.892674607 0.003668636 0.000255720 0.000258911 0.000257426 0.000274645 0.000877409 0.000867254 0.000877273 0.000000000 0.000000000 0.000000000
164.487566348 0.003716534 0.000253967 0.000249587 0.000256148 0.000273905 0.000904933 0.000887380 0.000890615 0.000000000 0.000000000 0.000000000
165.082458089 0.003766150 0.000272615 0.000242090 0.000258408 0.000266676 0.000923114 0.000909348 0.000893900 0.000000000 0.000000000 0.000000000
165.677349830 0.003753704 0.000285236 0.000240991 0.000259929 0.000254650 0.000912971 0.000914558 0.000885370 0.000000000 0.000000000 0.000000000
166.272241571 0.003741970 0.000275031 0.000238120 0.000254539 0.000261358 0.000884494 0.000929139 0.000899289 0.000000000 0.000000000 0.000000000
166.867133311 0.003771180 0.000279892 0.000249612 0.000238231 0.000265467 0.000908386 0.000922610 0.000906982 0.000000000 0.000000000 0.000000000
167.462025052 0.003748323 0.000276626 0.000242874 0.000237047 0.000257743 0.000897189 0.000908851 0.000927995 0.000000000 0.000000000 0.000000000
168.056916793 0.003742270 0.000273741 0.000242173 0.000244288 0.000245932 0.000902348 0.000909276 0.000924511 0.000000000 0.000000000 0.000000000
168.651808534 0.003741304 0.000247169 0.000240079 0.000251013 0.000254200 0.000901269 0.000913227 0.000934347 0.000000000 0.000000000 0.000000000
169.246700275 0.003706616 0.000243963 0.000240161 0.000247043 0.000250083 0.000897542 0.000906263 0.000921560 0.000000000 0.000000000 0.000000000
169.841592016 0.003695012 0.000235934 0.000250811 0.000243155 0.000247190 0.000895929 0.000907820 0.000914174 0.000000000 0.000000000 0.000000000
170.436483757 0.003669345 0.000242115 0.000241559 0.000240198 0.000244309 0.000885073 0.000901951 0.000914139 0.000000000 0.000000000 0.000000000
171.031375497 0.003678963 0.000242343 0.000243185 0.000232225 0.000248922 0.000886341 0.000901665 0.000924282 0.000000000 0.000000000 0.000000000
171.626267238 0.003708455 0.000251982 0.000242245 0.000227677 0.000257770 0.000883871 0.000906120 0.000938791 0.000000000 0.000000000 0.000000000
172.221158979 0.003718442 0.000252332 0.000237922 0.000234067 0.000258446 0.000886744 0.000910624 0.000938308 0.000000000 0.000000000 0.000000000
172.816050720 0.003755999 0.000269734 0.000242104 0.000246363 0.000255463 0.000897416 0.000895488 0.000949432 0.000000000 0.000000000 0.000000000
173.410942461 0.003773270 0.000265769 0.000244569 0.000244535 0.000250900 0.000909387 0.000912121 0.000945988 0.000000000 0.000000000 0.000000000
174.005834202 0.003799602 0.000261104 0.000263061 0.000245184 0.000252982 0.000906102 0.000933762 0.000937407 0.000000000 0.000000000 0.000000000
174.600725943 0.003782778 0.000271421 0.000259976 0.000251840 0.000242657 0.000914611 0.000928559 0.000913712 0.000000000 0.000000000 0.000000000
175.195617683 0.003788607 0.000274785 0.000260005 0.000250037 0.000247049 0.000931842 0.000923439 0.000901449 0.000000000 0.000000000 0.000000000
175.790509424 0.003754082 0.000270827 0.000255518 0.000246198 0.000238474 0.000933713 0.000905833 0.000903518 0.000000000 0.000000000 0.000000000
176.385401165 0.003781574 0.000259104 0.000249295 0.000253250 0.000245868 0.000939342 0.000922007 0.000912708 0.000000000 0.000000000 0.000000000
176.980292906 0.003769993 0.000237972 0.000254122 0.000247970 0.000241375 0.000934372 0.000930241 0.000923941 0.000000000 0.000000000 0.000000000
177.575184647 0.003773166 0.000235407 0.000254104 0.000251717 0.000235839 0.000948348 0.000912780 0.000934972 0.000000000 0.000000000 0.000000000
178.170076388 0.003755245 0.000227940 0.000249759 0.000246595 0.000232666 0.000940692 0.000927897 0.000929695 0.000000000 0.000000000 0.000000000
178.764968129 0.003786993 0.000226392 0.000253245 0.000242432 0.000232646 0.000939582 0.000944090 0.000948607 0.000000000 0.000000000 0.000000000
179.359859869 0.003765916 0.000218052 0.000230842 0.000237610 0.000232694 0.000923769 0.000964152 0.000958797 0.000000000 0.000000000 0.000000000
179.954751610 0.003750907 0.000209053 0.000233571 0.000236036 0.000231536 0.000934705 0.000945947 0.000960059 0.000000000 0.000000000 0.000000000
180.549643351 0.003788478 0.000228626 0.000225488 0.000233240 0.000235644 0.000955065 0.000946762 0.000963653 0.000000000 0.000000000 0.000000000
181.144535092 0.003830201 0.000224640 0.000223113 0.000231690 0.000247907 0.000962545 0.000967873 0.000972435 0.000000000 0.000000000 0.000000000
181.739426833 0.003884179 0.000233406 0.000237180 0.000224514 0.000251513 0.000971267 0.000997715 0.000968583 0.000000000 0.000000000 0.000000000
182.334318574 0.003904284 0.000238488 0.000235446 0.000230490 0.000255683 0.000964976 0.001006003 0.000973197 0.000000000 0.000000000 0.000000000
182.929210315 0.003916138 0.000252724 0.000228523 0.000230042 0.000247537 0.000956998 0.001011233 0.000989080 0.000000000 0.000000000 0.000000000
183.524102055 0.003912038 0.000254709 0.000225996 0.000224582 0.000245708 0.000968847 0.000998548 0.000993646 0.000000000 0.000000000 0.000000000
184.118993796 0.003869686 0.000259960 0.000230445 0.000229876 0.000247865 0.000963909 0.000968467 0.000969164 0.000000000 0.000000000 0.000000000
184.713885537 0.003811974 0.000247532 0.000226968 0.000234540 0.000246084 0.000962518 0.000936745 0.000957586 0.000000000 0.000000000 0.000000000
185.308777278 0.003751257 0.000256352 0.000237145 0.000227619 0.000237447 0.000960167 0.000906001 0.000926527 0.000000000 0.000000000 0.000000000
185.903669019 0.003710678 0.000270302 0.000252113 0.000223665 0.000226261 0.000951204 0.000886832 0.000900302 0.000000000 0.000000000 0.000000000
186.498560760 0.003615976 0.000249179 0.000251370 0.000214494 0.000216372 0.000930810 0.000874569 0.000879181 0.000000000 0.000000000 0.000000000
187.093452501 0.003589516 0.000232558 0.000249735 0.000221380 0.000225491 0.000905220 0.000864906 0.000890228 0.000000000 0.000000000 0.000000000
187.688344242 0.003602905 0.000223734 0.000244656 0.000233197 0.000236811 0.000877081 0.000888425 0.000899000 0.000000000 0.000000000 0.000000000
188.283235982 0.003675400 0.000227759 0.000253909 0.000255356 0.000233307 0.000860365 0.000929579 0.000915124 0.000000000 0.000000000 0.000000000
188.878127723 0.003815039 0.000247055 0.000250009 0.000276381 0.000243895 0.000855662 0.000971052 0.000970985 0.000000000 0.000000000 0.000000000
189.473019464 0.003937058 0.000261786 0.000245341 0.000287722 0.000255878 0.000862361 0.001000734 0.001023234 0.000000000 0.000000000 0.000000000
190.067911205 0.004009774 0.000267652 0.000234330 0.000297039 0.000254798 0.000868901 0.001021809 0.001065247 0.000000000 0.000000000 0.000000000
190.662802946 0.003995438 0.000273526 0.000227539 0.000300470 0.000259468 0.000882568 0.000980621 0.001071246 0.000000000 0.000000000 0.000000000
191.257694687 0.003871955 0.000292298 0.000220153 0.000290880 0.000249572 0.000865748 0.000924495 0.001028809 0.000000000 0.000000000 0.000000000
191.852586428 0.003701991 0.000298513 0.000221563 0.000297376 0.000235440 0.000852630 0.000847816 0.000948652 0.000000000 0.000000000 0.000000000
192.447478168 0.003475507 0.000298467 0.000233803 0.000298653 0.000229743 0.000824877 0.000756651 0.000833313 0.000000000 0.000000000 0.000000000
193.042369909 0.003280404 0.000287784 0.000250226 0.000291120 0.000216375 0.000828547 0.000689222 0.000717130 0.000000000 0.000000000 0.000000000
193.637261650 0.003162737 0.000281133 0.000249091 0.000277830 0.000207878 0.000857919 0.000650151 0.000638735 0.000000000 0.000000000 0.000000000
194.232153391 0.003116764 0.000269692 0.000250711 0.000250891 0.000193723 0.000882278 0.000679419 0.000590050 0.000000000 0.000000000 0.000000000
194.827045132 0.003171382 0.000268619 0.000251968 0.000244791 0.000190326 0.000919801 0.000740119 0.000555757 0.000000000 0.000000000 0.000000000
195.421936873 0.003421329 0.000263410 0.000294649 0.000251617 0.000211527 0.000981272 0.000851155 0.000567698 0.000000000 0.000000000 0.000000000
196.016828614 0.003825132 0.000265185 0.000360831 0.000252294 0.000268641 0.001041355 0.000996293 0.000640532 0.000000000 0.000000000 0.000000000
196.611720354 0.004435453 0.000254801 0.000436961 0.000261509 0.000357874 0.001141690 0.001165695 0.000816924 0.000000000 0.000000000 0.000000000
197.206612095 0.005006126 0.000232726 0.000468915 0.000294825 0.000427263 0.001233364 0.001284118 0.001064914 0.000000000 0.000000000 0.000000000
197.801503836 0.005169443 0.000190180 0.000434669 0.000335674 0.000441143 0.001198783 0.001296945 0.001272049 0.000000000 0.000000000 0.000000000
198.396395577 0.004634994 0.000143649 0.000338518 0.000344768 0.000376599 0.001075293 0.001093367 0.001262800 0.000000000 0.000000000 0.000000000
198.991287318 0.003835331 0.000115316 0.000251735 0.000309137 0.000288267 0.000914998 0.000888329 0.001067550 0.000000000 0.000000000 0.000000000
199.586179059 0.003153306 0.000092338 0.000203022 0.000267309 0.000244615 0.000768457 0.000747631 0.000829933 0.000000000 0.000000000 0.000000000
200.181070800 0.002703341 0.000068803 0.000180582 0.000218121 0.000232540 0.000667587 0.000638830 0.000696876 0.000000000 0.000000000 0.000000000
200.775962540 0.002305766 0.000057321 0.000149900 0.000177631 0.000215764 0.000559406 0.000548542 0.000597204 0.000000000 0.000000000 0.000000000
201.370854281 0.002048058 0.000055031 0.000124314 0.000152436 0.000182303 0.000498568 0.000500793 0.000534612 0.000000000 0.000000000 0.000000000
201.965746022 0.001900721 0.000055072 0.000114042 0.000146037 0.000148593 0.000470462 0.000481637 0.000484878 0.000000000 0.000000000 0.000000000
202.560637763 0.001767831 0.000054142 0.000109323 0.000139462 0.000120925 0.000473635 0.000434965 0.000435380 0.000000000 0.000000000 0.000000000
203.155529504 0.006309123 0.000055881 0.000084513 0.000132422 0.000092514 0.000445776 0.000397590 0.000412590 0.000000000 0.004687838 0.000000000
203.750421245 0.009458689 0.000061422 0.000079881 0.000119694 0.000084226 0.000417281 0.000402001 0.000398880 0.000000000 0.007895305 0.000000000
204.345312986 0.010923599 0.000062172 0.000088212 0.000104192 0.000077043 0.000373044 0.000435131 0.000408131 0.000000000 0.009375675 0.000000000
204.940204726 0.009421817 0.000059719 0.000096733 0.000092147 0.000074499 0.000344128 0.000453366 0.000405919 0.000000000 0.007895305 0.000000000
205.535096467 0.009642866 0.000053241 0.000096375 0.000090249 0.000069488 0.000342971 0.000437221 0.000411288 0.000000000 0.008142034 0.000000000
206.129988208 0.008865211 0.000042395 0.000089176 0.000094473 0.000071972 0.000345941 0.000389242 0.000430164 0.000000000 0.007401849 0.000000000
206.724879949 0.007599939 0.000039342 0.000087218 0.000093616 0.000075229 0.000328380 0.000343219 0.000464727 0.000000000 0.006168207 0.000000000
207.319771690 0.007542750 0.000038435 0.000087143 0.000088029 0.000079667 0.000311248 0.000319983 0.000450039 0.000000000 0.006168207 0.000000000
207.914663431 0.011426997 0.000035245 0.000086922 0.000083229 0.000084319 0.000304103 0.000329978 0.000387343 0.000000000 0.010115860 0.000000000
208.509555172 0.009431939 0.000035451 0.000093929 0.000083973 0.000091625 0.000303308 0.000319769 0.000361850 0.000000000 0.008142034 0.000000000
209.104446912 0.008695263 0.000038625 0.000098791 0.000084976 0.000099642 0.000316724 0.000316385 0.000338273 0.000000000 0.007401849 0.000000000
209.699338653 0.008282431 0.000038308 0.000107811 0.000093235 0.000115352 0.000330204 0.000338244 0.000350885 0.000000000 0.006908392 0.000000000
210.294230394 0.011298849 0.000038949 0.000111963 0.000094258 0.000125845 0.000320998 0.000375189 0.000362516 0.000000000 0.009869132 0.000000000
210.889122135 0.006399282 0.000044971 0.000110165 0.000082603 0.000133923 0.000315878 0.000392912 0.000384265 0.000000000 0.004934566 0.000000000
211.484013876 0.008863212 0.000047381 0.000096260 0.000072003 0.000138174 0.000324846 0.000357473 0.000425226 0.000000000 0.007401849 0.000000000
212.078905617 0.006613932 0.000050530 0.000100252 0.000071778 0.000137235 0.000348120 0.000314749 0.000409974 0.000000000 0.005181294 0.000000000
212.673797358 0.008821300 0.000046667 0.000109273 0.000068278 0.000128196 0.000397673 0.000305387 0.000363978 0.000000000 0.007401849 0.000000000
213.268689099 0.008890817 0.000034965 0.000113266 0.000074102 0.000120323 0.000466636 0.000323501 0.000356174 0.000000000 0.007401849 0.000000000
213.863580839 0.010015872 0.000027460 0.000092766 0.000073699 0.000111155 0.000541556 0.000392919 0.000387554 0.000000000 0.008388762 0.000000000
214.458472580 0.009113590 0.000022239 0.000070741 0.000070784 0.000104592 0.000514774 0.000531052 0.000397558 0.000000000 0.007401849 0.000000000
215.053364321 0.008409443 0.000025288 0.000069930 0.000071384 0.000106549 0.000472761 0.000569481 0.000432386 0.000000000 0.006661664 0.000000000
215.648256062 0.008392937 0.000026190 0.000074525 0.000069701 0.000101764 0.000447186 0.000527050 0.000484856 0.000000000 0.006661664 0.000000000
216.243147803 0.007194003 0.000030163 0.000089332 0.000074550 0.000100569 0.000458545 0.000526883 0.000485938 0.000000000 0.005428022 0.000000000
216.838039544 0.005766258 0.000046505 0.000092095 0.000083674 0.000095334 0.000438693 0.000516974 0.000545330 0.000000000 0.003947653 0.000000000
217.432931285 0.011176756 0.000265400 0.000093636 0.000100604 0.000100289 0.000434721 0.000464587 0.000588573 0.000000000 0.009128947 0.000000000
218.027823025 0.009127907 0.000231743 0.000094216 0.000115469 0.000099487 0.000428488 0.000425302 0.000578081 0.000000000 0.007155120 0.000000000
218.622714766 0.006943769 0.000048603 0.000089089 0.000112893 0.000097532 0.000418951 0.000424260 0.000571148 0.000000000 0.005181294 0.000000000
219.217606507 0.008605681 0.000049210 0.000096808 0.000091891 0.000088164 0.000408387 0.000481138 0.000481692 0.000000000 0.006908392 0.000000000
219.812498248 0.007574394 0.000049084 0.000092467 0.000091095 0.000092160 0.000420290 0.000494401 0.000413417 0.000000000 0.005921479 0.000000000
220.407389989 0.007752491 0.000055230 0.000077243 0.000083428 0.000105083 0.000440235 0.000404731 0.000418333 0.000000000 0.006168207 0.000000000
221.002281730 0.010459189 0.000056328 0.000073602 0.000079579 0.000097981 0.000422598 0.000376100 0.000470783 0.000000000 0.008882219 0.000000000
221.597173471 0.009370838 0.000062808 0.000078241 0.000071539 0.000080811 0.000382293 0.000370788 0.000429054 0.000000000 0.007895305 0.000000000
222.192065211 0.008063771 0.000061456 0.000085534 0.000067223 0.000068011 0.000355890 0.000371342 0.000392651 0.000000000 0.006661664 0.000000000
222.786956952 0.007191865 0.000066389 0.000091916 0.000064115 0.000062277 0.000357482 0.000453136 0.000421800 0.000000000 0.005674751 0.000000000
223.381848693 0.009493646 0.000075346 0.000085783 0.000066088 0.000064017 0.000376219 0.000440318 0.000490569 0.000000000 0.007895305 0.000000000
223.976740434 0.007901062 0.000083411 0.000088212 0.000076112 0.000065615 0.000425975 0.000367497 0.000379304 0.000000000 0.006414936 0.000000000
224.571632175 0.005070079 0.000095942 0.000083740 0.000090303 0.000065998 0.000504442 0.000427395 0.000348063 0.000000000 0.003454196 0.000000000
225.166523916 0.009194286 0.000114419 0.000083298 0.000105996 0.000060707 0.000446507 0.000564495 0.000417017 0.000000000 0.007401849 0.000000000
225.761415657 0.010939089 0.000127978 0.000074402 0.000122114 0.000067259 0.000422789 0.000504830 0.000490770 0.000000000 0.009128947 0.000000000
226.356307397 0.008212451 0.000131155 0.000079113 0.000142852 0.000066153 0.000484935 0.000420772 0.000472535 0.000000000 0.006414936 0.000000000
226.951199138 0.009411313 0.000116159 0.000081987 0.000155713 0.000077016 0.000469400 0.000405516 0.000456946 0.000000000 0.007648577 0.000000000
227.546090879 0.007809453 0.000094917 0.000096637 0.000169270 0.000095741 0.000363027 0.000390875 0.000430778 0.000000000 0.006168207 0.000000000
228.140982620 0.008745764 0.000076661 0.000107044 0.000163436 0.000103824 0.000329557 0.000389054 0.000421067 0.000000000 0.007155120 0.000000000
228.735874361 0.007266134 0.000063344 0.000105471 0.000159237 0.000113693 0.000332590 0.000383813 0.000433236 0.000000000 0.005674751 0.000000000
229.330766102 0.007468783 0.000055065 0.000094208 0.000160517 0.000105168 0.000343023 0.000374965 0.000414357 0.000000000 0.005921479 0.000000000
229.925657843 0.010377857 0.000055680 0.000094780 0.000157783 0.000093864 0.000348948 0.000362184 0.000382398 0.000000000 0.008882219 0.000000000
230.520549583 0.007077857 0.000077886 0.000100377 0.000133356 0.000081482 0.000346395 0.000330452 0.000333159 0.000000000 0.005674751 0.000000000
231.115441324 0.009014109 0.000103752 0.000116118 0.000110582 0.000077614 0.000341187 0.000309070 0.000307207 0.000000000 0.007648577 0.000000000
231.710333065 0.010451344 0.000110815 0.000139675 0.000098346 0.000080676 0.000319089 0.000297579 0.000276217 0.000000000 0.009128947 0.000000000
232.305224806 0.011649018 0.000106646 0.000158655 0.000087887 0.000084013 0.000296178 0.000292581 0.000260469 0.000000000 0.010362588 0.000000000
232.900116547 0.008438315 0.000108088 0.000178575 0.000089607 0.000090249 0.000281162 0.000278150 0.000257363 0.000000000 0.007155120 0.000000000
233.495008288 0.007888307 0.000109213 0.000175477 0.000086381 0.000098650 0.000267061 0.000245899 0.000243962 0.000000000 0.006661664 0.000000000
234.089900029 0.010337225 0.000124229 0.000167164 0.000088887 0.000112859 0.000253430 0.000227851 0.000233859 0.000000000 0.009128947 0.000000000
234.684791769 0.011043861 0.000128910 0.000130160 0.000092527 0.000119319 0.000249463 0.000222067 0.000232283 0.000000000 0.009869132 0.000000000
235.279683510 0.007385101 0.000121598 0.000104947 0.000093666 0.000127698 0.000276628 0.000242873 0.000249484 0.000000000 0.006168207 0.000000000
235.874575251 0.006428581 0.000101711 0.000092223 0.000104717 0.000130237 0.000307332 0.000261723 0.000249343 0.000000000 0.005181294 0.000000000
236.469466992 0.008711623 0.000093201 0.000093624 0.000111906 0.000160956 0.000310417 0.000284060 0.000255611 0.000000000 0.007401849 0.000000000
237.064358733 0.006522595 0.000082406 0.000104738 0.000113166 0.000157402 0.000297275 0.000301713 0.000284601 0.000000000 0.005181294 0.000000000
237.659250474 0.007276164 0.000078695 0.000106431 0.000122566 0.000134494 0.000278988 0.000316509 0.000317001 0.000000000 0.005921479 0.000000000
238.254142215 0.007771703 0.000065014 0.000120746 0.000131627 0.000115536 0.000272253 0.000336462 0.000315130 0.000000000 0.006414936 0.000000000
238.849033956 0.005971639 0.000053452 0.000125169 0.000121234 0.000091358 0.000266716 0.000307157 0.000318716 0.000000000 0.004687838 0.000000000
239.443925696 0.006353386 0.000056937 0.000111545 0.000109755 0.000085851 0.000250900 0.000259703 0.000297399 0.000000000 0.005181294 0.000000000
240.038817437 0.006025152 0.000084757 0.000103887 0.000101780 0.000084946 0.000227445 0.000227255 0.000260518 0.000000000 0.004934566 0.000000000
240.633709178 0.009486239 0.000127326 0.000090170 0.000106551 0.000082060 0.000216732 0.000209467 0.000265172 0.000000000 0.008388762 0.000000000
241.228600919 0.005416360 0.000151676 0.000101360 0.000125266 0.000084874 0.000229028 0.000211990 0.000317785 0.000000000 0.004194381 0.000000000
241.823492660 0.006042964 0.000154322 0.000123786 0.000141223 0.000084143 0.000251409 0.000264639 0.000335606 0.000000000 0.004687838 0.000000000
242.418384401 0.007835578 0.000139734 0.000140896 0.000137825 0.000082534 0.000263910 0.000342224 0.000313519 0.000000000 0.006414936 0.000000000
243.013276142 0.008073510 0.000119864 0.000127238 0.000133427 0.000093135 0.000298882 0.000351361 0.000287938 0.000000000 0.006661664 0.000000000
243.608167882 0.007013525 0.000094477 0.000115673 0.000134637 0.000108043 0.000313252 0.000306819 0.000265875 0.000000000 0.005674751 0.000000000
244.203059623 0.005254042 0.000074587 0.000082205 0.000119397 0.000121237 0.000342837 0.000289831 0.000276296 0.000000000 0.003947653 0.000000000
244.797951364 0.005302487 0.000062729 0.000062224 0.000103597 0.000126262 0.000369421 0.000315446 0.000315156 0.000000000 0.003947653 0.000000000
245.392843105 0.007355852 0.000054150 0.000076679 0.000092049 0.000133882 0.000394019 0.000335816 0.000347777 0.000000000 0.005921479 0.000000000
245.987734846 0.004987033 0.000056479 0.000094731 0.000085254 0.000151333 0.000409433 0.000359392 0.000376215 0.000000000 0.003454196 0.000000000
246.582626587 0.008060784 0.000090729 0.000104830 0.000093127 0.000180270 0.000401342 0.000385408 0.000390141 0.000000000 0.006414936 0.000000000
247.177518328 0.006719548 0.000147148 0.000103880 0.000117534 0.000182136 0.000390376 0.000408797 0.000435111 0.000000000 0.004934566 0.000000000
247.772410068 0.009498949 0.000150434 0.000125831 0.000130994 0.000145029 0.000397608 0.000421740 0.000478735 0.000000000 0.007648577 0.000000000
248.367301809 0.005547413 0.000134127 0.000138134 0.000118677 0.000125039 0.000406071 0.000449763 0.000474677 0.000000000 0.003700924 0.000000000
248.962193550 0.008227718 0.000113981 0.000130924 0.000096355 0.000107046 0.000382091 0.000493576 0.000488809 0.000000000 0.006414936 0.000000000
249.557085291 0.004484031 0.000113906 0.000119963 0.000069891 0.000095657 0.000354768 0.000531379 0.000484455 0.000000000 0.002714011 0.000000000
250.151977032 0.007416142 0.000122299 0.000096532 0.000062682 0.000120982 0.000358981 0.000491108 0.000488808 0.000000000 0.005674751 0.000000000
250.746868773 0.008450482 0.000126840 0.000081530 0.000066038 0.000200470 0.000405470 0.000430157 0.000478313 0.000000000 0.006661664 0.000000000
251.341760514 0.008203931 0.000100938 0.000102328 0.000091641 0.000272105 0.000452003 0.000378096 0.000391884 0.000000000 0.006414936 0.000000000
251.936652254 0.008101496 0.000104130 0.000155992 0.000103058 0.000284432 0.000423943 0.000284427 0.000330579 0.000000000 0.006414936 0.000000000
252.531543995 0.006297898 0.000188374 0.000168625 0.000118411 0.000209131 0.000365786 0.000272722 0.000287011 0.000000000 0.004687838 0.000000000
253.126435736 0.006626924 0.000146743 0.000135914 0.000137502 0.000149459 0.000326108 0.000304869 0.000245034 0.000000000 0.005181294 0.000000000
253.721327477 0.008561490 0.000128710 0.000123165 0.000136173 0.000153111 0.000301115 0.000332811 0.000231285 0.000000000 0.007155120 0.000000000
254.316219218 0.006541579 0.000214521 0.000167003 0.000127952 0.000199153 0.000293859 0.000341746 0.000262781 0.000000000 0.004934566 0.000000000
254.911110959 0.005459504 0.000308054 0.000188402 0.000118238 0.000212962 0.000307148 0.000329892 0.000293885 0.000000000 0.003700924 0.000000000
255.506002700 0.007516979 0.000307191 0.000177922 0.000134193 0.000230132 0.000336455 0.000340426 0.000315909 0.000000000 0.005674751 0.000000000
256.100894440 0.007449157 0.000186935 0.000215446 0.000163403 0.000221797 0.000380938 0.000318695 0.000287190 0.000000000 0.005674751 0.000000000
256.695786181 0.007100009 0.000167837 0.000349711 0.000183666 0.000177846 0.000351797 0.000239912 0.000201218 0.000000000 0.005428022 0.000000000
257.290677922 0.006716194 0.000200833 0.000337691 0.000202923 0.000182227 0.000272105 0.000186002 0.000153120 0.000000000 0.005181294 0.000000000
257.885569663 0.007372135 0.000184147 0.000256986 0.000252607 0.000211400 0.000200282 0.000156789 0.000188446 0.000000000 0.005921479 0.000000000
258.480461404 0.007134587 0.000173060 0.000219754 0.000293221 0.000199890 0.000166859 0.000153388 0.000253665 0.000000000 0.005674751 0.000000000
259.075353145 0.005400511 0.000184623 0.000213029 0.000287927 0.000177194 0.000176237 0.000180082 0.000233765 0.000000000 0.003947653 0.000000000
259.670244886 0.007075239 0.000164026 0.000192245 0.000228323 0.000183703 0.000205692 0.000240359 0.000186141 0.000000000 0.005674751 0.000000000
260.265136627 0.008924312 0.000158094 0.000126081 0.000194038 0.000148879 0.000218046 0.000262066 0.000168531 0.000000000 0.007648577 0.000000000
260.860028367 0.005438301 0.000153947 0.000120958 0.000211617 0.000122721 0.000196176 0.000239062 0.000199439 0.000000000 0.004194381 0.000000000
261.454920108 0.006990130 0.000137942 0.000156873 0.000217985 0.000177611 0.000184240 0.000208359 0.000232369 0.000000000 0.005674751 0.000000000
262.049811849 0.008464223 0.000138640 0.000174452 0.000175963 0.000158159 0.000198679 0.000203337 0.000259871 0.000000000 0.007155120 0.000000000
262.644703590 0.008851529 0.000125568 0.000149884 0.000159601 0.000117664 0.000213053 0.000214541 0.000222641 0.000000000 0.007648577 0.000000000
263.239595331 0.007304251 0.000124958 0.000117798 0.000212069 0.000147545 0.000218807 0.000166961 0.000147904 0.000000000 0.006168207 0.000000000
263.834487072 0.009006265 0.000149031 0.000112978 0.000261440 0.000156364 0.000188908 0.000127139 0.000115099 0.000000000 0.007895305 0.000000000
264.429378813 0.008490617 0.000175354 0.000158820 0.000236808 0.000144396 0.000144392 0.000118678 0.000110320 0.000000000 0.007401849 0.000000000
265.024270553 0.005431093 0.000162515 0.000157236 0.000193011 0.000108381 0.000137145 0.000109465 0.000122230 0.000000000 0.004441109 0.000000000
265.619162294 0.009571672 0.000171042 0.000073944 0.000174469 0.000075902 0.000168828 0.000120086 0.000151910 0.000000000 0.008635490 0.000000000
266.214054035 0.005632542 0.000202429 0.000143263 0.000183945 0.000063678 0.000226921 0.000160717 0.000210480 0.000000000 0.004441109 0.000000000
266.808945776 0.007570701 0.000207376 0.000195952 0.000161025 0.000062984 0.000275653 0.000239291 0.000260211 0.000000000 0.006168207 0.000000000
267.403837517 0.006582305 0.000141864 0.000136139 0.000111709 0.000060277 0.000287965 0.000366550 0.000296509 0.000000000 0.005181294 0.000000000
267.998729258 0.008692404 0.000118406 0.000150107 0.000080584 0.000083671 0.000290890 0.000467603 0.000346023 0.000000000 0.007155120 0.000000000
268.593620999 0.009422732 0.000138507 0.000183745 0.000078755 0.000142975 0.000317325 0.000427794 0.000485055 0.000000000 0.007648577 0.000000000
269.188512739 0.006689025 0.000104857 0.000193301 0.000093108 0.000222741 0.000336923 0.000339170 0.000464358 0.000000000 0.004934566 0.000000000
269.783404480 0.009550956 0.000107291 0.000186892 0.000104707 0.000304699 0.000334192 0.000273723 0.000344146 0.000000000 0.007895305 0.000000000
270.378296221 0.008687793 0.000138442 0.000198820 0.000126266 0.000223663 0.000308516 0.000267910 0.000269056 0.000000000 0.007155120 0.000000000
270.973187962 0.009017584 0.000149880 0.000162979 0.000128768 0.000165576 0.000268093 0.000259781 0.000233930 0.000000000 0.007648577 0.000000000
271.568079703 0.006807638 0.000075587 0.000116476 0.000118034 0.000111748 0.000215051 0.000272644 0.000223348 0.000000000 0.005674751 0.000000000
272.162971444 0.008655892 0.000024396 0.000071709 0.000110686 0.000074693 0.000201849 0.000296319 0.000227662 0.000000000 0.007648577 0.000000000
272.757863185 0.008836790 0.000018476 0.000041009 0.000103947 0.000066450 0.000208858 0.000261772 0.000240973 0.000000000 0.007895305 0.000000000
273.352754925 0.010348060 0.000026139 0.000032853 0.000111066 0.000059626 0.000222369 0.000219911 0.000300420 0.000000000 0.009375675 0.000000000
273.947646666 0.008177339 0.000036859 0.000041970 0.000128792 0.000050611 0.000247526 0.000201655 0.000314804 0.000000000 0.007155120 0.000000000
274.542538407 0.007530406 0.000051352 0.000053926 0.000137044 0.000034056 0.000278971 0.000278249 0.000281872 0.000000000 0.006414936 0.000000000
275.137430148 0.010058518 0.000075960 0.000059369 0.000115498 0.000016563 0.000268510 0.000234743 0.000158927 0.000000000 0.009128947 0.000000000
275.732321889 0.009645960 0.000094682 0.000071433 0.000071110 0.000015968 0.000223696 0.000167760 0.000119092 0.000000000 0.008882219 0.000000000
276.327213630 0.010623059 0.000119160 0.000099899 0.000043193 0.000020941 0.000217286 0.000142837 0.000110611 0.000000000 0.009869132 0.000000000
276.922105371 0.010704843 0.000164251 0.000110550 0.000030933 0.000031610 0.000225407 0.000154669 0.000118291 0.000000000 0.009869132 0.000000000
277.516997111 0.008722567 0.000134598 0.000090070 0.000050974 0.000035898 0.000173948 0.000206664 0.000135110 0.000000000 0.007895305 0.000000000
278.111888852 0.008122537 0.000084988 0.000059263 0.000084002 0.000028094 0.000121922 0.000168769 0.000173649 0.000000000 0.007401849 0.000000000
278.706780593 0.008500855 0.000060884 0.000044655 0.000053782 0.000034370 0.000102205 0.000131387 0.000178267 0.000000000 0.007895305 0.000000000
279.301672334 0.007944137 0.000044278 0.000034510 0.000021077 0.000071789 0.000092340 0.000116823 0.000161471 0.000000000 0.007401849 0.000000000
279.896564075 0.011606249 0.000022824 0.000032559 0.000029661 0.000092082 0.000084495 0.000105023 0.000136832 0.000000000 0.011102773 0.000000000
280.491455816 0.008177669 0.000016652 0.000040967 0.000052121 0.000095330 0.000088597 0.000106531 0.000128893 0.000000000 0.007648577 0.000000000
281.086347557 0.010521851 0.000012808 0.000109541 0.000057258 0.000105376 0.000093294 0.000130239 0.000144203 0.000000000 0.009869132 0.000000000
281.681239297 0.010085179 0.000009012 0.000103351 0.000054201 0.000129026 0.000108634 0.000142579 0.000162700 0.000000000 0.009375675 0.000000000
282.276131038 0.011869019 0.000003257 0.000045363 0.000052465 0.000159589 0.000159318 0.000174430 0.000171825 0.000000000 0.011102773 0.000000000
282.871022779 0.009172343 0.000000097 0.000002969 0.000038774 0.000076850 0.000172144 0.000121214 0.000124804 0.000000000 0.008635490 0.000000000
283.465914520 0.009981605 0.000000000 0.000000000 0.000013232 0.000000725 0.000070192 0.000009891 0.000018434 0.000000000 0.009869132 0.000000000
284.060806261 0.008397665 0.000000000 0.000000000 0.000001588 0.000000000 0.000007046 0.000000028 0.000000242 0.000000000 0.008388762 0.000000000
284.655698002 0.010116047 0.000000000 0.000000000 0.000000020 0.000000000 0.000000167 0.000000000 0.000000000 0.000000000 0.010115860 0.000000000
285.250589743 0.000493457 0.000000000 0.000000000 0.000000000 0.000000000 0.000000000 0.000000000 0.000000000 0.000000000 0.000493457 0.000000000
285.845481484 0.000000000 0.000000000 0.000000000 0.000000000 0.000000000 0.000000000 0.000000000 0.000000000 0.000000000 0.000000000 0.000000000
286.440373224 0.000000000 0.000000000 0.000000000 0.000000000 0.000000000 0.000000000 0.000000000 0.000000000 0.000000000 0.000000000 0.000000000
287.035264965 0.000000000 0.000000000 0.000000000 0.000000000 0.000000000 0.000000000 0.000000000 0.000000000 0.000000000 0.000000000 0.000000000
287.630156706 0.000000000 0.000000000 0.000000000 0.000000000 0.000000000 0.000000000 0.000000000 0.000000000 0.000000000 0.000000000 0.000000000
288.225048447 0.000000000 0.000000000 0.000000000 0.000000000 0.000000000 0.000000000 0.000000000 0.000000000 0.000000000 0.000000000 0.000000000
288.819940188 0.049345658 0.000000000 0.000000000 0.000000000 0.000000000 0.000000000 0.000000000 0.000000000 0.000000000 0.000000000 0.049345658
289.414831929 0.000000000 0.000000000 0.000000000 0.000000000 0.000000000 0.000000000 0.000000000 0.000000000 0.000000000 0.000000000 0.000000000
290.009723670 0.000000000 0.000000000 0.000000000 0.000000000 0.000000000 0.000000000 0.000000000 0.000000000 0.000000000 0.000000000 0.000000000
290.604615410 0.000000000 0.000000000 0.000000000 0.000000000 0.000000000 0.000000000 0.000000000 0.000000000 0.000000000 0.000000000 0.000000000
291.199507151 0.000000000 0.000000000 0.000000000 0.000000000 0.000000000 0.000000000 0.000000000 0.000000000 0.000000000 0.000000000 0.000000000
291.794398892 0.000000000 0.000000000 0.000000000 0.000000000 0.000000000 0.000000000 0.000000000 0.000000000 0.000000000 0.000000000 0.000000000
292.389290633 0.000000000 0.000000000 0.000000000 0.000000000 0.000000000 0.000000000 0.000000000 0.000000000 0.000000000 0.000000000 0.000000000
292.984182374 0.000000000 0.000000000 0.000000000 0.000000000 0.000000000 0.000000000 0.000000000 0.000000000 0.000000000 0.000000000 0.000000000
293.579074115 0.000000000 0.000000000 0.000000000 0.000000000 0.000000000 0.000000000 0.000000000 0.000000000 0.000000000 0.000000000 0.000000000
294.173965856 0.000000000 0.000000000 0.000000000 0.000000000 0.000000000 0.000000000 0.000000000 0.000000000 0.000000000 0.000000000 0.000000000
294.768857596 0.000000000 0.000000000 0.000000000 0.000000000 0.000000000 0.000000000 0.000000000 0.000000000 0.000000000 0.000000000 0.000000000
295.363749337 0.000000000 0.000000000 0.000000000 0.000000000 0.000000000 0.000000000 0.000000000 0.000000000 0.000000000 0.000000000 0.000000000
295.958641078 0.000000000 0.000000000 0.000000000 0.000000000 0.000000000 0.000000000 0.000000000 0.000000000 0.000000000 0.000000000 0.000000000
296.553532819 0.000000000 0.000000000 0.000000000 0.000000000 0.000000000 0.000000000 0.000000000 0.000000000 0.000000000 0.000000000 0.000000000
297.148424560 0.000000000 0.000000000 0.000000000 0.000000000 0.000000000 0.000000000 0.000000000 0.000000000 0.000000000 0.000000000 0.000000000
