# Ion number density
# The last    3 ion types are fixed
# Average over 661298 steps
# z (au)        total        A            Im1          Im2          Im3          N            C            Me           C1           C2           P
0.322762837 0.045475069 0.000000000 0.000000000 0.000000000 0.000000000 0.000000000 0.000000000 0.000000000 0.000000000 0.000000000 0.045475069
0.968288512 0.000000000 0.000000000 0.000000000 0.000000000 0.000000000 0.000000000 0.000000000 0.000000000 0.000000000 0.000000000 0.000000000
1.613814187 0.000000000 0.000000000 0.000000000 0.000000000 0.000000000 0.000000000 0.000000000 0.000000000 0.000000000 0.000000000 0.000000000
2.259339862 0.000000000 0.000000000 0.000000000 0.000000000 0.000000000 0.000000000 0.000000000 0.000000000 0.000000000 0.000000000 0.000000000
2.904865537 0.000000000 0.000000000 0.000000000 0.000000000 0.000000000 0.000000000 0.000000000 0.000000000 0.000000000 0.000000000 0.000000000
3.550391212 0.000000000 0.000000000 0.000000000 0.000000000 0.000000000 0.000000000 0.000000000 0.000000000 0.000000000 0.000000000 0.000000000
4.195916887 0.006366599 0.000000000 0.000000000 0.000000000 0.000000000 0.000000089 0.000000000 0.000000000 0.006366510 0.000000000 0.000000000
4.841442561 0.009554993 0.000000000 0.000000000 0.000001670 0.000000000 0.000003331 0.000000000 0.000000228 0.009549765 0.000000000 0.000000000
5.486968236 0.008489819 0.000000004 0.000000000 0.000015134 0.000000147 0.000032735 0.000002450 0.000026460 0.008412888 0.000000000 0.000000000
6.132493911 0.009922881 0.000003659 0.000000179 0.000032812 0.000010604 0.000096658 0.000061682 0.000167522 0.009549765 0.000000000 0.000000000
6.778019586 0.011718307 0.000144444 0.000005941 0.000037849 0.000057351 0.000127909 0.000196375 0.000234421 0.010914017 0.000000000 0.000000000
7.423545261 0.010716930 0.000243301 0.000029665 0.000045812 0.000097131 0.000138354 0.000230326 0.000155201 0.009777140 0.000000000 0.000000000
8.069070936 0.009607616 0.000165007 0.000045426 0.000064020 0.000109950 0.000122033 0.000138518 0.000095024 0.008867638 0.000000000 0.000000000
8.714596611 0.008801304 0.000108707 0.000041028 0.000093150 0.000098084 0.000091923 0.000064366 0.000118534 0.008185512 0.000000000 0.000000000
9.360122286 0.011911356 0.000069030 0.000032249 0.000083981 0.000089099 0.000057482 0.000068375 0.000142374 0.011368767 0.000000000 0.000000000
10.005647960 0.007174857 0.000039004 0.000038037 0.000088130 0.000088822 0.000069556 0.000122301 0.000135120 0.006593885 0.000000000 0.000000000
10.651173635 0.008163425 0.000052823 0.000058222 0.000114296 0.000076057 0.000110428 0.000140192 0.000108020 0.007503386 0.000000000 0.000000000
11.296699310 0.008455844 0.000163907 0.000070685 0.000119458 0.000050192 0.000147622 0.000103900 0.000069319 0.007730762 0.000000000 0.000000000
11.942224985 0.011301016 0.000281240 0.000122239 0.000144722 0.000052339 0.000114939 0.000080376 0.000045894 0.010459266 0.000000000 0.000000000
12.587750660 0.009944011 0.000243309 0.000213753 0.000142820 0.000072135 0.000074595 0.000067613 0.000034772 0.009095014 0.000000000 0.000000000
13.233276335 0.009632907 0.000153544 0.000277534 0.000115168 0.000074077 0.000070773 0.000046201 0.000027972 0.008867638 0.000000000 0.000000000
13.878802010 0.009750381 0.000116055 0.000242776 0.000100628 0.000069091 0.000064074 0.000037263 0.000025480 0.009095014 0.000000000 0.000000000
14.524327684 0.006997642 0.000113473 0.000181309 0.000127580 0.000077477 0.000059707 0.000031902 0.000039684 0.006366510 0.000000000 0.000000000
15.169853359 0.007511732 0.000099667 0.000132726 0.000179409 0.000108222 0.000062726 0.000036484 0.000071238 0.006821260 0.000000000 0.000000000
15.815379034 0.009532850 0.000083645 0.000164890 0.000265039 0.000139749 0.000084729 0.000052113 0.000102420 0.008640263 0.000000000 0.000000000
16.460904709 0.009485064 0.000082613 0.000177021 0.000327343 0.000137166 0.000134807 0.000087529 0.000125697 0.008412888 0.000000000 0.000000000
17.106430384 0.008979934 0.000108193 0.000164904 0.000424106 0.000108809 0.000164158 0.000141069 0.000137933 0.007730762 0.000000000 0.000000000
17.751956059 0.007732939 0.000181110 0.000161857 0.000367083 0.000148025 0.000146543 0.000224223 0.000137588 0.006366510 0.000000000 0.000000000
18.397481734 0.009148464 0.000256301 0.000191352 0.000221965 0.000188847 0.000136257 0.000229290 0.000193690 0.007730762 0.000000000 0.000000000
19.043007409 0.008111486 0.000264456 0.000237172 0.000181978 0.000164240 0.000159490 0.000172520 0.000337745 0.006593885 0.000000000 0.000000000
19.688533083 0.008368820 0.000229082 0.000224013 0.000170864 0.000156580 0.000183512 0.000175094 0.000408414 0.006821260 0.000000000 0.000000000
20.334058758 0.008592679 0.000281961 0.000219085 0.000144693 0.000164760 0.000211757 0.000232975 0.000288810 0.007048636 0.000000000 0.000000000
20.979584433 0.008505914 0.000228469 0.000170499 0.000121913 0.000189697 0.000215028 0.000325927 0.000205746 0.007048636 0.000000000 0.000000000
21.625110108 0.006664179 0.000161803 0.000104166 0.000105422 0.000262592 0.000216569 0.000402536 0.000181459 0.005229633 0.000000000 0.000000000
22.270635783 0.007681387 0.000161674 0.000102005 0.000094640 0.000209701 0.000268359 0.000322332 0.000156167 0.006366510 0.000000000 0.000000000
22.916161458 0.006130215 0.000292071 0.000141302 0.000101949 0.000164862 0.000279600 0.000193090 0.000182459 0.004774882 0.000000000 0.000000000
23.561687133 0.009136581 0.000335474 0.000211210 0.000114107 0.000161935 0.000249566 0.000116110 0.000217417 0.007730762 0.000000000 0.000000000
24.207212807 0.007201017 0.000207395 0.000244332 0.000132790 0.000198141 0.000299163 0.000164774 0.000270037 0.005684384 0.000000000 0.000000000
24.852738482 0.009026512 0.000091028 0.000205533 0.000138268 0.000236918 0.000241260 0.000278167 0.000331951 0.007503386 0.000000000 0.000000000
25.498264157 0.007871403 0.000041696 0.000181026 0.000128731 0.000197468 0.000130975 0.000157535 0.000212711 0.006821260 0.000000000 0.000000000
26.143789832 0.007285262 0.000040445 0.000200805 0.000131547 0.000143020 0.000114672 0.000120968 0.000167295 0.006366510 0.000000000 0.000000000
26.789315507 0.009401312 0.000081566 0.000229950 0.000132791 0.000144202 0.000114859 0.000123707 0.000161349 0.008412888 0.000000000 0.000000000
27.434841182 0.005964684 0.000133178 0.000242508 0.000145649 0.000229985 0.000126456 0.000155096 0.000156930 0.004774882 0.000000000 0.000000000
28.080366857 0.006804762 0.000175064 0.000199993 0.000164613 0.000303725 0.000149015 0.000191045 0.000164298 0.005457008 0.000000000 0.000000000
28.725892531 0.008733220 0.000199292 0.000179880 0.000201821 0.000324787 0.000175493 0.000214090 0.000161847 0.007276011 0.000000000 0.000000000
29.371418206 0.007237817 0.000265460 0.000157785 0.000237196 0.000365674 0.000194996 0.000197048 0.000135274 0.005684384 0.000000000 0.000000000
30.016943881 0.005597342 0.000236153 0.000128293 0.000228619 0.000410479 0.000198152 0.000176061 0.000126829 0.004092756 0.000000000 0.000000000
30.662469556 0.007233245 0.000241420 0.000151409 0.000194285 0.000378154 0.000235521 0.000202036 0.000146037 0.005684384 0.000000000 0.000000000
31.307995231 0.008079782 0.000332041 0.000205564 0.000167916 0.000316246 0.000310260 0.000218740 0.000162505 0.006366510 0.000000000 0.000000000
31.953520906 0.006271718 0.000339157 0.000289950 0.000164700 0.000194623 0.000383676 0.000201246 0.000150859 0.004547507 0.000000000 0.000000000
32.599046581 0.007642430 0.000294882 0.000316912 0.000179850 0.000128562 0.000367241 0.000278712 0.000164513 0.005911759 0.000000000 0.000000000
33.244572256 0.007821514 0.000237795 0.000330910 0.000213870 0.000213868 0.000255699 0.000339596 0.000318018 0.005911759 0.000000000 0.000000000
33.890097930 0.006328343 0.000164778 0.000305259 0.000247736 0.000251961 0.000187134 0.000242858 0.000381110 0.004547507 0.000000000 0.000000000
34.535623605 0.005403216 0.000138168 0.000269601 0.000267516 0.000239736 0.000146904 0.000195656 0.000280255 0.003865381 0.000000000 0.000000000
35.181149280 0.006570616 0.000128473 0.000214854 0.000264566 0.000227386 0.000124416 0.000195260 0.000186028 0.005229633 0.000000000 0.000000000
35.826674955 0.008751244 0.000128292 0.000180307 0.000219662 0.000234803 0.000125130 0.000187471 0.000172193 0.007503386 0.000000000 0.000000000
36.472200630 0.004925648 0.000158460 0.000148363 0.000219173 0.000253920 0.000151704 0.000162711 0.000193311 0.003638006 0.000000000 0.000000000
37.117726305 0.008261895 0.000264939 0.000138451 0.000239487 0.000226096 0.000216412 0.000137713 0.000217538 0.006821260 0.000000000 0.000000000
37.763251980 0.007807663 0.000277274 0.000162723 0.000310634 0.000233675 0.000299192 0.000169050 0.000215980 0.006139134 0.000000000 0.000000000
38.408777654 0.007992257 0.000160145 0.000237265 0.000294166 0.000181480 0.000317331 0.000231232 0.000204129 0.006366510 0.000000000 0.000000000
39.054303329 0.007128361 0.000202136 0.000363997 0.000194681 0.000123023 0.000270638 0.000300698 0.000216180 0.005457008 0.000000000 0.000000000
39.699829004 0.005134865 0.000259380 0.000341678 0.000152309 0.000156483 0.000272700 0.000320236 0.000221448 0.003410630 0.000000000 0.000000000
40.345354679 0.007383590 0.000295014 0.000192220 0.000126774 0.000230602 0.000307875 0.000319124 0.000227597 0.005684384 0.000000000 0.000000000
40.990880354 0.007803988 0.000274085 0.000143709 0.000133305 0.000233328 0.000316560 0.000305401 0.000258465 0.006139134 0.000000000 0.000000000
41.636406029 0.007296506 0.000259787 0.000152584 0.000157677 0.000240249 0.000279779 0.000277633 0.000244413 0.005684384 0.000000000 0.000000000
42.281931704 0.006899444 0.000245130 0.000170104 0.000210309 0.000244117 0.000261511 0.000272425 0.000266215 0.005229633 0.000000000 0.000000000
42.927457378 0.006833092 0.000205665 0.000163270 0.000244602 0.000185045 0.000269863 0.000250356 0.000284658 0.005229633 0.000000000 0.000000000
43.572983053 0.006214636 0.000169990 0.000159647 0.000253894 0.000181025 0.000312351 0.000285778 0.000304444 0.004547507 0.000000000 0.000000000
44.218508728 0.006271142 0.000168891 0.000165103 0.000234684 0.000185274 0.000315690 0.000328812 0.000325181 0.004547507 0.000000000 0.000000000
44.864034403 0.005656890 0.000111065 0.000199210 0.000186463 0.000142835 0.000278376 0.000288712 0.000357473 0.004092756 0.000000000 0.000000000
45.509560078 0.007190758 0.000074293 0.000242238 0.000139635 0.000124337 0.000259755 0.000294758 0.000371357 0.005684384 0.000000000 0.000000000
46.155085753 0.007846130 0.000060390 0.000199989 0.000127253 0.000115949 0.000286052 0.000347232 0.000342755 0.006366510 0.000000000 0.000000000
46.800611428 0.008015232 0.000075061 0.000141491 0.000141086 0.000104573 0.000316458 0.000321650 0.000321028 0.006593885 0.000000000 0.000000000
47.446137103 0.004808365 0.000171918 0.000103820 0.000154558 0.000109676 0.000310107 0.000259025 0.000288630 0.003410630 0.000000000 0.000000000
48.091662777 0.009558125 0.000206010 0.000078114 0.000142485 0.000120999 0.000312335 0.000267089 0.000245582 0.008185512 0.000000000 0.000000000
48.737188452 0.006379574 0.000135152 0.000091713 0.000159058 0.000126386 0.000306744 0.000317467 0.000240796 0.005002258 0.000000000 0.000000000
49.382714127 0.006926792 0.000056013 0.000114090 0.000177781 0.000114484 0.000356094 0.000362801 0.000288521 0.005457008 0.000000000 0.000000000
50.028239802 0.005902807 0.000051408 0.000091529 0.000173283 0.000102759 0.000454550 0.000325602 0.000383545 0.004320132 0.000000000 0.000000000
50.673765477 0.007989027 0.000073357 0.000173142 0.000181665 0.000100888 0.000509648 0.000397439 0.000413754 0.006139134 0.000000000 0.000000000
51.319291152 0.008407762 0.000134794 0.000210022 0.000172873 0.000150585 0.000516135 0.000488941 0.000367902 0.006366510 0.000000000 0.000000000
51.964816827 0.006779456 0.000267782 0.000166580 0.000163591 0.000206258 0.000436771 0.000455479 0.000308112 0.004774882 0.000000000 0.000000000
52.610342501 0.009536824 0.000124304 0.000159871 0.000172377 0.000197273 0.000333744 0.000477336 0.000341157 0.007730762 0.000000000 0.000000000
53.255868176 0.007298458 0.000075883 0.000140564 0.000151268 0.000176817 0.000326236 0.000402566 0.000340740 0.005684384 0.000000000 0.000000000
53.901393851 0.006598840 0.000051596 0.000111003 0.000127468 0.000143904 0.000303859 0.000292771 0.000338608 0.005229633 0.000000000 0.000000000
54.546919526 0.012424048 0.000055380 0.000120955 0.000103133 0.000122017 0.000299801 0.000219270 0.000362099 0.011141392 0.000000000 0.000000000
55.192445201 0.010821580 0.000065083 0.000121888 0.000081469 0.000115858 0.000279901 0.000220421 0.000387194 0.009549765 0.000000000 0.000000000
55.837970876 0.006878619 0.000070252 0.000117902 0.000073191 0.000093516 0.000225731 0.000253567 0.000360075 0.005684384 0.000000000 0.000000000
56.483496551 0.010039545 0.000089811 0.000133657 0.000072855 0.000074998 0.000202996 0.000287983 0.000309607 0.008867638 0.000000000 0.000000000
57.129022226 0.011245971 0.000151786 0.000122711 0.000086164 0.000067606 0.000214870 0.000319018 0.000279300 0.010004515 0.000000000 0.000000000
57.774547900 0.009549365 0.000242506 0.000084279 0.000133824 0.000080585 0.000248908 0.000297210 0.000276540 0.008185512 0.000000000 0.000000000
58.420073575 0.006513528 0.000268223 0.000080691 0.000218220 0.000089240 0.000298278 0.000253580 0.000303039 0.005002258 0.000000000 0.000000000
59.065599250 0.010278633 0.000366789 0.000103268 0.000220874 0.000118166 0.000310864 0.000208706 0.000309703 0.008640263 0.000000000 0.000000000
59.711124925 0.007540469 0.000405650 0.000121136 0.000194552 0.000196185 0.000219298 0.000211874 0.000280013 0.005911759 0.000000000 0.000000000
60.356650600 0.007233856 0.000307089 0.000146557 0.000176829 0.000221889 0.000188639 0.000295270 0.000213199 0.005684384 0.000000000 0.000000000
61.002176275 0.009851853 0.000220322 0.000154458 0.000165404 0.000160606 0.000241482 0.000319366 0.000177326 0.008412888 0.000000000 0.000000000
61.647701950 0.006832244 0.000170799 0.000180975 0.000166130 0.000129822 0.000257318 0.000260234 0.000209957 0.005457008 0.000000000 0.000000000
62.293227624 0.008921000 0.000109173 0.000226706 0.000184273 0.000112729 0.000235761 0.000213795 0.000335177 0.007503386 0.000000000 0.000000000
62.938753299 0.008352068 0.000178714 0.000245750 0.000207516 0.000099713 0.000230725 0.000222817 0.000345573 0.006821260 0.000000000 0.000000000
63.584278974 0.010229336 0.000191024 0.000268089 0.000214965 0.000150974 0.000244704 0.000333976 0.000185342 0.008640263 0.000000000 0.000000000
64.229804649 0.006806164 0.000055347 0.000276327 0.000194905 0.000196617 0.000285555 0.000201058 0.000139345 0.005457008 0.000000000 0.000000000
64.875330324 0.005976253 0.000046219 0.000274056 0.000163640 0.000197493 0.000196739 0.000152701 0.000170522 0.004774882 0.000000000 0.000000000
65.520855999 0.009881469 0.000065531 0.000242722 0.000137158 0.000218454 0.000173620 0.000187683 0.000216038 0.008640263 0.000000000 0.000000000
66.166381674 0.006973998 0.000097906 0.000186958 0.000118840 0.000272941 0.000197163 0.000176739 0.000239068 0.005684384 0.000000000 0.000000000
66.811907348 0.007487627 0.000131691 0.000131297 0.000119220 0.000337922 0.000214359 0.000169968 0.000244034 0.006139134 0.000000000 0.000000000
67.457433023 0.009432902 0.000182491 0.000088098 0.000137783 0.000300191 0.000251125 0.000226543 0.000288534 0.007958137 0.000000000 0.000000000
68.102958698 0.010278144 0.000209345 0.000077191 0.000141381 0.000191972 0.000297201 0.000261899 0.000231518 0.008867638 0.000000000 0.000000000
68.748484373 0.007008532 0.000159169 0.000107646 0.000124300 0.000144289 0.000317075 0.000288979 0.000182690 0.005684384 0.000000000 0.000000000
69.394010048 0.007577425 0.000150099 0.000132621 0.000112726 0.000134303 0.000345203 0.000356967 0.000206371 0.006139134 0.000000000 0.000000000
70.039535723 0.007831104 0.000173152 0.000065289 0.000126481 0.000130144 0.000378209 0.000307852 0.000283468 0.006366510 0.000000000 0.000000000
70.685061398 0.007062092 0.000128143 0.000061829 0.000168139 0.000114397 0.000444225 0.000322471 0.000365880 0.005457008 0.000000000 0.000000000
71.330587073 0.010545352 0.000107974 0.000137487 0.000188854 0.000092973 0.000381582 0.000401128 0.000367716 0.008867638 0.000000000 0.000000000
71.976112747 0.008131997 0.000187220 0.000188257 0.000181391 0.000105848 0.000335050 0.000403759 0.000363961 0.006366510 0.000000000 0.000000000
72.621638422 0.006195626 0.000293080 0.000241767 0.000194076 0.000129957 0.000286347 0.000413750 0.000316519 0.004320132 0.000000000 0.000000000
73.267164097 0.008736652 0.000226918 0.000222637 0.000198560 0.000155340 0.000234102 0.000353540 0.000296918 0.007048636 0.000000000 0.000000000
73.912689772 0.007975380 0.000164099 0.000244181 0.000205736 0.000173863 0.000251307 0.000266288 0.000303396 0.006366510 0.000000000 0.000000000
74.558215447 0.009086489 0.000097325 0.000237521 0.000223836 0.000207888 0.000217425 0.000300029 0.000299079 0.007503386 0.000000000 0.000000000
75.203741122 0.009347159 0.000057975 0.000221111 0.000192518 0.000219662 0.000235801 0.000169906 0.000292049 0.007958137 0.000000000 0.000000000
75.849266797 0.008591229 0.000065762 0.000140034 0.000141224 0.000205000 0.000166991 0.000107898 0.000260935 0.007503386 0.000000000 0.000000000
76.494792471 0.008448348 0.000111095 0.000112142 0.000119252 0.000197353 0.000086452 0.000094469 0.000224198 0.007503386 0.000000000 0.000000000
77.140318146 0.006199835 0.000178471 0.000120065 0.000111213 0.000189066 0.000073153 0.000108601 0.000189633 0.005229633 0.000000000 0.000000000
77.785843821 0.007895646 0.000261295 0.000124602 0.000105108 0.000154423 0.000105771 0.000156209 0.000166977 0.006821260 0.000000000 0.000000000
78.431369496 0.009223972 0.000328905 0.000139888 0.000124146 0.000154514 0.000170777 0.000179176 0.000168428 0.007958137 0.000000000 0.000000000
79.076895171 0.009710893 0.000265303 0.000167522 0.000164442 0.000136953 0.000244737 0.000165532 0.000153516 0.008412888 0.000000000 0.000000000
79.722420846 0.008525433 0.000180716 0.000174838 0.000182832 0.000110584 0.000281579 0.000181711 0.000137162 0.007276011 0.000000000 0.000000000
80.367946521 0.008208409 0.000303880 0.000134447 0.000165233 0.000104589 0.000312465 0.000215777 0.000150758 0.006821260 0.000000000 0.000000000
81.013472195 0.010287074 0.000080242 0.000105070 0.000129478 0.000105687 0.000328847 0.000259498 0.000183238 0.009095014 0.000000000 0.000000000
81.658997870 0.007887610 0.000045138 0.000118595 0.000112267 0.000124402 0.000349830 0.000305245 0.000238248 0.006593885 0.000000000 0.000000000
82.304523545 0.008000908 0.000028728 0.000130300 0.000104379 0.000142189 0.000341618 0.000374845 0.000284963 0.006593885 0.000000000 0.000000000
82.950049220 0.008944197 0.000020347 0.000116202 0.000088952 0.000145809 0.000342943 0.000439470 0.000287086 0.007503386 0.000000000 0.000000000
83.595574895 0.010512808 0.000023661 0.000100323 0.000079708 0.000167666 0.000342205 0.000397001 0.000307230 0.009095014 0.000000000 0.000000000
84.241100570 0.008558164 0.000049202 0.000090535 0.000082174 0.000151178 0.000313273 0.000286418 0.000309374 0.007276011 0.000000000 0.000000000
84.886626245 0.010840645 0.000125226 0.000093174 0.000105290 0.000144803 0.000322255 0.000198675 0.000301457 0.009549765 0.000000000 0.000000000
85.532151920 0.010041793 0.000204517 0.000092404 0.000154765 0.000155397 0.000341980 0.000189611 0.000262855 0.008640263 0.000000000 0.000000000
86.177677594 0.001720362 0.000216457 0.000092425 0.000220972 0.000185620 0.000297244 0.000252381 0.000227888 0.000227375 0.000000000 0.000000000
86.823203269 0.001668326 0.000210459 0.000118042 0.000240796 0.000261758 0.000261862 0.000355759 0.000219649 0.000000000 0.000000000 0.000000000
87.468728944 0.001871958 0.000193330 0.000218693 0.000237096 0.000321972 0.000254745 0.000378715 0.000267408 0.000000000 0.000000000 0.000000000
88.114254619 0.002045805 0.000221163 0.000298114 0.000259904 0.000338394 0.000257433 0.000304230 0.000366567 0.000000000 0.000000000 0.000000000
88.759780294 0.002362407 0.000261536 0.000349597 0.000299486 0.000341085 0.000305781 0.000311220 0.000493700 0.000000000 0.000000000 0.000000000
89.405305969 0.002752218 0.000263585 0.000387678 0.000373062 0.000340839 0.000457588 0.000368717 0.000560749 0.000000000 0.000000000 0.000000000
90.050831644 0.003358872 0.000342136 0.000419985 0.000435661 0.000387864 0.000673213 0.000480009 0.000620004 0.000000000 0.000000000 0.000000000
90.696357318 0.004186832 0.000496271 0.000491281 0.000466368 0.000470910 0.000764578 0.000767298 0.000730124 0.000000000 0.000000000 0.000000000
91.341882993 0.004534200 0.000727693 0.000521932 0.000425417 0.000574143 0.000707945 0.000850796 0.000726275 0.000000000 0.000000000 0.000000000
91.987408668 0.004286145 0.000897837 0.000533498 0.000361966 0.000614474 0.000561201 0.000683635 0.000633535 0.000000000 0.000000000 0.000000000
92.632934343 0.003679229 0.000786143 0.000553051 0.000329498 0.000485344 0.000437325 0.000564423 0.000523445 0.000000000 0.000000000 0.000000000
93.278460018 0.003065466 0.000603740 0.000494773 0.000325626 0.000319647 0.000389038 0.000496430 0.000436211 0.000000000 0.000000000 0.000000000
93.923985693 0.002686652 0.000482078 0.000387467 0.000334748 0.000253440 0.000410345 0.000422081 0.000396492 0.000000000 0.000000000 0.000000000
94.569511368 0.002506147 0.000383018 0.000314909 0.000348591 0.000253880 0.000444471 0.000393884 0.000367395 0.000000000 0.000000000 0.000000000
95.215037043 0.002489460 0.000281839 0.000257226 0.000381405 0.000301283 0.000480221 0.000412698 0.000374788 0.000000000 0.000000000 0.000000000
95.860562717 0.002662458 0.000211108 0.000290475 0.000425165 0.000384978 0.000502054 0.000420002 0.000428677 0.000000000 0.000000000 0.000000000
96.506088392 0.002921953 0.000209233 0.000393756 0.000479769 0.000453635 0.000504241 0.000418998 0.000462321 0.000000000 0.000000000 0.000000000
97.151614067 0.003233899 0.000258444 0.000513716 0.000533047 0.000521371 0.000492244 0.000437525 0.000477552 0.000000000 0.000000000 0.000000000
97.797139742 0.003512437 0.000319010 0.000603977 0.000579800 0.000551901 0.000483126 0.000486596 0.000488027 0.000000000 0.000000000 0.000000000
98.442665417 0.003608218 0.000361965 0.000618822 0.000607063 0.000551650 0.000473054 0.000516197 0.000479468 0.000000000 0.000000000 0.000000000
99.088191092 0.003544607 0.000421690 0.000564256 0.000604000 0.000540822 0.000462816 0.000497271 0.000453753 0.000000000 0.000000000 0.000000000
99.733716767 0.003385333 0.000461777 0.000514429 0.000560841 0.000528929 0.000426665 0.000452772 0.000439920 0.000000000 0.000000000 0.000000000
100.379242441 0.003188703 0.000465006 0.000490545 0.000522636 0.000483291 0.000410489 0.000398758 0.000417979 0.000000000 0.000000000 0.000000000
101.024768116 0.002934757 0.000437330 0.000474918 0.000455207 0.000448046 0.000408583 0.000352401 0.000358272 0.000000000 0.000000000 0.000000000
101.670293791 0.002774867 0.000408434 0.000482387 0.000405063 0.000426817 0.000403962 0.000319299 0.000328906 0.000000000 0.000000000 0.000000000
102.315819466 0.002777546 0.000445361 0.000476618 0.000384611 0.000401036 0.000409772 0.000331593 0.000328554 0.000000000 0.000000000 0.000000000
102.961345141 0.002826563 0.000537674 0.000426862 0.000383712 0.000368384 0.000421920 0.000372238 0.000315774 0.000000000 0.000000000 0.000000000
103.606870816 0.002966281 0.000641385 0.000366814 0.000398312 0.000351822 0.000442716 0.000430899 0.000334332 0.000000000 0.000000000 0.000000000
104.252396491 0.003151170 0.000695670 0.000355985 0.000427499 0.000340092 0.000454453 0.000489563 0.000387908 0.000000000 0.000000000 0.000000000
104.897922165 0.003250034 0.000671375 0.000397797 0.000456563 0.000329849 0.000445785 0.000505924 0.000442741 0.000000000 0.000000000 0.000000000
105.543447840 0.003286888 0.000581869 0.000451469 0.000491598 0.000329769 0.000432191 0.000485842 0.000514150 0.000000000 0.000000000 0.000000000
106.188973515 0.003250304 0.000467829 0.000459843 0.000512352 0.000342267 0.000421677 0.000482099 0.000564237 0.000000000 0.000000000 0.000000000
106.834499190 0.003161319 0.000371874 0.000413295 0.000517154 0.000397242 0.000397724 0.000474620 0.000589408 0.000000000 0.000000000 0.000000000
107.480024865 0.003039381 0.000322684 0.000366979 0.000501948 0.000458194 0.000353432 0.000452184 0.000583960 0.000000000 0.000000000 0.000000000
108.125550540 0.002932710 0.000285097 0.000372701 0.000488620 0.000513492 0.000329315 0.000403415 0.000540070 0.000000000 0.000000000 0.000000000
108.771076215 0.002881202 0.000291397 0.000403075 0.000494420 0.000552662 0.000327624 0.000364282 0.000447741 0.000000000 0.000000000 0.000000000
109.416601890 0.002892193 0.000339919 0.000426307 0.000498761 0.000555723 0.000349196 0.000346759 0.000375527 0.000000000 0.000000000 0.000000000
110.062127564 0.002892689 0.000381116 0.000438955 0.000488789 0.000501403 0.000389223 0.000356882 0.000336321 0.000000000 0.000000000 0.000000000
110.707653239 0.002984528 0.000429916 0.000465567 0.000488245 0.000455051 0.000435269 0.000356162 0.000354318 0.000000000 0.000000000 0.000000000
111.353178914 0.003149344 0.000493620 0.000535681 0.000474579 0.000426395 0.000465597 0.000367536 0.000385936 0.000000000 0.000000000 0.000000000
111.998704589 0.003217039 0.000520977 0.000593921 0.000460768 0.000404894 0.000448490 0.000394406 0.000393582 0.000000000 0.000000000 0.000000000
112.644230264 0.003258081 0.000569325 0.000597750 0.000447191 0.000421903 0.000425609 0.000431032 0.000365271 0.000000000 0.000000000 0.000000000
113.289755939 0.003299794 0.000624907 0.000544509 0.000442440 0.000447954 0.000432704 0.000472167 0.000335113 0.000000000 0.000000000 0.000000000
113.935281614 0.003251906 0.000604900 0.000507434 0.000432641 0.000454116 0.000455635 0.000467403 0.000329776 0.000000000 0.000000000 0.000000000
114.580807288 0.003060492 0.000533621 0.000476791 0.000416284 0.000400309 0.000460047 0.000424479 0.000348962 0.000000000 0.000000000 0.000000000
115.226332963 0.002941556 0.000462972 0.000462973 0.000406386 0.000366201 0.000457075 0.000395715 0.000390234 0.000000000 0.000000000 0.000000000
115.871858638 0.002939825 0.000409873 0.000458315 0.000420434 0.000362213 0.000447778 0.000404556 0.000436656 0.000000000 0.000000000 0.000000000
116.517384313 0.002997479 0.000396123 0.000438539 0.000429369 0.000395921 0.000426377 0.000427576 0.000483575 0.000000000 0.000000000 0.000000000
117.162909988 0.003118288 0.000367563 0.000430682 0.000440805 0.000435785 0.000409025 0.000485209 0.000549220 0.000000000 0.000000000 0.000000000
117.808435663 0.003157746 0.000334741 0.000403557 0.000421004 0.000472985 0.000406430 0.000509164 0.000609865 0.000000000 0.000000000 0.000000000
118.453961338 0.003167353 0.000327273 0.000374485 0.000405618 0.000493868 0.000425321 0.000512814 0.000627973 0.000000000 0.000000000 0.000000000
119.099487012 0.003236858 0.000386266 0.000343772 0.000403743 0.000503505 0.000453740 0.000504920 0.000640912 0.000000000 0.000000000 0.000000000
119.745012687 0.003311988 0.000439772 0.000327191 0.000416833 0.000496286 0.000479683 0.000522680 0.000629543 0.000000000 0.000000000 0.000000000
120.390538362 0.003373542 0.000494997 0.000341055 0.000414943 0.000487045 0.000501379 0.000554324 0.000579799 0.000000000 0.000000000 0.000000000
121.036064037 0.003310661 0.000483274 0.000361495 0.000404624 0.000454425 0.000518329 0.000574921 0.000513592 0.000000000 0.000000000 0.000000000
121.681589712 0.003186097 0.000463292 0.000383477 0.000381978 0.000432456 0.000525643 0.000546547 0.000452703 0.000000000 0.000000000 0.000000000
122.327115387 0.002986298 0.000427576 0.000391463 0.000366805 0.000418521 0.000502599 0.000484641 0.000394693 0.000000000 0.000000000 0.000000000
122.972641062 0.002850604 0.000411220 0.000382767 0.000381550 0.000421631 0.000458348 0.000418027 0.000377061 0.000000000 0.000000000 0.000000000
123.618166737 0.002864508 0.000434648 0.000421790 0.000410863 0.000429392 0.000418150 0.000367779 0.000381886 0.000000000 0.000000000 0.000000000
124.263692411 0.002984657 0.000493872 0.000461687 0.000437587 0.000472053 0.000385501 0.000353631 0.000380325 0.000000000 0.000000000 0.000000000
124.909218086 0.003140422 0.000541285 0.000520492 0.000465814 0.000510991 0.000372395 0.000356685 0.000372760 0.000000000 0.000000000 0.000000000
125.554743761 0.003143418 0.000535628 0.000518546 0.000465170 0.000515758 0.000385084 0.000358239 0.000364993 0.000000000 0.000000000 0.000000000
126.200269436 0.003135772 0.000523293 0.000476030 0.000475574 0.000483730 0.000424660 0.000386894 0.000365590 0.000000000 0.000000000 0.000000000
126.845795111 0.003096014 0.000470572 0.000449907 0.000463594 0.000482590 0.000449846 0.000407375 0.000372129 0.000000000 0.000000000 0.000000000
127.491320786 0.003030599 0.000383501 0.000469937 0.000464904 0.000487075 0.000434650 0.000413116 0.000377417 0.000000000 0.000000000 0.000000000
128.136846461 0.002967019 0.000320112 0.000497075 0.000448388 0.000508940 0.000408785 0.000396412 0.000387308 0.000000000 0.000000000 0.000000000
128.782372135 0.002908194 0.000315991 0.000508533 0.000427553 0.000520146 0.000391413 0.000373412 0.000371145 0.000000000 0.000000000 0.000000000
129.427897810 0.002850233 0.000318212 0.000524512 0.000429888 0.000509896 0.000374184 0.000348047 0.000345495 0.000000000 0.000000000 0.000000000
130.073423485 0.002881272 0.000359953 0.000540011 0.000463109 0.000471723 0.000361317 0.000352846 0.000332311 0.000000000 0.000000000 0.000000000
130.718949160 0.002973779 0.000423839 0.000544624 0.000493776 0.000451365 0.000343144 0.000370822 0.000346210 0.000000000 0.000000000 0.000000000
131.364474835 0.003078951 0.000495106 0.000532283 0.000512096 0.000436570 0.000335713 0.000388431 0.000378752 0.000000000 0.000000000 0.000000000
132.010000510 0.003105457 0.000564587 0.000490426 0.000522406 0.000427384 0.000329594 0.000382226 0.000388834 0.000000000 0.000000000 0.000000000
132.655526185 0.003068020 0.000603670 0.000451957 0.000504268 0.000421801 0.000327898 0.000369779 0.000388648 0.000000000 0.000000000 0.000000000
133.301051860 0.003023886 0.000625674 0.000431881 0.000471830 0.000416279 0.000339588 0.000361137 0.000377497 0.000000000 0.000000000 0.000000000
133.946577534 0.002991701 0.000640896 0.000433344 0.000448197 0.000427495 0.000345764 0.000340028 0.000355979 0.000000000 0.000000000 0.000000000
134.592103209 0.002917870 0.000603170 0.000428576 0.000434348 0.000434584 0.000356193 0.000324874 0.000336126 0.000000000 0.000000000 0.000000000
135.237628884 0.002835358 0.000547459 0.000415346 0.000444025 0.000429455 0.000358308 0.000326811 0.000313954 0.000000000 0.000000000 0.000000000
135.883154559 0.002786926 0.000473862 0.000411635 0.000456012 0.000420860 0.000375164 0.000334935 0.000314459 0.000000000 0.000000000 0.000000000
136.528680234 0.002779844 0.000424280 0.000414962 0.000469092 0.000414400 0.000393358 0.000340132 0.000323622 0.000000000 0.000000000 0.000000000
137.174205909 0.002852587 0.000398080 0.000455062 0.000487118 0.000423377 0.000402431 0.000350805 0.000335714 0.000000000 0.000000000 0.000000000
137.819731584 0.002940398 0.000380925 0.000498736 0.000495144 0.000459776 0.000395380 0.000363067 0.000347370 0.000000000 0.000000000 0.000000000
138.465257258 0.003029130 0.000370465 0.000530020 0.000494146 0.000504177 0.000384682 0.000376659 0.000368981 0.000000000 0.000000000 0.000000000
139.110782933 0.003117597 0.000338511 0.000539219 0.000494098 0.000557310 0.000384898 0.000391391 0.000412170 0.000000000 0.000000000 0.000000000
139.756308608 0.003178470 0.000330148 0.000525062 0.000513882 0.000577591 0.000387215 0.000406804 0.000437768 0.000000000 0.000000000 0.000000000
140.401834283 0.003204224 0.000341676 0.000513225 0.000521582 0.000572374 0.000402343 0.000407784 0.000445239 0.000000000 0.000000000 0.000000000
141.047359958 0.003211479 0.000383255 0.000503720 0.000509895 0.000546991 0.000416584 0.000418524 0.000432509 0.000000000 0.000000000 0.000000000
141.692885633 0.003191673 0.000430048 0.000478057 0.000482577 0.000525072 0.000422979 0.000422095 0.000430845 0.000000000 0.000000000 0.000000000
142.338411308 0.003103130 0.000458774 0.000444845 0.000432487 0.000461844 0.000444566 0.000445548 0.000415065 0.000000000 0.000000000 0.000000000
142.983936982 0.003018973 0.000472595 0.000399721 0.000404911 0.000386449 0.000465066 0.000473608 0.000416623 0.000000000 0.000000000 0.000000000
143.629462657 0.003032473 0.000492640 0.000369774 0.000399872 0.000341523 0.000502902 0.000487815 0.000437947 0.000000000 0.000000000 0.000000000
144.274988332 0.003125735 0.000496401 0.000377299 0.000384692 0.000338800 0.000553609 0.000501057 0.000473877 0.000000000 0.000000000 0.000000000
144.920514007 0.003229218 0.000511358 0.000362559 0.000375609 0.000341482 0.000587981 0.000528940 0.000521290 0.000000000 0.000000000 0.000000000
145.566039682 0.003338646 0.000552954 0.000323230 0.000382172 0.000337545 0.000589599 0.000570662 0.000582483 0.000000000 0.000000000 0.000000000
146.211565357 0.003399319 0.000575800 0.000318672 0.000403095 0.000326397 0.000579701 0.000585189 0.000610465 0.000000000 0.000000000 0.000000000
146.857091032 0.003445116 0.000544893 0.000324311 0.000405908 0.000331783 0.000597802 0.000612056 0.000628363 0.000000000 0.000000000 0.000000000
147.502616707 0.003413500 0.000437533 0.000359581 0.000406544 0.000355176 0.000585125 0.000638770 0.000630772 0.000000000 0.000000000 0.000000000
148.148142381 0.003430338 0.000339790 0.000397963 0.000392843 0.000397162 0.000579968 0.000669563 0.000653049 0.000000000 0.000000000 0.000000000
148.793668056 0.003460368 0.000284920 0.000413541 0.000396985 0.000442298 0.000569609 0.000679638 0.000673377 0.000000000 0.000000000 0.000000000
149.439193731 0.003462063 0.000245816 0.000445885 0.000371528 0.000470571 0.000580946 0.000671252 0.000676065 0.000000000 0.000000000 0.000000000
150.084719406 0.003445537 0.000245539 0.000462086 0.000364796 0.000490728 0.000601237 0.000627538 0.000653613 0.000000000 0.000000000 0.000000000
150.730245081 0.003402418 0.000264052 0.000460957 0.000364639 0.000495772 0.000621392 0.000573620 0.000621988 0.000000000 0.000000000 0.000000000
151.375770756 0.003300418 0.000290383 0.000438049 0.000371284 0.000478603 0.000627354 0.000536446 0.000558299 0.000000000 0.000000000 0.000000000
152.021296431 0.003260750 0.000325178 0.000437602 0.000395540 0.000463031 0.000614746 0.000527715 0.000496937 0.000000000 0.000000000 0.000000000
152.666822105 0.003212330 0.000355409 0.000433713 0.000411319 0.000460308 0.000583848 0.000515124 0.000452608 0.000000000 0.000000000 0.000000000
153.312347780 0.003192899 0.000370018 0.000443322 0.000428290 0.000451550 0.000538941 0.000505374 0.000455404 0.000000000 0.000000000 0.000000000
153.957873455 0.003165694 0.000404882 0.000425487 0.000430718 0.000445371 0.000506411 0.000499952 0.000452873 0.000000000 0.000000000 0.000000000
154.603399130 0.003212064 0.000469847 0.000433027 0.000423697 0.000435407 0.000501233 0.000505314 0.000443540 0.000000000 0.000000000 0.000000000
155.248924805 0.003219071 0.000527034 0.000404670 0.000416861 0.000423710 0.000503303 0.000505221 0.000438272 0.000000000 0.000000000 0.000000000
155.894450480 0.003208280 0.000575386 0.000377804 0.000426207 0.000426543 0.000486122 0.000497255 0.000418965 0.000000000 0.000000000 0.000000000
156.539976155 0.003215554 0.000591547 0.000367328 0.000443466 0.000424834 0.000467098 0.000472713 0.000448568 0.000000000 0.000000000 0.000000000
157.185501829 0.003202183 0.000554062 0.000386684 0.000463952 0.000393743 0.000466480 0.000458997 0.000478266 0.000000000 0.000000000 0.000000000
157.831027504 0.003185822 0.000518346 0.000414836 0.000479240 0.000362376 0.000464410 0.000446941 0.000499673 0.000000000 0.000000000 0.000000000
158.476553179 0.003195390 0.000472627 0.000476187 0.000487457 0.000333851 0.000461479 0.000440012 0.000523777 0.000000000 0.000000000 0.000000000
159.122078854 0.003173867 0.000421601 0.000496303 0.000485236 0.000336113 0.000454100 0.000455492 0.000525022 0.000000000 0.000000000 0.000000000
159.767604529 0.003125076 0.000388329 0.000459481 0.000485789 0.000351269 0.000453213 0.000465419 0.000521575 0.000000000 0.000000000 0.000000000
160.413130204 0.003078490 0.000356183 0.000443635 0.000472732 0.000380145 0.000443770 0.000480561 0.000501464 0.000000000 0.000000000 0.000000000
161.058655879 0.003054565 0.000344884 0.000429262 0.000471250 0.000405761 0.000443777 0.000481827 0.000477803 0.000000000 0.000000000 0.000000000
161.704181554 0.003114527 0.000339069 0.000427389 0.000494945 0.000419062 0.000460865 0.000488492 0.000484705 0.000000000 0.000000000 0.000000000
162.349707228 0.003191758 0.000363378 0.000445347 0.000510273 0.000426804 0.000468087 0.000482632 0.000495237 0.000000000 0.000000000 0.000000000
162.995232903 0.003283557 0.000424747 0.000479444 0.000515540 0.000433472 0.000484777 0.000470543 0.000475035 0.000000000 0.000000000 0.000000000
163.640758578 0.003359462 0.000466536 0.000506291 0.000506842 0.000451594 0.000500526 0.000463859 0.000463813 0.000000000 0.000000000 0.000000000
164.286284253 0.003384662 0.000486943 0.000523863 0.000464166 0.000474482 0.000496131 0.000472253 0.000466824 0.000000000 0.000000000 0.000000000
164.931809928 0.003386260 0.000504985 0.000531109 0.000420648 0.000478036 0.000501592 0.000476354 0.000473536 0.000000000 0.000000000 0.000000000
165.577335603 0.003273595 0.000490609 0.000508168 0.000386828 0.000444587 0.000493325 0.000483774 0.000466305 0.000000000 0.000000000 0.000000000
166.222861278 0.003091731 0.000432013 0.000459996 0.000359791 0.000431430 0.000477520 0.000469719 0.000461263 0.000000000 0.000000000 0.000000000
166.868386952 0.002974276 0.000410095 0.000425909 0.000348860 0.000435517 0.000459963 0.000465158 0.000428775 0.000000000 0.000000000 0.000000000
167.513912627 0.002958480 0.000434787 0.000357046 0.000369914 0.000437827 0.000457130 0.000465024 0.000436752 0.000000000 0.000000000 0.000000000
168.159438302 0.003014462 0.000452619 0.000314873 0.000394382 0.000441476 0.000469946 0.000484356 0.000456810 0.000000000 0.000000000 0.000000000
168.804963977 0.003091588 0.000448620 0.000306785 0.000397528 0.000440115 0.000505727 0.000494767 0.000498045 0.000000000 0.000000000 0.000000000
169.450489652 0.003183833 0.000428301 0.000309270 0.000393139 0.000443864 0.000539545 0.000529429 0.000540286 0.000000000 0.000000000 0.000000000
170.096015327 0.003347408 0.000414463 0.000339706 0.000384073 0.000446979 0.000575088 0.000589534 0.000597565 0.000000000 0.000000000 0.000000000
170.741541002 0.003510765 0.000411998 0.000381162 0.000375290 0.000447851 0.000608939 0.000629275 0.000656250 0.000000000 0.000000000 0.000000000
171.387066677 0.003527185 0.000399857 0.000409717 0.000355922 0.000435017 0.000618922 0.000632095 0.000675655 0.000000000 0.000000000 0.000000000
172.032592351 0.003497217 0.000397072 0.000416651 0.000348458 0.000423105 0.000623290 0.000612223 0.000676417 0.000000000 0.000000000 0.000000000
172.678118026 0.003440999 0.000385107 0.000405135 0.000352437 0.000417798 0.000611555 0.000607225 0.000661742 0.000000000 0.000000000 0.000000000
173.323643701 0.003344146 0.000332862 0.000398434 0.000375997 0.000385110 0.000603493 0.000620226 0.000628025 0.000000000 0.000000000 0.000000000
173.969169376 0.003330177 0.000319861 0.000409888 0.000406976 0.000353298 0.000590067 0.000652741 0.000597346 0.000000000 0.000000000 0.000000000
174.614695051 0.003343129 0.000327291 0.000441256 0.000451214 0.000353104 0.000574934 0.000626704 0.000568625 0.000000000 0.000000000 0.000000000
175.260220726 0.003382058 0.000372271 0.000445184 0.000478777 0.000372741 0.000558071 0.000599372 0.000555643 0.000000000 0.000000000 0.000000000
175.905746401 0.003362098 0.000410246 0.000427754 0.000453165 0.000414574 0.000555850 0.000563122 0.000537386 0.000000000 0.000000000 0.000000000
176.551272075 0.003262512 0.000432641 0.000407400 0.000414149 0.000431645 0.000540985 0.000511763 0.000523929 0.000000000 0.000000000 0.000000000
177.196797750 0.003228691 0.000435993 0.000389570 0.000405799 0.000444484 0.000536774 0.000500272 0.000515799 0.000000000 0.000000000 0.000000000
177.842323425 0.003228143 0.000443306 0.000377802 0.000411938 0.000457447 0.000524796 0.000498347 0.000514507 0.000000000 0.000000000 0.000000000
178.487849100 0.003238698 0.000492872 0.000380377 0.000399881 0.000448075 0.000519666 0.000490404 0.000507422 0.000000000 0.000000000 0.000000000
179.133374775 0.003239749 0.000510307 0.000392082 0.000395302 0.000433804 0.000523811 0.000484314 0.000500130 0.000000000 0.000000000 0.000000000
179.778900450 0.003112785 0.000469305 0.000405377 0.000369000 0.000412947 0.000502959 0.000483586 0.000469612 0.000000000 0.000000000 0.000000000
180.424426125 0.003038940 0.000436285 0.000418353 0.000364552 0.000413388 0.000481437 0.000481184 0.000443742 0.000000000 0.000000000 0.000000000
181.069951799 0.003043815 0.000423396 0.000400295 0.000384520 0.000463861 0.000473611 0.000466701 0.000431431 0.000000000 0.000000000 0.000000000
181.715477474 0.003084261 0.000401179 0.000429449 0.000422095 0.000494177 0.000456618 0.000449651 0.000431091 0.000000000 0.000000000 0.000000000
182.361003149 0.003143971 0.000374579 0.000470670 0.000471903 0.000500398 0.000426335 0.000450887 0.000449198 0.000000000 0.000000000 0.000000000
183.006528824 0.003144559 0.000379927 0.000510475 0.000506498 0.000466992 0.000376123 0.000439559 0.000464986 0.000000000 0.000000000 0.000000000
183.652054499 0.003159991 0.000453704 0.000536442 0.000521700 0.000404044 0.000346764 0.000425619 0.000471717 0.000000000 0.000000000 0.000000000
184.297580174 0.003107492 0.000493432 0.000528508 0.000524738 0.000359557 0.000340398 0.000388101 0.000472757 0.000000000 0.000000000 0.000000000
184.943105849 0.003059397 0.000504475 0.000511229 0.000510698 0.000338038 0.000353228 0.000370891 0.000470839 0.000000000 0.000000000 0.000000000
185.588631524 0.003073599 0.000502799 0.000508788 0.000505506 0.000335220 0.000393797 0.000370783 0.000456706 0.000000000 0.000000000 0.000000000
186.234157198 0.003127630 0.000481771 0.000498448 0.000508634 0.000355281 0.000440592 0.000397019 0.000445884 0.000000000 0.000000000 0.000000000
186.879682873 0.003209003 0.000448850 0.000475296 0.000488756 0.000390764 0.000488323 0.000460331 0.000456683 0.000000000 0.000000000 0.000000000
187.525208548 0.003231760 0.000417545 0.000426704 0.000455259 0.000384014 0.000541078 0.000517906 0.000489254 0.000000000 0.000000000 0.000000000
188.170734223 0.003260641 0.000421323 0.000385659 0.000435358 0.000359489 0.000582640 0.000551033 0.000525139 0.000000000 0.000000000 0.000000000
188.816259898 0.003222880 0.000427336 0.000343950 0.000399051 0.000353960 0.000601449 0.000570559 0.000526576 0.000000000 0.000000000 0.000000000
189.461785573 0.003329934 0.000468499 0.000341495 0.000391957 0.000384366 0.000593304 0.000614856 0.000535457 0.000000000 0.000000000 0.000000000
190.107311248 0.003423696 0.000490249 0.000349533 0.000392295 0.000424823 0.000574510 0.000635191 0.000557097 0.000000000 0.000000000 0.000000000
190.752836922 0.003417445 0.000455033 0.000333827 0.000424532 0.000459341 0.000540716 0.000608372 0.000595624 0.000000000 0.000000000 0.000000000
191.398362597 0.003337961 0.000391055 0.000321222 0.000449479 0.000474329 0.000513509 0.000572027 0.000616340 0.000000000 0.000000000 0.000000000
192.043888272 0.003277230 0.000362016 0.000324236 0.000457130 0.000479286 0.000487481 0.000539939 0.000627143 0.000000000 0.000000000 0.000000000
192.689413947 0.003212795 0.000334367 0.000354238 0.000451517 0.000480338 0.000476924 0.000509333 0.000606077 0.000000000 0.000000000 0.000000000
193.334939622 0.003123226 0.000316143 0.000370281 0.000432693 0.000473324 0.000485930 0.000486697 0.000558158 0.000000000 0.000000000 0.000000000
193.980465297 0.003053887 0.000335516 0.000406039 0.000403304 0.000454972 0.000491958 0.000463093 0.000499006 0.000000000 0.000000000 0.000000000
194.625990972 0.003060855 0.000394695 0.000446206 0.000378027 0.000445318 0.000492511 0.000445318 0.000458780 0.000000000 0.000000000 0.000000000
195.271516647 0.003126727 0.000465793 0.000497802 0.000366329 0.000440341 0.000471933 0.000451218 0.000433312 0.000000000 0.000000000 0.000000000
195.917042321 0.003148269 0.000465146 0.000535685 0.000363643 0.000436800 0.000468872 0.000462598 0.000415524 0.000000000 0.000000000 0.000000000
196.562567996 0.003133380 0.000462728 0.000533924 0.000364433 0.000409886 0.000467869 0.000473323 0.000421217 0.000000000 0.000000000 0.000000000
197.208093671 0.003207073 0.000508039 0.000553721 0.000359106 0.000391254 0.000476541 0.000486149 0.000432263 0.000000000 0.000000000 0.000000000
197.853619346 0.003347652 0.000557277 0.000551022 0.000358153 0.000418575 0.000492849 0.000511503 0.000458273 0.000000000 0.000000000 0.000000000
198.499145021 0.003385102 0.000554517 0.000516985 0.000367251 0.000447471 0.000526716 0.000515477 0.000456684 0.000000000 0.000000000 0.000000000
199.144670696 0.003345262 0.000496229 0.000485990 0.000394437 0.000476099 0.000548773 0.000484420 0.000459314 0.000000000 0.000000000 0.000000000
199.790196371 0.003273188 0.000422983 0.000458259 0.000444195 0.000483766 0.000529937 0.000466571 0.000467478 0.000000000 0.000000000 0.000000000
200.435722045 0.003094569 0.000332729 0.000381296 0.000489367 0.000464431 0.000495394 0.000456807 0.000474546 0.000000000 0.000000000 0.000000000
201.081247720 0.002972683 0.000297431 0.000332671 0.000522988 0.000415395 0.000476351 0.000466294 0.000461552 0.000000000 0.000000000 0.000000000
201.726773395 0.002934309 0.000304467 0.000326328 0.000539354 0.000408310 0.000458932 0.000453915 0.000443002 0.000000000 0.000000000 0.000000000
202.372299070 0.002960576 0.000340480 0.000354798 0.000522023 0.000436552 0.000427268 0.000443460 0.000435995 0.000000000 0.000000000 0.000000000
203.017824745 0.002981032 0.000388889 0.000393334 0.000457046 0.000476187 0.000409022 0.000437822 0.000418730 0.000000000 0.000000000 0.000000000
203.663350420 0.002999772 0.000423731 0.000408100 0.000408582 0.000476841 0.000401862 0.000445089 0.000435567 0.000000000 0.000000000 0.000000000
204.308876095 0.003026581 0.000449245 0.000439663 0.000398634 0.000466994 0.000399586 0.000427820 0.000444640 0.000000000 0.000000000 0.000000000
204.954401769 0.003116411 0.000473698 0.000473127 0.000413219 0.000472586 0.000403075 0.000415879 0.000464827 0.000000000 0.000000000 0.000000000
205.599927444 0.003200337 0.000502107 0.000510480 0.000408540 0.000516165 0.000409053 0.000398653 0.000455339 0.000000000 0.000000000 0.000000000
206.245453119 0.003242314 0.000554528 0.000515807 0.000411084 0.000537201 0.000406730 0.000386528 0.000430435 0.000000000 0.000000000 0.000000000
206.890978794 0.003165235 0.000598076 0.000480263 0.000412591 0.000516860 0.000397234 0.000381784 0.000378427 0.000000000 0.000000000 0.000000000
207.536504469 0.003093533 0.000634056 0.000435357 0.000413723 0.000500350 0.000386986 0.000386848 0.000336212 0.000000000 0.000000000 0.000000000
208.182030144 0.003016427 0.000608466 0.000437386 0.000404484 0.000482210 0.000385113 0.000380178 0.000318590 0.000000000 0.000000000 0.000000000
208.827555819 0.002873390 0.000479088 0.000440514 0.000400553 0.000461114 0.000413240 0.000349224 0.000329656 0.000000000 0.000000000 0.000000000
209.473081494 0.002862450 0.000365720 0.000485844 0.000409630 0.000431171 0.000448046 0.000366440 0.000355598 0.000000000 0.000000000 0.000000000
210.118607168 0.002957766 0.000336123 0.000498997 0.000430281 0.000403484 0.000494293 0.000412083 0.000382505 0.000000000 0.000000000 0.000000000
210.764132843 0.003095537 0.000346632 0.000491874 0.000449142 0.000384343 0.000527571 0.000467789 0.000428186 0.000000000 0.000000000 0.000000000
211.409658518 0.003238436 0.000316135 0.000469649 0.000480442 0.000391279 0.000575653 0.000529247 0.000476030 0.000000000 0.000000000 0.000000000
212.055184193 0.003382270 0.000300132 0.000424111 0.000516653 0.000402902 0.000612914 0.000581081 0.000544477 0.000000000 0.000000000 0.000000000
212.700709868 0.003475081 0.000316729 0.000400009 0.000526665 0.000403077 0.000620389 0.000616758 0.000591454 0.000000000 0.000000000 0.000000000
213.346235543 0.003593246 0.000348362 0.000407794 0.000514729 0.000398338 0.000617489 0.000652185 0.000654348 0.000000000 0.000000000 0.000000000
213.991761218 0.003629620 0.000353508 0.000444926 0.000462698 0.000426022 0.000612126 0.000678303 0.000652036 0.000000000 0.000000000 0.000000000
214.637286892 0.003591437 0.000331382 0.000451819 0.000433371 0.000452812 0.000607198 0.000677833 0.000637023 0.000000000 0.000000000 0.000000000
215.282812567 0.003484267 0.000342016 0.000438315 0.000406355 0.000467334 0.000577526 0.000641492 0.000611229 0.000000000 0.000000000 0.000000000
215.928338242 0.003327921 0.000396506 0.000399701 0.000383756 0.000459762 0.000528751 0.000589237 0.000570210 0.000000000 0.000000000 0.000000000
216.573863917 0.003136571 0.000453531 0.000364158 0.000378850 0.000440767 0.000462045 0.000517025 0.000520195 0.000000000 0.000000000 0.000000000
217.219389592 0.002918484 0.000501139 0.000318506 0.000352853 0.000409534 0.000419282 0.000435106 0.000482063 0.000000000 0.000000000 0.000000000
217.864915267 0.002797838 0.000533085 0.000302035 0.000322963 0.000408344 0.000380725 0.000384513 0.000466172 0.000000000 0.000000000 0.000000000
218.510440942 0.002755951 0.000574481 0.000324213 0.000316026 0.000401997 0.000361761 0.000336467 0.000441006 0.000000000 0.000000000 0.000000000
219.155966616 0.002733576 0.000579766 0.000353835 0.000340128 0.000385259 0.000356993 0.000302838 0.000414757 0.000000000 0.000000000 0.000000000
219.801492291 0.002830505 0.000566637 0.000390947 0.000401157 0.000395786 0.000367716 0.000306741 0.000401521 0.000000000 0.000000000 0.000000000
220.447017966 0.003058486 0.000594114 0.000421386 0.000495913 0.000438892 0.000363327 0.000348794 0.000396061 0.000000000 0.000000000 0.000000000
221.092543641 0.003288460 0.000597383 0.000462883 0.000576848 0.000487128 0.000362861 0.000410672 0.000390685 0.000000000 0.000000000 0.000000000
221.738069316 0.003411027 0.000517204 0.000510647 0.000617754 0.000511139 0.000376674 0.000480656 0.000396952 0.000000000 0.000000000 0.000000000
222.383594991 0.003399650 0.000436979 0.000521601 0.000623931 0.000491865 0.000403344 0.000491527 0.000430404 0.000000000 0.000000000 0.000000000
223.029120666 0.003358400 0.000396336 0.000485942 0.000628804 0.000445138 0.000454746 0.000474646 0.000472788 0.000000000 0.000000000 0.000000000
223.674646341 0.003271638 0.000357447 0.000432376 0.000603029 0.000409247 0.000492371 0.000462569 0.000514598 0.000000000 0.000000000 0.000000000
224.320172015 0.003115177 0.000306424 0.000444114 0.000550210 0.000366068 0.000491615 0.000452791 0.000503955 0.000000000 0.000000000 0.000000000
224.965697690 0.002955008 0.000277764 0.000502738 0.000514012 0.000323837 0.000460681 0.000419475 0.000456501 0.000000000 0.000000000 0.000000000
225.611223365 0.002836864 0.000285040 0.000552584 0.000488083 0.000298799 0.000440380 0.000381714 0.000390263 0.000000000 0.000000000 0.000000000
226.256749040 0.002756918 0.000314666 0.000575978 0.000453080 0.000280036 0.000431453 0.000363980 0.000337725 0.000000000 0.000000000 0.000000000
226.902274715 0.002731235 0.000358749 0.000542802 0.000402585 0.000286625 0.000450704 0.000391954 0.000297814 0.000000000 0.000000000 0.000000000
227.547800390 0.002863429 0.000437123 0.000502556 0.000363150 0.000302512 0.000505891 0.000433414 0.000318783 0.000000000 0.000000000 0.000000000
228.193326065 0.003257060 0.000549014 0.000542945 0.000347633 0.000356136 0.000566575 0.000517423 0.000377333 0.000000000 0.000000000 0.000000000
228.838851739 0.003861346 0.000600365 0.000628425 0.000368199 0.000465592 0.000654407 0.000647310 0.000497046 0.000000000 0.000000000 0.000000000
229.484377414 0.004500390 0.000525872 0.000604746 0.000437156 0.000587397 0.000772288 0.000846428 0.000726503 0.000000000 0.000000000 0.000000000
230.129903089 0.004861343 0.000496572 0.000457225 0.000496287 0.000647333 0.000843661 0.001002181 0.000918084 0.000000000 0.000000000 0.000000000
230.775428764 0.004319922 0.000523007 0.000350941 0.000486297 0.000485805 0.000735418 0.000842974 0.000895481 0.000000000 0.000000000 0.000000000
231.420954439 0.003256635 0.000491237 0.000257191 0.000422565 0.000346731 0.000558686 0.000522080 0.000658145 0.000000000 0.000000000 0.000000000
232.066480114 0.002452794 0.000403059 0.000201152 0.000354759 0.000305064 0.000390394 0.000331914 0.000466453 0.000000000 0.000000000 0.000000000
232.712005789 0.002008155 0.000310283 0.000173348 0.000313079 0.000305183 0.000265388 0.000264014 0.000376860 0.000000000 0.000000000 0.000000000
233.357531464 0.001825663 0.000233515 0.000176211 0.000282506 0.000314673 0.000212678 0.000276226 0.000329853 0.000000000 0.000000000 0.000000000
234.003057138 0.001591441 0.000156583 0.000171181 0.000216667 0.000261565 0.000215398 0.000240515 0.000329533 0.000000000 0.000000000 0.000000000
234.648582813 0.001474733 0.000123449 0.000168201 0.000177833 0.000196008 0.000233313 0.000213402 0.000362527 0.000000000 0.000000000 0.000000000
235.294108488 0.005139191 0.000161353 0.000199009 0.000153082 0.000147531 0.000237771 0.000249071 0.000353368 0.000000000 0.003638006 0.000000000
235.939634163 0.009388059 0.000186264 0.000273137 0.000131309 0.000137157 0.000204151 0.000226280 0.000271624 0.000000000 0.007958137 0.000000000
236.585159838 0.009978708 0.000178034 0.000270827 0.000113222 0.000167360 0.000180442 0.000241368 0.000187193 0.000000000 0.008640263 0.000000000
237.230685513 0.010319091 0.000123534 0.000202952 0.000094995 0.000182952 0.000177566 0.000270951 0.000171129 0.000000000 0.009095014 0.000000000
237.876211188 0.007988693 0.000084266 0.000171390 0.000090151 0.000166542 0.000186060 0.000264452 0.000204572 0.000000000 0.006821260 0.000000000
238.521736862 0.009404038 0.000101537 0.000151289 0.000111310 0.000190080 0.000207203 0.000203868 0.000253238 0.000000000 0.008185512 0.000000000
239.167262537 0.007655440 0.000138588 0.000099708 0.000146302 0.000265075 0.000217406 0.000143430 0.000278420 0.000000000 0.006366510 0.000000000
239.812788212 0.008551409 0.000139121 0.000066861 0.000147556 0.000306351 0.000220799 0.000139437 0.000255273 0.000000000 0.007276011 0.000000000
240.458313887 0.009631114 0.000106977 0.000058948 0.000118199 0.000213405 0.000214794 0.000179598 0.000326304 0.000000000 0.008412888 0.000000000
241.103839562 0.008245145 0.000077341 0.000061640 0.000080898 0.000119216 0.000240207 0.000340078 0.000277129 0.000000000 0.007048636 0.000000000
241.749365237 0.008548045 0.000048249 0.000057675 0.000064378 0.000071360 0.000399529 0.000408024 0.000222819 0.000000000 0.007276011 0.000000000
242.394890912 0.010820768 0.000041247 0.000076057 0.000073292 0.000044563 0.000461181 0.000339747 0.000234916 0.000000000 0.009549765 0.000000000
243.040416586 0.007477004 0.000077618 0.000120125 0.000119892 0.000088113 0.000349091 0.000335995 0.000247037 0.000000000 0.006139134 0.000000000
243.685942261 0.008704401 0.000122564 0.000124811 0.000182708 0.000104954 0.000342127 0.000323288 0.000227939 0.000000000 0.007276011 0.000000000
244.331467936 0.006233840 0.000146677 0.000158250 0.000200798 0.000119525 0.000336231 0.000270083 0.000227395 0.000000000 0.004774882 0.000000000
244.976993611 0.008945596 0.000116185 0.000197836 0.000138400 0.000204900 0.000305606 0.000236092 0.000243190 0.000000000 0.007503386 0.000000000
245.622519286 0.009937956 0.000096023 0.000153194 0.000090380 0.000212888 0.000240356 0.000232874 0.000271979 0.000000000 0.008640263 0.000000000
246.268044961 0.009091279 0.000174838 0.000107518 0.000077986 0.000142852 0.000205653 0.000258404 0.000393267 0.000000000 0.007730762 0.000000000
246.913570636 0.008466429 0.000202440 0.000103336 0.000061223 0.000128078 0.000175359 0.000321193 0.000426164 0.000000000 0.007048636 0.000000000
247.559096311 0.007940125 0.000164701 0.000101970 0.000046337 0.000176435 0.000183720 0.000285743 0.000387335 0.000000000 0.006593885 0.000000000
248.204621985 0.007747838 0.000113735 0.000148843 0.000041706 0.000213768 0.000221035 0.000285150 0.000357091 0.000000000 0.006366510 0.000000000
248.850147660 0.005321978 0.000084977 0.000205986 0.000047360 0.000227146 0.000250566 0.000313059 0.000327503 0.000000000 0.003865381 0.000000000
249.495673335 0.009496254 0.000242520 0.000153668 0.000056442 0.000222993 0.000270340 0.000292980 0.000299173 0.000000000 0.007958137 0.000000000
250.141199010 0.008986101 0.000224151 0.000095725 0.000081574 0.000186785 0.000296212 0.000312060 0.000286208 0.000000000 0.007503386 0.000000000
250.786724685 0.006652515 0.000158240 0.000083162 0.000118803 0.000141387 0.000292126 0.000323675 0.000305489 0.000000000 0.005229633 0.000000000
251.432250360 0.008344032 0.000209205 0.000072468 0.000156602 0.000108082 0.000282069 0.000283857 0.000410489 0.000000000 0.006821260 0.000000000
252.077776035 0.007603200 0.000185757 0.000070153 0.000174597 0.000091231 0.000382434 0.000366160 0.000421108 0.000000000 0.005911759 0.000000000
252.723301709 0.007688174 0.000161383 0.000081436 0.000173750 0.000099595 0.000275410 0.000228504 0.000301587 0.000000000 0.006366510 0.000000000
253.368827384 0.009747356 0.000131936 0.000092359 0.000149510 0.000147232 0.000285925 0.000286997 0.000240510 0.000000000 0.008412888 0.000000000
254.014353059 0.010327387 0.000098628 0.000111032 0.000125716 0.000268437 0.000320344 0.000330143 0.000205449 0.000000000 0.008867638 0.000000000
254.659878734 0.005805176 0.000084101 0.000158804 0.000108236 0.000103881 0.000375268 0.000254939 0.000172439 0.000000000 0.004547507 0.000000000
255.305404409 0.009329991 0.000089359 0.000372161 0.000097916 0.000118919 0.000465015 0.000291402 0.000164456 0.000000000 0.007730762 0.000000000
255.950930084 0.008765264 0.000103839 0.000183284 0.000102216 0.000138889 0.000444237 0.000350660 0.000166127 0.000000000 0.007276011 0.000000000
256.596455759 0.005987105 0.000090215 0.000169877 0.000120352 0.000145883 0.000355112 0.000371519 0.000186641 0.000000000 0.004547507 0.000000000
257.241981433 0.007148310 0.000069792 0.000166609 0.000151272 0.000134952 0.000323577 0.000363999 0.000253727 0.000000000 0.005684384 0.000000000
257.887507108 0.011297920 0.000065920 0.000158075 0.000136657 0.000139194 0.000310276 0.000332424 0.000378234 0.000000000 0.009777140 0.000000000
258.533032783 0.007956933 0.000070420 0.000173653 0.000136158 0.000141145 0.000290875 0.000318375 0.000459797 0.000000000 0.006366510 0.000000000
259.178558458 0.008810645 0.000069147 0.000143516 0.000239255 0.000104454 0.000244325 0.000312150 0.000421788 0.000000000 0.007276011 0.000000000
259.824084133 0.007982896 0.000058711 0.000101944 0.000242745 0.000112968 0.000220229 0.000292370 0.000360044 0.000000000 0.006593885 0.000000000
260.469609808 0.007171248 0.000080474 0.000077507 0.000133223 0.000126750 0.000226489 0.000283800 0.000331246 0.000000000 0.005911759 0.000000000
261.115135483 0.007688266 0.000146655 0.000077973 0.000131369 0.000128919 0.000228867 0.000291582 0.000316391 0.000000000 0.006366510 0.000000000
261.760661158 0.008118645 0.000174864 0.000085827 0.000136434 0.000120621 0.000235536 0.000258138 0.000285965 0.000000000 0.006821260 0.000000000
262.406186832 0.008484114 0.000183847 0.000096600 0.000133345 0.000177273 0.000247046 0.000169729 0.000200263 0.000000000 0.007276011 0.000000000
263.051712507 0.009134417 0.000227882 0.000107706 0.000127641 0.000220947 0.000247972 0.000124790 0.000119343 0.000000000 0.007958137 0.000000000
263.697238182 0.007944351 0.000257856 0.000124278 0.000117383 0.000190426 0.000214279 0.000129702 0.000089166 0.000000000 0.006821260 0.000000000
264.342763857 0.011281369 0.000261650 0.000128417 0.000109111 0.000160899 0.000147964 0.000151706 0.000089731 0.000000000 0.010231891 0.000000000
264.988289532 0.009862528 0.000188442 0.000138328 0.000121434 0.000132801 0.000117568 0.000177549 0.000118767 0.000000000 0.008867638 0.000000000
265.633815207 0.007140666 0.000114716 0.000154866 0.000137795 0.000112342 0.000129738 0.000174968 0.000177106 0.000000000 0.006139134 0.000000000
266.279340882 0.009924301 0.000094720 0.000170412 0.000150661 0.000108176 0.000152488 0.000153997 0.000226209 0.000000000 0.008867638 0.000000000
266.924866556 0.010899723 0.000089273 0.000190640 0.000161892 0.000110920 0.000173945 0.000158732 0.000237181 0.000000000 0.009777140 0.000000000
267.570392231 0.007153162 0.000130020 0.000224119 0.000170153 0.000096151 0.000202620 0.000192020 0.000226321 0.000000000 0.005911759 0.000000000
268.215917906 0.007011569 0.000157944 0.000244645 0.000165087 0.000100617 0.000242276 0.000216649 0.000199968 0.000000000 0.005684384 0.000000000
268.861443581 0.008590627 0.000123471 0.000183518 0.000175896 0.000141834 0.000275004 0.000223393 0.000191500 0.000000000 0.007276011 0.000000000
269.506969256 0.006094793 0.000050815 0.000118233 0.000216040 0.000123178 0.000309055 0.000256795 0.000245796 0.000000000 0.004774882 0.000000000
270.152494931 0.009010608 0.000054855 0.000090537 0.000255554 0.000105764 0.000340057 0.000336177 0.000324278 0.000000000 0.007503386 0.000000000
270.798020606 0.005739457 0.000074107 0.000083020 0.000255812 0.000091005 0.000332746 0.000372542 0.000210093 0.000000000 0.004320132 0.000000000
271.443546281 0.005512250 0.000102004 0.000095211 0.000221207 0.000072435 0.000263537 0.000280077 0.000157647 0.000000000 0.004320132 0.000000000
272.089071955 0.007665044 0.000133232 0.000134970 0.000177949 0.000060293 0.000194579 0.000205930 0.000164206 0.000000000 0.006593885 0.000000000
272.734597630 0.007146544 0.000120623 0.000158671 0.000131081 0.000060732 0.000168089 0.000162671 0.000205543 0.000000000 0.006139134 0.000000000
273.380123305 0.006960912 0.000106890 0.000191757 0.000106312 0.000076091 0.000158803 0.000140484 0.000268816 0.000000000 0.005911759 0.000000000
274.025648980 0.005406525 0.000101261 0.000179150 0.000087432 0.000094353 0.000169110 0.000159347 0.000295740 0.000000000 0.004320132 0.000000000
274.671174655 0.007554688 0.000108379 0.000161652 0.000097657 0.000135638 0.000200422 0.000222459 0.000261972 0.000000000 0.006366510 0.000000000
275.316700330 0.007657012 0.000138204 0.000122193 0.000110918 0.000169094 0.000240826 0.000263765 0.000245502 0.000000000 0.006366510 0.000000000
275.962226005 0.006571938 0.000156060 0.000090248 0.000112102 0.000187597 0.000301545 0.000262474 0.000232280 0.000000000 0.005229633 0.000000000
276.607751679 0.005997963 0.000174097 0.000077015 0.000124937 0.000175174 0.000357982 0.000285131 0.000256120 0.000000000 0.004547507 0.000000000
277.253277354 0.006210639 0.000199229 0.000072076 0.000147232 0.000159725 0.000329795 0.000266543 0.000261157 0.000000000 0.004774882 0.000000000
277.898803029 0.005208229 0.000170313 0.000119571 0.000179624 0.000162889 0.000249677 0.000245653 0.000215121 0.000000000 0.003865381 0.000000000
278.544328704 0.007326185 0.000176186 0.000197586 0.000189441 0.000176141 0.000215364 0.000283423 0.000176286 0.000000000 0.005911759 0.000000000
279.189854379 0.006522009 0.000261566 0.000181659 0.000226132 0.000168260 0.000217249 0.000288399 0.000176487 0.000000000 0.005002258 0.000000000
279.835380054 0.008309739 0.000200737 0.000172077 0.000252633 0.000157291 0.000240281 0.000238208 0.000227250 0.000000000 0.006821260 0.000000000
280.480905729 0.005855639 0.000129535 0.000195433 0.000220798 0.000169155 0.000290932 0.000212319 0.000317337 0.000000000 0.004320132 0.000000000
281.126431403 0.008332105 0.000142313 0.000235854 0.000181414 0.000223152 0.000355282 0.000243068 0.000357136 0.000000000 0.006593885 0.000000000
281.771957078 0.004842837 0.000136274 0.000243100 0.000148704 0.000307116 0.000379337 0.000335987 0.000336439 0.000000000 0.002955879 0.000000000
282.417482753 0.006809106 0.000079241 0.000187618 0.000122632 0.000290478 0.000390941 0.000430901 0.000305039 0.000000000 0.005002258 0.000000000
283.063008428 0.009005783 0.000046725 0.000191931 0.000107850 0.000216359 0.000439963 0.000454752 0.000272191 0.000000000 0.007276011 0.000000000
283.708534103 0.009619346 0.000053763 0.000247020 0.000128534 0.000215139 0.000485760 0.000461888 0.000296481 0.000000000 0.007730762 0.000000000
284.354059778 0.006207933 0.000066728 0.000241667 0.000173744 0.000220920 0.000416697 0.000429240 0.000338805 0.000000000 0.004320132 0.000000000
284.999585453 0.006396544 0.000099848 0.000198353 0.000213146 0.000195058 0.000264685 0.000291526 0.000359046 0.000000000 0.004774882 0.000000000
285.645111128 0.009458749 0.000154742 0.000173458 0.000277390 0.000160292 0.000163360 0.000224245 0.000347125 0.000000000 0.007958137 0.000000000
286.290636802 0.005987749 0.000229089 0.000125075 0.000311253 0.000124196 0.000156753 0.000191574 0.000302302 0.000000000 0.004547507 0.000000000
286.936162477 0.005209953 0.000433307 0.000100106 0.000258168 0.000135448 0.000183277 0.000192001 0.000269638 0.000000000 0.003638006 0.000000000
287.581688152 0.006990593 0.000490007 0.000163600 0.000247159 0.000163351 0.000221734 0.000207072 0.000268038 0.000000000 0.005229633 0.000000000
288.227213827 0.007275493 0.000363154 0.000217682 0.000224246 0.000104552 0.000217350 0.000215606 0.000248520 0.000000000 0.005684384 0.000000000
288.872739502 0.007218724 0.000399594 0.000218545 0.000182337 0.000072636 0.000179889 0.000215715 0.000265626 0.000000000 0.005684384 0.000000000
289.518265177 0.006710745 0.000390428 0.000199446 0.000149915 0.000062371 0.000166650 0.000234945 0.000277356 0.000000000 0.005229633 0.000000000
290.163790852 0.007615156 0.000296568 0.000250414 0.000147960 0.000086076 0.000192808 0.000224544 0.000277651 0.000000000 0.006139134 0.000000000
290.809316526 0.006291731 0.000266631 0.000279206 0.000150993 0.000131072 0.000207976 0.000222486 0.000258484 0.000000000 0.004774882 0.000000000
291.454842201 0.006975625 0.000256511 0.000199617 0.000196234 0.000182971 0.000209440 0.000266848 0.000206995 0.000000000 0.005457008 0.000000000
292.100367876 0.007657481 0.000239447 0.000189056 0.000240835 0.000184005 0.000237603 0.000248904 0.000178496 0.000000000 0.006139134 0.000000000
292.745893551 0.006892587 0.000154842 0.000224022 0.000236787 0.000197752 0.000241025 0.000197189 0.000183961 0.000000000 0.005457008 0.000000000
293.391419226 0.006564533 0.000085749 0.000195568 0.000217277 0.000237335 0.000202435 0.000187423 0.000209112 0.000000000 0.005229633 0.000000000
294.036944901 0.007833453 0.000069559 0.000160687 0.000211475 0.000243231 0.000157555 0.000176250 0.000220812 0.000000000 0.006593885 0.000000000
294.682470576 0.009069060 0.000079965 0.000119104 0.000218498 0.000223104 0.000126116 0.000143365 0.000200771 0.000000000 0.007958137 0.000000000
295.327996250 0.006459169 0.000081847 0.000131416 0.000191774 0.000228992 0.000100517 0.000109489 0.000158126 0.000000000 0.005457008 0.000000000
295.973521925 0.008943184 0.000072758 0.000235524 0.000160414 0.000211121 0.000094428 0.000088544 0.000122258 0.000000000 0.007958137 0.000000000
296.619047600 0.008763454 0.000064346 0.000295047 0.000150492 0.000203402 0.000108915 0.000119452 0.000091038 0.000000000 0.007730762 0.000000000
297.264573275 0.005172628 0.000086832 0.000243290 0.000151590 0.000215586 0.000130807 0.000148990 0.000102776 0.000000000 0.004092756 0.000000000
297.910098950 0.010154266 0.000154693 0.000151851 0.000161653 0.000193907 0.000140702 0.000125766 0.000130680 0.000000000 0.009095014 0.000000000
298.555624625 0.005991117 0.000306709 0.000109785 0.000159058 0.000258581 0.000148306 0.000105276 0.000128520 0.000000000 0.004774882 0.000000000
299.201150300 0.007019718 0.000461570 0.000134345 0.000136785 0.000264147 0.000122797 0.000106957 0.000108735 0.000000000 0.005684384 0.000000000
299.846675975 0.007201588 0.000414730 0.000235412 0.000124475 0.000166415 0.000097901 0.000113998 0.000136898 0.000000000 0.005911759 0.000000000
300.492201649 0.007345106 0.000270784 0.000207890 0.000168913 0.000149566 0.000107626 0.000119366 0.000181826 0.000000000 0.006139134 0.000000000
301.137727324 0.008813231 0.000208886 0.000146046 0.000224421 0.000227589 0.000163218 0.000159137 0.000180546 0.000000000 0.007503386 0.000000000
301.783252999 0.008397468 0.000219519 0.000095927 0.000193617 0.000133036 0.000244823 0.000242978 0.000218933 0.000000000 0.007048636 0.000000000
302.428778674 0.006782168 0.000183050 0.000070689 0.000180182 0.000082770 0.000241373 0.000290138 0.000276958 0.000000000 0.005457008 0.000000000
303.074304349 0.009768388 0.000134169 0.000082695 0.000169663 0.000110592 0.000169910 0.000188608 0.000272487 0.000000000 0.008640263 0.000000000
303.719830024 0.007299170 0.000126630 0.000169697 0.000150971 0.000150117 0.000146737 0.000183035 0.000232849 0.000000000 0.006139134 0.000000000
304.365355699 0.008671879 0.000158720 0.000210638 0.000187904 0.000095975 0.000144044 0.000179466 0.000191746 0.000000000 0.007503386 0.000000000
305.010881373 0.008783599 0.000154372 0.000109026 0.000200024 0.000064062 0.000153227 0.000183688 0.000188439 0.000000000 0.007730762 0.000000000
305.656407048 0.010371700 0.000094723 0.000117740 0.000174992 0.000066441 0.000156336 0.000201440 0.000237640 0.000000000 0.009322389 0.000000000
306.301932723 0.007847819 0.000058311 0.000180146 0.000201896 0.000082885 0.000152682 0.000174036 0.000176603 0.000000000 0.006821260 0.000000000
306.947458398 0.007708829 0.000034576 0.000172261 0.000145568 0.000154920 0.000138284 0.000160849 0.000081112 0.000000000 0.006821260 0.000000000
307.592984073 0.010407683 0.000050295 0.000121895 0.000099793 0.000217239 0.000141714 0.000168945 0.000058036 0.000000000 0.009549765 0.000000000
308.238509748 0.010687211 0.000104937 0.000214334 0.000110232 0.000148899 0.000164896 0.000105798 0.000060976 0.000000000 0.009777140 0.000000000
308.884035423 0.009541887 0.000076938 0.000228266 0.000123998 0.000123608 0.000211602 0.000070411 0.000066801 0.000000000 0.008640263 0.000000000
309.529561098 0.010383134 0.000014413 0.000243263 0.000073561 0.000130570 0.000223895 0.000087849 0.000059820 0.000000000 0.009549765 0.000000000
310.175086772 0.008586197 0.000009559 0.000123999 0.000054053 0.000084052 0.000199499 0.000099937 0.000056962 0.000000000 0.007958137 0.000000000
310.820612447 0.008062263 0.000031058 0.000043837 0.000048493 0.000044118 0.000201574 0.000128359 0.000061438 0.000000000 0.007503386 0.000000000
311.466138122 0.007775025 0.000129540 0.000028996 0.000056275 0.000038519 0.000200183 0.000179652 0.000093224 0.000000000 0.007048636 0.000000000
312.111663797 0.011672158 0.000175119 0.000078525 0.000064081 0.000053777 0.000126952 0.000153088 0.000106599 0.000000000 0.010914017 0.000000000
312.757189472 0.008494913 0.000123863 0.000079216 0.000095070 0.000106141 0.000076932 0.000176122 0.000106807 0.000000000 0.007730762 0.000000000
313.402715147 0.010842588 0.000098182 0.000105817 0.000086285 0.000199353 0.000077551 0.000136749 0.000134138 0.000000000 0.010004515 0.000000000
314.048240822 0.010544729 0.000041550 0.000136998 0.000072745 0.000365012 0.000131739 0.000182349 0.000291948 0.000000000 0.009322389 0.000000000
314.693766496 0.012254423 0.000004197 0.000038903 0.000072977 0.000286099 0.000242075 0.000392744 0.000530788 0.000000000 0.010686641 0.000000000
315.339292171 0.009875344 0.000000013 0.000000375 0.000061277 0.000066322 0.000275618 0.000175280 0.000201447 0.000000000 0.009095014 0.000000000
315.984817846 0.009188995 0.000000000 0.000000000 0.000017426 0.000000027 0.000064906 0.000001831 0.000009791 0.000000000 0.009095014 0.000000000
316.630343521 0.010006296 0.000000000 0.000000000 0.000000549 0.000000000 0.000001224 0.000000000 0.000000008 0.000000000 0.010004515 0.000000000
317.275869196 0.003638006 0.000000000 0.000000000 0.000000000 0.000000000 0.000000000 0.000000000 0.000000000 0.000000000 0.003638006 0.000000000
317.921394871 0.000000000 0.000000000 0.000000000 0.000000000 0.000000000 0.000000000 0.000000000 0.000000000 0.000000000 0.000000000 0.000000000
318.566920546 0.000000000 0.000000000 0.000000000 0.000000000 0.000000000 0.000000000 0.000000000 0.000000000 0.000000000 0.000000000 0.000000000
319.212446220 0.000000000 0.000000000 0.000000000 0.000000000 0.000000000 0.000000000 0.000000000 0.000000000 0.000000000 0.000000000 0.000000000
319.857971895 0.000000000 0.000000000 0.000000000 0.000000000 0.000000000 0.000000000 0.000000000 0.000000000 0.000000000 0.000000000 0.000000000
320.503497570 0.000000000 0.000000000 0.000000000 0.000000000 0.000000000 0.000000000 0.000000000 0.000000000 0.000000000 0.000000000 0.000000000
321.149023245 0.045475069 0.000000000 0.000000000 0.000000000 0.000000000 0.000000000 0.000000000 0.000000000 0.000000000 0.000000000 0.045475069
321.794548920 0.000000000 0.000000000 0.000000000 0.000000000 0.000000000 0.000000000 0.000000000 0.000000000 0.000000000 0.000000000 0.000000000
322.440074595 0.000000000 0.000000000 0.000000000 0.000000000 0.000000000 0.000000000 0.000000000 0.000000000 0.000000000 0.000000000 0.000000000
