# Ion number density
# The last    3 ion types are fixed
# Average over 528081 steps
# z (au)        total        A            Im1          Im2          Im3          N            C            Me           C1           C2           P
0.295745853 0.049629309 0.000000000 0.000000000 0.000000000 0.000000000 0.000000000 0.000000000 0.000000000 0.000000000 0.000000000 0.049629309
0.887237560 0.000000000 0.000000000 0.000000000 0.000000000 0.000000000 0.000000000 0.000000000 0.000000000 0.000000000 0.000000000 0.000000000
1.478729267 0.000000000 0.000000000 0.000000000 0.000000000 0.000000000 0.000000000 0.000000000 0.000000000 0.000000000 0.000000000 0.000000000
2.070220974 0.000000000 0.000000000 0.000000000 0.000000000 0.000000000 0.000000000 0.000000000 0.000000000 0.000000000 0.000000000 0.000000000
2.661712681 0.000000000 0.000000000 0.000000000 0.000000000 0.000000000 0.000000000 0.000000000 0.000000000 0.000000000 0.000000000 0.000000000
3.253204387 0.000000000 0.000000000 0.000000000 0.000000000 0.000000000 0.000000000 0.000000000 0.000000000 0.000000000 0.000000000 0.000000000
3.844696094 0.000992586 0.000000000 0.000000000 0.000000000 0.000000000 0.000000000 0.000000000 0.000000000 0.000992586 0.000000000 0.000000000
4.436187801 0.010423411 0.000000000 0.000000000 0.000000094 0.000000000 0.000001163 0.000000000 0.000000000 0.010422155 0.000000000 0.000000000
5.027679508 0.007729279 0.000000000 0.000000000 0.000004651 0.000000000 0.000031530 0.000000019 0.000000536 0.007692543 0.000000000 0.000000000
5.619171215 0.010463065 0.000000000 0.000000000 0.000027778 0.000000005 0.000213318 0.000010420 0.000037535 0.010174008 0.000000000 0.000000000
6.210662922 0.010014721 0.000000315 0.000000145 0.000060915 0.000001887 0.000512259 0.000270405 0.000235519 0.008933276 0.000000000 0.000000000
6.802154628 0.012105310 0.000028997 0.000006260 0.000069632 0.000014831 0.000494665 0.000506488 0.000314135 0.010670301 0.000000000 0.000000000
7.393646335 0.010842597 0.000157824 0.000027873 0.000058444 0.000029186 0.000283791 0.000485395 0.000370517 0.009429569 0.000000000 0.000000000
7.985138042 0.010735410 0.000084688 0.000037112 0.000043894 0.000029629 0.000180440 0.000301731 0.000380200 0.009677715 0.000000000 0.000000000
8.576629749 0.008661775 0.000016218 0.000029686 0.000035560 0.000022250 0.000132033 0.000199755 0.000285582 0.007940689 0.000000000 0.000000000
9.168121456 0.011323713 0.000011507 0.000029838 0.000024922 0.000014188 0.000134445 0.000198941 0.000239570 0.010670301 0.000000000 0.000000000
9.759613162 0.008636673 0.000016641 0.000026485 0.000018815 0.000011829 0.000147160 0.000213551 0.000261503 0.007940689 0.000000000 0.000000000
10.351104869 0.008142984 0.000034466 0.000030044 0.000016663 0.000013467 0.000152149 0.000189210 0.000262589 0.007444396 0.000000000 0.000000000
10.942596576 0.008658924 0.000084455 0.000036723 0.000022922 0.000019913 0.000154831 0.000154679 0.000244711 0.007940689 0.000000000 0.000000000
11.534088283 0.008034514 0.000188358 0.000041753 0.000035871 0.000034842 0.000158244 0.000148783 0.000230413 0.007196250 0.000000000 0.000000000
12.125579990 0.011335588 0.000272156 0.000043578 0.000036742 0.000056554 0.000152606 0.000157875 0.000193923 0.010422155 0.000000000 0.000000000
12.717071697 0.010100894 0.000225301 0.000045170 0.000048191 0.000060211 0.000164570 0.000186376 0.000189653 0.009181422 0.000000000 0.000000000
13.308563403 0.010303253 0.000138955 0.000047231 0.000061427 0.000049588 0.000180564 0.000191693 0.000204226 0.009429569 0.000000000 0.000000000
13.900055110 0.010125765 0.000133371 0.000050589 0.000066159 0.000042093 0.000219140 0.000212065 0.000220924 0.009181422 0.000000000 0.000000000
14.491546817 0.007730144 0.000153485 0.000049722 0.000059044 0.000043917 0.000274725 0.000235822 0.000213473 0.006699957 0.000000000 0.000000000
15.083038524 0.008257861 0.000129534 0.000054029 0.000066354 0.000052613 0.000308760 0.000244598 0.000205723 0.007196250 0.000000000 0.000000000
15.674530231 0.010299596 0.000068217 0.000068619 0.000078658 0.000059046 0.000290149 0.000322369 0.000231117 0.009181422 0.000000000 0.000000000
16.266021937 0.009052526 0.000029458 0.000104687 0.000099161 0.000067085 0.000254735 0.000317667 0.000239043 0.007940689 0.000000000 0.000000000
16.857513644 0.007795863 0.000039235 0.000126367 0.000122235 0.000073628 0.000242294 0.000252204 0.000239943 0.006699957 0.000000000 0.000000000
17.449005351 0.008076039 0.000087107 0.000119513 0.000137174 0.000099773 0.000237848 0.000205461 0.000241058 0.006948103 0.000000000 0.000000000
18.040497058 0.008915086 0.000138748 0.000131615 0.000141257 0.000114455 0.000238113 0.000193724 0.000264631 0.007692543 0.000000000 0.000000000
18.631988765 0.008300111 0.000134375 0.000163220 0.000139927 0.000164491 0.000233096 0.000207420 0.000309477 0.006948103 0.000000000 0.000000000
19.223480471 0.009488131 0.000111535 0.000165189 0.000153637 0.000253577 0.000237685 0.000244081 0.000381738 0.007940689 0.000000000 0.000000000
19.814972178 0.007125028 0.000094699 0.000158000 0.000170002 0.000273662 0.000265662 0.000294994 0.000408783 0.005459224 0.000000000 0.000000000
20.406463885 0.008366190 0.000080480 0.000156308 0.000153109 0.000216865 0.000292657 0.000399078 0.000367735 0.006699957 0.000000000 0.000000000
20.997955592 0.008390864 0.000122781 0.000187208 0.000138168 0.000162846 0.000321170 0.000424053 0.000334681 0.006699957 0.000000000 0.000000000
21.589447299 0.007832993 0.000158066 0.000201749 0.000132005 0.000110665 0.000346598 0.000399232 0.000281012 0.006203664 0.000000000 0.000000000
22.180939006 0.007238104 0.000139856 0.000215429 0.000143919 0.000095970 0.000385580 0.000349862 0.000200118 0.005707371 0.000000000 0.000000000
22.772430712 0.005722172 0.000122375 0.000224327 0.000158854 0.000113029 0.000412177 0.000293448 0.000179473 0.004218491 0.000000000 0.000000000
23.363922419 0.011037848 0.000120578 0.000183430 0.000164849 0.000110315 0.000360646 0.000227096 0.000193220 0.009677715 0.000000000 0.000000000
23.955414126 0.004938365 0.000124672 0.000154389 0.000147114 0.000113477 0.000291069 0.000202925 0.000182521 0.003722198 0.000000000 0.000000000
24.546905833 0.007887475 0.000131804 0.000144530 0.000127735 0.000145188 0.000244534 0.000222662 0.000171064 0.006699957 0.000000000 0.000000000
25.138397540 0.009423366 0.000127991 0.000111129 0.000141716 0.000202088 0.000231766 0.000237393 0.000182448 0.008188836 0.000000000 0.000000000
25.729889246 0.008033150 0.000166105 0.000081906 0.000146422 0.000260818 0.000230198 0.000233900 0.000213844 0.006699957 0.000000000 0.000000000
26.321380953 0.008958610 0.000175867 0.000067537 0.000122775 0.000271628 0.000212983 0.000189494 0.000225782 0.007692543 0.000000000 0.000000000
26.912872660 0.008117727 0.000174289 0.000074394 0.000107889 0.000230894 0.000182582 0.000172995 0.000226580 0.006948103 0.000000000 0.000000000
27.504364367 0.006096932 0.000211412 0.000091089 0.000112036 0.000178614 0.000154823 0.000179000 0.000207028 0.004962931 0.000000000 0.000000000
28.095856074 0.006439103 0.000245878 0.000123399 0.000119170 0.000197793 0.000158093 0.000175680 0.000208012 0.005211077 0.000000000 0.000000000
28.687347780 0.008771935 0.000208134 0.000158099 0.000138898 0.000223563 0.000175965 0.000185065 0.000237814 0.007444396 0.000000000 0.000000000
29.278839487 0.007126818 0.000142595 0.000168507 0.000147083 0.000238389 0.000209915 0.000237577 0.000275382 0.005707371 0.000000000 0.000000000
29.870331194 0.006210302 0.000148155 0.000183054 0.000150718 0.000195350 0.000251817 0.000281757 0.000284668 0.004714784 0.000000000 0.000000000
30.461822901 0.006266630 0.000157236 0.000239123 0.000174834 0.000175697 0.000274649 0.000274442 0.000255864 0.004714784 0.000000000 0.000000000
31.053314608 0.007598501 0.000126352 0.000321048 0.000188109 0.000208428 0.000308933 0.000259507 0.000230608 0.005955517 0.000000000 0.000000000
31.644806315 0.007942816 0.000145118 0.000363398 0.000192348 0.000216967 0.000344487 0.000261362 0.000215474 0.006203664 0.000000000 0.000000000
32.236298021 0.006613434 0.000221739 0.000327193 0.000201341 0.000223993 0.000392289 0.000284293 0.000247802 0.004714784 0.000000000 0.000000000
32.827789728 0.007479880 0.000228216 0.000258589 0.000211913 0.000246274 0.000382962 0.000357990 0.000334711 0.005459224 0.000000000 0.000000000
33.419281435 0.007962517 0.000198615 0.000207498 0.000228945 0.000234606 0.000316429 0.000382449 0.000438459 0.005955517 0.000000000 0.000000000
34.010773142 0.006091131 0.000190492 0.000174108 0.000244790 0.000201178 0.000276352 0.000359749 0.000425972 0.004218491 0.000000000 0.000000000
34.602264849 0.006201355 0.000194145 0.000161759 0.000245344 0.000155508 0.000269193 0.000361425 0.000347343 0.004466638 0.000000000 0.000000000
35.193756555 0.006790401 0.000174729 0.000149853 0.000237224 0.000118715 0.000278065 0.000328535 0.000292201 0.005211077 0.000000000 0.000000000
35.785248262 0.009194173 0.000151437 0.000138310 0.000222535 0.000108127 0.000308276 0.000282018 0.000290929 0.007692543 0.000000000 0.000000000
36.376739969 0.005519281 0.000148384 0.000138163 0.000206917 0.000099938 0.000350529 0.000283011 0.000321992 0.003970345 0.000000000 0.000000000
36.968231676 0.006404248 0.000169697 0.000144215 0.000201056 0.000085397 0.000428289 0.000327000 0.000333809 0.004714784 0.000000000 0.000000000
37.559723383 0.009748117 0.000193285 0.000139336 0.000195070 0.000085389 0.000482695 0.000390401 0.000321251 0.007940689 0.000000000 0.000000000
38.151215090 0.009298428 0.000172646 0.000126952 0.000178607 0.000093070 0.000486847 0.000462723 0.000333188 0.007444396 0.000000000 0.000000000
38.742706796 0.007157604 0.000147098 0.000121152 0.000157391 0.000145099 0.000457544 0.000493351 0.000424889 0.005211077 0.000000000 0.000000000
39.334198503 0.005594739 0.000152102 0.000132344 0.000142000 0.000209936 0.000447790 0.000513459 0.000523056 0.003474052 0.000000000 0.000000000
39.925690210 0.007626651 0.000143650 0.000149389 0.000137438 0.000178145 0.000443915 0.000571059 0.000543831 0.005459224 0.000000000 0.000000000
40.517181917 0.006698052 0.000129986 0.000157087 0.000143525 0.000138808 0.000392673 0.000492191 0.000528998 0.004714784 0.000000000 0.000000000
41.108673624 0.008737676 0.000124089 0.000162447 0.000143049 0.000154076 0.000329464 0.000399578 0.000476869 0.006948103 0.000000000 0.000000000
41.700165330 0.006375582 0.000126224 0.000163905 0.000138866 0.000173904 0.000299264 0.000326285 0.000432349 0.004714784 0.000000000 0.000000000
42.291657037 0.006772383 0.000138337 0.000158159 0.000124700 0.000181115 0.000306801 0.000278178 0.000374015 0.005211077 0.000000000 0.000000000
42.883148744 0.006948220 0.000166330 0.000140594 0.000119116 0.000173725 0.000316749 0.000257641 0.000314839 0.005459224 0.000000000 0.000000000
43.474640451 0.005681097 0.000190379 0.000149201 0.000118906 0.000160980 0.000313257 0.000257517 0.000272365 0.004218491 0.000000000 0.000000000
44.066132158 0.006371860 0.000174174 0.000168193 0.000115574 0.000145208 0.000305503 0.000251882 0.000248395 0.004962931 0.000000000 0.000000000
44.657623864 0.005633655 0.000174057 0.000158208 0.000113591 0.000131852 0.000321737 0.000258160 0.000257559 0.004218491 0.000000000 0.000000000
45.249115571 0.006474373 0.000232374 0.000119858 0.000110857 0.000126293 0.000326401 0.000306903 0.000288756 0.004962931 0.000000000 0.000000000
45.840607278 0.008320037 0.000180384 0.000102114 0.000117267 0.000119003 0.000356104 0.000383916 0.000361292 0.006699957 0.000000000 0.000000000
46.432098985 0.007420703 0.000092408 0.000113972 0.000116333 0.000107653 0.000385669 0.000449455 0.000447841 0.005707371 0.000000000 0.000000000
47.023590692 0.007254773 0.000066008 0.000093561 0.000104884 0.000080758 0.000363868 0.000399416 0.000438909 0.005707371 0.000000000 0.000000000
47.615082399 0.005058888 0.000069313 0.000064897 0.000088502 0.000064885 0.000333830 0.000347115 0.000368148 0.003722198 0.000000000 0.000000000
48.206574105 0.009224299 0.000068783 0.000055807 0.000070044 0.000070321 0.000315877 0.000377229 0.000325548 0.007940689 0.000000000 0.000000000
48.798065812 0.006497202 0.000068229 0.000051661 0.000061154 0.000078171 0.000313626 0.000411449 0.000301837 0.005211077 0.000000000 0.000000000
49.389557519 0.007004341 0.000067242 0.000063059 0.000066467 0.000079192 0.000348111 0.000351320 0.000321579 0.005707371 0.000000000 0.000000000
49.981049226 0.006343797 0.000068552 0.000071881 0.000071113 0.000083014 0.000419246 0.000326008 0.000341053 0.004962931 0.000000000 0.000000000
50.572540933 0.006231876 0.000057905 0.000081216 0.000080119 0.000133599 0.000445748 0.000343810 0.000374694 0.004714784 0.000000000 0.000000000
51.164032639 0.009277659 0.000058012 0.000080217 0.000085334 0.000182294 0.000378894 0.000367598 0.000432767 0.007692543 0.000000000 0.000000000
51.755524346 0.006471625 0.000250933 0.000092741 0.000094310 0.000178011 0.000327251 0.000388994 0.000424600 0.004714784 0.000000000 0.000000000
52.347016053 0.008300403 0.000096712 0.000128944 0.000104790 0.000138671 0.000334982 0.000390741 0.000405607 0.006699957 0.000000000 0.000000000
52.938507760 0.007566050 0.000083299 0.000159169 0.000106365 0.000107785 0.000353586 0.000401826 0.000398503 0.005955517 0.000000000 0.000000000
53.529999467 0.007996813 0.000081291 0.000137611 0.000108651 0.000082238 0.000377836 0.000390815 0.000366560 0.006451810 0.000000000 0.000000000
54.121491174 0.007187310 0.000108307 0.000084596 0.000088346 0.000068531 0.000406079 0.000369353 0.000354727 0.005707371 0.000000000 0.000000000
54.712982880 0.011860055 0.000145177 0.000068451 0.000075297 0.000067603 0.000397026 0.000348432 0.000335913 0.010422155 0.000000000 0.000000000
55.304474587 0.011294896 0.000137822 0.000062789 0.000070913 0.000073705 0.000373874 0.000338148 0.000311783 0.009925862 0.000000000 0.000000000
55.895966294 0.007269654 0.000107983 0.000070246 0.000070291 0.000084424 0.000355031 0.000328537 0.000297625 0.005955517 0.000000000 0.000000000
56.487458001 0.010488904 0.000085802 0.000085956 0.000070681 0.000084463 0.000371709 0.000323805 0.000285066 0.009181422 0.000000000 0.000000000
57.078949708 0.011497047 0.000075163 0.000102158 0.000076972 0.000079560 0.000386787 0.000318926 0.000283473 0.010174008 0.000000000 0.000000000
57.670441414 0.008349329 0.000077021 0.000104665 0.000087970 0.000077982 0.000427196 0.000332876 0.000293515 0.006948103 0.000000000 0.000000000
58.261933121 0.008715331 0.000088357 0.000089518 0.000099139 0.000075437 0.000459163 0.000379425 0.000328042 0.007196250 0.000000000 0.000000000
58.853424828 0.009307129 0.000090632 0.000079995 0.000106158 0.000079718 0.000466458 0.000418069 0.000373556 0.007692543 0.000000000 0.000000000
59.444916535 0.008637902 0.000103736 0.000073539 0.000113211 0.000080475 0.000441418 0.000450634 0.000426785 0.006948103 0.000000000 0.000000000
60.036408242 0.007484467 0.000134571 0.000078445 0.000113251 0.000085370 0.000420031 0.000480393 0.000465035 0.005707371 0.000000000 0.000000000
60.627899948 0.007779645 0.000147506 0.000086424 0.000107362 0.000081754 0.000425840 0.000481550 0.000493691 0.005955517 0.000000000 0.000000000
61.219391655 0.009543075 0.000131472 0.000097946 0.000094295 0.000079086 0.000461949 0.000493241 0.000492543 0.007692543 0.000000000 0.000000000
61.810883362 0.007810487 0.000121054 0.000108848 0.000098602 0.000081141 0.000451962 0.000503664 0.000489698 0.005955517 0.000000000 0.000000000
62.402375069 0.009477219 0.000096904 0.000120059 0.000098755 0.000096964 0.000430971 0.000453825 0.000487199 0.007692543 0.000000000 0.000000000
62.993866776 0.008156920 0.000088005 0.000127892 0.000101239 0.000101905 0.000403838 0.000421709 0.000460522 0.006451810 0.000000000 0.000000000
63.585358483 0.011014820 0.000091106 0.000117842 0.000102739 0.000098647 0.000368575 0.000395744 0.000410599 0.009429569 0.000000000 0.000000000
64.176850189 0.006882848 0.000087220 0.000090085 0.000090882 0.000082125 0.000358150 0.000351492 0.000363671 0.005459224 0.000000000 0.000000000
64.768341896 0.005859259 0.000086913 0.000087970 0.000084013 0.000081498 0.000354990 0.000337634 0.000359604 0.004466638 0.000000000 0.000000000
65.359833603 0.008594789 0.000097439 0.000089094 0.000074890 0.000078552 0.000353500 0.000351163 0.000353901 0.007196250 0.000000000 0.000000000
65.951325310 0.009536184 0.000088138 0.000076920 0.000071184 0.000065171 0.000352282 0.000348604 0.000345049 0.008188836 0.000000000 0.000000000
66.542817017 0.006805983 0.000075688 0.000069089 0.000080596 0.000062746 0.000372630 0.000340780 0.000345229 0.005459224 0.000000000 0.000000000
67.134308723 0.008088316 0.000071233 0.000068835 0.000086851 0.000051257 0.000395510 0.000349265 0.000365409 0.006699957 0.000000000 0.000000000
67.725800430 0.009887510 0.000066841 0.000060656 0.000093156 0.000047354 0.000404421 0.000380203 0.000397896 0.008436983 0.000000000 0.000000000
68.317292137 0.009014909 0.000078690 0.000054884 0.000090074 0.000049726 0.000420730 0.000416368 0.000460041 0.007444396 0.000000000 0.000000000
68.908783844 0.007670135 0.000105555 0.000054074 0.000086368 0.000072638 0.000454978 0.000439401 0.000501603 0.005955517 0.000000000 0.000000000
69.500275551 0.008020464 0.000119501 0.000059218 0.000093089 0.000098152 0.000486813 0.000496667 0.000463361 0.006203664 0.000000000 0.000000000
70.091767258 0.008582768 0.000104020 0.000064475 0.000090511 0.000098930 0.000519075 0.000537494 0.000468307 0.006699957 0.000000000 0.000000000
70.683258964 0.007318487 0.000090092 0.000060648 0.000082112 0.000084518 0.000540055 0.000510177 0.000491661 0.005459224 0.000000000 0.000000000
71.274750671 0.010530934 0.000084194 0.000066928 0.000081671 0.000086443 0.000534199 0.000505469 0.000486901 0.008685129 0.000000000 0.000000000
71.866242378 0.009009201 0.000078362 0.000071712 0.000073960 0.000078506 0.000498094 0.000531166 0.000481151 0.007196250 0.000000000 0.000000000
72.457734085 0.005522232 0.000080118 0.000077440 0.000070695 0.000074899 0.000488522 0.000534176 0.000474184 0.003722198 0.000000000 0.000000000
73.049225792 0.008481451 0.000095349 0.000089269 0.000066660 0.000066741 0.000492795 0.000512671 0.000458009 0.006699957 0.000000000 0.000000000
73.640717498 0.007239660 0.000095122 0.000111192 0.000066873 0.000063449 0.000461636 0.000529129 0.000453034 0.005459224 0.000000000 0.000000000
74.232209205 0.010453592 0.000084319 0.000115182 0.000063007 0.000074422 0.000433361 0.000502591 0.000495581 0.008685129 0.000000000 0.000000000
74.823700912 0.008192014 0.000081941 0.000109364 0.000058581 0.000089553 0.000428937 0.000444950 0.000526878 0.006451810 0.000000000 0.000000000
75.415192619 0.009301562 0.000070013 0.000110368 0.000062793 0.000102635 0.000435113 0.000379119 0.000448980 0.007692543 0.000000000 0.000000000
76.006684326 0.009954457 0.000055367 0.000107220 0.000068165 0.000087302 0.000428243 0.000375457 0.000395720 0.008436983 0.000000000 0.000000000
76.598176032 0.008156872 0.000055374 0.000102161 0.000078327 0.000080199 0.000406352 0.000370904 0.000363598 0.006699957 0.000000000 0.000000000
77.189667739 0.007089308 0.000059364 0.000088770 0.000091642 0.000077648 0.000391842 0.000351528 0.000321143 0.005707371 0.000000000 0.000000000
77.781159446 0.008102345 0.000062374 0.000077117 0.000105921 0.000083485 0.000400079 0.000357297 0.000316116 0.006699957 0.000000000 0.000000000
78.372651153 0.008409553 0.000078785 0.000067728 0.000107399 0.000089635 0.000422182 0.000364820 0.000330901 0.006948103 0.000000000 0.000000000
78.964142860 0.010879434 0.000084852 0.000061703 0.000093860 0.000095689 0.000407577 0.000363314 0.000342870 0.009429569 0.000000000 0.000000000
79.555634567 0.008596846 0.000089525 0.000057695 0.000083018 0.000089126 0.000384581 0.000354655 0.000341995 0.007196250 0.000000000 0.000000000
80.147126273 0.007932675 0.000219624 0.000059532 0.000078202 0.000074432 0.000365523 0.000356727 0.000326827 0.006451810 0.000000000 0.000000000
80.738617980 0.009869086 0.000204886 0.000059002 0.000072039 0.000066222 0.000353633 0.000353039 0.000323284 0.008436983 0.000000000 0.000000000
81.330109687 0.010013723 0.000091498 0.000056011 0.000070509 0.000066480 0.000376065 0.000346627 0.000321404 0.008685129 0.000000000 0.000000000
81.921601394 0.007571119 0.000091840 0.000061874 0.000070690 0.000067641 0.000381016 0.000360012 0.000334383 0.006203664 0.000000000 0.000000000
82.513093101 0.009842076 0.000101719 0.000065751 0.000068449 0.000070412 0.000371214 0.000373251 0.000354299 0.008436983 0.000000000 0.000000000
83.104584807 0.007339195 0.000111028 0.000061434 0.000068769 0.000069213 0.000352638 0.000361257 0.000359337 0.005955517 0.000000000 0.000000000
83.696076514 0.010287689 0.000113229 0.000062051 0.000069114 0.000069248 0.000348800 0.000354185 0.000337784 0.008933276 0.000000000 0.000000000
84.287568221 0.009024933 0.000108853 0.000067263 0.000075050 0.000068593 0.000340411 0.000341088 0.000331133 0.007692543 0.000000000 0.000000000
84.879059928 0.011293934 0.000115070 0.000069396 0.000081098 0.000074431 0.000358776 0.000327876 0.000341425 0.009925862 0.000000000 0.000000000
85.470551635 0.008661856 0.000109487 0.000075113 0.000082588 0.000072757 0.000397859 0.000353639 0.000374163 0.007196250 0.000000000 0.000000000
86.062043341 0.004109801 0.000114944 0.000081618 0.000092739 0.000085529 0.000424024 0.000403020 0.000426462 0.002481465 0.000000000 0.000000000
86.653535048 0.001825790 0.000131944 0.000092754 0.000107794 0.000101615 0.000457026 0.000446040 0.000488616 0.000000000 0.000000000 0.000000000
87.245026755 0.002009118 0.000151369 0.000104523 0.000117972 0.000120031 0.000492345 0.000504047 0.000518831 0.000000000 0.000000000 0.000000000
87.836518462 0.002211307 0.000178608 0.000111779 0.000126315 0.000133060 0.000537446 0.000563269 0.000560830 0.000000000 0.000000000 0.000000000
88.428010169 0.002462153 0.000193978 0.000130792 0.000139184 0.000149300 0.000620879 0.000610344 0.000617674 0.000000000 0.000000000 0.000000000
89.019501876 0.002815347 0.000223530 0.000145442 0.000166750 0.000168143 0.000742475 0.000669471 0.000699538 0.000000000 0.000000000 0.000000000
89.610993582 0.003402688 0.000255058 0.000167135 0.000203117 0.000211533 0.000943937 0.000795434 0.000826474 0.000000000 0.000000000 0.000000000
90.202485289 0.004175645 0.000304334 0.000203322 0.000246374 0.000266704 0.001121184 0.001009749 0.001023979 0.000000000 0.000000000 0.000000000
90.793976996 0.004949311 0.000389143 0.000256922 0.000268166 0.000335941 0.001213209 0.001248193 0.001237737 0.000000000 0.000000000 0.000000000
91.385468703 0.005220140 0.000461857 0.000293942 0.000260018 0.000373966 0.001134502 0.001345818 0.001350038 0.000000000 0.000000000 0.000000000
91.976960410 0.004852826 0.000453983 0.000316152 0.000243057 0.000369239 0.000970463 0.001216914 0.001283019 0.000000000 0.000000000 0.000000000
92.568452116 0.004200928 0.000376194 0.000319884 0.000225621 0.000329190 0.000836360 0.001040538 0.001073141 0.000000000 0.000000000 0.000000000
93.159943823 0.003607074 0.000268339 0.000290312 0.000219859 0.000272782 0.000762005 0.000899384 0.000894393 0.000000000 0.000000000 0.000000000
93.751435530 0.003260521 0.000202956 0.000266577 0.000215571 0.000232378 0.000741361 0.000813907 0.000787771 0.000000000 0.000000000 0.000000000
94.342927237 0.003144164 0.000187429 0.000263517 0.000220348 0.000223422 0.000755028 0.000751777 0.000742643 0.000000000 0.000000000 0.000000000
94.934418944 0.003160113 0.000179510 0.000270207 0.000238864 0.000218405 0.000793813 0.000713485 0.000745828 0.000000000 0.000000000 0.000000000
95.525910651 0.003325389 0.000180621 0.000285023 0.000259919 0.000227788 0.000869519 0.000735832 0.000766686 0.000000000 0.000000000 0.000000000
96.117402357 0.003543824 0.000187755 0.000300382 0.000276205 0.000245110 0.000932129 0.000791215 0.000811026 0.000000000 0.000000000 0.000000000
96.708894064 0.003754078 0.000200049 0.000294345 0.000281675 0.000247032 0.000977676 0.000873144 0.000880156 0.000000000 0.000000000 0.000000000
97.300385771 0.003975745 0.000233939 0.000285434 0.000282134 0.000261640 0.001005865 0.000955836 0.000950897 0.000000000 0.000000000 0.000000000
97.891877478 0.004135030 0.000266053 0.000278866 0.000298880 0.000270367 0.001007643 0.001016696 0.000996525 0.000000000 0.000000000 0.000000000
98.483369185 0.004197655 0.000285243 0.000282107 0.000301059 0.000285994 0.000972431 0.001048294 0.001022526 0.000000000 0.000000000 0.000000000
99.074860891 0.004140161 0.000321048 0.000279319 0.000286823 0.000289105 0.000934669 0.001019015 0.001010182 0.000000000 0.000000000 0.000000000
99.666352598 0.003994299 0.000311027 0.000272517 0.000281120 0.000278485 0.000897190 0.000996272 0.000957686 0.000000000 0.000000000 0.000000000
100.257844305 0.003813824 0.000298402 0.000259553 0.000267954 0.000267753 0.000873756 0.000927297 0.000919110 0.000000000 0.000000000 0.000000000
100.849336012 0.003672240 0.000289235 0.000250498 0.000263619 0.000249779 0.000855453 0.000881295 0.000882361 0.000000000 0.000000000 0.000000000
101.440827719 0.003587563 0.000277542 0.000244043 0.000262372 0.000236096 0.000858630 0.000845250 0.000863632 0.000000000 0.000000000 0.000000000
102.032319425 0.003570749 0.000270692 0.000244454 0.000256217 0.000226935 0.000866170 0.000840172 0.000866108 0.000000000 0.000000000 0.000000000
102.623811132 0.003606421 0.000268189 0.000249883 0.000253229 0.000227613 0.000890391 0.000844401 0.000872714 0.000000000 0.000000000 0.000000000
103.215302839 0.003662177 0.000279880 0.000257626 0.000246726 0.000223001 0.000901200 0.000863102 0.000890641 0.000000000 0.000000000 0.000000000
103.806794546 0.003746568 0.000299432 0.000258358 0.000261962 0.000230405 0.000902341 0.000889832 0.000904237 0.000000000 0.000000000 0.000000000
104.398286253 0.003844045 0.000310111 0.000259181 0.000268862 0.000236655 0.000890662 0.000930690 0.000947884 0.000000000 0.000000000 0.000000000
104.989777960 0.003879195 0.000296532 0.000259666 0.000273983 0.000247438 0.000897319 0.000933244 0.000971013 0.000000000 0.000000000 0.000000000
105.581269666 0.003884918 0.000293318 0.000276964 0.000285477 0.000250207 0.000868876 0.000935135 0.000974940 0.000000000 0.000000000 0.000000000
106.172761373 0.003858548 0.000287541 0.000265284 0.000301962 0.000250411 0.000860246 0.000922592 0.000970512 0.000000000 0.000000000 0.000000000
106.764253080 0.003805200 0.000272216 0.000257635 0.000299142 0.000250995 0.000859730 0.000908568 0.000956913 0.000000000 0.000000000 0.000000000
107.355744787 0.003753208 0.000269673 0.000256732 0.000293949 0.000256725 0.000853979 0.000896169 0.000925981 0.000000000 0.000000000 0.000000000
107.947236494 0.003710077 0.000264577 0.000275133 0.000294313 0.000265260 0.000845836 0.000877051 0.000887906 0.000000000 0.000000000 0.000000000
108.538728200 0.003654452 0.000253821 0.000268356 0.000299575 0.000276732 0.000828046 0.000866515 0.000861406 0.000000000 0.000000000 0.000000000
109.130219907 0.003595060 0.000264843 0.000260571 0.000287778 0.000291251 0.000826129 0.000833064 0.000831424 0.000000000 0.000000000 0.000000000
109.721711614 0.003566435 0.000272642 0.000259054 0.000281241 0.000290866 0.000842041 0.000805178 0.000815413 0.000000000 0.000000000 0.000000000
110.313203321 0.003570467 0.000291010 0.000261834 0.000275143 0.000294951 0.000833498 0.000793088 0.000820943 0.000000000 0.000000000 0.000000000
110.904695028 0.003624155 0.000314423 0.000274005 0.000277031 0.000292441 0.000837527 0.000815804 0.000812924 0.000000000 0.000000000 0.000000000
111.496186735 0.003655629 0.000317709 0.000284648 0.000279888 0.000300982 0.000837353 0.000832615 0.000802434 0.000000000 0.000000000 0.000000000
112.087678441 0.003646892 0.000306493 0.000304655 0.000282584 0.000314917 0.000828215 0.000810134 0.000799894 0.000000000 0.000000000 0.000000000
112.679170148 0.003668918 0.000311018 0.000325235 0.000278095 0.000315560 0.000827719 0.000821303 0.000789989 0.000000000 0.000000000 0.000000000
113.270661855 0.003626062 0.000315889 0.000330786 0.000281585 0.000320948 0.000801360 0.000800100 0.000775394 0.000000000 0.000000000 0.000000000
113.862153562 0.003607550 0.000314829 0.000342094 0.000286271 0.000322233 0.000785811 0.000787297 0.000769016 0.000000000 0.000000000 0.000000000
114.453645269 0.003588486 0.000313466 0.000356694 0.000287885 0.000323306 0.000775277 0.000767522 0.000764336 0.000000000 0.000000000 0.000000000
115.045136975 0.003578983 0.000300810 0.000342511 0.000302664 0.000326347 0.000777824 0.000768461 0.000760366 0.000000000 0.000000000 0.000000000
115.636628682 0.003513819 0.000287327 0.000325305 0.000309103 0.000322771 0.000775337 0.000755262 0.000738714 0.000000000 0.000000000 0.000000000
116.228120389 0.003513028 0.000268305 0.000318519 0.000321092 0.000321660 0.000786821 0.000756231 0.000740399 0.000000000 0.000000000 0.000000000
116.819612096 0.003516377 0.000267703 0.000319883 0.000324415 0.000325863 0.000790350 0.000744919 0.000743245 0.000000000 0.000000000 0.000000000
117.411103803 0.003521181 0.000271378 0.000320018 0.000321023 0.000321426 0.000785030 0.000747985 0.000754322 0.000000000 0.000000000 0.000000000
118.002595509 0.003553472 0.000283261 0.000309921 0.000326977 0.000320379 0.000773559 0.000765941 0.000773436 0.000000000 0.000000000 0.000000000
118.594087216 0.003567573 0.000289763 0.000308969 0.000328981 0.000307222 0.000781571 0.000770934 0.000780133 0.000000000 0.000000000 0.000000000
119.185578923 0.003547287 0.000285745 0.000293182 0.000319904 0.000297268 0.000789784 0.000780583 0.000780822 0.000000000 0.000000000 0.000000000
119.777070630 0.003602939 0.000304555 0.000295503 0.000321910 0.000289653 0.000797269 0.000803694 0.000790354 0.000000000 0.000000000 0.000000000
120.368562337 0.003635508 0.000312546 0.000294724 0.000316527 0.000283419 0.000800796 0.000817961 0.000809535 0.000000000 0.000000000 0.000000000
120.960054044 0.003677184 0.000326722 0.000291156 0.000328275 0.000279134 0.000803298 0.000824942 0.000823658 0.000000000 0.000000000 0.000000000
121.551545750 0.003693576 0.000337808 0.000285056 0.000323782 0.000278125 0.000831374 0.000818120 0.000819312 0.000000000 0.000000000 0.000000000
122.143037457 0.003686621 0.000338669 0.000285695 0.000325159 0.000274634 0.000831725 0.000830509 0.000800230 0.000000000 0.000000000 0.000000000
122.734529164 0.003631251 0.000318947 0.000288178 0.000300421 0.000268243 0.000830084 0.000834936 0.000790443 0.000000000 0.000000000 0.000000000
123.326020871 0.003618802 0.000305806 0.000283390 0.000304697 0.000258711 0.000836005 0.000833361 0.000796833 0.000000000 0.000000000 0.000000000
123.917512578 0.003594029 0.000296493 0.000290280 0.000306501 0.000258098 0.000816758 0.000817223 0.000808676 0.000000000 0.000000000 0.000000000
124.509004284 0.003608153 0.000295555 0.000311077 0.000307565 0.000264588 0.000809319 0.000802480 0.000817569 0.000000000 0.000000000 0.000000000
125.100495991 0.003587367 0.000292678 0.000301435 0.000316225 0.000272290 0.000781056 0.000798332 0.000825352 0.000000000 0.000000000 0.000000000
125.691987698 0.003638793 0.000285106 0.000316256 0.000328226 0.000286254 0.000784513 0.000810233 0.000828205 0.000000000 0.000000000 0.000000000
126.283479405 0.003612990 0.000299800 0.000316953 0.000327016 0.000288323 0.000784475 0.000791245 0.000805177 0.000000000 0.000000000 0.000000000
126.874971112 0.003578366 0.000291808 0.000307877 0.000321883 0.000296474 0.000785880 0.000771547 0.000802896 0.000000000 0.000000000 0.000000000
127.466462819 0.003621225 0.000287616 0.000313150 0.000313555 0.000321692 0.000801571 0.000773737 0.000809904 0.000000000 0.000000000 0.000000000
128.057954525 0.003622622 0.000286537 0.000312421 0.000308381 0.000323774 0.000801812 0.000802669 0.000787028 0.000000000 0.000000000 0.000000000
128.649446232 0.003611991 0.000269344 0.000324196 0.000300719 0.000324418 0.000808979 0.000812944 0.000771392 0.000000000 0.000000000 0.000000000
129.240937939 0.003628698 0.000281836 0.000320952 0.000290512 0.000318087 0.000830591 0.000813846 0.000772874 0.000000000 0.000000000 0.000000000
129.832429646 0.003615989 0.000295366 0.000303900 0.000291032 0.000308234 0.000822679 0.000820457 0.000774322 0.000000000 0.000000000 0.000000000
130.423921353 0.003628584 0.000302951 0.000302097 0.000289333 0.000301343 0.000836895 0.000804107 0.000791856 0.000000000 0.000000000 0.000000000
131.015413059 0.003637064 0.000303889 0.000297536 0.000294793 0.000307276 0.000828318 0.000814314 0.000790937 0.000000000 0.000000000 0.000000000
131.606904766 0.003629048 0.000302921 0.000282468 0.000292443 0.000311937 0.000831975 0.000815066 0.000792238 0.000000000 0.000000000 0.000000000
132.198396473 0.003650467 0.000305380 0.000290486 0.000295278 0.000318001 0.000822866 0.000821308 0.000797148 0.000000000 0.000000000 0.000000000
132.789888180 0.003627212 0.000305158 0.000289648 0.000293362 0.000316263 0.000823536 0.000804230 0.000795016 0.000000000 0.000000000 0.000000000
133.381379887 0.003607558 0.000290309 0.000291366 0.000291164 0.000309072 0.000830908 0.000789666 0.000805072 0.000000000 0.000000000 0.000000000
133.972871593 0.003597338 0.000280709 0.000294364 0.000287019 0.000314063 0.000812504 0.000793930 0.000814749 0.000000000 0.000000000 0.000000000
134.564363300 0.003573664 0.000279300 0.000284406 0.000285882 0.000299546 0.000805576 0.000805379 0.000813576 0.000000000 0.000000000 0.000000000
135.155855007 0.003556418 0.000270496 0.000290007 0.000277176 0.000292344 0.000798018 0.000817260 0.000811116 0.000000000 0.000000000 0.000000000
135.747346714 0.003610002 0.000271916 0.000293556 0.000289632 0.000289161 0.000816570 0.000827994 0.000821173 0.000000000 0.000000000 0.000000000
136.338838421 0.003625577 0.000278241 0.000280416 0.000288912 0.000294355 0.000820186 0.000827686 0.000835783 0.000000000 0.000000000 0.000000000
136.930330128 0.003639486 0.000284576 0.000285061 0.000290122 0.000293073 0.000832252 0.000825798 0.000828603 0.000000000 0.000000000 0.000000000
137.521821834 0.003696381 0.000300938 0.000298687 0.000294445 0.000287367 0.000848754 0.000831842 0.000834347 0.000000000 0.000000000 0.000000000
138.113313541 0.003679940 0.000294817 0.000291204 0.000290728 0.000296725 0.000841127 0.000830050 0.000835290 0.000000000 0.000000000 0.000000000
138.704805248 0.003692776 0.000294490 0.000300912 0.000288669 0.000299074 0.000838550 0.000842782 0.000828298 0.000000000 0.000000000 0.000000000
139.296296955 0.003691253 0.000300890 0.000297118 0.000285343 0.000299873 0.000832563 0.000850827 0.000824639 0.000000000 0.000000000 0.000000000
139.887788662 0.003663454 0.000295492 0.000289817 0.000286315 0.000295515 0.000832629 0.000849727 0.000813960 0.000000000 0.000000000 0.000000000
140.479280368 0.003679616 0.000310122 0.000290323 0.000285567 0.000291616 0.000836254 0.000846255 0.000819478 0.000000000 0.000000000 0.000000000
141.070772075 0.003645963 0.000308155 0.000293983 0.000292745 0.000291465 0.000826191 0.000817769 0.000815656 0.000000000 0.000000000 0.000000000
141.662263782 0.003643844 0.000299507 0.000291730 0.000292197 0.000287970 0.000831916 0.000814918 0.000825604 0.000000000 0.000000000 0.000000000
142.253755489 0.003632405 0.000281140 0.000287414 0.000291859 0.000285731 0.000838964 0.000813012 0.000834286 0.000000000 0.000000000 0.000000000
142.845247196 0.003613869 0.000270252 0.000292657 0.000298400 0.000283129 0.000824746 0.000816422 0.000828263 0.000000000 0.000000000 0.000000000
143.436738902 0.003619923 0.000268992 0.000295447 0.000293650 0.000277582 0.000829726 0.000830009 0.000824520 0.000000000 0.000000000 0.000000000
144.028230609 0.003666802 0.000275056 0.000309709 0.000293855 0.000277376 0.000833440 0.000833459 0.000843908 0.000000000 0.000000000 0.000000000
144.619722316 0.003663483 0.000272454 0.000307250 0.000293866 0.000276713 0.000830198 0.000840937 0.000842066 0.000000000 0.000000000 0.000000000
145.211214023 0.003682474 0.000280315 0.000288397 0.000295853 0.000285846 0.000842136 0.000843137 0.000846789 0.000000000 0.000000000 0.000000000
145.802705730 0.003705057 0.000290987 0.000265877 0.000299394 0.000280981 0.000850663 0.000855774 0.000861382 0.000000000 0.000000000 0.000000000
146.394197437 0.003733744 0.000285837 0.000265910 0.000296258 0.000283124 0.000854020 0.000862489 0.000886105 0.000000000 0.000000000 0.000000000
146.985689143 0.003727778 0.000291773 0.000270193 0.000290669 0.000274185 0.000849131 0.000865056 0.000886770 0.000000000 0.000000000 0.000000000
147.577180850 0.003709105 0.000292881 0.000270569 0.000274483 0.000265653 0.000846614 0.000871378 0.000887528 0.000000000 0.000000000 0.000000000
148.168672557 0.003681077 0.000288601 0.000261032 0.000269771 0.000258227 0.000833806 0.000872462 0.000897178 0.000000000 0.000000000 0.000000000
148.760164264 0.003721232 0.000300040 0.000278560 0.000268041 0.000258883 0.000856227 0.000865894 0.000893588 0.000000000 0.000000000 0.000000000
149.351655971 0.003721743 0.000300664 0.000279378 0.000269824 0.000252511 0.000860135 0.000870852 0.000888379 0.000000000 0.000000000 0.000000000
149.943147677 0.003732980 0.000304756 0.000272948 0.000267364 0.000253700 0.000872043 0.000880028 0.000882142 0.000000000 0.000000000 0.000000000
150.534639384 0.003733079 0.000301945 0.000267635 0.000258973 0.000254500 0.000887677 0.000881204 0.000881147 0.000000000 0.000000000 0.000000000
151.126131091 0.003715296 0.000292483 0.000249880 0.000252229 0.000250669 0.000900281 0.000886460 0.000883295 0.000000000 0.000000000 0.000000000
151.717622798 0.003743230 0.000275940 0.000251542 0.000244631 0.000265778 0.000900279 0.000901194 0.000903868 0.000000000 0.000000000 0.000000000
152.309114505 0.003771235 0.000266013 0.000258570 0.000240860 0.000263549 0.000903417 0.000923487 0.000915339 0.000000000 0.000000000 0.000000000
152.900606212 0.003777316 0.000249273 0.000275018 0.000245384 0.000272778 0.000914754 0.000915176 0.000904934 0.000000000 0.000000000 0.000000000
153.492097918 0.003805298 0.000241867 0.000268787 0.000250501 0.000272681 0.000924773 0.000916509 0.000930182 0.000000000 0.000000000 0.000000000
154.083589625 0.003801785 0.000239800 0.000262881 0.000259888 0.000279877 0.000921499 0.000909956 0.000927885 0.000000000 0.000000000 0.000000000
154.675081332 0.003843281 0.000244272 0.000260519 0.000264147 0.000285089 0.000917942 0.000931164 0.000940148 0.000000000 0.000000000 0.000000000
155.266573039 0.003836997 0.000240538 0.000252207 0.000266510 0.000285994 0.000914671 0.000940248 0.000936829 0.000000000 0.000000000 0.000000000
155.858064746 0.003832668 0.000236263 0.000245454 0.000264843 0.000279308 0.000928889 0.000929769 0.000948141 0.000000000 0.000000000 0.000000000
156.449556452 0.003820143 0.000237288 0.000249216 0.000250911 0.000270673 0.000944276 0.000934325 0.000933454 0.000000000 0.000000000 0.000000000
157.041048159 0.003834705 0.000234214 0.000254020 0.000242622 0.000253963 0.000949284 0.000946888 0.000953714 0.000000000 0.000000000 0.000000000
157.632539866 0.003827839 0.000237739 0.000256846 0.000243307 0.000241128 0.000948698 0.000955451 0.000944670 0.000000000 0.000000000 0.000000000
158.224031573 0.003867290 0.000229474 0.000261226 0.000241485 0.000236093 0.000963352 0.000972512 0.000963146 0.000000000 0.000000000 0.000000000
158.815523280 0.003897861 0.000240098 0.000255369 0.000243002 0.000233903 0.000965549 0.000980607 0.000979332 0.000000000 0.000000000 0.000000000
159.407014986 0.003923591 0.000261141 0.000247930 0.000235129 0.000225618 0.000979840 0.000984867 0.000989066 0.000000000 0.000000000 0.000000000
159.998506693 0.003914918 0.000264792 0.000231386 0.000227710 0.000229080 0.000987719 0.000985509 0.000988722 0.000000000 0.000000000 0.000000000
160.589998400 0.003883306 0.000271260 0.000222509 0.000227589 0.000232608 0.000970293 0.000984123 0.000974924 0.000000000 0.000000000 0.000000000
161.181490107 0.003871968 0.000267276 0.000221216 0.000228460 0.000242127 0.000969611 0.000967424 0.000975856 0.000000000 0.000000000 0.000000000
161.772981814 0.003839226 0.000266128 0.000230816 0.000227807 0.000242068 0.000946846 0.000960286 0.000965275 0.000000000 0.000000000 0.000000000
162.364473521 0.003844505 0.000258138 0.000225456 0.000238221 0.000245744 0.000973139 0.000952424 0.000951383 0.000000000 0.000000000 0.000000000
162.955965227 0.003865201 0.000251608 0.000228359 0.000249242 0.000243700 0.000982769 0.000966803 0.000942721 0.000000000 0.000000000 0.000000000
163.547456934 0.003874148 0.000243327 0.000240153 0.000251899 0.000256897 0.000974238 0.000963110 0.000944525 0.000000000 0.000000000 0.000000000
164.138948641 0.003898625 0.000239210 0.000237412 0.000250681 0.000264935 0.000990494 0.000959366 0.000956525 0.000000000 0.000000000 0.000000000
164.730440348 0.003896761 0.000227143 0.000240140 0.000244732 0.000258025 0.000987550 0.000967647 0.000971524 0.000000000 0.000000000 0.000000000
165.321932055 0.003908716 0.000215182 0.000252720 0.000244479 0.000247474 0.000989981 0.000981072 0.000977809 0.000000000 0.000000000 0.000000000
165.913423761 0.003921778 0.000214809 0.000253768 0.000241651 0.000240060 0.000984115 0.000990961 0.000996416 0.000000000 0.000000000 0.000000000
166.504915468 0.003928645 0.000213161 0.000247877 0.000236822 0.000249024 0.000977257 0.000999199 0.001005304 0.000000000 0.000000000 0.000000000
167.096407175 0.003930314 0.000212510 0.000252237 0.000229147 0.000237146 0.000975082 0.001008598 0.001015596 0.000000000 0.000000000 0.000000000
167.687898882 0.003910737 0.000220528 0.000250252 0.000224015 0.000231926 0.000984258 0.000998752 0.001001006 0.000000000 0.000000000 0.000000000
168.279390589 0.003894430 0.000227061 0.000241685 0.000223823 0.000232287 0.000987827 0.000988450 0.000993297 0.000000000 0.000000000 0.000000000
168.870882296 0.003905716 0.000227482 0.000233359 0.000232290 0.000233774 0.001003177 0.000984213 0.000991422 0.000000000 0.000000000 0.000000000
169.462374002 0.003907385 0.000226179 0.000220047 0.000245189 0.000235510 0.001017913 0.000985389 0.000977157 0.000000000 0.000000000 0.000000000
170.053865709 0.003876786 0.000225103 0.000221935 0.000237453 0.000233018 0.001002223 0.000986773 0.000970282 0.000000000 0.000000000 0.000000000
170.645357416 0.003909619 0.000225180 0.000222409 0.000233193 0.000245172 0.000998384 0.001010665 0.000974615 0.000000000 0.000000000 0.000000000
171.236849123 0.003936040 0.000241683 0.000235776 0.000241212 0.000241166 0.001009839 0.000993465 0.000972899 0.000000000 0.000000000 0.000000000
171.828340830 0.003950333 0.000256429 0.000240898 0.000235859 0.000244288 0.001016899 0.000981467 0.000974492 0.000000000 0.000000000 0.000000000
172.419832536 0.003973982 0.000261763 0.000232961 0.000237008 0.000250065 0.001019154 0.000986955 0.000986075 0.000000000 0.000000000 0.000000000
173.011324243 0.003966091 0.000243711 0.000232344 0.000231627 0.000244093 0.001020543 0.001008059 0.000985715 0.000000000 0.000000000 0.000000000
173.602815950 0.003977829 0.000245071 0.000222793 0.000229738 0.000236963 0.001002660 0.001037874 0.001002729 0.000000000 0.000000000 0.000000000
174.194307657 0.003967288 0.000241231 0.000226722 0.000221664 0.000229426 0.001013298 0.001020619 0.001014328 0.000000000 0.000000000 0.000000000
174.785799364 0.003986071 0.000237541 0.000226159 0.000223947 0.000221044 0.001014034 0.001026536 0.001036808 0.000000000 0.000000000 0.000000000
175.377291070 0.003967670 0.000223813 0.000230979 0.000217054 0.000223181 0.001010466 0.001017480 0.001044695 0.000000000 0.000000000 0.000000000
175.968782777 0.003947957 0.000203022 0.000234698 0.000220304 0.000214481 0.001012388 0.001013203 0.001049862 0.000000000 0.000000000 0.000000000
176.560274484 0.003931817 0.000185725 0.000234557 0.000225332 0.000207723 0.001023446 0.001013292 0.001041741 0.000000000 0.000000000 0.000000000
177.151766191 0.003922998 0.000187781 0.000216487 0.000214293 0.000208605 0.001047436 0.001022082 0.001026314 0.000000000 0.000000000 0.000000000
177.743257898 0.003912879 0.000186455 0.000212311 0.000213584 0.000208177 0.001040225 0.001025997 0.001026131 0.000000000 0.000000000 0.000000000
178.334749605 0.003949400 0.000201167 0.000212739 0.000212139 0.000214291 0.001040830 0.001044350 0.001023883 0.000000000 0.000000000 0.000000000
178.926241311 0.003985291 0.000210116 0.000215277 0.000211368 0.000218705 0.001038724 0.001056541 0.001034559 0.000000000 0.000000000 0.000000000
179.517733018 0.004025840 0.000229228 0.000224061 0.000205308 0.000228383 0.001043865 0.001057612 0.001037381 0.000000000 0.000000000 0.000000000
180.109224725 0.004044983 0.000227175 0.000223346 0.000206527 0.000238395 0.001044520 0.001061672 0.001043349 0.000000000 0.000000000 0.000000000
180.700716432 0.004089818 0.000235811 0.000221712 0.000218835 0.000242713 0.001043564 0.001083146 0.001044037 0.000000000 0.000000000 0.000000000
181.292208139 0.004090404 0.000235016 0.000221532 0.000226964 0.000242359 0.001041317 0.001074142 0.001049074 0.000000000 0.000000000 0.000000000
181.883699845 0.004100440 0.000243242 0.000225210 0.000232502 0.000237510 0.001038955 0.001066664 0.001056357 0.000000000 0.000000000 0.000000000
182.475191552 0.004070406 0.000243360 0.000229974 0.000245583 0.000229913 0.001040338 0.001032782 0.001048456 0.000000000 0.000000000 0.000000000
183.066683259 0.003992464 0.000245343 0.000216902 0.000236071 0.000229644 0.001043838 0.001002732 0.001017933 0.000000000 0.000000000 0.000000000
183.658174966 0.003860584 0.000225472 0.000216658 0.000226785 0.000224713 0.001026883 0.000963429 0.000976644 0.000000000 0.000000000 0.000000000
184.249666673 0.003757557 0.000214725 0.000213808 0.000225556 0.000215378 0.001004910 0.000942868 0.000940312 0.000000000 0.000000000 0.000000000
184.841158380 0.003730701 0.000218394 0.000221840 0.000229781 0.000212272 0.000974245 0.000934488 0.000939681 0.000000000 0.000000000 0.000000000
185.432650086 0.003745076 0.000220214 0.000237604 0.000242861 0.000216961 0.000944565 0.000938563 0.000944308 0.000000000 0.000000000 0.000000000
186.024141793 0.003750865 0.000215036 0.000243965 0.000247561 0.000224438 0.000915770 0.000945066 0.000959029 0.000000000 0.000000000 0.000000000
186.615633500 0.003793511 0.000229883 0.000260634 0.000247729 0.000222748 0.000901464 0.000951462 0.000979590 0.000000000 0.000000000 0.000000000
187.207125207 0.003899603 0.000251314 0.000260426 0.000263677 0.000232153 0.000902668 0.000984352 0.001005013 0.000000000 0.000000000 0.000000000
187.798616914 0.004007119 0.000268822 0.000256873 0.000284951 0.000239839 0.000910520 0.001009155 0.001036959 0.000000000 0.000000000 0.000000000
188.390108620 0.004106007 0.000283040 0.000256684 0.000300040 0.000251383 0.000940943 0.001029169 0.001044749 0.000000000 0.000000000 0.000000000
188.981600327 0.004129406 0.000307778 0.000262887 0.000307151 0.000255240 0.000930736 0.001012020 0.001053595 0.000000000 0.000000000 0.000000000
189.573092034 0.004052999 0.000317322 0.000260492 0.000316509 0.000242147 0.000929830 0.000963205 0.001023495 0.000000000 0.000000000 0.000000000
190.164583741 0.003873999 0.000306858 0.000265197 0.000307810 0.000218094 0.000911017 0.000914074 0.000950950 0.000000000 0.000000000 0.000000000
190.756075448 0.003636565 0.000283947 0.000254976 0.000297279 0.000201079 0.000898621 0.000827708 0.000872956 0.000000000 0.000000000 0.000000000
191.347567154 0.003470881 0.000262374 0.000256966 0.000279969 0.000187796 0.000892181 0.000773277 0.000818318 0.000000000 0.000000000 0.000000000
191.939058861 0.003334769 0.000259246 0.000244941 0.000257467 0.000177723 0.000881585 0.000745197 0.000768610 0.000000000 0.000000000 0.000000000
192.530550568 0.003207239 0.000255445 0.000220643 0.000239028 0.000173452 0.000860771 0.000731514 0.000726387 0.000000000 0.000000000 0.000000000
193.122042275 0.003218435 0.000248493 0.000226159 0.000217396 0.000181921 0.000870835 0.000775904 0.000697727 0.000000000 0.000000000 0.000000000
193.713533982 0.003408354 0.000248535 0.000251882 0.000208225 0.000211858 0.000902295 0.000871404 0.000714156 0.000000000 0.000000000 0.000000000
194.305025689 0.003799407 0.000262364 0.000299960 0.000208451 0.000270553 0.000977487 0.000993254 0.000787339 0.000000000 0.000000000 0.000000000
194.896517395 0.004395867 0.000269335 0.000355288 0.000216456 0.000359955 0.001100982 0.001154438 0.000939412 0.000000000 0.000000000 0.000000000
195.488009102 0.005132810 0.000255707 0.000380622 0.000252325 0.000435734 0.001256332 0.001370860 0.001181231 0.000000000 0.000000000 0.000000000
196.079500809 0.005424235 0.000218290 0.000343999 0.000283571 0.000418910 0.001343707 0.001441255 0.001374503 0.000000000 0.000000000 0.000000000
196.670992516 0.005046218 0.000173768 0.000273863 0.000295375 0.000335358 0.001297668 0.001305140 0.001365046 0.000000000 0.000000000 0.000000000
197.262484223 0.004206676 0.000138945 0.000220297 0.000262310 0.000252287 0.001113904 0.001050560 0.001168373 0.000000000 0.000000000 0.000000000
197.853975929 0.003434625 0.000115405 0.000188751 0.000222436 0.000207649 0.000932545 0.000859914 0.000907925 0.000000000 0.000000000 0.000000000
198.445467636 0.002892508 0.000098456 0.000152671 0.000180039 0.000184750 0.000776068 0.000752904 0.000747620 0.000000000 0.000000000 0.000000000
199.036959343 0.002512760 0.000086772 0.000132164 0.000150222 0.000161412 0.000653374 0.000665088 0.000663728 0.000000000 0.000000000 0.000000000
199.628451050 0.002191540 0.000069460 0.000113653 0.000127407 0.000132765 0.000571389 0.000577392 0.000599473 0.000000000 0.000000000 0.000000000
200.219942757 0.002000666 0.000060777 0.000109288 0.000124395 0.000115651 0.000520625 0.000523990 0.000545942 0.000000000 0.000000000 0.000000000
200.811434463 0.001810029 0.000059887 0.000100607 0.000116407 0.000104697 0.000482089 0.000456840 0.000489502 0.000000000 0.000000000 0.000000000
201.402926170 0.005615754 0.000059333 0.000092107 0.000112256 0.000093736 0.000457526 0.000395576 0.000434875 0.000000000 0.003970345 0.000000000
201.994417877 0.009197748 0.000065561 0.000084141 0.000107583 0.000089095 0.000413003 0.000369908 0.000375915 0.000000000 0.007692543 0.000000000
202.585909584 0.010879345 0.000065269 0.000094835 0.000102047 0.000093547 0.000378921 0.000369233 0.000345923 0.000000000 0.009429569 0.000000000
203.177401291 0.008881930 0.000075471 0.000100635 0.000096994 0.000099307 0.000347289 0.000375236 0.000342602 0.000000000 0.007444396 0.000000000
203.768892998 0.010122927 0.000078850 0.000111888 0.000096244 0.000108703 0.000340565 0.000363980 0.000337568 0.000000000 0.008685129 0.000000000
204.360384704 0.008604206 0.000068155 0.000102032 0.000094604 0.000111451 0.000334331 0.000348105 0.000349279 0.000000000 0.007196250 0.000000000
204.951876411 0.008032354 0.000057564 0.000089732 0.000086787 0.000098931 0.000321813 0.000318056 0.000359515 0.000000000 0.006699957 0.000000000
205.543368118 0.007712509 0.000049452 0.000087578 0.000080162 0.000085107 0.000297153 0.000312268 0.000348980 0.000000000 0.006451810 0.000000000
206.134859825 0.010893600 0.000043244 0.000081702 0.000078200 0.000078706 0.000292842 0.000309192 0.000332000 0.000000000 0.009677715 0.000000000
206.726351532 0.008674329 0.000047295 0.000080897 0.000073461 0.000082502 0.000293671 0.000313107 0.000339000 0.000000000 0.007444396 0.000000000
207.317843238 0.008964402 0.000057382 0.000081465 0.000075907 0.000101692 0.000298213 0.000318357 0.000338843 0.000000000 0.007692543 0.000000000
207.909334945 0.008062390 0.000072137 0.000090057 0.000082404 0.000119609 0.000311794 0.000320569 0.000365864 0.000000000 0.006699957 0.000000000
208.500826652 0.010863785 0.000075103 0.000091117 0.000087631 0.000115617 0.000323965 0.000337673 0.000403111 0.000000000 0.009429569 0.000000000
209.092318359 0.007844487 0.000083690 0.000091783 0.000092455 0.000097976 0.000313022 0.000338349 0.000375402 0.000000000 0.006451810 0.000000000
209.683810066 0.008512311 0.000088095 0.000089826 0.000091773 0.000093833 0.000288849 0.000329210 0.000334475 0.000000000 0.007196250 0.000000000
210.275301773 0.006008945 0.000089525 0.000087267 0.000098211 0.000098159 0.000288611 0.000317345 0.000315042 0.000000000 0.004714784 0.000000000
210.866793479 0.009253525 0.000084185 0.000090697 0.000100500 0.000096995 0.000307037 0.000299260 0.000334163 0.000000000 0.007940689 0.000000000
211.458285186 0.008825556 0.000093196 0.000097196 0.000096523 0.000092094 0.000352158 0.000290522 0.000359470 0.000000000 0.007444396 0.000000000
212.049776893 0.009654833 0.000087073 0.000096672 0.000095723 0.000087234 0.000410297 0.000314949 0.000374048 0.000000000 0.008188836 0.000000000
212.641268600 0.008023241 0.000090807 0.000086213 0.000091572 0.000080549 0.000414234 0.000415419 0.000392637 0.000000000 0.006451810 0.000000000
213.232760307 0.009292234 0.000092970 0.000083659 0.000085787 0.000072614 0.000384317 0.000465885 0.000414459 0.000000000 0.007692543 0.000000000
213.824252013 0.008038249 0.000093220 0.000087953 0.000081426 0.000073378 0.000371495 0.000424569 0.000454398 0.000000000 0.006451810 0.000000000
214.415743720 0.008058303 0.000094253 0.000089811 0.000087457 0.000082400 0.000383180 0.000443967 0.000425424 0.000000000 0.006451810 0.000000000
215.007235427 0.004870304 0.000099021 0.000091925 0.000094969 0.000100020 0.000387283 0.000460593 0.000410588 0.000000000 0.003225905 0.000000000
215.598727134 0.010138424 0.000101284 0.000104633 0.000109068 0.000116577 0.000377351 0.000435994 0.000456535 0.000000000 0.008436983 0.000000000
216.190218841 0.009391597 0.000093356 0.000108967 0.000107449 0.000122972 0.000357745 0.000382429 0.000526135 0.000000000 0.007692543 0.000000000
216.781710547 0.007171638 0.000100666 0.000100466 0.000109758 0.000115743 0.000346258 0.000358105 0.000581417 0.000000000 0.005459224 0.000000000
217.373202254 0.008332802 0.000096891 0.000089419 0.000101241 0.000108349 0.000346741 0.000402255 0.000487949 0.000000000 0.006699957 0.000000000
217.964693961 0.007831895 0.000081303 0.000081114 0.000091195 0.000108008 0.000378391 0.000487681 0.000400539 0.000000000 0.006203664 0.000000000
218.556185668 0.007728622 0.000071173 0.000081190 0.000090071 0.000099862 0.000412278 0.000410346 0.000360038 0.000000000 0.006203664 0.000000000
219.147677375 0.009352457 0.000071029 0.000086028 0.000086837 0.000092701 0.000408990 0.000338602 0.000327581 0.000000000 0.007940689 0.000000000
219.739169082 0.009058649 0.000060092 0.000097712 0.000091837 0.000088337 0.000384150 0.000332551 0.000311427 0.000000000 0.007692543 0.000000000
220.330660788 0.008793725 0.000053633 0.000123433 0.000093444 0.000087848 0.000357505 0.000337319 0.000296146 0.000000000 0.007444396 0.000000000
220.922152495 0.006031202 0.000056004 0.000124561 0.000094251 0.000086958 0.000350116 0.000322158 0.000282370 0.000000000 0.004714784 0.000000000
221.513644202 0.010247150 0.000070150 0.000115190 0.000098126 0.000087567 0.000352381 0.000307208 0.000283252 0.000000000 0.008933276 0.000000000
222.105135909 0.007519833 0.000080405 0.000109247 0.000104457 0.000083419 0.000348496 0.000306318 0.000283828 0.000000000 0.006203664 0.000000000
222.696627616 0.006051163 0.000091290 0.000106907 0.000104896 0.000087466 0.000340308 0.000322922 0.000282589 0.000000000 0.004714784 0.000000000
223.288119322 0.007109018 0.000095932 0.000114256 0.000107079 0.000096938 0.000340961 0.000343038 0.000303443 0.000000000 0.005707371 0.000000000
223.879611029 0.011396499 0.000090761 0.000110392 0.000111825 0.000108982 0.000347761 0.000353589 0.000347327 0.000000000 0.009925862 0.000000000
224.471102736 0.007498172 0.000098418 0.000108816 0.000116492 0.000118356 0.000360393 0.000346598 0.000393582 0.000000000 0.005955517 0.000000000
225.062594443 0.009511884 0.000106740 0.000102797 0.000119024 0.000131748 0.000366826 0.000351144 0.000392914 0.000000000 0.007940689 0.000000000
225.654086150 0.006304888 0.000113405 0.000095577 0.000122413 0.000145982 0.000358922 0.000368974 0.000384831 0.000000000 0.004714784 0.000000000
226.245577857 0.010969164 0.000099840 0.000099486 0.000128947 0.000130763 0.000351866 0.000372092 0.000356602 0.000000000 0.009429569 0.000000000
226.837069563 0.006705608 0.000089625 0.000101690 0.000125897 0.000113326 0.000347236 0.000369784 0.000346972 0.000000000 0.005211077 0.000000000
227.428561270 0.007662131 0.000082310 0.000100952 0.000116329 0.000097336 0.000346808 0.000355938 0.000358793 0.000000000 0.006203664 0.000000000
228.020052977 0.009153557 0.000082593 0.000094462 0.000109449 0.000076715 0.000355011 0.000360982 0.000381802 0.000000000 0.007692543 0.000000000
228.611544684 0.007424766 0.000084247 0.000093386 0.000095568 0.000068892 0.000362348 0.000357566 0.000407243 0.000000000 0.005955517 0.000000000
229.203036391 0.009868637 0.000081356 0.000102605 0.000095156 0.000071473 0.000361435 0.000343448 0.000376180 0.000000000 0.008436983 0.000000000
229.794528097 0.008056305 0.000073383 0.000110588 0.000094312 0.000071349 0.000345463 0.000329412 0.000331842 0.000000000 0.006699957 0.000000000
230.386019804 0.011746095 0.000072578 0.000120797 0.000085485 0.000074333 0.000325345 0.000339148 0.000306255 0.000000000 0.010422155 0.000000000
230.977511511 0.009761560 0.000071162 0.000118764 0.000082951 0.000080884 0.000320119 0.000359495 0.000291204 0.000000000 0.008436983 0.000000000
231.569003218 0.006738563 0.000070549 0.000096995 0.000083183 0.000084564 0.000309048 0.000361091 0.000273910 0.000000000 0.005459224 0.000000000
232.160494925 0.011387907 0.000063946 0.000089822 0.000084237 0.000086397 0.000309257 0.000308284 0.000271956 0.000000000 0.010174008 0.000000000
232.751986631 0.011350859 0.000056830 0.000087896 0.000080544 0.000085960 0.000322082 0.000274858 0.000268680 0.000000000 0.010174008 0.000000000
233.343478338 0.008149829 0.000061533 0.000082129 0.000078728 0.000095150 0.000350502 0.000256296 0.000277389 0.000000000 0.006948103 0.000000000
233.934970045 0.006463775 0.000073125 0.000078652 0.000085736 0.000114892 0.000335270 0.000278469 0.000286554 0.000000000 0.005211077 0.000000000
234.526461752 0.008496217 0.000088197 0.000076056 0.000089882 0.000145256 0.000306650 0.000290265 0.000303663 0.000000000 0.007196250 0.000000000
235.117953459 0.006507172 0.000096259 0.000075760 0.000088252 0.000161005 0.000271534 0.000297460 0.000305825 0.000000000 0.005211077 0.000000000
235.709445166 0.006452545 0.000091359 0.000075798 0.000084815 0.000136956 0.000247784 0.000296895 0.000307861 0.000000000 0.005211077 0.000000000
236.300936872 0.008852048 0.000085528 0.000069156 0.000084290 0.000103792 0.000238222 0.000291736 0.000286782 0.000000000 0.007692543 0.000000000
236.892428579 0.005550019 0.000088697 0.000072119 0.000088296 0.000086471 0.000227466 0.000266563 0.000253771 0.000000000 0.004466638 0.000000000
237.483920286 0.005811107 0.000097502 0.000104776 0.000094455 0.000090953 0.000228075 0.000237630 0.000242932 0.000000000 0.004714784 0.000000000
238.075411993 0.007312914 0.000100087 0.000139657 0.000091790 0.000116575 0.000220639 0.000212128 0.000228374 0.000000000 0.006203664 0.000000000
238.666903700 0.005838675 0.000107294 0.000149002 0.000105603 0.000133343 0.000214174 0.000191891 0.000222585 0.000000000 0.004714784 0.000000000
239.258395406 0.009568001 0.000104401 0.000140893 0.000128648 0.000135855 0.000215581 0.000182790 0.000222850 0.000000000 0.008436983 0.000000000
239.849887113 0.004625301 0.000105266 0.000134823 0.000140510 0.000137019 0.000218750 0.000191565 0.000223317 0.000000000 0.003474052 0.000000000
240.441378820 0.008116325 0.000088291 0.000125180 0.000146629 0.000128304 0.000214423 0.000226029 0.000239366 0.000000000 0.006948103 0.000000000
241.032870527 0.006151164 0.000071261 0.000122713 0.000140112 0.000113006 0.000224102 0.000258930 0.000258108 0.000000000 0.004962931 0.000000000
241.624362234 0.007911135 0.000076402 0.000117901 0.000142237 0.000101195 0.000254381 0.000263418 0.000255644 0.000000000 0.006699957 0.000000000
242.215853940 0.005973052 0.000098585 0.000114893 0.000141764 0.000097779 0.000284593 0.000272423 0.000248231 0.000000000 0.004714784 0.000000000
242.807345647 0.005040594 0.000128872 0.000116209 0.000138228 0.000097216 0.000302785 0.000278692 0.000256394 0.000000000 0.003722198 0.000000000
243.398837354 0.007104164 0.000161577 0.000125412 0.000138079 0.000108631 0.000315439 0.000280928 0.000266726 0.000000000 0.005707371 0.000000000
243.990329061 0.004935588 0.000161656 0.000123808 0.000151857 0.000130802 0.000341933 0.000272670 0.000278810 0.000000000 0.003474052 0.000000000
244.581820768 0.007683423 0.000122668 0.000117617 0.000144764 0.000136048 0.000358689 0.000292447 0.000307526 0.000000000 0.006203664 0.000000000
245.173312475 0.006507072 0.000105584 0.000125659 0.000132754 0.000153560 0.000357645 0.000323436 0.000345502 0.000000000 0.004962931 0.000000000
245.764804181 0.007348280 0.000104215 0.000147057 0.000126232 0.000187861 0.000351168 0.000368451 0.000355925 0.000000000 0.005707371 0.000000000
246.356295888 0.008182651 0.000120113 0.000152121 0.000126359 0.000220337 0.000358415 0.000409692 0.000343803 0.000000000 0.006451810 0.000000000
246.947787595 0.006001305 0.000167691 0.000155813 0.000126665 0.000220948 0.000352463 0.000423689 0.000335545 0.000000000 0.004218491 0.000000000
247.539279302 0.006781661 0.000217318 0.000164270 0.000129949 0.000228981 0.000341577 0.000404796 0.000331839 0.000000000 0.004962931 0.000000000
248.130771009 0.006489695 0.000185415 0.000171656 0.000129434 0.000225415 0.000324164 0.000381472 0.000357356 0.000000000 0.004714784 0.000000000
248.722262715 0.006691691 0.000158048 0.000188609 0.000133185 0.000194808 0.000335395 0.000325983 0.000392733 0.000000000 0.004962931 0.000000000
249.313754422 0.008638690 0.000153259 0.000209154 0.000150224 0.000150994 0.000369943 0.000303476 0.000353536 0.000000000 0.006948103 0.000000000
249.905246129 0.009811673 0.000152800 0.000211697 0.000174943 0.000122286 0.000386790 0.000273663 0.000300657 0.000000000 0.008188836 0.000000000
250.496737836 0.006766930 0.000121923 0.000189942 0.000203071 0.000116464 0.000368263 0.000268932 0.000287260 0.000000000 0.005211077 0.000000000
251.088229543 0.005214231 0.000128009 0.000151102 0.000202236 0.000110945 0.000326944 0.000303164 0.000269633 0.000000000 0.003722198 0.000000000
251.679721250 0.009190140 0.000147376 0.000145546 0.000195910 0.000110248 0.000291587 0.000341354 0.000265577 0.000000000 0.007692543 0.000000000
252.271212956 0.006774682 0.000183269 0.000159721 0.000197540 0.000109649 0.000273635 0.000350428 0.000289363 0.000000000 0.005211077 0.000000000
252.862704663 0.005116389 0.000236144 0.000162031 0.000199386 0.000129331 0.000263171 0.000329011 0.000323262 0.000000000 0.003474052 0.000000000
253.454196370 0.006711026 0.000270278 0.000179706 0.000189013 0.000143903 0.000271786 0.000337323 0.000356087 0.000000000 0.004962931 0.000000000
254.045688077 0.008052527 0.000287250 0.000210155 0.000196310 0.000145730 0.000289806 0.000343134 0.000376479 0.000000000 0.006203664 0.000000000
254.637179784 0.007316218 0.000290289 0.000230582 0.000234137 0.000139740 0.000291683 0.000324533 0.000346031 0.000000000 0.005459224 0.000000000
255.228671490 0.006003561 0.000254877 0.000249762 0.000248101 0.000153564 0.000295000 0.000275856 0.000307911 0.000000000 0.004218491 0.000000000
255.820163197 0.008070838 0.000207585 0.000221236 0.000202661 0.000175720 0.000274607 0.000241987 0.000295231 0.000000000 0.006451810 0.000000000
256.411654904 0.007442435 0.000201458 0.000167349 0.000182395 0.000187487 0.000248883 0.000226426 0.000272919 0.000000000 0.005955517 0.000000000
257.003146611 0.006363079 0.000202143 0.000145774 0.000199915 0.000181643 0.000208811 0.000218934 0.000242928 0.000000000 0.004962931 0.000000000
257.594638318 0.006325222 0.000207349 0.000144400 0.000208845 0.000198490 0.000174014 0.000207102 0.000222092 0.000000000 0.004962931 0.000000000
258.186130024 0.007794784 0.000211007 0.000162407 0.000215937 0.000212244 0.000143923 0.000185188 0.000212268 0.000000000 0.006451810 0.000000000
258.777621731 0.007187196 0.000203456 0.000145909 0.000199638 0.000203850 0.000126640 0.000154364 0.000197822 0.000000000 0.005955517 0.000000000
259.369113438 0.006083979 0.000181054 0.000129846 0.000174182 0.000171185 0.000130857 0.000145531 0.000188392 0.000000000 0.004962931 0.000000000
259.960605145 0.006298115 0.000171666 0.000138237 0.000141528 0.000161782 0.000144079 0.000152478 0.000177268 0.000000000 0.005211077 0.000000000
260.552096852 0.008017945 0.000164246 0.000150343 0.000117379 0.000154241 0.000164123 0.000151236 0.000168273 0.000000000 0.006948103 0.000000000
261.143588559 0.008769689 0.000162559 0.000161981 0.000109927 0.000151741 0.000177456 0.000146865 0.000166619 0.000000000 0.007692543 0.000000000
261.735080265 0.007776743 0.000151466 0.000189274 0.000108473 0.000160058 0.000170037 0.000141190 0.000156288 0.000000000 0.006699957 0.000000000
262.326571972 0.009018157 0.000133509 0.000210494 0.000105845 0.000171230 0.000165990 0.000143632 0.000146768 0.000000000 0.007940689 0.000000000
262.918063679 0.007774763 0.000137661 0.000198358 0.000110105 0.000149901 0.000169189 0.000169839 0.000139752 0.000000000 0.006699957 0.000000000
263.509555386 0.006525424 0.000140380 0.000161774 0.000113931 0.000142110 0.000177705 0.000183327 0.000146973 0.000000000 0.005459224 0.000000000
264.101047093 0.009561731 0.000135318 0.000134444 0.000123135 0.000158203 0.000200096 0.000187521 0.000186031 0.000000000 0.008436983 0.000000000
264.692538799 0.006558858 0.000143730 0.000160430 0.000154444 0.000241152 0.000210601 0.000198892 0.000238530 0.000000000 0.005211077 0.000000000
265.284030506 0.006254553 0.000129311 0.000204868 0.000181505 0.000263303 0.000221623 0.000241893 0.000297264 0.000000000 0.004714784 0.000000000
265.875522213 0.007747208 0.000118974 0.000177865 0.000191787 0.000191304 0.000237065 0.000288853 0.000337696 0.000000000 0.006203664 0.000000000
266.467013920 0.007746369 0.000107672 0.000166406 0.000218209 0.000134721 0.000244849 0.000338010 0.000332839 0.000000000 0.006203664 0.000000000
267.058505627 0.008919658 0.000089475 0.000138889 0.000204081 0.000107623 0.000272649 0.000338647 0.000323899 0.000000000 0.007444396 0.000000000
267.649997334 0.007629466 0.000094171 0.000100212 0.000158683 0.000096261 0.000317894 0.000330626 0.000327956 0.000000000 0.006203664 0.000000000
268.241489040 0.008302613 0.000137401 0.000075063 0.000120792 0.000088203 0.000336068 0.000309603 0.000287379 0.000000000 0.006948103 0.000000000
268.832980747 0.009268779 0.000208845 0.000079254 0.000094693 0.000079281 0.000331934 0.000279285 0.000254799 0.000000000 0.007940689 0.000000000
269.424472454 0.008235345 0.000234806 0.000076028 0.000080085 0.000068421 0.000316339 0.000271036 0.000240526 0.000000000 0.006948103 0.000000000
270.015964161 0.008622936 0.000148490 0.000073625 0.000073678 0.000068487 0.000300590 0.000282752 0.000230916 0.000000000 0.007444396 0.000000000
270.607455868 0.008299402 0.000093315 0.000076974 0.000070291 0.000061812 0.000279786 0.000278070 0.000242904 0.000000000 0.007196250 0.000000000
271.198947574 0.007783354 0.000086587 0.000069097 0.000072436 0.000049217 0.000258725 0.000272876 0.000274458 0.000000000 0.006699957 0.000000000
271.790439281 0.011733310 0.000083776 0.000063574 0.000074295 0.000051999 0.000238200 0.000251355 0.000299808 0.000000000 0.010670301 0.000000000
272.381930988 0.006457592 0.000075753 0.000066090 0.000077272 0.000060445 0.000212584 0.000227648 0.000278576 0.000000000 0.005459224 0.000000000
272.973422695 0.007134260 0.000072761 0.000070373 0.000071067 0.000078981 0.000188561 0.000224929 0.000223923 0.000000000 0.006203664 0.000000000
273.564914402 0.011860479 0.000062495 0.000124875 0.000073590 0.000088846 0.000183494 0.000223396 0.000185335 0.000000000 0.010918448 0.000000000
274.156406108 0.009334959 0.000040875 0.000170386 0.000073768 0.000094145 0.000193351 0.000170570 0.000154883 0.000000000 0.008436983 0.000000000
274.747897815 0.009732396 0.000026942 0.000117186 0.000073570 0.000094015 0.000210751 0.000149301 0.000127354 0.000000000 0.008933276 0.000000000
275.339389522 0.010919102 0.000017140 0.000085126 0.000072212 0.000091276 0.000202644 0.000138549 0.000138150 0.000000000 0.010174008 0.000000000
275.930881229 0.009458131 0.000016179 0.000082166 0.000092267 0.000081327 0.000196177 0.000139514 0.000165371 0.000000000 0.008685129 0.000000000
276.522372936 0.007732472 0.000019069 0.000056345 0.000119348 0.000075118 0.000189090 0.000156816 0.000168583 0.000000000 0.006948103 0.000000000
277.113864643 0.007460319 0.000025433 0.000038365 0.000119674 0.000066159 0.000187116 0.000169570 0.000154045 0.000000000 0.006699957 0.000000000
277.705356349 0.010157870 0.000022974 0.000028159 0.000098303 0.000068864 0.000175884 0.000188663 0.000145455 0.000000000 0.009429569 0.000000000
278.296848056 0.011147968 0.000027342 0.000025914 0.000085883 0.000060500 0.000173164 0.000209655 0.000143357 0.000000000 0.010422155 0.000000000
278.888339763 0.008226043 0.000018130 0.000054638 0.000073343 0.000058720 0.000184826 0.000228439 0.000163550 0.000000000 0.007444396 0.000000000
279.479831470 0.011353460 0.000011445 0.000121211 0.000050076 0.000072969 0.000199993 0.000261566 0.000214046 0.000000000 0.010422155 0.000000000
280.071323177 0.010048377 0.000007560 0.000128802 0.000037444 0.000122049 0.000235204 0.000291025 0.000293017 0.000000000 0.008933276 0.000000000
280.662814883 0.012442952 0.000002032 0.000078571 0.000028703 0.000180459 0.000280872 0.000316386 0.000389334 0.000000000 0.011166595 0.000000000
281.254306590 0.009805145 0.000000078 0.000013966 0.000025641 0.000082331 0.000255998 0.000211851 0.000282005 0.000000000 0.008933276 0.000000000
281.845798297 0.008912270 0.000000000 0.000000649 0.000014819 0.000003793 0.000122434 0.000025963 0.000059484 0.000000000 0.008685129 0.000000000
282.437290004 0.011447621 0.000000000 0.000000000 0.000004839 0.000000011 0.000023511 0.000000448 0.000004071 0.000000000 0.011414741 0.000000000
283.028781711 0.007446605 0.000000000 0.000000000 0.000000466 0.000000000 0.000001732 0.000000000 0.000000010 0.000000000 0.007444396 0.000000000
283.620273418 0.000000078 0.000000000 0.000000000 0.000000015 0.000000000 0.000000063 0.000000000 0.000000000 0.000000000 0.000000000 0.000000000
284.211765124 0.000000000 0.000000000 0.000000000 0.000000000 0.000000000 0.000000000 0.000000000 0.000000000 0.000000000 0.000000000 0.000000000
284.803256831 0.000000000 0.000000000 0.000000000 0.000000000 0.000000000 0.000000000 0.000000000 0.000000000 0.000000000 0.000000000 0.000000000
285.394748538 0.000000000 0.000000000 0.000000000 0.000000000 0.000000000 0.000000000 0.000000000 0.000000000 0.000000000 0.000000000 0.000000000
285.986240245 0.000000000 0.000000000 0.000000000 0.000000000 0.000000000 0.000000000 0.000000000 0.000000000 0.000000000 0.000000000 0.000000000
286.577731952 0.000000000 0.000000000 0.000000000 0.000000000 0.000000000 0.000000000 0.000000000 0.000000000 0.000000000 0.000000000 0.000000000
287.169223658 0.049629309 0.000000000 0.000000000 0.000000000 0.000000000 0.000000000 0.000000000 0.000000000 0.000000000 0.000000000 0.049629309
287.760715365 0.000000000 0.000000000 0.000000000 0.000000000 0.000000000 0.000000000 0.000000000 0.000000000 0.000000000 0.000000000 0.000000000
288.352207072 0.000000000 0.000000000 0.000000000 0.000000000 0.000000000 0.000000000 0.000000000 0.000000000 0.000000000 0.000000000 0.000000000
288.943698779 0.000000000 0.000000000 0.000000000 0.000000000 0.000000000 0.000000000 0.000000000 0.000000000 0.000000000 0.000000000 0.000000000
289.535190486 0.000000000 0.000000000 0.000000000 0.000000000 0.000000000 0.000000000 0.000000000 0.000000000 0.000000000 0.000000000 0.000000000
290.126682192 0.000000000 0.000000000 0.000000000 0.000000000 0.000000000 0.000000000 0.000000000 0.000000000 0.000000000 0.000000000 0.000000000
290.718173899 0.000000000 0.000000000 0.000000000 0.000000000 0.000000000 0.000000000 0.000000000 0.000000000 0.000000000 0.000000000 0.000000000
291.309665606 0.000000000 0.000000000 0.000000000 0.000000000 0.000000000 0.000000000 0.000000000 0.000000000 0.000000000 0.000000000 0.000000000
291.901157313 0.000000000 0.000000000 0.000000000 0.000000000 0.000000000 0.000000000 0.000000000 0.000000000 0.000000000 0.000000000 0.000000000
292.492649020 0.000000000 0.000000000 0.000000000 0.000000000 0.000000000 0.000000000 0.000000000 0.000000000 0.000000000 0.000000000 0.000000000
293.084140727 0.000000000 0.000000000 0.000000000 0.000000000 0.000000000 0.000000000 0.000000000 0.000000000 0.000000000 0.000000000 0.000000000
293.675632433 0.000000000 0.000000000 0.000000000 0.000000000 0.000000000 0.000000000 0.000000000 0.000000000 0.000000000 0.000000000 0.000000000
294.267124140 0.000000000 0.000000000 0.000000000 0.000000000 0.000000000 0.000000000 0.000000000 0.000000000 0.000000000 0.000000000 0.000000000
294.858615847 0.000000000 0.000000000 0.000000000 0.000000000 0.000000000 0.000000000 0.000000000 0.000000000 0.000000000 0.000000000 0.000000000
295.450107554 0.000000000 0.000000000 0.000000000 0.000000000 0.000000000 0.000000000 0.000000000 0.000000000 0.000000000 0.000000000 0.000000000
