# Ion number density
# The last    3 ion types are fixed
# Average over 485834 steps
# z (au)        total        A            Im1          Im2          Im3          N            C            Me           C1           C2           P
0.299713564 0.048972299 0.000000000 0.000000000 0.000000000 0.000000000 0.000000000 0.000000000 0.000000000 0.000000000 0.000000000 0.048972299
0.899140693 0.000000000 0.000000000 0.000000000 0.000000000 0.000000000 0.000000000 0.000000000 0.000000000 0.000000000 0.000000000 0.000000000
1.498567822 0.000000000 0.000000000 0.000000000 0.000000000 0.000000000 0.000000000 0.000000000 0.000000000 0.000000000 0.000000000 0.000000000
2.097994951 0.000000000 0.000000000 0.000000000 0.000000000 0.000000000 0.000000000 0.000000000 0.000000000 0.000000000 0.000000000 0.000000000
2.697422080 0.000000000 0.000000000 0.000000000 0.000000000 0.000000000 0.000000000 0.000000000 0.000000000 0.000000000 0.000000000 0.000000000
3.296849209 0.000000000 0.000000000 0.000000000 0.000000000 0.000000000 0.000000000 0.000000000 0.000000000 0.000000000 0.000000000 0.000000000
3.896276338 0.001958892 0.000000000 0.000000000 0.000000000 0.000000000 0.000000000 0.000000000 0.000000000 0.001958892 0.000000000 0.000000000
4.495703467 0.010284216 0.000000000 0.000000000 0.000000021 0.000000000 0.000000012 0.000000000 0.000000000 0.010284183 0.000000000 0.000000000
5.095130596 0.007838009 0.000000000 0.000000000 0.000000904 0.000000000 0.000001154 0.000000000 0.000000382 0.007835568 0.000000000 0.000000000
5.694557725 0.009658002 0.000000000 0.000000000 0.000003890 0.000000017 0.000046175 0.000015433 0.000042888 0.009549598 0.000000000 0.000000000
6.293984854 0.009443955 0.000001046 0.000000847 0.000007345 0.000013570 0.000176000 0.000199835 0.000230298 0.008815014 0.000000000 0.000000000
6.893411983 0.013080177 0.000047954 0.000017271 0.000006957 0.000105742 0.000138170 0.000112604 0.000163542 0.012487936 0.000000000 0.000000000
7.492839112 0.009344027 0.000163585 0.000042554 0.000003842 0.000136286 0.000107457 0.000189291 0.000130859 0.008570152 0.000000000 0.000000000
8.092266241 0.009335082 0.000037335 0.000052927 0.000004509 0.000074766 0.000088130 0.000126187 0.000136215 0.008815014 0.000000000 0.000000000
8.691693370 0.008337186 0.000007087 0.000070433 0.000007711 0.000035334 0.000055629 0.000044357 0.000036206 0.008080429 0.000000000 0.000000000
9.291120499 0.011474397 0.000022318 0.000053132 0.000027845 0.000027012 0.000042353 0.000030357 0.000007752 0.011263629 0.000000000 0.000000000
9.890547628 0.007580779 0.000052663 0.000006295 0.000083047 0.000026647 0.000040039 0.000020896 0.000005346 0.007345845 0.000000000 0.000000000
10.489974757 0.007415246 0.000104050 0.000001325 0.000123129 0.000024881 0.000041124 0.000015129 0.000004625 0.007100983 0.000000000 0.000000000
11.089401886 0.008433878 0.000156163 0.000003150 0.000104008 0.000021403 0.000044601 0.000017814 0.000006310 0.008080429 0.000000000 0.000000000
11.688829015 0.009209824 0.000199389 0.000015701 0.000073393 0.000015874 0.000053990 0.000025650 0.000010813 0.008815014 0.000000000 0.000000000
12.288256144 0.009876337 0.000243857 0.000087284 0.000058393 0.000053975 0.000064641 0.000042794 0.000020656 0.009304737 0.000000000 0.000000000
12.887683273 0.009707726 0.000153002 0.000111624 0.000046508 0.000162086 0.000067093 0.000064391 0.000043148 0.009059875 0.000000000 0.000000000
13.487110402 0.010756551 0.000035831 0.000071026 0.000045831 0.000140957 0.000049299 0.000063088 0.000066336 0.010284183 0.000000000 0.000000000
14.086537531 0.007553195 0.000041399 0.000083695 0.000081334 0.000125998 0.000025175 0.000032705 0.000061906 0.007100983 0.000000000 0.000000000
14.685964660 0.007736775 0.000074781 0.000130914 0.000119954 0.000181127 0.000015094 0.000030829 0.000083092 0.007100983 0.000000000 0.000000000
15.285391789 0.008587459 0.000062092 0.000194344 0.000140346 0.000246530 0.000063791 0.000131082 0.000158568 0.007590706 0.000000000 0.000000000
15.884818918 0.010264938 0.000058759 0.000222148 0.000158107 0.000174429 0.000116777 0.000122272 0.000107709 0.009304737 0.000000000 0.000000000
16.484246047 0.007906054 0.000076703 0.000187090 0.000211850 0.000140146 0.000068068 0.000044606 0.000076608 0.007100983 0.000000000 0.000000000
17.083673176 0.008310967 0.000095002 0.000271317 0.000296396 0.000157284 0.000031104 0.000065527 0.000048493 0.007345845 0.000000000 0.000000000
17.683100305 0.007700684 0.000099469 0.000403270 0.000273731 0.000179786 0.000040597 0.000066608 0.000025964 0.006611260 0.000000000 0.000000000
18.282527434 0.009578129 0.000100196 0.000385205 0.000284291 0.000137172 0.000066034 0.000020255 0.000014823 0.008570152 0.000000000 0.000000000
18.881954563 0.007044247 0.000292082 0.000279223 0.000398948 0.000117228 0.000047215 0.000009323 0.000023552 0.005876676 0.000000000 0.000000000
19.481381692 0.008257809 0.000160864 0.000135071 0.000359154 0.000176115 0.000024091 0.000011219 0.000045450 0.007345845 0.000000000 0.000000000
20.080808821 0.007305409 0.000325636 0.000076778 0.000218655 0.000194709 0.000024788 0.000019111 0.000079334 0.006366399 0.000000000 0.000000000
20.680235950 0.008296063 0.000415320 0.000071024 0.000164633 0.000149177 0.000020635 0.000026151 0.000103278 0.007345845 0.000000000 0.000000000
21.279663079 0.007096603 0.000405234 0.000168192 0.000173718 0.000078817 0.000017659 0.000042254 0.000089192 0.006121537 0.000000000 0.000000000
21.879090208 0.006003881 0.000300381 0.000343972 0.000211084 0.000067897 0.000020703 0.000088642 0.000073973 0.004897230 0.000000000 0.000000000
22.478517337 0.007430322 0.000283031 0.000381364 0.000273929 0.000105694 0.000053437 0.000129981 0.000081350 0.006121537 0.000000000 0.000000000
23.077944465 0.006944604 0.000370520 0.000236886 0.000270839 0.000122906 0.000122174 0.000108797 0.000080667 0.005631814 0.000000000 0.000000000
23.677371594 0.008480228 0.000300728 0.000110874 0.000254606 0.000150617 0.000180351 0.000073680 0.000063528 0.007345845 0.000000000 0.000000000
24.276798723 0.007402037 0.000141288 0.000076775 0.000215902 0.000255793 0.000187198 0.000120912 0.000037770 0.006366399 0.000000000 0.000000000
24.876225852 0.008272485 0.000048136 0.000136530 0.000208190 0.000193394 0.000165400 0.000154792 0.000020198 0.007345845 0.000000000 0.000000000
25.475652981 0.007888011 0.000028826 0.000180664 0.000196490 0.000083312 0.000147185 0.000133675 0.000016875 0.007100983 0.000000000 0.000000000
26.075080110 0.006385145 0.000069773 0.000138273 0.000169906 0.000123172 0.000103500 0.000102232 0.000046474 0.005631814 0.000000000 0.000000000
26.674507239 0.009989918 0.000168421 0.000099053 0.000140155 0.000285910 0.000065488 0.000075538 0.000095477 0.009059875 0.000000000 0.000000000
27.273934368 0.006379318 0.000217285 0.000122578 0.000118022 0.000339643 0.000036859 0.000045452 0.000112526 0.005386953 0.000000000 0.000000000
27.873361497 0.006147159 0.000217510 0.000204570 0.000128944 0.000318932 0.000019980 0.000025596 0.000089535 0.005142091 0.000000000 0.000000000
28.472788626 0.006879097 0.000224757 0.000236781 0.000132258 0.000318107 0.000010394 0.000021329 0.000058795 0.005876676 0.000000000 0.000000000
29.072215755 0.007114743 0.000252157 0.000222856 0.000159948 0.000295574 0.000006690 0.000014985 0.000040996 0.006121537 0.000000000 0.000000000
29.671642884 0.006676736 0.000246585 0.000264100 0.000180587 0.000274310 0.000006701 0.000012365 0.000060275 0.005631814 0.000000000 0.000000000
30.271070013 0.006172138 0.000220303 0.000276641 0.000177160 0.000222558 0.000009033 0.000012115 0.000112235 0.005142091 0.000000000 0.000000000
30.870497142 0.006467681 0.000126740 0.000220212 0.000177632 0.000190903 0.000012648 0.000027377 0.000080356 0.005631814 0.000000000 0.000000000
31.469924271 0.006912580 0.000127485 0.000301541 0.000222898 0.000241123 0.000021772 0.000089001 0.000032085 0.005876676 0.000000000 0.000000000
32.069351400 0.006033353 0.000202103 0.000338866 0.000325740 0.000357721 0.000047795 0.000094708 0.000014051 0.004652368 0.000000000 0.000000000
32.668778529 0.007331813 0.000247179 0.000274980 0.000356644 0.000451194 0.000088023 0.000026355 0.000010761 0.005876676 0.000000000 0.000000000
33.268205658 0.007584496 0.000351503 0.000247215 0.000271181 0.000469816 0.000089253 0.000017953 0.000016037 0.006121537 0.000000000 0.000000000
33.867632787 0.006091428 0.000457995 0.000223416 0.000209904 0.000426889 0.000056829 0.000025004 0.000039022 0.004652368 0.000000000 0.000000000
34.467059916 0.004544751 0.000409229 0.000222114 0.000183840 0.000362024 0.000062789 0.000048350 0.000073206 0.003183199 0.000000000 0.000000000
35.066487045 0.006097533 0.000277162 0.000228370 0.000200677 0.000294606 0.000075183 0.000073681 0.000050621 0.004897230 0.000000000 0.000000000
35.665914174 0.009211954 0.000235228 0.000270560 0.000242388 0.000197906 0.000086950 0.000070277 0.000028216 0.008080429 0.000000000 0.000000000
36.265341303 0.005030677 0.000198535 0.000355712 0.000290719 0.000109914 0.000078332 0.000054106 0.000025574 0.003917784 0.000000000 0.000000000
36.864768432 0.006202008 0.000143739 0.000401285 0.000294828 0.000070581 0.000068707 0.000048631 0.000032146 0.005142091 0.000000000 0.000000000
37.464195561 0.009225941 0.000157128 0.000437200 0.000312366 0.000069459 0.000064817 0.000066076 0.000038467 0.008080429 0.000000000 0.000000000
38.063622690 0.008267683 0.000167372 0.000359533 0.000364665 0.000096064 0.000060430 0.000074369 0.000044267 0.007100983 0.000000000 0.000000000
38.663049819 0.005997719 0.000212409 0.000199885 0.000390664 0.000118455 0.000062950 0.000073291 0.000042835 0.004897230 0.000000000 0.000000000
39.262476948 0.005489789 0.000213510 0.000140439 0.000403762 0.000157408 0.000057790 0.000063104 0.000046269 0.004407507 0.000000000 0.000000000
39.861904077 0.006280189 0.000185270 0.000176730 0.000357842 0.000233953 0.000060237 0.000056967 0.000067098 0.005142091 0.000000000 0.000000000
40.461331206 0.005637083 0.000219348 0.000226353 0.000247558 0.000335201 0.000062986 0.000058872 0.000079258 0.004407507 0.000000000 0.000000000
41.060758335 0.008457155 0.000383518 0.000225722 0.000193539 0.000361135 0.000066315 0.000053271 0.000072672 0.007100983 0.000000000 0.000000000
41.660185464 0.006373680 0.000501845 0.000209484 0.000180291 0.000401721 0.000065238 0.000050887 0.000066983 0.004897230 0.000000000 0.000000000
42.259612593 0.006346235 0.000351223 0.000225048 0.000143770 0.000297751 0.000067001 0.000057781 0.000061569 0.005142091 0.000000000 0.000000000
42.859039722 0.006655860 0.000237625 0.000268235 0.000102499 0.000206898 0.000077892 0.000073617 0.000057279 0.005631814 0.000000000 0.000000000
43.458466851 0.005160920 0.000222109 0.000283579 0.000101086 0.000163509 0.000084676 0.000096445 0.000046869 0.004162645 0.000000000 0.000000000
44.057893980 0.005981279 0.000370049 0.000206291 0.000124126 0.000147037 0.000093007 0.000088317 0.000055223 0.004897230 0.000000000 0.000000000
44.657321109 0.005083862 0.000283490 0.000115632 0.000127262 0.000151755 0.000102031 0.000060634 0.000080413 0.004162645 0.000000000 0.000000000
45.256748238 0.005671499 0.000174375 0.000093506 0.000116456 0.000157111 0.000094189 0.000046798 0.000091834 0.004897230 0.000000000 0.000000000
45.856175366 0.007687603 0.000082018 0.000098596 0.000138200 0.000243381 0.000105986 0.000067728 0.000095571 0.006856122 0.000000000 0.000000000
46.455602495 0.006982273 0.000049563 0.000109276 0.000200015 0.000384939 0.000142650 0.000119076 0.000100078 0.005876676 0.000000000 0.000000000
47.055029624 0.006162825 0.000049311 0.000122150 0.000172484 0.000239065 0.000162019 0.000162386 0.000113319 0.005142091 0.000000000 0.000000000
47.654456753 0.005090448 0.000064514 0.000098700 0.000135301 0.000139472 0.000179767 0.000182243 0.000127805 0.004162645 0.000000000 0.000000000
48.253883882 0.008839127 0.000082835 0.000103337 0.000124219 0.000117768 0.000199952 0.000193237 0.000182209 0.007835568 0.000000000 0.000000000
48.853311011 0.006820604 0.000086392 0.000182126 0.000099743 0.000119900 0.000215191 0.000217037 0.000268401 0.005631814 0.000000000 0.000000000
49.452738140 0.006732846 0.000047690 0.000185095 0.000086911 0.000149497 0.000248120 0.000291604 0.000336977 0.005386953 0.000000000 0.000000000
50.052165269 0.005577618 0.000034063 0.000186543 0.000094866 0.000177472 0.000245644 0.000325094 0.000351289 0.004162645 0.000000000 0.000000000
50.651592398 0.006828935 0.000048313 0.000142196 0.000126940 0.000196967 0.000226622 0.000382331 0.000318614 0.005386953 0.000000000 0.000000000
51.251019527 0.008714046 0.000084194 0.000088849 0.000156780 0.000182706 0.000259872 0.000344737 0.000251063 0.007345845 0.000000000 0.000000000
51.850446656 0.006395708 0.000334381 0.000106146 0.000170771 0.000191465 0.000281040 0.000185400 0.000229275 0.004897230 0.000000000 0.000000000
52.449873785 0.008487349 0.000089322 0.000125393 0.000179783 0.000187377 0.000206661 0.000145660 0.000207309 0.007345845 0.000000000 0.000000000
53.049300914 0.007372988 0.000126879 0.000124373 0.000166621 0.000140170 0.000177640 0.000115886 0.000155019 0.006366399 0.000000000 0.000000000
53.648728043 0.005631438 0.000212719 0.000124000 0.000137785 0.000100189 0.000159976 0.000114484 0.000129917 0.004652368 0.000000000 0.000000000
54.248155172 0.010611920 0.000253118 0.000160976 0.000137284 0.000075287 0.000154817 0.000150465 0.000130374 0.009549598 0.000000000 0.000000000
54.847582301 0.009900458 0.000243280 0.000164530 0.000148600 0.000077415 0.000149599 0.000166627 0.000135393 0.008815014 0.000000000 0.000000000
55.447009430 0.008908122 0.000199562 0.000195095 0.000133830 0.000113247 0.000121687 0.000158398 0.000150736 0.007835568 0.000000000 0.000000000
56.046436559 0.008618159 0.000143029 0.000213204 0.000113978 0.000144282 0.000091078 0.000168382 0.000153499 0.007590706 0.000000000 0.000000000
56.645863688 0.010018839 0.000164295 0.000169125 0.000111723 0.000117726 0.000082884 0.000158868 0.000154343 0.009059875 0.000000000 0.000000000
57.245290817 0.010248907 0.000203758 0.000127642 0.000115546 0.000133014 0.000078098 0.000125511 0.000160601 0.009304737 0.000000000 0.000000000
57.844717946 0.009656352 0.000249145 0.000142497 0.000138499 0.000221271 0.000081070 0.000084773 0.000168944 0.008570152 0.000000000 0.000000000
58.444145075 0.006054360 0.000222259 0.000168410 0.000184432 0.000208552 0.000103896 0.000076099 0.000193481 0.004897230 0.000000000 0.000000000
59.043572204 0.010023935 0.000212147 0.000157110 0.000239117 0.000123378 0.000146229 0.000115819 0.000215121 0.008815014 0.000000000 0.000000000
59.642999333 0.007792792 0.000239533 0.000136919 0.000247414 0.000121481 0.000165182 0.000113698 0.000157305 0.006611260 0.000000000 0.000000000
60.242426462 0.007258356 0.000226675 0.000169526 0.000250236 0.000163113 0.000131833 0.000105236 0.000090199 0.006121537 0.000000000 0.000000000
60.841853591 0.007023336 0.000181412 0.000199747 0.000272145 0.000177579 0.000113704 0.000141823 0.000060250 0.005876676 0.000000000 0.000000000
61.441280720 0.008260161 0.000143779 0.000179196 0.000311820 0.000160707 0.000122126 0.000158576 0.000082973 0.007100983 0.000000000 0.000000000
62.040707849 0.007712900 0.000103943 0.000161977 0.000308597 0.000130821 0.000153866 0.000142274 0.000100162 0.006611260 0.000000000 0.000000000
62.640134978 0.007151921 0.000080136 0.000163829 0.000256417 0.000146996 0.000188380 0.000104007 0.000090618 0.006121537 0.000000000 0.000000000
63.239562107 0.010090680 0.000074130 0.000231534 0.000221466 0.000149632 0.000169950 0.000103315 0.000080777 0.009059875 0.000000000 0.000000000
63.838989236 0.009446862 0.000110346 0.000271249 0.000222182 0.000128055 0.000137915 0.000152736 0.000099088 0.008325291 0.000000000 0.000000000
64.438416365 0.005132920 0.000161538 0.000233288 0.000232301 0.000134949 0.000130980 0.000196187 0.000125893 0.003917784 0.000000000 0.000000000
65.037843494 0.006076889 0.000170043 0.000201243 0.000190678 0.000180037 0.000143708 0.000177196 0.000116754 0.004897230 0.000000000 0.000000000
65.637270623 0.010727205 0.000169555 0.000265159 0.000140905 0.000192299 0.000164039 0.000130986 0.000114665 0.009549598 0.000000000 0.000000000
66.236697752 0.006557218 0.000176906 0.000344476 0.000102751 0.000147393 0.000160842 0.000114472 0.000123425 0.005386953 0.000000000 0.000000000
66.836124881 0.007133985 0.000145544 0.000227798 0.000086091 0.000123277 0.000152007 0.000120038 0.000157691 0.006121537 0.000000000 0.000000000
67.435552010 0.008427427 0.000104313 0.000113459 0.000081120 0.000114128 0.000137880 0.000127195 0.000158627 0.007590706 0.000000000 0.000000000
68.034979139 0.010323750 0.000121271 0.000091146 0.000077105 0.000121390 0.000129722 0.000118568 0.000114951 0.009549598 0.000000000 0.000000000
68.634406267 0.006741663 0.000206464 0.000102367 0.000087758 0.000136206 0.000122049 0.000118512 0.000091632 0.005876676 0.000000000 0.000000000
69.233833396 0.007471923 0.000209100 0.000112959 0.000132058 0.000153221 0.000125894 0.000124635 0.000247657 0.006366399 0.000000000 0.000000000
69.833260525 0.007709546 0.000265941 0.000135667 0.000181845 0.000218938 0.000135307 0.000139564 0.000265885 0.006366399 0.000000000 0.000000000
70.432687654 0.006764040 0.000252827 0.000141371 0.000199947 0.000250538 0.000160000 0.000181026 0.000191378 0.005386953 0.000000000 0.000000000
71.032114783 0.008261634 0.000133178 0.000136058 0.000179904 0.000255195 0.000182119 0.000353913 0.000165145 0.006856122 0.000000000 0.000000000
71.631541912 0.010909283 0.000207509 0.000159928 0.000140450 0.000261772 0.000294496 0.000151014 0.000144515 0.009549598 0.000000000 0.000000000
72.230969041 0.005384637 0.000287084 0.000196507 0.000124053 0.000249851 0.000303647 0.000175413 0.000130299 0.003917784 0.000000000 0.000000000
72.830396170 0.006663379 0.000225668 0.000220197 0.000121614 0.000246683 0.000153615 0.000199070 0.000109579 0.005386953 0.000000000 0.000000000
73.429823299 0.007696299 0.000133637 0.000191189 0.000123738 0.000190532 0.000150390 0.000181747 0.000113806 0.006611260 0.000000000 0.000000000
74.029250428 0.008086687 0.000112689 0.000119927 0.000117935 0.000182309 0.000153917 0.000149464 0.000149463 0.007100983 0.000000000 0.000000000
74.628677557 0.007994610 0.000113146 0.000124941 0.000140857 0.000277652 0.000142773 0.000142286 0.000196833 0.006856122 0.000000000 0.000000000
75.228104686 0.009518625 0.000142089 0.000152999 0.000172281 0.000238325 0.000129529 0.000144533 0.000213579 0.008325291 0.000000000 0.000000000
75.827531815 0.008721551 0.000197565 0.000132379 0.000216897 0.000117238 0.000124754 0.000137232 0.000204779 0.007590706 0.000000000 0.000000000
76.426958944 0.008134312 0.000195485 0.000105057 0.000243692 0.000070802 0.000127345 0.000139798 0.000151149 0.007100983 0.000000000 0.000000000
77.026386073 0.006040154 0.000144883 0.000109772 0.000159689 0.000081267 0.000146563 0.000144865 0.000111024 0.005142091 0.000000000 0.000000000
77.625813202 0.008962181 0.000147666 0.000130039 0.000115553 0.000338189 0.000150028 0.000143308 0.000101830 0.007835568 0.000000000 0.000000000
78.225240331 0.006342335 0.000153235 0.000107112 0.000123637 0.000188523 0.000147495 0.000136873 0.000098508 0.005386953 0.000000000 0.000000000
78.824667460 0.011201753 0.000172078 0.000106778 0.000118825 0.000147059 0.000144360 0.000123534 0.000104935 0.010284183 0.000000000 0.000000000
79.424094589 0.007026437 0.000248788 0.000117989 0.000107206 0.000144541 0.000088799 0.000101395 0.000096182 0.006121537 0.000000000 0.000000000
80.023521718 0.009353862 0.000281434 0.000434338 0.000130653 0.000158720 0.000054195 0.000102485 0.000111609 0.008080429 0.000000000 0.000000000
80.622948847 0.008406417 0.000224176 0.000279318 0.000145171 0.000155046 0.000039210 0.000084666 0.000132985 0.007345845 0.000000000 0.000000000
81.222375976 0.010270451 0.000158756 0.000299952 0.000127815 0.000151736 0.000038994 0.000059634 0.000128828 0.009304737 0.000000000 0.000000000
81.821803105 0.007829726 0.000158602 0.000336639 0.000126855 0.000143471 0.000053190 0.000044620 0.000110226 0.006856122 0.000000000 0.000000000
82.421230234 0.007245057 0.000161785 0.000247144 0.000115552 0.000118976 0.000063980 0.000057490 0.000113731 0.006366399 0.000000000 0.000000000
83.020657363 0.008138486 0.000148764 0.000159896 0.000100991 0.000136170 0.000066293 0.000063803 0.000116724 0.007345845 0.000000000 0.000000000
83.620084492 0.009904149 0.000125126 0.000114274 0.000125414 0.000198432 0.000081993 0.000087341 0.000111693 0.009059875 0.000000000 0.000000000
84.219511621 0.008399818 0.000114318 0.000078340 0.000300657 0.000206444 0.000114477 0.000121710 0.000118028 0.007345845 0.000000000 0.000000000
84.818938750 0.010390706 0.000121174 0.000059169 0.000247602 0.000199243 0.000171136 0.000165224 0.000122421 0.009304737 0.000000000 0.000000000
85.418365879 0.008945195 0.000151159 0.000046948 0.000137373 0.000208011 0.000218753 0.000208128 0.000139255 0.007835568 0.000000000 0.000000000
86.017793008 0.004399246 0.000173728 0.000036300 0.000147549 0.000197736 0.000250712 0.000216682 0.000193340 0.003183199 0.000000000 0.000000000
86.617220137 0.001327701 0.000180847 0.000053349 0.000192333 0.000145714 0.000294595 0.000197974 0.000262890 0.000000000 0.000000000 0.000000000
87.216647266 0.001582820 0.000200838 0.000141458 0.000232460 0.000195532 0.000289809 0.000225621 0.000297102 0.000000000 0.000000000 0.000000000
87.816074395 0.001883237 0.000208436 0.000226835 0.000254041 0.000319821 0.000301611 0.000296989 0.000275504 0.000000000 0.000000000 0.000000000
88.415501524 0.002119530 0.000179614 0.000290046 0.000263444 0.000396688 0.000372857 0.000373071 0.000243811 0.000000000 0.000000000 0.000000000
89.014928653 0.002289268 0.000178952 0.000374291 0.000262988 0.000456002 0.000414221 0.000376264 0.000226548 0.000000000 0.000000000 0.000000000
89.614355782 0.002479344 0.000243342 0.000375953 0.000307053 0.000489370 0.000434297 0.000374631 0.000254697 0.000000000 0.000000000 0.000000000
90.213782911 0.002905214 0.000435593 0.000339835 0.000395765 0.000534465 0.000468514 0.000400302 0.000330740 0.000000000 0.000000000 0.000000000
90.813210040 0.003542868 0.000610562 0.000351614 0.000478848 0.000671623 0.000512276 0.000502135 0.000415810 0.000000000 0.000000000 0.000000000
91.412637168 0.003948208 0.000765708 0.000405336 0.000523568 0.000821473 0.000407422 0.000543474 0.000481227 0.000000000 0.000000000 0.000000000
92.012064297 0.003906887 0.000862819 0.000573924 0.000486083 0.000852879 0.000278503 0.000390376 0.000462303 0.000000000 0.000000000 0.000000000
92.611491426 0.003445405 0.000796146 0.000737686 0.000405571 0.000708047 0.000206010 0.000240601 0.000351344 0.000000000 0.000000000 0.000000000
93.210918555 0.002762882 0.000596821 0.000688454 0.000341378 0.000482563 0.000186060 0.000187815 0.000279791 0.000000000 0.000000000 0.000000000
93.810345684 0.002271173 0.000434058 0.000571810 0.000311404 0.000335131 0.000171848 0.000180640 0.000266281 0.000000000 0.000000000 0.000000000
94.409772813 0.002101099 0.000340137 0.000493992 0.000359085 0.000272806 0.000171885 0.000189613 0.000273581 0.000000000 0.000000000 0.000000000
95.009199942 0.002017839 0.000308129 0.000432952 0.000440088 0.000248290 0.000148465 0.000195747 0.000244168 0.000000000 0.000000000 0.000000000
95.608627071 0.002106862 0.000324560 0.000463136 0.000508552 0.000244508 0.000132937 0.000205171 0.000227996 0.000000000 0.000000000 0.000000000
96.208054200 0.002315301 0.000407346 0.000515216 0.000576783 0.000275738 0.000127343 0.000179303 0.000233571 0.000000000 0.000000000 0.000000000
96.807481329 0.002553340 0.000514917 0.000524586 0.000606291 0.000337920 0.000151666 0.000146740 0.000271219 0.000000000 0.000000000 0.000000000
97.406908458 0.002787393 0.000601637 0.000488389 0.000645791 0.000405268 0.000187957 0.000155346 0.000303006 0.000000000 0.000000000 0.000000000
98.006335587 0.002984643 0.000656795 0.000501939 0.000646589 0.000467388 0.000212014 0.000209053 0.000290866 0.000000000 0.000000000 0.000000000
98.605762716 0.003081324 0.000655721 0.000494126 0.000657910 0.000493623 0.000238426 0.000286137 0.000255380 0.000000000 0.000000000 0.000000000
99.205189845 0.003070176 0.000602156 0.000500821 0.000649947 0.000479254 0.000288659 0.000336926 0.000212412 0.000000000 0.000000000 0.000000000
99.804616974 0.003120180 0.000556079 0.000541718 0.000647966 0.000492530 0.000315418 0.000348224 0.000218245 0.000000000 0.000000000 0.000000000
100.404044103 0.003117386 0.000531460 0.000542950 0.000619157 0.000487412 0.000347404 0.000347153 0.000241851 0.000000000 0.000000000 0.000000000
101.003471232 0.003036835 0.000500732 0.000544871 0.000611858 0.000414361 0.000368147 0.000327322 0.000269545 0.000000000 0.000000000 0.000000000
101.602898361 0.002888911 0.000464413 0.000525183 0.000596872 0.000363495 0.000331187 0.000308211 0.000299550 0.000000000 0.000000000 0.000000000
102.202325490 0.002700839 0.000450449 0.000482973 0.000582527 0.000334891 0.000251222 0.000271932 0.000326846 0.000000000 0.000000000 0.000000000
102.801752619 0.002512837 0.000445419 0.000437292 0.000573030 0.000328977 0.000185372 0.000235237 0.000307511 0.000000000 0.000000000 0.000000000
103.401179748 0.002354843 0.000430570 0.000412457 0.000560839 0.000344721 0.000154546 0.000200957 0.000250755 0.000000000 0.000000000 0.000000000
104.000606877 0.002332246 0.000454003 0.000445969 0.000519976 0.000406176 0.000141976 0.000170594 0.000193553 0.000000000 0.000000000 0.000000000
104.600034006 0.002402037 0.000485082 0.000484043 0.000486053 0.000495486 0.000148074 0.000134906 0.000168390 0.000000000 0.000000000 0.000000000
105.199461135 0.002490462 0.000511772 0.000503440 0.000472954 0.000553830 0.000157261 0.000122458 0.000168747 0.000000000 0.000000000 0.000000000
105.798888264 0.002623662 0.000496609 0.000588766 0.000477736 0.000595039 0.000163460 0.000139552 0.000162500 0.000000000 0.000000000 0.000000000
106.398315393 0.002761103 0.000479030 0.000690054 0.000500688 0.000605755 0.000171284 0.000151811 0.000162482 0.000000000 0.000000000 0.000000000
106.997742522 0.002797416 0.000519294 0.000667873 0.000513728 0.000586481 0.000183533 0.000153746 0.000172761 0.000000000 0.000000000 0.000000000
107.597169651 0.002692846 0.000588736 0.000548637 0.000484984 0.000546742 0.000188884 0.000163651 0.000171212 0.000000000 0.000000000 0.000000000
108.196596780 0.002547724 0.000640213 0.000442121 0.000425288 0.000514608 0.000184082 0.000183360 0.000158051 0.000000000 0.000000000 0.000000000
108.796023909 0.002480369 0.000646002 0.000407507 0.000392661 0.000517176 0.000170664 0.000204651 0.000141707 0.000000000 0.000000000 0.000000000
109.395451038 0.002414092 0.000560018 0.000441365 0.000386440 0.000509390 0.000181035 0.000198505 0.000137339 0.000000000 0.000000000 0.000000000
109.994878167 0.002400088 0.000469847 0.000510614 0.000394319 0.000519230 0.000201032 0.000166377 0.000138669 0.000000000 0.000000000 0.000000000
110.594305296 0.002490016 0.000417834 0.000616817 0.000403606 0.000545177 0.000217033 0.000151583 0.000137967 0.000000000 0.000000000 0.000000000
111.193732425 0.002572010 0.000410941 0.000642933 0.000433342 0.000583400 0.000216623 0.000151337 0.000133434 0.000000000 0.000000000 0.000000000
111.793159554 0.002610260 0.000447929 0.000592604 0.000460332 0.000631779 0.000208299 0.000153044 0.000116272 0.000000000 0.000000000 0.000000000
112.392586683 0.002621155 0.000513579 0.000473619 0.000494070 0.000675614 0.000200214 0.000159051 0.000105007 0.000000000 0.000000000 0.000000000
112.992013812 0.002622759 0.000548481 0.000405611 0.000545654 0.000660614 0.000190204 0.000160104 0.000112091 0.000000000 0.000000000 0.000000000
113.591440940 0.002546319 0.000506692 0.000376294 0.000590101 0.000581511 0.000172563 0.000177512 0.000141646 0.000000000 0.000000000 0.000000000
114.190868069 0.002582059 0.000434733 0.000437073 0.000663423 0.000530742 0.000143512 0.000194725 0.000177851 0.000000000 0.000000000 0.000000000
114.790295198 0.002582705 0.000384046 0.000543489 0.000664988 0.000462790 0.000132295 0.000190808 0.000204288 0.000000000 0.000000000 0.000000000
115.389722327 0.002463928 0.000325767 0.000581086 0.000574500 0.000455511 0.000140108 0.000164182 0.000222775 0.000000000 0.000000000 0.000000000
115.989149456 0.002416105 0.000342265 0.000549130 0.000473512 0.000483438 0.000169360 0.000158479 0.000239921 0.000000000 0.000000000 0.000000000
116.588576585 0.002473589 0.000453145 0.000469087 0.000392158 0.000523105 0.000208911 0.000188366 0.000238818 0.000000000 0.000000000 0.000000000
117.188003714 0.002663214 0.000573703 0.000411704 0.000379946 0.000575908 0.000246165 0.000241087 0.000234700 0.000000000 0.000000000 0.000000000
117.787430843 0.002823621 0.000680211 0.000398211 0.000400975 0.000569560 0.000267627 0.000289602 0.000217435 0.000000000 0.000000000 0.000000000
118.386857972 0.002961915 0.000743402 0.000431984 0.000450908 0.000534262 0.000290203 0.000305936 0.000205221 0.000000000 0.000000000 0.000000000
118.986285101 0.002875047 0.000679115 0.000434081 0.000469179 0.000478730 0.000308297 0.000272387 0.000233258 0.000000000 0.000000000 0.000000000
119.585712230 0.002764000 0.000612303 0.000444694 0.000480434 0.000443667 0.000293566 0.000233262 0.000256073 0.000000000 0.000000000 0.000000000
120.185139359 0.002670468 0.000541990 0.000486710 0.000489096 0.000426444 0.000262152 0.000214823 0.000249253 0.000000000 0.000000000 0.000000000
120.784566488 0.002614367 0.000494073 0.000514874 0.000495103 0.000429359 0.000230999 0.000230876 0.000219083 0.000000000 0.000000000 0.000000000
121.383993617 0.002568643 0.000455370 0.000513885 0.000538429 0.000411419 0.000221855 0.000234668 0.000193016 0.000000000 0.000000000 0.000000000
121.983420746 0.002581167 0.000412539 0.000531842 0.000591470 0.000389512 0.000217775 0.000239139 0.000198889 0.000000000 0.000000000 0.000000000
122.582847875 0.002578244 0.000358896 0.000550507 0.000610764 0.000371526 0.000228518 0.000233301 0.000224732 0.000000000 0.000000000 0.000000000
123.182275004 0.002583937 0.000330309 0.000558661 0.000590991 0.000387110 0.000226829 0.000234954 0.000255082 0.000000000 0.000000000 0.000000000
123.781702133 0.002593584 0.000324633 0.000591221 0.000580900 0.000421470 0.000198738 0.000206291 0.000270332 0.000000000 0.000000000 0.000000000
124.381129262 0.002722257 0.000349571 0.000660605 0.000598058 0.000500894 0.000167119 0.000179515 0.000266494 0.000000000 0.000000000 0.000000000
124.980556391 0.002803999 0.000412435 0.000684135 0.000602162 0.000555593 0.000153169 0.000158180 0.000238325 0.000000000 0.000000000 0.000000000
125.579983520 0.002827008 0.000524218 0.000603255 0.000590409 0.000605520 0.000149100 0.000163336 0.000191170 0.000000000 0.000000000 0.000000000
126.179410649 0.002782090 0.000604632 0.000513071 0.000557749 0.000618857 0.000162393 0.000190100 0.000135289 0.000000000 0.000000000 0.000000000
126.778837778 0.002776060 0.000663286 0.000458759 0.000517149 0.000608275 0.000186158 0.000225493 0.000116939 0.000000000 0.000000000 0.000000000
127.378264907 0.002688208 0.000651405 0.000427871 0.000467500 0.000570402 0.000218343 0.000213051 0.000139635 0.000000000 0.000000000 0.000000000
127.977692036 0.002575855 0.000604787 0.000435966 0.000441249 0.000466299 0.000247417 0.000201201 0.000178936 0.000000000 0.000000000 0.000000000
128.577119165 0.002529547 0.000579253 0.000431850 0.000472524 0.000399956 0.000255281 0.000186100 0.000204582 0.000000000 0.000000000 0.000000000
129.176546294 0.002514431 0.000563703 0.000425241 0.000513484 0.000363285 0.000250336 0.000185362 0.000213020 0.000000000 0.000000000 0.000000000
129.775973423 0.002633176 0.000539281 0.000469080 0.000537762 0.000377955 0.000264238 0.000224272 0.000220588 0.000000000 0.000000000 0.000000000
130.375400552 0.002749722 0.000567934 0.000485796 0.000534565 0.000396113 0.000265527 0.000273954 0.000225834 0.000000000 0.000000000 0.000000000
130.974827681 0.002804039 0.000594871 0.000475562 0.000556304 0.000402402 0.000253146 0.000295119 0.000226636 0.000000000 0.000000000 0.000000000
131.574254810 0.002699761 0.000533210 0.000467377 0.000579917 0.000399791 0.000221695 0.000271591 0.000226180 0.000000000 0.000000000 0.000000000
132.173681939 0.002583639 0.000454610 0.000479078 0.000586343 0.000402537 0.000182911 0.000222690 0.000255470 0.000000000 0.000000000 0.000000000
132.773109068 0.002561947 0.000423500 0.000509744 0.000586935 0.000442678 0.000154859 0.000182185 0.000262045 0.000000000 0.000000000 0.000000000
133.372536197 0.002611411 0.000409018 0.000570834 0.000574620 0.000506804 0.000140252 0.000158080 0.000251804 0.000000000 0.000000000 0.000000000
133.971963326 0.002687589 0.000393922 0.000646907 0.000545571 0.000574913 0.000137308 0.000165793 0.000223176 0.000000000 0.000000000 0.000000000
134.571390455 0.002683403 0.000379150 0.000644942 0.000530870 0.000628763 0.000147891 0.000165968 0.000185819 0.000000000 0.000000000 0.000000000
135.170817584 0.002623452 0.000395803 0.000570219 0.000522038 0.000675523 0.000157926 0.000145709 0.000156235 0.000000000 0.000000000 0.000000000
135.770244713 0.002444398 0.000406974 0.000492252 0.000454019 0.000658137 0.000167161 0.000111499 0.000154357 0.000000000 0.000000000 0.000000000
136.369671841 0.002384988 0.000423597 0.000500195 0.000414298 0.000613595 0.000177041 0.000103032 0.000153229 0.000000000 0.000000000 0.000000000
136.969098970 0.002537863 0.000527673 0.000548543 0.000443066 0.000566796 0.000177405 0.000130838 0.000143543 0.000000000 0.000000000 0.000000000
137.568526099 0.002739526 0.000664554 0.000539089 0.000503908 0.000532242 0.000175495 0.000188796 0.000135442 0.000000000 0.000000000 0.000000000
138.167953228 0.002891138 0.000762154 0.000490923 0.000531163 0.000536103 0.000182166 0.000239195 0.000149433 0.000000000 0.000000000 0.000000000
138.767380357 0.002812322 0.000718479 0.000383981 0.000501063 0.000554627 0.000196309 0.000258328 0.000199536 0.000000000 0.000000000 0.000000000
139.366807486 0.002683636 0.000612651 0.000336540 0.000423581 0.000593834 0.000185665 0.000260591 0.000270774 0.000000000 0.000000000 0.000000000
139.966234615 0.002538304 0.000509200 0.000323285 0.000364424 0.000566965 0.000189086 0.000246138 0.000339204 0.000000000 0.000000000 0.000000000
140.565661744 0.002466313 0.000509548 0.000361646 0.000356548 0.000477060 0.000184062 0.000232591 0.000344857 0.000000000 0.000000000 0.000000000
141.165088873 0.002420090 0.000551340 0.000406674 0.000369156 0.000387044 0.000191745 0.000234219 0.000279911 0.000000000 0.000000000 0.000000000
141.764516002 0.002448066 0.000520260 0.000465103 0.000408017 0.000371792 0.000221530 0.000243849 0.000217516 0.000000000 0.000000000 0.000000000
142.363943131 0.002476229 0.000428754 0.000522665 0.000408801 0.000427929 0.000271403 0.000225134 0.000191543 0.000000000 0.000000000 0.000000000
142.963370260 0.002617492 0.000423389 0.000601061 0.000435299 0.000463852 0.000305516 0.000210622 0.000177753 0.000000000 0.000000000 0.000000000
143.562797389 0.002720526 0.000422191 0.000650871 0.000481684 0.000463307 0.000297734 0.000227651 0.000177087 0.000000000 0.000000000 0.000000000
144.162224518 0.002765452 0.000425031 0.000642401 0.000549431 0.000429512 0.000279869 0.000244597 0.000194610 0.000000000 0.000000000 0.000000000
144.761651647 0.002768117 0.000426256 0.000571309 0.000603580 0.000462666 0.000264072 0.000233775 0.000206458 0.000000000 0.000000000 0.000000000
145.361078776 0.002851586 0.000464870 0.000546989 0.000657104 0.000549399 0.000237361 0.000199627 0.000196237 0.000000000 0.000000000 0.000000000
145.960505905 0.002898524 0.000468853 0.000589175 0.000652544 0.000618861 0.000225317 0.000178936 0.000164837 0.000000000 0.000000000 0.000000000
146.559933034 0.002845310 0.000435194 0.000593689 0.000603216 0.000669779 0.000212136 0.000172002 0.000159295 0.000000000 0.000000000 0.000000000
147.159360163 0.002736523 0.000430404 0.000565739 0.000534714 0.000664035 0.000192371 0.000178212 0.000171047 0.000000000 0.000000000 0.000000000
147.758787292 0.002672874 0.000433226 0.000519808 0.000507169 0.000615310 0.000192578 0.000207320 0.000197462 0.000000000 0.000000000 0.000000000
148.358214421 0.002581084 0.000396285 0.000496071 0.000492138 0.000519866 0.000206462 0.000243540 0.000226721 0.000000000 0.000000000 0.000000000
148.957641550 0.002606826 0.000391958 0.000497487 0.000487289 0.000450211 0.000241679 0.000290696 0.000247507 0.000000000 0.000000000 0.000000000
149.557068679 0.002714367 0.000494942 0.000469601 0.000474055 0.000435475 0.000266336 0.000322837 0.000251121 0.000000000 0.000000000 0.000000000
150.156495808 0.002838314 0.000626537 0.000392600 0.000490971 0.000441710 0.000294015 0.000324393 0.000268088 0.000000000 0.000000000 0.000000000
150.755922937 0.002879718 0.000692915 0.000324598 0.000495332 0.000451607 0.000296539 0.000307403 0.000311324 0.000000000 0.000000000 0.000000000
151.355350066 0.002769061 0.000663307 0.000305950 0.000429676 0.000423349 0.000289974 0.000303635 0.000353170 0.000000000 0.000000000 0.000000000
151.954777195 0.002650931 0.000633040 0.000330674 0.000366422 0.000390030 0.000276105 0.000277006 0.000377655 0.000000000 0.000000000 0.000000000
152.554204324 0.002603819 0.000581898 0.000384224 0.000339892 0.000397790 0.000264680 0.000266952 0.000368383 0.000000000 0.000000000 0.000000000
153.153631453 0.002633939 0.000525208 0.000442668 0.000346869 0.000425805 0.000259643 0.000263860 0.000369886 0.000000000 0.000000000 0.000000000
153.753058582 0.002687370 0.000460560 0.000510912 0.000357704 0.000473159 0.000258241 0.000270760 0.000356035 0.000000000 0.000000000 0.000000000
154.352485711 0.002785675 0.000449800 0.000574232 0.000432105 0.000484984 0.000260835 0.000272915 0.000310804 0.000000000 0.000000000 0.000000000
154.951912840 0.002889103 0.000523787 0.000605829 0.000495403 0.000471089 0.000264091 0.000272216 0.000256688 0.000000000 0.000000000 0.000000000
155.551339969 0.002951645 0.000545516 0.000606242 0.000565921 0.000464406 0.000268278 0.000273179 0.000228104 0.000000000 0.000000000 0.000000000
156.150767098 0.002932620 0.000469088 0.000606321 0.000611595 0.000473988 0.000264444 0.000273415 0.000233769 0.000000000 0.000000000 0.000000000
156.750194227 0.002819173 0.000356733 0.000598558 0.000614521 0.000482749 0.000250866 0.000260734 0.000255011 0.000000000 0.000000000 0.000000000
157.349621356 0.002704958 0.000331700 0.000592835 0.000551857 0.000504593 0.000230732 0.000233442 0.000259798 0.000000000 0.000000000 0.000000000
157.949048485 0.002703900 0.000329057 0.000612060 0.000503356 0.000546571 0.000221926 0.000238105 0.000252824 0.000000000 0.000000000 0.000000000
158.548475614 0.002710912 0.000357809 0.000565040 0.000500947 0.000565993 0.000222816 0.000252208 0.000246098 0.000000000 0.000000000 0.000000000
159.147902742 0.002769413 0.000411656 0.000501418 0.000522190 0.000575273 0.000251341 0.000267604 0.000239931 0.000000000 0.000000000 0.000000000
159.747329871 0.002840515 0.000454339 0.000491609 0.000542271 0.000563619 0.000283967 0.000265746 0.000238965 0.000000000 0.000000000 0.000000000
160.346757000 0.002916219 0.000492679 0.000482897 0.000572718 0.000523157 0.000309752 0.000277750 0.000257264 0.000000000 0.000000000 0.000000000
160.946184129 0.002963448 0.000599349 0.000455549 0.000571866 0.000483848 0.000327360 0.000274727 0.000250751 0.000000000 0.000000000 0.000000000
161.545611258 0.002895000 0.000665935 0.000382739 0.000579178 0.000447745 0.000331954 0.000267100 0.000220349 0.000000000 0.000000000 0.000000000
162.145038387 0.002724836 0.000663431 0.000310078 0.000571343 0.000415172 0.000318473 0.000244266 0.000202072 0.000000000 0.000000000 0.000000000
162.744465516 0.002548165 0.000610723 0.000281798 0.000543454 0.000408444 0.000285762 0.000227336 0.000190648 0.000000000 0.000000000 0.000000000
163.343892645 0.002520403 0.000594398 0.000323653 0.000491642 0.000417035 0.000256377 0.000233172 0.000204125 0.000000000 0.000000000 0.000000000
163.943319774 0.002493172 0.000545448 0.000382830 0.000453714 0.000437039 0.000225966 0.000230015 0.000218160 0.000000000 0.000000000 0.000000000
164.542746903 0.002452715 0.000455678 0.000439478 0.000421608 0.000451851 0.000198540 0.000233896 0.000251663 0.000000000 0.000000000 0.000000000
165.142174032 0.002432710 0.000443965 0.000466657 0.000417278 0.000451326 0.000169698 0.000220639 0.000263146 0.000000000 0.000000000 0.000000000
165.741601161 0.002614219 0.000509422 0.000494982 0.000465187 0.000487034 0.000171117 0.000220418 0.000266059 0.000000000 0.000000000 0.000000000
166.341028290 0.002768547 0.000513669 0.000530723 0.000512120 0.000549730 0.000181317 0.000228327 0.000252662 0.000000000 0.000000000 0.000000000
166.940455419 0.002774475 0.000434144 0.000569145 0.000519372 0.000578104 0.000200344 0.000233237 0.000240129 0.000000000 0.000000000 0.000000000
167.539882548 0.002818647 0.000399693 0.000601869 0.000482053 0.000609741 0.000234513 0.000248035 0.000242743 0.000000000 0.000000000 0.000000000
168.139309677 0.002969063 0.000434716 0.000675018 0.000452109 0.000600905 0.000294078 0.000259841 0.000252397 0.000000000 0.000000000 0.000000000
168.738736806 0.002996574 0.000437277 0.000724538 0.000420840 0.000567707 0.000323532 0.000272562 0.000250119 0.000000000 0.000000000 0.000000000
169.338163935 0.002809692 0.000378402 0.000669048 0.000390747 0.000522266 0.000323927 0.000272910 0.000252391 0.000000000 0.000000000 0.000000000
169.937591064 0.002645585 0.000326014 0.000572091 0.000371261 0.000518093 0.000304480 0.000292581 0.000261064 0.000000000 0.000000000 0.000000000
170.537018193 0.002643581 0.000325199 0.000480051 0.000388400 0.000556026 0.000297586 0.000321912 0.000274407 0.000000000 0.000000000 0.000000000
171.136445322 0.002629053 0.000362354 0.000389238 0.000397370 0.000600577 0.000277940 0.000318462 0.000283113 0.000000000 0.000000000 0.000000000
171.735872451 0.002616501 0.000424590 0.000345183 0.000420875 0.000618508 0.000256729 0.000273297 0.000277319 0.000000000 0.000000000 0.000000000
172.335299580 0.002584542 0.000516091 0.000337267 0.000467672 0.000563030 0.000215518 0.000231981 0.000252982 0.000000000 0.000000000 0.000000000
172.934726709 0.002617069 0.000614172 0.000347428 0.000533954 0.000484230 0.000184762 0.000215743 0.000236779 0.000000000 0.000000000 0.000000000
173.534153838 0.002731699 0.000689094 0.000401930 0.000594161 0.000436164 0.000186128 0.000191560 0.000232661 0.000000000 0.000000000 0.000000000
174.133580967 0.002818094 0.000743262 0.000444889 0.000631087 0.000398008 0.000205853 0.000174610 0.000220385 0.000000000 0.000000000 0.000000000
174.733008096 0.002755647 0.000697439 0.000475250 0.000633664 0.000372858 0.000216378 0.000167633 0.000192425 0.000000000 0.000000000 0.000000000
175.332435225 0.002628121 0.000601027 0.000495881 0.000595180 0.000363101 0.000200736 0.000185506 0.000186692 0.000000000 0.000000000 0.000000000
175.931862354 0.002543350 0.000526512 0.000476731 0.000561503 0.000379366 0.000181422 0.000214258 0.000203558 0.000000000 0.000000000 0.000000000
176.531289483 0.002475198 0.000485894 0.000496609 0.000499202 0.000369341 0.000166578 0.000220911 0.000236664 0.000000000 0.000000000 0.000000000
177.130716612 0.002520340 0.000515131 0.000523873 0.000466040 0.000352397 0.000174572 0.000204646 0.000283682 0.000000000 0.000000000 0.000000000
177.730143741 0.002594308 0.000544671 0.000525486 0.000473236 0.000366835 0.000180619 0.000199203 0.000304256 0.000000000 0.000000000 0.000000000
178.329570870 0.002701208 0.000534283 0.000523987 0.000510667 0.000467568 0.000190962 0.000188799 0.000284941 0.000000000 0.000000000 0.000000000
178.928997999 0.002803925 0.000493737 0.000513909 0.000558103 0.000560017 0.000199562 0.000205455 0.000273142 0.000000000 0.000000000 0.000000000
179.528425128 0.002845309 0.000416576 0.000515475 0.000592086 0.000601890 0.000199606 0.000248897 0.000270780 0.000000000 0.000000000 0.000000000
180.127852257 0.002830390 0.000389059 0.000561222 0.000571803 0.000560930 0.000201088 0.000285027 0.000261263 0.000000000 0.000000000 0.000000000
180.727279386 0.002781467 0.000397077 0.000608517 0.000535842 0.000480725 0.000215624 0.000301311 0.000242370 0.000000000 0.000000000 0.000000000
181.326706515 0.002726194 0.000428694 0.000633251 0.000501214 0.000417434 0.000239874 0.000271751 0.000233976 0.000000000 0.000000000 0.000000000
181.926133643 0.002648336 0.000453418 0.000600317 0.000475347 0.000411963 0.000264832 0.000234941 0.000207519 0.000000000 0.000000000 0.000000000
182.525560772 0.002672217 0.000462186 0.000565845 0.000451310 0.000503618 0.000288736 0.000209613 0.000190910 0.000000000 0.000000000 0.000000000
183.124987901 0.002692786 0.000478782 0.000507254 0.000412227 0.000606360 0.000299226 0.000205562 0.000183376 0.000000000 0.000000000 0.000000000
183.724415030 0.002699713 0.000491113 0.000428447 0.000396709 0.000685962 0.000285975 0.000232980 0.000178527 0.000000000 0.000000000 0.000000000
184.323842159 0.002647584 0.000502226 0.000363105 0.000391488 0.000676678 0.000277066 0.000268218 0.000168802 0.000000000 0.000000000 0.000000000
184.923269288 0.002620080 0.000524940 0.000367087 0.000405248 0.000627873 0.000271425 0.000251608 0.000171899 0.000000000 0.000000000 0.000000000
185.522696417 0.002693490 0.000593713 0.000433779 0.000421425 0.000574015 0.000263427 0.000214706 0.000192425 0.000000000 0.000000000 0.000000000
186.122123546 0.002732642 0.000625768 0.000472616 0.000436451 0.000545633 0.000237955 0.000188824 0.000225394 0.000000000 0.000000000 0.000000000
186.721550675 0.002649063 0.000612417 0.000453512 0.000431998 0.000516693 0.000217912 0.000171983 0.000244547 0.000000000 0.000000000 0.000000000
187.320977804 0.002544410 0.000531630 0.000455506 0.000429442 0.000482829 0.000218708 0.000168487 0.000257809 0.000000000 0.000000000 0.000000000
187.920404933 0.002532656 0.000422847 0.000467294 0.000453659 0.000458775 0.000244049 0.000219755 0.000266277 0.000000000 0.000000000 0.000000000
188.519832062 0.002580564 0.000373700 0.000459273 0.000459040 0.000439002 0.000275312 0.000287432 0.000286806 0.000000000 0.000000000 0.000000000
189.119259191 0.002765053 0.000378660 0.000468696 0.000476427 0.000435916 0.000299058 0.000374375 0.000331922 0.000000000 0.000000000 0.000000000
189.718686320 0.002938485 0.000397731 0.000516981 0.000491368 0.000439128 0.000314790 0.000403866 0.000374623 0.000000000 0.000000000 0.000000000
190.318113449 0.003080547 0.000402742 0.000525008 0.000534014 0.000480450 0.000327240 0.000421512 0.000389580 0.000000000 0.000000000 0.000000000
190.917540578 0.003033887 0.000412502 0.000483303 0.000529626 0.000494136 0.000328082 0.000409067 0.000377171 0.000000000 0.000000000 0.000000000
191.516967707 0.002980672 0.000419636 0.000436582 0.000506644 0.000507971 0.000348471 0.000381346 0.000380023 0.000000000 0.000000000 0.000000000
192.116394836 0.002942935 0.000445111 0.000423259 0.000484526 0.000511921 0.000378023 0.000338909 0.000361186 0.000000000 0.000000000 0.000000000
192.715821965 0.002930894 0.000453754 0.000443053 0.000481875 0.000524173 0.000382881 0.000327695 0.000317463 0.000000000 0.000000000 0.000000000
193.315249094 0.002903517 0.000489304 0.000468046 0.000498611 0.000514712 0.000348482 0.000325171 0.000259191 0.000000000 0.000000000 0.000000000
193.914676223 0.002757265 0.000496521 0.000499869 0.000488898 0.000459303 0.000306472 0.000300770 0.000205431 0.000000000 0.000000000 0.000000000
194.514103352 0.002571593 0.000501265 0.000507440 0.000456973 0.000417946 0.000258867 0.000244146 0.000184955 0.000000000 0.000000000 0.000000000
195.113530481 0.002443720 0.000493059 0.000489631 0.000446614 0.000412348 0.000221387 0.000177413 0.000203268 0.000000000 0.000000000 0.000000000
195.712957610 0.002451990 0.000541118 0.000515758 0.000447962 0.000419165 0.000174715 0.000135675 0.000217597 0.000000000 0.000000000 0.000000000
196.312384739 0.002542845 0.000616132 0.000522847 0.000477602 0.000438386 0.000144084 0.000133643 0.000210150 0.000000000 0.000000000 0.000000000
196.911811868 0.002629765 0.000626186 0.000520556 0.000532506 0.000474699 0.000123300 0.000156339 0.000196179 0.000000000 0.000000000 0.000000000
197.511238997 0.002693213 0.000567385 0.000509820 0.000582607 0.000535357 0.000131141 0.000177049 0.000189855 0.000000000 0.000000000 0.000000000
198.110666126 0.002828074 0.000539032 0.000530726 0.000622173 0.000580835 0.000170428 0.000192220 0.000192659 0.000000000 0.000000000 0.000000000
198.710093255 0.002933299 0.000552662 0.000494183 0.000663560 0.000590344 0.000222297 0.000202299 0.000207954 0.000000000 0.000000000 0.000000000
199.309520384 0.002850890 0.000546972 0.000409617 0.000690059 0.000529656 0.000262650 0.000196908 0.000215028 0.000000000 0.000000000 0.000000000
199.908947513 0.002605303 0.000456983 0.000368686 0.000644423 0.000455528 0.000264759 0.000209421 0.000205501 0.000000000 0.000000000 0.000000000
200.508374642 0.002567603 0.000395645 0.000435406 0.000606342 0.000445780 0.000249045 0.000235594 0.000199793 0.000000000 0.000000000 0.000000000
201.107801771 0.002676128 0.000384649 0.000582881 0.000576105 0.000442251 0.000233453 0.000243619 0.000213169 0.000000000 0.000000000 0.000000000
201.707228900 0.002729738 0.000410546 0.000672640 0.000543336 0.000395285 0.000246365 0.000231043 0.000230524 0.000000000 0.000000000 0.000000000
202.306656029 0.002701499 0.000441144 0.000672493 0.000535878 0.000336216 0.000263425 0.000223124 0.000229219 0.000000000 0.000000000 0.000000000
202.906083158 0.002644242 0.000442892 0.000636871 0.000503958 0.000306277 0.000275095 0.000233168 0.000245981 0.000000000 0.000000000 0.000000000
203.505510287 0.002503789 0.000416331 0.000590967 0.000424665 0.000270142 0.000262280 0.000276122 0.000263282 0.000000000 0.000000000 0.000000000
204.104937416 0.002439090 0.000453244 0.000560797 0.000370003 0.000237663 0.000240896 0.000298697 0.000277788 0.000000000 0.000000000 0.000000000
204.704364544 0.002504284 0.000550907 0.000538334 0.000331014 0.000269834 0.000221503 0.000309228 0.000283464 0.000000000 0.000000000 0.000000000
205.303791673 0.002903649 0.000735437 0.000592032 0.000313428 0.000413163 0.000242983 0.000307312 0.000299295 0.000000000 0.000000000 0.000000000
205.903218802 0.003527846 0.000862137 0.000660865 0.000369480 0.000635136 0.000306349 0.000329863 0.000364015 0.000000000 0.000000000 0.000000000
206.502645931 0.003855900 0.000694847 0.000675071 0.000498155 0.000738008 0.000386029 0.000398010 0.000465781 0.000000000 0.000000000 0.000000000
207.102073060 0.003810388 0.000483174 0.000565275 0.000596631 0.000728775 0.000426392 0.000478444 0.000531696 0.000000000 0.000000000 0.000000000
207.701500189 0.003483721 0.000393139 0.000356311 0.000691077 0.000578202 0.000429210 0.000493494 0.000542288 0.000000000 0.000000000 0.000000000
208.300927318 0.002927957 0.000415940 0.000231835 0.000488286 0.000488412 0.000390220 0.000443922 0.000469344 0.000000000 0.000000000 0.000000000
208.900354447 0.002344864 0.000382149 0.000178818 0.000366231 0.000410759 0.000346259 0.000339242 0.000321406 0.000000000 0.000000000 0.000000000
209.499781576 0.001943993 0.000321798 0.000165411 0.000360082 0.000319709 0.000304440 0.000253419 0.000219134 0.000000000 0.000000000 0.000000000
210.099208705 0.001830261 0.000263126 0.000318972 0.000328318 0.000278972 0.000260753 0.000208798 0.000171322 0.000000000 0.000000000 0.000000000
210.698635834 0.001523252 0.000229415 0.000213672 0.000265294 0.000243033 0.000228290 0.000182853 0.000160695 0.000000000 0.000000000 0.000000000
211.298062963 0.001402239 0.000214774 0.000163954 0.000219539 0.000270183 0.000205019 0.000160649 0.000168122 0.000000000 0.000000000 0.000000000
211.897490092 0.001331986 0.000177228 0.000182344 0.000187105 0.000253729 0.000185417 0.000159648 0.000186517 0.000000000 0.000000000 0.000000000
212.496917221 0.008058979 0.000130629 0.000187847 0.000149594 0.000219680 0.000177349 0.000167014 0.000170744 0.000000000 0.006856122 0.000000000
213.096344350 0.009907253 0.000092281 0.000185404 0.000123653 0.000194455 0.000171657 0.000169318 0.000155472 0.000000000 0.008815014 0.000000000
213.695771479 0.008190558 0.000090425 0.000215589 0.000106073 0.000187196 0.000144632 0.000172218 0.000173441 0.000000000 0.007100983 0.000000000
214.295198608 0.011204416 0.000091540 0.000284557 0.000090665 0.000197239 0.000126981 0.000163740 0.000210372 0.000000000 0.010039321 0.000000000
214.894625737 0.007715378 0.000075098 0.000278607 0.000093328 0.000186465 0.000117526 0.000161947 0.000191147 0.000000000 0.006611260 0.000000000
215.494052866 0.009339705 0.000078722 0.000183242 0.000102861 0.000213465 0.000122388 0.000184128 0.000129609 0.000000000 0.008325291 0.000000000
216.093479995 0.006943397 0.000064428 0.000123990 0.000107036 0.000325546 0.000157155 0.000154139 0.000134427 0.000000000 0.005876676 0.000000000
216.692907124 0.008257749 0.000050389 0.000092148 0.000116805 0.000149306 0.000174161 0.000153696 0.000175401 0.000000000 0.007345845 0.000000000
217.292334253 0.010061189 0.000056754 0.000092570 0.000131784 0.000191189 0.000168705 0.000181035 0.000179276 0.000000000 0.009059875 0.000000000
217.891761382 0.007925643 0.000105232 0.000110784 0.000167553 0.000210429 0.000163583 0.000161744 0.000150195 0.000000000 0.006856122 0.000000000
218.491188511 0.008392224 0.000199952 0.000110813 0.000151613 0.000166747 0.000172903 0.000137351 0.000107001 0.000000000 0.007345845 0.000000000
219.090615640 0.009827458 0.000260078 0.000094752 0.000147798 0.000109730 0.000171525 0.000128653 0.000099908 0.000000000 0.008815014 0.000000000
219.690042769 0.008602518 0.000256297 0.000100914 0.000164482 0.000085889 0.000159915 0.000131165 0.000113148 0.000000000 0.007590706 0.000000000
220.289469898 0.007393700 0.000164283 0.000163000 0.000177057 0.000127114 0.000141767 0.000130798 0.000123283 0.000000000 0.006366399 0.000000000
220.888897027 0.007679053 0.000093426 0.000169413 0.000197659 0.000204310 0.000141168 0.000135591 0.000126226 0.000000000 0.006611260 0.000000000
221.488324156 0.007127893 0.000074217 0.000137999 0.000208726 0.000197910 0.000147641 0.000120924 0.000118938 0.000000000 0.006121537 0.000000000
222.087751285 0.009253880 0.000086509 0.000137186 0.000220995 0.000121232 0.000153284 0.000090077 0.000119307 0.000000000 0.008325291 0.000000000
222.687178414 0.008545597 0.000101580 0.000178789 0.000224655 0.000101422 0.000146314 0.000081833 0.000120298 0.000000000 0.007590706 0.000000000
223.286605543 0.008388584 0.000104750 0.000253757 0.000224447 0.000124583 0.000132240 0.000094556 0.000108405 0.000000000 0.007345845 0.000000000
223.886032672 0.008161810 0.000092391 0.000205523 0.000200781 0.000203218 0.000118498 0.000146395 0.000094019 0.000000000 0.007100983 0.000000000
224.485459801 0.007915168 0.000086225 0.000195435 0.000156869 0.000206711 0.000114491 0.000189001 0.000110315 0.000000000 0.006856122 0.000000000
225.084886930 0.007254276 0.000088488 0.000202981 0.000134777 0.000175449 0.000159361 0.000198552 0.000173131 0.000000000 0.006121537 0.000000000
225.684314059 0.005390745 0.000101027 0.000164317 0.000142553 0.000147263 0.000202825 0.000207188 0.000262928 0.000000000 0.004162645 0.000000000
226.283741188 0.007975608 0.000144086 0.000164394 0.000170395 0.000121605 0.000195714 0.000239039 0.000329116 0.000000000 0.006611260 0.000000000
226.883168317 0.010490371 0.000221581 0.000180945 0.000190874 0.000125588 0.000182331 0.000223525 0.000305652 0.000000000 0.009059875 0.000000000
227.482595445 0.006470454 0.000286809 0.000093400 0.000193076 0.000148949 0.000172276 0.000194559 0.000239294 0.000000000 0.005142091 0.000000000
228.082022574 0.007820689 0.000261399 0.000062387 0.000165333 0.000184624 0.000177238 0.000185368 0.000173079 0.000000000 0.006611260 0.000000000
228.681449703 0.007532370 0.000225557 0.000089591 0.000142784 0.000214002 0.000176383 0.000187746 0.000129908 0.000000000 0.006366399 0.000000000
229.280876832 0.006957975 0.000168804 0.000136964 0.000112706 0.000219095 0.000151574 0.000184020 0.000108137 0.000000000 0.005876676 0.000000000
229.880303961 0.008330724 0.000193429 0.000145198 0.000080552 0.000196874 0.000118753 0.000149121 0.000100953 0.000000000 0.007345845 0.000000000
230.479731090 0.009687483 0.000213993 0.000148190 0.000075442 0.000128949 0.000104886 0.000107700 0.000093309 0.000000000 0.008815014 0.000000000
231.079158219 0.007637187 0.000205871 0.000155223 0.000088110 0.000090617 0.000098311 0.000066450 0.000076484 0.000000000 0.006856122 0.000000000
231.678585348 0.005431103 0.000197060 0.000158877 0.000118576 0.000088320 0.000104563 0.000037840 0.000073500 0.000000000 0.004652368 0.000000000
232.278012477 0.009183912 0.000221887 0.000154705 0.000148868 0.000123195 0.000109721 0.000033529 0.000066716 0.000000000 0.008325291 0.000000000
232.877439606 0.008475521 0.000190238 0.000156469 0.000169811 0.000147013 0.000112915 0.000043263 0.000065106 0.000000000 0.007590706 0.000000000
233.476866735 0.005329636 0.000163904 0.000165647 0.000185553 0.000159022 0.000118144 0.000068780 0.000061081 0.000000000 0.004407507 0.000000000
234.076293864 0.006422365 0.000149389 0.000181618 0.000212527 0.000168243 0.000139073 0.000119763 0.000064798 0.000000000 0.005386953 0.000000000
234.675720993 0.010393251 0.000135691 0.000156469 0.000223749 0.000167588 0.000133411 0.000180576 0.000091031 0.000000000 0.009304737 0.000000000
235.275148122 0.007478787 0.000107934 0.000185662 0.000233173 0.000162618 0.000127600 0.000174490 0.000120912 0.000000000 0.006366399 0.000000000
235.874575251 0.008732766 0.000097459 0.000254024 0.000226493 0.000182576 0.000124973 0.000138575 0.000117960 0.000000000 0.007590706 0.000000000
236.474002380 0.007061407 0.000114994 0.000299232 0.000214801 0.000199828 0.000118219 0.000122925 0.000114733 0.000000000 0.005876676 0.000000000
237.073429509 0.009129940 0.000121439 0.000250683 0.000189427 0.000181650 0.000099713 0.000090946 0.000115653 0.000000000 0.008080429 0.000000000
237.672856638 0.006802453 0.000106394 0.000202491 0.000162088 0.000205615 0.000067882 0.000071439 0.000109867 0.000000000 0.005876676 0.000000000
238.272283767 0.006978410 0.000100593 0.000182114 0.000133351 0.000229552 0.000054510 0.000055262 0.000101491 0.000000000 0.006121537 0.000000000
238.871710896 0.007977758 0.000126210 0.000153116 0.000126326 0.000208265 0.000054826 0.000057196 0.000150836 0.000000000 0.007100983 0.000000000
239.471138025 0.007773812 0.000141827 0.000116386 0.000133832 0.000164354 0.000072637 0.000066769 0.000221887 0.000000000 0.006856122 0.000000000
240.070565154 0.008992446 0.000139485 0.000120683 0.000150864 0.000135324 0.000100298 0.000093628 0.000171733 0.000000000 0.008080429 0.000000000
240.669992283 0.007790145 0.000152699 0.000138286 0.000159007 0.000121785 0.000126746 0.000124334 0.000111165 0.000000000 0.006856122 0.000000000
241.269419412 0.011226915 0.000169152 0.000120815 0.000169881 0.000115649 0.000137155 0.000157124 0.000072956 0.000000000 0.010284183 0.000000000
241.868846541 0.009475011 0.000169203 0.000089874 0.000139406 0.000105747 0.000134038 0.000205167 0.000061422 0.000000000 0.008570152 0.000000000
242.468273670 0.006248513 0.000177723 0.000060868 0.000125128 0.000137360 0.000132649 0.000173515 0.000054317 0.000000000 0.005386953 0.000000000
243.067700799 0.010940931 0.000190927 0.000069872 0.000128637 0.000188941 0.000144601 0.000118743 0.000059888 0.000000000 0.010039321 0.000000000
243.667127928 0.011932537 0.000167072 0.000107945 0.000126897 0.000174717 0.000164628 0.000103895 0.000068615 0.000000000 0.011018767 0.000000000
244.266555057 0.007171106 0.000140674 0.000121092 0.000103325 0.000103734 0.000159868 0.000094745 0.000081267 0.000000000 0.006366399 0.000000000
244.865982186 0.005559020 0.000137131 0.000088362 0.000098762 0.000062066 0.000090182 0.000088355 0.000096932 0.000000000 0.004897230 0.000000000
245.465409315 0.007702906 0.000143008 0.000056008 0.000117136 0.000057874 0.000049486 0.000075821 0.000102590 0.000000000 0.007100983 0.000000000
246.064836444 0.006487407 0.000156490 0.000065645 0.000131097 0.000060742 0.000041908 0.000056306 0.000098542 0.000000000 0.005876676 0.000000000
246.664263573 0.005287670 0.000162884 0.000091084 0.000134232 0.000071133 0.000041685 0.000045768 0.000088515 0.000000000 0.004652368 0.000000000
247.263690702 0.008737730 0.000141550 0.000134428 0.000125027 0.000086727 0.000040313 0.000040925 0.000088333 0.000000000 0.008080429 0.000000000
247.863117831 0.004123758 0.000107954 0.000147965 0.000133917 0.000130578 0.000043661 0.000046074 0.000085548 0.000000000 0.003428061 0.000000000
248.462544960 0.005952892 0.000124005 0.000162925 0.000167285 0.000180495 0.000058494 0.000047796 0.000069799 0.000000000 0.005142091 0.000000000
249.061972089 0.007259202 0.000078730 0.000250721 0.000179630 0.000186979 0.000087241 0.000054765 0.000054737 0.000000000 0.006366399 0.000000000
249.661399218 0.005895429 0.000029399 0.000159679 0.000148372 0.000188187 0.000121096 0.000060366 0.000046240 0.000000000 0.005142091 0.000000000
250.260826346 0.008001861 0.000030335 0.000102626 0.000106539 0.000171554 0.000132280 0.000075351 0.000037332 0.000000000 0.007345845 0.000000000
250.860253475 0.004541828 0.000052753 0.000077859 0.000072461 0.000139041 0.000122444 0.000120694 0.000038792 0.000000000 0.003917784 0.000000000
251.459680604 0.007604717 0.000115035 0.000073886 0.000067267 0.000173074 0.000103006 0.000163077 0.000053251 0.000000000 0.006856122 0.000000000
252.059107733 0.006321249 0.000177688 0.000117906 0.000071308 0.000223791 0.000101849 0.000162398 0.000079356 0.000000000 0.005386953 0.000000000
252.658534862 0.007778448 0.000138185 0.000182356 0.000075242 0.000189963 0.000093822 0.000122169 0.000120590 0.000000000 0.006856122 0.000000000
253.257961991 0.004642890 0.000099845 0.000241574 0.000093431 0.000211499 0.000078996 0.000070872 0.000173751 0.000000000 0.003672922 0.000000000
253.857389120 0.005143432 0.000118775 0.000238893 0.000119952 0.000238100 0.000063109 0.000044423 0.000157535 0.000000000 0.004162645 0.000000000
254.456816249 0.006495356 0.000158452 0.000194221 0.000180983 0.000155763 0.000048129 0.000039047 0.000086947 0.000000000 0.005631814 0.000000000
255.056243378 0.004012986 0.000189279 0.000173482 0.000253732 0.000085563 0.000032423 0.000051632 0.000043674 0.000000000 0.003183199 0.000000000
255.655670507 0.008084687 0.000213624 0.000254398 0.000290562 0.000095395 0.000031485 0.000060696 0.000037545 0.000000000 0.007100983 0.000000000
256.255097636 0.005550240 0.000230101 0.000339705 0.000271388 0.000134717 0.000043574 0.000057188 0.000066061 0.000000000 0.004407507 0.000000000
256.854524765 0.008642671 0.000253339 0.000285636 0.000268720 0.000231471 0.000058565 0.000074579 0.000124517 0.000000000 0.007345845 0.000000000
257.453951894 0.005322564 0.000292796 0.000183344 0.000261439 0.000320054 0.000069527 0.000089484 0.000188137 0.000000000 0.003917784 0.000000000
258.053379023 0.007786817 0.000359827 0.000156415 0.000234244 0.000323659 0.000082056 0.000087429 0.000176788 0.000000000 0.006366399 0.000000000
258.652806152 0.004474586 0.000343536 0.000155086 0.000278745 0.000244798 0.000080221 0.000080047 0.000108954 0.000000000 0.003183199 0.000000000
259.252233281 0.006614093 0.000247420 0.000138569 0.000159237 0.000234698 0.000057466 0.000079963 0.000064925 0.000000000 0.005631814 0.000000000
259.851660410 0.007405710 0.000193839 0.000093067 0.000104997 0.000206551 0.000039052 0.000097865 0.000059078 0.000000000 0.006611260 0.000000000
260.451087539 0.006949695 0.000261521 0.000115800 0.000109270 0.000137666 0.000038860 0.000110279 0.000054760 0.000000000 0.006121537 0.000000000
261.050514668 0.008050260 0.000353877 0.000202397 0.000128247 0.000113461 0.000045995 0.000070882 0.000034417 0.000000000 0.007100983 0.000000000
261.649941797 0.005127353 0.000316874 0.000196321 0.000145274 0.000180559 0.000074146 0.000032434 0.000019100 0.000000000 0.004162645 0.000000000
262.249368926 0.006569263 0.000159171 0.000165910 0.000192229 0.000269645 0.000108631 0.000023059 0.000018803 0.000000000 0.005631814 0.000000000
262.848796055 0.007746264 0.000120788 0.000220264 0.000323182 0.000299091 0.000119697 0.000030626 0.000021355 0.000000000 0.006611260 0.000000000
263.448223184 0.006828507 0.000211475 0.000378520 0.000384431 0.000284216 0.000105994 0.000047815 0.000029102 0.000000000 0.005386953 0.000000000
264.047650313 0.004757492 0.000308236 0.000399015 0.000333233 0.000331524 0.000075425 0.000078695 0.000048165 0.000000000 0.003183199 0.000000000
264.647077442 0.007329684 0.000243185 0.000317095 0.000304308 0.000329672 0.000055261 0.000106180 0.000097309 0.000000000 0.005876676 0.000000000
265.246504571 0.006757638 0.000153377 0.000275273 0.000303842 0.000275963 0.000065618 0.000111770 0.000184842 0.000000000 0.005386953 0.000000000
265.845931700 0.006923146 0.000113094 0.000225621 0.000351121 0.000197436 0.000090835 0.000108701 0.000204523 0.000000000 0.005631814 0.000000000
266.445358829 0.005895008 0.000179400 0.000223340 0.000433497 0.000118063 0.000113064 0.000089090 0.000086186 0.000000000 0.004652368 0.000000000
267.044785958 0.007632138 0.000262015 0.000263947 0.000400905 0.000105938 0.000113594 0.000086307 0.000033032 0.000000000 0.006366399 0.000000000
267.644213087 0.006749033 0.000384213 0.000234672 0.000316592 0.000184016 0.000095886 0.000120175 0.000026527 0.000000000 0.005386953 0.000000000
268.243640216 0.005834252 0.000395275 0.000283222 0.000242328 0.000200611 0.000121466 0.000119249 0.000064596 0.000000000 0.004407507 0.000000000
268.843067345 0.006892328 0.000217403 0.000235683 0.000203728 0.000212138 0.000171259 0.000095721 0.000124582 0.000000000 0.005631814 0.000000000
269.442494474 0.008697161 0.000136030 0.000209964 0.000172509 0.000182923 0.000183161 0.000091776 0.000130092 0.000000000 0.007590706 0.000000000
270.041921603 0.005212586 0.000117525 0.000287471 0.000135442 0.000128862 0.000145738 0.000138228 0.000096674 0.000000000 0.004162645 0.000000000
270.641348732 0.006742197 0.000106296 0.000376116 0.000113900 0.000144606 0.000094837 0.000184268 0.000090361 0.000000000 0.005631814 0.000000000
271.240775861 0.008266828 0.000160286 0.000392698 0.000123627 0.000167079 0.000068088 0.000143201 0.000110866 0.000000000 0.007100983 0.000000000
271.840202990 0.008598813 0.000174783 0.000231712 0.000113082 0.000193465 0.000064681 0.000087209 0.000143175 0.000000000 0.007590706 0.000000000
272.439630119 0.007443726 0.000242042 0.000094605 0.000110694 0.000323935 0.000070827 0.000064545 0.000170680 0.000000000 0.006366399 0.000000000
273.039057247 0.008555613 0.000317235 0.000041920 0.000107612 0.000247659 0.000065484 0.000056434 0.000128564 0.000000000 0.007590706 0.000000000
273.638484376 0.008825611 0.000242187 0.000061025 0.000135768 0.000133371 0.000051532 0.000059925 0.000061372 0.000000000 0.008080429 0.000000000
274.237911505 0.004595986 0.000131555 0.000189652 0.000319825 0.000117072 0.000035579 0.000073247 0.000056134 0.000000000 0.003672922 0.000000000
274.837338634 0.010483014 0.000064881 0.000141610 0.000426892 0.000148355 0.000024080 0.000055452 0.000072145 0.000000000 0.009549598 0.000000000
275.436765763 0.004591309 0.000060741 0.000180108 0.000392146 0.000140661 0.000031926 0.000034912 0.000077893 0.000000000 0.003672922 0.000000000
276.036192892 0.007171420 0.000137201 0.000376928 0.000269537 0.000091704 0.000049638 0.000049759 0.000075115 0.000000000 0.006121537 0.000000000
276.635620021 0.006547937 0.000263657 0.000224749 0.000160322 0.000052469 0.000060353 0.000076093 0.000078480 0.000000000 0.005631814 0.000000000
277.235047150 0.008199518 0.000273558 0.000071912 0.000116137 0.000139582 0.000076275 0.000075413 0.000100795 0.000000000 0.007345845 0.000000000
277.834474279 0.007645386 0.000310114 0.000099802 0.000093676 0.000256845 0.000113727 0.000052773 0.000107189 0.000000000 0.006611260 0.000000000
278.433901408 0.006222823 0.000326181 0.000190856 0.000115491 0.000132691 0.000149220 0.000075821 0.000090472 0.000000000 0.005142091 0.000000000
279.033328537 0.009136619 0.000314269 0.000193923 0.000131701 0.000115795 0.000109378 0.000112375 0.000078749 0.000000000 0.008080429 0.000000000
279.632755666 0.008127638 0.000241363 0.000151009 0.000138746 0.000170335 0.000089218 0.000159917 0.000076066 0.000000000 0.007100983 0.000000000
280.232182795 0.008634553 0.000178584 0.000147771 0.000106028 0.000227682 0.000128938 0.000152617 0.000102226 0.000000000 0.007590706 0.000000000
280.831609924 0.007993414 0.000049220 0.000081020 0.000091902 0.000215296 0.000142834 0.000135293 0.000176866 0.000000000 0.007100983 0.000000000
281.431037053 0.007700081 0.000006338 0.000070588 0.000091940 0.000182751 0.000124249 0.000141405 0.000226687 0.000000000 0.006856122 0.000000000
282.030464182 0.008833397 0.000015192 0.000068200 0.000095151 0.000149300 0.000110122 0.000134239 0.000180763 0.000000000 0.008080429 0.000000000
282.629891311 0.009443362 0.000034241 0.000076054 0.000096216 0.000092985 0.000090253 0.000107794 0.000130805 0.000000000 0.008815014 0.000000000
283.229318440 0.007543607 0.000091237 0.000094979 0.000092805 0.000090213 0.000067868 0.000138680 0.000111705 0.000000000 0.006856122 0.000000000
283.828745569 0.007220561 0.000176814 0.000106124 0.000089871 0.000157783 0.000058412 0.000171273 0.000093885 0.000000000 0.006366399 0.000000000
284.428172698 0.011594434 0.000151346 0.000128478 0.000083358 0.000190778 0.000072939 0.000116555 0.000077074 0.000000000 0.010773906 0.000000000
285.027599827 0.009154898 0.000077456 0.000255643 0.000075763 0.000146623 0.000133707 0.000072668 0.000067747 0.000000000 0.008325291 0.000000000
285.627026956 0.009607371 0.000093738 0.000227827 0.000068269 0.000124699 0.000162162 0.000058812 0.000056850 0.000000000 0.008815014 0.000000000
286.226454085 0.010974934 0.000150263 0.000155244 0.000057332 0.000119916 0.000109050 0.000061181 0.000037765 0.000000000 0.010284183 0.000000000
286.825881214 0.008863734 0.000118466 0.000101939 0.000049754 0.000095464 0.000090064 0.000055314 0.000027443 0.000000000 0.008325291 0.000000000
287.425308343 0.007721982 0.000059078 0.000043757 0.000051780 0.000081270 0.000083927 0.000034312 0.000022012 0.000000000 0.007345845 0.000000000
288.024735472 0.006692406 0.000041186 0.000019437 0.000068897 0.000081478 0.000070334 0.000027765 0.000016910 0.000000000 0.006366399 0.000000000
288.624162601 0.010601713 0.000052129 0.000007400 0.000074769 0.000084282 0.000051348 0.000033387 0.000014214 0.000000000 0.010284183 0.000000000
289.223589730 0.010132008 0.000068164 0.000004116 0.000084779 0.000085100 0.000037404 0.000041051 0.000016934 0.000000000 0.009794460 0.000000000
289.823016859 0.008470931 0.000060471 0.000027793 0.000109986 0.000102050 0.000029625 0.000039739 0.000020838 0.000000000 0.008080429 0.000000000
290.422443988 0.010008411 0.000030470 0.000143306 0.000080567 0.000119060 0.000022456 0.000033348 0.000029605 0.000000000 0.009549598 0.000000000
291.021871117 0.009685561 0.000005486 0.000075312 0.000052912 0.000174404 0.000016544 0.000020048 0.000036118 0.000000000 0.009304737 0.000000000
291.621298246 0.010483590 0.000000266 0.000004640 0.000031072 0.000112051 0.000010354 0.000009047 0.000031977 0.000000000 0.010284183 0.000000000
292.220725375 0.009836639 0.000000000 0.000000011 0.000012636 0.000008678 0.000006366 0.000001111 0.000013376 0.000000000 0.009794460 0.000000000
292.820152504 0.009554635 0.000000000 0.000000000 0.000001454 0.000000000 0.000002542 0.000000055 0.000000986 0.000000000 0.009549598 0.000000000
293.419579633 0.008815413 0.000000000 0.000000000 0.000000000 0.000000000 0.000000399 0.000000000 0.000000000 0.000000000 0.008815014 0.000000000
294.019006762 0.007345865 0.000000000 0.000000000 0.000000000 0.000000000 0.000000020 0.000000000 0.000000000 0.000000000 0.007345845 0.000000000
294.618433891 0.000000000 0.000000000 0.000000000 0.000000000 0.000000000 0.000000000 0.000000000 0.000000000 0.000000000 0.000000000 0.000000000
295.217861019 0.000000000 0.000000000 0.000000000 0.000000000 0.000000000 0.000000000 0.000000000 0.000000000 0.000000000 0.000000000 0.000000000
295.817288148 0.000000000 0.000000000 0.000000000 0.000000000 0.000000000 0.000000000 0.000000000 0.000000000 0.000000000 0.000000000 0.000000000
296.416715277 0.000000000 0.000000000 0.000000000 0.000000000 0.000000000 0.000000000 0.000000000 0.000000000 0.000000000 0.000000000 0.000000000
297.016142406 0.000000000 0.000000000 0.000000000 0.000000000 0.000000000 0.000000000 0.000000000 0.000000000 0.000000000 0.000000000 0.000000000
297.615569535 0.048972299 0.000000000 0.000000000 0.000000000 0.000000000 0.000000000 0.000000000 0.000000000 0.000000000 0.000000000 0.048972299
298.214996664 0.000000000 0.000000000 0.000000000 0.000000000 0.000000000 0.000000000 0.000000000 0.000000000 0.000000000 0.000000000 0.000000000
298.814423793 0.000000000 0.000000000 0.000000000 0.000000000 0.000000000 0.000000000 0.000000000 0.000000000 0.000000000 0.000000000 0.000000000
299.413850922 0.000000000 0.000000000 0.000000000 0.000000000 0.000000000 0.000000000 0.000000000 0.000000000 0.000000000 0.000000000 0.000000000
