                Metal Walls Pim
 built
         Built: 2015-02-10 11:57:45.670261
         
         No local modification
         On machine: eslogin008
         With environment:
         Currently Loaded Modulefiles:
           1) modules/3.2.10.2
           2) eswrap/1.1.0-1.020200.1130.0
           3) switch/1.0-1.0502.54233.2.96.ari
           4) craype-network-aries
           5) craype/2.2.1
           6) cce/8.3.8
           7) cray-libsci/13.0.3
           8) udreg/2.3.2-1.0502.9275.1.12.ari
           9) ugni/5.0-1.0502.9685.4.24.ari
          10) pmi/5.0.6-1.0000.10439.140.2.ari
          11) dmapp/7.0.1-1.0502.9501.5.219.ari
          12) gni-headers/3.0-1.0502.9684.5.2.ari
          13) xpmem/0.1-2.0502.55507.3.2.ari
          14) dvs/2.5_0.9.0-1.0502.1873.1.145.ari
          15) alps/5.2.1-2.0502.9041.11.6.ari
          16) rca/1.0.0-2.0502.53711.3.127.ari
          17) atp/1.7.5
          18) PrgEnv-cray/5.2.40
          19) craype-haswell
          20) cray-mpich/7.1.2
          21) torque/4.2.9
          22) moab/7.2.9-2014091214-96b8ec34-b9-SUSE11
          23) system/ws_tools
          24) system/hlrs-defaults
          25) fftw/3.3.0.4
          26) tools/autotools/gnu
 
        Now includes corrections from
        Todd Gingrich's master thesis
        and a predictor step for the RIM
        Now includes the possibility of having
        constant potential and constant charge species together
        Does not write displacements and velocities for fixed species
        Code optimized for memory use
        Now includes linear molecules with 3 sites
        MH: reduced memory footprint and vectorization
 
 
 opening readin file
    Mass of species    1  86.8100
    Mass of species    2  67.0700
    Mass of species    3  15.0400
    Mass of species    4  29.0700
    Doing a constant potential run
      potential convergence parameter  5.000E-07
    Time step 82.682 au
    Runtype rim            
    Runtype2 epp            
    Ewald gaussian smearing width   5.600
    Ewald cutoff radius  41.200
 If doing a constant potential run, check that the two electrodes are
 distant by more than this value! -- Should be the case
    Short range interaction cutoff radius  41.200
    Applying a Nose-Hooover thermostat with relaxation parameter  5000.
    Using an orthorhombic cell
    Number of bins for structure factor  500
    Calculating mean square displacements
    Shake tollerance  1.00000000000000002E-8
 
 Defining  2  molecules
 Using Verlet with Shake with 3  constraints
    A          contains   1 atoms with mass  86.810
    Im41       contains   3 atoms with mass 111.180
      Harmonic intramolecular potentials
      Bond constraints
        2    3      5.11662603
        2    4      5.71698342
        3    4      9.85279425
 
    Warning: You have fewer LJ interaction pairs in the potential file than you have particle pairs.
    Lennard-Jones Potentials.
      File contains  22  pairs of interactions.
          atom1     atom2         A             B        ljshift     
              A         A     0.72493E+09    1891.7      -0.38675E-06
              A       Im1     0.54136E+09    1541.2      -0.31510E-06
              A       Im2     0.50746E+08    288.96      -0.59080E-07
              A       Im3     0.37677E+09    1072.6      -0.21930E-06
              A        C1     0.38170E+08    224.06      -0.45810E-07
              A        C2     0.38170E+08    224.06      -0.45810E-07
              A         P     0.38170E+08    224.06      -0.45810E-07
            Im1       Im1     0.40324E+09    1254.1      -0.25640E-06
            Im1       Im2     0.36982E+08    232.57      -0.47551E-07
            Im1       Im3     0.28064E+09    872.80      -0.17845E-06
            Im1        C1     0.27789E+08    180.24      -0.36852E-07
            Im1        C2     0.27789E+08    180.24      -0.36852E-07
            Im1         P     0.27789E+08    180.24      -0.36852E-07
            Im2       Im2     0.28118E+07    39.271      -0.80293E-08
            Im2       Im3     0.25739E+08    161.86      -0.33094E-07
            Im2        C1     0.20943E+07    30.301      -0.61953E-08
            Im2        C2     0.20943E+07    30.301      -0.61953E-08
            Im2         P     0.20943E+07    30.301      -0.61953E-08
            Im3       Im3     0.19532E+09    607.45      -0.12419E-06
            Im3        C1     0.19341E+08    125.44      -0.25648E-07
            Im3        C2     0.19341E+08    125.44      -0.25648E-07
            Im3         P     0.19341E+08    125.44      -0.25648E-07
 
 **** Run-time parameters read in ****
 
 Total number of ions 10442
 Number of melt ions 2400
     600 A
     600 Im1
     600 Im2
     600 Im3
 Number of wall ions 8042
     3821 C1
     3821 C2
     400 P
 Ewald smearing width 6.79611650485436869E-2
    erfc(eta.rcut) is  7.50131946654591079E-5
 Wall Gaussian width 0.95523465699999999
 
 **** Internal variables set up ****
 
 Reading in positions
 restartfile contains labels
 Assuming ion type from ion number
 Explicit molecular membership/order given
 Reading positions..
 Read all  10442 positions
 Warning: No dipole variables read in,
          and no annealing is scheduled.
boxlengths   82.541      82.541      281.51    
 
 **** Run restarted ****
 
    Temperature is defined as 2.K.E./kB(3Nm - 3 - nconstraintot) where
     Nm is the number of moveable ions and nconstraintot is the total number of constraints
     Total number of contraints, nconstraintot =  1800
 
 
  Calculating initial wall atom charges
 Only the two first species are considered electrode species
 which corresponds to  7642  atoms
 Wall charge converged in 70  steps
  Mean potential wall species  5  0.25985625E-08
  Total charge wall species  5   14.078587    
  Mean potential wall species  6  0.29277139E-08
  Total charge wall species  6  -14.221412    
  Mean potential wall species  7   0.0000000    
  Total charge wall species  7   0.0000000    
 Mean wall ion potential vbar 2.62570284429580822E-9
 Melt charge NaN
 Wall charge -0.14282540361286755
 Total charge NaN
 Umetal  -0.
 
 **** Wall charge annealing completed ****
 
 
  Calculating forces
 Coulomb energy -62.129770371135379
 Dispersion energy  0.
 vqeng  -0.
 Short range energy  -9.400815525254032
 main loop begun
 
 Step 2*1
 Done  40  rattle iterations -1st part
 Only the two first species are considered electrode species
 which corresponds to  7642  atoms
 Wall charge converged in 73  steps
  Mean potential wall species  5  0.13385210E-08
  Total charge wall species  5   14.077761    
  Mean potential wall species  6 -0.12788384E-08
  Total charge wall species  6  -14.222275    
  Mean potential wall species  7   0.0000000    
  Total charge wall species  7   0.0000000    
 Mean wall ion potential vbar 2.83570525956446817E-11
 Melt charge 0.
 Wall charge -0.14451488323208878
 Total charge -0.14451488323208878
 Umetal  -0.
 
 **** Wall charge annealing completed ****
 
 Coulomb energy -62.129587537939358
 Dispersion energy  0.
 vqeng  -0.
 Short range energy  -9.4035385996055982
 Velocity convergence  4
 
 Step 2*2
 Done  36  rattle iterations -1st part
 Only the two first species are considered electrode species
 which corresponds to  7642  atoms
 Wall charge converged in 75  steps
  Mean potential wall species  5 -0.10540668E-07
  Total charge wall species  5   14.077838    
  Mean potential wall species  6 -0.48928854E-07
  Total charge wall species  6  -14.222332    
  Mean potential wall species  7   0.0000000    
  Total charge wall species  7   0.0000000    
 Mean wall ion potential vbar -2.82557875629176422E-8
 Melt charge 0.
 Wall charge -0.14449384220741884
 Total charge -0.14449384220741884
 Umetal  -0.
 
 **** Wall charge annealing completed ****
 
 Coulomb energy -62.129448126696651
 Dispersion energy  0.
 vqeng  -0.
 Short range energy  -9.4118601236160995
 Velocity convergence  3
 
 Step 2*3
 Done  36  rattle iterations -1st part
 Only the two first species are considered electrode species
 which corresponds to  7642  atoms
 Wall charge converged in 69  steps
  Mean potential wall species  5  0.12968317E-07
  Total charge wall species  5   14.077967    
  Mean potential wall species  6 -0.81440275E-08
  Total charge wall species  6  -14.222427    
  Mean potential wall species  7   0.0000000    
  Total charge wall species  7   0.0000000    
 Mean wall ion potential vbar 2.29216756305434688E-9
 Melt charge 0.
 Wall charge -0.14445996248781073
 Total charge -0.14445996248781073
 Umetal  -0.
 
 **** Wall charge annealing completed ****
 
 Coulomb energy -62.129220746070317
 Dispersion energy  0.
 vqeng  -0.
 Short range energy  -9.4256190323164688
 Velocity convergence  4
 
 Step 2*4
 Done  36  rattle iterations -1st part
 Only the two first species are considered electrode species
 which corresponds to  7642  atoms
 Wall charge converged in 59  steps
  Mean potential wall species  5 -0.22183095E-08
  Total charge wall species  5   14.078145    
  Mean potential wall species  6 -0.43854084E-08
  Total charge wall species  6  -14.222560    
  Mean potential wall species  7   0.0000000    
  Total charge wall species  7   0.0000000    
 Mean wall ion potential vbar -3.13762823974300912E-9
 Melt charge 0.
 Wall charge -0.1444145215806352
 Total charge -0.1444145215806352
 Umetal  -0.
 
 **** Wall charge annealing completed ****
 
 Coulomb energy -62.128904152272497
 Dispersion energy  0.
 vqeng  -0.
 Short range energy  -9.4446524573944419
 Velocity convergence  4
 
 Step 2*5
 Done  36  rattle iterations -1st part
 Only the two first species are considered electrode species
 which corresponds to  7642  atoms
 Wall charge converged in 48  steps
  Mean potential wall species  5 -0.54897967E-08
  Total charge wall species  5   14.078374    
  Mean potential wall species  6  0.10195482E-07
  Total charge wall species  6  -14.222728    
  Mean potential wall species  7   0.0000000    
  Total charge wall species  7   0.0000000    
 Mean wall ion potential vbar 2.23581483600015079E-9
 Melt charge 0.
 Wall charge -0.14435426308425614
 Total charge -0.14435426308425614
 Umetal  -0.
 
 **** Wall charge annealing completed ****
 
 Coulomb energy -62.128511488341815
 Dispersion energy  0.
 vqeng  -0.
 Short range energy  -9.4687368273434558
 Velocity convergence  4
 
 Step 2*6
 Done  36  rattle iterations -1st part
 Only the two first species are considered electrode species
 which corresponds to  7642  atoms
 Wall charge converged in 28  steps
  Mean potential wall species  5  0.70379772E-08
  Total charge wall species  5   14.078657    
  Mean potential wall species  6 -0.57707210E-08
  Total charge wall species  6  -14.222939    
  Mean potential wall species  7   0.0000000    
  Total charge wall species  7   0.0000000    
 Mean wall ion potential vbar 6.02112139577763818E-10
 Melt charge 0.
 Wall charge -0.1442821630390676
 Total charge -0.1442821630390676
 Umetal  -0.
 
 **** Wall charge annealing completed ****
 
 Coulomb energy -62.128042251583288
 Dispersion energy  0.
 vqeng  -0.
 Short range energy  -9.4975977009048158
 Velocity convergence  4
 
 Step 2*7
 Done  36  rattle iterations -1st part
 Only the two first species are considered electrode species
 which corresponds to  7642  atoms
 Wall charge converged in 15  steps
  Mean potential wall species  5  0.33023365E-08
  Total charge wall species  5   14.078989    
  Mean potential wall species  6 -0.11954930E-08
  Total charge wall species  6  -14.223185    
  Mean potential wall species  7   0.0000000    
  Total charge wall species  7   0.0000000    
 Mean wall ion potential vbar 1.00102573788788969E-9
 Melt charge 0.
 Wall charge -0.14419659187479109
 Total charge -0.14419659187479109
 Umetal  -0.
 
 **** Wall charge annealing completed ****
 
 Coulomb energy -62.127522004892725
 Dispersion energy  0.
 vqeng  -0.
 Short range energy  -9.5309189892199324
 Velocity convergence  3
 
 Step 2*8
 Done  36  rattle iterations -1st part
 Only the two first species are considered electrode species
 which corresponds to  7642  atoms
 Wall charge converged in 16  steps
  Mean potential wall species  5 -0.22426022E-07
  Total charge wall species  5   14.079373    
  Mean potential wall species  6 -0.26566914E-07
  Total charge wall species  6  -14.223471    
  Mean potential wall species  7   0.0000000    
  Total charge wall species  7   0.0000000    
 Mean wall ion potential vbar -2.32780415826046615E-8
 Melt charge 0.
 Wall charge -0.1440979595674754
 Total charge -0.1440979595674754
 Umetal  -0.
 
 **** Wall charge annealing completed ****
 
 Coulomb energy -62.126954847875879
 Dispersion energy  0.
 vqeng  -0.
 Short range energy  -9.5683445832113492
 Velocity convergence  5
 
 Step 2*9
 Done  35  rattle iterations -1st part
 Only the two first species are considered electrode species
 which corresponds to  7642  atoms
 Wall charge converged in 14  steps
  Mean potential wall species  5  0.10284934E-07
  Total charge wall species  5   14.079809    
  Mean potential wall species  6 -0.57999827E-08
  Total charge wall species  6  -14.223796    
  Mean potential wall species  7   0.0000000    
  Total charge wall species  7   0.0000000    
 Mean wall ion potential vbar 2.13093747469707499E-9
 Melt charge 0.
 Wall charge -0.14398747075705753
 Total charge -0.14398747075705753
 Umetal  -0.
 
 **** Wall charge annealing completed ****
 
 Coulomb energy -62.126354616819384
 Dispersion energy  0.
 vqeng  -0.
 Short range energy  -9.6094721822657156
 Velocity convergence  5
 
 Step 2*10
 Done  35  rattle iterations -1st part
 Only the two first species are considered electrode species
 which corresponds to  7642  atoms
 Wall charge converged in 16  steps
  Mean potential wall species  5 -0.75712825E-08
  Total charge wall species  5   14.080292    
  Mean potential wall species  6 -0.59052719E-08
  Total charge wall species  6  -14.224158    
  Mean potential wall species  7   0.0000000    
  Total charge wall species  7   0.0000000    
 Mean wall ion potential vbar -6.40312287229075953E-9
 Melt charge 0.
 Wall charge -0.14386598193224276
 Total charge -0.14386598193224276
 Umetal  -0.
 
 **** Wall charge annealing completed ****
 
 Coulomb energy -62.12572945147258
 Dispersion energy  0.
 vqeng  -0.
 Short range energy  -9.6539039990339202
 Velocity convergence  4
 
 Step 2*11
 Done  35  rattle iterations -1st part
 Only the two first species are considered electrode species
 which corresponds to  7642  atoms
 Wall charge converged in 14  steps
  Mean potential wall species  5 -0.12359713E-08
  Total charge wall species  5   14.080829    
  Mean potential wall species  6  0.96539458E-09
  Total charge wall species  6  -14.224560    
  Mean potential wall species  7   0.0000000    
  Total charge wall species  7   0.0000000    
 Mean wall ion potential vbar -1.28559259224747569E-10
 Melt charge 0.
 Wall charge -0.14373044508570393
 Total charge -0.14373044508570393
 Umetal  -0.
 
 **** Wall charge annealing completed ****
 
 Coulomb energy -62.125112388109123
 Dispersion energy  0.
 vqeng  -0.
 Short range energy  -9.7012122900434825
 Velocity convergence  4
 
 Step 2*12
 Done  35  rattle iterations -1st part
 Only the two first species are considered electrode species
 which corresponds to  7642  atoms
 Wall charge converged in 16  steps
  Mean potential wall species  5 -0.48232549E-08
  Total charge wall species  5   14.081418    
  Mean potential wall species  6 -0.40646688E-08
  Total charge wall species  6  -14.225001    
  Mean potential wall species  7   0.0000000    
  Total charge wall species  7   0.0000000    
 Mean wall ion potential vbar -4.22292421405289432E-9
 Melt charge 0.
 Wall charge -0.14358299735412416
 Total charge -0.14358299735412416
 Umetal  -0.
 
 **** Wall charge annealing completed ****
 
 Coulomb energy -62.124501198731821
 Dispersion energy  0.
 vqeng  -0.
 Short range energy  -9.7509725721105571
 Velocity convergence  5
 
 Step 2*13
 Done  35  rattle iterations -1st part
 Only the two first species are considered electrode species
 which corresponds to  7642  atoms
 Wall charge converged in 15  steps
  Mean potential wall species  5 -0.48473866E-08
  Total charge wall species  5   14.082055    
  Mean potential wall species  6  0.14195071E-08
  Total charge wall species  6  -14.225481    
  Mean potential wall species  7   0.0000000    
  Total charge wall species  7   0.0000000    
 Mean wall ion potential vbar -1.62869031408486294E-9
 Melt charge 0.
 Wall charge -0.14342651560866587
 Total charge -0.14342651560866587
 Umetal  -0.
 
 **** Wall charge annealing completed ****
 
 Coulomb energy -62.123925934249307
 Dispersion energy  0.
 vqeng  -0.
 Short range energy  -9.8027359072691169
 Velocity convergence  5
 
 Step 2*14
 Done  35  rattle iterations -1st part
 Only the two first species are considered electrode species
 which corresponds to  7642  atoms
 Wall charge converged in 15  steps
  Mean potential wall species  5  0.15255401E-08
  Total charge wall species  5   14.082745    
  Mean potential wall species  6  0.43051483E-08
  Total charge wall species  6  -14.226001    
  Mean potential wall species  7   0.0000000    
  Total charge wall species  7   0.0000000    
 Mean wall ion potential vbar 2.77033825684969243E-9
 Melt charge 0.
 Wall charge -0.14325511531776902
 Total charge -0.14325511531776902
 Umetal  -0.
 
 **** Wall charge annealing completed ****
 
 Coulomb energy -62.12338171263265
 Dispersion energy  0.
 vqeng  -0.
 Short range energy  -9.8560756513129171
 Velocity convergence  5
 
 Step 2*15
 Done  35  rattle iterations -1st part
 Only the two first species are considered electrode species
 which corresponds to  7642  atoms
 Wall charge converged in 13  steps
  Mean potential wall species  5  0.26137894E-08
  Total charge wall species  5   14.083484    
  Mean potential wall species  6  0.45562036E-09
  Total charge wall species  6  -14.226561    
  Mean potential wall species  7   0.0000000    
  Total charge wall species  7   0.0000000    
 Mean wall ion potential vbar 1.4583703688066013E-9
 Melt charge 0.
 Wall charge -0.14307666985231737
 Total charge -0.14307666985231737
 Umetal  -0.
 
 **** Wall charge annealing completed ****
 
 Coulomb energy -62.122903495348055
 Dispersion energy  0.
 vqeng  -0.
 Short range energy  -9.9105761831411758
 Velocity convergence  5
 
 Step 2*16
 Done  35  rattle iterations -1st part
 Only the two first species are considered electrode species
 which corresponds to  7642  atoms
 Wall charge converged in 16  steps
  Mean potential wall species  5  0.29033018E-08
  Total charge wall species  5   14.084274    
  Mean potential wall species  6 -0.26769212E-08
  Total charge wall species  6  -14.227161    
  Mean potential wall species  7   0.0000000    
  Total charge wall species  7   0.0000000    
 Mean wall ion potential vbar 1.07560334921670941E-10
 Melt charge 0.
 Wall charge -0.14288714032831912
 Total charge -0.14288714032831912
 Umetal  -0.
 
 **** Wall charge annealing completed ****
 
 Coulomb energy -62.122505956474399
 Dispersion energy  0.
 vqeng  -0.
 Short range energy  -9.9658410927197476
 Velocity convergence  5
 
 Step 2*17
 Done  35  rattle iterations -1st part
 Only the two first species are considered electrode species
 which corresponds to  7642  atoms
 Wall charge converged in 14  steps
  Mean potential wall species  5 -0.80246950E-09
  Total charge wall species  5   14.085112    
  Mean potential wall species  6 -0.31740482E-08
  Total charge wall species  6  -14.227800    
  Mean potential wall species  7   0.0000000    
  Total charge wall species  7   0.0000000    
 Mean wall ion potential vbar -1.88936512031469325E-9
 Melt charge 0.
 Wall charge -0.14268845261253843
 Total charge -0.14268845261253843
 Umetal  -0.
 
 **** Wall charge annealing completed ****
 
 Coulomb energy -62.122197101267005
 Dispersion energy  0.
 vqeng  -0.
 Short range energy  -10.021473229091917
 Velocity convergence  5
 
 Step 2*18
 Done  35  rattle iterations -1st part
 Only the two first species are considered electrode species
 which corresponds to  7642  atoms
 Wall charge converged in 15  steps
  Mean potential wall species  5 -0.32550352E-08
  Total charge wall species  5   14.086000    
  Mean potential wall species  6 -0.24539314E-08
  Total charge wall species  6  -14.228479    
  Mean potential wall species  7   0.0000000    
  Total charge wall species  7   0.0000000    
 Mean wall ion potential vbar -2.71250454205656854E-9
 Melt charge 0.
 Wall charge -0.14247945155497588
 Total charge -0.14247945155497588
 Umetal  -0.
 
 **** Wall charge annealing completed ****
 
 Coulomb energy -62.12199234608547
 Dispersion energy  0.
 vqeng  -0.
 Short range energy  -10.077121314431912
 Velocity convergence  4
 
 Step 2*19
 Done  35  rattle iterations -1st part
 Only the two first species are considered electrode species
 which corresponds to  7642  atoms
 Wall charge converged in 13  steps
  Mean potential wall species  5  0.30713194E-07
  Total charge wall species  5   14.086938    
  Mean potential wall species  6  0.19647275E-07
  Total charge wall species  6  -14.229198    
  Mean potential wall species  7   0.0000000    
  Total charge wall species  7   0.0000000    
 Mean wall ion potential vbar 2.39277978177828472E-8
 Melt charge 0.
 Wall charge -0.14225956436690707
 Total charge -0.14225956436690707
 Umetal  -0.
 
 **** Wall charge annealing completed ****
 
 Coulomb energy -62.121911708162969
 Dispersion energy  0.
 vqeng  -0.
 Short range energy  -10.132441322065949
 Velocity convergence  5
 
 Step 2*20
 Done  35  rattle iterations -1st part
 Only the two first species are considered electrode species
 which corresponds to  7642  atoms
 Wall charge converged in 16  steps
  Mean potential wall species  5  0.45324953E-08
  Total charge wall species  5   14.087921    
  Mean potential wall species  6  0.23702340E-08
  Total charge wall species  6  -14.229955    
  Mean potential wall species  7   0.0000000    
  Total charge wall species  7   0.0000000    
 Mean wall ion potential vbar 3.27969766653681679E-9
 Melt charge 0.
 Wall charge -0.14203430643075576
 Total charge -0.14203430643075576
 Umetal  -0.
 
 **** Wall charge annealing completed ****
 
 Coulomb energy -62.121964105934936
 Dispersion energy  0.
 vqeng  -0.
 Short range energy  -10.187105253253968
 Velocity convergence  5
 
 Step 2*21
 Done  35  rattle iterations -1st part
 Only the two first species are considered electrode species
 which corresponds to  7642  atoms
 Wall charge converged in 16  steps
  Mean potential wall species  5 -0.23676044E-08
  Total charge wall species  5   14.088953    
  Mean potential wall species  6  0.53022776E-08
  Total charge wall species  6  -14.230750    
  Mean potential wall species  7   0.0000000    
  Total charge wall species  7   0.0000000    
 Mean wall ion potential vbar 1.39435296542265861E-9
 Melt charge 0.
 Wall charge -0.14179751096527748
 Total charge -0.14179751096527748
 Umetal  -0.
 
 **** Wall charge annealing completed ****
 
 Coulomb energy -62.122159610963152
 Dispersion energy  0.
 vqeng  -0.
 Short range energy  -10.240860863249692
 Velocity convergence  5
 
 Step 2*22
 Done  35  rattle iterations -1st part
 Only the two first species are considered electrode species
 which corresponds to  7642  atoms
 Wall charge converged in 14  steps
  Mean potential wall species  5  0.45371720E-08
  Total charge wall species  5   14.090034    
  Mean potential wall species  6 -0.59423374E-08
  Total charge wall species  6  -14.231590    
  Mean potential wall species  7   0.0000000    
  Total charge wall species  7   0.0000000    
 Mean wall ion potential vbar -6.67637056863929082E-10
 Melt charge 0.
 Wall charge -0.14155569438203469
 Total charge -0.14155569438203469
 Umetal  -0.
 
 **** Wall charge annealing completed ****
 
 Coulomb energy -62.122504747958651
 Dispersion energy  0.
 vqeng  -0.
 Short range energy  -10.29341942590959
 Velocity convergence  5
 
 Step 2*23
 Done  35  rattle iterations -1st part
 Only the two first species are considered electrode species
 which corresponds to  7642  atoms
 Wall charge converged in 13  steps
  Mean potential wall species  5  0.24476951E-08
  Total charge wall species  5   14.091159    
  Mean potential wall species  6 -0.43506863E-08
  Total charge wall species  6  -14.232464    
  Mean potential wall species  7   0.0000000    
  Total charge wall species  7   0.0000000    
 Mean wall ion potential vbar -9.04169264365404844E-10
 Melt charge 0.
 Wall charge -0.14130519703384492
 Total charge -0.14130519703384492
 Umetal  -0.
 
 **** Wall charge annealing completed ****
 
 Coulomb energy -62.123018381222799
 Dispersion energy  0.
 vqeng  -0.
 Short range energy  -10.344578323760656
 Velocity convergence  3
 
 Step 2*24
 Done  35  rattle iterations -1st part
 Only the two first species are considered electrode species
 which corresponds to  7642  atoms
 Wall charge converged in 14  steps
  Mean potential wall species  5  0.14105738E-08
  Total charge wall species  5   14.092331    
  Mean potential wall species  6 -0.26699230E-08
  Total charge wall species  6  -14.233381    
  Mean potential wall species  7   0.0000000    
  Total charge wall species  7   0.0000000    
 Mean wall ion potential vbar -5.98355299774960283E-10
 Melt charge 0.
 Wall charge -0.14104948103318077
 Total charge -0.14104948103318077
 Umetal  -0.
 
 **** Wall charge annealing completed ****
 
 Coulomb energy -62.123699016676937
 Dispersion energy  0.
 vqeng  -0.
 Short range energy  -10.394129636843314
 Velocity convergence  5
 
 Step 2*25
 Done  35  rattle iterations -1st part
 Only the two first species are considered electrode species
 which corresponds to  7642  atoms
 Wall charge converged in 13  steps
  Mean potential wall species  5 -0.12381896E-08
  Total charge wall species  5   14.093546    
  Mean potential wall species  6  0.32468623E-08
  Total charge wall species  6  -14.234334    
  Mean potential wall species  7   0.0000000    
  Total charge wall species  7   0.0000000    
 Mean wall ion potential vbar 9.54381796451336982E-10
 Melt charge 0.
 Wall charge -0.1407873711641624
 Total charge -0.1407873711641624
 Umetal  -0.
 
 **** Wall charge annealing completed ****
 
 Coulomb energy -62.124565753164596
 Dispersion energy  0.
 vqeng  -0.
 Short range energy  -10.441896316697637
 Velocity convergence  5
 
 Step 2*26
 Done  35  rattle iterations -1st part
 Only the two first species are considered electrode species
 which corresponds to  7642  atoms
 Wall charge converged in 15  steps
  Mean potential wall species  5 -0.20984815E-09
  Total charge wall species  5   14.094809    
  Mean potential wall species  6 -0.70533532E-10
  Total charge wall species  6  -14.235327    
  Mean potential wall species  7   0.0000000    
  Total charge wall species  7   0.0000000    
 Mean wall ion potential vbar -1.33217906031761848E-10
 Melt charge 0.
 Wall charge -0.14051782685796171
 Total charge -0.14051782685796171
 Umetal  -0.
 
 **** Wall charge annealing completed ****
 
 Coulomb energy -62.125609947968059
 Dispersion energy  0.
 vqeng  -0.
 Short range energy  -10.48771256055419
 Velocity convergence  4
 
 Step 2*27
 Done  35  rattle iterations -1st part
 Only the two first species are considered electrode species
 which corresponds to  7642  atoms
 Wall charge converged in 15  steps
  Mean potential wall species  5  0.21410588E-08
  Total charge wall species  5   14.096115    
  Mean potential wall species  6  0.16371605E-08
  Total charge wall species  6  -14.236358    
  Mean potential wall species  7   0.0000000    
  Total charge wall species  7   0.0000000    
 Mean wall ion potential vbar 1.79514745294550162E-9
 Melt charge 0.
 Wall charge -0.14024308934237983
 Total charge -0.14024308934237983
 Umetal  -0.
 
 **** Wall charge annealing completed ****
 
 Coulomb energy -62.126851642169783
 Dispersion energy  0.
 vqeng  -0.
 Short range energy  -10.531460908740954
 Velocity convergence  4
 
 Step 2*28
 Done  35  rattle iterations -1st part
 Only the two first species are considered electrode species
 which corresponds to  7642  atoms
 Wall charge converged in 13  steps
  Mean potential wall species  5  0.53251612E-08
  Total charge wall species  5   14.097464    
  Mean potential wall species  6 -0.20310371E-08
  Total charge wall species  6  -14.237427    
  Mean potential wall species  7   0.0000000    
  Total charge wall species  7   0.0000000    
 Mean wall ion potential vbar 1.56513903184198859E-9
 Melt charge 0.
 Wall charge -0.1399637477318163
 Total charge -0.1399637477318163
 Umetal  -0.
 
 **** Wall charge annealing completed ****
 
 Coulomb energy -62.128286734814907
 Dispersion energy  0.
 vqeng  -0.
 Short range energy  -10.573022894878047
 Velocity convergence  4
 
 Step 2*29
 Done  34  rattle iterations -1st part
 Only the two first species are considered electrode species
 which corresponds to  7642  atoms
 Wall charge converged in 13  steps
  Mean potential wall species  5 -0.20366681E-07
  Total charge wall species  5   14.098850    
  Mean potential wall species  6  0.12027293E-07
  Total charge wall species  6  -14.238533    
  Mean potential wall species  7   0.0000000    
  Total charge wall species  7   0.0000000    
 Mean wall ion potential vbar -3.9622980443094921E-9
 Melt charge 0.
 Wall charge -0.13968291436649727
 Total charge -0.13968291436649727
 Umetal  -0.
 
 **** Wall charge annealing completed ****
 
 Coulomb energy -62.129923718497729
 Dispersion energy  0.
 vqeng  -0.
 Short range energy  -10.612323102983609
 Velocity convergence  5
 
 Step 2*30
 Done  35  rattle iterations -1st part
 Only the two first species are considered electrode species
 which corresponds to  7642  atoms
 Wall charge converged in 14  steps
  Mean potential wall species  5 -0.20258424E-08
  Total charge wall species  5   14.100282    
  Mean potential wall species  6  0.31684752E-08
  Total charge wall species  6  -14.239675    
  Mean potential wall species  7   0.0000000    
  Total charge wall species  7   0.0000000    
 Mean wall ion potential vbar 5.42899766426947194E-10
 Melt charge 0.
 Wall charge -0.13939321437424684
 Total charge -0.13939321437424684
 Umetal  -0.
 
 **** Wall charge annealing completed ****
 
 Coulomb energy -62.131763772042895
 Dispersion energy  0.
 vqeng  -0.
 Short range energy  -10.649275138978947
 Velocity convergence  5
 
 Step 2*31
 Done  35  rattle iterations -1st part
 Only the two first species are considered electrode species
 which corresponds to  7642  atoms
 Wall charge converged in 13  steps
  Mean potential wall species  5 -0.86465248E-08
  Total charge wall species  5   14.101752    
  Mean potential wall species  6  0.20500623E-08
  Total charge wall species  6  -14.240854    
  Mean potential wall species  7   0.0000000    
  Total charge wall species  7   0.0000000    
 Mean wall ion potential vbar -3.13418093556925262E-9
 Melt charge 0.
 Wall charge -0.13910184281555404
 Total charge -0.13910184281555404
 Umetal  -0.
 
 **** Wall charge annealing completed ****
 
 Coulomb energy -62.133801358550748
 Dispersion energy  0.
 vqeng  -0.
 Short range energy  -10.683822506465658
 Velocity convergence  5
 
 Step 2*32
 Done  35  rattle iterations -1st part
 Only the two first species are considered electrode species
 which corresponds to  7642  atoms
 Wall charge converged in 14  steps
  Mean potential wall species  5 -0.16048488E-08
  Total charge wall species  5   14.103263    
  Mean potential wall species  6 -0.84615364E-09
  Total charge wall species  6  -14.242069    
  Mean potential wall species  7   0.0000000    
  Total charge wall species  7   0.0000000    
 Mean wall ion potential vbar -1.16454617223158727E-9
 Melt charge 0.
 Wall charge -0.13880651784126924
 Total charge -0.13880651784126924
 Umetal  -0.
 
 **** Wall charge annealing completed ****
 
 Coulomb energy -62.136041150298254
 Dispersion energy  0.
 vqeng  -0.
 Short range energy  -10.715924275276198
 Velocity convergence  4
 
 Step 2*33
 Done  35  rattle iterations -1st part
 Only the two first species are considered electrode species
 which corresponds to  7642  atoms
 Wall charge converged in 14  steps
  Mean potential wall species  5  0.15966736E-08
  Total charge wall species  5   14.104810    
  Mean potential wall species  6  0.18228204E-08
  Total charge wall species  6  -14.243315    
  Mean potential wall species  7   0.0000000    
  Total charge wall species  7   0.0000000    
 Mean wall ion potential vbar 1.62470612071703485E-9
 Melt charge 0.
 Wall charge -0.13850520953122714
 Total charge -0.13850520953122714
 Umetal  -0.
 
 **** Wall charge annealing completed ****
 
 Coulomb energy -62.138482087313335
 Dispersion energy  0.
 vqeng  -0.
 Short range energy  -10.745547162772992
 Velocity convergence  3
 
 Step 2*34
 Done  35  rattle iterations -1st part
 Only the two first species are considered electrode species
 which corresponds to  7642  atoms
 Wall charge converged in 14  steps
  Mean potential wall species  5  0.23838656E-08
  Total charge wall species  5   14.106394    
  Mean potential wall species  6  0.21312822E-08
  Total charge wall species  6  -14.244596    
  Mean potential wall species  7   0.0000000    
  Total charge wall species  7   0.0000000    
 Mean wall ion potential vbar 2.14528470426934395E-9
 Melt charge 0.
 Wall charge -0.13820265833445189
 Total charge -0.13820265833445189
 Umetal  -0.
 
 **** Wall charge annealing completed ****
 
 Coulomb energy -62.141119787471759
 Dispersion energy  0.
 vqeng  -0.
 Short range energy  -10.77266421535975
 Velocity convergence  4
 
 Step 2*35
 Done  35  rattle iterations -1st part
 Only the two first species are considered electrode species
 which corresponds to  7642  atoms
 Wall charge converged in 9  steps
  Mean potential wall species  5  0.52986315E-08
  Total charge wall species  5   14.108012    
  Mean potential wall species  6  0.16127492E-08
  Total charge wall species  6  -14.245910    
  Mean potential wall species  7   0.0000000    
  Total charge wall species  7   0.0000000    
 Mean wall ion potential vbar 3.28380819047828912E-9
 Melt charge 0.
 Wall charge -0.13789706112168088
 Total charge -0.13789706112168088
 Umetal  -0.
 
 **** Wall charge annealing completed ****
 
 Coulomb energy -62.143940515971714
 Dispersion energy  0.
 vqeng  -0.
 Short range energy  -10.797264089945157
 Velocity convergence  4
 
 Step 2*36
 Done  35  rattle iterations -1st part
 Only the two first species are considered electrode species
 which corresponds to  7642  atoms
 Wall charge converged in 16  steps
  Mean potential wall species  5 -0.62390814E-08
  Total charge wall species  5   14.109663    
  Mean potential wall species  6  0.44427924E-09
  Total charge wall species  6  -14.247253    
  Mean potential wall species  7   0.0000000    
  Total charge wall species  7   0.0000000    
 Mean wall ion potential vbar -2.75328761830980475E-9
 Melt charge 0.
 Wall charge -0.13758950581197471
 Total charge -0.13758950581197471
 Umetal  -0.
 
 **** Wall charge annealing completed ****
 
 Coulomb energy -62.146941373409234
 Dispersion energy  0.
 vqeng  -0.
 Short range energy  -10.81935700636634
 Velocity convergence  4
 
 Step 2*37
 Done  35  rattle iterations -1st part
 Only the two first species are considered electrode species
 which corresponds to  7642  atoms
 Wall charge converged in 16  steps
  Mean potential wall species  5  0.12919980E-08
  Total charge wall species  5   14.111351    
  Mean potential wall species  6 -0.20456518E-08
  Total charge wall species  6  -14.248627    
  Mean potential wall species  7   0.0000000    
  Total charge wall species  7   0.0000000    
 Mean wall ion potential vbar -3.58083929834836175E-10
 Melt charge 0.
 Wall charge -0.13727592507310959
 Total charge -0.13727592507310959
 Umetal  -0.
 
 **** Wall charge annealing completed ****
 
 Coulomb energy -62.150136039236898
 Dispersion energy  0.
 vqeng  -0.
 Short range energy  -10.838963712325157
 Velocity convergence  4
 
 Step 2*38
 Done  36  rattle iterations -1st part
 Only the two first species are considered electrode species
 which corresponds to  7642  atoms
 Wall charge converged in 15  steps
  Mean potential wall species  5 -0.49897194E-08
  Total charge wall species  5   14.113066    
  Mean potential wall species  6  0.36111769E-08
  Total charge wall species  6  -14.250027    
  Mean potential wall species  7   0.0000000    
  Total charge wall species  7   0.0000000    
 Mean wall ion potential vbar -6.54987684176884728E-10
 Melt charge 0.
 Wall charge -0.13696087285393077
 Total charge -0.13696087285393077
 Umetal  -0.
 
 **** Wall charge annealing completed ****
 
 Coulomb energy -62.153506032222111
 Dispersion energy  0.
 vqeng  -0.
 Short range energy  -10.856109768526039
 Velocity convergence  4
 
 Step 2*39
 Done  36  rattle iterations -1st part
 Only the two first species are considered electrode species
 which corresponds to  7642  atoms
 Wall charge converged in 15  steps
  Mean potential wall species  5 -0.11324920E-08
  Total charge wall species  5   14.114814    
  Mean potential wall species  6 -0.24205035E-09
  Total charge wall species  6  -14.251456    
  Mean potential wall species  7   0.0000000    
  Total charge wall species  7   0.0000000    
 Mean wall ion potential vbar -6.5308707324367663E-10
 Melt charge 0.
 Wall charge -0.13664230632057928
 Total charge -0.13664230632057928
 Umetal  -0.
 
 **** Wall charge annealing completed ****
 
 Coulomb energy -62.157049449382654
 Dispersion energy  0.
 vqeng  -0.
 Short range energy  -10.870861492160278
 Velocity convergence  4
 
 Step 2*40
 Done  36  rattle iterations -1st part
 Only the two first species are considered electrode species
 which corresponds to  7642  atoms
 Wall charge converged in 14  steps
  Mean potential wall species  5  0.41011997E-08
  Total charge wall species  5   14.116591    
  Mean potential wall species  6 -0.47362496E-08
  Total charge wall species  6  -14.252911    
  Mean potential wall species  7   0.0000000    
  Total charge wall species  7   0.0000000    
 Mean wall ion potential vbar -3.01731602779626033E-10
 Melt charge 0.
 Wall charge -0.1363206504483892
 Total charge -0.1363206504483892
 Umetal  -0.
 
 **** Wall charge annealing completed ****
 
 Coulomb energy -62.160762766551883
 Dispersion energy  0.
 vqeng  -0.
 Short range energy  -10.883221744711646
 Velocity convergence  4
 
 Step 2*41
 Done  36  rattle iterations -1st part
 Only the two first species are considered electrode species
 which corresponds to  7642  atoms
 Wall charge converged in 13  steps
  Mean potential wall species  5  0.59207152E-08
  Total charge wall species  5   14.118392    
  Mean potential wall species  6 -0.80317899E-10
  Total charge wall species  6  -14.254389    
  Mean potential wall species  7   0.0000000    
  Total charge wall species  7   0.0000000    
 Mean wall ion potential vbar 2.77495124737604517E-9
 Melt charge 0.
 Wall charge -0.135996667110443
 Total charge -0.135996667110443
 Umetal  -0.
 
 **** Wall charge annealing completed ****
 
 Coulomb energy -62.16463118782039
 Dispersion energy  0.
 vqeng  -0.
 Short range energy  -10.893283849293933
 Velocity convergence  4
 
 Step 2*42
 Done  36  rattle iterations -1st part
 Only the two first species are considered electrode species
 which corresponds to  7642  atoms
 Wall charge converged in 14  steps
  Mean potential wall species  5  0.14738853E-09
  Total charge wall species  5   14.120219    
  Mean potential wall species  6 -0.69600321E-09
  Total charge wall species  6  -14.255887    
  Mean potential wall species  7   0.0000000    
  Total charge wall species  7   0.0000000    
 Mean wall ion potential vbar -2.60663602796974878E-10
 Melt charge 0.
 Wall charge -0.13566842834136045
 Total charge -0.13566842834136045
 Umetal  -0.
 
 **** Wall charge annealing completed ****
 
 Coulomb energy -62.168652154705136
 Dispersion energy  0.
 vqeng  -0.
 Short range energy  -10.901122564199856
 Velocity convergence  4
 
 Step 2*43
 Done  36  rattle iterations -1st part
 Only the two first species are considered electrode species
 which corresponds to  7642  atoms
 Wall charge converged in 14  steps
  Mean potential wall species  5 -0.36074261E-08
  Total charge wall species  5   14.122067    
  Mean potential wall species  6  0.54120378E-08
  Total charge wall species  6  -14.257404    
  Mean potential wall species  7   0.0000000    
  Total charge wall species  7   0.0000000    
 Mean wall ion potential vbar 8.57426193296420094E-10
 Melt charge 0.
 Wall charge -0.13533715860656215
 Total charge -0.13533715860656215
 Umetal  -0.
 
 **** Wall charge annealing completed ****
 
 Coulomb energy -62.172806309728202
 Dispersion energy  0.
 vqeng  -0.
 Short range energy  -10.906838408867394
 Velocity convergence  3
 
 Step 2*44
 Done  36  rattle iterations -1st part
 Only the two first species are considered electrode species
 which corresponds to  7642  atoms
 Wall charge converged in 13  steps
  Mean potential wall species  5  0.18858878E-07
  Total charge wall species  5   14.123941    
  Mean potential wall species  6 -0.30796726E-07
  Total charge wall species  6  -14.258945    
  Mean potential wall species  7   0.0000000    
  Total charge wall species  7   0.0000000    
 Mean wall ion potential vbar -5.67203681972669383E-9
 Melt charge 0.
 Wall charge -0.13500443163925463
 Total charge -0.13500443163925463
 Umetal  -0.
 
 **** Wall charge annealing completed ****
 
 Coulomb energy -62.177095436485025
 Dispersion energy  0.
 vqeng  -0.
 Short range energy  -10.910521895329074
 Velocity convergence  3
 
 Step 2*45
 Done  36  rattle iterations -1st part
 Only the two first species are considered electrode species
 which corresponds to  7642  atoms
 Wall charge converged in 15  steps
  Mean potential wall species  5  0.40760125E-08
  Total charge wall species  5   14.125831    
  Mean potential wall species  6 -0.26766774E-08
  Total charge wall species  6  -14.260498    
  Mean potential wall species  7   0.0000000    
  Total charge wall species  7   0.0000000    
 Mean wall ion potential vbar 6.64866908094449963E-10
 Melt charge 0.
 Wall charge -0.13466735541874203
 Total charge -0.13466735541874203
 Umetal  -0.
 
 **** Wall charge annealing completed ****
 
 Coulomb energy -62.181496513348463
 Dispersion energy  0.
 vqeng  -0.
 Short range energy  -10.912275230823196
 Velocity convergence  3
 
 Step 2*46
 Done  36  rattle iterations -1st part
 Only the two first species are considered electrode species
 which corresponds to  7642  atoms
 Wall charge converged in 15  steps
  Mean potential wall species  5  0.43647613E-08
  Total charge wall species  5   14.127738    
  Mean potential wall species  6  0.49552800E-09
  Total charge wall species  6  -14.262065    
  Mean potential wall species  7   0.0000000    
  Total charge wall species  7   0.0000000    
 Mean wall ion potential vbar 2.30927198008637168E-9
 Melt charge 0.
 Wall charge -0.13432659397678554
 Total charge -0.13432659397678554
 Umetal  -0.
 
 **** Wall charge annealing completed ****
 
 Coulomb energy -62.18600714418794
 Dispersion energy  0.
 vqeng  -0.
 Short range energy  -10.912198196732477
 Velocity convergence  3
 
 Step 2*47
 Done  36  rattle iterations -1st part
 Only the two first species are considered electrode species
 which corresponds to  7642  atoms
 Wall charge converged in 14  steps
  Mean potential wall species  5  0.94115586E-09
  Total charge wall species  5   14.129661    
  Mean potential wall species  6 -0.29463047E-08
  Total charge wall species  6  -14.263647    
  Mean potential wall species  7   0.0000000    
  Total charge wall species  7   0.0000000    
 Mean wall ion potential vbar -9.52707481858908571E-10
 Melt charge 0.
 Wall charge -0.13398584922867574
 Total charge -0.13398584922867574
 Umetal  -0.
 
 **** Wall charge annealing completed ****
 
 Coulomb energy -62.190609143812658
 Dispersion energy  0.
 vqeng  -0.
 Short range energy  -10.910394765497674
 Velocity convergence  3
 
 Step 2*48
 Done  36  rattle iterations -1st part
 Only the two first species are considered electrode species
 which corresponds to  7642  atoms
 Wall charge converged in 13  steps
  Mean potential wall species  5  0.47488432E-08
  Total charge wall species  5   14.131600    
  Mean potential wall species  6 -0.66934893E-08
  Total charge wall species  6  -14.265239    
  Mean potential wall species  7   0.0000000    
  Total charge wall species  7   0.0000000    
 Mean wall ion potential vbar -9.2396078069555244E-10
 Melt charge 0.
 Wall charge -0.13363942450254668
 Total charge -0.13363942450254668
 Umetal  -0.
 
 **** Wall charge annealing completed ****
 
 Coulomb energy -62.195298833786012
 Dispersion energy  0.
 vqeng  -0.
 Short range energy  -10.907014915717349
 Velocity convergence  3
 
 Step 2*49
 Done  36  rattle iterations -1st part
 Only the two first species are considered electrode species
 which corresponds to  7642  atoms
 Wall charge converged in 14  steps
  Mean potential wall species  5  0.69533007E-08
  Total charge wall species  5   14.133548    
  Mean potential wall species  6 -0.64090494E-08
  Total charge wall species  6  -14.266839    
  Mean potential wall species  7   0.0000000    
  Total charge wall species  7   0.0000000    
 Mean wall ion potential vbar 2.58590430719958707E-10
 Melt charge 0.
 Wall charge -0.1332911492009386
 Total charge -0.1332911492009386
 Umetal  -0.
 
 **** Wall charge annealing completed ****
 
 Coulomb energy -62.200061085007491
 Dispersion energy  0.
 vqeng  -0.
 Short range energy  -10.902152684008456
 Velocity convergence  3
 
 Step 2*50
 Done  36  rattle iterations -1st part
 Only the two first species are considered electrode species
 which corresponds to  7642  atoms
 Wall charge converged in 13  steps
  Mean potential wall species  5 -0.42111928E-10
  Total charge wall species  5   14.135503    
  Mean potential wall species  6 -0.27178516E-09
  Total charge wall species  6  -14.268443    
  Mean potential wall species  7   0.0000000    
  Total charge wall species  7   0.0000000    
 Mean wall ion potential vbar -1.49142098553198823E-10
 Melt charge 0.
 Wall charge -0.13293998203269763
 Total charge -0.13293998203269763
 Umetal  -0.
 
 **** Wall charge annealing completed ****
 
 Coulomb energy -62.204882708555182
 Dispersion energy  0.
 vqeng  -0.
 Short range energy  -10.895944503423355
 Velocity convergence  3
 
 Step 2*51
 Done  36  rattle iterations -1st part
 Only the two first species are considered electrode species
 which corresponds to  7642  atoms
 Wall charge converged in 16  steps
  Mean potential wall species  5 -0.58680292E-08
  Total charge wall species  5   14.137467    
  Mean potential wall species  6  0.36601447E-08
  Total charge wall species  6  -14.270053    
  Mean potential wall species  7   0.0000000    
  Total charge wall species  7   0.0000000    
 Mean wall ion potential vbar -1.04903341217087941E-9
 Melt charge 0.
 Wall charge -0.13258620728633536
 Total charge -0.13258620728633536
 Umetal  -0.
 
 **** Wall charge annealing completed ****
 
 Coulomb energy -62.209767374939901
 Dispersion energy  0.
 vqeng  -0.
 Short range energy  -10.888525594650618
 Velocity convergence  3
 
 Step 2*52
 Done  36  rattle iterations -1st part
 Only the two first species are considered electrode species
 which corresponds to  7642  atoms
 Wall charge converged in 15  steps
  Mean potential wall species  5  0.13618887E-08
  Total charge wall species  5   14.139438    
  Mean potential wall species  6 -0.48454086E-08
  Total charge wall species  6  -14.271667    
  Mean potential wall species  7   0.0000000    
  Total charge wall species  7   0.0000000    
 Mean wall ion potential vbar -1.65512678597706253E-9
 Melt charge 0.
 Wall charge -0.13222931625748846
 Total charge -0.13222931625748846
 Umetal  -0.
 
 **** Wall charge annealing completed ****
 
 Coulomb energy -62.214689780992785
 Dispersion energy  0.
 vqeng  -0.
 Short range energy  -10.879993726895483
 Velocity convergence  3
 
 Step 2*53
 Done  36  rattle iterations -1st part
 Only the two first species are considered electrode species
 which corresponds to  7642  atoms
 Wall charge converged in 14  steps
  Mean potential wall species  5  0.13620398E-08
  Total charge wall species  5   14.141409    
  Mean potential wall species  6 -0.33843850E-08
  Total charge wall species  6  -14.273280    
  Mean potential wall species  7   0.0000000    
  Total charge wall species  7   0.0000000    
 Mean wall ion potential vbar -9.60878026569773618E-10
 Melt charge 0.
 Wall charge -0.1318703148860377
 Total charge -0.1318703148860377
 Umetal  -0.
 
 **** Wall charge annealing completed ****
 
 Coulomb energy -62.219642703421641
 Dispersion energy  0.
 vqeng  -0.
 Short range energy  -10.870497483129917
 Velocity convergence  3
 
 Step 2*54
 Done  36  rattle iterations -1st part
 Only the two first species are considered electrode species
 which corresponds to  7642  atoms
 Wall charge converged in 14  steps
  Mean potential wall species  5  0.37099844E-08
  Total charge wall species  5   14.143381    
  Mean potential wall species  6  0.23869069E-08
  Total charge wall species  6  -14.274887    
  Mean potential wall species  7   0.0000000    
  Total charge wall species  7   0.0000000    
 Mean wall ion potential vbar 2.89681940987830104E-9
 Melt charge 0.
 Wall charge -0.13150621659117234
 Total charge -0.13150621659117234
 Umetal  -0.
 
 **** Wall charge annealing completed ****
 
 Coulomb energy -62.224607690818601
 Dispersion energy  0.
 vqeng  -0.
 Short range energy  -10.860153909149453
 Velocity convergence  3
 
 Step 2*55
 Done  36  rattle iterations -1st part
 Only the two first species are considered electrode species
 which corresponds to  7642  atoms
 Wall charge converged in 14  steps
  Mean potential wall species  5 -0.48419439E-08
  Total charge wall species  5   14.145348    
  Mean potential wall species  6  0.21089495E-08
  Total charge wall species  6  -14.276492    
  Mean potential wall species  7   0.0000000    
  Total charge wall species  7   0.0000000    
 Mean wall ion potential vbar -1.29852919449472013E-9
 Melt charge 0.
 Wall charge -0.13114350317615825
 Total charge -0.13114350317615825
 Umetal  -0.
 
 **** Wall charge annealing completed ****
 
 Coulomb energy -62.229574467193643
 Dispersion energy  0.
 vqeng  -0.
 Short range energy  -10.849083945952696
 Velocity convergence  3
 
 Step 2*56
 Done  36  rattle iterations -1st part
 Only the two first species are considered electrode species
 which corresponds to  7642  atoms
 Wall charge converged in 13  steps
  Mean potential wall species  5  0.23722354E-07
  Total charge wall species  5   14.147315    
  Mean potential wall species  6 -0.24244407E-07
  Total charge wall species  6  -14.278090    
  Mean potential wall species  7   0.0000000    
  Total charge wall species  7   0.0000000    
 Mean wall ion potential vbar -2.4804328703067149E-10
 Melt charge 0.
 Wall charge -0.13077555146183995
 Total charge -0.13077555146183995
 Umetal  -0.
 
 **** Wall charge annealing completed ****
 
 Coulomb energy -62.234561074448195
 Dispersion energy  0.
 vqeng  -0.
 Short range energy  -10.837374559902127
 Velocity convergence  3
 
 Step 2*57
 Done  36  rattle iterations -1st part
 Only the two first species are considered electrode species
 which corresponds to  7642  atoms
 Wall charge converged in 17  steps
  Mean potential wall species  5 -0.55659204E-07
  Total charge wall species  5   14.149271    
  Mean potential wall species  6 -0.46420991E-07
  Total charge wall species  6  -14.279677    
  Mean potential wall species  7   0.0000000    
  Total charge wall species  7   0.0000000    
 Mean wall ion potential vbar -4.85014210279998095E-8
 Melt charge 0.
 Wall charge -0.13040592395751338
 Total charge -0.13040592395751338
 Umetal  -0.
 
 **** Wall charge annealing completed ****
 
 Coulomb energy -62.239521909756888
 Dispersion energy  0.
 vqeng  -0.
 Short range energy  -10.825153323057576
 Velocity convergence  3
 
 Step 2*58
 Done  36  rattle iterations -1st part
 Only the two first species are considered electrode species
 which corresponds to  7642  atoms
 Wall charge converged in 16  steps
  Mean potential wall species  5  0.51824095E-08
  Total charge wall species  5   14.151221    
  Mean potential wall species  6  0.32655937E-08
  Total charge wall species  6  -14.281255    
  Mean potential wall species  7   0.0000000    
  Total charge wall species  7   0.0000000    
 Mean wall ion potential vbar 4.01390450965770149E-9
 Melt charge 0.
 Wall charge -0.1300338772506705
 Total charge -0.1300338772506705
 Umetal  -0.
 
 **** Wall charge annealing completed ****
 
 Coulomb energy -62.244458834258168
 Dispersion energy  0.
 vqeng  -0.
 Short range energy  -10.812526211178369
 Velocity convergence  3
 
 Step 2*59
 Done  36  rattle iterations -1st part
 Only the two first species are considered electrode species
 which corresponds to  7642  atoms
 Wall charge converged in 14  steps
  Mean potential wall species  5  0.38715023E-08
  Total charge wall species  5   14.153159    
  Mean potential wall species  6 -0.34683314E-08
  Total charge wall species  6  -14.282819    
  Mean potential wall species  7   0.0000000    
  Total charge wall species  7   0.0000000    
 Mean wall ion potential vbar 1.91558847338697162E-10
 Melt charge 0.
 Wall charge -0.12966002713252445
 Total charge -0.12966002713252445
 Umetal  -0.
 
 **** Wall charge annealing completed ****
 
 Coulomb energy -62.24936240991272
 Dispersion energy  0.
 vqeng  -0.
 Short range energy  -10.799605760976856
 Velocity convergence  3
 
 Step 2*60
 Done  36  rattle iterations -1st part
 Only the two first species are considered electrode species
 which corresponds to  7642  atoms
 Wall charge converged in 15  steps
  Mean potential wall species  5 -0.35800889E-08
  Total charge wall species  5   14.155081    
  Mean potential wall species  6  0.52013403E-08
  Total charge wall species  6  -14.284365    
  Mean potential wall species  7   0.0000000    
  Total charge wall species  7   0.0000000    
 Mean wall ion potential vbar 7.70306076902687866E-10
 Melt charge 0.
 Wall charge -0.12928388769078614
 Total charge -0.12928388769078614
 Umetal  -0.
 
 **** Wall charge annealing completed ****
 
 Coulomb energy -62.254225983831006
 Dispersion energy  0.
 vqeng  -0.
 Short range energy  -10.786465529331979
 Velocity convergence  3
 
 Step 2*61
 Done  36  rattle iterations -1st part
 Only the two first species are considered electrode species
 which corresponds to  7642  atoms
 Wall charge converged in 15  steps
  Mean potential wall species  5  0.68910261E-08
  Total charge wall species  5   14.156990    
  Mean potential wall species  6 -0.99676467E-09
  Total charge wall species  6  -14.285895    
  Mean potential wall species  7   0.0000000    
  Total charge wall species  7   0.0000000    
 Mean wall ion potential vbar 2.80054376787453292E-9
 Melt charge 0.
 Wall charge -0.12890481134888943
 Total charge -0.12890481134888943
 Umetal  -0.
 
 **** Wall charge annealing completed ****
 
 Coulomb energy -62.259043006012647
 Dispersion energy  0.
 vqeng  -0.
 Short range energy  -10.773203438164145
 Velocity convergence  3
 
 Step 2*62
 Done  36  rattle iterations -1st part
 Only the two first species are considered electrode species
 which corresponds to  7642  atoms
 Wall charge converged in 14  steps
  Mean potential wall species  5  0.70903160E-10
  Total charge wall species  5   14.158877    
  Mean potential wall species  6 -0.28018597E-08
  Total charge wall species  6  -14.287403    
  Mean potential wall species  7   0.0000000    
  Total charge wall species  7   0.0000000    
 Mean wall ion potential vbar -1.29756091987404932E-9
 Melt charge 0.
 Wall charge -0.1285261441980107
 Total charge -0.1285261441980107
 Umetal  -0.
 
 **** Wall charge annealing completed ****
 
 Coulomb energy -62.263792005911952
 Dispersion energy  0.
 vqeng  -0.
 Short range energy  -10.759889513570055
 Velocity convergence  3
 
 Step 2*63
 Done  36  rattle iterations -1st part
 Only the two first species are considered electrode species
 which corresponds to  7642  atoms
 Wall charge converged in 13  steps
  Mean potential wall species  5 -0.27399436E-07
  Total charge wall species  5   14.160745    
  Mean potential wall species  6  0.30394638E-07
  Total charge wall species  6  -14.288889    
  Mean potential wall species  7   0.0000000    
  Total charge wall species  7   0.0000000    
 Mean wall ion potential vbar 1.42311208829346298E-9
 Melt charge 0.
 Wall charge -0.1281438912698345
 Total charge -0.1281438912698345
 Umetal  -0.
 
 **** Wall charge annealing completed ****
 
 Coulomb energy -62.268480314149897
 Dispersion energy  0.
 vqeng  -0.
 Short range energy  -10.746563153097215
 Velocity convergence  3
 
 Step 2*64
 Done  36  rattle iterations -1st part
 Only the two first species are considered electrode species
 which corresponds to  7642  atoms
 Wall charge converged in 15  steps
  Mean potential wall species  5  0.28998129E-08
  Total charge wall species  5   14.162591    
  Mean potential wall species  6  0.34262826E-10
  Total charge wall species  6  -14.290350    
  Mean potential wall species  7   0.0000000    
  Total charge wall species  7   0.0000000    
 Mean wall ion potential vbar 1.39406906999045466E-9
 Melt charge 0.
 Wall charge -0.12775947362371728
 Total charge -0.12775947362371728
 Umetal  -0.
 
 **** Wall charge annealing completed ****
 
 Coulomb energy -62.273103358205802
 Dispersion energy  0.
 vqeng  -0.
 Short range energy  -10.733301392081215
 Velocity convergence  3
 
 Step 2*65
 Done  36  rattle iterations -1st part
 Only the two first species are considered electrode species
 which corresponds to  7642  atoms
 Wall charge converged in 14  steps
  Mean potential wall species  5  0.11921076E-08
  Total charge wall species  5   14.164409    
  Mean potential wall species  6 -0.48112674E-08
  Total charge wall species  6  -14.291785    
  Mean potential wall species  7   0.0000000    
  Total charge wall species  7   0.0000000    
 Mean wall ion potential vbar -1.71957346142123339E-9
 Melt charge 0.
 Wall charge -0.12737584536604343
 Total charge -0.12737584536604343
 Umetal  -0.
 
 **** Wall charge annealing completed ****
 
 Coulomb energy -62.277638265313939
 Dispersion energy  0.
 vqeng  -0.
 Short range energy  -10.720169834283285
 Velocity convergence  3
 
 Step 2*66
 Done  36  rattle iterations -1st part
 Only the two first species are considered electrode species
 which corresponds to  7642  atoms
 Wall charge converged in 16  steps
  Mean potential wall species  5 -0.80248260E-09
  Total charge wall species  5   14.166200    
  Mean potential wall species  6  0.65481668E-08
  Total charge wall species  6  -14.293188    
  Mean potential wall species  7   0.0000000    
  Total charge wall species  7   0.0000000    
 Mean wall ion potential vbar 2.72995015432225374E-9
 Melt charge 0.
 Wall charge -0.12698716065236731
 Total charge -0.12698716065236731
 Umetal  -0.
 
 **** Wall charge annealing completed ****
 
 Coulomb energy -62.282098236246476
 Dispersion energy  0.
 vqeng  -0.
 Short range energy  -10.707213356405049
 Velocity convergence  3
 
 Step 2*67
 Done  35  rattle iterations -1st part
 Only the two first species are considered electrode species
 which corresponds to  7642  atoms
 Wall charge converged in 15  steps
  Mean potential wall species  5  0.10054783E-07
  Total charge wall species  5   14.167964    
  Mean potential wall species  6 -0.87400688E-08
  Total charge wall species  6  -14.294564    
  Mean potential wall species  7   0.0000000    
  Total charge wall species  7   0.0000000    
 Mean wall ion potential vbar 6.24660806759148631E-10
 Melt charge 0.
 Wall charge -0.12659986433330839
 Total charge -0.12659986433330839
 Umetal  -0.
 
 **** Wall charge annealing completed ****
 
 Coulomb energy -62.28647270375923
 Dispersion energy  0.
 vqeng  -0.
 Short range energy  -10.694459626396934
 Velocity convergence  3
 
 Step 2*68
 Done  35  rattle iterations -1st part
 Only the two first species are considered electrode species
 which corresponds to  7642  atoms
 Wall charge converged in 14  steps
  Mean potential wall species  5  0.47041112E-10
  Total charge wall species  5   14.169692    
  Mean potential wall species  6 -0.11822426E-08
  Total charge wall species  6  -14.295903    
  Mean potential wall species  7   0.0000000    
  Total charge wall species  7   0.0000000    
 Mean wall ion potential vbar -5.39368947358397727E-10
 Melt charge 0.
 Wall charge -0.12621113880728632
 Total charge -0.12621113880728632
 Umetal  -0.
 
 **** Wall charge annealing completed ****
 
 Coulomb energy -62.29076220586235
 Dispersion energy  0.
 vqeng  -0.
 Short range energy  -10.681938771752922
 Velocity convergence  3
 
 Step 2*69
 Done  35  rattle iterations -1st part
 Only the two first species are considered electrode species
 which corresponds to  7642  atoms
 Wall charge converged in 13  steps
  Mean potential wall species  5 -0.51686289E-08
  Total charge wall species  5   14.171387    
  Mean potential wall species  6  0.75749387E-08
  Total charge wall species  6  -14.297207    
  Mean potential wall species  7   0.0000000    
  Total charge wall species  7   0.0000000    
 Mean wall ion potential vbar 1.14331132067235985E-9
 Melt charge 0.
 Wall charge -0.12581991666161702
 Total charge -0.12581991666161702
 Umetal  -0.
 
 **** Wall charge annealing completed ****
 
 Coulomb energy -62.294952854564116
 Dispersion energy  0.
 vqeng  -0.
 Short range energy  -10.669698053376115
 Velocity convergence  3
 
 Step 2*70
 Done  35  rattle iterations -1st part
 Only the two first species are considered electrode species
 which corresponds to  7642  atoms
 Wall charge converged in 14  steps
  Mean potential wall species  5  0.46433891E-08
  Total charge wall species  5   14.173047    
  Mean potential wall species  6 -0.34687917E-08
  Total charge wall species  6  -14.298475    
  Mean potential wall species  7   0.0000000    
  Total charge wall species  7   0.0000000    
 Mean wall ion potential vbar 5.58087152258564762E-10
 Melt charge 0.
 Wall charge -0.12542797860359756
 Total charge -0.12542797860359756
 Umetal  -0.
 
 **** Wall charge annealing completed ****
 
 Coulomb energy -62.299052055324509
 Dispersion energy  0.
 vqeng  -0.
 Short range energy  -10.657739664787446
 Velocity convergence  3
 
 Step 2*71
 Done  35  rattle iterations -1st part
 Only the two first species are considered electrode species
 which corresponds to  7642  atoms
 Wall charge converged in 13  steps
  Mean potential wall species  5  0.11860741E-07
  Total charge wall species  5   14.174668    
  Mean potential wall species  6 -0.16227473E-08
  Total charge wall species  6  -14.299703    
  Mean potential wall species  7   0.0000000    
  Total charge wall species  7   0.0000000    
 Mean wall ion potential vbar 4.86438366899542401E-9
 Melt charge 0.
 Wall charge -0.12503461445867342
 Total charge -0.12503461445867342
 Umetal  -0.
 
 **** Wall charge annealing completed ****
 
 Coulomb energy -62.303035753965368
 Dispersion energy  0.
 vqeng  -0.
 Short range energy  -10.646098410896204
 Velocity convergence  3
 
 Step 2*72
 Done  35  rattle iterations -1st part
 Only the two first species are considered electrode species
 which corresponds to  7642  atoms
 Wall charge converged in 16  steps
  Mean potential wall species  5 -0.26825072E-08
  Total charge wall species  5   14.176246    
  Mean potential wall species  6  0.53498360E-08
  Total charge wall species  6  -14.300888    
  Mean potential wall species  7   0.0000000    
  Total charge wall species  7   0.0000000    
 Mean wall ion potential vbar 1.26732942043903904E-9
 Melt charge 0.
 Wall charge -0.12464189589050728
 Total charge -0.12464189589050728
 Umetal  -0.
 
 **** Wall charge annealing completed ****
 
 Coulomb energy -62.306909688225872
 Dispersion energy  0.
 vqeng  -0.
 Short range energy  -10.634785279393537
 Velocity convergence  3
 
 Step 2*73
 Done  35  rattle iterations -1st part
 Only the two first species are considered electrode species
 which corresponds to  7642  atoms
 Wall charge converged in 15  steps
  Mean potential wall species  5  0.39833109E-09
  Total charge wall species  5   14.177786    
  Mean potential wall species  6 -0.11401052E-08
  Total charge wall species  6  -14.302033    
  Mean potential wall species  7   0.0000000    
  Total charge wall species  7   0.0000000    
 Mean wall ion potential vbar -3.5243956221520977E-10
 Melt charge 0.
 Wall charge -0.12424747500832359
 Total charge -0.12424747500832359
 Umetal  -0.
 
 **** Wall charge annealing completed ****
 
 Coulomb energy -62.310692149568673
 Dispersion energy  0.
 vqeng  -0.
 Short range energy  -10.623826306843265
 Velocity convergence  3
 
 Step 2*74
 Done  35  rattle iterations -1st part
 Only the two first species are considered electrode species
 which corresponds to  7642  atoms
 Wall charge converged in 14  steps
  Mean potential wall species  5 -0.26056254E-08
  Total charge wall species  5   14.179280    
  Mean potential wall species  6  0.64913962E-09
  Total charge wall species  6  -14.303132    
  Mean potential wall species  7   0.0000000    
  Total charge wall species  7   0.0000000    
 Mean wall ion potential vbar -9.29586214468006425E-10
 Melt charge 0.
 Wall charge -0.12385259644372801
 Total charge -0.12385259644372801
 Umetal  -0.
 
 **** Wall charge annealing completed ****
 
 Coulomb energy -62.314355983540338
 Dispersion energy  0.
 vqeng  -0.
 Short range energy  -10.613211052876107
 Velocity convergence  3
 
 Step 2*75
 Done  35  rattle iterations -1st part
 Only the two first species are considered electrode species
 which corresponds to  7642  atoms
 Wall charge converged in 15  steps
  Mean potential wall species  5  0.72833192E-09
  Total charge wall species  5   14.180729    
  Mean potential wall species  6 -0.30578823E-08
  Total charge wall species  6  -14.304186    
  Mean potential wall species  7   0.0000000    
  Total charge wall species  7   0.0000000    
 Mean wall ion potential vbar -1.10684059901469085E-9
 Melt charge 0.
 Wall charge -0.12345703817766152
 Total charge -0.12345703817766152
 Umetal  -0.
 
 **** Wall charge annealing completed ****
 
 Coulomb energy -62.317912251355494
 Dispersion energy  0.
 vqeng  -0.
 Short range energy  -10.602947596087667
 Velocity convergence  3
 
 Step 2*76
 Done  35  rattle iterations -1st part
 Only the two first species are considered electrode species
 which corresponds to  7642  atoms
 Wall charge converged in 15  steps
  Mean potential wall species  5  0.79087014E-08
  Total charge wall species  5   14.182132    
  Mean potential wall species  6 -0.21007943E-08
  Total charge wall species  6  -14.305191    
  Mean potential wall species  7   0.0000000    
  Total charge wall species  7   0.0000000    
 Mean wall ion potential vbar 2.75951419684981686E-9
 Melt charge 0.
 Wall charge -0.12305919030157753
 Total charge -0.12305919030157753
 Umetal  -0.
 
 **** Wall charge annealing completed ****
 
 Coulomb energy -62.321349794535791
 Dispersion energy  0.
 vqeng  -0.
 Short range energy  -10.593046303311636
 Velocity convergence  3
 
 Step 2*77
 Done  35  rattle iterations -1st part
 Only the two first species are considered electrode species
 which corresponds to  7642  atoms
 Wall charge converged in 14  steps
  Mean potential wall species  5 -0.36642026E-09
  Total charge wall species  5   14.183481    
  Mean potential wall species  6 -0.75519544E-09
  Total charge wall species  6  -14.306146    
  Mean potential wall species  7   0.0000000    
  Total charge wall species  7   0.0000000    
 Mean wall ion potential vbar -5.32913902041356719E-10
 Melt charge 0.
 Wall charge -0.12266444749066813
 Total charge -0.12266444749066813
 Umetal  -0.
 
 **** Wall charge annealing completed ****
 
 Coulomb energy -62.324677879416924
 Dispersion energy  0.
 vqeng  -0.
 Short range energy  -10.583508441227638
 Velocity convergence  3
 
 Step 2*78
 Done  35  rattle iterations -1st part
 Only the two first species are considered electrode species
 which corresponds to  7642  atoms
 Wall charge converged in 14  steps
  Mean potential wall species  5  0.78866070E-09
  Total charge wall species  5   14.184782    
  Mean potential wall species  6 -0.53951574E-09
  Total charge wall species  6  -14.307050    
  Mean potential wall species  7   0.0000000    
  Total charge wall species  7   0.0000000    
 Mean wall ion potential vbar 1.1837638664533018E-10
 Melt charge 0.
 Wall charge -0.12226823056153008
 Total charge -0.12226823056153008
 Umetal  -0.
 
 **** Wall charge annealing completed ****
 
 Coulomb energy -62.327896794483209
 Dispersion energy  0.
 vqeng  -0.
 Short range energy  -10.574350668083058
 Velocity convergence  3
 
 Step 2*79
 Done  35  rattle iterations -1st part
 Only the two first species are considered electrode species
 which corresponds to  7642  atoms
 Wall charge converged in 14  steps
  Mean potential wall species  5  0.47639528E-08
  Total charge wall species  5   14.186030    
  Mean potential wall species  6 -0.38546444E-08
  Total charge wall species  6  -14.307902    
  Mean potential wall species  7   0.0000000    
  Total charge wall species  7   0.0000000    
 Mean wall ion potential vbar 4.32040195470814846E-10
 Melt charge 0.
 Wall charge -0.12187204341724231
 Total charge -0.12187204341724231
 Umetal  -0.
 
 **** Wall charge annealing completed ****
 
 Coulomb energy -62.330999779921243
 Dispersion energy  0.
 vqeng  -0.
 Short range energy  -10.565537145161976
 Velocity convergence  3
 
 Step 2*80
 Done  35  rattle iterations -1st part
 Only the two first species are considered electrode species
 which corresponds to  7642  atoms
 Wall charge converged in 13  steps
  Mean potential wall species  5 -0.79789941E-08
  Total charge wall species  5   14.187221    
  Mean potential wall species  6  0.48724991E-08
  Total charge wall species  6  -14.308699    
  Mean potential wall species  7   0.0000000    
  Total charge wall species  7   0.0000000    
 Mean wall ion potential vbar -1.47599069428273378E-9
 Melt charge 0.
 Wall charge -0.12147752158139641
 Total charge -0.12147752158139641
 Umetal  -0.
 
 **** Wall charge annealing completed ****
 
 Coulomb energy -62.333984429051768
 Dispersion energy  0.
 vqeng  -0.
 Short range energy  -10.557095029447037
 Velocity convergence  3
 
 Step 2*81
 Done  35  rattle iterations -1st part
 Only the two first species are considered electrode species
 which corresponds to  7642  atoms
 Wall charge converged in 14  steps
  Mean potential wall species  5 -0.79857653E-08
  Total charge wall species  5   14.188358    
  Mean potential wall species  6  0.86003854E-08
  Total charge wall species  6  -14.309439    
  Mean potential wall species  7   0.0000000    
  Total charge wall species  7   0.0000000    
 Mean wall ion potential vbar 2.920247825910686E-10
 Melt charge 0.
 Wall charge -0.12108135436449546
 Total charge -0.12108135436449546
 Umetal  -0.
 
 **** Wall charge annealing completed ****
 
 Coulomb energy -62.336857691349444
 Dispersion energy  0.
 vqeng  -0.
 Short range energy  -10.549009779163345
 Velocity convergence  3
 
 Step 2*82
 Done  36  rattle iterations -1st part
 Only the two first species are considered electrode species
 which corresponds to  7642  atoms
 Wall charge converged in 14  steps
  Mean potential wall species  5  0.42759213E-08
  Total charge wall species  5   14.189440    
  Mean potential wall species  6  0.69730996E-08
  Total charge wall species  6  -14.310128    
  Mean potential wall species  7   0.0000000    
  Total charge wall species  7   0.0000000    
 Mean wall ion potential vbar 5.34475368006988645E-9
 Melt charge 0.
 Wall charge -0.12068758558808096
 Total charge -0.12068758558808096
 Umetal  -0.
 
 **** Wall charge annealing completed ****
 
 Coulomb energy -62.339625562293662
 Dispersion energy  0.
 vqeng  -0.
 Short range energy  -10.541291354575813
 Velocity convergence  3
 
 Step 2*83
 Done  36  rattle iterations -1st part
 Only the two first species are considered electrode species
 which corresponds to  7642  atoms
 Wall charge converged in 14  steps
  Mean potential wall species  5 -0.42412623E-08
  Total charge wall species  5   14.190461    
  Mean potential wall species  6  0.69713839E-09
  Total charge wall species  6  -14.310756    
  Mean potential wall species  7   0.0000000    
  Total charge wall species  7   0.0000000    
 Mean wall ion potential vbar -1.68392160748312147E-9
 Melt charge 0.
 Wall charge -0.12029454893387395
 Total charge -0.12029454893387395
 Umetal  -0.
 
 **** Wall charge annealing completed ****
 
 Coulomb energy -62.342286825484322
 Dispersion energy  0.
 vqeng  -0.
 Short range energy  -10.533917489782317
 Velocity convergence  3
 
 Step 2*84
 Done  36  rattle iterations -1st part
 Only the two first species are considered electrode species
 which corresponds to  7642  atoms
 Wall charge converged in 13  steps
  Mean potential wall species  5  0.47226930E-08
  Total charge wall species  5   14.191424    
  Mean potential wall species  6 -0.37143443E-08
  Total charge wall species  6  -14.311326    
  Mean potential wall species  7   0.0000000    
  Total charge wall species  7   0.0000000    
 Mean wall ion potential vbar 4.79097284969672698E-10
 Melt charge 0.
 Wall charge -0.11990179852963917
 Total charge -0.11990179852963917
 Umetal  -0.
 
 **** Wall charge annealing completed ****
 
 Coulomb energy -62.34482220151375
 Dispersion energy  0.
 vqeng  -0.
 Short range energy  -10.526891508824022
 Velocity convergence  3
 
 Step 2*85
 Done  36  rattle iterations -1st part
 Only the two first species are considered electrode species
 which corresponds to  7642  atoms
 Wall charge converged in 18  steps
  Mean potential wall species  5  0.37519728E-08
  Total charge wall species  5   14.192325    
  Mean potential wall species  6 -0.10676824E-08
  Total charge wall species  6  -14.311835    
  Mean potential wall species  7   0.0000000    
  Total charge wall species  7   0.0000000    
 Mean wall ion potential vbar 1.27538843601091215E-9
 Melt charge 0.
 Wall charge -0.11951023886587903
 Total charge -0.11951023886587903
 Umetal  -0.
 
 **** Wall charge annealing completed ****
 
 Coulomb energy -62.347245646653676
 Dispersion energy  0.
 vqeng  -0.
 Short range energy  -10.520217481951178
 Velocity convergence  3
 
 Step 2*86
 Done  35  rattle iterations -1st part
 Only the two first species are considered electrode species
 which corresponds to  7642  atoms
 Wall charge converged in 16  steps
  Mean potential wall species  5 -0.53374726E-08
  Total charge wall species  5   14.193161    
  Mean potential wall species  6  0.19033881E-08
  Total charge wall species  6  -14.312284    
  Mean potential wall species  7   0.0000000    
  Total charge wall species  7   0.0000000    
 Mean wall ion potential vbar -1.63163849062447903E-9
 Melt charge 0.
 Wall charge -0.11912284344268231
 Total charge -0.11912284344268231
 Umetal  -0.
 
 **** Wall charge annealing completed ****
 
 Coulomb energy -62.349548094017791
 Dispersion energy  0.
 vqeng  -0.
 Short range energy  -10.513923683785727
 Velocity convergence  3
 
 Step 2*87
 Done  35  rattle iterations -1st part
 Only the two first species are considered electrode species
 which corresponds to  7642  atoms
 Wall charge converged in 15  steps
  Mean potential wall species  5 -0.20634565E-09
  Total charge wall species  5   14.193938    
  Mean potential wall species  6 -0.11059182E-08
  Total charge wall species  6  -14.312673    
  Mean potential wall species  7   0.0000000    
  Total charge wall species  7   0.0000000    
 Mean wall ion potential vbar -6.2349668385257371E-10
 Melt charge 0.
 Wall charge -0.11873530794372697
 Total charge -0.11873530794372697
 Umetal  -0.
 
 **** Wall charge annealing completed ****
 
 Coulomb energy -62.351752923955843
 Dispersion energy  0.
 vqeng  -0.
 Short range energy  -10.507971534764115
 Velocity convergence  3
 
 Step 2*88
 Done  35  rattle iterations -1st part
 Only the two first species are considered electrode species
 which corresponds to  7642  atoms
 Wall charge converged in 15  steps
  Mean potential wall species  5 -0.82446352E-08
  Total charge wall species  5   14.194649    
  Mean potential wall species  6 -0.92476348E-08
  Total charge wall species  6  -14.312997    
  Mean potential wall species  7   0.0000000    
  Total charge wall species  7   0.0000000    
 Mean wall ion potential vbar -8.31111212239175613E-9
 Melt charge 0.
 Wall charge -0.11834816349225999
 Total charge -0.11834816349225999
 Umetal  -0.
 
 **** Wall charge annealing completed ****
 
 Coulomb energy -62.353838492724037
 Dispersion energy  0.
 vqeng  -0.
 Short range energy  -10.502360510827677
 Velocity convergence  3
 
 Step 2*89
 Done  35  rattle iterations -1st part
 Only the two first species are considered electrode species
 which corresponds to  7642  atoms
 Wall charge converged in 14  steps
  Mean potential wall species  5 -0.29927611E-08
  Total charge wall species  5   14.195292    
  Mean potential wall species  6 -0.19478859E-09
  Total charge wall species  6  -14.313260    
  Mean potential wall species  7   0.0000000    
  Total charge wall species  7   0.0000000    
 Mean wall ion potential vbar -1.51450227764234388E-9
 Melt charge 0.
 Wall charge -0.11796808289326041
 Total charge -0.11796808289326041
 Umetal  -0.
 
 **** Wall charge annealing completed ****
 
 Coulomb energy -62.35580908927021
 Dispersion energy  0.
 vqeng  -0.
 Short range energy  -10.497118062043176
 Velocity convergence  3
 
 Step 2*90
 Done  35  rattle iterations -1st part
 Only the two first species are considered electrode species
 which corresponds to  7642  atoms
 Wall charge converged in 13  steps
  Mean potential wall species  5  0.20188257E-07
  Total charge wall species  5   14.195872    
  Mean potential wall species  6 -0.13191360E-08
  Total charge wall species  6  -14.313459    
  Mean potential wall species  7   0.0000000    
  Total charge wall species  7   0.0000000    
 Mean wall ion potential vbar 8.96529610400005813E-9
 Melt charge 0.
 Wall charge -0.11758715510419721
 Total charge -0.11758715510419721
 Umetal  -0.
 
 **** Wall charge annealing completed ****
 
 Coulomb energy -62.357655500902652
 Dispersion energy  0.
 vqeng  -0.
 Short range energy  -10.492233269134587
 Velocity convergence  3
 
 Step 2*91
 Done  35  rattle iterations -1st part
 Only the two first species are considered electrode species
 which corresponds to  7642  atoms
 Wall charge converged in 14  steps
  Mean potential wall species  5  0.31104024E-08
  Total charge wall species  5   14.196384    
  Mean potential wall species  6 -0.38848477E-09
  Total charge wall species  6  -14.313593    
  Mean potential wall species  7   0.0000000    
  Total charge wall species  7   0.0000000    
 Mean wall ion potential vbar 1.29326628328374097E-9
 Melt charge 0.
 Wall charge -0.11720857414902022
 Total charge -0.11720857414902022
 Umetal  -0.
 
 **** Wall charge annealing completed ****
 
 Coulomb energy -62.359388943970444
 Dispersion energy  0.
 vqeng  -0.
 Short range energy  -10.487711931078094
 Velocity convergence  3
 
 Step 2*92
 Done  35  rattle iterations -1st part
 Only the two first species are considered electrode species
 which corresponds to  7642  atoms
 Wall charge converged in 14  steps
  Mean potential wall species  5 -0.12641127E-08
  Total charge wall species  5   14.196827    
  Mean potential wall species  6 -0.77390811E-09
  Total charge wall species  6  -14.313661    
  Mean potential wall species  7   0.0000000    
  Total charge wall species  7   0.0000000    
 Mean wall ion potential vbar -9.68325956755038182E-10
 Melt charge 0.
 Wall charge -0.11683414412162965
 Total charge -0.11683414412162965
 Umetal  -0.
 
 **** Wall charge annealing completed ****
 
 Coulomb energy -62.361003021487704
 Dispersion energy  0.
 vqeng  -0.
 Short range energy  -10.483534830390081
 Velocity convergence  3
 
 Step 2*93
 Done  36  rattle iterations -1st part
 Only the two first species are considered electrode species
 which corresponds to  7642  atoms
 Wall charge converged in 15  steps
  Mean potential wall species  5  0.59130408E-08
  Total charge wall species  5   14.197204    
  Mean potential wall species  6 -0.27868146E-08
  Total charge wall species  6  -14.313665    
  Mean potential wall species  7   0.0000000    
  Total charge wall species  7   0.0000000    
 Mean wall ion potential vbar 1.48536563676344557E-9
 Melt charge 0.
 Wall charge -0.11646110655911765
 Total charge -0.11646110655911765
 Umetal  -0.
 
 **** Wall charge annealing completed ****
 
 Coulomb energy -62.362524491538849
 Dispersion energy  0.
 vqeng  -0.
 Short range energy  -10.479723771742101
 Velocity convergence  3
 
 Step 2*94
 Done  36  rattle iterations -1st part
 Only the two first species are considered electrode species
 which corresponds to  7642  atoms
 Wall charge converged in 15  steps
  Mean potential wall species  5 -0.96548892E-10
  Total charge wall species  5   14.197509    
  Mean potential wall species  6 -0.13935299E-08
  Total charge wall species  6  -14.313602    
  Mean potential wall species  7   0.0000000    
  Total charge wall species  7   0.0000000    
 Mean wall ion potential vbar -7.0798198644884626E-10
 Melt charge 0.
 Wall charge -0.11609298922735872
 Total charge -0.11609298922735872
 Umetal  -0.
 
 **** Wall charge annealing completed ****
 
 Coulomb energy -62.363922561577965
 Dispersion energy  0.
 vqeng  -0.
 Short range energy  -10.476257016149283
 Velocity convergence  3
 
 Step 2*95
 Done  36  rattle iterations -1st part
 Only the two first species are considered electrode species
 which corresponds to  7642  atoms
 Wall charge converged in 14  steps
  Mean potential wall species  5 -0.16529444E-08
  Total charge wall species  5   14.197746    
  Mean potential wall species  6  0.32276542E-08
  Total charge wall species  6  -14.313472    
  Mean potential wall species  7   0.0000000    
  Total charge wall species  7   0.0000000    
 Mean wall ion potential vbar 7.48192759682652953E-10
 Melt charge 0.
 Wall charge -0.11572531806990194
 Total charge -0.11572531806990194
 Umetal  -0.
 
 **** Wall charge annealing completed ****
 
 Coulomb energy -62.365208713529313
 Dispersion energy  0.
 vqeng  -0.
 Short range energy  -10.473125484637436
 Velocity convergence  3
 
 Step 2*96
 Done  36  rattle iterations -1st part
 Only the two first species are considered electrode species
 which corresponds to  7642  atoms
 Wall charge converged in 13  steps
  Mean potential wall species  5 -0.48177953E-08
  Total charge wall species  5   14.197912    
  Mean potential wall species  6  0.19345653E-07
  Total charge wall species  6  -14.313275    
  Mean potential wall species  7   0.0000000    
  Total charge wall species  7   0.0000000    
 Mean wall ion potential vbar 6.90262942853909763E-9
 Melt charge 0.
 Wall charge -0.11536274257679371
 Total charge -0.11536274257679371
 Umetal  -0.
 
 **** Wall charge annealing completed ****
 
 Coulomb energy -62.366397104209696
 Dispersion energy  0.
 vqeng  -0.
 Short range energy  -10.470330183857635
 Velocity convergence  3
 
 Step 2*97
 Done  36  rattle iterations -1st part
 Only the two first species are considered electrode species
 which corresponds to  7642  atoms
 Wall charge converged in 14  steps
  Mean potential wall species  5 -0.73272346E-08
  Total charge wall species  5   14.198010    
  Mean potential wall species  6  0.40267098E-08
  Total charge wall species  6  -14.313013    
  Mean potential wall species  7   0.0000000    
  Total charge wall species  7   0.0000000    
 Mean wall ion potential vbar -1.56818021577648838E-9
 Melt charge 0.
 Wall charge -0.11500307963873901
 Total charge -0.11500307963873901
 Umetal  -0.
 
 **** Wall charge annealing completed ****
 
 Coulomb energy -62.367449681749363
 Dispersion energy  0.
 vqeng  -0.
 Short range energy  -10.467836535508621
 Velocity convergence  3
 
 Step 2*98
 Done  36  rattle iterations -1st part
 Only the two first species are considered electrode species
 which corresponds to  7642  atoms
 Wall charge converged in 14  steps
  Mean potential wall species  5 -0.17253920E-08
  Total charge wall species  5   14.198039    
  Mean potential wall species  6  0.20829285E-08
  Total charge wall species  6  -14.312684    
  Mean potential wall species  7   0.0000000    
  Total charge wall species  7   0.0000000    
 Mean wall ion potential vbar 1.69876497702695798E-10
 Melt charge 0.
 Wall charge -0.1146444901075114
 Total charge -0.1146444901075114
 Umetal  -0.
 
 **** Wall charge annealing completed ****
 
 Coulomb energy -62.368400229897738
 Dispersion energy  0.
 vqeng  -0.
 Short range energy  -10.465624772546843
 Velocity convergence  3
 
 Step 2*99
 Done  35  rattle iterations -1st part
 Only the two first species are considered electrode species
 which corresponds to  7642  atoms
 Wall charge converged in 13  steps
  Mean potential wall species  5 -0.46740910E-07
  Total charge wall species  5   14.197997    
  Mean potential wall species  6  0.26397280E-07
  Total charge wall species  6  -14.312286    
  Mean potential wall species  7   0.0000000    
  Total charge wall species  7   0.0000000    
 Mean wall ion potential vbar -9.66588020954424833E-9
 Melt charge 0.
 Wall charge -0.1142892767336641
 Total charge -0.1142892767336641
 Umetal  -0.
 
 **** Wall charge annealing completed ****
 
 Coulomb energy -62.369249842518094
 Dispersion energy  0.
 vqeng  -0.
 Short range energy  -10.463689238412531
 Velocity convergence  3
 
 Step 2*100
 Done  35  rattle iterations -1st part
 Only the two first species are considered electrode species
 which corresponds to  7642  atoms
 Wall charge converged in 14  steps
  Mean potential wall species  5 -0.28951291E-09
  Total charge wall species  5   14.197887    
  Mean potential wall species  6  0.93026219E-09
  Total charge wall species  6  -14.311824    
  Mean potential wall species  7   0.0000000    
  Total charge wall species  7   0.0000000    
 Mean wall ion potential vbar 3.04439565769883736E-10
 Melt charge 0.
 Wall charge -0.11393720607753588
 Total charge -0.11393720607753588
 Umetal  -0.
 
 **** Wall charge annealing completed ****
 
 Coulomb energy -62.369996525507645
 Dispersion energy  0.
 vqeng  -0.
 Short range energy  -10.462004134946307
 Velocity convergence  3
 **** Dumped pot, elefld and density ****
 
 **** Radial distribution function written out ****
 
 Total time taken: 342.84263205528259
 Excluding IO: 342.30606889724731
 Excluding also the initialization step: 306.30384993553162
 Bye Bye
