 -0.14282540361286755
 -0.14451488323208878
 -0.14449384220741884
 -0.14445996248781073
 -0.1444145215806352
 -0.14435426308425614
 -0.1442821630390676
 -0.14419659187479109
 -0.1440979595674754
 -0.14398747075705753
 -0.14386598193224276
 -0.14373044508570393
 -0.14358299735412416
 -0.14342651560866587
 -0.14325511531776902
 -0.14307666985231737
 -0.14288714032831912
 -0.14268845261253843
 -0.14247945155497588
 -0.14225956436690707
 -0.14203430643075576
 -0.14179751096527748
 -0.14155569438203469
 -0.14130519703384492
 -0.14104948103318077
 -0.1407873711641624
 -0.14051782685796171
 -0.14024308934237983
 -0.1399637477318163
 -0.13968291436649727
 -0.13939321437424684
 -0.13910184281555404
 -0.13880651784126924
 -0.13850520953122714
 -0.13820265833445189
 -0.13789706112168088
 -0.13758950581197471
 -0.13727592507310959
 -0.13696087285393077
 -0.13664230632057928
 -0.1363206504483892
 -0.135996667110443
 -0.13566842834136045
 -0.13533715860656215
 -0.13500443163925463
 -0.13466735541874203
 -0.13432659397678554
 -0.13398584922867574
 -0.13363942450254668
 -0.1332911492009386
 -0.13293998203269763
 -0.13258620728633536
 -0.13222931625748846
 -0.1318703148860377
 -0.13150621659117234
 -0.13114350317615825
 -0.13077555146183995
 -0.13040592395751338
 -0.1300338772506705
 -0.12966002713252445
 -0.12928388769078614
 -0.12890481134888943
 -0.1285261441980107
 -0.1281438912698345
 -0.12775947362371728
 -0.12737584536604343
 -0.12698716065236731
 -0.12659986433330839
 -0.12621113880728632
 -0.12581991666161702
 -0.12542797860359756
 -0.12503461445867342
 -0.12464189589050728
 -0.12424747500832359
 -0.12385259644372801
 -0.12345703817766152
 -0.12305919030157753
 -0.12266444749066813
 -0.12226823056153008
 -0.12187204341724231
 -0.12147752158139641
 -0.12108135436449546
 -0.12068758558808096
 -0.12029454893387395
 -0.11990179852963917
 -0.11951023886587903
 -0.11912284344268231
 -0.11873530794372697
 -0.11834816349225999
 -0.11796808289326041
 -0.11758715510419721
 -0.11720857414902022
 -0.11683414412162965
 -0.11646110655911765
 -0.11609298922735872
 -0.11572531806990194
 -0.11536274257679371
 -0.11500307963873901
 -0.1146444901075114
 -0.1142892767336641
 -0.11393720607753588
