# Ion number density
# The last    3 ion types are fixed
# Average over 490834 steps
# z (au)        total        A            Im1          Im2          Im3          N            C            Me           C1           C2           P
0.299713564 0.048972299 0.000000000 0.000000000 0.000000000 0.000000000 0.000000000 0.000000000 0.000000000 0.000000000 0.000000000 0.048972299
0.899140693 0.000000000 0.000000000 0.000000000 0.000000000 0.000000000 0.000000000 0.000000000 0.000000000 0.000000000 0.000000000 0.000000000
1.498567822 0.000000000 0.000000000 0.000000000 0.000000000 0.000000000 0.000000000 0.000000000 0.000000000 0.000000000 0.000000000 0.000000000
2.097994951 0.000000000 0.000000000 0.000000000 0.000000000 0.000000000 0.000000000 0.000000000 0.000000000 0.000000000 0.000000000 0.000000000
2.697422080 0.000000000 0.000000000 0.000000000 0.000000000 0.000000000 0.000000000 0.000000000 0.000000000 0.000000000 0.000000000 0.000000000
3.296849209 0.000000000 0.000000000 0.000000000 0.000000000 0.000000000 0.000000000 0.000000000 0.000000000 0.000000000 0.000000000 0.000000000
3.896276338 0.001958892 0.000000000 0.000000000 0.000000000 0.000000000 0.000000000 0.000000000 0.000000000 0.001958892 0.000000000 0.000000000
4.495703467 0.010284226 0.000000000 0.000000000 0.000000000 0.000000000 0.000000043 0.000000000 0.000000000 0.010284183 0.000000000 0.000000000
5.095130596 0.007839184 0.000000000 0.000000000 0.000000000 0.000000000 0.000002739 0.000000005 0.000000872 0.007835568 0.000000000 0.000000000
5.694557725 0.009649862 0.000000000 0.000000000 0.000000796 0.000000148 0.000041487 0.000014369 0.000043462 0.009549598 0.000000000 0.000000000
6.293984854 0.009373029 0.000000645 0.000000821 0.000003638 0.000010603 0.000155804 0.000170829 0.000215674 0.008815014 0.000000000 0.000000000
6.893411983 0.013104784 0.000051350 0.000016634 0.000006363 0.000113725 0.000138277 0.000123307 0.000167192 0.012487936 0.000000000 0.000000000
7.492839112 0.009437602 0.000161101 0.000040754 0.000007518 0.000174321 0.000126818 0.000213396 0.000143542 0.008570152 0.000000000 0.000000000
8.092266241 0.009382439 0.000036547 0.000048303 0.000008006 0.000076571 0.000102107 0.000149722 0.000146171 0.008815014 0.000000000 0.000000000
8.691693370 0.008356478 0.000011780 0.000064848 0.000012387 0.000029206 0.000072656 0.000042606 0.000042565 0.008080429 0.000000000 0.000000000
9.291120499 0.011457674 0.000024478 0.000039527 0.000029605 0.000016383 0.000048382 0.000022859 0.000012810 0.011263629 0.000000000 0.000000000
9.890547628 0.007564167 0.000052113 0.000009309 0.000072787 0.000014572 0.000040265 0.000019867 0.000009409 0.007345845 0.000000000 0.000000000
10.489974757 0.007387304 0.000100005 0.000005734 0.000101665 0.000012780 0.000039201 0.000018219 0.000008715 0.007100983 0.000000000 0.000000000
11.089401886 0.008420098 0.000155807 0.000010887 0.000086612 0.000014694 0.000045408 0.000019834 0.000006427 0.008080429 0.000000000 0.000000000
11.688829015 0.009280925 0.000231558 0.000043803 0.000064850 0.000023758 0.000063357 0.000031442 0.000007143 0.008815014 0.000000000 0.000000000
12.288256144 0.009907090 0.000238193 0.000097254 0.000057809 0.000074915 0.000078179 0.000041846 0.000014158 0.009304737 0.000000000 0.000000000
12.887683273 0.009716063 0.000153246 0.000097465 0.000060961 0.000182846 0.000076075 0.000055517 0.000030077 0.009059875 0.000000000 0.000000000
13.487110402 0.010761708 0.000054181 0.000069383 0.000077448 0.000125703 0.000048578 0.000050465 0.000051767 0.010284183 0.000000000 0.000000000
14.086537531 0.007588601 0.000048372 0.000101797 0.000101174 0.000110912 0.000027504 0.000045907 0.000051951 0.007100983 0.000000000 0.000000000
14.685964660 0.007802867 0.000061485 0.000134287 0.000116438 0.000220480 0.000019340 0.000064430 0.000085424 0.007100983 0.000000000 0.000000000
15.285391789 0.008642175 0.000056022 0.000178722 0.000173370 0.000276835 0.000065515 0.000149449 0.000151557 0.007590706 0.000000000 0.000000000
15.884818918 0.010289307 0.000059786 0.000203530 0.000209234 0.000184934 0.000108043 0.000118490 0.000100554 0.009304737 0.000000000 0.000000000
16.484246047 0.007880020 0.000086902 0.000159766 0.000204366 0.000134165 0.000071671 0.000041589 0.000080578 0.007100983 0.000000000 0.000000000
17.083673176 0.008296163 0.000112553 0.000297564 0.000258984 0.000135798 0.000034527 0.000040593 0.000070300 0.007345845 0.000000000 0.000000000
17.683100305 0.007584774 0.000109763 0.000351373 0.000243463 0.000154448 0.000032713 0.000041478 0.000040274 0.006611260 0.000000000 0.000000000
18.282527434 0.009493704 0.000087261 0.000365422 0.000255172 0.000132538 0.000044025 0.000019517 0.000019617 0.008570152 0.000000000 0.000000000
18.881954563 0.007035538 0.000277390 0.000274446 0.000361271 0.000167305 0.000034544 0.000015899 0.000028008 0.005876676 0.000000000 0.000000000
19.481381692 0.008249046 0.000162970 0.000131354 0.000324803 0.000170179 0.000053674 0.000017516 0.000042705 0.007345845 0.000000000 0.000000000
20.080808821 0.007341274 0.000352472 0.000092011 0.000181422 0.000171361 0.000100092 0.000021956 0.000055562 0.006366399 0.000000000 0.000000000
20.680235950 0.008363064 0.000424580 0.000112260 0.000137098 0.000156148 0.000081045 0.000036093 0.000069996 0.007345845 0.000000000 0.000000000
21.279663079 0.007258287 0.000432779 0.000215723 0.000163940 0.000125018 0.000046288 0.000080425 0.000072577 0.006121537 0.000000000 0.000000000
21.879090208 0.006176648 0.000327864 0.000355094 0.000229306 0.000115843 0.000036242 0.000153685 0.000061384 0.004897230 0.000000000 0.000000000
22.478517337 0.007417643 0.000326246 0.000354750 0.000257163 0.000124491 0.000049073 0.000138546 0.000045836 0.006121537 0.000000000 0.000000000
23.077944465 0.006790506 0.000346246 0.000227034 0.000270155 0.000121090 0.000081111 0.000085339 0.000027717 0.005631814 0.000000000 0.000000000
23.677371594 0.008325543 0.000205395 0.000123960 0.000251465 0.000165288 0.000120351 0.000044981 0.000068257 0.007345845 0.000000000 0.000000000
24.276798723 0.007358247 0.000103791 0.000087470 0.000227645 0.000287564 0.000134520 0.000050848 0.000100011 0.006366399 0.000000000 0.000000000
24.876225852 0.008177325 0.000048774 0.000143046 0.000201381 0.000192682 0.000110053 0.000078883 0.000056661 0.007345845 0.000000000 0.000000000
25.475652981 0.007806110 0.000037589 0.000171364 0.000186284 0.000096588 0.000094549 0.000089815 0.000028936 0.007100983 0.000000000 0.000000000
26.075080110 0.006347222 0.000064649 0.000142470 0.000168407 0.000110606 0.000083143 0.000102654 0.000043478 0.005631814 0.000000000 0.000000000
26.674507239 0.009919702 0.000122277 0.000122068 0.000159723 0.000213774 0.000049073 0.000097777 0.000095136 0.009059875 0.000000000 0.000000000
27.273934368 0.006360386 0.000172388 0.000148455 0.000155897 0.000272607 0.000043568 0.000053375 0.000127143 0.005386953 0.000000000 0.000000000
27.873361497 0.006235087 0.000227187 0.000231264 0.000176680 0.000275099 0.000040309 0.000037896 0.000104560 0.005142091 0.000000000 0.000000000
28.472788626 0.007053407 0.000271323 0.000284435 0.000178779 0.000308816 0.000029377 0.000037050 0.000066951 0.005876676 0.000000000 0.000000000
29.072215755 0.007262678 0.000270362 0.000272881 0.000184066 0.000309870 0.000025040 0.000034480 0.000044442 0.006121537 0.000000000 0.000000000
29.671642884 0.006682968 0.000220947 0.000228856 0.000179859 0.000300970 0.000037839 0.000035831 0.000046853 0.005631814 0.000000000 0.000000000
30.271070013 0.006128149 0.000184473 0.000183654 0.000179678 0.000239559 0.000053581 0.000060922 0.000084190 0.005142091 0.000000000 0.000000000
30.870497142 0.006546997 0.000113805 0.000171651 0.000220777 0.000184698 0.000059694 0.000077189 0.000087368 0.005631814 0.000000000 0.000000000
31.469924271 0.006939634 0.000109566 0.000247073 0.000297798 0.000225518 0.000055009 0.000074241 0.000053754 0.005876676 0.000000000 0.000000000
32.069351400 0.005927488 0.000194373 0.000277968 0.000343740 0.000338491 0.000045756 0.000040376 0.000034415 0.004652368 0.000000000 0.000000000
32.668778529 0.007190756 0.000307534 0.000210140 0.000314111 0.000402024 0.000034950 0.000018372 0.000026949 0.005876676 0.000000000 0.000000000
33.268205658 0.007429252 0.000418552 0.000207083 0.000256932 0.000352851 0.000031458 0.000018521 0.000022318 0.006121537 0.000000000 0.000000000
33.867632787 0.005952154 0.000461571 0.000234624 0.000189518 0.000307819 0.000038749 0.000028335 0.000039171 0.004652368 0.000000000 0.000000000
34.467059916 0.004510954 0.000375574 0.000274670 0.000146785 0.000329035 0.000067443 0.000048505 0.000085743 0.003183199 0.000000000 0.000000000
35.066487045 0.006203193 0.000285778 0.000322370 0.000155166 0.000321873 0.000096613 0.000065050 0.000059112 0.004897230 0.000000000 0.000000000
35.665914174 0.009287248 0.000224656 0.000334837 0.000201641 0.000251770 0.000100581 0.000064926 0.000028409 0.008080429 0.000000000 0.000000000
36.265341303 0.005038790 0.000177910 0.000350444 0.000256999 0.000178077 0.000089317 0.000052720 0.000015538 0.003917784 0.000000000 0.000000000
36.864768432 0.006276713 0.000138717 0.000395653 0.000317658 0.000140045 0.000063581 0.000065129 0.000013836 0.005142091 0.000000000 0.000000000
37.464195561 0.009222966 0.000130914 0.000402404 0.000320521 0.000142715 0.000045341 0.000079807 0.000020833 0.008080429 0.000000000 0.000000000
38.063622690 0.008163100 0.000128270 0.000300632 0.000329609 0.000161140 0.000037219 0.000077808 0.000027441 0.007100983 0.000000000 0.000000000
38.663049819 0.005958703 0.000220619 0.000196793 0.000377995 0.000148706 0.000027760 0.000055237 0.000034363 0.004897230 0.000000000 0.000000000
39.262476948 0.005473536 0.000215681 0.000143187 0.000412823 0.000174118 0.000027509 0.000039219 0.000053490 0.004407507 0.000000000 0.000000000
39.861904077 0.006204558 0.000160103 0.000138478 0.000385457 0.000239002 0.000027969 0.000028831 0.000082625 0.005142091 0.000000000 0.000000000
40.461331206 0.005547341 0.000205890 0.000201220 0.000305962 0.000277018 0.000031083 0.000028180 0.000090482 0.004407507 0.000000000 0.000000000
41.060758335 0.008413764 0.000365648 0.000267092 0.000247094 0.000285316 0.000042667 0.000034173 0.000070790 0.007100983 0.000000000 0.000000000
41.660185464 0.006276039 0.000445145 0.000291670 0.000190166 0.000304613 0.000052829 0.000040772 0.000053613 0.004897230 0.000000000 0.000000000
42.259612593 0.006393741 0.000366050 0.000313123 0.000136176 0.000266009 0.000068230 0.000043530 0.000058533 0.005142091 0.000000000 0.000000000
42.859039722 0.006801706 0.000299616 0.000340366 0.000083782 0.000232756 0.000090479 0.000060402 0.000062491 0.005631814 0.000000000 0.000000000
43.458466851 0.005210940 0.000287778 0.000257521 0.000066722 0.000174884 0.000118543 0.000085773 0.000057075 0.004162645 0.000000000 0.000000000
44.057893980 0.005915682 0.000384806 0.000137487 0.000083113 0.000125826 0.000149307 0.000094688 0.000043224 0.004897230 0.000000000 0.000000000
44.657321109 0.004994718 0.000236163 0.000066003 0.000111048 0.000109307 0.000169464 0.000099388 0.000040700 0.004162645 0.000000000 0.000000000
45.256748238 0.005713832 0.000176829 0.000053676 0.000128467 0.000128301 0.000157856 0.000112021 0.000059451 0.004897230 0.000000000 0.000000000
45.856175366 0.007841184 0.000133006 0.000066226 0.000150901 0.000233390 0.000159879 0.000136510 0.000105149 0.006856122 0.000000000 0.000000000
46.455602495 0.007077836 0.000107474 0.000073895 0.000189171 0.000338748 0.000166429 0.000167248 0.000158195 0.005876676 0.000000000 0.000000000
47.055029624 0.006319240 0.000073596 0.000100034 0.000162607 0.000255532 0.000168187 0.000222000 0.000195193 0.005142091 0.000000000 0.000000000
47.654456753 0.005226836 0.000056924 0.000110714 0.000114813 0.000203920 0.000161464 0.000218286 0.000198070 0.004162645 0.000000000 0.000000000
48.253883882 0.008841187 0.000054165 0.000113499 0.000112936 0.000177741 0.000155950 0.000188533 0.000202795 0.007835568 0.000000000 0.000000000
48.853311011 0.006686410 0.000051565 0.000171155 0.000107268 0.000149839 0.000162251 0.000187435 0.000225083 0.005631814 0.000000000 0.000000000
49.452738140 0.006566432 0.000030517 0.000210441 0.000100746 0.000142887 0.000200206 0.000213968 0.000280713 0.005386953 0.000000000 0.000000000
50.052165269 0.005466917 0.000028965 0.000190651 0.000137257 0.000136350 0.000219732 0.000252856 0.000338460 0.004162645 0.000000000 0.000000000
50.651592398 0.006788243 0.000052305 0.000144732 0.000171852 0.000137813 0.000225365 0.000337798 0.000331425 0.005386953 0.000000000 0.000000000
51.251019527 0.008733841 0.000106856 0.000129660 0.000155101 0.000150672 0.000263286 0.000316693 0.000265730 0.007345845 0.000000000 0.000000000
51.850446656 0.006374351 0.000349592 0.000143810 0.000123121 0.000170581 0.000278515 0.000196811 0.000214690 0.004897230 0.000000000 0.000000000
52.449873785 0.008440593 0.000107894 0.000153554 0.000095473 0.000181604 0.000215424 0.000169821 0.000170979 0.007345845 0.000000000 0.000000000
53.049300914 0.007352582 0.000120534 0.000145708 0.000087918 0.000163427 0.000183851 0.000149012 0.000135732 0.006366399 0.000000000 0.000000000
53.648728043 0.005614987 0.000156378 0.000134087 0.000098558 0.000154700 0.000151314 0.000136705 0.000130876 0.004652368 0.000000000 0.000000000
54.248155172 0.010541256 0.000192720 0.000122516 0.000111233 0.000152823 0.000142436 0.000134450 0.000135480 0.009549598 0.000000000 0.000000000
54.847582301 0.009837173 0.000225635 0.000120279 0.000120174 0.000168532 0.000145341 0.000128981 0.000113218 0.008815014 0.000000000 0.000000000
55.447009430 0.008885343 0.000242100 0.000146356 0.000120772 0.000200258 0.000127370 0.000125344 0.000087574 0.007835568 0.000000000 0.000000000
56.046436559 0.008609365 0.000203180 0.000171450 0.000122141 0.000174095 0.000110795 0.000134948 0.000102051 0.007590706 0.000000000 0.000000000
56.645863688 0.010022857 0.000194186 0.000143013 0.000129105 0.000146024 0.000083133 0.000132374 0.000135146 0.009059875 0.000000000 0.000000000
57.245290817 0.010218894 0.000187710 0.000117863 0.000146861 0.000136460 0.000063814 0.000108328 0.000153123 0.009304737 0.000000000 0.000000000
57.844717946 0.009525634 0.000197844 0.000139499 0.000165322 0.000147912 0.000057645 0.000099051 0.000148209 0.008570152 0.000000000 0.000000000
58.444145075 0.005929387 0.000196752 0.000181063 0.000197063 0.000136856 0.000074828 0.000083561 0.000162034 0.004897230 0.000000000 0.000000000
59.043572204 0.009919132 0.000196039 0.000214462 0.000241887 0.000101291 0.000115047 0.000070186 0.000165206 0.008815014 0.000000000 0.000000000
59.642999333 0.007753109 0.000214502 0.000190554 0.000265731 0.000111421 0.000149600 0.000068300 0.000141741 0.006611260 0.000000000 0.000000000
60.242426462 0.007298282 0.000183624 0.000205938 0.000271228 0.000166031 0.000128190 0.000101903 0.000119831 0.006121537 0.000000000 0.000000000
60.841853591 0.007125294 0.000192642 0.000197534 0.000304385 0.000191990 0.000108917 0.000162352 0.000090798 0.005876676 0.000000000 0.000000000
61.441280720 0.008360424 0.000196031 0.000180737 0.000333465 0.000168656 0.000119707 0.000186488 0.000074355 0.007100983 0.000000000 0.000000000
62.040707849 0.007745042 0.000137888 0.000153094 0.000314982 0.000141470 0.000157250 0.000148705 0.000080393 0.006611260 0.000000000 0.000000000
62.640134978 0.007196589 0.000090122 0.000150095 0.000259309 0.000147792 0.000201907 0.000122488 0.000103340 0.006121537 0.000000000 0.000000000
63.239562107 0.010154558 0.000071391 0.000190866 0.000230923 0.000155835 0.000190591 0.000136383 0.000118693 0.009059875 0.000000000 0.000000000
63.838989236 0.009406759 0.000104480 0.000234098 0.000210199 0.000133574 0.000155018 0.000150647 0.000093452 0.008325291 0.000000000 0.000000000
64.438416365 0.004987328 0.000161431 0.000232351 0.000175544 0.000140720 0.000131901 0.000140340 0.000087257 0.003917784 0.000000000 0.000000000
65.037843494 0.005922746 0.000184725 0.000205009 0.000134333 0.000149035 0.000130227 0.000127589 0.000094599 0.004897230 0.000000000 0.000000000
65.637270623 0.010540476 0.000153467 0.000219019 0.000103061 0.000160483 0.000153715 0.000102723 0.000098408 0.009549598 0.000000000 0.000000000
66.236697752 0.006450356 0.000163911 0.000275963 0.000088158 0.000131909 0.000188332 0.000093639 0.000121491 0.005386953 0.000000000 0.000000000
66.836124881 0.007263094 0.000183975 0.000254127 0.000085626 0.000124659 0.000203101 0.000138444 0.000151626 0.006121537 0.000000000 0.000000000
67.435552010 0.008701766 0.000168402 0.000171965 0.000087249 0.000132601 0.000184550 0.000200754 0.000165538 0.007590706 0.000000000 0.000000000
68.034979139 0.010637980 0.000157862 0.000131544 0.000095583 0.000176576 0.000162562 0.000223701 0.000140554 0.009549598 0.000000000 0.000000000
68.634406267 0.006955806 0.000172772 0.000115413 0.000110515 0.000210539 0.000146279 0.000193129 0.000130484 0.005876676 0.000000000 0.000000000
69.233833396 0.007484756 0.000186747 0.000095450 0.000128980 0.000175265 0.000128419 0.000168245 0.000235251 0.006366399 0.000000000 0.000000000
69.833260525 0.007643192 0.000301882 0.000100804 0.000139354 0.000168241 0.000117034 0.000150378 0.000299101 0.006366399 0.000000000 0.000000000
70.432687654 0.006605722 0.000251040 0.000124826 0.000157237 0.000194755 0.000108034 0.000155330 0.000227546 0.005386953 0.000000000 0.000000000
71.032114783 0.007997262 0.000164290 0.000107272 0.000155249 0.000252793 0.000118144 0.000184542 0.000158850 0.006856122 0.000000000 0.000000000
71.631541912 0.010725435 0.000191361 0.000099870 0.000134483 0.000328632 0.000185813 0.000106868 0.000128811 0.009549598 0.000000000 0.000000000
72.230969041 0.005135661 0.000213415 0.000107957 0.000119550 0.000315117 0.000197755 0.000130852 0.000133232 0.003917784 0.000000000 0.000000000
72.830396170 0.006531317 0.000207202 0.000113995 0.000113538 0.000254015 0.000153795 0.000167513 0.000134306 0.005386953 0.000000000 0.000000000
73.429823299 0.007663696 0.000170602 0.000120410 0.000099154 0.000211715 0.000149284 0.000173150 0.000128120 0.006611260 0.000000000 0.000000000
74.029250428 0.008174119 0.000157670 0.000135059 0.000093338 0.000207752 0.000165295 0.000169536 0.000144486 0.007100983 0.000000000 0.000000000
74.628677557 0.008082337 0.000175818 0.000185974 0.000109094 0.000191671 0.000194511 0.000191366 0.000177780 0.006856122 0.000000000 0.000000000
75.228104686 0.009558177 0.000169665 0.000193998 0.000134601 0.000152334 0.000225471 0.000163989 0.000192827 0.008325291 0.000000000 0.000000000
75.827531815 0.008787019 0.000213904 0.000176064 0.000143552 0.000100260 0.000238773 0.000126908 0.000196853 0.007590706 0.000000000 0.000000000
76.426958944 0.008209030 0.000167242 0.000181188 0.000174891 0.000053389 0.000213559 0.000166907 0.000150871 0.007100983 0.000000000 0.000000000
77.026386073 0.006187544 0.000094917 0.000166572 0.000194828 0.000031760 0.000212562 0.000227784 0.000117031 0.005142091 0.000000000 0.000000000
77.625813202 0.009053688 0.000098981 0.000128702 0.000178070 0.000250262 0.000180640 0.000264099 0.000117366 0.007835568 0.000000000 0.000000000
78.225240331 0.006419720 0.000152195 0.000106912 0.000165911 0.000115050 0.000119708 0.000227192 0.000145800 0.005386953 0.000000000 0.000000000
78.824667460 0.011247166 0.000211459 0.000097985 0.000148900 0.000102497 0.000080779 0.000143000 0.000178363 0.010284183 0.000000000 0.000000000
79.424094589 0.007041355 0.000258489 0.000093296 0.000127506 0.000131161 0.000054848 0.000075866 0.000178651 0.006121537 0.000000000 0.000000000
80.023521718 0.009277293 0.000266760 0.000369539 0.000139215 0.000148331 0.000055014 0.000048725 0.000169279 0.008080429 0.000000000 0.000000000
80.622948847 0.008352065 0.000229788 0.000209410 0.000173776 0.000145855 0.000066315 0.000038845 0.000142232 0.007345845 0.000000000 0.000000000
81.222375976 0.010299733 0.000208196 0.000198846 0.000193755 0.000144071 0.000090657 0.000042455 0.000117017 0.009304737 0.000000000 0.000000000
81.821803105 0.007836342 0.000179358 0.000225562 0.000175609 0.000122074 0.000114856 0.000058086 0.000104675 0.006856122 0.000000000 0.000000000
82.421230234 0.007306399 0.000142746 0.000206318 0.000157460 0.000103290 0.000140711 0.000085836 0.000103640 0.006366399 0.000000000 0.000000000
83.020657363 0.008266428 0.000116074 0.000174878 0.000134762 0.000124145 0.000144651 0.000127899 0.000098174 0.007345845 0.000000000 0.000000000
83.620084492 0.010043697 0.000096668 0.000162835 0.000134944 0.000168347 0.000133139 0.000171767 0.000116122 0.009059875 0.000000000 0.000000000
84.219511621 0.008576708 0.000081405 0.000161044 0.000282661 0.000221172 0.000134176 0.000217917 0.000132489 0.007345845 0.000000000 0.000000000
84.818938750 0.010536072 0.000078891 0.000153698 0.000247094 0.000216497 0.000169577 0.000225075 0.000140503 0.009304737 0.000000000 0.000000000
85.418365879 0.009024144 0.000126492 0.000117599 0.000154882 0.000207577 0.000238907 0.000194354 0.000148766 0.007835568 0.000000000 0.000000000
86.017793008 0.004525755 0.000172992 0.000094468 0.000173747 0.000247866 0.000286100 0.000197548 0.000169834 0.003183199 0.000000000 0.000000000
86.617220137 0.001465259 0.000202183 0.000076504 0.000166859 0.000261608 0.000329680 0.000230322 0.000198103 0.000000000 0.000000000 0.000000000
87.216647266 0.001543264 0.000225919 0.000070429 0.000170513 0.000243334 0.000361667 0.000252444 0.000218957 0.000000000 0.000000000 0.000000000
87.816074395 0.001621456 0.000256228 0.000106249 0.000185738 0.000279677 0.000350934 0.000228138 0.000214493 0.000000000 0.000000000 0.000000000
88.415501524 0.001888869 0.000276125 0.000210623 0.000218468 0.000312870 0.000351894 0.000274794 0.000244096 0.000000000 0.000000000 0.000000000
89.014928653 0.002173526 0.000325825 0.000315223 0.000250178 0.000319550 0.000326828 0.000390075 0.000245846 0.000000000 0.000000000 0.000000000
89.614355782 0.002389330 0.000438400 0.000321117 0.000269051 0.000354761 0.000349065 0.000403160 0.000253776 0.000000000 0.000000000 0.000000000
90.213782911 0.002775006 0.000564391 0.000285642 0.000336790 0.000406232 0.000440106 0.000401198 0.000340647 0.000000000 0.000000000 0.000000000
90.813210040 0.003491982 0.000757374 0.000325495 0.000421678 0.000536784 0.000481046 0.000465642 0.000503964 0.000000000 0.000000000 0.000000000
91.412637168 0.004192561 0.000928438 0.000442826 0.000471894 0.000747955 0.000380611 0.000569109 0.000651727 0.000000000 0.000000000 0.000000000
92.012064297 0.004102655 0.000865508 0.000555162 0.000500293 0.000839156 0.000258395 0.000468982 0.000615159 0.000000000 0.000000000 0.000000000
92.611491426 0.003412533 0.000694757 0.000633338 0.000485175 0.000686401 0.000178013 0.000297227 0.000437623 0.000000000 0.000000000 0.000000000
93.210918555 0.002624206 0.000488916 0.000607463 0.000435694 0.000472450 0.000126015 0.000193416 0.000300252 0.000000000 0.000000000 0.000000000
93.810345684 0.002130980 0.000332922 0.000573637 0.000398146 0.000335943 0.000102378 0.000153011 0.000234943 0.000000000 0.000000000 0.000000000
94.409772813 0.001958104 0.000277414 0.000544381 0.000391775 0.000310976 0.000107464 0.000126974 0.000199122 0.000000000 0.000000000 0.000000000
95.009199942 0.001952141 0.000270442 0.000559210 0.000396805 0.000350132 0.000113577 0.000107560 0.000154415 0.000000000 0.000000000 0.000000000
95.608627071 0.002068521 0.000301584 0.000597873 0.000409788 0.000416484 0.000131975 0.000093787 0.000117029 0.000000000 0.000000000 0.000000000
96.208054200 0.002242993 0.000366059 0.000642743 0.000456868 0.000422216 0.000145170 0.000100165 0.000109771 0.000000000 0.000000000 0.000000000
96.807481329 0.002487650 0.000462754 0.000680816 0.000529884 0.000422574 0.000154916 0.000110092 0.000126613 0.000000000 0.000000000 0.000000000
97.406908458 0.002711346 0.000560336 0.000629324 0.000590757 0.000439238 0.000199013 0.000128175 0.000164503 0.000000000 0.000000000 0.000000000
98.006335587 0.002913386 0.000596403 0.000551200 0.000660593 0.000497628 0.000233925 0.000153136 0.000220499 0.000000000 0.000000000 0.000000000
98.605762716 0.003047061 0.000580361 0.000514455 0.000710271 0.000508010 0.000268945 0.000194882 0.000270137 0.000000000 0.000000000 0.000000000
99.205189845 0.003072119 0.000572000 0.000487785 0.000731017 0.000476495 0.000284293 0.000260544 0.000259984 0.000000000 0.000000000 0.000000000
99.804616974 0.003041575 0.000601195 0.000456690 0.000724398 0.000424948 0.000269564 0.000325244 0.000239535 0.000000000 0.000000000 0.000000000
100.404044103 0.002959597 0.000609430 0.000410657 0.000731947 0.000382869 0.000253009 0.000357786 0.000213899 0.000000000 0.000000000 0.000000000
101.003471232 0.002855590 0.000599430 0.000404466 0.000694568 0.000355710 0.000256918 0.000340664 0.000203834 0.000000000 0.000000000 0.000000000
101.602898361 0.002697800 0.000526169 0.000411618 0.000636560 0.000357989 0.000270808 0.000298947 0.000195707 0.000000000 0.000000000 0.000000000
102.202325490 0.002569076 0.000477879 0.000400738 0.000559713 0.000367562 0.000273587 0.000269069 0.000220527 0.000000000 0.000000000 0.000000000
102.801752619 0.002480772 0.000451049 0.000409804 0.000466783 0.000382867 0.000264894 0.000246341 0.000259034 0.000000000 0.000000000 0.000000000
103.401179748 0.002499654 0.000461464 0.000445537 0.000430005 0.000402381 0.000243203 0.000231112 0.000285952 0.000000000 0.000000000 0.000000000
104.000606877 0.002554826 0.000509216 0.000480431 0.000408252 0.000429457 0.000218133 0.000219682 0.000289655 0.000000000 0.000000000 0.000000000
104.600034006 0.002673446 0.000519750 0.000560412 0.000408612 0.000500240 0.000188577 0.000214797 0.000281058 0.000000000 0.000000000 0.000000000
105.199461135 0.002790481 0.000518345 0.000602361 0.000430293 0.000592267 0.000177462 0.000202686 0.000267066 0.000000000 0.000000000 0.000000000
105.798888264 0.002747387 0.000505723 0.000575610 0.000457481 0.000649067 0.000161842 0.000158819 0.000238844 0.000000000 0.000000000 0.000000000
106.398315393 0.002692354 0.000509753 0.000526878 0.000485757 0.000680609 0.000143458 0.000142893 0.000203006 0.000000000 0.000000000 0.000000000
106.997742522 0.002638115 0.000491681 0.000530838 0.000498034 0.000651810 0.000150553 0.000149088 0.000166111 0.000000000 0.000000000 0.000000000
107.597169651 0.002527799 0.000440994 0.000567653 0.000501852 0.000577425 0.000158356 0.000148234 0.000133285 0.000000000 0.000000000 0.000000000
108.196596780 0.002383995 0.000395388 0.000541022 0.000474578 0.000510666 0.000173039 0.000152996 0.000136306 0.000000000 0.000000000 0.000000000
108.796023909 0.002416175 0.000422743 0.000503116 0.000457672 0.000513789 0.000195195 0.000175380 0.000148280 0.000000000 0.000000000 0.000000000
109.395451038 0.002545948 0.000454209 0.000511316 0.000460346 0.000548691 0.000216540 0.000199924 0.000154922 0.000000000 0.000000000 0.000000000
109.994878167 0.002681429 0.000512383 0.000544775 0.000462980 0.000564974 0.000231965 0.000216836 0.000147515 0.000000000 0.000000000 0.000000000
110.594305296 0.002809866 0.000552635 0.000584566 0.000495397 0.000540513 0.000250282 0.000230098 0.000156374 0.000000000 0.000000000 0.000000000
111.193732425 0.002849387 0.000565251 0.000597290 0.000516579 0.000514848 0.000258296 0.000224414 0.000172710 0.000000000 0.000000000 0.000000000
111.793159554 0.002775979 0.000592288 0.000579209 0.000508976 0.000469303 0.000242094 0.000205666 0.000178443 0.000000000 0.000000000 0.000000000
112.392586683 0.002608654 0.000571225 0.000495166 0.000492129 0.000432608 0.000219976 0.000201443 0.000196107 0.000000000 0.000000000 0.000000000
112.992013812 0.002532451 0.000552286 0.000426668 0.000510763 0.000416994 0.000221169 0.000199064 0.000205505 0.000000000 0.000000000 0.000000000
113.591440940 0.002485501 0.000550696 0.000387735 0.000529603 0.000419017 0.000200068 0.000194672 0.000203709 0.000000000 0.000000000 0.000000000
114.190868069 0.002478431 0.000526524 0.000394806 0.000509056 0.000457433 0.000188428 0.000191384 0.000210799 0.000000000 0.000000000 0.000000000
114.790295198 0.002460863 0.000446206 0.000400099 0.000491399 0.000509983 0.000173902 0.000212061 0.000227214 0.000000000 0.000000000 0.000000000
115.389722327 0.002454843 0.000401375 0.000413727 0.000470254 0.000547609 0.000169166 0.000220618 0.000232093 0.000000000 0.000000000 0.000000000
115.989149456 0.002532606 0.000416140 0.000458562 0.000466437 0.000559280 0.000169219 0.000219900 0.000243069 0.000000000 0.000000000 0.000000000
116.588576585 0.002662885 0.000450784 0.000499777 0.000469440 0.000582454 0.000200320 0.000216354 0.000243756 0.000000000 0.000000000 0.000000000
117.188003714 0.002801379 0.000500490 0.000518141 0.000475972 0.000598543 0.000236499 0.000224029 0.000247705 0.000000000 0.000000000 0.000000000
117.787430843 0.002896483 0.000566797 0.000568205 0.000478084 0.000562770 0.000280097 0.000201673 0.000238857 0.000000000 0.000000000 0.000000000
118.386857972 0.002888722 0.000581710 0.000600024 0.000465457 0.000541332 0.000301271 0.000197268 0.000201660 0.000000000 0.000000000 0.000000000
118.986285101 0.002844610 0.000541175 0.000587876 0.000454308 0.000552254 0.000305964 0.000211638 0.000191395 0.000000000 0.000000000 0.000000000
119.585712230 0.002821997 0.000498814 0.000579281 0.000453067 0.000520561 0.000323321 0.000256279 0.000190673 0.000000000 0.000000000 0.000000000
120.185139359 0.002755812 0.000403792 0.000559874 0.000460045 0.000486165 0.000319769 0.000318328 0.000207840 0.000000000 0.000000000 0.000000000
120.784566488 0.002732100 0.000350912 0.000553222 0.000511749 0.000426626 0.000311254 0.000349057 0.000229280 0.000000000 0.000000000 0.000000000
121.383993617 0.002744246 0.000339302 0.000537147 0.000562270 0.000411660 0.000280891 0.000357349 0.000255626 0.000000000 0.000000000 0.000000000
121.983420746 0.002674141 0.000374076 0.000471362 0.000594986 0.000410328 0.000228608 0.000313792 0.000280989 0.000000000 0.000000000 0.000000000
122.582847875 0.002581437 0.000426580 0.000408078 0.000597422 0.000422425 0.000181287 0.000265884 0.000279761 0.000000000 0.000000000 0.000000000
123.182275004 0.002532615 0.000512208 0.000365209 0.000573956 0.000445628 0.000149811 0.000207957 0.000277846 0.000000000 0.000000000 0.000000000
123.781702133 0.002559299 0.000596566 0.000392317 0.000555365 0.000450026 0.000137619 0.000169568 0.000257838 0.000000000 0.000000000 0.000000000
124.381129262 0.002664616 0.000676278 0.000452500 0.000550341 0.000462001 0.000127886 0.000139773 0.000255838 0.000000000 0.000000000 0.000000000
124.980556391 0.002746406 0.000684854 0.000537332 0.000542775 0.000483708 0.000117765 0.000132414 0.000247559 0.000000000 0.000000000 0.000000000
125.579983520 0.002715334 0.000639231 0.000554423 0.000543708 0.000510063 0.000103980 0.000141694 0.000222235 0.000000000 0.000000000 0.000000000
126.179410649 0.002665751 0.000592008 0.000537142 0.000547471 0.000536619 0.000099990 0.000155888 0.000196632 0.000000000 0.000000000 0.000000000
126.778837778 0.002557633 0.000592791 0.000488638 0.000527525 0.000519742 0.000113057 0.000146416 0.000169464 0.000000000 0.000000000 0.000000000
127.378264907 0.002532330 0.000605995 0.000468688 0.000532305 0.000508898 0.000130736 0.000121001 0.000164707 0.000000000 0.000000000 0.000000000
127.977692036 0.002554120 0.000608143 0.000503973 0.000530311 0.000487659 0.000150365 0.000112476 0.000161192 0.000000000 0.000000000 0.000000000
128.577119165 0.002591029 0.000584767 0.000564956 0.000551493 0.000445341 0.000161352 0.000124564 0.000158556 0.000000000 0.000000000 0.000000000
129.176546294 0.002592534 0.000548679 0.000586538 0.000576126 0.000404192 0.000170731 0.000156934 0.000149333 0.000000000 0.000000000 0.000000000
129.775973423 0.002631281 0.000516920 0.000602491 0.000584424 0.000395372 0.000184539 0.000199039 0.000148495 0.000000000 0.000000000 0.000000000
130.375400552 0.002637896 0.000482225 0.000570639 0.000598618 0.000429468 0.000201212 0.000211324 0.000144410 0.000000000 0.000000000 0.000000000
130.974827681 0.002616663 0.000463533 0.000538964 0.000589683 0.000454325 0.000207839 0.000210201 0.000152118 0.000000000 0.000000000 0.000000000
131.574254810 0.002628783 0.000428276 0.000537866 0.000557355 0.000500095 0.000220239 0.000207861 0.000177091 0.000000000 0.000000000 0.000000000
132.173681939 0.002632633 0.000401394 0.000580258 0.000522001 0.000514971 0.000217236 0.000202326 0.000194447 0.000000000 0.000000000 0.000000000
132.773109068 0.002601024 0.000403772 0.000585774 0.000494269 0.000529601 0.000200617 0.000186336 0.000200656 0.000000000 0.000000000 0.000000000
133.372536197 0.002596978 0.000401894 0.000574412 0.000498931 0.000577276 0.000177454 0.000165038 0.000201973 0.000000000 0.000000000 0.000000000
133.971963326 0.002566606 0.000409273 0.000508372 0.000507405 0.000628489 0.000168170 0.000142741 0.000202157 0.000000000 0.000000000 0.000000000
134.571390455 0.002612797 0.000423470 0.000470415 0.000546181 0.000658276 0.000169243 0.000143302 0.000201910 0.000000000 0.000000000 0.000000000
135.170817584 0.002621880 0.000466832 0.000446598 0.000530377 0.000645047 0.000183722 0.000163329 0.000185975 0.000000000 0.000000000 0.000000000
135.770244713 0.002632881 0.000534178 0.000429574 0.000505597 0.000625293 0.000198724 0.000179633 0.000159882 0.000000000 0.000000000 0.000000000
136.369671841 0.002633315 0.000588327 0.000419117 0.000454689 0.000624253 0.000204555 0.000200329 0.000142045 0.000000000 0.000000000 0.000000000
136.969098970 0.002646378 0.000631192 0.000434402 0.000415834 0.000600022 0.000216703 0.000219727 0.000128498 0.000000000 0.000000000 0.000000000
137.568526099 0.002622692 0.000653878 0.000449910 0.000396137 0.000536285 0.000231738 0.000226835 0.000127909 0.000000000 0.000000000 0.000000000
138.167953228 0.002606976 0.000662260 0.000459074 0.000380167 0.000491936 0.000232052 0.000227277 0.000154210 0.000000000 0.000000000 0.000000000
138.767380357 0.002595645 0.000623507 0.000492885 0.000356239 0.000468215 0.000227697 0.000232148 0.000194954 0.000000000 0.000000000 0.000000000
139.366807486 0.002604923 0.000574301 0.000518002 0.000355274 0.000461140 0.000225945 0.000230679 0.000239582 0.000000000 0.000000000 0.000000000
139.966234615 0.002648454 0.000538834 0.000539221 0.000389854 0.000465106 0.000221008 0.000228803 0.000265628 0.000000000 0.000000000 0.000000000
140.565661744 0.002712984 0.000485770 0.000563888 0.000464506 0.000458237 0.000231471 0.000224990 0.000284122 0.000000000 0.000000000 0.000000000
141.165088873 0.002737763 0.000420342 0.000570522 0.000528442 0.000463031 0.000243118 0.000240148 0.000272159 0.000000000 0.000000000 0.000000000
141.764516002 0.002784800 0.000390156 0.000585597 0.000567499 0.000468660 0.000258103 0.000259369 0.000255417 0.000000000 0.000000000 0.000000000
142.363943131 0.002811828 0.000386954 0.000598802 0.000582405 0.000464231 0.000272652 0.000265451 0.000241333 0.000000000 0.000000000 0.000000000
142.963370260 0.002838890 0.000386515 0.000578941 0.000590235 0.000477854 0.000289921 0.000280913 0.000234512 0.000000000 0.000000000 0.000000000
143.562797389 0.002816572 0.000350915 0.000573192 0.000560923 0.000503318 0.000301767 0.000285096 0.000241362 0.000000000 0.000000000 0.000000000
144.162224518 0.002749329 0.000335761 0.000532716 0.000555997 0.000507546 0.000307603 0.000270187 0.000239519 0.000000000 0.000000000 0.000000000
144.761651647 0.002740020 0.000347717 0.000517629 0.000567179 0.000522859 0.000300889 0.000240659 0.000243089 0.000000000 0.000000000 0.000000000
145.361078776 0.002705709 0.000387743 0.000512986 0.000542159 0.000528444 0.000265936 0.000225330 0.000243111 0.000000000 0.000000000 0.000000000
145.960505905 0.002659941 0.000444034 0.000480024 0.000527500 0.000512138 0.000238662 0.000223590 0.000233993 0.000000000 0.000000000 0.000000000
146.559933034 0.002620393 0.000526904 0.000407855 0.000503970 0.000496257 0.000217973 0.000234211 0.000233222 0.000000000 0.000000000 0.000000000
147.159360163 0.002601272 0.000618340 0.000336618 0.000467030 0.000489978 0.000202871 0.000248321 0.000238115 0.000000000 0.000000000 0.000000000
147.758787292 0.002655744 0.000667632 0.000299585 0.000449066 0.000519356 0.000190122 0.000255572 0.000274411 0.000000000 0.000000000 0.000000000
148.358214421 0.002689934 0.000657968 0.000300274 0.000434817 0.000527781 0.000190363 0.000275005 0.000303726 0.000000000 0.000000000 0.000000000
148.957641550 0.002651861 0.000613778 0.000348732 0.000425462 0.000505238 0.000194311 0.000261196 0.000303143 0.000000000 0.000000000 0.000000000
149.557068679 0.002629889 0.000575615 0.000399549 0.000433175 0.000486591 0.000194133 0.000241540 0.000299287 0.000000000 0.000000000 0.000000000
150.156495808 0.002628216 0.000566633 0.000431782 0.000443240 0.000477606 0.000203922 0.000228500 0.000276533 0.000000000 0.000000000 0.000000000
150.755922937 0.002636811 0.000564971 0.000467310 0.000448840 0.000477667 0.000202082 0.000219788 0.000256154 0.000000000 0.000000000 0.000000000
151.355350066 0.002715104 0.000617792 0.000515458 0.000460198 0.000447071 0.000220253 0.000222764 0.000231568 0.000000000 0.000000000 0.000000000
151.954777195 0.002733895 0.000578450 0.000567923 0.000494725 0.000411408 0.000246821 0.000218695 0.000215874 0.000000000 0.000000000 0.000000000
152.554204324 0.002686483 0.000482074 0.000604684 0.000550581 0.000389521 0.000245911 0.000212786 0.000200926 0.000000000 0.000000000 0.000000000
153.153631453 0.002640597 0.000396810 0.000599442 0.000616307 0.000395696 0.000237681 0.000204415 0.000190246 0.000000000 0.000000000 0.000000000
153.753058582 0.002598947 0.000361958 0.000562416 0.000620568 0.000435379 0.000241049 0.000192759 0.000184817 0.000000000 0.000000000 0.000000000
154.352485711 0.002709800 0.000386001 0.000565209 0.000628102 0.000488600 0.000251140 0.000193719 0.000197029 0.000000000 0.000000000 0.000000000
154.951912840 0.002774787 0.000410796 0.000557103 0.000579933 0.000543391 0.000243450 0.000214927 0.000225189 0.000000000 0.000000000 0.000000000
155.551339969 0.002829389 0.000443022 0.000543663 0.000536006 0.000595177 0.000250138 0.000237498 0.000223887 0.000000000 0.000000000 0.000000000
156.150767098 0.002881034 0.000445368 0.000568783 0.000528165 0.000604599 0.000266242 0.000250796 0.000217082 0.000000000 0.000000000 0.000000000
156.750194227 0.002884781 0.000455223 0.000567067 0.000527858 0.000569280 0.000277070 0.000264288 0.000223996 0.000000000 0.000000000 0.000000000
157.349621356 0.002797723 0.000435305 0.000530093 0.000514312 0.000522163 0.000280342 0.000279578 0.000235928 0.000000000 0.000000000 0.000000000
157.949048485 0.002679540 0.000384797 0.000520256 0.000480411 0.000474186 0.000268657 0.000280452 0.000270782 0.000000000 0.000000000 0.000000000
158.548475614 0.002652909 0.000383553 0.000499917 0.000454983 0.000480434 0.000262912 0.000279154 0.000291956 0.000000000 0.000000000 0.000000000
159.147902742 0.002639477 0.000421567 0.000451072 0.000438180 0.000485402 0.000268887 0.000284026 0.000290344 0.000000000 0.000000000 0.000000000
159.747329871 0.002672001 0.000520649 0.000415198 0.000434006 0.000468470 0.000256046 0.000291826 0.000285807 0.000000000 0.000000000 0.000000000
160.346757000 0.002695341 0.000618509 0.000390640 0.000420922 0.000410005 0.000266343 0.000292523 0.000296399 0.000000000 0.000000000 0.000000000
160.946184129 0.002685022 0.000663820 0.000389264 0.000414640 0.000353976 0.000281296 0.000293378 0.000288649 0.000000000 0.000000000 0.000000000
161.545611258 0.002739091 0.000695212 0.000417796 0.000445611 0.000324318 0.000292106 0.000286827 0.000277220 0.000000000 0.000000000 0.000000000
162.145038387 0.002851835 0.000693752 0.000478928 0.000483481 0.000353018 0.000290686 0.000287838 0.000264132 0.000000000 0.000000000 0.000000000
162.744465516 0.002890196 0.000625913 0.000553699 0.000490201 0.000394212 0.000280375 0.000288805 0.000256990 0.000000000 0.000000000 0.000000000
163.343892645 0.002835524 0.000539716 0.000528799 0.000500572 0.000464327 0.000256851 0.000269800 0.000275458 0.000000000 0.000000000 0.000000000
163.943319774 0.002747501 0.000476318 0.000489515 0.000509496 0.000503823 0.000240121 0.000250421 0.000277806 0.000000000 0.000000000 0.000000000
164.542746903 0.002648536 0.000412075 0.000440182 0.000519775 0.000539896 0.000235101 0.000229416 0.000272091 0.000000000 0.000000000 0.000000000
165.142174032 0.002573379 0.000364588 0.000440659 0.000528446 0.000554597 0.000234725 0.000208645 0.000241720 0.000000000 0.000000000 0.000000000
165.741601161 0.002573384 0.000352168 0.000490023 0.000530770 0.000555771 0.000228546 0.000201007 0.000215099 0.000000000 0.000000000 0.000000000
166.341028290 0.002614977 0.000378817 0.000558768 0.000514626 0.000539195 0.000219984 0.000206151 0.000197436 0.000000000 0.000000000 0.000000000
166.940455419 0.002664513 0.000402306 0.000620508 0.000489633 0.000518032 0.000217840 0.000217332 0.000198861 0.000000000 0.000000000 0.000000000
167.539882548 0.002709551 0.000394411 0.000651216 0.000468152 0.000547452 0.000223439 0.000221113 0.000203769 0.000000000 0.000000000 0.000000000
168.139309677 0.002738311 0.000377773 0.000634209 0.000470449 0.000578979 0.000242501 0.000211800 0.000222599 0.000000000 0.000000000 0.000000000
168.738736806 0.002730000 0.000397531 0.000543998 0.000469904 0.000612309 0.000265981 0.000210904 0.000229373 0.000000000 0.000000000 0.000000000
169.338163935 0.002661990 0.000413044 0.000437005 0.000451715 0.000620092 0.000269767 0.000220984 0.000249383 0.000000000 0.000000000 0.000000000
169.937591064 0.002634362 0.000458220 0.000356881 0.000424592 0.000619441 0.000262948 0.000251843 0.000260436 0.000000000 0.000000000 0.000000000
170.537018193 0.002691155 0.000537071 0.000326091 0.000411921 0.000608428 0.000250155 0.000291943 0.000265546 0.000000000 0.000000000 0.000000000
171.136445322 0.002733041 0.000577428 0.000320319 0.000423605 0.000580431 0.000236847 0.000325167 0.000269243 0.000000000 0.000000000 0.000000000
171.735872451 0.002718938 0.000572899 0.000325441 0.000445371 0.000526244 0.000247135 0.000335501 0.000266347 0.000000000 0.000000000 0.000000000
172.335299580 0.002659198 0.000570235 0.000354625 0.000438911 0.000434614 0.000270979 0.000326617 0.000263216 0.000000000 0.000000000 0.000000000
172.934726709 0.002629339 0.000589351 0.000409832 0.000424260 0.000372765 0.000273135 0.000282622 0.000277373 0.000000000 0.000000000 0.000000000
173.534153838 0.002687043 0.000601980 0.000464063 0.000420257 0.000363299 0.000281835 0.000264645 0.000290962 0.000000000 0.000000000 0.000000000
174.133580967 0.002781181 0.000628918 0.000517032 0.000420901 0.000399937 0.000281282 0.000242005 0.000291105 0.000000000 0.000000000 0.000000000
174.733008096 0.002790802 0.000590243 0.000528922 0.000435201 0.000473402 0.000257610 0.000227606 0.000277819 0.000000000 0.000000000 0.000000000
175.332435225 0.002748515 0.000521307 0.000550735 0.000449416 0.000506109 0.000228478 0.000219320 0.000273151 0.000000000 0.000000000 0.000000000
175.931862354 0.002640975 0.000449041 0.000530620 0.000458092 0.000518854 0.000211092 0.000214372 0.000258904 0.000000000 0.000000000 0.000000000
176.531289483 0.002521641 0.000380787 0.000480297 0.000472087 0.000526375 0.000196031 0.000215732 0.000250333 0.000000000 0.000000000 0.000000000
177.130716612 0.002533841 0.000353774 0.000461985 0.000520631 0.000555212 0.000178047 0.000212440 0.000251752 0.000000000 0.000000000 0.000000000
177.730143741 0.002618621 0.000386595 0.000502204 0.000554673 0.000573157 0.000152986 0.000205173 0.000243834 0.000000000 0.000000000 0.000000000
178.329570870 0.002728769 0.000424221 0.000570424 0.000570784 0.000573475 0.000146921 0.000201455 0.000241489 0.000000000 0.000000000 0.000000000
178.928997999 0.002803297 0.000470197 0.000642273 0.000559823 0.000559432 0.000149425 0.000181385 0.000240762 0.000000000 0.000000000 0.000000000
179.528425128 0.002807095 0.000515286 0.000648351 0.000509888 0.000548299 0.000170567 0.000182942 0.000231762 0.000000000 0.000000000 0.000000000
180.127852257 0.002738199 0.000542083 0.000573897 0.000453258 0.000520604 0.000202816 0.000206197 0.000239344 0.000000000 0.000000000 0.000000000
180.727279386 0.002712516 0.000548386 0.000495653 0.000426888 0.000501000 0.000249014 0.000237216 0.000254358 0.000000000 0.000000000 0.000000000
181.326706515 0.002663767 0.000538702 0.000444129 0.000404992 0.000451425 0.000286250 0.000273250 0.000265019 0.000000000 0.000000000 0.000000000
181.926133643 0.002641079 0.000518742 0.000446409 0.000387272 0.000436902 0.000310525 0.000277571 0.000263659 0.000000000 0.000000000 0.000000000
182.525560772 0.002607820 0.000498704 0.000447874 0.000401427 0.000420811 0.000318711 0.000272998 0.000247295 0.000000000 0.000000000 0.000000000
183.124987901 0.002679834 0.000523713 0.000472512 0.000438373 0.000423796 0.000326090 0.000270777 0.000224572 0.000000000 0.000000000 0.000000000
183.724415030 0.002811981 0.000579322 0.000487647 0.000480975 0.000435826 0.000327442 0.000291317 0.000209451 0.000000000 0.000000000 0.000000000
184.323842159 0.002886312 0.000583414 0.000520785 0.000514249 0.000450351 0.000308413 0.000303275 0.000205825 0.000000000 0.000000000 0.000000000
184.923269288 0.002868550 0.000519968 0.000529628 0.000553764 0.000445919 0.000289584 0.000309628 0.000220057 0.000000000 0.000000000 0.000000000
185.522696417 0.002833758 0.000474862 0.000481430 0.000588007 0.000444444 0.000291179 0.000300555 0.000253281 0.000000000 0.000000000 0.000000000
186.122123546 0.002818476 0.000455832 0.000417792 0.000602905 0.000438676 0.000313425 0.000292009 0.000297838 0.000000000 0.000000000 0.000000000
186.721550675 0.002844472 0.000446773 0.000418426 0.000619039 0.000433547 0.000331028 0.000279792 0.000315868 0.000000000 0.000000000 0.000000000
187.320977804 0.002871283 0.000405495 0.000464450 0.000616102 0.000446407 0.000341640 0.000284523 0.000312666 0.000000000 0.000000000 0.000000000
187.920404933 0.002850593 0.000364678 0.000520066 0.000580268 0.000459585 0.000329558 0.000308642 0.000287796 0.000000000 0.000000000 0.000000000
188.519832062 0.002837924 0.000344095 0.000539774 0.000548805 0.000494314 0.000302997 0.000328881 0.000279058 0.000000000 0.000000000 0.000000000
189.119259191 0.002816087 0.000372561 0.000526634 0.000508815 0.000521144 0.000286450 0.000319811 0.000280671 0.000000000 0.000000000 0.000000000
189.718686320 0.002785973 0.000405083 0.000495855 0.000473803 0.000509393 0.000288047 0.000313705 0.000300087 0.000000000 0.000000000 0.000000000
190.318113449 0.002760216 0.000436334 0.000456346 0.000427961 0.000518033 0.000295753 0.000306605 0.000319183 0.000000000 0.000000000 0.000000000
190.917540578 0.002742648 0.000469931 0.000449901 0.000382703 0.000526022 0.000297754 0.000297031 0.000319306 0.000000000 0.000000000 0.000000000
191.516967707 0.002757351 0.000488796 0.000435496 0.000347657 0.000555489 0.000297078 0.000306223 0.000326612 0.000000000 0.000000000 0.000000000
192.116394836 0.002781874 0.000504795 0.000407263 0.000328734 0.000598523 0.000287160 0.000326070 0.000329331 0.000000000 0.000000000 0.000000000
192.715821965 0.002805986 0.000550020 0.000408730 0.000317562 0.000649703 0.000276466 0.000298278 0.000305226 0.000000000 0.000000000 0.000000000
193.315249094 0.002814877 0.000572256 0.000426013 0.000344435 0.000651759 0.000260030 0.000282861 0.000277523 0.000000000 0.000000000 0.000000000
193.914676223 0.002670800 0.000573666 0.000417776 0.000374987 0.000567833 0.000237160 0.000246647 0.000252731 0.000000000 0.000000000 0.000000000
194.514103352 0.002552053 0.000553479 0.000424143 0.000405473 0.000481689 0.000222685 0.000221388 0.000243198 0.000000000 0.000000000 0.000000000
195.113530481 0.002461752 0.000528812 0.000442640 0.000421960 0.000425293 0.000213591 0.000194001 0.000235455 0.000000000 0.000000000 0.000000000
195.712957610 0.002421105 0.000526251 0.000459425 0.000421795 0.000398730 0.000199721 0.000176531 0.000238652 0.000000000 0.000000000 0.000000000
196.312384739 0.002463443 0.000508044 0.000482913 0.000453807 0.000418194 0.000186623 0.000173846 0.000240016 0.000000000 0.000000000 0.000000000
196.911811868 0.002581452 0.000492846 0.000516979 0.000507159 0.000454488 0.000186579 0.000180552 0.000242850 0.000000000 0.000000000 0.000000000
197.511238997 0.002768779 0.000485252 0.000583795 0.000577306 0.000487161 0.000186961 0.000208226 0.000240078 0.000000000 0.000000000 0.000000000
198.110666126 0.002981554 0.000473657 0.000649275 0.000676123 0.000506713 0.000200836 0.000249091 0.000225860 0.000000000 0.000000000 0.000000000
198.710093255 0.003049532 0.000474015 0.000585264 0.000760064 0.000517868 0.000223781 0.000273018 0.000215522 0.000000000 0.000000000 0.000000000
199.309520384 0.002968812 0.000474470 0.000479292 0.000775708 0.000483511 0.000259329 0.000285532 0.000210972 0.000000000 0.000000000 0.000000000
199.908947513 0.002877840 0.000475752 0.000439811 0.000743617 0.000427696 0.000287906 0.000278905 0.000224152 0.000000000 0.000000000 0.000000000
200.508374642 0.002761245 0.000475379 0.000477701 0.000675497 0.000384316 0.000279058 0.000241060 0.000228236 0.000000000 0.000000000 0.000000000
201.107801771 0.002677349 0.000447344 0.000532962 0.000666908 0.000349124 0.000264873 0.000184004 0.000232133 0.000000000 0.000000000 0.000000000
201.707228900 0.002583686 0.000438552 0.000545740 0.000654529 0.000300837 0.000264783 0.000158238 0.000221008 0.000000000 0.000000000 0.000000000
202.306656029 0.002521307 0.000433215 0.000572045 0.000598622 0.000264464 0.000272771 0.000172185 0.000208004 0.000000000 0.000000000 0.000000000
202.906083158 0.002415996 0.000412689 0.000624199 0.000475052 0.000235889 0.000263281 0.000204929 0.000199957 0.000000000 0.000000000 0.000000000
203.505510287 0.002347145 0.000439024 0.000594881 0.000402012 0.000216021 0.000225713 0.000258034 0.000211460 0.000000000 0.000000000 0.000000000
204.104937416 0.002386315 0.000553457 0.000514060 0.000362627 0.000232041 0.000194868 0.000302931 0.000226330 0.000000000 0.000000000 0.000000000
204.704364544 0.002634492 0.000714683 0.000495709 0.000325085 0.000297565 0.000205638 0.000318319 0.000277494 0.000000000 0.000000000 0.000000000
205.303791673 0.003142095 0.000887977 0.000575988 0.000339397 0.000453779 0.000255527 0.000319591 0.000309835 0.000000000 0.000000000 0.000000000
205.903218802 0.003631489 0.000888079 0.000675520 0.000412788 0.000605694 0.000315568 0.000356143 0.000377697 0.000000000 0.000000000 0.000000000
206.502645931 0.003741596 0.000606881 0.000683829 0.000525659 0.000671793 0.000371622 0.000412788 0.000469025 0.000000000 0.000000000 0.000000000
207.102073060 0.003652143 0.000346887 0.000601564 0.000634415 0.000716859 0.000417962 0.000439445 0.000495012 0.000000000 0.000000000 0.000000000
207.701500189 0.003408455 0.000302691 0.000372868 0.000770934 0.000707263 0.000422965 0.000414773 0.000416960 0.000000000 0.000000000 0.000000000
208.300927318 0.002997323 0.000338294 0.000277396 0.000676077 0.000595383 0.000401144 0.000398334 0.000310695 0.000000000 0.000000000 0.000000000
208.900354447 0.002462227 0.000343178 0.000248150 0.000485795 0.000471060 0.000356453 0.000319707 0.000237886 0.000000000 0.000000000 0.000000000
209.499781576 0.001980340 0.000312111 0.000216536 0.000330655 0.000399001 0.000277560 0.000225884 0.000218593 0.000000000 0.000000000 0.000000000
210.099208705 0.001823327 0.000274033 0.000345969 0.000264740 0.000340536 0.000225322 0.000176228 0.000196500 0.000000000 0.000000000 0.000000000
210.698635834 0.001553552 0.000189686 0.000309847 0.000240911 0.000289455 0.000189474 0.000154291 0.000179890 0.000000000 0.000000000 0.000000000
211.298062963 0.001260737 0.000104924 0.000192191 0.000219355 0.000265378 0.000164133 0.000150258 0.000164498 0.000000000 0.000000000 0.000000000
211.897490092 0.001101322 0.000064870 0.000206850 0.000198673 0.000216711 0.000138772 0.000136717 0.000138729 0.000000000 0.000000000 0.000000000
212.496917221 0.007906730 0.000059906 0.000239218 0.000178258 0.000205626 0.000125850 0.000139355 0.000102396 0.000000000 0.006856122 0.000000000
213.096344350 0.009829459 0.000074556 0.000240185 0.000161797 0.000204047 0.000116079 0.000124827 0.000092955 0.000000000 0.008815014 0.000000000
213.695771479 0.008113455 0.000118322 0.000230936 0.000138288 0.000206373 0.000120718 0.000105413 0.000092423 0.000000000 0.007100983 0.000000000
214.295198608 0.011048151 0.000151096 0.000218471 0.000135116 0.000209567 0.000113463 0.000079340 0.000101777 0.000000000 0.010039321 0.000000000
214.894625737 0.007600350 0.000163361 0.000215843 0.000136132 0.000201520 0.000092186 0.000071226 0.000108821 0.000000000 0.006611260 0.000000000
215.494052866 0.009207650 0.000162784 0.000142508 0.000123238 0.000201786 0.000085254 0.000078579 0.000088211 0.000000000 0.008325291 0.000000000
216.093479995 0.006859743 0.000143320 0.000111957 0.000117781 0.000369355 0.000079614 0.000088167 0.000072873 0.000000000 0.005876676 0.000000000
216.692907124 0.008149497 0.000122188 0.000121782 0.000122535 0.000206380 0.000069123 0.000092879 0.000068765 0.000000000 0.007345845 0.000000000
217.292334253 0.009986136 0.000110423 0.000153482 0.000149525 0.000265685 0.000067226 0.000097051 0.000082869 0.000000000 0.009059875 0.000000000
217.891761382 0.007920865 0.000121917 0.000177196 0.000186752 0.000277348 0.000082172 0.000097659 0.000121699 0.000000000 0.006856122 0.000000000
218.491188511 0.008413534 0.000157698 0.000166950 0.000176643 0.000188046 0.000104527 0.000082690 0.000191136 0.000000000 0.007345845 0.000000000
219.090615640 0.009843694 0.000191667 0.000124862 0.000146784 0.000127737 0.000107947 0.000098804 0.000230879 0.000000000 0.008815014 0.000000000
219.690042769 0.008590200 0.000194364 0.000108912 0.000122044 0.000114699 0.000096660 0.000148394 0.000214419 0.000000000 0.007590706 0.000000000
220.289469898 0.007395956 0.000168212 0.000115213 0.000140532 0.000120134 0.000100072 0.000195498 0.000189896 0.000000000 0.006366399 0.000000000
220.888897027 0.007623807 0.000112724 0.000126058 0.000158889 0.000140165 0.000103578 0.000206094 0.000165037 0.000000000 0.006611260 0.000000000
221.488324156 0.007114993 0.000076432 0.000153356 0.000167629 0.000140248 0.000120139 0.000189347 0.000146305 0.000000000 0.006121537 0.000000000
222.087751285 0.009316049 0.000083214 0.000205377 0.000168144 0.000129900 0.000163866 0.000133468 0.000106788 0.000000000 0.008325291 0.000000000
222.687178414 0.008623239 0.000086534 0.000244554 0.000184658 0.000152904 0.000202620 0.000090104 0.000071158 0.000000000 0.007590706 0.000000000
223.286605543 0.008454407 0.000108384 0.000278132 0.000188918 0.000200895 0.000187380 0.000074702 0.000070151 0.000000000 0.007345845 0.000000000
223.886032672 0.008242862 0.000112853 0.000248244 0.000183686 0.000255165 0.000154670 0.000097205 0.000090056 0.000000000 0.007100983 0.000000000
224.485459801 0.007988487 0.000120547 0.000229547 0.000153107 0.000254171 0.000133734 0.000129445 0.000111814 0.000000000 0.006856122 0.000000000
225.084886930 0.007247408 0.000135315 0.000213517 0.000151845 0.000199974 0.000138477 0.000148260 0.000138483 0.000000000 0.006121537 0.000000000
225.684314059 0.005312699 0.000125068 0.000166976 0.000184454 0.000165425 0.000161485 0.000178283 0.000168363 0.000000000 0.004162645 0.000000000
226.283741188 0.007875169 0.000104999 0.000154570 0.000228631 0.000139976 0.000197013 0.000220334 0.000218385 0.000000000 0.006611260 0.000000000
226.883168317 0.010494951 0.000177098 0.000143252 0.000271470 0.000145435 0.000231372 0.000257145 0.000209302 0.000000000 0.009059875 0.000000000
227.482595445 0.006504910 0.000194178 0.000097875 0.000281168 0.000160871 0.000264157 0.000197144 0.000167425 0.000000000 0.005142091 0.000000000
228.082022574 0.007826787 0.000187852 0.000097348 0.000211456 0.000160324 0.000245593 0.000170796 0.000142158 0.000000000 0.006611260 0.000000000
228.681449703 0.007461285 0.000195549 0.000095440 0.000176189 0.000139731 0.000170394 0.000181182 0.000136401 0.000000000 0.006366399 0.000000000
229.280876832 0.006875686 0.000173097 0.000092447 0.000151383 0.000116001 0.000144362 0.000174034 0.000147687 0.000000000 0.005876676 0.000000000
229.880303961 0.008330764 0.000183708 0.000108823 0.000151585 0.000107451 0.000124047 0.000157011 0.000152295 0.000000000 0.007345845 0.000000000
230.479731090 0.009856228 0.000209745 0.000163256 0.000153038 0.000107502 0.000122713 0.000140040 0.000144920 0.000000000 0.008815014 0.000000000
231.079158219 0.007882585 0.000180649 0.000202961 0.000150390 0.000108891 0.000129039 0.000118489 0.000136044 0.000000000 0.006856122 0.000000000
231.678585348 0.005645618 0.000158827 0.000204080 0.000134275 0.000118711 0.000133304 0.000101827 0.000142226 0.000000000 0.004652368 0.000000000
232.278012477 0.009389376 0.000166484 0.000179350 0.000129860 0.000143042 0.000132406 0.000098841 0.000214102 0.000000000 0.008325291 0.000000000
232.877439606 0.008714992 0.000175627 0.000162729 0.000144104 0.000202767 0.000120438 0.000104639 0.000213983 0.000000000 0.007590706 0.000000000
233.476866735 0.005422027 0.000151034 0.000159182 0.000154615 0.000220243 0.000098718 0.000119782 0.000110947 0.000000000 0.004407507 0.000000000
234.076293864 0.006441232 0.000120931 0.000170921 0.000161546 0.000191070 0.000079417 0.000226658 0.000103736 0.000000000 0.005386953 0.000000000
234.675720993 0.010316318 0.000108501 0.000150862 0.000163485 0.000174101 0.000070502 0.000231233 0.000112898 0.000000000 0.009304737 0.000000000
235.275148122 0.007343232 0.000107308 0.000173757 0.000166338 0.000179305 0.000114575 0.000110154 0.000125397 0.000000000 0.006366399 0.000000000
235.874575251 0.008743548 0.000138752 0.000256157 0.000159332 0.000191632 0.000188353 0.000082976 0.000135641 0.000000000 0.007590706 0.000000000
236.474002380 0.006979154 0.000198370 0.000251313 0.000177462 0.000165235 0.000107879 0.000073576 0.000128643 0.000000000 0.005876676 0.000000000
237.073429509 0.009068655 0.000222572 0.000183427 0.000176143 0.000141049 0.000071810 0.000073376 0.000119850 0.000000000 0.008080429 0.000000000
237.672856638 0.006780363 0.000192664 0.000126488 0.000141216 0.000153867 0.000085057 0.000078913 0.000125483 0.000000000 0.005876676 0.000000000
238.272283767 0.006993551 0.000124046 0.000117971 0.000120574 0.000186099 0.000096163 0.000077080 0.000150081 0.000000000 0.006121537 0.000000000
238.871710896 0.008075259 0.000109477 0.000130482 0.000136145 0.000190264 0.000097967 0.000091579 0.000218361 0.000000000 0.007100983 0.000000000
239.471138025 0.007930437 0.000137179 0.000127196 0.000148991 0.000168616 0.000106638 0.000127105 0.000258591 0.000000000 0.006856122 0.000000000
240.070565154 0.009164236 0.000158368 0.000137217 0.000155045 0.000150121 0.000105667 0.000177413 0.000199975 0.000000000 0.008080429 0.000000000
240.669992283 0.007952815 0.000179462 0.000156117 0.000168964 0.000141700 0.000125128 0.000202874 0.000122449 0.000000000 0.006856122 0.000000000
241.269419412 0.011325647 0.000164141 0.000121679 0.000176673 0.000146966 0.000141294 0.000208168 0.000082543 0.000000000 0.010284183 0.000000000
241.868846541 0.009512266 0.000115906 0.000106914 0.000154361 0.000135740 0.000152590 0.000202103 0.000074498 0.000000000 0.008570152 0.000000000
242.468273670 0.006277263 0.000090376 0.000140949 0.000143468 0.000124099 0.000158510 0.000151047 0.000081862 0.000000000 0.005386953 0.000000000
243.067700799 0.010928076 0.000093131 0.000168094 0.000153435 0.000121117 0.000162529 0.000101476 0.000088973 0.000000000 0.010039321 0.000000000
243.667127928 0.011870334 0.000126875 0.000151834 0.000129803 0.000108655 0.000166101 0.000085831 0.000082467 0.000000000 0.011018767 0.000000000
244.266555057 0.007166723 0.000135673 0.000126269 0.000107725 0.000097224 0.000149108 0.000093039 0.000091286 0.000000000 0.006366399 0.000000000
244.865982186 0.005618259 0.000128238 0.000095574 0.000123897 0.000088258 0.000100801 0.000084611 0.000099651 0.000000000 0.004897230 0.000000000
245.465409315 0.007764802 0.000131246 0.000069961 0.000142179 0.000104246 0.000064991 0.000064302 0.000086893 0.000000000 0.007100983 0.000000000
246.064836444 0.006550616 0.000165090 0.000076344 0.000155902 0.000122557 0.000049621 0.000045554 0.000058873 0.000000000 0.005876676 0.000000000
246.664263573 0.005362028 0.000202839 0.000119211 0.000159031 0.000122459 0.000032312 0.000031732 0.000042076 0.000000000 0.004652368 0.000000000
247.263690702 0.008788045 0.000188969 0.000149003 0.000157395 0.000122744 0.000027535 0.000029545 0.000032425 0.000000000 0.008080429 0.000000000
247.863117831 0.004133190 0.000201852 0.000136057 0.000153889 0.000130696 0.000036444 0.000021395 0.000024797 0.000000000 0.003428061 0.000000000
248.462544960 0.005868202 0.000159534 0.000154530 0.000157722 0.000171176 0.000045231 0.000019742 0.000018175 0.000000000 0.005142091 0.000000000
249.061972089 0.007142901 0.000080249 0.000214335 0.000151856 0.000228208 0.000053650 0.000028882 0.000019323 0.000000000 0.006366399 0.000000000
249.661399218 0.005847877 0.000051419 0.000173958 0.000148480 0.000208606 0.000066238 0.000034021 0.000023064 0.000000000 0.005142091 0.000000000
250.260826346 0.007988661 0.000052489 0.000162161 0.000121258 0.000162762 0.000077497 0.000039775 0.000026875 0.000000000 0.007345845 0.000000000
250.860253475 0.004553740 0.000072560 0.000138878 0.000117276 0.000133721 0.000083427 0.000057635 0.000032459 0.000000000 0.003917784 0.000000000
251.459680604 0.007598908 0.000110434 0.000130220 0.000130947 0.000148372 0.000093597 0.000086767 0.000042450 0.000000000 0.006856122 0.000000000
252.059107733 0.006288498 0.000154804 0.000144565 0.000137221 0.000179659 0.000104619 0.000114845 0.000065833 0.000000000 0.005386953 0.000000000
252.658534862 0.007776527 0.000141606 0.000183766 0.000132980 0.000154236 0.000100242 0.000112229 0.000095346 0.000000000 0.006856122 0.000000000
253.257961991 0.004586972 0.000122294 0.000218110 0.000121334 0.000135468 0.000091620 0.000103148 0.000122077 0.000000000 0.003672922 0.000000000
253.857389120 0.005142475 0.000157005 0.000251785 0.000132343 0.000131168 0.000074396 0.000099467 0.000133665 0.000000000 0.004162645 0.000000000
254.456816249 0.006636930 0.000209549 0.000273324 0.000180074 0.000099412 0.000050634 0.000071936 0.000120188 0.000000000 0.005631814 0.000000000
255.056243378 0.004245746 0.000219517 0.000277417 0.000262584 0.000117092 0.000035901 0.000060108 0.000089928 0.000000000 0.003183199 0.000000000
255.655670507 0.008267990 0.000200874 0.000280584 0.000331335 0.000163934 0.000039076 0.000068165 0.000083040 0.000000000 0.007100983 0.000000000
256.255097636 0.005608467 0.000173349 0.000262601 0.000316276 0.000226606 0.000046952 0.000087271 0.000087904 0.000000000 0.004407507 0.000000000
256.854524765 0.008605961 0.000160464 0.000211176 0.000254408 0.000348986 0.000059120 0.000091989 0.000133974 0.000000000 0.007345845 0.000000000
257.453951894 0.005190136 0.000209574 0.000142769 0.000187715 0.000419128 0.000072381 0.000077621 0.000163165 0.000000000 0.003917784 0.000000000
258.053379023 0.007592053 0.000308902 0.000117746 0.000171072 0.000346123 0.000089004 0.000056988 0.000135818 0.000000000 0.006366399 0.000000000
258.652806152 0.004353444 0.000326665 0.000105142 0.000228375 0.000252820 0.000096022 0.000080175 0.000081046 0.000000000 0.003183199 0.000000000
259.252233281 0.006567328 0.000250114 0.000097404 0.000117806 0.000205310 0.000079058 0.000123419 0.000062403 0.000000000 0.005631814 0.000000000
259.851660410 0.007459728 0.000241534 0.000083472 0.000084979 0.000175497 0.000063678 0.000135523 0.000063785 0.000000000 0.006611260 0.000000000
260.451087539 0.006979076 0.000299893 0.000107878 0.000093155 0.000129451 0.000068588 0.000098625 0.000059948 0.000000000 0.006121537 0.000000000
261.050514668 0.008050003 0.000335218 0.000201152 0.000113055 0.000119087 0.000081322 0.000059679 0.000039507 0.000000000 0.007100983 0.000000000
261.649941797 0.005152745 0.000276513 0.000239833 0.000135184 0.000157160 0.000105659 0.000043029 0.000032722 0.000000000 0.004162645 0.000000000
262.249368926 0.006581996 0.000170656 0.000190129 0.000180263 0.000212478 0.000108113 0.000048006 0.000040536 0.000000000 0.005631814 0.000000000
262.848796055 0.007718866 0.000135348 0.000195058 0.000303037 0.000278049 0.000093424 0.000052102 0.000050586 0.000000000 0.006611260 0.000000000
263.448223184 0.006822906 0.000203712 0.000339917 0.000364848 0.000326041 0.000076982 0.000061461 0.000062992 0.000000000 0.005386953 0.000000000
264.047650313 0.004846961 0.000306149 0.000406066 0.000356552 0.000389654 0.000054693 0.000075523 0.000075125 0.000000000 0.003183199 0.000000000
264.647077442 0.007409548 0.000291680 0.000320233 0.000341318 0.000360870 0.000045019 0.000076600 0.000097153 0.000000000 0.005876676 0.000000000
265.246504571 0.006650971 0.000184367 0.000239402 0.000328054 0.000280034 0.000043022 0.000064335 0.000124802 0.000000000 0.005386953 0.000000000
265.845931700 0.006775215 0.000163532 0.000206840 0.000349124 0.000197407 0.000057101 0.000052111 0.000117284 0.000000000 0.005631814 0.000000000
266.445358829 0.005778787 0.000163327 0.000219852 0.000382760 0.000138557 0.000086329 0.000055733 0.000079861 0.000000000 0.004652368 0.000000000
267.044785958 0.007620929 0.000177106 0.000297635 0.000385591 0.000141446 0.000111446 0.000086048 0.000055258 0.000000000 0.006366399 0.000000000
267.644213087 0.006841613 0.000308799 0.000300201 0.000311783 0.000207575 0.000124810 0.000148637 0.000052854 0.000000000 0.005386953 0.000000000
268.243640216 0.005887219 0.000379752 0.000310236 0.000200112 0.000175251 0.000170339 0.000166900 0.000077122 0.000000000 0.004407507 0.000000000
268.843067345 0.006949462 0.000259672 0.000248884 0.000149564 0.000188611 0.000216110 0.000121288 0.000133518 0.000000000 0.005631814 0.000000000
269.442494474 0.008759430 0.000155631 0.000223755 0.000167023 0.000151549 0.000205470 0.000111163 0.000154132 0.000000000 0.007590706 0.000000000
270.041921603 0.005266101 0.000113976 0.000260441 0.000167197 0.000112986 0.000153616 0.000178337 0.000116904 0.000000000 0.004162645 0.000000000
270.641348732 0.006741161 0.000115017 0.000298763 0.000147905 0.000121236 0.000108688 0.000221975 0.000095764 0.000000000 0.005631814 0.000000000
271.240775861 0.008187909 0.000175488 0.000289063 0.000130113 0.000145275 0.000084015 0.000151894 0.000111078 0.000000000 0.007100983 0.000000000
271.840202990 0.008588422 0.000182796 0.000188008 0.000112530 0.000197969 0.000070678 0.000081481 0.000164254 0.000000000 0.007590706 0.000000000
272.439630119 0.007470439 0.000222997 0.000093077 0.000127184 0.000334132 0.000064708 0.000052403 0.000209538 0.000000000 0.006366399 0.000000000
273.039057247 0.008536009 0.000262463 0.000058506 0.000155752 0.000218983 0.000057159 0.000051697 0.000140742 0.000000000 0.007590706 0.000000000
273.638484376 0.008865605 0.000212747 0.000095295 0.000178098 0.000131217 0.000043078 0.000065226 0.000059514 0.000000000 0.008080429 0.000000000
274.237911505 0.004589015 0.000133769 0.000177298 0.000301851 0.000129469 0.000029464 0.000085974 0.000058270 0.000000000 0.003672922 0.000000000
274.837338634 0.010395242 0.000062573 0.000103861 0.000386327 0.000133153 0.000023535 0.000063463 0.000072733 0.000000000 0.009549598 0.000000000
275.436765763 0.004510624 0.000070888 0.000147878 0.000328410 0.000134552 0.000038769 0.000033761 0.000083443 0.000000000 0.003672922 0.000000000
276.036192892 0.007217563 0.000184931 0.000371009 0.000219360 0.000117269 0.000072458 0.000047723 0.000083277 0.000000000 0.006121537 0.000000000
276.635620021 0.006703488 0.000316061 0.000259948 0.000141579 0.000097073 0.000078380 0.000079088 0.000099545 0.000000000 0.005631814 0.000000000
277.235047150 0.008312383 0.000299958 0.000093907 0.000113167 0.000151271 0.000083066 0.000093378 0.000131791 0.000000000 0.007345845 0.000000000
277.834474279 0.007677731 0.000295126 0.000106598 0.000111065 0.000202277 0.000119170 0.000101281 0.000130954 0.000000000 0.006611260 0.000000000
278.433901408 0.006188050 0.000275667 0.000186695 0.000135152 0.000076067 0.000153906 0.000119198 0.000099274 0.000000000 0.005142091 0.000000000
279.033328537 0.009096573 0.000279960 0.000195297 0.000139422 0.000081126 0.000111481 0.000136519 0.000072340 0.000000000 0.008080429 0.000000000
279.632755666 0.008108927 0.000262415 0.000162067 0.000129672 0.000160957 0.000092288 0.000135884 0.000064659 0.000000000 0.007100983 0.000000000
280.232182795 0.008600493 0.000191420 0.000143120 0.000105739 0.000248797 0.000119143 0.000105825 0.000095742 0.000000000 0.007590706 0.000000000
280.831609924 0.007974061 0.000068470 0.000083532 0.000081388 0.000232156 0.000146685 0.000092670 0.000168176 0.000000000 0.007100983 0.000000000
281.431037053 0.007692811 0.000031417 0.000082379 0.000080892 0.000177136 0.000141194 0.000119181 0.000204489 0.000000000 0.006856122 0.000000000
282.030464182 0.008875967 0.000027402 0.000085968 0.000082103 0.000160191 0.000120268 0.000143498 0.000176108 0.000000000 0.008080429 0.000000000
282.629891311 0.009471516 0.000043890 0.000074544 0.000085168 0.000110619 0.000086963 0.000129148 0.000126169 0.000000000 0.008815014 0.000000000
283.229318440 0.007547321 0.000091757 0.000078486 0.000089121 0.000111078 0.000064665 0.000154307 0.000101785 0.000000000 0.006856122 0.000000000
283.828745569 0.007141032 0.000138263 0.000076878 0.000088215 0.000169042 0.000052110 0.000164977 0.000085146 0.000000000 0.006366399 0.000000000
284.428172698 0.011540193 0.000122200 0.000096511 0.000087340 0.000197976 0.000074126 0.000118412 0.000069722 0.000000000 0.010773906 0.000000000
285.027599827 0.009152797 0.000081361 0.000244980 0.000086490 0.000164344 0.000127431 0.000061347 0.000061553 0.000000000 0.008325291 0.000000000
285.627026956 0.009542688 0.000084489 0.000198740 0.000074914 0.000138571 0.000148260 0.000041843 0.000040857 0.000000000 0.008815014 0.000000000
286.226454085 0.010929210 0.000133950 0.000163327 0.000066336 0.000112711 0.000102604 0.000042610 0.000023488 0.000000000 0.010284183 0.000000000
286.825881214 0.008831285 0.000100429 0.000131486 0.000057138 0.000087518 0.000080235 0.000033839 0.000015348 0.000000000 0.008325291 0.000000000
287.425308343 0.007687497 0.000047334 0.000070943 0.000056132 0.000063805 0.000072155 0.000018716 0.000012568 0.000000000 0.007345845 0.000000000
288.024735472 0.006647090 0.000026757 0.000029115 0.000074866 0.000062621 0.000055110 0.000022070 0.000010152 0.000000000 0.006366399 0.000000000
288.624162601 0.010583099 0.000032222 0.000014073 0.000087256 0.000077901 0.000041448 0.000036165 0.000009851 0.000000000 0.010284183 0.000000000
289.223589730 0.010125021 0.000060944 0.000009158 0.000069453 0.000094899 0.000034302 0.000047231 0.000014574 0.000000000 0.009794460 0.000000000
289.823016859 0.008507923 0.000071644 0.000023765 0.000123227 0.000113322 0.000029279 0.000043499 0.000022757 0.000000000 0.008080429 0.000000000
290.422443988 0.010070785 0.000043883 0.000163913 0.000098750 0.000121227 0.000022189 0.000036143 0.000035080 0.000000000 0.009549598 0.000000000
291.021871117 0.009723893 0.000011148 0.000064436 0.000051375 0.000201147 0.000015667 0.000024640 0.000050742 0.000000000 0.009304737 0.000000000
291.621298246 0.010485213 0.000001006 0.000002303 0.000023616 0.000107028 0.000010503 0.000009990 0.000046585 0.000000000 0.010284183 0.000000000
292.220725375 0.009829311 0.000000000 0.000000000 0.000007727 0.000000885 0.000004559 0.000001753 0.000019927 0.000000000 0.009794460 0.000000000
292.820152504 0.009553388 0.000000000 0.000000000 0.000000719 0.000000000 0.000001020 0.000000109 0.000001942 0.000000000 0.009549598 0.000000000
293.419579633 0.008815080 0.000000000 0.000000000 0.000000000 0.000000000 0.000000066 0.000000000 0.000000000 0.000000000 0.008815014 0.000000000
294.019006762 0.007345845 0.000000000 0.000000000 0.000000000 0.000000000 0.000000000 0.000000000 0.000000000 0.000000000 0.007345845 0.000000000
294.618433891 0.000000000 0.000000000 0.000000000 0.000000000 0.000000000 0.000000000 0.000000000 0.000000000 0.000000000 0.000000000 0.000000000
295.217861019 0.000000000 0.000000000 0.000000000 0.000000000 0.000000000 0.000000000 0.000000000 0.000000000 0.000000000 0.000000000 0.000000000
295.817288148 0.000000000 0.000000000 0.000000000 0.000000000 0.000000000 0.000000000 0.000000000 0.000000000 0.000000000 0.000000000 0.000000000
296.416715277 0.000000000 0.000000000 0.000000000 0.000000000 0.000000000 0.000000000 0.000000000 0.000000000 0.000000000 0.000000000 0.000000000
297.016142406 0.000000000 0.000000000 0.000000000 0.000000000 0.000000000 0.000000000 0.000000000 0.000000000 0.000000000 0.000000000 0.000000000
297.615569535 0.048972299 0.000000000 0.000000000 0.000000000 0.000000000 0.000000000 0.000000000 0.000000000 0.000000000 0.000000000 0.048972299
298.214996664 0.000000000 0.000000000 0.000000000 0.000000000 0.000000000 0.000000000 0.000000000 0.000000000 0.000000000 0.000000000 0.000000000
298.814423793 0.000000000 0.000000000 0.000000000 0.000000000 0.000000000 0.000000000 0.000000000 0.000000000 0.000000000 0.000000000 0.000000000
299.413850922 0.000000000 0.000000000 0.000000000 0.000000000 0.000000000 0.000000000 0.000000000 0.000000000 0.000000000 0.000000000 0.000000000
