# Ion number density
# The last    3 ion types are fixed
# Average over     744960 steps
# z (au)        total        A            Im1          Im2          Im3          N            C            Me           C1           C2           P         
  0.444203471  0.033042656  0.000000000  0.000000000  0.000000000  0.000000000  0.000000000  0.000000000  0.000000000  0.000000000  0.000000000  0.033042656
  1.332610412  0.000000000  0.000000000  0.000000000  0.000000000  0.000000000  0.000000000  0.000000000  0.000000000  0.000000000  0.000000000  0.000000000
  2.221017354  0.000000000  0.000000000  0.000000000  0.000000000  0.000000000  0.000000000  0.000000000  0.000000000  0.000000000  0.000000000  0.000000000
  3.109424296  0.000000000  0.000000000  0.000000000  0.000000000  0.000000000  0.000000000  0.000000000  0.000000000  0.000000000  0.000000000  0.000000000
  3.997831237  0.003803871  0.000000000  0.000000000  0.000000000  0.000000000  0.000003966  0.000000000  0.000000000  0.003799905  0.000000000  0.000000000
  4.886238179  0.009374973  0.000000000  0.000000000  0.000035410  0.000000000  0.000192076  0.000060557  0.000000199  0.009086730  0.000000000  0.000000000
  5.774645120  0.010464741  0.000165243  0.000095519  0.000201382  0.000014526  0.000302046  0.000255806  0.000178276  0.009251944  0.000000000  0.000000000
  6.663052062  0.011977724  0.000089892  0.000092671  0.000125423  0.000269207  0.000187780  0.000137209  0.000336679  0.010738863  0.000000000  0.000000000
  7.551459004  0.010745840  0.000346870  0.000086150  0.000025834  0.000229402  0.000123870  0.000271800  0.000244758  0.009417157  0.000000000  0.000000000
  8.439865945  0.009156265  0.000096232  0.000104718  0.000014268  0.000060278  0.000131239  0.000271630  0.000217236  0.008260664  0.000000000  0.000000000
  9.328272887  0.011153121  0.000025129  0.000116135  0.000033153  0.000016315  0.000145336  0.000204650  0.000203968  0.010408437  0.000000000  0.000000000
 10.216679828  0.008095090  0.000015106  0.000083661  0.000088070  0.000013953  0.000161584  0.000155459  0.000307872  0.007269384  0.000000000  0.000000000
 11.105086770  0.008275619  0.000030331  0.000057183  0.000083820  0.000013321  0.000198174  0.000164100  0.000294092  0.007434598  0.000000000  0.000000000
 11.993493711  0.010300994  0.000087725  0.000038076  0.000058941  0.000025340  0.000256619  0.000272306  0.000144830  0.009417157  0.000000000  0.000000000
 12.881900653  0.010749732  0.000173217  0.000114652  0.000043735  0.000058834  0.000262059  0.000246380  0.000103272  0.009747583  0.000000000  0.000000000
 13.770307595  0.009522856  0.000176982  0.000041414  0.000054877  0.000100154  0.000208885  0.000175281  0.000174173  0.008591090  0.000000000  0.000000000
 14.658714536  0.007698115  0.000061681  0.000030173  0.000087352  0.000123751  0.000177854  0.000166870  0.000276690  0.006773744  0.000000000  0.000000000
 15.547121478  0.009987808  0.000029960  0.000154846  0.000109761  0.000116717  0.000190813  0.000214832  0.000249362  0.008921517  0.000000000  0.000000000
 16.435528419  0.007763943  0.000027456  0.000205490  0.000150479  0.000207791  0.000187624  0.000191225  0.000185348  0.006608531  0.000000000  0.000000000
 17.323935361  0.008838590  0.000071223  0.000155895  0.000221849  0.000243864  0.000169742  0.000188096  0.000188110  0.007599811  0.000000000  0.000000000
 18.212342303  0.009139267  0.000237972  0.000161011  0.000203930  0.000155675  0.000196667  0.000204427  0.000214561  0.007765024  0.000000000  0.000000000
 19.100749244  0.008748399  0.000122998  0.000115055  0.000217983  0.000173301  0.000268923  0.000244132  0.000336622  0.007269384  0.000000000  0.000000000
 19.989156186  0.007714369  0.000088324  0.000102473  0.000210483  0.000178898  0.000354548  0.000321270  0.000345482  0.006112891  0.000000000  0.000000000
 20.877563127  0.008518803  0.000128020  0.000190568  0.000133347  0.000163799  0.000384978  0.000446058  0.000298289  0.006773744  0.000000000  0.000000000
 21.765970069  0.007313516  0.000157618  0.000297461  0.000119895  0.000189125  0.000367380  0.000427253  0.000302747  0.005452038  0.000000000  0.000000000
 22.654377011  0.006639753  0.000276518  0.000305982  0.000100786  0.000112151  0.000335657  0.000307162  0.000245099  0.004956398  0.000000000  0.000000000
 23.542783952  0.009257204  0.000252107  0.000166759  0.000102084  0.000101011  0.000277870  0.000216038  0.000211097  0.007930237  0.000000000  0.000000000
 24.431190894  0.007271065  0.000156597  0.000115888  0.000160433  0.000116622  0.000237154  0.000168488  0.000202992  0.006112891  0.000000000  0.000000000
 25.319597835  0.008566757  0.000090592  0.000104469  0.000170816  0.000183057  0.000204683  0.000145333  0.000233209  0.007434598  0.000000000  0.000000000
 26.208004777  0.008076139  0.000100121  0.000140279  0.000122928  0.000186796  0.000174557  0.000154573  0.000257927  0.006938958  0.000000000  0.000000000
 27.096411719  0.007682256  0.000177903  0.000144398  0.000161276  0.000119134  0.000170986  0.000235461  0.000229781  0.006443318  0.000000000  0.000000000
 27.984818660  0.006543832  0.000215910  0.000144186  0.000253403  0.000176719  0.000251039  0.000315138  0.000231038  0.004956398  0.000000000  0.000000000
 28.873225602  0.008216525  0.000228214  0.000171300  0.000274560  0.000234309  0.000268297  0.000337389  0.000259140  0.006443318  0.000000000  0.000000000
 29.761632543  0.007211128  0.000173395  0.000151188  0.000240310  0.000218378  0.000265158  0.000243559  0.000301889  0.005617251  0.000000000  0.000000000
 30.650039485  0.006887767  0.000130073  0.000185359  0.000240463  0.000195963  0.000290952  0.000238811  0.000319320  0.005286825  0.000000000  0.000000000
 31.538446426  0.007365032  0.000237357  0.000198397  0.000210798  0.000196973  0.000314457  0.000309914  0.000279885  0.005617251  0.000000000  0.000000000
 32.426853368  0.006743431  0.000240842  0.000182454  0.000192473  0.000176847  0.000331890  0.000342271  0.000320257  0.004956398  0.000000000  0.000000000
 33.315260310  0.007842925  0.000263832  0.000264804  0.000176692  0.000286585  0.000353989  0.000342829  0.000371730  0.005782465  0.000000000  0.000000000
 34.203667251  0.006402288  0.000327642  0.000183998  0.000182409  0.000312055  0.000346175  0.000363838  0.000390626  0.004295545  0.000000000  0.000000000
 35.092074193  0.007775222  0.000193709  0.000183071  0.000192004  0.000196011  0.000331611  0.000360626  0.000370511  0.005947678  0.000000000  0.000000000
 35.980481134  0.007450099  0.000121140  0.000218169  0.000191611  0.000093823  0.000304329  0.000349094  0.000389469  0.005782465  0.000000000  0.000000000
 36.868888076  0.006322807  0.000146488  0.000234153  0.000178425  0.000069996  0.000406719  0.000392813  0.000433456  0.004460759  0.000000000  0.000000000
 37.757295018  0.009348586  0.000117202  0.000229821  0.000155311  0.000059633  0.000581550  0.000510222  0.000425463  0.007269384  0.000000000  0.000000000
 38.645701959  0.008590874  0.000074361  0.000233474  0.000179716  0.000092184  0.000587564  0.000513847  0.000466410  0.006443318  0.000000000  0.000000000
 39.534108901  0.005362808  0.000101110  0.000157704  0.000240579  0.000158184  0.000486944  0.000416361  0.000497661  0.003304266  0.000000000  0.000000000
 40.422515842  0.007623488  0.000172692  0.000127873  0.000245727  0.000202278  0.000395610  0.000447498  0.000414559  0.005617251  0.000000000  0.000000000
 41.310922784  0.008401092  0.000282152  0.000150249  0.000192454  0.000148680  0.000366645  0.000548453  0.000434355  0.006278105  0.000000000  0.000000000
 42.199329726  0.007791785  0.000197300  0.000156405  0.000149420  0.000131393  0.000435436  0.000476078  0.000463289  0.005782465  0.000000000  0.000000000
 43.087736667  0.005836268  0.000160262  0.000142734  0.000144490  0.000122611  0.000510277  0.000415019  0.000375756  0.003965119  0.000000000  0.000000000
 43.976143609  0.006677578  0.000179673  0.000106012  0.000124487  0.000157359  0.000428896  0.000415152  0.000309602  0.004956398  0.000000000  0.000000000
 44.864550550  0.005875312  0.000139995  0.000109463  0.000112737  0.000214382  0.000459044  0.000351335  0.000358024  0.004130332  0.000000000  0.000000000
 45.752957492  0.008215169  0.000064941  0.000139187  0.000100765  0.000206616  0.000481354  0.000326344  0.000452645  0.006443318  0.000000000  0.000000000
 46.641364434  0.008052165  0.000077789  0.000186869  0.000065225  0.000198378  0.000415180  0.000395435  0.000435184  0.006278105  0.000000000  0.000000000
 47.529771375  0.005535272  0.000096804  0.000067268  0.000042828  0.000144193  0.000390706  0.000462463  0.000365891  0.003965119  0.000000000  0.000000000
 48.418178317  0.008874972  0.000076340  0.000078526  0.000052358  0.000107632  0.000417405  0.000505950  0.000367378  0.007269384  0.000000000  0.000000000
 49.306585258  0.007265131  0.000048887  0.000125836  0.000115625  0.000085800  0.000491708  0.000488556  0.000456682  0.005452038  0.000000000  0.000000000
 50.194992200  0.006529214  0.000045653  0.000100593  0.000205035  0.000059612  0.000546466  0.000532785  0.000743525  0.004295545  0.000000000  0.000000000
 51.083399141  0.009146562  0.000055823  0.000091641  0.000099505  0.000054184  0.000500113  0.000601640  0.000639485  0.007104171  0.000000000  0.000000000
 51.971806083  0.007306814  0.000050730  0.000070498  0.000061294  0.000075097  0.000452327  0.000604617  0.000540213  0.005452038  0.000000000  0.000000000
 52.860213025  0.008266012  0.000067387  0.000053438  0.000052262  0.000078973  0.000613795  0.000460492  0.000496347  0.006443318  0.000000000  0.000000000
 53.748619966  0.007302570  0.000071654  0.000054706  0.000056249  0.000074330  0.000478913  0.000446559  0.000502907  0.005617251  0.000000000  0.000000000
 54.637026908  0.011419362  0.000059680  0.000055318  0.000064553  0.000053350  0.000488082  0.000460854  0.000489940  0.009747583  0.000000000  0.000000000
 55.525433849  0.008959372  0.000065337  0.000059250  0.000067480  0.000046876  0.000477696  0.000484728  0.000488621  0.007269384  0.000000000  0.000000000
 56.413840791  0.010627027  0.000086065  0.000076377  0.000059997  0.000059741  0.000489015  0.000490214  0.000444101  0.008921517  0.000000000  0.000000000
 57.302247733  0.010629618  0.000268781  0.000077297  0.000057011  0.000063997  0.000507003  0.000483458  0.000415768  0.008756304  0.000000000  0.000000000
 58.190654674  0.009429978  0.000104985  0.000067297  0.000057193  0.000072403  0.000544892  0.000517876  0.000465521  0.007599811  0.000000000  0.000000000
 59.079061616  0.009534339  0.000077220  0.000064063  0.000058313  0.000078579  0.000563379  0.000536671  0.000556303  0.007599811  0.000000000  0.000000000
 59.967468557  0.008064625  0.000066485  0.000068042  0.000060086  0.000094808  0.000525961  0.000549305  0.000587047  0.006112891  0.000000000  0.000000000
 60.855875499  0.008633304  0.000056830  0.000073538  0.000060281  0.000105394  0.000525363  0.000597589  0.000605778  0.006608531  0.000000000  0.000000000
 61.744282441  0.008505588  0.000061684  0.000071449  0.000061780  0.000104060  0.000562365  0.000646110  0.000720034  0.006278105  0.000000000  0.000000000
 62.632689382  0.008985113  0.000073656  0.000055327  0.000069946  0.000074795  0.000613405  0.000609980  0.000714260  0.006773744  0.000000000  0.000000000
 63.521096324  0.010953430  0.000059714  0.000057822  0.000071060  0.000052494  0.000604687  0.000607631  0.000578504  0.008921517  0.000000000  0.000000000
 64.409503265  0.006810686  0.000048949  0.000076467  0.000068086  0.000045856  0.000578837  0.000554680  0.000481412  0.004956398  0.000000000  0.000000000
 65.297910207  0.008686427  0.000049416  0.000085753  0.000079646  0.000046213  0.000539747  0.000497522  0.000449174  0.006938958  0.000000000  0.000000000
 66.186317149  0.007705067  0.000060511  0.000067556  0.000084266  0.000047786  0.000535485  0.000520337  0.000441448  0.005947678  0.000000000  0.000000000
 67.074724090  0.009301384  0.000059065  0.000054092  0.000073194  0.000050878  0.000585319  0.000533855  0.000510384  0.007434598  0.000000000  0.000000000
 67.963131032  0.010542722  0.000051632  0.000051181  0.000060073  0.000045108  0.000625489  0.000543277  0.000574871  0.008591090  0.000000000  0.000000000
 68.851537973  0.007733306  0.000042638  0.000052638  0.000053425  0.000037282  0.000694772  0.000627205  0.000608097  0.005617251  0.000000000  0.000000000
 69.739944915  0.008976004  0.000042282  0.000055983  0.000052922  0.000040616  0.000681888  0.000784525  0.000709257  0.006608531  0.000000000  0.000000000
 70.628351856  0.007948047  0.000049417  0.000053422  0.000210827  0.000043757  0.000630727  0.000691109  0.000816751  0.005452038  0.000000000  0.000000000
 71.516758798  0.011575847  0.000051627  0.000058378  0.000048447  0.000052285  0.000647033  0.000686756  0.000779379  0.009251944  0.000000000  0.000000000
 72.405165740  0.005918856  0.000044703  0.000051707  0.000048365  0.000063786  0.000658761  0.000714364  0.000702479  0.003634692  0.000000000  0.000000000
 73.293572681  0.009002596  0.000056203  0.000041113  0.000044646  0.000071055  0.000687272  0.000708315  0.000620247  0.006773744  0.000000000  0.000000000
 74.181979623  0.009487421  0.000058783  0.000213646  0.000033749  0.000077606  0.000711919  0.000719995  0.000567553  0.007104171  0.000000000  0.000000000
 75.070386564  0.010004475  0.000041380  0.000049878  0.000029415  0.000061489  0.000660461  0.000586576  0.000645038  0.007930237  0.000000000  0.000000000
 75.958793506  0.009289570  0.000036853  0.000045430  0.000029842  0.000052136  0.000606369  0.000517763  0.000566579  0.007434598  0.000000000  0.000000000
 76.847200448  0.007735364  0.000041594  0.000041193  0.000035042  0.000040748  0.000580999  0.000520053  0.000528058  0.005947678  0.000000000  0.000000000
 77.735607389  0.008639877  0.000053512  0.000036841  0.000040475  0.000116909  0.000540047  0.000550055  0.000528292  0.006773744  0.000000000  0.000000000
 78.624014331  0.010011601  0.000061878  0.000029527  0.000042252  0.000112604  0.000505168  0.000568198  0.000596522  0.008095451  0.000000000  0.000000000
 79.512421272  0.009868028  0.000059496  0.000026224  0.000042731  0.000034114  0.000480406  0.000539974  0.000589631  0.008095451  0.000000000  0.000000000
 80.400828214  0.008652495  0.000048783  0.000026158  0.000039073  0.000031209  0.000490652  0.000521283  0.000556380  0.006938958  0.000000000  0.000000000
 81.289235156  0.009813358  0.000043583  0.000029443  0.000036232  0.000028883  0.000528415  0.000509614  0.000541738  0.008095451  0.000000000  0.000000000
 82.177642097  0.008371496  0.000046947  0.000028260  0.000030543  0.000030945  0.000559251  0.000525357  0.000541662  0.006608531  0.000000000  0.000000000
 83.066049039  0.009241134  0.000049708  0.000030077  0.000028782  0.000030454  0.000548049  0.000574406  0.000545061  0.007434598  0.000000000  0.000000000
 83.954455980  0.010382339  0.000050788  0.000033176  0.000030264  0.000029761  0.000540277  0.000568061  0.000538922  0.008591090  0.000000000  0.000000000
 84.842862922  0.010755556  0.000053956  0.000036703  0.000035273  0.000030882  0.000571489  0.000537589  0.000568146  0.008921517  0.000000000  0.000000000
 85.731269864  0.007819880  0.000053013  0.000037499  0.000041515  0.000038340  0.000648745  0.000574871  0.000643432  0.005782465  0.000000000  0.000000000
 86.619676805  0.002392606  0.000051981  0.000040319  0.000051478  0.000056643  0.000735252  0.000707658  0.000749275  0.000000000  0.000000000  0.000000000
 87.508083747  0.002799972  0.000057399  0.000049701  0.000063062  0.000067913  0.000838456  0.000852914  0.000870526  0.000000000  0.000000000  0.000000000
 88.396490688  0.003324481  0.000067574  0.000061649  0.000078056  0.000074685  0.001009032  0.001008920  0.001024564  0.000000000  0.000000000  0.000000000
 89.284897630  0.004172515  0.000086230  0.000075534  0.000103486  0.000087359  0.001330200  0.001226728  0.001262978  0.000000000  0.000000000  0.000000000
 90.173304572  0.005609312  0.000098175  0.000099823  0.000144082  0.000129535  0.001765221  0.001666958  0.001705518  0.000000000  0.000000000  0.000000000
 91.061711513  0.006615207  0.000133019  0.000143068  0.000154640  0.000194834  0.001913842  0.002046568  0.002029236  0.000000000  0.000000000  0.000000000
 91.950118455  0.005901642  0.000179136  0.000185164  0.000128960  0.000211458  0.001606429  0.001843428  0.001747067  0.000000000  0.000000000  0.000000000
 92.838525396  0.004687249  0.000170091  0.000180838  0.000115147  0.000163390  0.001308462  0.001480917  0.001268405  0.000000000  0.000000000  0.000000000
 93.726932338  0.004045104  0.000135119  0.000160970  0.000109544  0.000120701  0.001211460  0.001218015  0.001089297  0.000000000  0.000000000  0.000000000
 94.615339279  0.003929782  0.000111114  0.000159066  0.000121288  0.000106568  0.001255284  0.001070976  0.001105486  0.000000000  0.000000000  0.000000000
 95.503746221  0.004246956  0.000111001  0.000160356  0.000139411  0.000116229  0.001363681  0.001129801  0.001226478  0.000000000  0.000000000  0.000000000
 96.392153163  0.004732591  0.000121630  0.000158923  0.000159768  0.000127959  0.001454067  0.001325704  0.001384540  0.000000000  0.000000000  0.000000000
 97.280560104  0.005161834  0.000142265  0.000143827  0.000168815  0.000147975  0.001507397  0.001531256  0.001520299  0.000000000  0.000000000  0.000000000
 98.168967046  0.005232939  0.000166689  0.000137028  0.000167888  0.000162481  0.001464655  0.001580852  0.001553347  0.000000000  0.000000000  0.000000000
 99.057373987  0.004991553  0.000160998  0.000139091  0.000157186  0.000156997  0.001380207  0.001513695  0.001483380  0.000000000  0.000000000  0.000000000
 99.945780929  0.004695047  0.000141870  0.000140106  0.000151245  0.000139699  0.001334858  0.001410215  0.001377053  0.000000000  0.000000000  0.000000000
100.834187871  0.004529173  0.000128209  0.000142686  0.000146480  0.000128089  0.001339158  0.001328841  0.001315711  0.000000000  0.000000000  0.000000000
101.722594812  0.004539993  0.000122686  0.000141151  0.000136883  0.000124874  0.001401365  0.001306101  0.001306934  0.000000000  0.000000000  0.000000000
102.611001754  0.004681858  0.000126268  0.000144655  0.000135519  0.000130611  0.001451044  0.001346070  0.001347691  0.000000000  0.000000000  0.000000000
103.499408695  0.004827704  0.000137193  0.000141101  0.000136691  0.000137316  0.001465757  0.001411908  0.001397738  0.000000000  0.000000000  0.000000000
104.387815637  0.004912975  0.000145173  0.000134466  0.000136493  0.000144629  0.001440595  0.001464455  0.001447166  0.000000000  0.000000000  0.000000000
105.276222579  0.004911536  0.000145454  0.000134489  0.000134144  0.000142935  0.001417098  0.001473323  0.001464093  0.000000000  0.000000000  0.000000000
106.164629520  0.004843784  0.000137609  0.000133824  0.000134255  0.000145743  0.001391360  0.001443355  0.001457639  0.000000000  0.000000000  0.000000000
107.053036462  0.004752630  0.000127078  0.000133333  0.000131836  0.000140658  0.001385756  0.001407213  0.001426757  0.000000000  0.000000000  0.000000000
107.941443403  0.004710459  0.000124864  0.000132376  0.000130084  0.000129704  0.001397861  0.001389667  0.001405903  0.000000000  0.000000000  0.000000000
108.829850345  0.004727881  0.000128324  0.000128038  0.000127823  0.000124804  0.001420690  0.001385344  0.001412858  0.000000000  0.000000000  0.000000000
109.718257287  0.004784794  0.000126069  0.000127672  0.000127376  0.000120550  0.001428589  0.001425892  0.001428646  0.000000000  0.000000000  0.000000000
110.606664228  0.004821841  0.000131980  0.000125548  0.000129081  0.000121959  0.001427556  0.001446736  0.001438980  0.000000000  0.000000000  0.000000000
111.495071170  0.004839151  0.000145775  0.000122747  0.000131776  0.000121984  0.001415400  0.001454591  0.001446878  0.000000000  0.000000000  0.000000000
112.383478111  0.004807872  0.000159079  0.000122830  0.000131614  0.000123395  0.001394895  0.001421942  0.001454117  0.000000000  0.000000000  0.000000000
113.271885053  0.004775442  0.000161331  0.000126565  0.000130551  0.000126845  0.001377524  0.001405626  0.001446999  0.000000000  0.000000000  0.000000000
114.160291994  0.004753080  0.000168464  0.000126734  0.000127041  0.000124449  0.001371347  0.001396078  0.001438967  0.000000000  0.000000000  0.000000000
115.048698936  0.004698072  0.000157738  0.000128360  0.000128972  0.000123312  0.001377668  0.001368410  0.001413613  0.000000000  0.000000000  0.000000000
115.937105878  0.004719756  0.000144678  0.000131437  0.000133926  0.000121488  0.001393737  0.001393342  0.001401149  0.000000000  0.000000000  0.000000000
116.825512819  0.004783152  0.000142812  0.000136111  0.000137966  0.000125815  0.001408333  0.001418721  0.001413394  0.000000000  0.000000000  0.000000000
117.713919761  0.004814757  0.000137025  0.000141275  0.000139933  0.000131366  0.001419066  0.001425815  0.001420278  0.000000000  0.000000000  0.000000000
118.602326702  0.004859231  0.000139012  0.000138984  0.000137894  0.000130004  0.001425915  0.001442390  0.001445032  0.000000000  0.000000000  0.000000000
119.490733644  0.004824845  0.000130042  0.000139701  0.000139125  0.000129055  0.001422235  0.001425303  0.001439384  0.000000000  0.000000000  0.000000000
120.379140586  0.004793209  0.000118399  0.000131959  0.000137545  0.000129185  0.001434606  0.001416112  0.001425403  0.000000000  0.000000000  0.000000000
121.267547527  0.004796374  0.000109982  0.000130148  0.000133463  0.000132295  0.001430577  0.001429097  0.001430812  0.000000000  0.000000000  0.000000000
122.155954469  0.004815569  0.000112613  0.000130329  0.000127294  0.000134794  0.001437140  0.001448519  0.001424881  0.000000000  0.000000000  0.000000000
123.044361410  0.004850899  0.000116525  0.000125693  0.000122862  0.000131835  0.001452532  0.001463855  0.001437596  0.000000000  0.000000000  0.000000000
123.932768352  0.004855606  0.000123132  0.000122995  0.000115472  0.000133047  0.001472621  0.001441291  0.001447047  0.000000000  0.000000000  0.000000000
124.821175294  0.004872964  0.000129482  0.000121937  0.000109260  0.000131450  0.001471379  0.001457968  0.001451488  0.000000000  0.000000000  0.000000000
125.709582235  0.004838412  0.000130634  0.000117582  0.000106698  0.000129462  0.001444995  0.001450329  0.001458712  0.000000000  0.000000000  0.000000000
126.597989177  0.004812355  0.000121715  0.000114789  0.000111224  0.000126694  0.001448539  0.001440422  0.001448973  0.000000000  0.000000000  0.000000000
127.486396118  0.004815887  0.000117788  0.000115755  0.000113109  0.000125753  0.001452252  0.001445511  0.001445719  0.000000000  0.000000000  0.000000000
128.374803060  0.004840587  0.000119613  0.000115376  0.000114835  0.000122996  0.001450401  0.001458724  0.001458642  0.000000000  0.000000000  0.000000000
129.263210002  0.004881468  0.000117570  0.000121450  0.000117489  0.000117249  0.001458307  0.001474603  0.001474800  0.000000000  0.000000000  0.000000000
130.151616943  0.004893287  0.000116908  0.000116945  0.000115117  0.000114904  0.001467807  0.001475650  0.001485957  0.000000000  0.000000000  0.000000000
131.040023885  0.004896030  0.000118280  0.000114864  0.000115807  0.000113968  0.001456152  0.001486071  0.001490890  0.000000000  0.000000000  0.000000000
131.928430826  0.004906295  0.000126181  0.000114764  0.000117117  0.000116336  0.001467928  0.001483035  0.001480934  0.000000000  0.000000000  0.000000000
132.816837768  0.004896949  0.000131767  0.000112893  0.000118657  0.000116561  0.001465608  0.001470877  0.001480586  0.000000000  0.000000000  0.000000000
133.705244709  0.004854052  0.000127903  0.000110341  0.000121453  0.000116930  0.001460574  0.001457280  0.001459572  0.000000000  0.000000000  0.000000000
134.593651651  0.004795420  0.000116491  0.000114206  0.000118832  0.000112546  0.001449370  0.001431392  0.001452583  0.000000000  0.000000000  0.000000000
135.482058593  0.004813852  0.000121573  0.000119294  0.000115244  0.000110810  0.001448501  0.001441912  0.001456518  0.000000000  0.000000000  0.000000000
136.370465534  0.004840874  0.000124042  0.000115513  0.000111076  0.000112716  0.001445911  0.001460381  0.001471236  0.000000000  0.000000000  0.000000000
137.258872476  0.004880335  0.000118068  0.000110797  0.000110666  0.000113480  0.001459281  0.001477824  0.001490219  0.000000000  0.000000000  0.000000000
138.147279417  0.004925412  0.000121458  0.000112684  0.000110017  0.000112255  0.001481155  0.001485471  0.001502371  0.000000000  0.000000000  0.000000000
139.035686359  0.004930590  0.000116586  0.000113422  0.000110863  0.000111723  0.001481726  0.001492651  0.001503619  0.000000000  0.000000000  0.000000000
139.924093301  0.004938878  0.000112625  0.000114179  0.000110756  0.000111649  0.001487098  0.001509652  0.001492919  0.000000000  0.000000000  0.000000000
140.812500242  0.004913108  0.000113295  0.000111650  0.000113341  0.000110089  0.001488629  0.001494320  0.001481783  0.000000000  0.000000000  0.000000000
141.700907184  0.004873936  0.000108135  0.000114854  0.000112075  0.000111790  0.001489359  0.001473829  0.001463894  0.000000000  0.000000000  0.000000000
142.589314125  0.004873536  0.000106163  0.000115962  0.000114946  0.000116187  0.001492128  0.001462735  0.001465416  0.000000000  0.000000000  0.000000000
143.477721067  0.004868254  0.000111033  0.000112109  0.000116416  0.000113413  0.001493084  0.001464712  0.001457488  0.000000000  0.000000000  0.000000000
144.366128009  0.004914716  0.000105081  0.000108319  0.000115225  0.000113335  0.001502817  0.001492213  0.001477726  0.000000000  0.000000000  0.000000000
145.254534950  0.004940770  0.000095908  0.000103422  0.000114491  0.000114648  0.001508182  0.001499772  0.001504347  0.000000000  0.000000000  0.000000000
146.142941892  0.004984183  0.000100978  0.000111251  0.000114654  0.000115019  0.001510655  0.001517904  0.001513722  0.000000000  0.000000000  0.000000000
147.031348833  0.004971964  0.000096036  0.000115973  0.000110990  0.000113846  0.001500880  0.001524536  0.001509702  0.000000000  0.000000000  0.000000000
147.919755775  0.004952243  0.000102418  0.000113593  0.000101651  0.000112796  0.001507284  0.001521404  0.001493096  0.000000000  0.000000000  0.000000000
148.808162717  0.004916224  0.000105169  0.000113693  0.000102426  0.000108063  0.001507825  0.001491324  0.001487725  0.000000000  0.000000000  0.000000000
149.696569658  0.004914567  0.000104193  0.000111730  0.000105778  0.000103541  0.001515999  0.001491169  0.001482157  0.000000000  0.000000000  0.000000000
150.584976600  0.004898364  0.000101244  0.000109026  0.000109620  0.000102249  0.001518698  0.001484746  0.001472781  0.000000000  0.000000000  0.000000000
151.473383541  0.004915205  0.000097748  0.000109763  0.000111722  0.000106013  0.001519028  0.001497647  0.001473284  0.000000000  0.000000000  0.000000000
152.361790483  0.004949466  0.000100793  0.000111312  0.000114652  0.000108888  0.001523145  0.001501503  0.001489172  0.000000000  0.000000000  0.000000000
153.250197424  0.004946136  0.000101770  0.000106034  0.000112503  0.000109860  0.001504690  0.001502019  0.001509261  0.000000000  0.000000000  0.000000000
154.138604366  0.004963254  0.000103499  0.000104384  0.000108523  0.000104199  0.001496865  0.001516359  0.001529424  0.000000000  0.000000000  0.000000000
155.027011308  0.004967059  0.000102112  0.000099974  0.000105601  0.000105398  0.001500396  0.001530966  0.001522612  0.000000000  0.000000000  0.000000000
155.915418249  0.004955111  0.000102371  0.000106758  0.000104439  0.000098167  0.001498785  0.001513727  0.001530864  0.000000000  0.000000000  0.000000000
156.803825191  0.004957935  0.000105542  0.000106371  0.000101750  0.000095285  0.001501976  0.001516741  0.001530270  0.000000000  0.000000000  0.000000000
157.692232132  0.004973204  0.000105336  0.000101176  0.000099267  0.000089603  0.001528007  0.001523713  0.001526103  0.000000000  0.000000000  0.000000000
158.580639074  0.004964974  0.000105270  0.000096171  0.000099775  0.000088621  0.001533887  0.001522633  0.001518618  0.000000000  0.000000000  0.000000000
159.469046016  0.004948504  0.000108528  0.000091024  0.000101330  0.000084534  0.001532470  0.001514868  0.001515751  0.000000000  0.000000000  0.000000000
160.357452957  0.004947274  0.000111058  0.000082194  0.000095298  0.000085875  0.001511768  0.001521092  0.001539988  0.000000000  0.000000000  0.000000000
161.245859899  0.004994430  0.000110084  0.000081315  0.000093918  0.000090390  0.001505104  0.001537697  0.001575922  0.000000000  0.000000000  0.000000000
162.134266840  0.004997524  0.000104315  0.000079271  0.000095816  0.000088353  0.001513296  0.001544322  0.001572151  0.000000000  0.000000000  0.000000000
163.022673782  0.005002287  0.000095670  0.000083596  0.000090353  0.000083382  0.001525899  0.001552561  0.001570826  0.000000000  0.000000000  0.000000000
163.911080724  0.004989673  0.000096377  0.000085975  0.000087275  0.000083497  0.001533053  0.001548749  0.001554748  0.000000000  0.000000000  0.000000000
164.799487665  0.004999501  0.000096056  0.000085928  0.000088869  0.000086055  0.001545367  0.001544909  0.001552316  0.000000000  0.000000000  0.000000000
165.687894607  0.004987198  0.000099819  0.000090743  0.000087798  0.000089394  0.001533761  0.001537547  0.001548136  0.000000000  0.000000000  0.000000000
166.576301548  0.004959526  0.000098125  0.000089425  0.000086497  0.000092863  0.001523961  0.001537791  0.001530864  0.000000000  0.000000000  0.000000000
167.464708490  0.004948763  0.000094093  0.000091871  0.000087106  0.000099789  0.001527255  0.001521517  0.001527132  0.000000000  0.000000000  0.000000000
168.353115432  0.004993389  0.000093788  0.000098440  0.000084805  0.000105490  0.001530229  0.001532538  0.001548099  0.000000000  0.000000000  0.000000000
169.241522373  0.005023349  0.000094647  0.000097085  0.000086442  0.000104336  0.001546782  0.001549910  0.001544146  0.000000000  0.000000000  0.000000000
170.129929315  0.005002885  0.000091731  0.000098774  0.000088844  0.000099344  0.001547963  0.001551598  0.001524631  0.000000000  0.000000000  0.000000000
171.018336256  0.004992360  0.000089414  0.000099439  0.000094792  0.000103948  0.001550396  0.001527634  0.001526736  0.000000000  0.000000000  0.000000000
171.906743198  0.004973809  0.000091275  0.000101716  0.000098532  0.000105709  0.001535331  0.001525136  0.001516111  0.000000000  0.000000000  0.000000000
172.795150139  0.004940942  0.000086454  0.000100844  0.000096728  0.000102578  0.001523545  0.001521805  0.001508989  0.000000000  0.000000000  0.000000000
173.683557081  0.004961899  0.000087982  0.000101727  0.000100287  0.000097868  0.001537913  0.001520698  0.001515423  0.000000000  0.000000000  0.000000000
174.571964023  0.004983309  0.000085765  0.000108170  0.000097942  0.000094878  0.001543325  0.001521268  0.001531961  0.000000000  0.000000000  0.000000000
175.460370964  0.005000162  0.000090218  0.000101190  0.000098591  0.000098556  0.001553241  0.001532828  0.001525539  0.000000000  0.000000000  0.000000000
176.348777906  0.005015299  0.000089843  0.000101484  0.000098888  0.000100769  0.001557258  0.001538843  0.001528213  0.000000000  0.000000000  0.000000000
177.237184847  0.005025823  0.000087561  0.000097156  0.000099956  0.000094630  0.001553471  0.001559336  0.001533714  0.000000000  0.000000000  0.000000000
178.125591789  0.005033638  0.000087247  0.000094763  0.000095459  0.000089237  0.001572057  0.001565050  0.001529825  0.000000000  0.000000000  0.000000000
179.013998731  0.005031646  0.000081137  0.000091427  0.000093710  0.000087118  0.001582486  0.001561182  0.001534587  0.000000000  0.000000000  0.000000000
179.902405672  0.005042734  0.000075064  0.000085554  0.000089822  0.000088636  0.001578782  0.001575157  0.001549718  0.000000000  0.000000000  0.000000000
180.790812614  0.005050417  0.000074043  0.000087367  0.000091432  0.000089043  0.001580937  0.001568305  0.001559290  0.000000000  0.000000000  0.000000000
181.679219555  0.005049481  0.000072667  0.000085219  0.000090902  0.000088340  0.001581055  0.001567908  0.001563391  0.000000000  0.000000000  0.000000000
182.567626497  0.005061422  0.000076008  0.000085938  0.000090241  0.000094203  0.001582417  0.001576020  0.001556595  0.000000000  0.000000000  0.000000000
183.456033439  0.005047244  0.000078271  0.000086488  0.000085900  0.000091510  0.001578883  0.001564931  0.001561260  0.000000000  0.000000000  0.000000000
184.344440380  0.005068572  0.000076961  0.000087281  0.000086011  0.000093012  0.001584465  0.001576130  0.001564711  0.000000000  0.000000000  0.000000000
185.232847322  0.005044023  0.000081582  0.000084815  0.000087308  0.000087903  0.001566061  0.001576485  0.001559868  0.000000000  0.000000000  0.000000000
186.121254263  0.005034522  0.000077048  0.000084631  0.000090225  0.000085268  0.001565284  0.001562440  0.001569625  0.000000000  0.000000000  0.000000000
187.009661205  0.005045730  0.000081295  0.000082443  0.000087381  0.000082898  0.001572266  0.001570431  0.001569016  0.000000000  0.000000000  0.000000000
187.898068147  0.005045383  0.000085278  0.000084092  0.000088578  0.000075257  0.001579587  0.001563623  0.001568969  0.000000000  0.000000000  0.000000000
188.786475088  0.005058130  0.000086682  0.000084086  0.000092028  0.000073699  0.001573786  0.001576325  0.001571525  0.000000000  0.000000000  0.000000000
189.674882030  0.005037018  0.000090467  0.000087935  0.000090725  0.000074281  0.001563323  0.001567037  0.001563251  0.000000000  0.000000000  0.000000000
190.563288971  0.005006310  0.000087261  0.000086164  0.000086582  0.000074904  0.001556889  0.001552944  0.001561565  0.000000000  0.000000000  0.000000000
191.451695913  0.005039846  0.000088106  0.000085393  0.000082624  0.000073545  0.001565509  0.001564666  0.001580003  0.000000000  0.000000000  0.000000000
192.340102854  0.005065507  0.000088428  0.000081105  0.000083415  0.000076821  0.001561708  0.001591004  0.001583025  0.000000000  0.000000000  0.000000000
193.228509796  0.005058015  0.000092807  0.000078096  0.000080236  0.000080782  0.001566250  0.001577834  0.001582010  0.000000000  0.000000000  0.000000000
194.116916738  0.005033689  0.000091365  0.000077840  0.000077286  0.000087088  0.001563782  0.001561081  0.001575246  0.000000000  0.000000000  0.000000000
195.005323679  0.005009439  0.000090332  0.000075989  0.000076239  0.000087511  0.001546734  0.001547153  0.001585481  0.000000000  0.000000000  0.000000000
195.893730621  0.005023261  0.000088313  0.000080012  0.000077255  0.000079762  0.001552125  0.001561771  0.001584024  0.000000000  0.000000000  0.000000000
196.782137562  0.005038557  0.000086419  0.000080486  0.000072276  0.000074741  0.001550585  0.001577184  0.001596866  0.000000000  0.000000000  0.000000000
197.670544504  0.005062419  0.000083460  0.000073504  0.000071454  0.000074303  0.001561447  0.001594342  0.001603909  0.000000000  0.000000000  0.000000000
198.558951446  0.005073494  0.000086721  0.000066044  0.000069185  0.000073395  0.001576635  0.001585816  0.001615697  0.000000000  0.000000000  0.000000000
199.447358387  0.005061347  0.000085906  0.000065727  0.000069853  0.000074886  0.001583745  0.001574061  0.001607169  0.000000000  0.000000000  0.000000000
200.335765329  0.005057613  0.000086477  0.000064616  0.000071604  0.000071725  0.001577533  0.001587962  0.001597696  0.000000000  0.000000000  0.000000000
201.224172270  0.005083702  0.000085737  0.000064706  0.000072868  0.000070559  0.001591897  0.001605903  0.001592034  0.000000000  0.000000000  0.000000000
202.112579212  0.005086630  0.000080982  0.000070914  0.000071086  0.000065615  0.001589439  0.001609429  0.001599165  0.000000000  0.000000000  0.000000000
203.000986154  0.005087315  0.000081071  0.000075968  0.000072494  0.000066202  0.001588630  0.001602203  0.001600748  0.000000000  0.000000000  0.000000000
203.889393095  0.005117106  0.000077923  0.000079472  0.000074966  0.000071880  0.001600786  0.001603496  0.001608584  0.000000000  0.000000000  0.000000000
204.777800037  0.005095792  0.000075981  0.000077396  0.000076533  0.000076425  0.001594402  0.001595456  0.001599600  0.000000000  0.000000000  0.000000000
205.666206978  0.005059843  0.000070874  0.000078560  0.000078556  0.000082368  0.001577549  0.001583555  0.001588380  0.000000000  0.000000000  0.000000000
206.554613920  0.005044872  0.000073977  0.000079300  0.000084970  0.000078712  0.001574900  0.001567104  0.001585908  0.000000000  0.000000000  0.000000000
207.443020862  0.005041015  0.000077834  0.000083239  0.000085907  0.000078115  0.001583024  0.001562479  0.001570415  0.000000000  0.000000000  0.000000000
208.331427803  0.005050712  0.000073110  0.000086813  0.000087313  0.000080338  0.001584577  0.001577347  0.001561214  0.000000000  0.000000000  0.000000000
209.219834745  0.005080749  0.000070711  0.000088072  0.000082704  0.000079098  0.001607555  0.001584102  0.001568508  0.000000000  0.000000000  0.000000000
210.108241686  0.005111227  0.000071725  0.000089193  0.000081218  0.000080476  0.001595360  0.001600230  0.001593025  0.000000000  0.000000000  0.000000000
210.996648628  0.005112122  0.000070789  0.000086247  0.000077910  0.000080716  0.001593367  0.001614627  0.001588466  0.000000000  0.000000000  0.000000000
211.885055569  0.005100890  0.000076562  0.000077432  0.000077426  0.000080124  0.001599913  0.001609217  0.001580216  0.000000000  0.000000000  0.000000000
212.773462511  0.005061486  0.000077271  0.000073635  0.000074425  0.000080315  0.001595488  0.001583562  0.001576789  0.000000000  0.000000000  0.000000000
213.661869453  0.005044196  0.000077965  0.000073919  0.000075585  0.000076694  0.001589107  0.001572910  0.001578016  0.000000000  0.000000000  0.000000000
214.550276394  0.005026048  0.000078146  0.000069265  0.000073515  0.000078237  0.001574255  0.001571727  0.001580903  0.000000000  0.000000000  0.000000000
215.438683336  0.005027815  0.000082314  0.000073721  0.000075905  0.000083961  0.001570241  0.001568322  0.001573352  0.000000000  0.000000000  0.000000000
216.327090277  0.005025150  0.000083125  0.000079513  0.000077986  0.000088922  0.001567989  0.001563717  0.001563898  0.000000000  0.000000000  0.000000000
217.215497219  0.005035359  0.000079906  0.000082071  0.000077562  0.000090746  0.001571213  0.001572309  0.001561553  0.000000000  0.000000000  0.000000000
218.103904161  0.005051208  0.000080565  0.000086638  0.000081634  0.000093936  0.001579102  0.001561498  0.001567834  0.000000000  0.000000000  0.000000000
218.992311102  0.005027664  0.000080461  0.000089703  0.000084671  0.000091593  0.001570551  0.001551589  0.001559095  0.000000000  0.000000000  0.000000000
219.880718044  0.005041093  0.000076965  0.000091765  0.000085020  0.000091591  0.001570047  0.001572594  0.001553111  0.000000000  0.000000000  0.000000000
220.769124985  0.005004060  0.000080373  0.000093424  0.000085499  0.000097734  0.001557144  0.001556842  0.001533044  0.000000000  0.000000000  0.000000000
221.657531927  0.005027518  0.000079859  0.000094069  0.000085869  0.000103543  0.001566123  0.001558084  0.001539971  0.000000000  0.000000000  0.000000000
222.545938869  0.005001422  0.000080518  0.000090476  0.000090064  0.000103312  0.001553462  0.001551745  0.001531846  0.000000000  0.000000000  0.000000000
223.434345810  0.004993637  0.000082068  0.000090480  0.000092502  0.000101181  0.001557747  0.001534795  0.001534864  0.000000000  0.000000000  0.000000000
224.322752752  0.005011412  0.000084545  0.000092109  0.000097580  0.000098526  0.001562942  0.001546069  0.001529642  0.000000000  0.000000000  0.000000000
225.211159693  0.005008368  0.000087539  0.000099574  0.000103964  0.000092386  0.001558665  0.001545504  0.001520737  0.000000000  0.000000000  0.000000000
226.099566635  0.004993773  0.000088324  0.000096941  0.000105770  0.000093090  0.001555026  0.001543028  0.001511592  0.000000000  0.000000000  0.000000000
226.987973577  0.005002815  0.000088120  0.000103689  0.000106021  0.000093873  0.001554438  0.001539768  0.001516907  0.000000000  0.000000000  0.000000000
227.876380518  0.004983640  0.000082375  0.000104343  0.000111564  0.000093701  0.001551892  0.001526465  0.001513299  0.000000000  0.000000000  0.000000000
228.764787460  0.004962009  0.000086203  0.000111393  0.000104587  0.000095613  0.001532282  0.001520821  0.001511109  0.000000000  0.000000000  0.000000000
229.653194401  0.004948343  0.000089924  0.000109750  0.000103354  0.000107341  0.001524888  0.001508053  0.001505033  0.000000000  0.000000000  0.000000000
230.541601343  0.004931596  0.000092861  0.000108237  0.000105663  0.000110962  0.001513938  0.001501786  0.001498149  0.000000000  0.000000000  0.000000000
231.430008285  0.004958892  0.000100906  0.000108006  0.000110621  0.000114235  0.001514899  0.001516766  0.001493460  0.000000000  0.000000000  0.000000000
232.318415226  0.004935916  0.000101334  0.000108927  0.000104695  0.000110837  0.001506810  0.001508700  0.001494612  0.000000000  0.000000000  0.000000000
233.206822168  0.004924538  0.000109566  0.000109283  0.000105636  0.000107822  0.001487661  0.001503461  0.001501109  0.000000000  0.000000000  0.000000000
234.095229109  0.004926414  0.000118473  0.000112947  0.000101133  0.000107634  0.001489933  0.001498118  0.001498177  0.000000000  0.000000000  0.000000000
234.983636051  0.004923820  0.000122958  0.000111384  0.000100723  0.000107505  0.001492685  0.001484847  0.001503719  0.000000000  0.000000000  0.000000000
235.872042992  0.004895264  0.000122135  0.000103427  0.000103673  0.000100098  0.001481284  0.001476417  0.001508230  0.000000000  0.000000000  0.000000000
236.760449934  0.004871943  0.000117234  0.000096607  0.000103667  0.000095462  0.001463821  0.001483075  0.001512075  0.000000000  0.000000000  0.000000000
237.648856876  0.004868195  0.000114433  0.000093578  0.000103494  0.000092931  0.001463335  0.001486098  0.001514326  0.000000000  0.000000000  0.000000000
238.537263817  0.004889992  0.000118031  0.000093423  0.000097992  0.000091691  0.001468988  0.001495109  0.001524758  0.000000000  0.000000000  0.000000000
239.425670759  0.004939453  0.000123138  0.000092178  0.000096579  0.000091169  0.001499216  0.001504169  0.001533004  0.000000000  0.000000000  0.000000000
240.314077700  0.004942228  0.000117880  0.000087948  0.000093449  0.000094089  0.001493159  0.001513917  0.001541787  0.000000000  0.000000000  0.000000000
241.202484642  0.004959126  0.000104136  0.000088903  0.000096078  0.000093279  0.001493872  0.001530948  0.001551910  0.000000000  0.000000000  0.000000000
242.090891584  0.004980252  0.000105272  0.000090566  0.000095686  0.000096859  0.001519493  0.001532261  0.001540116  0.000000000  0.000000000  0.000000000
242.979298525  0.004962452  0.000108374  0.000088196  0.000096120  0.000096045  0.001521940  0.001522553  0.001529224  0.000000000  0.000000000  0.000000000
243.867705467  0.004905756  0.000107296  0.000093437  0.000096444  0.000098024  0.001503441  0.001505704  0.001501410  0.000000000  0.000000000  0.000000000
244.756112408  0.004907010  0.000107853  0.000096548  0.000098483  0.000100286  0.001502874  0.001505396  0.001495569  0.000000000  0.000000000  0.000000000
245.644519350  0.004947885  0.000097748  0.000103486  0.000101777  0.000104963  0.001511502  0.001507244  0.001521164  0.000000000  0.000000000  0.000000000
246.532926292  0.004959300  0.000092993  0.000108472  0.000103668  0.000101982  0.001512733  0.001519384  0.001520068  0.000000000  0.000000000  0.000000000
247.421333233  0.004975423  0.000093540  0.000109587  0.000104970  0.000104345  0.001515429  0.001528605  0.001518947  0.000000000  0.000000000  0.000000000
248.309740175  0.004975567  0.000097899  0.000108480  0.000105973  0.000105649  0.001516859  0.001524420  0.001516287  0.000000000  0.000000000  0.000000000
249.198147116  0.004962245  0.000099701  0.000112011  0.000110435  0.000105676  0.001517581  0.001517376  0.001499465  0.000000000  0.000000000  0.000000000
250.086554058  0.004907647  0.000098750  0.000115198  0.000108961  0.000109334  0.001501768  0.001490424  0.001483213  0.000000000  0.000000000  0.000000000
250.974961000  0.004890588  0.000103636  0.000114243  0.000113689  0.000107647  0.001501968  0.001480728  0.001468678  0.000000000  0.000000000  0.000000000
251.863367941  0.004871170  0.000108941  0.000116649  0.000120328  0.000109666  0.001486106  0.001465051  0.001464430  0.000000000  0.000000000  0.000000000
252.751774883  0.004870105  0.000111269  0.000115716  0.000117693  0.000112489  0.001478621  0.001467937  0.001466380  0.000000000  0.000000000  0.000000000
253.640181824  0.004870864  0.000116224  0.000119558  0.000117446  0.000121174  0.001464343  0.001469797  0.001462322  0.000000000  0.000000000  0.000000000
254.528588766  0.004865531  0.000120948  0.000120287  0.000113658  0.000125849  0.001458640  0.001468476  0.001457672  0.000000000  0.000000000  0.000000000
255.416995707  0.004848097  0.000126711  0.000120393  0.000114713  0.000122101  0.001453646  0.001451295  0.001459238  0.000000000  0.000000000  0.000000000
256.305402649  0.004812574  0.000126948  0.000121377  0.000116683  0.000125473  0.001443685  0.001431893  0.001446515  0.000000000  0.000000000  0.000000000
257.193809591  0.004819984  0.000123794  0.000120120  0.000123425  0.000129439  0.001444138  0.001442232  0.001436836  0.000000000  0.000000000  0.000000000
258.082216532  0.004820431  0.000118860  0.000119974  0.000124108  0.000131126  0.001451361  0.001454500  0.001420503  0.000000000  0.000000000  0.000000000
258.970623474  0.004841566  0.000117762  0.000125147  0.000125532  0.000131866  0.001469062  0.001444362  0.001427835  0.000000000  0.000000000  0.000000000
259.859030415  0.004847038  0.000118500  0.000125100  0.000126565  0.000128787  0.001455778  0.001442030  0.001450278  0.000000000  0.000000000  0.000000000
260.747437357  0.004854978  0.000116291  0.000125734  0.000121149  0.000124230  0.001452874  0.001452533  0.001462167  0.000000000  0.000000000  0.000000000
261.635844299  0.004823649  0.000107593  0.000125897  0.000119990  0.000119890  0.001442545  0.001454558  0.001453176  0.000000000  0.000000000  0.000000000
262.524251240  0.004833684  0.000117780  0.000122301  0.000121711  0.000118388  0.001443166  0.001450307  0.001460031  0.000000000  0.000000000  0.000000000
263.412658182  0.004844808  0.000117435  0.000122418  0.000123432  0.000118931  0.001460579  0.001453861  0.001448153  0.000000000  0.000000000  0.000000000
264.301065123  0.004856458  0.000119141  0.000122590  0.000124949  0.000121127  0.001469537  0.001449635  0.001449479  0.000000000  0.000000000  0.000000000
265.189472065  0.004845898  0.000121048  0.000125842  0.000118484  0.000121372  0.001460136  0.001447623  0.001451394  0.000000000  0.000000000  0.000000000
266.077879007  0.004831000  0.000126574  0.000118467  0.000115933  0.000116479  0.001452800  0.001456088  0.001444659  0.000000000  0.000000000  0.000000000
266.966285948  0.004840464  0.000127165  0.000115316  0.000113672  0.000114027  0.001450831  0.001463238  0.001456214  0.000000000  0.000000000  0.000000000
267.854692890  0.004870942  0.000124393  0.000110716  0.000116046  0.000112904  0.001471221  0.001472449  0.001463213  0.000000000  0.000000000  0.000000000
268.743099831  0.004880909  0.000121033  0.000109809  0.000119244  0.000111001  0.001469489  0.001471635  0.001478697  0.000000000  0.000000000  0.000000000
269.631506773  0.004886913  0.000115694  0.000111458  0.000120409  0.000110208  0.001465415  0.001475479  0.001488249  0.000000000  0.000000000  0.000000000
270.519913715  0.004877504  0.000111818  0.000116625  0.000118590  0.000116695  0.001455943  0.001475453  0.001482379  0.000000000  0.000000000  0.000000000
271.408320656  0.004882854  0.000111330  0.000114991  0.000117092  0.000115838  0.001458735  0.001483852  0.001481016  0.000000000  0.000000000  0.000000000
272.296727598  0.004865058  0.000114493  0.000116823  0.000117015  0.000112594  0.001459991  0.001464012  0.001480129  0.000000000  0.000000000  0.000000000
273.185134539  0.004838700  0.000118107  0.000114764  0.000119460  0.000113891  0.001460442  0.001453332  0.001458704  0.000000000  0.000000000  0.000000000
274.073541481  0.004791701  0.000128510  0.000115547  0.000120517  0.000117835  0.001439363  0.001435261  0.001434668  0.000000000  0.000000000  0.000000000
274.961948422  0.004787856  0.000135041  0.000122124  0.000125258  0.000124764  0.001413876  0.001432528  0.001434264  0.000000000  0.000000000  0.000000000
275.850355364  0.004797468  0.000139390  0.000127125  0.000125515  0.000129535  0.001418370  0.001425519  0.001432013  0.000000000  0.000000000  0.000000000
276.738762306  0.004798600  0.000139444  0.000131291  0.000127019  0.000131270  0.001417119  0.001419406  0.001433051  0.000000000  0.000000000  0.000000000
277.627169247  0.004791540  0.000142881  0.000138433  0.000130348  0.000131775  0.001409759  0.001415592  0.001422752  0.000000000  0.000000000  0.000000000
278.515576189  0.004771110  0.000142044  0.000141147  0.000135852  0.000135018  0.001395705  0.001408091  0.001413253  0.000000000  0.000000000  0.000000000
279.403983130  0.004728062  0.000144301  0.000139185  0.000141818  0.000135009  0.001381036  0.001392702  0.001394011  0.000000000  0.000000000  0.000000000
280.292390072  0.004704398  0.000147651  0.000146166  0.000143041  0.000136529  0.001375188  0.001370105  0.001385717  0.000000000  0.000000000  0.000000000
281.180797014  0.004683409  0.000143212  0.000141881  0.000146317  0.000136016  0.001365618  0.001360544  0.001389821  0.000000000  0.000000000  0.000000000
282.069203955  0.004677245  0.000138378  0.000136561  0.000147740  0.000138631  0.001376330  0.001357236  0.001382369  0.000000000  0.000000000  0.000000000
282.957610897  0.004716081  0.000144260  0.000137032  0.000151050  0.000138255  0.001381908  0.001376732  0.001386845  0.000000000  0.000000000  0.000000000
283.846017838  0.004757924  0.000148839  0.000135634  0.000149352  0.000144964  0.001390567  0.001404637  0.001383932  0.000000000  0.000000000  0.000000000
284.734424780  0.004759182  0.000145580  0.000141266  0.000147586  0.000146259  0.001390254  0.001406299  0.001381939  0.000000000  0.000000000  0.000000000
285.622831722  0.004727350  0.000144780  0.000144258  0.000143019  0.000145472  0.001386776  0.001383706  0.001379339  0.000000000  0.000000000  0.000000000
286.511238663  0.004733219  0.000146342  0.000146861  0.000142459  0.000141345  0.001380838  0.001385774  0.001389600  0.000000000  0.000000000  0.000000000
287.399645605  0.004751879  0.000144544  0.000153283  0.000141207  0.000134973  0.001385067  0.001386440  0.001406365  0.000000000  0.000000000  0.000000000
288.288052546  0.004738511  0.000143265  0.000147434  0.000140349  0.000136745  0.001392250  0.001382947  0.001395523  0.000000000  0.000000000  0.000000000
289.176459488  0.004742162  0.000142502  0.000149137  0.000144691  0.000128263  0.001387535  0.001396421  0.001393613  0.000000000  0.000000000  0.000000000
290.064866430  0.004750452  0.000133292  0.000143490  0.000140451  0.000127810  0.001406935  0.001403089  0.001395385  0.000000000  0.000000000  0.000000000
290.953273371  0.004750608  0.000133961  0.000138139  0.000132999  0.000136012  0.001417911  0.001391142  0.001400443  0.000000000  0.000000000  0.000000000
291.841680313  0.004783738  0.000133539  0.000141986  0.000129883  0.000132569  0.001424235  0.001410914  0.001410612  0.000000000  0.000000000  0.000000000
292.730087254  0.004803199  0.000132028  0.000136593  0.000131684  0.000130797  0.001424824  0.001431721  0.001415552  0.000000000  0.000000000  0.000000000
293.618494196  0.004815230  0.000130048  0.000125635  0.000127556  0.000130506  0.001440176  0.001429347  0.001431963  0.000000000  0.000000000  0.000000000
294.506901137  0.004830073  0.000126166  0.000121328  0.000123387  0.000133824  0.001423806  0.001457281  0.001444282  0.000000000  0.000000000  0.000000000
295.395308079  0.004843751  0.000112519  0.000119707  0.000119346  0.000124035  0.001453436  0.001464794  0.001449916  0.000000000  0.000000000  0.000000000
296.283715021  0.004845454  0.000107951  0.000107317  0.000117721  0.000126390  0.001465860  0.001462001  0.001458214  0.000000000  0.000000000  0.000000000
297.172121962  0.004835175  0.000109482  0.000105395  0.000117419  0.000132024  0.001462800  0.001454072  0.001453982  0.000000000  0.000000000  0.000000000
298.060528904  0.004855081  0.000112798  0.000110914  0.000116151  0.000128987  0.001478385  0.001458284  0.001449563  0.000000000  0.000000000  0.000000000
298.948935845  0.004849753  0.000115503  0.000113745  0.000114726  0.000124583  0.001468795  0.001459018  0.001453383  0.000000000  0.000000000  0.000000000
299.837342787  0.004846374  0.000119901  0.000119222  0.000116418  0.000122737  0.001455270  0.001465915  0.001446911  0.000000000  0.000000000  0.000000000
300.725749729  0.004821004  0.000119080  0.000126371  0.000114766  0.000121963  0.001437829  0.001446878  0.001454116  0.000000000  0.000000000  0.000000000
301.614156670  0.004822155  0.000124985  0.000125015  0.000109998  0.000124088  0.001439326  0.001433904  0.001464839  0.000000000  0.000000000  0.000000000
302.502563612  0.004824944  0.000125825  0.000126189  0.000108477  0.000126644  0.001438676  0.001438529  0.001460602  0.000000000  0.000000000  0.000000000
303.390970553  0.004832083  0.000124219  0.000120913  0.000110758  0.000125680  0.001442337  0.001445402  0.001462772  0.000000000  0.000000000  0.000000000
304.279377495  0.004827979  0.000122404  0.000121858  0.000112082  0.000122289  0.001445777  0.001455356  0.001448215  0.000000000  0.000000000  0.000000000
305.167784437  0.004835792  0.000125772  0.000116000  0.000121420  0.000129536  0.001450434  0.001456764  0.001435866  0.000000000  0.000000000  0.000000000
306.056191378  0.004810520  0.000127055  0.000117598  0.000118985  0.000130176  0.001433499  0.001450825  0.001432383  0.000000000  0.000000000  0.000000000
306.944598320  0.004785272  0.000126754  0.000115269  0.000116044  0.000135496  0.001430995  0.001427769  0.001432945  0.000000000  0.000000000  0.000000000
307.833005261  0.004790857  0.000135976  0.000121803  0.000120051  0.000138789  0.001420653  0.001423246  0.001430340  0.000000000  0.000000000  0.000000000
308.721412203  0.004764928  0.000135301  0.000125363  0.000125207  0.000140033  0.001407530  0.001412110  0.001419384  0.000000000  0.000000000  0.000000000
309.609819145  0.004758075  0.000135533  0.000130723  0.000130244  0.000142467  0.001400587  0.001403196  0.001415324  0.000000000  0.000000000  0.000000000
310.498226086  0.004750516  0.000138705  0.000140475  0.000135100  0.000136399  0.001409616  0.001386990  0.001403232  0.000000000  0.000000000  0.000000000
311.386633028  0.004762939  0.000135581  0.000142893  0.000142074  0.000131727  0.001401662  0.001404985  0.001404016  0.000000000  0.000000000  0.000000000
312.275039969  0.004770902  0.000138450  0.000141012  0.000150757  0.000128696  0.001398276  0.001415192  0.001398519  0.000000000  0.000000000  0.000000000
313.163446911  0.004788868  0.000136970  0.000145810  0.000151830  0.000129274  0.001408167  0.001407275  0.001409542  0.000000000  0.000000000  0.000000000
314.051853852  0.004787722  0.000134869  0.000143675  0.000151980  0.000129705  0.001415803  0.001405117  0.001406573  0.000000000  0.000000000  0.000000000
314.940260794  0.004767419  0.000136073  0.000140837  0.000151104  0.000131646  0.001409370  0.001400754  0.001397635  0.000000000  0.000000000  0.000000000
315.828667736  0.004753988  0.000136516  0.000145352  0.000146703  0.000125881  0.001402095  0.001401525  0.001395916  0.000000000  0.000000000  0.000000000
316.717074677  0.004764484  0.000138352  0.000146306  0.000145121  0.000127041  0.001403303  0.001413302  0.001391058  0.000000000  0.000000000  0.000000000
317.605481619  0.004761905  0.000144773  0.000140130  0.000144538  0.000131156  0.001404039  0.001390324  0.001406945  0.000000000  0.000000000  0.000000000
318.493888560  0.004767843  0.000145378  0.000134994  0.000144411  0.000135220  0.001403708  0.001398189  0.001405942  0.000000000  0.000000000  0.000000000
319.382295502  0.004776243  0.000136752  0.000137969  0.000141266  0.000136749  0.001403929  0.001412938  0.001406639  0.000000000  0.000000000  0.000000000
320.270702444  0.004748844  0.000136485  0.000136569  0.000139377  0.000134454  0.001399849  0.001401061  0.001401049  0.000000000  0.000000000  0.000000000
321.159109385  0.004738394  0.000136841  0.000134243  0.000140017  0.000131525  0.001393983  0.001405674  0.001396110  0.000000000  0.000000000  0.000000000
322.047516327  0.004759424  0.000136869  0.000140476  0.000143436  0.000131933  0.001402352  0.001402321  0.001402037  0.000000000  0.000000000  0.000000000
322.935923268  0.004776589  0.000136614  0.000139468  0.000141106  0.000135363  0.001414612  0.001399652  0.001409775  0.000000000  0.000000000  0.000000000
323.824330210  0.004775208  0.000129899  0.000141080  0.000139609  0.000135807  0.001414819  0.001405095  0.001408900  0.000000000  0.000000000  0.000000000
324.712737152  0.004793360  0.000137328  0.000140998  0.000137570  0.000137831  0.001431706  0.001410551  0.001397377  0.000000000  0.000000000  0.000000000
325.601144093  0.004794678  0.000132954  0.000137344  0.000141598  0.000135420  0.001434385  0.001416029  0.001396948  0.000000000  0.000000000  0.000000000
326.489551035  0.004780202  0.000125735  0.000136804  0.000136214  0.000134128  0.001418318  0.001423916  0.001405087  0.000000000  0.000000000  0.000000000
327.377957976  0.004778940  0.000120304  0.000134609  0.000131693  0.000130919  0.001415371  0.001421928  0.001424114  0.000000000  0.000000000  0.000000000
328.266364918  0.004771049  0.000121198  0.000131802  0.000128669  0.000129621  0.001411039  0.001420296  0.001428425  0.000000000  0.000000000  0.000000000
329.154771860  0.004781293  0.000123843  0.000128356  0.000127245  0.000130892  0.001414944  0.001428624  0.001427388  0.000000000  0.000000000  0.000000000
330.043178801  0.004829590  0.000127701  0.000128089  0.000128827  0.000135868  0.001431758  0.001440181  0.001437167  0.000000000  0.000000000  0.000000000
330.931585743  0.004839539  0.000135973  0.000128039  0.000124169  0.000134339  0.001444499  0.001435999  0.001436522  0.000000000  0.000000000  0.000000000
331.819992684  0.004840206  0.000144439  0.000129500  0.000120402  0.000129107  0.001449535  0.001426819  0.001440404  0.000000000  0.000000000  0.000000000
332.708399626  0.004790082  0.000132123  0.000126275  0.000120167  0.000124973  0.001434697  0.001424542  0.001427304  0.000000000  0.000000000  0.000000000
333.596806567  0.004740935  0.000125366  0.000120531  0.000115496  0.000122458  0.001426197  0.001410873  0.001420015  0.000000000  0.000000000  0.000000000
334.485213509  0.004761912  0.000124254  0.000121448  0.000117763  0.000118300  0.001416027  0.001419592  0.001444527  0.000000000  0.000000000  0.000000000
335.373620451  0.004781190  0.000119194  0.000112767  0.000115232  0.000123362  0.001405593  0.001437274  0.001467767  0.000000000  0.000000000  0.000000000
336.262027392  0.004850657  0.000131752  0.000106396  0.000111474  0.000114729  0.001419325  0.001471791  0.001495190  0.000000000  0.000000000  0.000000000
337.150434334  0.004978451  0.000136963  0.000102536  0.000113664  0.000106369  0.001461261  0.001524007  0.001533651  0.000000000  0.000000000  0.000000000
338.038841275  0.005040225  0.000136092  0.000103864  0.000113555  0.000101468  0.001502861  0.001543652  0.001538734  0.000000000  0.000000000  0.000000000
338.927248217  0.004988065  0.000116100  0.000103734  0.000108959  0.000095747  0.001530612  0.001529561  0.001503352  0.000000000  0.000000000  0.000000000
339.815655159  0.004867955  0.000100504  0.000102389  0.000104572  0.000093706  0.001524134  0.001461803  0.001480847  0.000000000  0.000000000  0.000000000
340.704062100  0.004700286  0.000090290  0.000098439  0.000099505  0.000089384  0.001475078  0.001395714  0.001451877  0.000000000  0.000000000  0.000000000
341.592469042  0.004635721  0.000092734  0.000095875  0.000100452  0.000095578  0.001412983  0.001394742  0.001443357  0.000000000  0.000000000  0.000000000
342.480875983  0.004724087  0.000114872  0.000102985  0.000104945  0.000106271  0.001390962  0.001451427  0.001452625  0.000000000  0.000000000  0.000000000
343.369282925  0.004988706  0.000138177  0.000108505  0.000112867  0.000114488  0.001432584  0.001553094  0.001528991  0.000000000  0.000000000  0.000000000
344.257689867  0.005327824  0.000138355  0.000107993  0.000121813  0.000125438  0.001528022  0.001677656  0.001628547  0.000000000  0.000000000  0.000000000
345.146096808  0.005403301  0.000123108  0.000108527  0.000128471  0.000121950  0.001607293  0.001669374  0.001644576  0.000000000  0.000000000  0.000000000
346.034503750  0.005074463  0.000106826  0.000115709  0.000125781  0.000109167  0.001607518  0.001492425  0.001517037  0.000000000  0.000000000  0.000000000
346.922910691  0.004559637  0.000090143  0.000117292  0.000119637  0.000090131  0.001503456  0.001273671  0.001365307  0.000000000  0.000000000  0.000000000
347.811317633  0.004179564  0.000076620  0.000109502  0.000107728  0.000074803  0.001386235  0.001177739  0.001246938  0.000000000  0.000000000  0.000000000
348.699724575  0.004113212  0.000078417  0.000111809  0.000092071  0.000075252  0.001297422  0.001265082  0.001193158  0.000000000  0.000000000  0.000000000
349.588131516  0.004541011  0.000094979  0.000136902  0.000087776  0.000098331  0.001334339  0.001494224  0.001294459  0.000000000  0.000000000  0.000000000
350.476538458  0.005632667  0.000125831  0.000166473  0.000091598  0.000139458  0.001572130  0.001846664  0.001690515  0.000000000  0.000000000  0.000000000
351.364945399  0.006767915  0.000119660  0.000144853  0.000107740  0.000148189  0.001975054  0.002171923  0.002100496  0.000000000  0.000000000  0.000000000
352.253352341  0.006214460  0.000082435  0.000094906  0.000103060  0.000114886  0.002012742  0.001884850  0.001921581  0.000000000  0.000000000  0.000000000
353.141759282  0.004726662  0.000057197  0.000063270  0.000084081  0.000091505  0.001600613  0.001396009  0.001433988  0.000000000  0.000000000  0.000000000
354.030166224  0.003694576  0.000037029  0.000034390  0.000063243  0.000081365  0.001179296  0.001146612  0.001152641  0.000000000  0.000000000  0.000000000
354.918573166  0.003064781  0.000029102  0.000024934  0.000051395  0.000066462  0.000949792  0.000992910  0.000950184  0.000000000  0.000000000  0.000000000
355.806980107  0.002610995  0.000023097  0.000021269  0.000038080  0.000045243  0.000816715  0.000820211  0.000846380  0.000000000  0.000000000  0.000000000
356.695387049  0.005887907  0.000020293  0.000020033  0.000027570  0.000027858  0.000732792  0.000665853  0.000758815  0.000000000  0.003634692  0.000000000
357.583793990  0.010348252  0.000014058  0.000019251  0.000020287  0.000021980  0.000660929  0.000587638  0.000598232  0.000000000  0.008425877  0.000000000
358.472200932  0.010061586  0.000010592  0.000021030  0.000017051  0.000019968  0.000597277  0.000593165  0.000541839  0.000000000  0.008260664  0.000000000
359.360607874  0.008763463  0.000016259  0.000018856  0.000015166  0.000020558  0.000565211  0.000613030  0.000575424  0.000000000  0.006938958  0.000000000
360.249014815  0.009120486  0.000071974  0.000016972  0.000012405  0.000020320  0.000555246  0.000564847  0.000609337  0.000000000  0.007269384  0.000000000
361.137421757  0.009586899  0.000090744  0.000016765  0.000011695  0.000017427  0.000555185  0.000512222  0.000617837  0.000000000  0.007765024  0.000000000
362.025828698  0.010275673  0.000014003  0.000015054  0.000012426  0.000018038  0.000537693  0.000508736  0.000578633  0.000000000  0.008591090  0.000000000
362.914235640  0.008342281  0.000012283  0.000013483  0.000013728  0.000019859  0.000526690  0.000572797  0.000574908  0.000000000  0.006608531  0.000000000
363.802642582  0.010999789  0.000020361  0.000014039  0.000017292  0.000023719  0.000544083  0.000650801  0.000642764  0.000000000  0.009086730  0.000000000
364.691049523  0.007952682  0.000027865  0.000015693  0.000018817  0.000029877  0.000566185  0.000596455  0.000584898  0.000000000  0.006112891  0.000000000
365.579456465  0.007858955  0.000033980  0.000017035  0.000021880  0.000029133  0.000595859  0.000539267  0.000508910  0.000000000  0.006112891  0.000000000
366.467863406  0.009729977  0.000105707  0.000022681  0.000028159  0.000033643  0.000563924  0.000525747  0.000519878  0.000000000  0.007930237  0.000000000
367.356270348  0.009557744  0.000097920  0.000032434  0.000033588  0.000071514  0.000634607  0.000547627  0.000540243  0.000000000  0.007599811  0.000000000
368.244677290  0.009245571  0.000033124  0.000041328  0.000041061  0.000340155  0.000670741  0.000641388  0.000538816  0.000000000  0.006938958  0.000000000
369.133084231  0.008473175  0.000028139  0.000047965  0.000185278  0.000062906  0.000647367  0.000619120  0.000604295  0.000000000  0.006278105  0.000000000
370.021491173  0.007355520  0.000020382  0.000050598  0.000056552  0.000041903  0.000611724  0.000640723  0.000646813  0.000000000  0.005286825  0.000000000
370.909898114  0.009616423  0.000019604  0.000215454  0.000050065  0.000040856  0.000588078  0.000616269  0.000651500  0.000000000  0.007434598  0.000000000
371.798305056  0.008733564  0.000035548  0.000052212  0.000060922  0.000059477  0.000566456  0.000621797  0.000728620  0.000000000  0.006608531  0.000000000
372.686711998  0.008114415  0.000070374  0.000101239  0.000066185  0.000086544  0.000574069  0.000639954  0.000628373  0.000000000  0.005947678  0.000000000
373.575118939  0.008624402  0.000088216  0.000219985  0.000070388  0.000100220  0.000598886  0.000613991  0.000489399  0.000000000  0.006443318  0.000000000
374.463525881  0.009734890  0.000086947  0.000072140  0.000078527  0.000086048  0.000573433  0.000466110  0.000441449  0.000000000  0.007930237  0.000000000
375.351932822  0.009476384  0.000074100  0.000075852  0.000073015  0.000065399  0.000515236  0.000475370  0.000432388  0.000000000  0.007765024  0.000000000
376.240339764  0.006855114  0.000066393  0.000070358  0.000060369  0.000051720  0.000481484  0.000419683  0.000418283  0.000000000  0.005286825  0.000000000
377.128746705  0.009850150  0.000074152  0.000068517  0.000073649  0.000043917  0.000467329  0.000417998  0.000443924  0.000000000  0.008260664  0.000000000
378.017153647  0.006104743  0.000088918  0.000084527  0.000197532  0.000047267  0.000474275  0.000453614  0.000463065  0.000000000  0.004295545  0.000000000
378.905560589  0.009842235  0.000087233  0.000087663  0.000079149  0.000063229  0.000600676  0.000512783  0.000481266  0.000000000  0.007930237  0.000000000
379.793967530  0.009026211  0.000064632  0.000072880  0.000107939  0.000080917  0.000478449  0.000691441  0.000590995  0.000000000  0.006938958  0.000000000
380.682374472  0.008807769  0.000100052  0.000081135  0.000100921  0.000098702  0.000464409  0.000559487  0.000629318  0.000000000  0.006773744  0.000000000
381.570781413  0.009554706  0.000157869  0.000081919  0.000098869  0.000117479  0.000439303  0.000527449  0.000697221  0.000000000  0.007434598  0.000000000
382.459188355  0.007666707  0.000158456  0.000069533  0.000100054  0.000107771  0.000422988  0.000490516  0.000534925  0.000000000  0.005782465  0.000000000
383.347595297  0.009685454  0.000114339  0.000053870  0.000094497  0.000110897  0.000441752  0.000431516  0.000508346  0.000000000  0.007930237  0.000000000
384.236002238  0.007215760  0.000094357  0.000056376  0.000090244  0.000109745  0.000406602  0.000390677  0.000450507  0.000000000  0.005617251  0.000000000
385.124409180  0.009445010  0.000115829  0.000077233  0.000092651  0.000097623  0.000342072  0.000321375  0.000302776  0.000000000  0.008095451  0.000000000
386.012816121  0.011273040  0.000210370  0.000117913  0.000098696  0.000098776  0.000305194  0.000287330  0.000241965  0.000000000  0.009912797  0.000000000
386.901223063  0.007818488  0.000186789  0.000148140  0.000103356  0.000104779  0.000292049  0.000297687  0.000242370  0.000000000  0.006443318  0.000000000
387.789630005  0.011810218  0.000134440  0.000185517  0.000119401  0.000105655  0.000322915  0.000257315  0.000276537  0.000000000  0.010408437  0.000000000
388.678036946  0.008690858  0.000120427  0.000207814  0.000143853  0.000109947  0.000389241  0.000294174  0.000321231  0.000000000  0.007104171  0.000000000
389.566443888  0.007328357  0.000090688  0.000179684  0.000161000  0.000112316  0.000385154  0.000391878  0.000390386  0.000000000  0.005617251  0.000000000
390.454850829  0.008224118  0.000098079  0.000142079  0.000165805  0.000103251  0.000384889  0.000457703  0.000428994  0.000000000  0.006443318  0.000000000
391.343257771  0.008570138  0.000145945  0.000114859  0.000150613  0.000082428  0.000469705  0.000517731  0.000480326  0.000000000  0.006608531  0.000000000
392.231664713  0.006190654  0.000022758  0.000099079  0.000144244  0.000074633  0.000540359  0.000491206  0.000522830  0.000000000  0.004295545  0.000000000
393.120071654  0.007296897  0.000029132  0.000128620  0.000126747  0.000095236  0.000487405  0.000381784  0.000430721  0.000000000  0.005617251  0.000000000
394.008478596  0.007220800  0.000040277  0.000137125  0.000097926  0.000095731  0.000430491  0.000451004  0.000350995  0.000000000  0.005617251  0.000000000
394.896885537  0.007804309  0.000052914  0.000045951  0.000067353  0.000074385  0.000439879  0.000447654  0.000398069  0.000000000  0.006278105  0.000000000
395.785292479  0.007512642  0.000074813  0.000033857  0.000065444  0.000097807  0.000448831  0.000408654  0.000435558  0.000000000  0.005947678  0.000000000
396.673699420  0.007322076  0.000113699  0.000051647  0.000075017  0.000174760  0.000409166  0.000439040  0.000441496  0.000000000  0.005617251  0.000000000
397.562106362  0.006862702  0.000164688  0.000072117  0.000069782  0.000196981  0.000402140  0.000436309  0.000399074  0.000000000  0.005121612  0.000000000
398.450513304  0.006347450  0.000142584  0.000064176  0.000060696  0.000170432  0.000426021  0.000433267  0.000424302  0.000000000  0.004625972  0.000000000
399.338920245  0.005437085  0.000179325  0.000067058  0.000071822  0.000114410  0.000407178  0.000441601  0.000520998  0.000000000  0.003634692  0.000000000
400.227327187  0.008363610  0.000128567  0.000120888  0.000081793  0.000110493  0.000371956  0.000401463  0.000539919  0.000000000  0.006608531  0.000000000
401.115734128  0.007669492  0.000140114  0.000166839  0.000089962  0.000124862  0.000341177  0.000419386  0.000439475  0.000000000  0.005947678  0.000000000
402.004141070  0.006336095  0.000225754  0.000179250  0.000098774  0.000220543  0.000356314  0.000430883  0.000363818  0.000000000  0.004460759  0.000000000
402.892548012  0.006761143  0.000224240  0.000178514  0.000096367  0.000289628  0.000400231  0.000398828  0.000382151  0.000000000  0.004791185  0.000000000
403.780954953  0.006516228  0.000165036  0.000113846  0.000104445  0.000208347  0.000459762  0.000418452  0.000420368  0.000000000  0.004625972  0.000000000
404.669361895  0.008767881  0.000092755  0.000097109  0.000154495  0.000138050  0.000529859  0.000409019  0.000407637  0.000000000  0.006938958  0.000000000
405.557768836  0.008776318  0.000079888  0.000141638  0.000174598  0.000100483  0.000477810  0.000413263  0.000449681  0.000000000  0.006938958  0.000000000
406.446175778  0.006931041  0.000090552  0.000207766  0.000166567  0.000074644  0.000421612  0.000440443  0.000407846  0.000000000  0.005121612  0.000000000
407.334582720  0.007665490  0.000109490  0.000235858  0.000194081  0.000067995  0.000442405  0.000454008  0.000379188  0.000000000  0.005782465  0.000000000
408.222989661  0.006163544  0.000122385  0.000228824  0.000222333  0.000114619  0.000426975  0.000489440  0.000428637  0.000000000  0.004130332  0.000000000
409.111396603  0.007387015  0.000120571  0.000167057  0.000225684  0.000139575  0.000425193  0.000489269  0.000532840  0.000000000  0.005286825  0.000000000
409.999803544  0.007832934  0.000156036  0.000114610  0.000219303  0.000121244  0.000462971  0.000483588  0.000492717  0.000000000  0.005782465  0.000000000
410.888210486  0.007149802  0.000246766  0.000145542  0.000238513  0.000143849  0.000399749  0.000347475  0.000341084  0.000000000  0.005286825  0.000000000
411.776617428  0.007533327  0.000322119  0.000167977  0.000284597  0.000158137  0.000303510  0.000250426  0.000264097  0.000000000  0.005782465  0.000000000
412.665024369  0.005986216  0.000342033  0.000119406  0.000209958  0.000120452  0.000273299  0.000222761  0.000237548  0.000000000  0.004460759  0.000000000
413.553431311  0.008177108  0.000231376  0.000134204  0.000153256  0.000149001  0.000279729  0.000224135  0.000231663  0.000000000  0.006773744  0.000000000
414.441838252  0.007351036  0.000126592  0.000204443  0.000138406  0.000165168  0.000268668  0.000271430  0.000228649  0.000000000  0.005947678  0.000000000
415.330245194  0.006401202  0.000083004  0.000227689  0.000150552  0.000152909  0.000238600  0.000335249  0.000256800  0.000000000  0.004956398  0.000000000
416.218652135  0.009221980  0.000088667  0.000234772  0.000163430  0.000145867  0.000273348  0.000284679  0.000266192  0.000000000  0.007765024  0.000000000
417.107059077  0.008145463  0.000087563  0.000164997  0.000195270  0.000166863  0.000289227  0.000209012  0.000258787  0.000000000  0.006773744  0.000000000
417.995466019  0.009150808  0.000057572  0.000122310  0.000182655  0.000209132  0.000269760  0.000201455  0.000177686  0.000000000  0.007930237  0.000000000
418.883872960  0.007512870  0.000068367  0.000158352  0.000154074  0.000254176  0.000184698  0.000232088  0.000183009  0.000000000  0.006278105  0.000000000
419.772279902  0.006261574  0.000103250  0.000205544  0.000181963  0.000221159  0.000133739  0.000168572  0.000290949  0.000000000  0.004956398  0.000000000
420.660686843  0.007431440  0.000122132  0.000179141  0.000197124  0.000244835  0.000143716  0.000153537  0.000278064  0.000000000  0.006112891  0.000000000
421.549093785  0.007491371  0.000160959  0.000109021  0.000134842  0.000157925  0.000161464  0.000241153  0.000247902  0.000000000  0.006278105  0.000000000
422.437500727  0.008369703  0.000230242  0.000049323  0.000109631  0.000085300  0.000193257  0.000305416  0.000292363  0.000000000  0.007104171  0.000000000
423.325907668  0.008091085  0.000320350  0.000102779  0.000153796  0.000107121  0.000256267  0.000259599  0.000282641  0.000000000  0.006608531  0.000000000
424.214314610  0.009259010  0.000454391  0.000185745  0.000114280  0.000055903  0.000281158  0.000252555  0.000315166  0.000000000  0.007599811  0.000000000
425.102721551  0.007416204  0.000309967  0.000118536  0.000070416  0.000040427  0.000251780  0.000230513  0.000281674  0.000000000  0.006112891  0.000000000
425.991128493  0.009309782  0.000186530  0.000075077  0.000228647  0.000036264  0.000196704  0.000259753  0.000231357  0.000000000  0.008095451  0.000000000
426.879535435  0.009578964  0.000171274  0.000064524  0.000076031  0.000032738  0.000213617  0.000247704  0.000181985  0.000000000  0.008591090  0.000000000
427.767942376  0.007829072  0.000121996  0.000085384  0.000081370  0.000037310  0.000229439  0.000165509  0.000169105  0.000000000  0.006938958  0.000000000
428.656349318  0.009148487  0.000062666  0.000192419  0.000092150  0.000076186  0.000162831  0.000151678  0.000149892  0.000000000  0.008260664  0.000000000
429.544756259  0.010419441  0.000026562  0.000149220  0.000099439  0.000146726  0.000153875  0.000135778  0.000125471  0.000000000  0.009582370  0.000000000
430.433163201  0.010602295  0.000016702  0.000208203  0.000167602  0.000162639  0.000157427  0.000163320  0.000144033  0.000000000  0.009582370  0.000000000
431.321570143  0.009104968  0.000017538  0.000267057  0.000228500  0.000169810  0.000188734  0.000125048  0.000178042  0.000000000  0.007930237  0.000000000
432.209977084  0.008214045  0.000028592  0.000096491  0.000163084  0.000073697  0.000137589  0.000114717  0.000165278  0.000000000  0.007434598  0.000000000
433.098384026  0.010249181  0.000047075  0.000078150  0.000096214  0.000061203  0.000123866  0.000140631  0.000119673  0.000000000  0.009582370  0.000000000
433.986790967  0.008499812  0.000064555  0.000054456  0.000036480  0.000092266  0.000155341  0.000196891  0.000134799  0.000000000  0.007765024  0.000000000
434.875197909  0.010708399  0.000065814  0.000109108  0.000019579  0.000343720  0.000204742  0.000261348  0.000121718  0.000000000  0.009582370  0.000000000
435.763604850  0.011699454  0.000087935  0.000184053  0.000016928  0.000214784  0.000314286  0.000301567  0.000171465  0.000000000  0.010408437  0.000000000
436.652011792  0.010729986  0.000079712  0.000027166  0.000010196  0.000188872  0.000365870  0.000339325  0.000466901  0.000000000  0.009251944  0.000000000
437.540418734  0.010406967  0.000000000  0.000000000  0.000166068  0.000000028  0.000676399  0.000349610  0.000293345  0.000000000  0.008921517  0.000000000
438.428825675  0.007948427  0.000000000  0.000000000  0.000000820  0.000000000  0.000008959  0.000164962  0.000173875  0.000000000  0.007599811  0.000000000
439.317232617  0.000000000  0.000000000  0.000000000  0.000000000  0.000000000  0.000000000  0.000000000  0.000000000  0.000000000  0.000000000  0.000000000
440.205639558  0.000000000  0.000000000  0.000000000  0.000000000  0.000000000  0.000000000  0.000000000  0.000000000  0.000000000  0.000000000  0.000000000
441.094046500  0.000000000  0.000000000  0.000000000  0.000000000  0.000000000  0.000000000  0.000000000  0.000000000  0.000000000  0.000000000  0.000000000
441.982453442  0.033042656  0.000000000  0.000000000  0.000000000  0.000000000  0.000000000  0.000000000  0.000000000  0.000000000  0.000000000  0.033042656
442.870860383  0.000000000  0.000000000  0.000000000  0.000000000  0.000000000  0.000000000  0.000000000  0.000000000  0.000000000  0.000000000  0.000000000
443.759267325  0.000000000  0.000000000  0.000000000  0.000000000  0.000000000  0.000000000  0.000000000  0.000000000  0.000000000  0.000000000  0.000000000
